PocketMine-MP Crash Dump Fri May 21 00:08:48 WIB 2021

Error: Namespace declaration statement has to be the very first statement or after any declare call in the script
File: plugins/buydetuUI_v1/src/FurryJaki1992/MuaTuNhanUI/Main
Line: 3
Type: E_COMPILE_ERROR

THIS CRASH WAS CAUSED BY A PLUGIN

Code:
[1] ﻿<?php
[2] 
[3] namespace FurryJaki1992\MuaTuNhanUI;
[4] 
[5] use pocketmine\Server;
[6] use pocketmine\plugin\PluginBase;
[7] use pocketmine\event\Listener;
[8] 
[9] use pocketmine\command\Command;
[10] use pocketmine\command\CommandSender;
[11] use pocketmine\{command\ConsoleCommandSender, Player, utils\TextFormat};
[12] 
[13] use jojoe77777\FormAPI;

Backtrace:

PocketMine-MP version: 3.19.2 [Protocol 431]
Git commit: 813d43120887682e5150799c39f0442978b23f4e
uname -a: Windows NT DESKTOP-KF1VXGB 6.3 build 9600 (Windows Server 2012 R2 Standard Edition) AMD64
PHP Version: 7.3.21
Zend version: 3.3.21
OS : WINNT, win
Composer libraries: 
- adhocore/json-comment 1.1.2@fc2f76979f0a44a5f5bc2a2b600d0762fe0e78e7
- daverandom/callback-validator unknown@unknown
- pocketmine/binaryutils 0.1.13@0abee38d4e2861621f262c79a2a3d699d8a697f4
- pocketmine/callback-validator 1.0.3@64787469766bcaa7e5885242e85c23c25e8c55a2
- pocketmine/classloader 0.1.2@9757928424652393b178a3760073113aa7c9911b
- pocketmine/log 0.2.1@830b44a2cf96ef703c550abe64302f230231ca49
- pocketmine/log-pthreads 0.1.3@e477ecf6ec214fdd4415ea1da3fdd9d73bf699ea
- pocketmine/math 0.2.6@43057cb8c179a9859677b496a788db922fd5cfc3
- pocketmine/nbt 0.2.18@9f82ca4d7f97fcd9a566e44b63c4f18a7657ae82
- pocketmine/pocketmine-mp 3.19.2@813d43120887682e5150799c39f0442978b23f4e
- pocketmine/raklib 0.12.11@9cce458b8bfde3e4dfdbf70c659fc7b7fe26b5c4
- pocketmine/snooze 0.1.5@70b5e7937a06878dd321a3182ceb76d56298f2cd
- pocketmine/spl 0.4.2@6b08b7cf8c4afa17139c9a1b3bf1b408531de161

Loaded plugins:
Broadcaster 1.5 by EvolSoft for API(s) 3.0.0
WorldProtect 2.3.8 by aliuly for API(s) 3.0.0
Netherite 1.2.1 by Wertzui123 for API(s) 3.0.0
BuilderTools 1.2.0-beta2 by CzechPMDevs, VixikCZ for API(s) 3.0.0
FactionsPro 1.3.20 by Tethered_ for API(s) 3.0.0
Worlds 3.0.7 by survanetwork for API(s) 3.0.0
BlocksConverter 2.1.1 by matcracker for API(s) 3.0.0
PersonaToSkin 0.0.1 by XenialDan, DenielWorld for API(s) 3.11.0
PM-Beacons 2.0.0 by jasonwynn10 for API(s) 3.0.0
DEVirion 1.2.7 by poggit, SOFe for API(s) 3.0.0
ec 1 by McLebt for API(s) 3.8.1
AutoSell 1 by phuongaz for API(s) 3.8.2
CustomAlerts 2.1 by EvolSoft for API(s) 3.0.0
MapImageEngine 1.1.3 by FaigerSYS for API(s) 3.0.0
KeepInventory 1.0 by KhoaGamingPro for API(s) 3.0.0
EconomyAPI 5.7.2 by onebone for API(s) 3.0.0
TimeCommander 1.0.2 by TheDeibo for API(s) 3.0.2
HideCommands 1.0.7 by Himbeer for API(s) 3.6.0
MultiWorld 1.5.2 by CzechPMDevs, VixikCZ, fuyutsuki, kaliiks for API(s) 3.0.0
FormAPI 1.3.0 by jojoe77777 for API(s) 3.2.0
DevTools 1.14.1 by PocketMine Team for API(s) 3.13.0
AutoXP 1.1.0 by JackMD for API(s) 3.0.0
MoneyUI 1 by TuiDepTraii for API(s) 3.0.0
BlazinFly 1.8.7 by iiFlamiinBlaze for API(s) 3.0.0
VanillaEnchantments 4.0.0 by TheAz928 for API(s) 3.0.0, 3.1.0
Farms 1.0-non-alpha by Dấu Tên for API(s) 3.0.0, 4.0.0
NoTP 1.0.7 by awzaw for API(s) 3.0.0
Slapper 1.6.1 by jojoe77777 for API(s) 3.13.0
MCPEToDiscord 1.4.1 by JaxkDev for API(s) 3.0.0
Sponges 1.0.0 by  for API(s) 3.0.0
InvSee 1.0.0 by BlockHorizons for API(s) 3.0.0
ExtendedBlocks 1.1.2 by Javier Leon9966 for API(s) 3.14.0
PointAPI 1.0.3 by onebone | Fixed and Update by LamPocketVN for API(s) 3.9.0
PM-ShulkerBoxes 1.0.1 by ipad54 for API(s) 3.0.0
InvCrashFix 0.0.1 by  for API(s) 3.14.0
BangHoiUI 1 by JVN | JackVnKiller for API(s) 3.0.0
SocialSpy 2.1.0 by Crafter20162017 for API(s) 3.0.0, 4.0.0
PiggyCustomEnchants 2.4.0 by DaPigGuy for API(s) 3.19.0
Trident 1.0.0 by brokiem for API(s) 3.15.0
MaxEnchants 1.2.1 by Xenophilicy for API(s) 3.0.0
AuctionHouse 1.2.4 by Shock95x for API(s) 3.0.0
AutoInv 0.0.10 by JackNoordhuis for API(s) 3.0.0
KygekRanksUI 1.3.0 by Kygekraqmak for API(s) 3.0.0
TPAll 1.2 by matymare for API(s) 3.0.0
PurePerms 1.4.2-c2a by 64FF00 & ProjectInfinity for API(s) 3.0.0
MSpawns 2.2 by EvolSoft for API(s) 3.0.0
OnlineTime 1.3 by Zedstar16 for API(s) 3.0.0
SETVIP 2.3 by MCPEVN TEAM for API(s) 3.0.0
WorldLoader 1.0.0 by JackMD for API(s) 3.0.0
PiggyShopUI 2.1.1 by DaPigGuy for API(s) 3.2.0
BetterVoting 2.0.2 by Twisted for API(s) 3.0.0
PureChat 1.4.11 by 64FF00 for API(s) 3.0.0
SlapperRotation 1.2.1 by jojoe77777 for API(s) 3.0.0

----------------------REPORT THE DATA BELOW THIS LINE-----------------------

===BEGIN CRASH DUMP===
eNrNPIly20aWv9JFT+0kuyRFgDez3rWsI1ZiWVyTPnYGW64G0CA7whUcpOjZ/Pu+97pxSrFli1O1
qSQiGt2v330BjX90vCgJePZpJ5JURmFnMep2MhmIzsKYmMZ4OBibs/54MJnNu508VnfM/nw6H46N
+Xw6nI5Hs9mw2xFJEiWdxT862SGGKZ2LT2c318ur1xefLt6+vXnb6XYCkaZ8g/fecPgdc0cwVzg+
T3gGO7M045kIRJixLU9ZFjFbsGwrGGB2YJ5M0qw2JUoY9zIB/w8PGopgDvd9JkNalTqJjDPY1pM+
7hn7+UaG6YmdH1yR5e+uPu2MkzRxTi7zJDn8wm8lkGOeXOd8nb/Z8vDd1ck1lyEA8GUIAIZ/dDWM
TzLcRf6O8ADArkyEgxs5kSuQAQYMWrknPO/f/zPexnDHhBH4M4Q/YUl6Y1/Lqm38E8wdqSVj+JOn
gsWRcyuyADCxrJVIgCU4afLAXYWjZS3p70ueCpw5fWCm2AEBlvVappkIFcCZ2nX+wGwnCgIeupZ1
pn7gdGPwiIkrEboKumE8MP0ftflhGvmisazLlj4/4N88k35qWWtxl12Sxv5BIDVrjaEG/Vv0WySm
+I9l4bzTJbATRJclwPPO4u//0+1skFruo6hQGrBwSfhcAz696yVAs4FrlUF0hn1j3jdxPJe+C4Yx
G067HZl+csWus/C4nwrQjSTKIicCsKOhAZtI1I2ZMXTh0hzMZtPJzBRjYzyYzufOcO4NRiNzPp3Z
5tAbCYCda1w+yNCN9il7s2bnF6tf1zfL3q+XxvuPP79kk/6QEQpsPhkM2A/FVKUQzBwYJntrslUG
7OOJyy5ciYb1Izu9Pp+MYA/UxkVn2h/2TQMuPwOLiTx9Dbc/RSnicPXmzRoG6GJPRgBSiqNUJJ98
aSc8kSJF/nF3CzQn4uS3NAp7KEllE0bf6JsvPMf0phNwFd6Aj0Z87I1tx+SmDci7g+nE9MRATGdi
CuBdDhQA2lFwgkZsc+e2t+O+dHmGXgW4cxtG+/CF/ovIljp0YsuQJwdSEJg6gL2N4YsBt4UYztyR
MGcTdGWeOTGd6ZybfOhO5nN3xgE1b9QE9eDmRn/QH76YjKaz6QjWTCa2w/lUjGezsTkyxWzsmEPH
HIuZMx5zswXQ52nqRxx0WeNmvphPx9O5ORuZo8nYHM6HtjGd8eEU2DIdGsYQYDvzuWHYTUh+tCEI
Zt94MRsObOCo6XjzifCmgyHsjARPRsOB6Znwv6Hh8NH8HoRenG0Twd2CUcMXYjSdCsebCMc0Rp7r
jkbGWHDD5UO4mLvToe0BtwRvggL722psJi9g0/HUsWeOAeydz8bzyXRqj+YTPp3NXHtump47djxn
2AQR2llBz+zF3JuZgLA79UAmjjvn48lEjEb2ZOiMPGPGp5PxlItZi7nVz14Ql4b64husrgYs4beg
24ovgJPxYu44YjSe2TPbc8VQjFzPtYHXzmQ895ypPfWEObHHTkuD0jCKPgvN3vGL6cAeCwiWUw4h
dDpz3aFp8KEB1Ap7OnHHE3M+80zHbQGJfYIwAmom9mBmTx1v5oy4x42pMZw7c27YIBjDHg1m46Hh
CmNidP4oIxTZ5ssEtM7h4NyTmqurj3Y7lY8DXOGa59k2SmD53zsXEONWkZd1wGPyWOLQEOxggNci
5LYvwHdkSQ6uzxUxeJJUedcU1pzXBwKMoo2NLauJBZoHzFitT9+u36H/3Qs7lRmiu82yOF2cnOz3
+74AjBB6P7tFj/4hSnx3CV4Xo29FYGO4TqEJbm7WpBFsPPcPx6JQQbOsPWIQKwwgrusk4us0QsjY
5nYfvChkITLxpPDduooXGUyWCDRAZN5Jg1pgyhsBuU9CcEuOVGNNgYOSN9nxQSTZ51wa5vCLLNEB
71E8qUBaVolHmynLm9X6w83b1+dfY0sF7aQiCqh+iUFRJOso8tO6rteH27QPerbIyFvXOHD2WTjb
5fW52OGC9/JO3p797WjMcBB6HEDWAImMrZDLEDkwiCaq38qYGt4nDVDAnEvuYBaQgpbUeFMfbbIG
koFBkytr4rVwPz2RE53TMJOrmAe4acWWGiqQs6mLxyhI6QTStvk3pY2oTpsUpXmy46HIwFRvjyZe
AqrNH0RaYvIoYWrj7hOQPqB28kwBIv32wQukkB8DUS133rrTdHhG28IhbDuQCN/CzGNRXYEELW5i
A7WFSnweIcgloB2FfB2tbhFslZo3xuvkAdJt8j6KUHL/nOPEc/gtfBJCg1bDeAKxd7SBy7G+qiP2
TZRe914K7kRhXW1rg00RomgaNP7GYdv9IQyNwdFkWIMJjonwAGGW+HyVpPOL9zIhjEuCyqG2321Z
YhxtsFTqdlY3l+JYkVgBtawdoWBZ4HH1rxpaX4jISJNwatTARYOOJg3XzmthNxOlGajm90pDgYP6
HAtgZyvS7HEBE7E+zbNoJfx6cVsOfYGCeJtH4YZ/btFgfjcNBUDLKrZ/PA1neZpFwakPPqRuIo3h
lp/756au9Z0tq4XH9yWv1zy+CvhGXIQb6i6VVLZuNK0HgnOT0ksuNyJZ/ffqaK6ghIjyqqPSvn6M
JH8VIr4Ksc0UJYcakc3xJo0td/frNuI/c8h/NzppOAqVDaiW1cDn8Yp6Af4xCg6ny6sabbXBOmHj
/rTfSjajUNjw39GI0vDAcSgUAKhlNdD5KkVrGRT9t0aa0RxvCaxN13orzoW029Iyv9f8Gps/pqBC
Sl5Jt1hUdyKN4TYdrdD0Sga2aGVKkyfIR8OzrDoSj6yF1NJ+QOXOde5nUmU2NcdRDbbq+v6jipxu
x8sPeZbmtxJ+30IxK2/Tf07pEyCqlN1i27uG9lPKnhogLHpU67de8OiRdrHTTq/K/nGDdvMp2dX9
lnT541HZldi1K9tyqBUfRu1QWHW22VrwoJkJD78/JBYIQEZVofJtPY4KtZMShs5gPi5b+cvH5b1I
2JLbL1CCXJ8fTV8VOJW9fFx+d8NCgTnRJKDpgoM+vKvrZTHyhexsnUvAcZ1wKY9GoN728cHupc8/
y/DSPzSqz2KsKZ1Z25VKeelDuJUhrjhexGuCxfpT41P7+Rja3vNQ+j6/CJ0tDzN8hlE3tofu1ukd
3S/SIASefp6bs3uUdtHunkDxTuGCD8sS8R0KWSB28hBR1CxKgrTRJsLrVqDshVHY43685U2qz63c
EHycs7WVDwYCyvD75I+eJPBtgB0iQEn/eYxw30Trujuhy69Efr7/zPdH01KCZllhlMXf7UgURkDN
yudx3MjNipEmTZN2JPiTwHYvCHxTx0tt/d1UVTidFFSgjzxbXqyjc5k6UdLIcBrjTXLvBb5f+N0t
hJWjBgQIdmpzxOTxnnMVQyks6lZVjLTVsOlFjoU6VDaH8diy9K6PRxwWrkS9ONUDX0Zb9SRfRYn8
jO2jY1HRgGpZCpVv6btd3GXYUXFVk7JesTVvtBMNs61YOykS9lpE4Xw+mTSNafQkDUPABVyo3Bpo
PV5qy0iGWTP3LYfakhs+WJGy/2WX8k64DAoU9i52eSaYfWCveaBytvdvGlTPj1GzxogiVaw1ZL9S
4y2ve6tt7t+K5GV0J1rt1MadNt0tZyFj7o5Hx0tLCJxlpQoFO7r7Jps7S3i6BQE0Da8c/XIP/Gjq
GOS/p9hDleHOwa09efct1vaSh5tXkWykutXYF5LdX96/Af1Dd/s+/BVSlCc/qqhVfrVmSM3u3r/5
Bl8eOZL7q7ieBVdj7acvLccIIsRX1syBMYH/pkfPjpzAxbcPKCKfBe5K/X6Uz5CbzUE1NnVG2LCm
B+42SR21ST3nsOjnvPls3XiKpygggoO4j86Dg9+RkBSbnDwA7oQaZIl06RWnqjWmR74SFO0kupWi
VYCPn8APDdCyNALAgusKl69K/JrfPSDp+uhXXhb4KMIo3kpfOoejOc4aTDTJu0q8TcQe8RiEniK/
ivJUNFoJteE2faMmfastxLr5+O6p3qfRgK378VoarbeyLK4Q3CKC2HxooPuohz+wQ6t3giP3YsYD
3ZM3EWS221ymR3ys6NyGBVQkLoPQvlNNFYXV158gHDbi9i0Pb9NGJGkMf6WjR3MT/nvAj/eovwbT
surIPD6SrJenjcd06rqllPee3h8CnohjPrsngJaVxfxbHtEt80QsRbNVUI21SzOz55itVsFkdHk5
GLB/Ycsk+k042VXoyVBmx3Mln9QO4BULtGo/vyMy0Fr9AlYFBx3pKub7xrP8YqQZIs3veEb5TQ09
tSvIsNz++x5N3oT4wvuaXvQvaaoNtsytSdbfhJtmPDEmR6OrhGhZFRLf3XEooZ3UKMK87mL9/qre
JtIDrRcIW8/9z5YXkK2uL06vjydGgokv+WfvZfzoV6B0Yt56D6pM17+YmvyTWuc1DBoXj85HIQLH
Da9fH/3Ki04P5p/mE6M3PWLSI50/zUwVgo2LJ2eiCgxloC9FBjXE+yiT4aZeW9WH268QtR/Q7vHI
h/vUzOahlLviSqY2wfeJELMdYYZvFTXwfFSkOdvyrBVoaOheC9B4KMh8G5m1MPYnFBevK3a6rZco
P4qdhFRtedErp/xJPELsq19HiEYEpuoOv40yOlJ1v0tc3vlKdv8n3eKn+IUWBo9NNvCldp4AEaA2
rUeavetlP95yahCkdAamHydY8mZ0PKXzbFlesbMIMowNw8NgVmKFz1Y8Y9f8wIwxM0YLY7gwJuzf
BlNmDkwDJwRR5j6/vnnNTh3pXqU+nlCCYbVNL46S7LkxN4YmDu63gGzPB31/PsBrHoZRHjr4xjae
XepxZyuFOi+WPgfKEQ7G6J5+SRy4oRYG/E6vSZ+bNLIBwoPIFeq+FyUAtRyLPA9HgQMuHsIpruNd
rHdxpedJB7zW4Tkhqk4+ZVHSS8EMwQLT5zjsA3J+DxXluR/Z9qEaS4Vwa1PwaN/z84vL03ev1ziq
9KD3ey6Sg95SDyXgJQt88Hc/5mm6h1Lg+b/SP8AkKAJ6Kd8JvXAnxb7nAg85cO75DIfu7Oiuh0qp
p4AQNjnfiOcCPAlcN85M9A8Bnpl4xlCtmEPizvXJQpQ6A+axhu6AFrD1VqSCFdxgeIgQDw9GIahM
BkbFHBRmhkcRZej4uStcPGB4T9sQ1ioKYKWHANowU+6JLovwNeoUQTI7EfyWHaI80bCY9BgIVXqS
dgB54qlC/4CA34h9Ce7EFR4HiaZsH4V/zRjaFE8YchOyeYnnlw7qCKRMFd37rQhZHm8S7gKAvhWi
FitgCytk7NmHLb3fjScuU7Bahoco0ywh5LOEh6D84MjVbULVj2AbgUcwfZERv/AFS0cwiAGuTxwM
ELJS10JqC0beAm+k2zxzIzAAfSR0wayOPsTm+FEKUaNDmEFFFO0ZGhYgw/Qr0mwnOfsvVDmcQ7pX
HI1YMHyFgZZekB7qNdTIRhNhIDFgCkKz8dgosRLna7Utb9eQffZBAkOiEPjKXZclIlXsR7YCw29Z
IHgKPpiOpQLTbYFIA3PE7zn3kW0buYO5O+7ngv2gNwVH8yNCVzuCwQj0KT1g+2YjkgXcpr3f5IEN
XAGtOk0PobPm6S3Dl9ZBj/o04R1wi1S7oBSnbRPIUXKQHkxPu4xetWHa+MEeugxP8wEh6P+JN+Bw
cSzIQ9AgnKKAr0i8QBNoWRLdSdAwAWwAkkhzwxI55K1G6MpDXcU5qJNdJrO/AvuyhJa5Av0dqUxr
MfsBaMADnCaxhcjoaUoXBKqtq5yUI8nDEMXpooOKYhICHa1I++xc7PRvFsjNFowZey/duvFpxUGO
JEkeZ2pUMQwZEwBumi4SLhglHXJ0lUHwXSRdQPthDFBHUOciYDRoV7+maDC5pyaVmgbuH9x6clBG
+TN4YtAeDKZMjYMdBDJD2w7EhtuHDDjOVorVA2KuTBE2LV+j1PaSOE8aBUa77ylAhZKlRKEnAUXw
SHQaGMF4iRDFlkrJQVo5minbRCCoCM0UtQI32hCaPUJtwQZIBexOLlgdNPx/TwFmJ1/CH6Pr0/CH
BDlWR9KViytR0uBSBu4D4yP4vQIh3LXAyhiYI40YOYEPZBUav/SvR8CQ7IJQQo/BnByCTwjBh4k7
4eTkfCOFsrJIDFblbHHnQJaQVhQpx3Wzvliw9aurFXt9dX21ZqfL5eurixVbXrxlkOf9evG2y2AS
W9/ArAv24dXN6wu2fHtzdrFa9dsuoMEPczzR7IA8XUYUkNER0zcDnK0gl0zcKJ2tAbyHlMAl30JT
euAKhXKzBAryQ6ATHDRoE9L7Z8qmlAwyPgyAIU7TmxFkBQRcb+XIVUSiPW4whmCcpwX9+7NRF3Ru
DWKLhYPpgOIsoqvkqtaWNIB6iTitSB0ONK3pjw+jpCkfaso3PLHBMnpO5PsqFyUH9DB3ydQQHb2K
6VXguwMe5pR81DGBxCwHHfyxW8SEthIWaqjCq+cBLEVvUJlgn90on68UHrKHKPfdEhcJQWQfsgr/
VAGOCX0gdDIYaFpht0tyFveCJKmOglDS5iVRUARbtVrP6NVVsy5hpEZL8p5usAdUqqEdqyJhRJEl
sBOqoVZkNw9ilV2pFI7pGz28UcjrHCfpBYQ7oVlQAFcQ5sHY+QMMhqANgQ922IGSpWku0DFkW5Da
psg20WnhbhVW3UKQKkfQSWVfYYNT/5RPWOc42zy8TQvcz3iMozLIA4ix+KI3K2oBFCRTVZHCouIr
2otmJVnMfR2DZDvWGNGGPcyCcwi6o1Ji55G61dZpzI3Q6yn4anJhQgqWnlinjDKHnsPx2E4pF0CF
chVIH5F7gJ1KMBSUGA/PYaGBaxSFFXWwTPNT0VPsjJOrbBcZ6GMZoOF+GdSX9NAK9anIhQ4RkJpt
I1+lmDbPoJLFTJxQhqwJVEgHGfJtqvLRd1VosUWZbKrw9qwupeIWutXkkCHwLusZNQGS8GjjXlYg
o0MAee0qj6USFVNIV1GOtQwl+rgYBjVaffYKckHQpeeU3LGz5bsurAUcbLCvvXRB7SlXUN6zhN8j
+As2LdLuKiNPiTu1uX126oKj2nLfO8H3aahMcAXosN4KNmXY90AFqxliFfZqwOqlyMUdejVMMbnf
VU4Tt9YfAumzdULxIqJM+t0yXBZ5eFUbYpmBi/YQURFmHodxT1+3Cp9rbZCp/CxKUWPGXkg4pS/x
qGwKMnqlObWoO5qbatGPfbbUa3yebGgB10WqVhPa0Uv4BqkDcQFZaexTMoOVZ8DxVRDYOUERnvkS
mylUSidQZ4k0Y9frd4RpCiTR14PyjGHpTlKutlN1R79wQ0GW93DVgrBFA3CFnW8WRS3zH8zAGkZn
cluwYrrPdOWaFp8bctTHa3CZVhQDgSm/paCdbSOobVE5ixJGFEUqOTeXZ5ylfFc4UWyOFC0kvFfZ
O4eYDp5A8KzwMYCp6sUVKTOVW6BClK6ksdBvc4WR48uY0VrgI3bAHI7KEkS7ooJF9699JvmtXnFP
bZlW3qJoEtW7CWtqBygFUJ+WUo0Umqulnae6LeGA1mfKL+g1PbVmwWJIKHbSx22Uz9P2rHdBp83D
TZlUh7jMb8eObjGr0V16sIOjqrzTIMpRpz3lnLWKIytVW46CEZoz1e4gGPxN0QQWv6XYUltMhIdC
1Yq2UMBs4aFGUgeQwsG20AASOjUGG1FKkY8bleSDZTLeRhVoccjNMgEB4CEsBw+jyROABPpRKCIg
WyzGvyU2Q9JurKR7Ob0VmNa8hYMBiDaiTmitFXN1TpvZ9B4jmSTyUyQoaaY++sM0dUx3HopoR2sa
pAO8HjPZM7aBmiWt2FN1N0oO9e+zSBvrnksqasBxQMavZBNHce4Xyqgv0O3THO0ihuQgKBvuxdqs
0buipS5YkWdSZ1P1cxY64mH7iWosNawChpYXPhYpGwNuxTfU9x5+U6w1VJpbczjeQmrmRTWJgJX1
1LODcuY2QskQKv04COK+jAjjMAoPAdYI+IE1bLc5aYU6Fj76PqvuEwnksvhmk0C1qTpLug2lqm38
6NZtmz7CDyz45vxmAfzoaSeoYgE6hb1QiSgH09nTjikhXhFAY/1a7xdCT8l5pZpKOPeYCgJV97Uy
QdTD71aR767nUzQe1VkHKWqIelJr83QZHYLoMvySCAWsrExZwPV6AspoECF4oBADgrpbBBbVNOKN
tpF+JFMLODmkZxDbyIsVzkIDJMmr+8Ue9yStaK2LOpNB5at1REKgOL9IHFCy6DBxQ+qH6UVF77Nf
baDv1HcouPnlmKfdtpKusopam0HDAPCZ5mfRUNjqQfIYWBHoJFN7DOzPQh7vUpYlvRIQpOpAiGrG
owcqqmzl4wCedpFFZOO+5KlO4SHr4kHsF1eYBACOWlaLQmjqHugttnsW7O8UvSF+dqn/8z8IVH3Q
owyT9YcERAZmUvgGn6qwi2c1VDo/FLEooFOETimZpMoMH1EDrjrc1tFX+xIO6ifDpzsYFVT0qnZc
sMvXp+uF+dO0O57fGd3h3bBr/mT85AonUj72B/wGkYPO9flsoFyxuhqNf1Rpj+rH1wtbZeEYW4DH
uu9EqQc1jkBqzgEfO+ROlieFUy6y+aTs5JPHATgQqhx6UpIWDOsVTwFAF1R+9+ySXA1tRfMbQHLK
FPQnHWsjPUq2+lWLLIqpFhR34PhSXQg5t5gvp5T0A0dsCZnqQdXMNA/pBVQgTVdhRNmMopLgQzKS
lL660+0IfNs/lfqrIHS6q/alPtvRH1wrR/AJDH7lrzEWBZ/cKANn2BjVH+SsBvLEr1+ji6hfe9Kn
j8xUI5ug8d3ALYSP+rUEK9vVB/BrgPRceUrvmgS2epxUn5LqjxTWx2KnSfVb4elCvLGS3H7aHIIE
JaiPrJav65fBIf3dp48d6l9sjG9BmtiHZz38cuJ4MBpM4edfrsAkpo4D/84nYjIdexN3aoqx4w08
czL1RjNhTKaOyW3bHLK/AOwsuhUhpAcNjh04PY0sXgL/LGN1mmRMr5l+Vh+aK2fD5V3QlEmE5JiD
wdAwTPyM3/L8psEqN/pEpLQHYUg2xQnuIkzTxsSVRIfw8brBoxYGcIklaZMsGNzjR7cag7VPCuI7
NgZ+FRMQ3jaVs4rWnygZq3+uEVkkN+ozjuozfsQmAokvJyADyKG5dvHJQNTj5BBnEQ0MaWDj3pO5
bKgJ8WZYH0oEWAOa3SZXylig8zfM2W6W1EqpFvzxx/8BS9rVqg==
===END CRASH DUMP===
