PocketMine-MP Crash Dump Fri May 21 00:05:18 WIB 2021

Error: Namespace declaration statement has to be the very first statement or after any declare call in the script
File: plugins/Buyrank/src/buyrank/Main
Line: 3
Type: E_COMPILE_ERROR

THIS CRASH WAS CAUSED BY A PLUGIN

Code:
[1] ﻿<?php
[2] 
[3] namespace buyrank;
[4] 
[5] use pocketmine\{Server, Player};
[6] use pocketmine\command\{ConsoleCommandSender, Command, CommandSender};
[7] use pocketmine\event\{Listener, block\BlockBreakEvent};
[8] use pocketmine\utils\Config;
[9] use pocketmine\event\player\{PlayerJoinEvent, PlayerQuitEvent};
[10] use pocketmine\plugin\PluginBase;
[11] 
[12] Class Main extends PluginBase implements Listener{
[13] 	

Backtrace:

PocketMine-MP version: 3.19.2 [Protocol 431]
Git commit: 813d43120887682e5150799c39f0442978b23f4e
uname -a: Windows NT DESKTOP-KF1VXGB 6.3 build 9600 (Windows Server 2012 R2 Standard Edition) AMD64
PHP Version: 7.3.21
Zend version: 3.3.21
OS : WINNT, win
Composer libraries: 
- adhocore/json-comment 1.1.2@fc2f76979f0a44a5f5bc2a2b600d0762fe0e78e7
- daverandom/callback-validator unknown@unknown
- pocketmine/binaryutils 0.1.13@0abee38d4e2861621f262c79a2a3d699d8a697f4
- pocketmine/callback-validator 1.0.3@64787469766bcaa7e5885242e85c23c25e8c55a2
- pocketmine/classloader 0.1.2@9757928424652393b178a3760073113aa7c9911b
- pocketmine/log 0.2.1@830b44a2cf96ef703c550abe64302f230231ca49
- pocketmine/log-pthreads 0.1.3@e477ecf6ec214fdd4415ea1da3fdd9d73bf699ea
- pocketmine/math 0.2.6@43057cb8c179a9859677b496a788db922fd5cfc3
- pocketmine/nbt 0.2.18@9f82ca4d7f97fcd9a566e44b63c4f18a7657ae82
- pocketmine/pocketmine-mp 3.19.2@813d43120887682e5150799c39f0442978b23f4e
- pocketmine/raklib 0.12.11@9cce458b8bfde3e4dfdbf70c659fc7b7fe26b5c4
- pocketmine/snooze 0.1.5@70b5e7937a06878dd321a3182ceb76d56298f2cd
- pocketmine/spl 0.4.2@6b08b7cf8c4afa17139c9a1b3bf1b408531de161

Loaded plugins:
DevTools 1.14.1 by PocketMine Team for API(s) 3.13.0
OnlineTime 1.3 by Zedstar16 for API(s) 3.0.0
PurePerms 1.4.2-c2a by 64FF00 & ProjectInfinity for API(s) 3.0.0
BlocksConverter 2.1.1 by matcracker for API(s) 3.0.0
MoneyUI 1 by TuiDepTraii for API(s) 3.0.0
WorldLoader 1.0.0 by JackMD for API(s) 3.0.0
PiggyCustomEnchants 2.4.0 by DaPigGuy for API(s) 3.19.0
Slapper 1.6.1 by jojoe77777 for API(s) 3.13.0
BlazinFly 1.8.7 by iiFlamiinBlaze for API(s) 3.0.0
Broadcaster 1.5 by EvolSoft for API(s) 3.0.0
MaxEnchants 1.2.1 by Xenophilicy for API(s) 3.0.0
BetterVoting 2.0.2 by Twisted for API(s) 3.0.0
HideCommands 1.0.7 by Himbeer for API(s) 3.6.0
BuilderTools 1.2.0-beta2 by CzechPMDevs, VixikCZ for API(s) 3.0.0
ExtendedBlocks 1.1.2 by Javier Leon9966 for API(s) 3.14.0
InvCrashFix 0.0.1 by  for API(s) 3.14.0
InvSee 1.0.0 by BlockHorizons for API(s) 3.0.0
CustomAlerts 2.1 by EvolSoft for API(s) 3.0.0
TimeCommander 1.0.2 by TheDeibo for API(s) 3.0.2
SETVIP 2.3 by MCPEVN TEAM for API(s) 3.0.0
ec 1 by McLebt for API(s) 3.8.1
MapImageEngine 1.1.3 by FaigerSYS for API(s) 3.0.0
EconomyAPI 5.7.2 by onebone for API(s) 3.0.0
PointAPI 1.0.3 by onebone | Fixed and Update by LamPocketVN for API(s) 3.9.0
MCPEToDiscord 1.4.1 by JaxkDev for API(s) 3.0.0
MSpawns 2.2 by EvolSoft for API(s) 3.0.0
PiggyShopUI 2.1.1 by DaPigGuy for API(s) 3.2.0
PM-Beacons 2.0.0 by jasonwynn10 for API(s) 3.0.0
SocialSpy 2.1.0 by Crafter20162017 for API(s) 3.0.0, 4.0.0
Netherite 1.2.1 by Wertzui123 for API(s) 3.0.0
Worlds 3.0.7 by survanetwork for API(s) 3.0.0
Sponges 1.0.0 by  for API(s) 3.0.0
NoTP 1.0.7 by awzaw for API(s) 3.0.0
VanillaEnchantments 4.0.0 by TheAz928 for API(s) 3.0.0, 3.1.0
FactionsPro 1.3.20 by Tethered_ for API(s) 3.0.0
PM-ShulkerBoxes 1.0.1 by ipad54 for API(s) 3.0.0
TPAll 1.2 by matymare for API(s) 3.0.0
AutoSell 1 by phuongaz for API(s) 3.8.2
MultiWorld 1.5.2 by CzechPMDevs, VixikCZ, fuyutsuki, kaliiks for API(s) 3.0.0
Farms 1.0-non-alpha by Dấu Tên for API(s) 3.0.0, 4.0.0
KygekRanksUI 1.3.0 by Kygekraqmak for API(s) 3.0.0
KeepInventory 1.0 by KhoaGamingPro for API(s) 3.0.0
WorldProtect 2.3.8 by aliuly for API(s) 3.0.0
AutoInv 0.0.10 by JackNoordhuis for API(s) 3.0.0
AutoXP 1.1.0 by JackMD for API(s) 3.0.0
PersonaToSkin 0.0.1 by XenialDan, DenielWorld for API(s) 3.11.0
FormAPI 1.3.0 by jojoe77777 for API(s) 3.2.0
DEVirion 1.2.7 by poggit, SOFe for API(s) 3.0.0
Trident 1.0.0 by brokiem for API(s) 3.15.0
PureChat 1.4.11 by 64FF00 for API(s) 3.0.0
AuctionHouse 1.2.4 by Shock95x for API(s) 3.0.0
BangHoiUI 1 by JVN | JackVnKiller for API(s) 3.0.0
VanishV2 1.16 by superbobby for API(s) 3.0.0
AutoClearLagg 3.1.0 by Twisted for API(s) 3.0.0
luckyblock 1.0.0 by LetTIHL for API(s) 3.0.0
help 1.0.0 by LetTIHL for API(s) 3.0.0
WarpGUI 1.0.0 by RockPanther for API(s) 3.0.0
SellExp 3.0.0 by EzMinh, LetTIHL for API(s) 3.0.0
NganHang 1 by GreenJajot for API(s) 3.0.0
essentialsTP 1.2.2 by  for API(s) 3.0.0
BuyFix 1 by FPVGAMER for API(s) 3.0.0, 3.7.1, 3.8.1, 3.9.3, 4.0.0
PiggyCrates 2.0.9 by DaPigGuy for API(s) 3.2.0
Item 1.0.0 by LetTIHL for API(s) 3.0.0
detu 4.0.0 by CLADevs || GreenJajot for API(s) 3.0.0
UpGrade 1.0.0 by LetTIHL for API(s) 3.0.0
AntiVoid 1.1.0 by FiberglassCivic for API(s) 3.0.0

----------------------REPORT THE DATA BELOW THIS LINE-----------------------

===BEGIN CRASH DUMP===
eNrNPIt227aSv4Lj3LO33ZVkkXq7m904fiRu7Vg3UtLuvdyTA5KgxJokWD5sK23/fWcGoAjSauwk
as/2tLU4BAfzwrwI4teDQGYxLz7ciiwPZXJwNOwcFGEsDo6ssW2NBv2BNe0NRqPJwOoclKm6NehZ
1ng0HfVhzKg/tvrwkMgymR0c/XpQbFIYcnD24eT6an5xefbh7O3b67cHnYNY5Dlf4b03HH6n3BPM
F17EM17A1CwveCFikRRszXNWSOYKVqwFA9I2LAizvDCGyIzxoBDw/2SjsQjm8ShiYUJP5V4WpgVM
G4QRzplG5SpM8sOX5Sbjyc1hnnmHrv59xcMERkZhgsz93tGDP4TJrYxuaULA4IeZ8BCjJ32BnFoA
dMpABMF//ne6TuGODRD4M4A/yZZHPct3cGOo7o/gT5kLlkrvRhQxTOs4vy5EBpx22DziG5H9jsPH
O8Z5Mo554sMDJzLJZSROFGAhEh8f15fbHwpO6CY70IlbYA6QXYZ5IRJE4EZw23Fe4p+XmeA3ZziE
EEx3ICiLMModB4gJwhUOmv3xLCmxBrMpHr+XYULIK6b/UYZFPZvV34FJacZx5vT3Jc8FDbWUYC1U
wEnE85yhTpm4B6b8nNWjWRinEWk0ZxXPv+KTqDOnOADlFxlo7eDoX//bOVjhbR6hslGfMGROtFwB
Ld2rOTznAs568RzAypj1bISXYeTDIpoOJp2DMP/gi9uDo4BHuQDrymQhPQloh7iqViFa19Qa+HBp
96fTyXhqi5E16k9mM28wC/rDoT2bTF17EAwF4C41LT+GiS/vcvZmyU7PFj8sr+fdH86t9z+9esnG
vQEjEths3O+zb6qhysiY3bds9tZmiwIshGc+O/NDXIPfsuOr0/EQ5kB7PjqY9AY924LLjyBGYk9f
w+0PMkcaLt68WQKALu5oGYGFpjIX2YcodDOehSJH+XF/DTxn4vDnXCZdtGK1qqye1bNfBJ4dTMaz
CTDLh0M+CkauZ3PbBeL9/mRsB6IvJlMxAfQ+Bw6AbBkf4np3uXfTveVR6PMCHRBI5yaRd8kL/ReJ
3drPoRsmPNuQzcLQPsxtDV70uSvEYOoPhT0do9sL7LHtTWbc5gN/PJv5Uw6kBcMmqp2TW71+b/Bi
PJxMJ0N4Zjx2Pc4nYjSdjuyhLaYjzx549khMvdGI2y2EaLeR5LBcNW32i9lkNJnZ06E9HI/swWzg
WpMpH0xALOCQrQHg9mYzy3KbmCK5Igx2z3oxHfRdkKjtBbOxCCb9AcyMDI+Hg74d2PC/geXx4ewB
hm5arGH5+5WgBi/EcDIRXjAWnm0NA98fDq2R4JbPB3Ax8ycDNwBpCd5EBdFlrakZv4BJRxPPnXoW
iHc2Hc3Gk4k7nI35ZDr13ZltB/7IC7xBE0XiFhU/0xezYGoDwf4kAJ14/oyPxmMxHLrjgTcMrCmf
jEcTLqYt4dY/u3G6XagvPmPVGcgyfgO2reQCNFkvZp4nhqOpO3UDXwzE0A98F2TtjUezwJu4k0DY
Y3fktSwoT6T8KLR4Ry8mfXckJrPBhPfH08nU9we2xSH82p5wJ2N/NLZn08D2/BaSNCIMQ+Bm7Pan
7sQLpt6QB9yaWIOZN+OWC4qx3GF/OhpYvrDG1sHv2xhHa/NU3C6ljHLDz21BnYPau8FqGfZw+fOy
WMsMxv/LcIhsKXh8AF6TpyHeAREPen0EiIS7kQAHUmQl+D9fpOiVlYvNZVCcmoAYg3FNgOMYpODq
gHuL5fHb5Tt0v3fCzcMCCV4XRZofHR6CN12Xbg8czGFN2uEWBzB+nWCgX1Ims+XXADY5HjTZ/afw
IQnJrHGD0X6LT+3on8ToFqPj1EQ4TpWTKI7n14vlj9dvL08f43mL7dDgCJiel5mYiyw2dVzDmiyD
KXXB+zYZHw/PzyGS/BubZ/JnyIMuIN4nYbHZmxw+qBkgtFdkGT+/QBL0rE76ajwgCspsckhYgOdC
ZIZA2ndMsdgYK5oiAc/mQa5wAyP3JYQapc7Aamoc51LFhkdEgSxeyURs3l0YrFWQhqab7CzLEEha
ZjwM98aPnvZp5oyU/yizyNeM1tSb0KatInENLr4H6V2d7o0Bhc5xDAoaF0/haR6uVpuTMi9kfJZ4
aw65p7kKd9xtGt6wzeMph4delc21B/Hsy9msMMKSe0jOTuAXrMhqksMd6A5RUIuIp2lD8RWkqfRx
eyX+LH+WYoL/fDr+fI5IcjX1F3vimqbDigtyPvxjmJxHm4bbqWBNNqe9SZPNMDyPeBxCJQNPiL3Z
eBMtOh5Nj/HzKXb+MoMRHs9bTtWANvkbNbk7g2J7ASTujS9jZuCkQcYTEom7u7ueAJIQe6+4IbfK
73csYBPaZNBu2+lPIpHpOoxCb39x08CJtnpfr9omYY+rTxQgnPeyCJOVqT8T3HRMfSp1zRByhyW1
/5W87XSJNcOFmsRxXKLsligDBTfpfJTd16Ff9U5MbTbA7VjTWo+vwxgqx2b0H3+FKjU+xzGJeKID
Uo/2VLb3Ekt/kbWT+ga4bar9LsiTtxR68lF46/kVpM/4wPvwPrw5+efeTNdD7GnsA3bQpiKuUEl/
i9TPdb4G3YcNVCCcM2oKCV/lV4Z4WjdalU/b1r/nt6HI2KWQyWw2btYD1vCrUg5EXOF1nCZZT0+l
LpLbk4zn6/Pw3mDShJocgh5b3mpvDMXlL0CW44TJrYdTB+H95ySzQPFCiCYLCHgkESRxvZZZ+FEm
+f5iionVcRQpn8ONcmvHEVi6aXsNcKvu+JPDpDm147QI+bJAiVWn9l+NXKAJbyuwHUzW4lSErmwx
an8xo43Z2+toF4eUk54t31/MzZRUAZo6anUJrk7mZ+/fsOXZ8dX+SinC6TgLUbwP06eYmvAMsuHi
E7XflXcp3KZJTcHwvphWQuc49O7BW4u8eLrbuuLpRcxX4ixZ0fsYI89q3Gi755YKznm4EtnifxZ7
U8AWI/JiktK+fgqXZ55MZLw5nptFugE0uRv1Ju21AWW1C//tjTeNDzSmSACkEHhMch6vcmWYFE1+
tqD2Sh/s5Ib9xiAqCZ/BAmXvUp8Xgrkbdslj1cl7/6bB72wf/KZIInFrEPuIS8CVuJSnYe7JzDcN
tAFv99SsdvpwfwPpyV4bFY6jJ0dKPmPFLVJ+lzRKGg1pOjn7Tw5EelYgfDv9l4Ufqh8Wa5k2WmAm
9JHO3s4Gi/35hUxjBV2VURFqyMEftl4UgY2Lr261KDTUYplfdV8K7smGug1gu8BrJVU/81wmd5sk
sfp7U7uBE2s6pAOruYqeR813Ib2QR4vUbKnUsLamWwxBLozbCGzcytC3Jg+Y6hwMv67EiX18zUON
pJPYX6jfT2HrjSjWIqPrLVs17JFGw4+Qvn0sQ8se7E1NNUrH2dLxxd2xGtthzVTV/83brd+mXQ4e
VuJ5md3yRBR3MrvZG8eE1HHuiALd9X1yMapfr/UISQ9IO3ymEJHJpjJZCZPNCvLpomZfnEHZshmN
IJdUsz49VLyRSzMXpstHmiT87iO/25tOCJvjJLJIv9j2FEXAzXuehFHEdY+JNoUYzO26a/I6fOge
oWQ5/jizpzvcyIB8z5eyfatowX02mfgClivCDncxBZI45x7u/8jnmTQkYEJbb0V7dpt1WsXC//C1
zb/jpAgh/sc4qZl8b0lxHH3xVKOF8LZYl9GNyF7Ke9EKfI07bVNuedUw5f5ouL++O6FznFyR4Mr7
py/E5fw4MvclqetWVHjwunIT80zs82UlIXScIuVR9HTij8tCLkSD/i3oE0Vqui7BXfGPrTL1yxsC
FULHqab/jKQZszkKCWbeXANbrzp6T2qsdg6CclMWeXkTwu8bHoXhTf7ntFtjJJUiEvBskv01rVYD
ETmV5n4Ddd1aY91EJl0epevWfoNTp7QEH5Vs6ZT9vuDJ3lOzdYyehPYZVJQ9qvUfNitx85YnN3mj
tGiA256y5ShpbMZ/ifn+MhUDp+OYxDzdnn8QIoW0AAKCzMxMuglvKa/F2VryVzwOk5X23fvhzcQK
3Jn0fOa+AkBQ4BbeVnZZgVstvd60lchEYRnt772dQqfTy1SR8JSm5I4leFWGWRCKyDe3uVUbnotM
4CY8fPF52GBXO2IQZssPI+TBq4Ed2yzeSJn56zLM91gKejdJhdVxYD4ZJrfKPSuqnhRbfpq3OPpp
/qBd+NdsG1GTf3GmqtAcahYwlQEeZMKXcnGD89SJTAP+6fc6+MYYiuNTjgNP4beIlMtuvPD5mmz1
nibwOe7TNgn7nPck5zKLm93ECvKIf/2DvSD215jlFiWECkXF9sdTeDk9ex9mRHC9v7ICtQv5VvWU
yhXuD4eS8fp8f5mbwuo4t0SD40BKoH8ZdD3SBV1moU9buOscVEMeeTHnZvImFK2doqOv4EYjdBxN
AFjdVU3L4+VBmYmTNS9aOyMJ9KCJa+3aFfl5ejH2Xf7B1oeq2DnotEqwn0BPssznZ93tkD/YQInU
17/2sH2S0JB/pYlfAxmi4WUNcNumh02hLdYQpWaj+6+tFBvdVfO9ttHC0VNhLCEC10gg+uUGuY/v
jeHJ6rUMG0lfDftEzfL9+zfsN4Z+/H3yA1TeX71X1HCDBv9G5MF3hE/NirAbkK/f262uB4FaAXPc
brilWLG67maP7bYKpeNUVNS/nhr7TyLBs0u+WrVSgBrebCU+yAT2s4dpx3YlzGY8pCICKlRqYBL1
2S0dhfc430RlfHVy2MQH0ohK72ZDX3MZojCAj7jpS1EsL15f7k0O9cxPt8+1iFKDeLr8i8nGOT+j
zOBZ+qrhJSrII2S/BbnMeYI9tL2R/pZkjQQ8nQFsgpzdm0KvIO0OfIuBs49XYbLusH3LX+F1nLOf
5vga6zNa1SuevOaNrYxb0Ccc9isol5Lv+c9yf+81a5RPp17kOaQvkEXnjYZ7A9wOs/af8q7AnNJx
WgQ8HjjLTXP/mQZ8QgPn8/evjq/O3u5sok+omFG7Uzq0CWDw1Y0gRdLTdaO2p2a8EA/38Sto+y3q
7M95vfzpfbLtPf1EWuPi6/fwExp6sXxRQEpv7NHDy7/YVQPR8dO16IuiNAimy0de75xcHmObk/32
G/sT3ITGDhyECdViT+XkXfoq476ZjVeQv1gB5We4Z3zN816GZvd8C3qkV3MeuiJb4deyJ+Ft6O3x
ewHBi/WS34TJKtq8pE+FIU/TVNW/vmDZ7EJ9uMVHn2PyDKRQiPZXld2reS9dc8oKcvp6u5dmuIeg
oA+rD57Nt1dMfYTP8MQDJ3OSZwtesCu+YdaIWcMja3Bkjdl/9CfM7tsWDohl4T+/ur5kx17oX+QR
nisAYDVNN5VZ8dyaWQMbgXdrYK4bQc75vI/XPElkmXjYZ8RP97vcW4dCnZWQPwfrRTy4i6erW5ug
TfVgzO/1M/lzmyArYDyWvlD3A5kB1i1MBgFCQQI+fj5eXae3qZ7FD4Mg9Mqo2DwnQtU3+4XMurko
8GOA/DmCIyAu6qKlPY+oxtjCciF8YwieX/H89Oz8+N3lEqHKlLq/lCLb6Ck1KIP6q6IHf/dSMMk7
mfnP/53+ASFBTt7N+a3QD96G4q7rgww5SO75FEH3rrzvonHrIaCEVclX4rlIVnjd+Nq3t4nxa99n
6nQDj9Rd6uMzUOsMhMcatgNWwJZrkQtWSYPhSRl4QoZMwGQKKOuZh8os8LyNMPGi0hc+nqLxwNoQ
10LG8GSACNo4cx6IDpOYwuaIkrl4egTbyDLTuFgYMFBqGIQ0A+gTT9SINoj4jbjbojv0RcBBozm7
k8nfC4ZfT/GMoTRjYBa/vN+ocz7CXPF9txYJK9MVeD1A0HMStGKF7MhJGHv245reT+OxIpDA+AxP
CsmLjIgvMp6A8UMxpW4TqVCocEAM8oxEQfLCJpknGIRZPyIJxohZmWultSNGDgdv5Ouy8CUsAH3u
yRFzDvTxC14kc6gID4iy4yiSdwwXFhDDdNee3Yac/QNNDseQ7VUN/SOGX1HTo2dkh/oZ2jWJS4SB
xkAoiM3Fs1FIlDhem+32tkHssx9DEIhMQK7c91kmciV+FCsI/IbFgudlps5eAaG7AokG4YhfSh6h
2FbhLYy95VEp2Dd6UnA03yJ2NSMsGIE+pQtiX61EdgS3ae43ZQwOHa0KitnEW/L8huFGHrCjHg14
B9Ii0644xWHrTIIHAu3B8LzD6DUK04sf1kOH4TkUwAjGEZINOGiExWUCFoRDFPIFqRd4AivL5H0I
FiZADMASWW6yJQ5lqwm6CNBWcQzaZIeFxd9BfEVGj0EmAVZNJtN6mH0DPOCJJjaJhdjoak6PCFXb
VjkZR1YmCarTRwclU1ICfS6T9xikDPo3i8PVGhYzdsE65uLThoMSybIyLRRUCQwFEwNtmi9SLixK
Op7DVwuC30KMArJ3U4A2gjYnQdBgXT3D0GBwVw3aWhq4f3Dr2UYtylfgicF6MB4zBYd1EIcFru1Y
rLi7geyyxxZK1H0Sbpgjbnp8iVq7C0nyZFGwaO+6ClFlZDlxGIRAIngkOocG0QSQvlVTKiMHbZW4
TNlKgqIkLlO0CpxoRWR2ibQj1kcuYHZyweqIjP/3HGCC8yn6Mbp+Hf1Qg6Tq3CXl4rYkaXQ5A/eB
8RH8XkUQzlpRZfXtoSaMnMCPtCo0ffnf90AhrQsiCT0G80oIPgkEHybuhVeS85WKZLUiMVhtR4t7
D7KEvOZIOa7r5dkRW76+WLDLi6uLJTuezy8vzhZsfvaWQV74w9nbDoNBbHkNo87Yj6+vL8/Y/O31
ydli0Wu7gIY87NFYi2MuslBSQEZHTAdjeWtBLpmksXW2FsgeUgKffAsN6WJ5ptwsoYL8EPgEBw3W
hPz+kbEpI4OMDwNggsP0ZIRZIQHXWztyFZFojmuMIRjn6YHew9FoCzo9B7WlwsN0QEkWyVV6Vc9u
eQDzEmleszroa17zb3eTpDkfaM5XPHNhZXQ9GUUqFyUHtFu6tNSQHP0U00+B7455UlLyYVICiVkJ
Nvhtp4oJbSOszFCF1yAAXIrfuF6CPXatfL4yeMgeZBn5W1pCCCJ3CavpzxXilMgHRsf9vuYVZjsn
Z/EgSJLpKAxb3oJMxlWwVU/rEV3TNE0NIzdakw9sg+0wqYZ1LKqEEVWWwUxohtqQ/TJOVXalUjim
b3TxRqWvUxykHyDaicyKA7iCMA+Lne8QMARtCHwwwy0YWZ6XAh1DsQatrapsE50WzlZT1akUqXIE
nVT2FDU49A/lhHWOty6Tm7yi/YSnCA3jMoYYi59GsaoWQEUyVRUpKmq54nrRoqQV89DGINlONUU0
YRez4BKC7nCrsVOpbrVtGnMj9HoKvxpcLSGFSw80OaPMoetx/LBrqxcghXIVSB9RekCdSjAUlhTP
NMFCA59RHNbcwWNanoqfamYcXGe7KEB8vVHh/TSqT9mhk+id4kc6REBqtpaRSjFdXkAli5k4kQxZ
E5iQDjLk21Tlo++q0OKKbbKpwtszU0vVLXSr2aZA5B3WtQwFkvJo4m5REaNDAHntOo+lEhVTSF9x
jrUMJfr4MAA1WT32GnJBsKXnlNyxk/m7DjwLNLiwvu5CH8yecgXlPbf4u4T/iE2qtLvOyHOSjjG2
x459cFRrHgWH+PEWlQm+ABvWU8GkDPskaGDGQqzDnoHMLEXO7tGrYYrJo45ymji1PsKux5YZxQtJ
mfS7eTKv8vC6NsQyAx+6g4iKOMs0Sbv6ulX4XOkFmYcfxVbVmLFXGs7puEmVTUFGryzHiLrDma0e
+rbH5vqZiGcreoDrIlWbCc0YZHyF3IG6gK08jSiZwcoz5viCGGbOUIUnUUjHFGIpnUGdJfKCXS3f
EaU5sERHZJYFw9KdtFxPp+qOXuWG4qLs4lNHRC0uAF+45eqoqmX+i1lYw+hMbg2rmO4zXbnm1Zma
njpxEh/ThmIhMuW3FLaTtYTaFo2zKmFEVaSSc/N5wVnObysnis2RqoWE9+r1ziGmgycQvKh8DFCq
2nlVykzlFpgQpSt5KvSng4n0ojBl9CzIETtgHkdjieVtVcGi+9c+k/xWt7qnpsxrb1E1icxuwpLa
AcoA1AGqqpFCY7W2y1y3JTzs/Sm/oJ/pqmeOWAoJxW0Y4TTK5+n1rGdBp82T1TapTvCxqB07OtWo
RndpZwdHVXnHsSzRpgPlnLWJoyhVW46CES5nqt1BMfibogk8/JZii/EwMZ4IVSu6QiFzRYAWSR1A
CgfrygJI6dQYbEQpxT5OtGUfVibjbVKBF4/cLBMQAHZR2d9NJs8AE9hHZYhAbPUw/t1SMyDrxkq6
W9InqLnhLej1PU1EnVCjFXNxSpPR++2cliTKU2SoaaaOq2SaO6Y7D1W0o2carAO+LrPZM7aCmiWv
xVN3N7YS6j0UkV6sdzykogYcB2T8SjepTMuoMkZ9gW6fxmgXMSAHQdlwN9XLGr0rrtQjVuWZ1NlU
/ZwjHfGw/UQ1lgKrgKH1hSe0bBsDfi03tPcunqfbAm2XWxOcriE1C6ShEVhlXdVv345cS9QMkdJL
4zjthZIoTmSyibFGwFOEsd3m5TXpWPjo+6y+TyyQy+KrVQbVpuos6TaUqrbxuNibNn9EH6zg69Pr
I5BHVztBFQvQKdwJlYhyWDp3NGNOhNcMEKxn9H4h9Gwlr0xTKeeBUEGh6r42Joh6eOIq+W4znyK4
NEUHKWqCdmK0eTqMNud3GJ4OQwGr2KYs4HoDAWU0qBA8UIIBQd2tAotqGvFG20i/2jECTgnpGcQ2
8mKVs9AISfPqfjXHA00rXk1VF2Fc+2odkRApjq8SB9QsOkyckPph+qGq99mrJ9B3zBkqaX465mm3
rbSrVoXRZtA4AH2h5Vk1FNYaSB4DKwKdZGqPgf1ZyON9yrLCYIsIUnVgRDXj0QNVVbbycYBPu8gq
svEo5LlO4SHr4ngysr7CJABo1Lo6qpSm7oHdYrvniP2LojfEzw71f/4XkaqPHLdh0nxJQGxgJoV7
M1WFXb2rodJ5V8SigE4ROqdkkioz/MoEaNXh1iRfzUs0qJ8M3+5gVFDRq57xiJ1fHi+P7O8mndHs
3uoM7gcd+zvrO194UvnYb3DnvIfO9fm0r1yxuhqOvlVpj+rHm4WtWuEYW0DGuu9EqQc1jkBr3gZf
O5ReUWaVU66y+WzbySePA3ggVHn0piSvBNat3gKALaj87tk5uRqaisY3kJSUKejjzA1Il5KtXt0i
kynVguIeHF+uCyHvBvPlnJJ+kIgbQqa6UTUzjUN+gRRI01UYUWtGcUn4IRnJtr76oHNAx3Hnof74
nD5lNM6Ydj19VPAWgm9g8HzqBkzGH3xZgDNsQPWp8zWgzCLzGl2EeR2EER1TV0NWcePE6zWED/M6
hFV2awLwHGt6Pz2h99Oxq14nmUNyfby2CUu9JtdvRaAL8caT5PbzJggSlNiELOaX5mW8yX+J6Jhu
/YuNcO+/jX141sUzv0f9YX8CP/92AUti4nnw72wsxpNRMPYnthh5QT+wx5NgOBXWeOLZ3HXtAfsb
4C7kjUggPWhIbMPpbWT1Vf3HMFXv60e04fejOiJ5Oxou7+OmTiSyY/f7A8uycYvM/PS6ISpffiBW
2kAAhU11grtI8rwxcEEnvf901ZBRiwK4xJK0yRYA7/Bz9AbQOAwbt+pYeJ47ELxuGmcdrT9QMmYe
NI4iClfqAHK98xTFRChx9xYKgBya71aHXaMdZ5u0kAQYEGDlP9B52DATks3ABGUCVgMuu1WpjLEi
55+Ys13PqZVSP/D77/8HKjVSAQ==
===END CRASH DUMP===
