PocketMine-MP Crash Dump Fri May 21 19:33:21 +07 2021

Error: Undefined variable: hp§a
File: plugins/RPG/src/pvp/Main
Line: 76
Type: ErrorException

THIS CRASH WAS CAUSED BY A PLUGIN
BAD PLUGIN: RPG v1.0.0

Code:
[67]     
[68] 
[69]     public function tip(PlayerMoveEvent $ev){
[70]         $player = $ev->getPlayer();
[71]         $hp = $this->hp->get($player->getName());
[72]         $giap = $this->giap->get($player->getName());  
[73]         $dame = $this->dame->get($player->getName());         
[74]         $maxhp = $this->maxhp->get($player->getName()); 
[75] 		$kn = $this->kn->get($player->getName());  
[76]         $player->sendTip("§l§c♥: §r§f$hp §a/§6$maxhp §a☘: §r§e$kn \n§l§b▼:§e $giap §c⚔:§b §e$dame ");
[77]     }
[78]      
[79]     public function onDeath(EntityDamageByEntityEvent $ev){
[80]         $entity = $ev->getEntity();
[81]         $damager = $ev->getDamager();
[82]        // pvp
[83]         if($entity instanceof Player && $damager instanceof Player){
[84]            if($this->mode->get($damager->getName()) == "on"){
[85]               $damager->sendMessage("§c• §l§aBạn không thể pvp khi đang ở chế độ hoà bình");
[86]                $ev->setCancelled(true);

Backtrace:
#0 plugins/RPG/src/pvp/Main(76): pocketmine\utils\Utils::errorExceptionHandler(integer 8, string[25] Undefined variable: hp..a, string[64] C:\Users\Administrator\Desktop\MSAI\plugins\RPG\src\pvp\Main.php, integer 76, array[7])
#1 pmsrc/src/pocketmine/plugin/MethodEventExecutor(42): pvp\Main->tip(object pocketmine\event\player\PlayerMoveEvent)
#2 pmsrc/src/pocketmine/plugin/RegisteredListener(80): pocketmine\plugin\MethodEventExecutor->execute(object pvp\Main, object pocketmine\event\player\PlayerMoveEvent)
#3 pmsrc/src/pocketmine/event/Event(88): pocketmine\plugin\RegisteredListener->callEvent(object pocketmine\event\player\PlayerMoveEvent)
#4 pmsrc/src/pocketmine/Player(1667): pocketmine\event\Event->call()
#5 pmsrc/src/pocketmine/Player(1780): pocketmine\Player->processMostRecentMovements()
#6 pmsrc/src/pocketmine/level/Level(854): pocketmine\Player->onUpdate(integer 1460)
#7 pmsrc/src/pocketmine/level/Level(787): pocketmine\level\Level->actuallyDoTick(integer 1460)
#8 pmsrc/src/pocketmine/Server(2265): pocketmine\level\Level->doTick(integer 1460)
#9 pmsrc/src/pocketmine/Server(2396): pocketmine\Server->checkTickUpdates(integer 1460, double 1621600401.581)
#10 pmsrc/src/pocketmine/Server(2152): pocketmine\Server->tick()
#11 pmsrc/src/pocketmine/Server(1992): pocketmine\Server->tickProcessor()
#12 pmsrc/src/pocketmine/Server(1586): pocketmine\Server->start()
#13 pmsrc/src/pocketmine/PocketMine(291): pocketmine\Server->__construct(object BaseClassLoader, object pocketmine\utils\MainLogger, string[36] C:\Users\Administrator\Desktop\MSAI\, string[44] C:\Users\Administrator\Desktop\MSAI\plugins\)
#14 pmsrc/src/pocketmine/PocketMine(321): pocketmine\server()
#15 pmsrc(11): require(string[91] phar://C:/Users/Administrator/Desktop/MSAI/PocketMine-MP.phar/src/pocketmine/Poc)

PocketMine-MP version: 3.19.1 [Protocol 431]
Git commit: a7cd0810020af15fb3d79127c77cf576085cd4cc
uname -a: Windows NT DESKTOP-KF1VXGB 6.3 build 9600 (Windows Server 2012 R2 Standard Edition) AMD64
PHP Version: 7.3.21
Zend version: 3.3.21
OS : WINNT, win
Composer libraries: 
- adhocore/json-comment 1.1.2@fc2f76979f0a44a5f5bc2a2b600d0762fe0e78e7
- daverandom/callback-validator unknown@unknown
- pocketmine/binaryutils 0.1.13@0abee38d4e2861621f262c79a2a3d699d8a697f4
- pocketmine/callback-validator 1.0.3@64787469766bcaa7e5885242e85c23c25e8c55a2
- pocketmine/classloader 0.1.2@9757928424652393b178a3760073113aa7c9911b
- pocketmine/log 0.2.1@830b44a2cf96ef703c550abe64302f230231ca49
- pocketmine/log-pthreads 0.1.3@e477ecf6ec214fdd4415ea1da3fdd9d73bf699ea
- pocketmine/math 0.2.6@43057cb8c179a9859677b496a788db922fd5cfc3
- pocketmine/nbt 0.2.18@9f82ca4d7f97fcd9a566e44b63c4f18a7657ae82
- pocketmine/pocketmine-mp 3.19.1@a7cd0810020af15fb3d79127c77cf576085cd4cc
- pocketmine/raklib 0.12.11@9cce458b8bfde3e4dfdbf70c659fc7b7fe26b5c4
- pocketmine/snooze 0.1.5@70b5e7937a06878dd321a3182ceb76d56298f2cd
- pocketmine/spl 0.4.2@6b08b7cf8c4afa17139c9a1b3bf1b408531de161

Loaded plugins:
MapImageEngine 1.1.3 by FaigerSYS for API(s) 3.0.0
Slapper 1.6.1 by jojoe77777 for API(s) 3.13.0
WorldProtect 2.3.8 by aliuly for API(s) 3.0.0
InvSee 1.0.0 by BlockHorizons for API(s) 3.0.0
PointAPI 1.0.3 by onebone | Fixed and Update by LamPocketVN for API(s) 3.9.0
Trident 1.0.0 by brokiem for API(s) 3.15.0
DEVirion 1.2.7 by poggit, SOFe for API(s) 3.0.0
TimeCommander 1.0.2 by TheDeibo for API(s) 3.0.2
FactionsPro 1.3.20 by Tethered_ for API(s) 3.0.0
OnlineTime 1.3 by Zedstar16 for API(s) 3.0.0
MoneyUI 1 by TuiDepTraii for API(s) 3.0.0
MCPEToDiscord 1.4.1 by JaxkDev for API(s) 3.0.0
MultiWorld 1.5.2 by CzechPMDevs, VixikCZ, fuyutsuki, kaliiks for API(s) 3.0.0
PM-Beacons 2.0.0 by jasonwynn10 for API(s) 3.0.0
AutoInv 0.0.10 by JackNoordhuis for API(s) 3.0.0
SETVIP 2.3 by MCPEVN TEAM for API(s) 3.0.0
Worlds 3.0.7 by survanetwork for API(s) 3.0.0
DevTools 1.14.1 by PocketMine Team for API(s) 3.13.0
PurePerms 1.4.2-c2a by 64FF00 & ProjectInfinity for API(s) 3.0.0
MSpawns 2.2 by EvolSoft for API(s) 3.0.0
EconomyAPI 5.7.2 by onebone for API(s) 3.0.0
PersonaToSkin 0.0.1 by XenialDan, DenielWorld for API(s) 3.11.0
FormAPI 1.3.0 by jojoe77777 for API(s) 3.2.0
BlocksConverter 2.1.1 by matcracker for API(s) 3.0.0
ExtendedBlocks 1.1.2 by Javier Leon9966 for API(s) 3.14.0
PureChat 1.4.11 by 64FF00 for API(s) 3.0.0
Farms 1.0-non-alpha by Dấu Tên for API(s) 3.0.0, 4.0.0
MaxEnchants 1.2.1 by Xenophilicy for API(s) 3.0.0
CustomAlerts 2.1 by EvolSoft for API(s) 3.0.0
KeepInventory 1.0 by KhoaGamingPro for API(s) 3.0.0
KygekRanksUI 1.3.0 by Kygekraqmak for API(s) 3.0.0
AutoXP 1.1.0 by JackMD for API(s) 3.0.0
Netherite 1.2.1 by Wertzui123 for API(s) 3.0.0
TPAll 1.2 by matymare for API(s) 3.0.0
NoTP 1.0.7 by awzaw for API(s) 3.0.0
PiggyCustomEnchants 2.4.0 by DaPigGuy for API(s) 3.19.0
BlazinFly 1.8.7 by iiFlamiinBlaze for API(s) 3.0.0
ec 1 by McLebt for API(s) 3.8.1
PM-ShulkerBoxes 1.0.1 by ipad54 for API(s) 3.0.0
VanillaEnchantments 4.0.0 by TheAz928 for API(s) 3.0.0, 3.1.0
SocialSpy 2.1.0 by Crafter20162017 for API(s) 3.0.0, 4.0.0
InvCrashFix 0.0.1 by  for API(s) 3.14.0
AuctionHouse 1.2.4 by Shock95x for API(s) 3.0.0
Sponges 1.0.0 by  for API(s) 3.0.0
Broadcaster 1.5 by EvolSoft for API(s) 3.0.0
BuilderTools 1.2.0-beta2 by CzechPMDevs, VixikCZ for API(s) 3.0.0
WorldLoader 1.0.0 by JackMD for API(s) 3.0.0
HideCommands 1.0.7 by Himbeer for API(s) 3.6.0
BetterVoting 2.0.2 by Twisted for API(s) 3.0.0
PiggyShopUI 2.1.1 by DaPigGuy for API(s) 3.2.0
BangHoiUI 1 by JVN | JackVnKiller for API(s) 3.0.0
luckyblock 1.0.0 by LetTIHL for API(s) 3.0.0
HealFeed 2 by JackPlugin for API(s) 3.0.0, 3.1.0, 3.0.7, 4.0.0
TempBanUI 2.3 by SonsaYT for API(s) 3.0.0, 4.0.0
AcidIsland 3.2.9 by GODSMineVn for API(s) 3.0.0
NapThe 1 by phuongaz for API(s) 3.0.0
essentialsTP 1.2.2 by  for API(s) 3.0.0
CustomTags 0.0.1 by DaRealAqua for API(s) 3.0.0
SizePlayer 1.0.3 by  for API(s) 3.0.0
UpGrade 1.0.0 by LetTIHL for API(s) 3.0.0
Rewards 3.0 by Wertzui123 for API(s) 3.0.0
MenuUI 1.0.0 by LetTIHL for API(s) 3.0.0
MuaPoint 0.1.lpk by LamPocketVN for API(s) 3.9.0
NganHang 1 by GreenJajot for API(s) 3.0.0
AutoClearLagg 3.1.0 by Twisted for API(s) 3.0.0
WarpGUI 1.0.0 by RockPanther for API(s) 3.0.0
CustomItem 1.0.0 by Phuongaz for API(s) 3.0.0
ScoreHud 3.0.0 by JackMD for API(s) 3.0.0
BuyFix 1 by FPVGAMER for API(s) 3.0.0, 3.7.1, 3.8.1, 3.9.3, 4.0.0
PickaxeFunction 1.0.0 by LetTIHL for API(s) 3.0.0
QuestPlugin 3.1 by HmmHmmmmm for API(s) 3.11.0
help 1.0.0 by LetTIHL for API(s) 3.0.0
RPG 1.0.0 by LetTIHL for API(s) 3.0.0
freeze 2.1.0 by Bavfalcon9 for API(s) 3.0.0
Kho 6 by ItzFabb for API(s) 3.0.0
PiggyCrates 2.0.9 by DaPigGuy for API(s) 3.2.0
capdao 1.0.0 by Nguyễn Công Danh (NCD) for API(s) 3.0.0
VanishV2 1.16 by superbobby for API(s) 3.0.0
PureEntitiesX 0.7.0 by milk0417, RevivalPMMP for API(s) 3.19.0
gem 1.0.0 by LetTIHL for API(s) 3.0.0
detu 4.0.0 by CLADevs || GreenJajot for API(s) 3.0.0
MuteTime 1.0.0 by LetTIHL for API(s) 3.0.0
restart_in 1.0.0 by LetTIHL for API(s) 3.0.0
CmdSnooper 1.0.0 by HotshotHD for API(s) 3.0.0
Joinkit 1.0.0 by LetTIHL for API(s) 3.0.0
Item 1.0.0 by LetTIHL for API(s) 3.0.0
AutoSellUI 3.0.0 by LetTIHL for API(s) 3.8.2
OreGenerator 2.0.0 by vividmemory, LetTIHL for API(s) 3.0.0
PrisonMine 1.0.0 by LetTIHL for API(s) 3.0.0
BossPlugin 3.21 by HmmHmmmmm for API(s) 3.11.0
ShopMob 1.0.0 by LetTIHL for API(s) 3.0.0
TransferAPI 1.0.0 by StimoMC-Development for API(s) 3.0.0
TrashGUI 0.0.1 by Phuongaz for API(s) 3.0.0
SlapperRotation 1.2.1 by jojoe77777 for API(s) 3.0.0
giftcode 1.0.0 by LetTIHL for API(s) 3.0.0
SellExp 3.0.0 by EzMinh, LetTIHL for API(s) 3.0.0
PHP-Sell 1.2.7 by Muqsit for API(s) 3.0.0-ALPHA9, 3.0.0-ALPHA10, 3.0.0-ALPHA11, 3.0.0-ALPHA12, 3.0.0
AntiVoid 1.1.0 by FiberglassCivic for API(s) 3.0.0
level 2.0.0 by LetTIHL for API(s) 3.0.0

----------------------REPORT THE DATA BELOW THIS LINE-----------------------

===BEGIN CRASH DUMP===
eNrtPWlz3DayfwUlp3bl9+Yi554tpyzrsJVI1qw0PnaXKRdIgjOMeIWHpPEm//11AyAJULI0kiau
9yGqxEM2gUY30OgLIPjfHS9OQ5p/uWJp5sfRzmzQ2sn9kO3MjJFpjHq9Qc/owI9hGK2dIhGPJr3O
dNqb9nu9SW9g9CdmayegWX6YpnG6M/vvTr5OoNQOvz+8cRhUA9StnZBlGV3iow+Ryzw/Yi65oqlP
7YDNyCqxil6PjimU9IogOPIDLLo/s6wPGZBnWXtu6Ed+lqc0j1PLOmDZZR4nlnV6sXdsWUlQLP0I
ip3P31pWljoAusKn1I86ySpBtAKlLNmFgl0o14ViXSwFJQIgamc2HkEvpNSBy//svOiRb1XYHY9e
zkgSO5csB9KYZRW5HwAJH/BnNmNaD7yjkRuwdNePcrZkKZm0CPDiR8v/mMNfyN1d0unQqtRo8AvZ
Wm+0SEkGMEtomtL1f8a/vIQueGGQJEQuOacVb12BsXvK8lXsHl6xKD+8YU4Bje8OTOyGEn37x9xP
dmP7V+bkWucwrISk0TUDiuf89zS+Yhwbb9u8t+1ztgSGWcrcE/yNoDMnvcYIiKJAyW062z8yfsUq
4kqSW+Rp5PbvJpfX7PJiu5PJNwi8zUz7R4cGgaj2NHoGd9Mjiu4ao9G4QYzEyTGI5nc5ouH9iMa3
ul08af+YpLED0/w0zvJz5gBWJDCE30wgHt2NOABCgu4J/rs7GQ6+gTyOPiQuhfErZdcYjHoc7fhh
tONJk3n+1LL44/aP1MkL4H99EC985/J2E5O7m7hgKSjPXdMcDe9F734D7fR+tP1pU8WIJzBYK+Zc
Ik7RJ5mGukXcuAAdQhQ1PpwYYn737m/SGJrfaDJHDgQO414cxnR6H465EBLQHAKZeT+y4eRbfZDl
NM0lkm/MxTm/PIXLXXNqfAPPly9OHIEqLZxq5r2hGdsHs5adxNRl6Z0aQmp71CAn8XKJpaSu7o8e
oaurWoMnaXjB/uBB9vtmk/1MdLBAIKf8roGlUvZb4adsVxI2NX4hyYqms253f9bl5HU16rqSuC7S
pjTaPp13sOIdZL3c+eWP1g7botOwsXWHdkWpL350FQdCQUFVF1h28p3yKUAACdw6scuQxtEYQAT+
ADaawDX+TiUsgfnmO8QrIgdJJ2gEGzqa/MCuXv4XKo17shL+/SA0OnmFj9s/Llku1ezLf2BRQy26
SrBYvvKz9o+rhBfelfX5zXsast2XoqKpVlz6VKmKd9+uzPkb99XqLjyqq+PdfdXlH2IZqFhCeqMy
wG/vwYP1h1Dfyq38h8uorngZPUT86Hb/grZgkbuAUbF2hNAE4sexCnM0Gs6IuE3Fj4d9LYWrK35H
kgEJxWrGpFGNIaGWFWkt2FB0aDszWUSOhtL6dCCf2aREw3vc2hFDWcrdH3gzKXnDm29JXxwdMJqv
dg+j3M/XBzSEOfRmLe50WZxossh4CUUWRRUhixOjIRN0qcmtaEYK7kSRv24XfS0EqlLle7tlezBh
cxo5LPaIEH7yt7/VLdx6KghXZUuik4IF81VKiEShigh59Qo6No6gczmaoY5GYU2IzKnQQJXY4Ij1
TJNoQ0zfWIXBqBGRyxVCvEG0JPkKgU4fmQe4j1UgkqLwCB+4HnF4CduTTzh0SlYxomA9YvNfJ1pJ
QZiMbtEqOj9j+T72UBAwdxfsGIPif/wVxPwVxPwVxPwVxPwVxPwVxPwVxPxZQUxrZ4l6jwYYIUQU
E6Q7Wl0gzIZxqHOsO/2OMe0YCC/8wN2ZGZP+sLXjZ19cdrUz82iQMYhB0jiPnRjQDvoGNOJjhALe
h9ubGL2e2aOeMfTsvjueGubYGY8dbzge9SZDxx04DuAuJC2f/MiNrzPyfkEODi9+XpzN2z8fGR8/
v31DRp0+4SSQKUwvslsWFRJFzB4I9blJLsD5cmnqkkPXRx/gJdk7PRgNME5aJdDCuNPvmMjOV/CW
OHvyHh5/iTOk4fj9+wUA+M01j8WcOExiGIMvgW+n4CywDPuPuivgOWXdX7M4akMZGZkZHaNjvvYc
0xuPpuOp16ODAR164FSb1LSBeLc3Hpke67HxhI0BvUuBAyA7DrtoEGzqXLavaOC7ONCAsIguo/g6
ei1/kdh6YG0/oumaTwwo2oO2jf7rHrUZ60/cATMnI9RInjkynfGUmrTvjqZTd0KBNG+go7qzcaPT
6/RfjwagzQdQZzSyHQo+/3AyGZoDk8EYmn3HHLKJMxxSs4EQp3PAp7OkzXw9HQ/HU3MyMAejISjb
vg22jfZBGnrjvmH0AbcznRqGrWMK4iXHYHaM15N+z4YeNR1vOmLeuNeHlpHh0aDfMz0T/ukbDh1M
b2FoJ/kqZdQtO6r/mg3GY+Z4I+aYxsBz3cHAGIJj7NI+3Ezdcd/2oLcY1VGFEKxIakavodHh2LEn
jgHdO50Mp6Px2B5MR3Q8mbj21DQ9d+h4Tl9HEdl5yc/k9dSbmECwO/ZgTBx3SoejERsM7FHfGXjG
BIK54ZiySaNz68t2mFQT9fUjZp2CLKWXINuiX4Am4/XUcdhgOLEntueyPhu4nmtDXzuj4dRzxvbY
Y+bIHjoNCcqiOP7KZPcOX4979pCNp/0x7Y0m44nrgkakfQO4ZfZ45A5H5nTimY7bQJIEHMMApGVk
9yY2ED5xBtSjxtjoT50pNWwYGMMeAC99w2XGyNj5o8qT8Ll5SpNjDIsOoyXPo1TarvGgtVNrOpy3
OEy0AEc2zTAUOaI+GJmLf12g6qSJj7A+TIge3rMIgwZQIhjDwCxmCagUrAbPstjLD1RASHmOpkKI
RkylpHmPGSCYOKifzy4Wn87OTw4AdM3szM+RD4yYLgKaJCxVuCshOlsjrr8Vtn6Nf43ZGP80voz+
0xnLRMvCNj9E/CrPkwxMG9iJVWF3QHV2a5K6JRPA4ac4DVxwXnJMddVsamCVVxO0+UTnFVRZEay3
NX4Cm2VdIwWJoKDJ88Vi73zxYf4Qx6dg7z2fBa46k8vAN08Z6hkMV7oat9Apx9HVBVNlWgL0QUcm
tY54E0Az7+LU/wqe17b6Q0NqWYIScMGFzt9AhucxeNF782PNIZGgJkONyRlHzIb/ye/kyL+BMB4s
KBGuObHX5ISGwrP5+F5jdvp0ZmWD4AkihYARAqWa1ntGHxldpL7L/YOKzxLywLjZaXzps1CfqcOn
cyHxWZZsH5g4rUl5cMAODj/6KSe2YqQC6ZyYnbHOSQIuu4+NXJwdsW1JoEBqWVecBMsCt1ReKWQ9
NDZ+yPbBfwMJ0tSpDm+Ok6lzt1ixA+bbcYMx86mMaY1vomOQkyPKU6oZqAuFDxWqcwHOb0PcFixf
YY7ky/MGaGcvyv2LBCZhynuksn8VJZYlbzaxGMjbWYRrIgu+raNiTQE2ONPZ+jdzMXY1RtuSuwqh
ZdU0PNn8Vdi6CkPA8ynom/UHVTuWEI3bxhAWPlC8SKnvb4tb2epm/HHC9+eHi/jAzyBCclXyNbg+
ZIOmn/ITvbk8gDBzS0z8BLENqAXRNhLyCHaKIPe5IVZ5qYE6I8Ombtj/ypzV/BR4yeDBR//Gv9z/
N987BJFbVlz6cH0JvoV/uTXL7GCTSQjqEOxyiJRynwVYVql+rJwqjHQVRGjIT9tvGMWsjmrKa6Du
pt2ycr9SCKKv11Fk9LbVAwpKy7I5GZZVk/PgmO8VeQwOjcJOCVF5AQI7Rq8pt87l+xiEbFX42fbY
cSD8l0gtC5oD3+PKsmqiHg4YDhcfj+dqvCAADRdaZwYnysf3ZHG4d7o1bcJRYjYw/+gnm1DOxSxr
hgC6VCFJDY8jK9IrGrEcRP9yW8RznDICgHGoCNloKkn/vsORdICy7guBiLtW7GoRx4HKZgVqBKq3
VGWdxSMLRsOtxXUlAZgNrUh5XKBTk9atcKDCKFI2Z2mo6YsK1rQMZtsxqc7yaHB01OuRvxFwJjBT
fBx5fuTnW4v1vogGwD8uqVIun6A7eV0Z39V40LiAn3St6c0Sok/MhlE5vIqDC6B9a7NSNIrp7rL1
DQb6+vq6w4ASxNrJL5GfQ9CwcbjWozoFqHI17IybfMkwa1tsVVEbExTwuE2j5uEgFciNI7qILy59
NfDR4besgs7WZxb5NDigWPAArlkgbKc2U42n83nD8bsUjJxG12Oi8aM4DfVhKyHNsKG3UUbJfIa5
qzBCoCCIqC42YYVnJrL9OAK6cy2qaz7RJ5nRHLeQ5k4KthdKbkkia4zgj+jEPGawDm9yQM1cgUKd
avqDZo7TbDorVz5LyQmLo+l0pMdHYGee4W0j3hItTDmNqs1db1SV+yuaN8wEB92KH4y7TMSjxk2x
QbeD2rm/XK7LGHan1QisP7MrPy6y+WG7KvINa4LE11dbsCUcDY//dYMq7huZi3YUR20aJKuGQT3g
24KGBVnwrTygqZod19oZPEfwVyEG/dyQloQ9HHnRm8PIWdEo1wykAm1mnW7r3ThZ+YHvbM0zUFCi
HFekaDebMLdfZHkc7gUw91XuNHBDPf25PoDasmU16HiaN/AzYwnEJyzK43StMKnDGyKqc/nzKqZv
aehHS5lN2garGlLL0sjZXDv9vF6yy3MaXWZalkYDP2A7edmU/hbSrcUoCkrgTKFlc8YwrPw8bwS/
n+e3rMkdoe/pwTYzNqcHIsb9PH9ydk2g6UoOgLn3PMnJy1f81bAHFMonmA5fC98w+9tis8ZoWRUZ
T+a2xtatecIs93wvUDd+iPsGs7d8n3VIU7ZFz4fjs6w8oUGwuTS+jxeqLPLbZj6+EfvT66/0emvr
fojMsqI4T548LoIg9GjQixC69Q7TdtdT3QYMmpPugEKlt4Vu34xnrHSVCMFHuU3NncAn9EfZSPcO
dF3hwtOvfnQUrDXnvYTpwz9pDr/vHwWg3f0Ia2xNgHWs6L5LcpTLTeSZOQpPzLkvm3/qnDBbN/AT
UElPDfI5NgiGcVXJWbEsf4Qnftq+WBUBxC1v4hvWyPNqT5pTs8GSn1B3ONjamHBslpUJCuz4ZnOW
PtLIDwIqxY5vm1XYuuupytrgdh57sWJ7X6fm5A7Xud95RnR/JUgBnyxO2RMmW0lX9y6eMDUcOz4N
LhJ1rtWwZojcYHo/pR4Er2bPGMH/422HDU7o4sYivr1kP3QvxPUmwwsOHdCWrY78G32/RAW9P2mz
rVg4LH7LcJHaj64cbNnzbx4T6e8VPJx8B8El0zwyBdx0Wgb6EF2sIOqeDm+euaqr5c3UflTy47Il
XKLg9K2QPvThNGofXqxI4mipaZkScv+GiS1pFWBuPRxalmx0c5XyJoUSDt+6o9otBdpYLPxzIzql
YbBRGhVPi+fe4CZcljZXKjRwUxh7bZvldKNF0T9j+dMWtOViIaNB6XOWQDVU5TKVnNeNtapqtt+7
2efPCZ8UArSbTcT5ne+W21DU4dbAD3ji7/zQZo306ejpXEl0lqXSsKFXLqp2xOaKNyyHifAxzv1o
qUqyCm4uWzc3/Vzjq0TuM7XqXf50zW8u2sA1bCTsihOGK9kamQ97b9gImIFES1So0AcS4XdGGebz
TAjfQyAhO9+MPwR92s2z4w2BRsQZNFq+i32tX2rYPa75Tx/fk98JzrKP0c/gVT13iUBZbVF6SZnP
uGi+qR0KCudybWOyXWFLAT6giU5Yvjh+d7ItVVQ3vDkH7xgNjhhTt9xUIE1Wb+tQkRv/phPeqjYL
DJ6rX+fl648bMrVgYQLCpQlbDbt3J8ZFHGX0X4ttu9cSrWVVZDwiS+j47nEW0EgdJAWo788wO1Od
o7dnBxe4MeBjtE2/VG44wC1ryuQ5Xc+DGKNd/rtR0okmEDapaScBuEcjJKsC3EX6dWu7WyU+yxJt
l78b5RiyDN9Yp0Gm5c40cNNRM/8MV1pt0bIa7W+4RrKgy9srJBz4wLL7AT0HnbH3W0G3NSYuTQEj
BYybzRNXbDjsBAyDeNphBQ9v/K9MvGarRjg18P7N71tihbd3Il5vrq83GZUPyduUuurkKCHf164U
yebK6pxd01TzYktIYxvZ98z3SxK2ke2XqLhPc8qiQt83LADfd3RCaPQxm2wpf59C22IrQfosNzpB
ctmg/InvezRNh3yf4x6mlJZwN60gsL7ayLIsKZ5OoUYdFege6/I2ZSz6if4aby07UGN83MrgfsBo
ekKXy8YCYQ3Xp9StlOFWAqc7YiTcFusgEQEQIRYOVZoenTYVePeydVCEp/tdHR9G/DRN3moTrYQ8
MNPOQYTmEOmttrev6Jx719j+5oMpDOlxzsJb1pUDH+BivmV/p255cxYu8CXsd4XqgVag5v7g75Ju
KVt/RM6wWOspagm4RxcczT++3Ts9PL8zxhlzL0gsFLW4Euw/N0oQFD1isch3LukNO5KHPGkpB/3J
9zVJiWh9c0b+WbAsl/FkzYQKbai6RvIrDOE/+HvcRs/qVd57t1OFK8RsWb8VfCGPE/UELVfS2FW5
AtZXLEgUnvnt9x0tbPIRDt78rerc8fPwvqtsXT2CWA9M71fVgZaAB9ba3tArjwbgs0y3tkJQYbQs
QcMjtj+t1PcM8U4lf6STfpx/PaK2/bjtmPetOH1z7UY0BJp4FSePUVmYhk3xbJ9b+zEEtJkNnv4p
GdL708HNvRmcMu3m+XsxOBoeRzg0cak6xhLwwMR6vwQC8Ty5YUT2qzPmDmi0Irvv9w9ebkt2sR0W
7YMPgrjl2U9V7mmj5f9s9dFsrPlzUGOj26j5ZlGCWw1se72994pKjJZVElFfbbpTmh+B6LPsc2O7
dA3XI6lxc+RCP7jsDQzMjZ6zK/+KBvPT0/nWdhalAmcShjAxkwLDD0GY2A5dkvnol4wUWrs6v3/g
oUeqd7t82K3dsl1YPsaddVleKNTy2wc2neyf7OFyJPn9d7L9EFEiBwb8iL9Xv3k4nzff1q5A3zkN
UeSPsGkp46ecfdH8PQX4fWmXDT8ioqt3yCgRnbpt5l7y38V5torzd1uLip6+e+en2I8ufTUdVEK+
7xBc+o/o/kYovUkQvWVy/UdFz5jRuGBBoOUwFOADEfRdtE+efuiFRLc5+Wcpe8uPtMtjVd418AOv
noPh8N2QhXG6bpEtj4VKh2XJy41Wb+apn8XRqX56lQL8zpENbziUB1VtmNSIs+xW3KwAG2uDW46b
m+7QRnG0DdRZFtL4nCha4RHTUxCDnMa2mp2SkO87hNmjYqFFSqPMY6n+NqgKfYD6i9wP49P99gF6
5HHCz0bcEicKFY9iKFvpmdoK9MAS4raTnJ/iOMDjl0Tr8uoRB76dxzlt5NSaTx54heUbr+s+ZyVR
J2DzcVn6Xl5+s6B00EvQd/bSZbOPyDyDiTy8UVNkJeQBq3n4FXT4auvWRqC1rMPP80dmPt7N20i6
ampK0AOHep3yrc1NDtp7J/N3e1O50UbeGr3GvdG4N8v7J0shEIynvj/C/QED8TH2te0rJeiBV92O
fJulSzzidB88CGd7G3bxYwgLeulHy2D9hh/valklUfXVEyzUXai7FT7cM4bKWt0uxu8f8J+27mpA
xOMvN56GePAnTYHenDWPQikPQ+bGn58T3ElSjD54imG282Je3ZH9OPL8JcEPs1ipFb24oDk5pWti
DIkxmBn9mTEi/9sbE7NnGlggjHP31enZCal3OyFYNNNO4jR/ZUyNvonA6xUQ2w78LH/Vw3saRXER
OXjcIz9nnTorn8lT21+B8kQ8eARHW54wCV0vKob0RtbJXplDhCwpeq4uE8+9OAWsFSz2PIRCD7i4
JFXeJ1eJbMX1Pc93iiBfv+KELktftZ2xHDeWZq8QzMWgjTLxKuAJqgqWMeYqRfDDOK8ODo/2Ppws
ECrGv/1bwdK1bFKCUgd4kvTgdSeBeXQdp+6r/+F/0EkQg7QzesVkxSufXbddX3xd49UEQTd2fNNG
SZRFYBCWBV2yVyxa4r12rmxnHeK5si8IihVx+HAXKbdWfNQJdB7RZAekgCxWLGOk7A1CU0byFSNx
BCKTr0BGHBzMnNiM+JETFC5z4YLckjbEdRGHUNNDBE2cGfVYi8S4GpwhSmLDVL0k67hIJS7iewQG
1fd83gKMJ37/J1gj4vfsukLXdZlHYUQzch1Hf88JmmWaEuzNEJjFM57xEyYEvz4i+L5esYgUyTKl
LiDoWBFKsUA2syJCXnxa8ddISR4T/MYIARTyAHXoA/TFAohpXPGYkxrE0AywClcs5/2FpzI6jKz4
FzkQEiJmIa7lqM0IP00cH2SrIndjmADyi0ozYu3Ig76dIM6Ya+1wyvaCIL4mOLGAmPKrIeTKp+Sf
KHJYhsteea7qjKAi4lUPuRzKOvzsUJwiBEYMOgWx2WsiuxLLS7GtHivEvvjkQ4fEEfQrdV0C6kt0
P3YrHr5PQkYziEVwehPodJsh0dA57LeCBthtS/8Kyl7RoGBkVzYKiuYlYhctwoRhqFPa0O147v0M
HvO23xchWCGUqr1sHTkLml0SPO0K5KjDC3yA3uKiXXKKxVZpDBoIRg+KZy3Cj6AicvLDfGgRPPEc
GEGlz/sGFC7CwiICCcIiAvkFH17gCaQsjW98kDAG3QAsccmNKuKwbyVBxx7KKpZBmWwRP/87dF+e
8mouQ33HRaZRmewCDwXMG5N3C2ejLTmdcVRNWaVcONIiinA43ToOEefIZx0CsYm8JqG/XMFkRk+8
pU4+KTjYI2laJLmAig7DjgmBNskXH1yYlPwgeFdMCHoFlhXIvpsClBGUOYgXfZCujiJoULgtClWS
BuqfJynEpHwLmhikB60oEXCYB6Gf49wO2ZLa6xx6nFyIru7xzvUzxM2rL3DUrn3e81yiYNJetwWi
UsgyzqHnA4mgkfiXSxANrhGWTQohh9EqcJqSZQwDFeM0RanAhpaczDYnbUZ6yAW0zlWwOIz9/z0H
6JbcRz9a1+fRn+VxwkmQ6rMiSaLLCKgPtI+g90qCsNWSKqNnDiRhXAl84rNC0pf9fQsU8nnBSUKN
QZwCjE8ExoeI7/ugdMeCZDEj0VhVpdmNA15CVnMkFNfZ4nBGFu+OL8jJ8enxguzN5yfHhxdkfnhO
wM/7+fC8RaAQWZxBqUPy6d3ZySGZn5/tH15cdJoqQOsPcziS3TFnqR9zg4yKOEMG+Vdcyt6olK0B
fQ8ugct1Cy/SxkSdULMcFfiHwCcoaJAm5PdbwiaEDDw+NIARFpONccwCCajeWpELi8TbOEMbgnae
V+jcLo2yIH1qGLaEOegOiJ5FcsW4iroVDyBeLMlqVvs9yWv28m6SJOd9yfmSpjbMjLYTB4HwRbkC
urt3+VRDcmQtImuB7g5pxD/3o1ECjlkBMviyVdqEphCWYijMq+cBLsFvWE/BDjkTOl8IPHgPcRG4
FS0+GJHriNT0ZwJxwskHRke9nuQVWjviyuKWkeSiIzBUvHlpHJbGVtSWJdqqaKojjNzIkbwlG+QO
kdKk46J0GHHIUmgJxVAKsluEifCuhAtH5IM2PijH6wALyQqcdk5myQHcgZmHyU7v6GAw2mD4oIUr
ELIsKxgqhnwFo7YsvU1UWthaTVWrHEjhI0insiOowaLf7CeMc5xVEV1mJe37NEGoHxYh2Fg8vICU
sQAOJJHfpeRU1P2K80V2JZ8xt2UMnO1EUsQbbKMXXIDRHVQjdhCLR02ZFp8uLPGLwuUUErhkQZUz
7jm0HYpHL1TjAqRwXwXcR+w9oE44GAJLgkfFYaCBdQSHNXdQTfan4KdsGQvX3i52IO5aLfHej+o+
ObQieZzqTJoIcM1WcSBcTJvmEMmiJ85JzvCbd0QaGa7bROQjnwrTYrPK2RTm7YU6SuUjVKvpOkfk
LdI2lAHkg8cbbuclMdIEcK1d+7E8REUX0hWcYyzDHX2sDEBJVoe8A1+QfysSnTuyP//QgrpAgw3z
69p3Qey5ryC0Z4W/zfHPyLh0u2uPPOO9o5TtkD0XFNWKBl4XP2HAwwSXgQzLpqBRgnkPFDBlItZm
T0GmhiKHN6jV0MWkQUsoTWxafiypQxYptxcx96Q/zKN56YfXsSGGGVgJ3yVAnEUSJW153wh8TuWE
zPyvrBpq9NjLEcY3fUpvCjx6ITmK1R1MTVHpZYfMZZ2ApktegcogVYoJb9FL6RK5g+ECtrIk4M4M
Rp4hxfcvoeUUh3A/8DGZwkNp/LQWy3JyuvjAKc2AJWTbLnKCoTsf5bo5EXd0SjUU5kUba804tTgB
XGYXy1kZy/xIDIxhpCe3glnMnxMZuWYi1kYhj7JY2DQpKAYiE3pLYNtfxRDbonCWIQwrg1Su3Fya
U5LRq1KJYnKkTCHhs3q+U7DpoAkYzUsdA5SKb3WVLjMPt0CEuLuSJUx+QCOKncBPCK8L/YgZMIei
sITys4JS/UudyfVWu3wmmsxqbVEmidRswoKnA4QAgFiB4IlECi8rR7vIZFrCwYyl0AuyTlvUmZEE
HIorP8BmhM6T81m2gkqbRsvKqY6wWtC0Ha2ylJZdujODI6K8vTAuUKY9oZyliGNXirQcN0Y4nXns
DgOD19yaQOVzbluUypzxiIlY0WYCmc08lEieAeTmYFVKAB90nhjUrJRgHxuq2IeZSWiTVPmpSGiN
gQG4i8re3WTSFDCBfJSCCMSWlfG3oqbPpRsj6XYhvpGoaAv+VgZviGdClVTM8QFvjL8dnPEpif3J
UhxpIj6MRiR3RGYeSmvH62isA742MckLsoSYJau7p85uVD3Uud1FcrJeU58HNaA4wOMXY5PESRGU
wihvUO3zMlJF9LmC4N5wO5HTGrUrztQZKf1MntkU+ZyZtHiYfuIxlgALgyHHC9/2rxIDbt1vKO9t
XLBqgKrppoOTFbhmXqyMCMyytlglqEquYhwZTkoH9+h1/JhTHMXROsQYIcP1vQw4zGrSMfCRz0n9
nLPAVRZdLlOINkVmSaahRLSN3/y9bPLH6YMZfHZwht9FbEslKGwBKoVrJhxRClPnmreYccJrBjis
o+R+wfRUPS9EUwzOrU6FARXPpTCB1cNv+3HdrfpTHB6rXQcuaoRyoqR5WoSfstoiePoJN1h55bKA
6vUYhNEwhKCBIjQI4mlpWETSiGppI7kOoxicAtwzsG1ci5XKQiLkIy+el23cGmnBqzrUuR/Wulpa
JESK5UvHAUcWFSY2yPNhslKZ++zUDcgnagtlb95v86TaFqMrZoWSZpA4AH0u+7NMKKwkkGsMjAik
kyk1BuZnwY93uZflexUicNWBEZGMRw1URtlCxwE+qSJLy0YDn2bShQevi4ZJUN6hEwA0yrGalYMm
noHcYrpnRv7DrTfYzxbP//yCSMWnACozqS4ScDbQk8IvNYkIu1yr4aHzXRaLG3RuoTPuTPLIDA/c
AFqluVXJF+1yGsQlwdUdtArCetUtzsjRyd5iZv5j3BpOb4xW/6bfMv9h/MNlTix07C5+wMxB5fpq
0hOqWNwNhi+F2yPy8WpgK2Y42hboY5l34q4HTxzBqDlrIj4ZW6SlUi69+bTK5HONA3jAVDl8pSQr
O6xdrgKALAj/7sURVzW8KV5eQ1JwT0FAviiQNne2OnWKLOZfGyfsBhRfJgMh55K/i8udfugR2w/w
0/E8ZublkF/+qfhAmBExZwSXHD84I2mlq3daOwyPz858+X0Vfgqc8jVT25EfpawguAKDX0LVYHH4
xY1zUIYaFFftNECRBuo9qgj13vMDfrhVDVmG2rdVV7ifRbn3YZZdqQD8YipfVBfbz0NbLCepRTL5
IVcVljg61+fMk4G4VpOr/UwHgYMSqpCL+Yl6G66z3wL+QVh5RYa4D8jEPDxp49dlh71BbwyXPxzD
lBg7Dvw3HbHReOiN3LHJho7X88zR2BtMmDEaOya1bbNPfgDceXzJInAPtB5bU74aWb7g89VPxCaD
IT+47av4GGdVGm5vQn1MYmTH7PX6hmHiPov5wZnWVW78hbPSBALI14cT1EWUZVrBCx8VwudTrY8a
FMAthqQ6WwC8xvNmNaDy2VV8HcbALwcDwStdOGtr/YU7Y+onbbGL/KX41K18nxi7iaM05LEiXKG5
dvlZVZTjdJ3kMQeI1/KW7q0x9zUx4X3TV0Epg9mA025ZCGEsyfk3+mxnc55KqSv88cf/ARINyHI=
===END CRASH DUMP===
