PocketMine-MP Crash Dump Fri May 21 19:20:05 +07 2021

Error: Undefined variable: sender
File: plugins/RPG/src/pvp/Main
Line: 75
Type: ErrorException

THIS CRASH WAS CAUSED BY A PLUGIN
BAD PLUGIN: RPG v1.0.0

Code:
[66]     }
[67]     
[68] 
[69]     public function tip(PlayerMoveEvent $ev){
[70]         $player = $ev->getPlayer();
[71]         $hp = $this->hp->get($player->getName());
[72]         $giap = $this->giap->get($player->getName());  
[73]         $dame = $this->dame->get($player->getName());         
[74]         $maxhp = $this->maxhp->get($player->getName()); 
[75] 		$kn = $this->kn->get($sender->getName());  
[76]         $player->sendTip("§l§c♥: §r§f$hp§a/§6$maxhp §a☘: §r§e$kn\n§l§b▼:§e $giap §c⚔:§b §e$dame");
[77]     }
[78]      
[79]     public function onDeath(EntityDamageByEntityEvent $ev){
[80]         $entity = $ev->getEntity();
[81]         $damager = $ev->getDamager();
[82]        // pvp
[83]         if($entity instanceof Player && $damager instanceof Player){
[84]            if($this->mode->get($damager->getName()) == "on"){
[85]               $damager->sendMessage("§c• §l§aBạn không thể pvp khi đang ở chế độ hoà bình");

Backtrace:
#0 plugins/RPG/src/pvp/Main(75): pocketmine\utils\Utils::errorExceptionHandler(integer 8, string[26] Undefined variable: sender, string[64] C:\Users\Administrator\Desktop\MSAI\plugins\RPG\src\pvp\Main.php, integer 75, array[6])
#1 pmsrc/src/pocketmine/plugin/MethodEventExecutor(42): pvp\Main->tip(object pocketmine\event\player\PlayerMoveEvent)
#2 pmsrc/src/pocketmine/plugin/RegisteredListener(80): pocketmine\plugin\MethodEventExecutor->execute(object pvp\Main, object pocketmine\event\player\PlayerMoveEvent)
#3 pmsrc/src/pocketmine/event/Event(88): pocketmine\plugin\RegisteredListener->callEvent(object pocketmine\event\player\PlayerMoveEvent)
#4 pmsrc/src/pocketmine/Player(1667): pocketmine\event\Event->call()
#5 pmsrc/src/pocketmine/Player(1780): pocketmine\Player->processMostRecentMovements()
#6 pmsrc/src/pocketmine/level/Level(854): pocketmine\Player->onUpdate(integer 834)
#7 pmsrc/src/pocketmine/level/Level(787): pocketmine\level\Level->actuallyDoTick(integer 834)
#8 pmsrc/src/pocketmine/Server(2265): pocketmine\level\Level->doTick(integer 834)
#9 pmsrc/src/pocketmine/Server(2396): pocketmine\Server->checkTickUpdates(integer 834, double 1621599605.0652)
#10 pmsrc/src/pocketmine/Server(2152): pocketmine\Server->tick()
#11 pmsrc/src/pocketmine/Server(1992): pocketmine\Server->tickProcessor()
#12 pmsrc/src/pocketmine/Server(1586): pocketmine\Server->start()
#13 pmsrc/src/pocketmine/PocketMine(291): pocketmine\Server->__construct(object BaseClassLoader, object pocketmine\utils\MainLogger, string[36] C:\Users\Administrator\Desktop\MSAI\, string[44] C:\Users\Administrator\Desktop\MSAI\plugins\)
#14 pmsrc/src/pocketmine/PocketMine(321): pocketmine\server()
#15 pmsrc(11): require(string[91] phar://C:/Users/Administrator/Desktop/MSAI/PocketMine-MP.phar/src/pocketmine/Poc)

PocketMine-MP version: 3.19.1 [Protocol 431]
Git commit: a7cd0810020af15fb3d79127c77cf576085cd4cc
uname -a: Windows NT DESKTOP-KF1VXGB 6.3 build 9600 (Windows Server 2012 R2 Standard Edition) AMD64
PHP Version: 7.3.21
Zend version: 3.3.21
OS : WINNT, win
Composer libraries: 
- adhocore/json-comment 1.1.2@fc2f76979f0a44a5f5bc2a2b600d0762fe0e78e7
- daverandom/callback-validator unknown@unknown
- pocketmine/binaryutils 0.1.13@0abee38d4e2861621f262c79a2a3d699d8a697f4
- pocketmine/callback-validator 1.0.3@64787469766bcaa7e5885242e85c23c25e8c55a2
- pocketmine/classloader 0.1.2@9757928424652393b178a3760073113aa7c9911b
- pocketmine/log 0.2.1@830b44a2cf96ef703c550abe64302f230231ca49
- pocketmine/log-pthreads 0.1.3@e477ecf6ec214fdd4415ea1da3fdd9d73bf699ea
- pocketmine/math 0.2.6@43057cb8c179a9859677b496a788db922fd5cfc3
- pocketmine/nbt 0.2.18@9f82ca4d7f97fcd9a566e44b63c4f18a7657ae82
- pocketmine/pocketmine-mp 3.19.1@a7cd0810020af15fb3d79127c77cf576085cd4cc
- pocketmine/raklib 0.12.11@9cce458b8bfde3e4dfdbf70c659fc7b7fe26b5c4
- pocketmine/snooze 0.1.5@70b5e7937a06878dd321a3182ceb76d56298f2cd
- pocketmine/spl 0.4.2@6b08b7cf8c4afa17139c9a1b3bf1b408531de161

Loaded plugins:
InvCrashFix 0.0.1 by  for API(s) 3.14.0
MaxEnchants 1.2.1 by Xenophilicy for API(s) 3.0.0
TPAll 1.2 by matymare for API(s) 3.0.0
MoneyUI 1 by TuiDepTraii for API(s) 3.0.0
AutoXP 1.1.0 by JackMD for API(s) 3.0.0
CustomAlerts 2.1 by EvolSoft for API(s) 3.0.0
WorldProtect 2.3.8 by aliuly for API(s) 3.0.0
DEVirion 1.2.7 by poggit, SOFe for API(s) 3.0.0
VanillaEnchantments 4.0.0 by TheAz928 for API(s) 3.0.0, 3.1.0
KeepInventory 1.0 by KhoaGamingPro for API(s) 3.0.0
ec 1 by McLebt for API(s) 3.8.1
WorldLoader 1.0.0 by JackMD for API(s) 3.0.0
MCPEToDiscord 1.4.1 by JaxkDev for API(s) 3.0.0
FormAPI 1.3.0 by jojoe77777 for API(s) 3.2.0
ExtendedBlocks 1.1.2 by Javier Leon9966 for API(s) 3.14.0
PersonaToSkin 0.0.1 by XenialDan, DenielWorld for API(s) 3.11.0
OnlineTime 1.3 by Zedstar16 for API(s) 3.0.0
Sponges 1.0.0 by  for API(s) 3.0.0
BuilderTools 1.2.0-beta2 by CzechPMDevs, VixikCZ for API(s) 3.0.0
Worlds 3.0.7 by survanetwork for API(s) 3.0.0
Broadcaster 1.5 by EvolSoft for API(s) 3.0.0
PM-ShulkerBoxes 1.0.1 by ipad54 for API(s) 3.0.0
EconomyAPI 5.7.2 by onebone for API(s) 3.0.0
MSpawns 2.2 by EvolSoft for API(s) 3.0.0
Slapper 1.6.1 by jojoe77777 for API(s) 3.13.0
PurePerms 1.4.2-c2a by 64FF00 & ProjectInfinity for API(s) 3.0.0
SocialSpy 2.1.0 by Crafter20162017 for API(s) 3.0.0, 4.0.0
PiggyCustomEnchants 2.4.0 by DaPigGuy for API(s) 3.19.0
FactionsPro 1.3.20 by Tethered_ for API(s) 3.0.0
DevTools 1.14.1 by PocketMine Team for API(s) 3.13.0
Farms 1.0-non-alpha by Dấu Tên for API(s) 3.0.0, 4.0.0
MapImageEngine 1.1.3 by FaigerSYS for API(s) 3.0.0
NoTP 1.0.7 by awzaw for API(s) 3.0.0
MultiWorld 1.5.2 by CzechPMDevs, VixikCZ, fuyutsuki, kaliiks for API(s) 3.0.0
BlazinFly 1.8.7 by iiFlamiinBlaze for API(s) 3.0.0
InvSee 1.0.0 by BlockHorizons for API(s) 3.0.0
PM-Beacons 2.0.0 by jasonwynn10 for API(s) 3.0.0
TimeCommander 1.0.2 by TheDeibo for API(s) 3.0.2
PiggyShopUI 2.1.1 by DaPigGuy for API(s) 3.2.0
SETVIP 2.3 by MCPEVN TEAM for API(s) 3.0.0
AutoInv 0.0.10 by JackNoordhuis for API(s) 3.0.0
Trident 1.0.0 by brokiem for API(s) 3.15.0
PointAPI 1.0.3 by onebone | Fixed and Update by LamPocketVN for API(s) 3.9.0
Netherite 1.2.1 by Wertzui123 for API(s) 3.0.0
HideCommands 1.0.7 by Himbeer for API(s) 3.6.0
BlocksConverter 2.1.1 by matcracker for API(s) 3.0.0
KygekRanksUI 1.3.0 by Kygekraqmak for API(s) 3.0.0
BetterVoting 2.0.2 by Twisted for API(s) 3.0.0
AuctionHouse 1.2.4 by Shock95x for API(s) 3.0.0
BangHoiUI 1 by JVN | JackVnKiller for API(s) 3.0.0
PureChat 1.4.11 by 64FF00 for API(s) 3.0.0
Kho 6 by ItzFabb for API(s) 3.0.0
ScoreHud 3.0.0 by JackMD for API(s) 3.0.0
CustomTags 0.0.1 by DaRealAqua for API(s) 3.0.0
VanishV2 1.16 by superbobby for API(s) 3.0.0
restart_in 1.0.0 by LetTIHL for API(s) 3.0.0
Item 1.0.0 by LetTIHL for API(s) 3.0.0
CustomItem 1.0.0 by Phuongaz for API(s) 3.0.0
detu 4.0.0 by CLADevs || GreenJajot for API(s) 3.0.0
SellExp 3.0.0 by EzMinh, LetTIHL for API(s) 3.0.0
AntiVoid 1.1.0 by FiberglassCivic for API(s) 3.0.0
gem 1.0.0 by LetTIHL for API(s) 3.0.0
AutoSellUI 3.0.0 by LetTIHL for API(s) 3.8.2
OreGenerator 2.0.0 by vividmemory, LetTIHL for API(s) 3.0.0
level 2.0.0 by LetTIHL for API(s) 3.0.0
PHP-Sell 1.2.7 by Muqsit for API(s) 3.0.0-ALPHA9, 3.0.0-ALPHA10, 3.0.0-ALPHA11, 3.0.0-ALPHA12, 3.0.0
QuestPlugin 3.1 by HmmHmmmmm for API(s) 3.11.0
essentialsTP 1.2.2 by  for API(s) 3.0.0
BuyFix 1 by FPVGAMER for API(s) 3.0.0, 3.7.1, 3.8.1, 3.9.3, 4.0.0
Joinkit 1.0.0 by LetTIHL for API(s) 3.0.0
WarpGUI 1.0.0 by RockPanther for API(s) 3.0.0
CmdSnooper 1.0.0 by HotshotHD for API(s) 3.0.0
PickaxeFunction 1.0.0 by LetTIHL for API(s) 3.0.0
RPG 1.0.0 by LetTIHL for API(s) 3.0.0
HealFeed 2 by JackPlugin for API(s) 3.0.0, 3.1.0, 3.0.7, 4.0.0
TransferAPI 1.0.0 by StimoMC-Development for API(s) 3.0.0
giftcode 1.0.0 by LetTIHL for API(s) 3.0.0
freeze 2.1.0 by Bavfalcon9 for API(s) 3.0.0
PrisonMine 1.0.0 by LetTIHL for API(s) 3.0.0
TempBanUI 2.3 by SonsaYT for API(s) 3.0.0, 4.0.0
SizePlayer 1.0.3 by  for API(s) 3.0.0
UpGrade 1.0.0 by LetTIHL for API(s) 3.0.0
MuteTime 1.0.0 by LetTIHL for API(s) 3.0.0
Rewards 3.0 by Wertzui123 for API(s) 3.0.0
MenuUI 1.0.0 by LetTIHL for API(s) 3.0.0
NapThe 1 by phuongaz for API(s) 3.0.0
PureEntitiesX 0.7.0 by milk0417, RevivalPMMP for API(s) 3.19.0
NganHang 1 by GreenJajot for API(s) 3.0.0
MuaPoint 0.1.lpk by LamPocketVN for API(s) 3.9.0
ShopMob 1.0.0 by LetTIHL for API(s) 3.0.0
SlapperRotation 1.2.1 by jojoe77777 for API(s) 3.0.0
TrashGUI 0.0.1 by Phuongaz for API(s) 3.0.0
luckyblock 1.0.0 by LetTIHL for API(s) 3.0.0
PiggyCrates 2.0.9 by DaPigGuy for API(s) 3.2.0
capdao 1.0.0 by Nguyễn Công Danh (NCD) for API(s) 3.0.0
AutoClearLagg 3.1.0 by Twisted for API(s) 3.0.0
AcidIsland 3.2.9 by GODSMineVn for API(s) 3.0.0
help 1.0.0 by LetTIHL for API(s) 3.0.0
BossPlugin 3.21 by HmmHmmmmm for API(s) 3.11.0

----------------------REPORT THE DATA BELOW THIS LINE-----------------------

===BEGIN CRASH DUMP===
eNrtfflz2zjS6L+CUqZ2nfd0kbq1lak4PhLP2LG+WEnm2+FUCiRBiSOS4PCQrezO//66AZAC6Ut2
NKn3w6R2x2ITaHSjG30BJP/T8HgS0uzLmiWpz6PGtN9sZH7IGlNjaBqDyWTYHbS7o7HRHzYbeSxv
9SdtwzQnfXNi9vuTycBoNgKaZidJwpPG9D+NbBNDq4a4PrlxGHQD1M1GyNKULvDWx8hlnh8xl6xp
4lM7YFOSMgAm0MzLg+DUD7Dd0dSyPqZAm2UduqEf+WmW0IwnlnXM0lXGY8u6uDo8s6w4yBd+BM0+
zN5aVpo4AFrjXepH7XgZI1qJUrXsQMMOtOtAsw62ghYBUNSYjgYwBQl14OevjRddcl+Hg9Hg5ZTE
3FmxDEhjlpVnfgAkfMQ/0ymrsP+ORm7AkgM/ytiCJWTcJMCLHy1+NYe/kfvno2w27P9G9jYdTVLQ
AdwSmiR08+vwt5cwBy8MEofIpmC1ZK4jMXYuWLbk7smaRdnJDXNyGPygb+I8FOhbP2Z+fMDt35mT
VWaHYSckjW4YUDwTfy/4mglsYmzzwbE/sAUwzBLmnuPfCGZz3K2JQDYFSm7T2fqRiV+sJK4guUme
R27vbnJFz45odjAe30PgbWZaPzo0CGS359HTv5se2fTAGA5HNWIUToFBDn8gEA0eRjS6Ne3yTuvH
OOEOLPILnmYfmANYkcAQ/qYS8fBuxAEQEnTO8b8H40H/HuQ8+hi7FORXrqFeX2AdPY51NK7zLu5a
lrjd+pE6WQ7sb4753HdWt0YY3z3CFUvAcB6Y5nDwIHb3bqyTh7H2JsMaVnkHJLVkzgpRyglJdcxN
4vIcDAjRDfhwYMrF3X14SGNg3jNkhgxIHMaDOIzJ5CEcM6khYDYkMvNhZIPxfXOQZjTJFJJ7FuJM
/LyAnwfmxLgHz5cvDo/AjuZOueze0JQdgUdLzzkVJviO5ahsPZqPc75YaIa6N3yCoS579Z9l3iX7
/UfZ75l19lM5wRKBWu8HBrZK2B+5n7ADRdjE+I3ES5pMO52jaUeQ16lQ11HEdZA2bdDWxayNHe8g
62Xjtz+bDbaveGFnxw6DylZf/GjNA2maoKsL/DpZo7gLEEAClw53GRI4HAKIwL8/ATgcqQv8PYbf
+HeiYDEsPd8hXh45yARBX1gz1eQHtn75H+g06qpO+O8HadjJK7zd+nHBMmVtX/4Lmxp602WMzbKl
n7Z+XMai8YHqLy7e05AdvJQdTb3jwqdaV7y6v7Pgb9TTu7twa9sdrx7qrv4hlr6OJaQ3OgPi8gE8
2H8A/a3Myn5YRduOq0j1kopwB/HD2/MLdgNaz0EqVsPKu106CuQfx8rN4XAwJfIykX88mGv5i3bk
36GiX0GxlzGu9WJAp2VFFfw2tBzYzlS1ULLQxp701T2bFFhwhq2GlONI08DRuGAML+5TPR4dM5ot
D06izM82xzSEpfRmI6+qijiuKCITLTRFlF2kIo6NmkLQRUVp5TBKa8ea8nU6GG8hUFcp3zsoxoOl
m9HIYdwjUvPJP/6xHeHWXUm4rlgKndIqWLlKPRQKXT/Iq1fEavAIJlegGVTRaKxJfbmQhqjUGRRY
1zRJRcL0jZUbjBoRWS0R4vWjBcmWCHR6yDzAfexiGAaFW3jD9YgjWtieuiOgE7LkiIJ1iS3+OtFS
KMKff6cmf6cmf6cmf6cmf6cmf6cmf6cmf01q0mws0OjRAEP/iGLFs1HpC4TZIIdt0bTRaxuTtoHw
3A/cxtQY9wbNhp9+cdm6MfVokDJILhKecYcD2n7PgEF8TD0gmHC7Y6PbNbvUMwae3XNHE8McOaOR
4w1Gw+544Lh9xwHcuaLlsx+5/Dol7+fk+OTq5/nlrPXzqfHpl7dvyLDdI4IEAourSw6KplKjiNkF
pf5gkiuIpVyauOTE9TECeEkOL46HfUyAljGMMGr32iay8xUcvWBPXcPtLzxFGs7ev58DQFxciyTL
4WHMQQZfAt9OIFRgKc4fdZfAc8I6v6c8akEblXIZbaNtvvYc0xsNJ6OJ16X9Ph14ECKb1LSBeLc7
Gpoe67LRmI0AvUuBAyCbhx30BjZ1Vq01DXwXBQ0I82gV8evotfqLxG4Fa/sRTTZiYUDTLoxt9F53
qc1Yb+z2mTkeoknyzKHpjCbUpD13OJm4Ywqkef0qqjsHN9rddu/1sA+2vA99hkPboRDBD8bjgdk3
GcjQ7DnmgI2dwYCaNYS4nAOxnBVt5uvJaDCamOO+2Qfz2Jv0bHBstAfa0B31DKMHuJ3JxDDsKqaA
LwQGs228Hve6Nsyo6XiTIfNG3R6MjAwP+72u6Znwn57h0P7kFoZWnC0TRt1ionqvWX80Yo43ZI5p
9D3X7feNAcS5Lu3BxcQd9WwPZovRKqoQcg9FzfA1DDoYOfbYMWB6J+PBZDga2f3JkI7GY9eemKbn
DhzP6VVRRHZW8DN+PfHGJhDsjjyQieNO6GA4ZP2+Pew5fc8YQ2Y2GFE2rk3u9mcrjMuF+voJq05D
ltAV6LacF6DJeD1xHNYfjO2x7bmsx/qu59ow185wMPGckT3ymDm0B05Ng9KI869MTe/g9ahrD9ho
0hvR7nA8GrsuWETaM4BbZo+G7mBoTsae6bg1JHEgMPRBW4Z2d2wD4WOnTz1qjIzexJlQwwbBGHYf
eOkZLjOGRuPPsgAi1uZZtD5KaLo89W80U6dDm42tjeuCjqMNoDnErwkg+BUsJY19zEVgWvvtLppO
FmGKAEYD3BbYPJfFYEJU45R72bEOCKkotoT5H6kPwZ4frR0c2fNvID6RK6LZwKWBFvjyav758sP5
MYCumQ0dkFjMiC7ozUnkLCmEchobOlRnw0B1qrDR+IVFPF76kD1vGjpP3eezpKFET1ySUrnYhbn5
7DDQHZG8rjFUZQdW3iakCdsXLwU+y8piMH4ysthJMDxim49nulAUpEJ/lfp57gMR84T6/r4YUKPu
TvghJGW/zDS6FaA67WD0q6T/BG7h4nhfVEtsEG+JsXcjfpllcQrhEMQWy9xug7vtSDQdxQEwd5Sn
GQ8PIeOvrJcKWGf01nI5WfPgCojeF6P6yJZVo0OxezU//DD/OLuT2evr6zYDmhB/O1shj595ErgQ
z2dY1t3yWAFXeey1x1Uuwbvnwd7sgcRmWddIQSwpqIv0IR41gV5ACOz5LHB151ZUgrKEoevF9L1T
4RYm5fjkk58IfssJKUF1CzmqTkYMeYSPU3Z1ebo3uyKRWtZakGBZECurXxpZD8wN8vSJRn4QUGVR
RTqvsXfXXZ3TviC/an6W7PArhF63mGyik3s+s2tJCug3BMPPWMYFXZ27eIKJ+JmxGDw3XPJko01B
FV4Vc431n5ecvqWgTgtQmn0JuYLUsirk7G6QmaOxxJyH/MeFc87sqm0agwV7rusQ2CxLFDydJUuz
3YkW60+FMTUbVAY3FXF8H3+iEVC52MmjH81O5vzYTyGlc3W/XoFX2erX/cdP9GZ1DHnxHvkCkyHH
RkJ2l9ApT8LDmR6gFJAqC726ZH7nv3M2wn8VLsznc7HFaFmKiPLHLqyc3GSoo+6bAJyCbgNrN+oh
jFmXzdpnCTlnPJpMhsPGvkJ8ibdAa1lVqnaX2AyI5xGd86uVrzuyKvzhtAWDc58GxxQbHsNvFohl
UGX2G2z9jcDvUvBkFbqektRcRrhpPRfn7UouNWBNQasM/pu5WIM0hvtaYyVCy9rS8OyQtMTW0RgC
nq9iHi2YrrwF5GFDuScmwS9tBgPLUoPurpRvsOLGkjnngU58BVwPsLotm2W0tvqOvjJnObsA44gd
Pvk3/uro3/uSoYPI4xCiLGDNlrRlSJtl1Sh9qjw1sjsVVIUTTOv+rzofyFYt4EzzBCImlkG8vNrX
BAicKgRPlevbmV0VYLcFkjZQ1nkhEQkFSACFI6JuXf4atCr+wV+bUGkDg2wrVDwvnZpdtK6WebBi
yRt+U1mg9Tv1hVqzvH5M3UF/X3xKbJaVSgpsfrP7mj1xeMTDTdX7a0CdkUF7VPeTPGI2/H9fnCh0
EGdKCgAn+EidmsdDs6uYXkeVCpiCVBNd86/VPTUobgcVoz9P564CGseV9VRAqjo2rOvYPbGZ0fsG
yyFHfrbD25LUKZjAVZUnDOKDsLKeSlg9iDZbjkmrnA77p6fdLvkHgdQKdwHPIs+P/GxvRYsvcgCI
YgqqtJ/PmAbRVxUqtnhQ1tyBgOkq1hPXLaxWjKrH4kcJ9cC4mV1jCP8f3ZG497/JbYYuFuyF+I9C
90r+3ilW9ReLjSxn3VGfvutuldN+ndNjCp3e5lX5GpPn81YgBLHepuZO4DOkXgzSuQNdR2RhVBxY
S7HqoGViGrSejZn1og3Llnhe5cu3aX7jMMp8MFuhqn+oWdIogZRMXuzqZiAmqoeFJaiWit3Kk7d7
zmTOaLg3a1YQgHv361rMt2MNcktap8QhJFm1ZvK6FhO0Ih61aBAva9bsWByfG+RkLo68QXa255W8
DFF8wooVhO2wtxSf4UHAk2ghzhBr20uVG/W0upaQnVJ/wZKr/73al2kuEaJP0impX+/C5Hs+1zc7
xGU9kKvF5/T6K73eW3EckVlWxLP42S5WEoQSy4PMl/m8Jq0tsBaJt3dKwfChtE2epfnKh98rGvj+
Kv1LErMQKRWZBUyFTvW3JGUaIsxWAvrVj04D3dtuYdX5GdcF7/unAQ19P8Iee4t/q1ghaSnI0X7u
osmQwl8xVt3MRsAjhVZRhXrHE/8rmPm9ZWE6UsuSlDylBAS51RtG8QhYNeEqgNVo4RZTv9OUR9eb
KDK6+2JJQ2lZtiADBFSS8/hmth+yIx6GNKrWxKvwurDMWzs0x8y36zsU5nOZqgy+y55cGdtdLXlc
2d7WofWo1dghlnty/biasYplriCNe6M8SV/l4pujOolGRHNXJ/NPZ7o7UYDadmtt0+ZodvLpPZmf
HF7sLREVKPEwZfbJj3fd9YdVWtv2R8itevIdGzXvOU/cZe6n+1tszioqkFoWDMf9aC3PA0iiHl9v
ie+K43bblaYgjxhEO+Ern9VCzsHzeVH4LEuND9p3sSXlcUsInGfVUk0JqnPSu7NQQ/5LTv0b5hJY
5UQeTSb2hpxDrC9C2U/vK7xO9lDKiZFCUcjRaH3ErLwXiYy43oZjJeyRY0yfWZJ9zX3D7O1LBbcY
Lask49kh2hZbZ8sTMP0O9EAZYN3TVcCPhKPv/NBm4Dp0vofP51uhsyydhh35ll3bckdDbm8d8Qio
rxWHa3cecRchzZwEDEKNx2871aUwYoxVIeYpQcrPmwVbfaDRKq14wgr4kc1U0Tahf4R0b6V+DaVl
6bQ8YVOHZTAVn3jmRwtdbjq4HoHVI5VrfH7G/caixF1VmC2nmRwDwzEkbC0Iw6CsQuYOvk+UNd7x
PGUVB6iB6+anX+UWYgBnNRncfCO7lYhGP4uqlWPVSOgUBX1LpA89Y4Xax0VMo8U77lcUdwt74IzJ
TxCr/Jeg1/8U/ewHwbeuSu3Ygca+tnuOgczOW+R5wo6WNKtVlQXo1skM466K8pOY0UrW9+huUT9r
NGtFvV/Y2gdZzU5aZZN7is9I/PbXHkrPAg2ar6Vec8QrfYqG1dk5y76eUtt+2vQ8pM/37kTLgSB4
XfJ4d8lf4YMW73K98FGC6vut3+WoUTH67ixIOzeni9tHUwXwkZMdx/QDo8HhHzndFysuTQAjBYy7
MeHKc0jtgOGJP9pmeXFMMV1+MmtnEwWoVjoc1jfCY9zZtO3N/rbBC4yWVRCx/bWLkBImnnD7UjmB
owEfSS7OWTY/e3e+L37UwLvr2FkGmY1WIsLL70sy0BI+dU3UqNaAj9A+W+Y8WtCv+z2uffYkFlyW
5Rrx4vKRg7hH54dYuyT//S95mzAW/UR/5/s7ci6RAwN+JE4c72xiWRCc3MS6hVWQRwzsyVcYatkk
e9YkidayTn6ZPc1X4FbXJ+7rvqIEPfKYw6lvs2SBT60d+Wvf2d+pFXxdxZyuIGQNNm/EE3sQ0ymi
tr+e4f3vQt0p8f2JD3zqa2vx3Q3C4imLCQtAqHWVuFUDPqKJd5E+fn75VKHbnfzLhL0Vz9dmXE+I
K+BHSttr0Ds3ZCFPNntfUTodlqV+7pROiAfrNY7k9SOs7Jn6GL2hv2BPSBfezVqoOHq6UIAeeSrk
Qjy3Vye9dXg+e3c4EQ9MlJdGt3Zt1K7N4vq5nCPB+CaT3Tn/nxzmaqbe+FQyr0OrK6kWa74LQ/gf
/HvaueHyGNODO9XhEjFb1h+5eORAEPUMw1fQ2NG5wucp0hRfu0ODtLLzWwHXhW/+FWdu9REtqzb+
DgdvN9VnVxXggdT9dPbp7eHFyYc7n+8ZtaVajtXfiagmf9OhA0nR7kr5E/ejla8n7wXk+3qklf+U
J11oEr+tuKMC8gjRH7izmtEIi8H7IhxRWhaO/4QIe3uuS4uw9cNeD3Lxjmfpkmfv9pY/f8uZM2dF
b9ipeglYZW+yeuf7qlMsR99dJPgCvi3x8nV835Xg9RP05x2jwSljejBdgir+/3bRRdnk+542bJaH
4/vfWpCZFe+f2pGpeUKj1GNJdd9Nhz4ikavMD/nFUesY4yAeixd/7Ek6GhW7M7Twvax4o2MR6Reg
7xzuq2F3p92DFPirTrkCPHI29g1dezRweDTZW5ZWYrQsScMTQs3ET3l0UT1IpwG/8woXA4fqzNyO
a4KF8RsaVVzdFvbgEYcrHqX0f+f7PtSo0FpWScYTihn+VybfYKbXM7bAh7fW9yQGMd65fHPc9vcu
5H+M3ya0spwLyPdVpPwJnuIiz+oP9ZWg70t1mGdPccfsmiaV7fkCUqs2fM8jCYqEfRxIUKjECaYL
FuXVt5ZIwHeWDwy6u3ze03i+rJwakYAHMqF4z3XhAp9lybGLv7vuWYrXzPos/aW2cbmFVzd/RnUB
hH6w6vYNDJY+sLW/psHs4mK2t4clEokzDkNY73GONWlJmNyYLMh88ll6jdZOlV+U64Li+1n1Ewgl
6AHZ7r9ivsX4FGNHxdGnirFToKosjXYQr2rL6ZlHs6obruXRq4cqmNuR8My1JHD7aydPuuTxBbd1
N6og39dopE/bL5aVqA88o7VksX7nkZNn9zxy9y1RQZWAJ2Ut6bJaiyhBj2we73uj7DPnAZ54lKOr
XzsVknNntbHxTJZeTd4Cv69ObQd+QqQvzixh4fz2I28SWi+LT/6S49EPn52qP/4mKKtcfPvjbgKN
CCscGrtUP22iAI9I8/0CCMR3iA8iclS+V/yYRkty8P7o+OW+xIzjsOgIVgDiVu8HPksDGrm7bkod
BYwm53SxqO1LbeG1gvqtly/t48DcHWfj8Oy0g0QEQIQ8Qa3T9OR3MUm8h+kmyMOLo04VH06G47tq
6rSZ2AKr02DWlf/t5fEVJsSfon2epVPP7OG78LQ1cLGZBcKni7+7SHrJAn3/W1x+X4uEQz7hICdP
01u7PBqwJow97/LUY9uddn1soM6ykMZv2fPReBQv/qQJ8J6x+sOlxcuQBWniPcHtOMF6s4hmp40X
s/KKgHnw/AXBL65YiRW9uKIZuaAbYgyI0Z8avakxJP+3OyJm1zSwQcgz99XF5TnZKj+C5TCtmCfZ
K2Ni9EwEXi+BpVYAS+tVF69pFPE8cvDdduIl69RZ+ky9sv0VhASIB18x0FKv0wMJyo4hvVF90lfm
ACELipvFLpP3PZ4A1hLGPQ+hMAMuHlcrruN1rEZxfc/znTzINq8EoYtie7iVsgwP2KavECy2e1uo
X68CcbqqhKWMuVoT/NzNq+OT08OP53OESiVq/ZGzZKOGVKAE1m9BD/5uxzRNr3nivvo/4h9MEpie
VkrXTHVc++y65fryYxmvxgi6sflNCzVaNQEhLHK6YK9YtMDryntl25sQ3yv7guDqIo4Qd56IGExI
ncDkkYrugBYQyPJSRorZIDRhJFsyAqYmhR+gIw4KMyM2I37kBLnLXPhBbmkb4rriIfT0EEEdZ0o9
1iQcd4tSREnshNEV2fA8UbiI7xEQqu/5YgSQJ37YJ9gg4vfsukTXcZlHQaIpuebRPzOCa5UmBGcz
BGbxHc/4RRKCHxORfF8vWUTyeJFQFxC0rQi1WCKbWhEhLz4vxTMNJOPi8xgEUKgXqMMcYLk6gEjA
lbcFqRBRUUAM8xmwTMwXvgDRYWQpvseBkBAxS3UtpDYl4m3ieCNd5pnLYQGo7yRNidVQL/p2Ap6C
42sIyg6DgF8TXFhATPHNELL2KfkfVDlsI3SveInklKA1E11PhB6qPuLZGVwiBCQGk4LY7A1RU4nt
ldqWtzViX3z2YUJ4BPNKXZckLJXTj9OKL98nIaMpWEpc3gQm3WZINEwO+yOnAU7bwl9DW8iUc0YO
1KBgaF4idjkiLBiGNqUF047vvZ/CbTH2+zy0YVZAq8BnR86cpiuCbxYCPWqLBh9htoRqF5xis2UC
3jMH6UHztEnEQ7lELX5YD02CbzwHRtB3iLkBs4ywMI9Ag7CJRH4lxAs8gZYl/MYHDWMwDcCS0Nyo
JA7nVhF05qGuYhvUySbxs3/C9GWJ6OYytHdCZWqdyQHwkMO6McW0CDZaitOpQFXXVSqUI8mjCMXp
brdq5Hvk0zY5Zmv1m4T+YgmLGfOYpr74lOLgjCRJHmcSKicMJyYE2hRfQriwKMWL4F25IOia+y6Q
fTcFqCOoc+DNfNCutqZo0LglG5WaBuZfnAuSi/ItWGLQHvS4RMJhHYR+hms7ZAtqbyA6b5MrOdVd
Mbl+irhF9zlK7doXMy80ChbtdUsiKpQsFRx6PpAIFkl8tgTR4N5IMaRUcpBWjsuULDgIiuMyRa3A
gRaCzJYgbUq6yAWMLkywfBn7//ccYAjzEP3oXb+NfsjhYkGCMp8lSQpdSsB8oH8Eu1cQhKMWVBld
s68IE0bgs1gVir70n3ugUKwLQRJaDOLk4HwicD5EftwHtZtLkuWKRGdVtmY3DkQJ6ZYjabgu5ydT
Mn93dkXOzy7O5uRwNjs/O7kis5MPBKLBn08+NAk0IvNLaHVCPr+7PD8hsw+XRydXV+26CajMhzkY
qumYscTnwiGjIU6RQfEVl2I2SmNrwNxDSOAK2yKatDC9lWZWoIL4EPgEAw3ahPzep2xSySDiQwcY
YTM1mMAskYDp3Rpy6ZHEGJfoQ9DPiw7t261RF1RgDmKLmYPhgJxZJFfKVfYteQD1YnG6ZbXXVbym
L+8mSXHeU5wvaGLDymg5PAhkLCoM0N2zK5YakqN6EdULbHdII/GxnwolEJjloIMvm4VPqCthoYbS
vXoe4JL8htsl2CaX0uZLhYfogeeBW9LigxO5jsiW/lQijgX5wOiw21W8wminwljccpJCdSSGkjcv
4WHhbGVv1aKlq6YuYeRGSfKWbpA7VKqiHVdFwIgiS2AkVEOlyG4exjK6kiEcUTdaeKOQ1zE2Uh0E
7YLMggO4AjcPi53eMcHgtMHxwQhrULI0zRkahmwJUlsU0SYaLRxtS1WzEKSMEVRQ2ZbUYNN75wnz
HGeZR6u0oP2Ixgj1wzwEH4vvMyBFLoCCJOobk4KK7bzielFTKVbMbR2DYDtWFIkBWxgF5+B0+6XE
jrm8Vddp+SXCAr9sXCwhiUs11DkTkUPLofjC5VIuQIqIVSB8xNkD6mSAIbHE+CgrJhrYR3K45Q66
qfmU/BQjY+NttIsTiFWcAu/DqB7SQytSr66cKhcBodmSBzLEtGkGmSxG4oLkFD94R5STEbZNZj7q
rnQtNiuDTeneXuhSKm6hWU02GSJvkpahCVAITwzcygpilAsQVnsbx4oUFUNIV3KOuYwI9LEzABVZ
bfIOYkHx6UcM7sjR7GMT+gINNqyva98FtRexgrSeJf6WwD8loyLs3kbkqZgdrW2bHLpgqJY08Dr4
CL9IE1wGOqyGgkEJVkdQwbSFuHV7GjI9FTm5QauGISYNmtJo4tDqY0ltMk+Ev+Aikv44i2ZFHL7N
DTHNwE64a4w48ziKW+q6lvhcqAWZ+l9ZKWqM2AsJ45nXIpqCiF5qjuZ1+xNTdnrZJjPVJ6DJQnSg
KklVaiJG9BK6QO5AXMBWGgcimMHMM6T4sCqMnKAIjwIfiykilcZPa7E0Ixfzj4LSFFhCtu08I5i6
Cylvh5N5R7swQ2GWt7DXVFCLC8Bldr6YFrnMj8TAHEZFcktYxeI+UZlrKnNtVPIo5dKnKUUxEJm0
WxLb0ZJDbovKWaQwrEhShXFzaUZJSteFEcXiSFFCwnvb9U7Bp4MlYDQrbAxQKr/VVYTMIt0CFRLh
Shoz9QKJiDuBHxPRF+YRK2AORWUJ1TcFlflXNlPYrVZxTw6Zbq1FUSTSqwlzUQ6QCgBqBYonCymi
rZJ2nqqyhIOPt0i7oPq0ZJ8piSGgWPsBDiNtnlrPahQ02jRalEF1hN2Cuu9oFq0q1aU7KzgyyzsM
eY467UnjrFQcp1KW5YQzwuUscncQDP4W3gQ6fxC+RessGI+YzBVtJpHZzEONFBVA4Q6WhQYIoYvC
YMVLSfZxoJJ9WJmE1klV34mE0Rg4gLuo7N5NJk0AE+hHoYhAbNEZ/5bU9IR2YybdyuU3EjVrIXYp
xECiEqqVYs6OxWBiIy4VSxLnkyUoaSI/jEYUd0RVHgpvJ/pUWAd8LWKSF2QBOUu6nZ5tdaOcofbt
KVKL9Zr6IqkBwwERv5RNzOM8KJRRXaDZF22UiegJAyGi4VasljVaV1ypU1LEmaKyKes5U+XxsPwk
ciwJlg5DyQvfelAWBtztvKG+t/CsZQ1ULrcqOF5CaOZxTSKwylqyyl62XHKUjCCljcdB2j4XFEc8
2oSYI6S4a50Ch+mWdEx81H2yvS9YECaLLhYJZJuysqTKUDLbxi/+rur8CfpgBV8eX+J3EVvKCEpf
gEbhmslAlMLSuRYjpoLwLQMC1tZqv+B6ypmXqimFc2tSQaDyvlIm8Hr4bT9hu/V4SsC5PnUQokao
J1qZp0nEyyCbBF+ILhxWVoYsYHo9Bmk0iBAsUIQOQd4tHIssGtFK2Uht52gOJ4fwDHybsGKFsVAI
heTl/WKMW5KWvOqizvxwa6uVR0Kk2L4IHFCyaDBxQFEPU52K2md7O4C6o49QzObDPk+ZbSlduSq0
MoPCAegzNZ9FQWGpgMJiYEaggkxlMbA+C3G8K6Is3ysRQagOjMhiPFqgIsuWNg7wKRNZeDYa+DRV
ITxEXTSMg+IKgwCgUclqWghN3gO9xXLPlPwqvDf4z6ao//yGSOVr10s3qW8SCDYwksJXS8kMu9ir
EanzXR5LOHThoVMRTIrMDF+kBrQqd6uTL8cVNMifBHd30CtI77UdcUpOzw/nU/Nfo+ZgcmM0eze9
pvkv418uc7i0sQf4tSYHjeurcVeaYnnVH7yUYY+sx+uJrVzh6FtgjlXdSYQeonAEUnM2RH4yNk8K
o1xE80lZyRcWB/CAq3LETklaTFir2AUAXZDx3YtTYWrEUKJ9BUkuIgUJ+aJBWiLYam9LZFx8a5yw
GzB8qUqEnJU4dSmCfpgR2w/wS/AiZxbtkF/x5fdAuhG5ZiSXAj8EI0lpqxvNBsPPiqS+emWi+NSS
9jVT21EfpSwhuAODX0KtwHj4xeUZGMMKFHftKoA8CfRrNBH6tecH4o1PW8girHxbdYmngbRrH1bZ
WgfgF1PFfro86RjacjtJb5KqD7nqsNipcv2BeSoRr/QUZj+tgiBACXXI1excvww36R+B+CCs+kUG
eIrKxDo8aeHXZQfdfncEP384gyUxchz432TIhqOBN3RHJhs4XtczhyOvP2bGcOSY1LbNHvkBcGd8
xSIIDyoztqFiN7J4sOGrH8sn0gfi3UNf5cc4y9ZweRNWZcKRHbPb7RmGiYcsZseXlaly+RfBSh0I
IL8qTjAXUZpWGl75aBB+uajMUY0CuMSUtMoWAK/x5WcVoPbZVTwSYuCXg4HgZVU5t976iwjG9E/a
4hT5C/mpW3W+BqdJoDTUKRNh0Fy7+Kwq6nGyiTMuAPIR14V7S+Z+RU3E3PR0UMJgNeCyW+RSGQty
/o0x2+VMlFK2Hf788/8B59G+1A==
===END CRASH DUMP===
