PocketMine-MP Crash Dump Sat May 15 14:13:16 +07 2021

Error: yaml_parse(): reading error encountered during parsing: control characters are not allowed (line 1, column 1)
File: pmsrc/src/pocketmine/utils/Config
Line: 189
Type: ErrorException

A PLUGIN WAS INVOLVED IN THIS CRASH
BAD PLUGIN: QuestPlugin v3.1

Code:
[180] 				switch($this->type){
[181] 					case Config::PROPERTIES:
[182] 						$config = $this->parseProperties($content);
[183] 						break;
[184] 					case Config::JSON:
[185] 						$config = json_decode($content, true);
[186] 						break;
[187] 					case Config::YAML:
[188] 						$content = self::fixYAMLIndexes($content);
[189] 						$config = yaml_parse($content);
[190] 						break;
[191] 					case Config::SERIALIZED:
[192] 						$config = unserialize($content);
[193] 						break;
[194] 					case Config::ENUM:
[195] 						$config = self::parseList($content);
[196] 						break;
[197] 					default:
[198] 						$this->correct = false;
[199] 

Backtrace:
#0 (): pocketmine\utils\Utils::errorExceptionHandler(integer 2, string[109] yaml_parse(): reading error encountered during parsing: control characters are n, string[93] phar://C:/Users/Administrator/Desktop/MSAI/PocketMine-MP.phar/src/pocketmine/uti, integer 189, array[4])
#1 pmsrc/src/pocketmine/utils/Config(189): yaml_parse(string[280] ................................................................................)
#2 pmsrc/src/pocketmine/utils/Config(122): pocketmine\utils\Config->load(string[86] C:\Users\Administrator\Desktop\MSAI\plugin_data\QuestPlugin/account/kingoflmao23, integer 2, array[0])
#3 plugins/nhiemvu/src/hmmhmmmm/quest/database/yaml/PlayerData_YML(35): pocketmine\utils\Config->__construct(string[86] C:\Users\Administrator\Desktop\MSAI\plugin_data\QuestPlugin/account/kingoflmao23, integer 2, array[0])
#4 plugins/nhiemvu/src/hmmhmmmm/quest/database/yaml/PlayerData_YML(72): hmmhmmmm\quest\database\yaml\PlayerData_YML->getData()
#5 plugins/nhiemvu/src/hmmhmmmm/quest/PlayerQuest(17): hmmhmmmm\quest\database\yaml\PlayerData_YML->getCount()
#6 plugins/nhiemvu/src/hmmhmmmm/quest/QuestManager(99): hmmhmmmm\quest\PlayerQuest->getCountQuest()
#7 plugins/nhiemvu/src/hmmhmmmm/quest/scheduler/QuestTask(23): hmmhmmmm\quest\QuestManager::onQuestEvent(object pocketmine\Player, string[6] online)
#8 pmsrc/src/pocketmine/scheduler/TaskHandler(137): hmmhmmmm\quest\scheduler\QuestTask->onRun(integer 47961)
#9 pmsrc/src/pocketmine/scheduler/TaskScheduler(179): pocketmine\scheduler\TaskHandler->run(integer 47961)
#10 pmsrc/src/pocketmine/plugin/PluginManager(654): pocketmine\scheduler\TaskScheduler->mainThreadHeartbeat(integer 47961)
#11 pmsrc/src/pocketmine/Server(2389): pocketmine\plugin\PluginManager->tickSchedulers(integer 47961)
#12 pmsrc/src/pocketmine/Server(2152): pocketmine\Server->tick()
#13 pmsrc/src/pocketmine/Server(1992): pocketmine\Server->tickProcessor()
#14 pmsrc/src/pocketmine/Server(1586): pocketmine\Server->start()
#15 pmsrc/src/pocketmine/PocketMine(291): pocketmine\Server->__construct(object BaseClassLoader, object pocketmine\utils\MainLogger, string[36] C:\Users\Administrator\Desktop\MSAI\, string[44] C:\Users\Administrator\Desktop\MSAI\plugins\)
#16 pmsrc/src/pocketmine/PocketMine(321): pocketmine\server()
#17 pmsrc(11): require(string[91] phar://C:/Users/Administrator/Desktop/MSAI/PocketMine-MP.phar/src/pocketmine/Poc)

PocketMine-MP version: 3.19.1 [Protocol 431]
Git commit: a7cd0810020af15fb3d79127c77cf576085cd4cc
uname -a: Windows NT DESKTOP-KF1VXGB 6.3 build 9600 (Windows Server 2012 R2 Standard Edition) AMD64
PHP Version: 7.3.21
Zend version: 3.3.21
OS : WINNT, win
Composer libraries: 
- adhocore/json-comment 1.1.2@fc2f76979f0a44a5f5bc2a2b600d0762fe0e78e7
- daverandom/callback-validator unknown@unknown
- pocketmine/binaryutils 0.1.13@0abee38d4e2861621f262c79a2a3d699d8a697f4
- pocketmine/callback-validator 1.0.3@64787469766bcaa7e5885242e85c23c25e8c55a2
- pocketmine/classloader 0.1.2@9757928424652393b178a3760073113aa7c9911b
- pocketmine/log 0.2.1@830b44a2cf96ef703c550abe64302f230231ca49
- pocketmine/log-pthreads 0.1.3@e477ecf6ec214fdd4415ea1da3fdd9d73bf699ea
- pocketmine/math 0.2.6@43057cb8c179a9859677b496a788db922fd5cfc3
- pocketmine/nbt 0.2.18@9f82ca4d7f97fcd9a566e44b63c4f18a7657ae82
- pocketmine/pocketmine-mp 3.19.1@a7cd0810020af15fb3d79127c77cf576085cd4cc
- pocketmine/raklib 0.12.11@9cce458b8bfde3e4dfdbf70c659fc7b7fe26b5c4
- pocketmine/snooze 0.1.5@70b5e7937a06878dd321a3182ceb76d56298f2cd
- pocketmine/spl 0.4.2@6b08b7cf8c4afa17139c9a1b3bf1b408531de161

Loaded plugins:
DoEmote 1.0.3 by alvin0319 for API(s) 3.0.0
Worlds 3.0.7 by survanetwork for API(s) 3.0.0
BuilderTools 1.2.0-beta2 by CzechPMDevs, VixikCZ for API(s) 3.0.0
MapImageEngine 1.1.3 by FaigerSYS for API(s) 3.0.0
SETVIP 2.3 by MCPEVN TEAM for API(s) 3.0.0
AutoSell 1 by phuongaz for API(s) 3.8.2
DevTools 1.14.1 by PocketMine Team for API(s) 3.13.0
CustomAlerts 2.1 by EvolSoft for API(s) 3.0.0
HideCommands 1.0.7 by Himbeer for API(s) 3.6.0
PortalsPE 1.1.1 by luca28pet for API(s) 3.0.0
NoTP 1.0.7 by awzaw for API(s) 3.0.0
BlocksConverter 2.1.1 by matcracker for API(s) 3.0.0
AutoInv 0.0.10 by JackNoordhuis for API(s) 3.0.0
Broadcaster 1.5 by EvolSoft for API(s) 3.0.0
KygekRanksUI 1.3.0 by Kygekraqmak for API(s) 3.0.0
KeepInventory 1.0 by KhoaGamingPro for API(s) 3.0.0
FormAPI 1.3.0 by jojoe77777 for API(s) 3.2.0
BlazinFly 1.8.7 by iiFlamiinBlaze for API(s) 3.0.0
VanillaEnchantments 4.0.0 by TheAz928 for API(s) 3.0.0, 3.1.0
MCPEToDiscord 1.4.1 by JaxkDev for API(s) 3.0.0
Slapper 1.6.1 by jojoe77777 for API(s) 3.13.0
WorldProtect 2.3.8 by aliuly for API(s) 3.0.0
InvCrashFix 0.0.1 by  for API(s) 3.14.0
WorldLoader 1.0.0 by JackMD for API(s) 3.0.0
InvSee 1.0.0 by BlockHorizons for API(s) 3.0.0
PersonaToSkin 0.0.1 by XenialDan, DenielWorld for API(s) 3.11.0
MaxEnchants 1.2.1 by Xenophilicy for API(s) 3.0.0
ec 1 by McLebt for API(s) 3.8.1
Sponges 1.0.0 by  for API(s) 3.0.0
OffHand 2.0.3 by alvin0319 for API(s) 3.0.0
ExtendedBlocks 1.1.2 by Javier Leon9966 for API(s) 3.14.0
AutoXP 1.1.0 by JackMD for API(s) 3.0.0
MoneyUI 1 by TuiDepTraii for API(s) 3.0.0
DEVirion 1.2.7 by poggit, SOFe for API(s) 3.0.0
PM-Beacons 2.0.0 by jasonwynn10 for API(s) 3.0.0
PM-ShulkerBoxes 1.0.1 by ipad54 for API(s) 3.0.0
SocialSpy 2.1.0 by Crafter20162017 for API(s) 3.0.0, 4.0.0
TPAll 1.2 by matymare for API(s) 3.0.0
MSpawns 2.2 by EvolSoft for API(s) 3.0.0
Netherite 1.2.1 by Wertzui123 for API(s) 3.0.0
MultiWorld 1.5.2 by CzechPMDevs, VixikCZ, fuyutsuki, kaliiks for API(s) 3.0.0
Shield 1.0.0 by JavierLeon9966 for API(s) 3.7.0
OnlineTime 1.3 by Zedstar16 for API(s) 3.0.0
PurePerms 1.4.2-c2a by 64FF00 & ProjectInfinity for API(s) 3.0.0
AutoClearLagg 3.1.0 by Twisted for API(s) 3.0.0
Farms 1.0-non-alpha by Dấu Tên for API(s) 3.0.0, 4.0.0
PiggyCustomEnchants 2.4.0 by DaPigGuy for API(s) 3.19.0
EconomyAPI 5.7.2 by onebone for API(s) 3.0.0
Trident 1.0.0 by brokiem for API(s) 3.15.0
BlockSniper 3.2.3 by BlockHorizons, Sandertv (@Sandertv), Chris-Prime (@PrimusLV) for API(s) 3.2.0
TimeCommander 1.0.2 by TheDeibo for API(s) 3.0.2
BangHoiUI 1 by JVN | JackVnKiller for API(s) 3.0.0
FactionsPro 1.3.20 by Tethered_ for API(s) 3.0.0
PureChat 1.4.11 by 64FF00 for API(s) 3.0.0
BetterVoting 2.0.2 by Twisted for API(s) 3.0.0
PiggyShopUI 2.1.1 by DaPigGuy for API(s) 3.2.0
AuctionHouse 1.2.4 by Shock95x for API(s) 3.0.0
SlapperRotation 1.2.1 by jojoe77777 for API(s) 3.0.0
RPG 1.0.0 by LetTIHL for API(s) 3.0.0
TempBanUI 2.3 by SonsaYT for API(s) 3.0.0, 4.0.0
AcidIsland 3.2.9 by GODSMineVn for API(s) 3.0.0
HealFeed 2 by JackPlugin for API(s) 3.0.0, 3.1.0, 3.0.7, 4.0.0
detu 4.0.0 by CLADevs || GreenJajot for API(s) 3.0.0
level 2.0.0 by LetTIHL for API(s) 3.0.0
help 1.0.0 by LetTIHL for API(s) 3.0.0
OreGenerator 2.0.0 by vividmemory, LetTIHL for API(s) 3.0.0
PrisonMine 1.0.0 by LetTIHL for API(s) 3.0.0
Buyrank 1.0.0 by LetTIHL for API(s) 3.0.0
Police 1.0.0 by nlog for API(s) 3.0.0
LoadWorlds 1.1 by shin for API(s) 3.0.0
FormImagesFix 0.0.1 by  for API(s) 3.11.4
essentialsTP 1.2.2 by  for API(s) 3.0.0
MenuUI 1.0.0 by LetTIHL for API(s) 3.0.0
Item 1.0.0 by LetTIHL for API(s) 3.0.0
PointAPI 1.0.3 by onebone | Moded by LamPocketVN for API(s) 3.9.0
WarpGUI 1.0.0 by RockPanther for API(s) 3.0.0
BuyFix 1 by FPVGAMER for API(s) 3.0.0, 3.7.1, 3.8.1, 3.9.3, 4.0.0
AxeLevel 1.0.0 by LetTIHL for API(s) 3.0.0
Kho 6 by ItzFabb for API(s) 3.0.0
Fishing 0.4 by benda95280 for API(s) 3.0.0
TrashGUI 0.0.1 by Phuongaz for API(s) 3.0.0
MuaPoint 0.1.lpk by LamPocketVN for API(s) 3.9.0
freeze 2.1.0 by Bavfalcon9 for API(s) 3.0.0
PickaxeFunction 1.0.0 by LetTIHL for API(s) 3.0.0
CustomItem 1.0.0 by Phuongaz for API(s) 3.0.0
SizePlayer 1.0.3 by  for API(s) 3.0.0
CustomTags 0.0.1 by DaRealAqua for API(s) 3.0.0
giftcode 1.0.0 by LetTIHL for API(s) 3.0.0
PHP-Sell 1.2.7 by Muqsit for API(s) 3.0.0-ALPHA9, 3.0.0-ALPHA10, 3.0.0-ALPHA11, 3.0.0-ALPHA12, 3.0.0
BuydetuUI 1 by FurryJaki1992 for API(s) 3.0.0
ShopMob 1.0.0 by LetTIHL for API(s) 3.0.0
VanishV2 1.16 by superbobby for API(s) 3.0.0
game 1.0.0 by LetTIHL for API(s) 3.0.0
NganHang 1 by GreenJajot for API(s) 3.0.0
CmdSnooper 1.0.0 by HotshotHD for API(s) 3.0.0
SellExp 3.0.0 by EzMinh, LetTIHL for API(s) 3.0.0
DoiTen 0.1 by ItzFabb for API(s) 3.0.0
capdao 1.0.0 by Nguyễn Công Danh (NCD) for API(s) 3.0.0
ScoreHud 3.0.0 by JackMD for API(s) 3.0.0
PiggyCrates 2.0.9 by DaPigGuy for API(s) 3.2.0
Rewards 3.0 by Wertzui123 for API(s) 3.0.0
Joinkit 1.0.0 by LetTIHL for API(s) 3.0.0
cayphattai 1.1.1 by Lettihl for API(s) 3.0.0
UpGrade 1.0.0 by LetTIHL for API(s) 3.0.0
luckyblock 1.0.0 by LetTIHL for API(s) 3.0.0
AntiVoid 1.1.0 by FiberglassCivic for API(s) 3.0.0
SimpleNPC 2.1.0 by brokiem for API(s) 3.19.0
PureEntitiesX 0.7.0 by milk0417, RevivalPMMP for API(s) 3.19.0
QuestPlugin 3.1 by HmmHmmmmm for API(s) 3.11.0
muafishing 1.0.0 by LetTIHL for API(s) 3.0.0
BossPlugin 3.21 by HmmHmmmmm for API(s) 3.11.0

----------------------REPORT THE DATA BELOW THIS LINE-----------------------

===BEGIN CRASH DUMP===
eNrtPYly20aWv9IlT+3YW+IB8OaUU1Z0WEpEmyPRTmYGKVcDaJKIcAUHJXom/77vdTeAboiSSInx
7lYlk4yIB+Cd3e9CA/3vg3mUBDT7smJJ6kXhwbh7eJB5ATsYG33TaPfNwajfNPrDTt84PMhjccrs
t/vN0aDbHQzaPbM/HPYPD3yaZqdJEiUH438fZOsYLjvgx6d3DoP7APfhQcDSlC7w1JoG/peYJil7
/WZMEkZdL1wQhjcQFjpRHmYsYS5x8wRP4JXwd0ycKMySyCfOkibUgWtSQhNGwigj1PejW7jlte+F
jBiHcK2fByEx3gDlee77Z56PpGO4ddxqHY9bn1K4v3XkBl7opVlCsyhpnbD0Jovi1uT66KI1jZwb
lk0AX2MybeKNrTRxWjEHw12slWeen7aOo3DuLeCCGElJMgFe+sjlcClyCpoejkDpIA78/tfBqzZB
lVQ3WRa/y7I+4Z/xmGlaPaeh67PktQcKW7CEmIcERAFd/ctoj34h+9ZziX3U+YXsW5OHpJACVQIE
E7r+V/cXtN8rgzyp0NdwFwipiCx5NYftX0hzz/9wrsxtuDLNzfYU5xvf+RF1C1aH/V/I8RhsjQq1
LE2jliVValmoU8uK/XzhhV9cmlHL+nvO0mzKIS3qcMu2bgBlNPcDGpmdSrlmodq2UG2HCERpK1x6
LFjlXJxlEMC/QdD6DRG3kIhNU9ZC9bamPl2z5ARgX/4xuXzd6T0u4ZcvMJ5AitzJ/jcF7b5Y0AGa
srjBsvgdllXcYll4j2XpNzW+W7AMD15zJnrbMCEwcElfG4Nn0jxG1Qii/W2IcnITGoKHTl6PRpuo
KnxVJASbnM5gGzqps2RuDk5LUJzR9Oa12dlETuVoPI5Cfny6YiBWZP/KnEwbdIK50kPBAItC9LCc
s+HmmVrxgmwUztTobNR5ebHkDG9pfBeFV3lY+t8uBEwecV6NtqF4XRyBmUe1SaSQU5hrfJdsJGe0
N9MTBmmJCVNYt9/rPk6s5KvxXUC9cLbE0HHOaJLZjGabyD/goK9ZArkF2HdYF08whmZTOGt8l3lO
RT3dRMl8nJLRq/tbcUagFuPU6DyKwxiNHsMxTSIHMpkokci6jyPrDfsPIEszUKhE0tuMpAqcr82R
8QAe1b/KifE9+IZjSMrSS4guOCs2TBjppSdg4MtosVDmTmcX71ze1e3u7NPhMiF+/0nxO2Zd/FQo
WCAYCASvDYMnOr/lXlImACNjz8kKXPHm4JffDw/Y/+GU9xl5KEgkY60XriJ/xQLwtYDEC11Qp5Md
FOcBpsRhADuRy1APxrAN56xM/C+99TJn+fov2dJLYe6Ajt78Gy42hoZykZU5MFiJ4GY8nl59nJ5e
zS5Or8f8UlO71Mr+4vALyVsi0XKdwpyMWZJ5LH2NF2TA95u/8fs7tfttUP2NONV9mIsfrj9+EPR7
D9L/NY0gKWEoekn0kMA0ZJJ0/2HSg4dJ/+NocilIDzeQRiJAO2X+fDyee3d49UXosrv7ko8e5FwZ
i/o9o/aDLI8esdn16dXF0eXFP09POOOjh22WhzD7POp7X++RfthQo0cMdfrh00QQfdhQQllc3kuY
8nXCD5tppJvJZXOa+5kgd884YjQ6UYIzBajOqZ8ygQYtcfD7n1Xen1Xen1Xen1Xen1Xen1Xen1Xe
n1Xen1Xe/4cq7/BgwUKWUB/Lm5DiA5AD7V5gDH109QzloNM0Rk0D4bnnu1hZdXqHB14KxcLqYMzz
QiikkiiLoGA7GHc7BhDxsNCiA8dtD41222zTudGb2x13MDLMgTMYOPPeoN8e9hy36ziAO5e8/ATF
WXSbkg8zcnJ6/ePs47Tx45nx+ef335N+s0M4C2TUb0PGWVwqRhQx2zDLrkxynYHToYlLTl0Ps803
5Ghy0u9isbeMgcKg2WmaKM5XFrpcPHkMp79EKfJw8eHDDAD84FYWhEEcgQ2++J6d0AQKM9QfdZcg
c8JaWDs14BpZYBpNo2m+mzvmfNAfDUbzNu12aW/esx2TmjYw77YHfXPO2mwwZANA71KQANiOgpYD
ZbBNnZvGCsoKFw0NCPPwJoxuw3fyLzJbGdb2Qpqs+cSAS9tA2+i8a1Obsc7Q7TJz2MenX3OzbzqD
ETVpx+2PRu6QAmvzro5qI3Gj2W523vW7g+GgC/f0+7ZD6YD1hsOe2TUZ2NDsOGaPDZ1ej5o1hDid
fT6dJW/mu9GgNxiZw67Z7ffMzqhjG4Mh7cBoaA86htEB3M5oZBi2jsmPFhyD2TTeDTttGzRqOvNR
n80H7Q5QRoH73U7bnJvwfx3Dod3RPQyNOONRoVBU5x3rDgbMmfeZYxrduet2u0aPUcOlHTgYuYOO
PQdtMaqjCmi2lNz03wHR3sCxhw6EQzoa9kb9wcDujvp0MBy69sg0527PmTsdHUVoZ4U8w3ej+dAE
ht3BHGziuCPa6/dZt2v3O053bgzpoN8bUDasKbf62QjicqK+22HWKcgSegNjW+gFeDLejRyHdXtD
e2jPXdZhXXfu2qBrp98bzZ2BPZgzs2/3nNoISsMo+sqkenvvBm27xwajzoC2+8PB0HXBI9KOAdIy
e9B3e31zNJybjltDEvscQxdGS99uD21gfOh06ZwaA6MzckbUsMEwht0FWTqGy4y+cfB72e7hc/Mk
Og2ijCluroAcHlS+jY9tgNA8W0ZJisUs9Vde2O4YI3SWNPYQ1oHL2njMQmr7DNwG9kVg3rIYnAje
BufSaJ6dqADMQtALFgghnggWyh/YrYLJgT744/Xsp49XlycAumV26iHrvMr+KUp8N1XkkABVDORv
oIuR5smKhiy7jZKbfUnCcVrWLWfAskpGHpVhmWVxClFM2qbJkTSBs9YrgQiF/B79OktmUeSrompg
3W5ms92wWcYdjiL28VfmLKeTE7bCGz57d97N8T/3Jb+DyOMA4h5IbwveMuTNsmqcbqURCJLL3G5C
3GgpbLc0VKCbCY0vAkg0T8MF72yW2qmd0PVj1Mf1GfUgXbr+x/W+tFEixHRM5aR+vM0ovz6dfb6Y
KsJJgCqUWRdpcjw9/fyBzE6PJvsSSqDENDX77MXbcH6UZ9E189WEqgRpJtF5j5d5FC7oV43xYdN8
LuMFPshhJXWRJW8jAgy7+swrQbVR1W3W5KiSRzJjNNDEMTrPN0TBACbhq9q0up4dXc0+TZ+aVBVr
rRIHSHucp1kUHEGplqkSa2B92NVEPl1F/jWwva8xp1K2rBofW4h8e3vbZMAT4m9mNyjjueeyY8hH
aaiFDg1cj4O1AHLuBZBCJpqQ/ecLKdFZlsrDdkN0KW5tgggg2jRKMqg5pqdaBVPA6k6wZjo/d6g5
jNnebFdS3n62fYhmqqPjh0/Ygt5+pbd7y0cQmWWFURZvqf/7U0swhIHbh0mWHkch8J+xRI3dtTO1
KVW3DKTUTgKlR23EvUDOCiOEZ50ZyxIthm39+0W4qrl3hKgSAZ9No62L9AMQ/xBFibvMvXRfUv0K
SMMCqWUBucgLV8LrC6aelOj7BK5waFqzlwLVh2Pvj3V/CmEwlMbF85zfj+sFu7mi4U366UIRUAPr
EmKc0mTk1yb0t4DuLXlWUFqWysv2nuNHxmKwMQuhMF+rkmnwmi+pCbaM6HsKVdZimkR7E01FCsKp
7Gwv3VmUBEdT1WIF5Alj/Rr9GrEB/qMJZL5gkpUYLUsyUf7Yaob59KsXnvlrzR8WMF2cYd3Ze96Z
D8r0QryD7ctGOlb0iJId5ec2on2moef79DR0ljTMsOGlJhibzqridrkImrizJTv6OjKH9wQ9xAzy
+QKvBCv4RC9hzwhxBV+tTTJhWQaVwiw68VIHnLFalWlw3db3sucf6N0N5Kb7MjJGHEiYBW1kZPvZ
d+3TONYCQgHRRejXRXhg9r0k908F5WdnJxVLrUKIopECDirDpT+1dkoBrpWbzWG9N+TlME321hhC
bLKfEgsO6jJvWepMci+Ze8x31aZg8VwzSxi2LDGmtjRpQSngp48Tmi7PvDtFJyr0XpajqUQzefcF
yVr+G0hnWZDLOEh57t3tkqRxseTlNdOWSPQMe0OuNjnZ5zycnMgOmWBAO9hGJLDBNWO6URDwhCA8
0z2PEu9rFO4t6dSQWpbgZBf7TIHlKKSz6PoGEVaFmwZ/fKgd/MxCj/onFC88gd/M5yrV3c4LIsYd
x+9SfMCr8rWLoBN6JwNFqnXqKmi9jXlfyCheer7n7M3PKCjRvZSsaAfbCMccRSbmPNbemjiXzM5q
zS3j2V05js2y4ARLnCVf2bB1YIujcMFUaxSQx2fSnpQPc2Xd61mWJLo93x/nc1w+ofBdQPQg9U0f
YAALMFrc8sc2gpzeZWg3V9Tgijy1E/XWjVn30CuPJeSSReFo1O8f7CvyCLwFWsvSudreXliA/zyt
tQl+nt4T65sEHkH72QmUQNOSEqBbi0K21qrpAvKID5jlHvA4S6jn7a09L6ju0No+/ewlnLuqtV2A
6p64VofF0QKXMYAH+Xi2tzJMILWsFWfBslxW/FLYeiT348F00vieUVw+o0bSClj3D/VymUJou12H
odHeX1OqRGlZNmcDysqSnafTg0njepn7Nyz5PrpjNbG0M3WfXRtyXkzdXndvNTPHZlmp4MCO7nYI
O5EDycR1rLYAKli9GVozESTfc8jWzbbRh/8GG0rj7oueYwYuPqfnJdZx4F6L39tINZseaU+6xHFt
It1r7K4DmrA9tnU5PsvKYrrLU67JdUxvtTlTQHRrmH9su1MSxTVlBfXntTk/sGzJEk9b41DBnkgz
f2JJ9jX3DLOzL7kqjJZVsvHsCFRha1UyoRFzP/NE2q/YsQLWOtfNrZYH4Bv16zxL8xsPft9AXe7d
pH/IooEAOeX1PmhG5folCwYUROh4ltgHUL2OADxZAKtpkCb84Anhy8R0hyxLMFX83Sof5gujZ/yb
DVVKXAFrTWJdun8yFxeuGv19WbVECKlwycOzR3uJraUIhHExTxiUooEWEUtYvbdoNhyT6nL3u2dn
7Tb5LzJNIlxLexHOvdDL9lZafhEEoGAuuFJ+PkMR/F7ZtqrwyOz62Gc0uaSLRS3JruD6mqh7YXV2
66UZc/clfCbQiYdwDjLhAxMi+VZ52rnzLPAepWs/DybHLR0fPimh+pAQx7UJ3gijsEH9eFkbEidW
bjDay8nMytttRsN9ZxfLwLI4R/LPVgmgt1isxcqHDe2TTWf1mN2tm/qEwk3vc32gG6MXrEeRCGF8
3+dmI/AZli+ItDaga/FaGjLqKFjrj8kUoKqVHjjuWviD6smG//Y1ASQ6y2KCA8AJ9bPKzdMJZeK5
fNF0lVJKyBPxyk6iG4/V1hv1ni+LxGdZkj6YdFKxssUTv8i5uQ69+P4aCAnVfdO9tWx63xbCOMVe
V7Yir98VP/GlgeNl4qWNaQIBAs7g3zy9/PzmZQ8+DybrqR/xDHdzw1eRY5dmKIYxudRHU4sOrxva
vPd88IR5dv1h9bMXymnEt3ncws1Lw8V55GkdkAr2SA/kh88fyH8I9lM+hz96vv/S5S3KM3Floil5
Fi5e3PqJO3XwDYkUlwKo0aSC1p+8m/WIynNz5n55oVRHYeZBORTIRQnlCtOSE4wl/GBb2TB7OF7S
rJY5cdC9h7LGpqxpJ5GUtOy+dNybF8IcHNY0/DNbeVGeTk8b5SUPJFjIfPVrD+kVR4PDm2UZSz5H
mReqyZUGrneVzD8gt9oY6TckXDZnbMUZw0aTxuZ2ycb1Moq16axCn1irtjG52N3rapGSF3EScvBg
2iH40w5enGYINC2RZfMBeA7DkWlJtgKuNxa6um4Am3Mz6t29cCBoulEfRyurBCQlzL85f0vkD9Nv
jdttVz5cRRnN9E5x/cwTPZUHVkK8IMGqMbC9Z7+avlfkwKMn0qlLls0uzi/31uZexdszO2NBDMFU
m40V7NE3AK7BW9J/zPZdwki0kAwWbOzwHMjx3IvU1x/dKcB6HjjSJXr/8eQal6x/Dvc5g+RSeHx6
oswgkfaBaCL920K4c0b9M8ZU0UqQZqj7D7nkx3UeWuV1WL7E1H3pA7CpfEt7W4u5LMsVgfjhE4vW
ji+PsPVG/vMf8j5hLPyB/hrt730AgRwE8MKdZr3PVkztzovjJx4H7XvmJyzNvAXbnusl82OFaX74
bb0VktzhwXzC3vN3qLNILWo08BM6X3krzw1YECXrQ7JnYVQ+LEv+3CoQQjWZQoKtv2SmAL9xCOGE
A/k+2Xam+T5fJzS80d4gFJBvy7stqG7P+DTyPUdTuwA8wXaIb0XviWfEBYklp7s949gMuPeGqgKs
rX6ovaO69MJ9sV/R3L4Lj1mxE6/CZhbFxQp0/t5iqi+H1OE7LIiE4vKlCyLxk9Yep82XRG5rF5am
DGpq6qfay0YauJ7Omn/E+ieVomXV6D/9zJaFub7sRAC+7XQOgOj2qr/IWKAu28TDb8sv8BLs4nu8
MNM7yiXoiXflZQOY/IdMIpe5xF6TSxqIZPPzB02c0R7azDGyxZvMCoNPdO5+okn8XhtCBeQJm1yB
FFMaYn9rX3ZBlJaF9HcKabozkoBHeo5n08/vjyanVxtz7QH3V2I15iG3S+elObfgaIcK6Y5d1jLV
EvRtJwq9YzxH3uEVrKXaKsUjleO+zu1F9vWM2vZujcTHOh8PLjIVhPBxerTD2DrzMAKrHb8Cose4
WovHBvp01DOHe1s/JslaVkX/iWk9Q63o87oEPbGMfLrpzfuXLHyJIh8fGwnq8tdWwS2n3I9pK1kk
SJfBaPrxTW0mPNPP1vsC0o8+lllVlHDRimCw+rWNpHOokb+q6a0EPLEM7nu6mlMf+N3bUuYKI2RW
nIcd4qTn3IDDOMtDp9YnrJ/5xoWSoL69IKK/XktTFOAT7O97/lSUd1hd6X1l4tuJaru2Aj6et+yr
O4v0LpEeON7y9/YWmNHF/Q9QcOATHuyEXjHqH/2W033ZwKUJYKSAcTsbuOIVwyZETxp6tMlyFGvh
zbPi09lSqBL0bedEQXaH2X0+bdQ+41KCnlgoPuGlWp31xtHl9PxoJBub8tBo146N2rFZHD97UALD
5/wVjR0yTGx56s+2S9hjeWaeJOsf6I2H357cWyqgIuVRZpZ/WO7WgscsaBLZ2hpIAfm2ozDdKRvD
94zT5Wez9jo1B9XaKP36t75iXJ1u2+v9femrwGhZBRPVr22kWVBtoSY//MY+gAY7zP8PC4ofJleT
4RL0yBzYf/e/wrhDRK8W8SvxRF3Z/6jiz6MMhmp2vrfXkJ7/ggG6r9M79XlAAal/764mw+nXiRcu
995NF2gt6/Tn6W611UnkzZj22pEA1BL7lxeM25SFgvb2zDs0dqla6ErAE+PowyJf4+pSpxeSY1xd
Ou+GC3JCwyV5/eH45M2+5EI6LDyGLBRxWxZvHZSPV58eY/jN1vNcWyNfgJ4YZX/M23oF9V1qEVwn
gw927q+TFdD6E6jRH7KE5fH1OvU1s5wz7eDla2Q5Gr545Yrd0kR7DlFAakb9lm/CSBb28R6MRMVl
/QEq7xtP7RwUkG8bY2+8bBevso6XNMuop3mWEvjEt9uA9cxb+nuLUfEOrH+K3ydUK2wKyLfVd75D
BPJz52Zt48pddUlABfy2nFeEd2gUh5n3OfK0hTQF6InXqs88myUL/Pr0sbfynP19q4zRbDmjuHmH
v/6ef3nbsgqmql/PmOmbULdKfLznEcQ++zA91loeBeyJVtrG5fL1XqH8lvtu6+XTMHaw/1Exsqvk
ElWrxNEqFvCegvi4C9bPtVW8FVxPpwZ1sQPPv2l3DSzYr9jKW1F/OplM9/ZSSCJwxkEA8zLOMXMX
jIlVugWbO3/OR+G1pcsLilG3KqvUom9gpr0GVUv2g+ActwgJdvtuSvk5qEff/Nm0GcozRkTBY0uV
CkQPcjq/98xCAX7zVR47dFmiNL1nNAVYWxa4Z6PVp9NWRrSBO8tCHl9iQkVG/ol2moDsuDuX/vXg
YtsKzhrf0aEZl7vgAYlX1Z54crc0gnsCWokVvppEITnKF8TskrY57vbGnTb5NDsmZtts4wVBlLlv
Jx8vSbUME8GCTCOOkuytMTI6JgJvlyBSw/fS7G00nyOEhmGUhw5+Twv7uw3qLD0mNhNM30Yhx4Rv
cjfkJ7zAhm8FWXon70nfCkawJRFELhPn51ECWEuYJAc6cLEeKI7jVSypuN587jm5n63fclYXxTKv
RoqpUbhI3yKYP9Fs4Ah76/MOTglLGXOVS3AHw7cnp2dHny5nCBXDqAFzN1lLkhKUOCCT5Ad/N2MI
rLdR4r79b/4PKCnPokZKV0zeuPLYbcMFLVLQ3Nshgu7s6K6BY1peAmZY5HTB3rJwgcfaHgDNdYB7
ALwiOL+I2PsuT/gqaG53Asoj2uiBcUBmS5YyUmiDb/+WLRmJQhg0GWSZxEFjZsRmxAsdP8c1C4D+
3nhDXNdRAHfOEUEdZ0rn7JBEuDQgRZSE77FH1lGeSFzEmxMwqjf3OAW5jZ6/RsQf2G2JriU34UvJ
bRT+NSM4W2lCUJsBCIv7cayRQ9yNT8h9u2QhyeNFwrfFa1ohjmOBbGyFhLz6acnfySFZBFRCF7fV
lJvdgA4SGsLwz4ApfpqzCjkZBcSgT59lXF/4URKHkSXfvQkhAWIWw7Ww2ljsCIgn0mWeuRFMALk9
6JhYB3JTFsePUuZaB5yzI9zgk+DU4vv2ifdQyMqj5O845PAaPvaKD9eN+e6T/NZTPg7lPQT4IjhF
CFgMlILY7DWRqsTr5bAtTyvMvvrJA4VEIeiVui5JWCrUj2rFjZJIwGgKvhKnNwGl2wyZxq0Hf8up
j2pbeCu4FsJzzshrSRRczRvELijChGHoVRqgdtyjaAynOe0PeQBpKY6qo3QdOrhrFcENGmAcNfkF
n0BbfGgXkuJlyyQCDwTWg8vTQ8I/H0Dk5If5gBulBrjsFqMH1w04ZoQFeQgjCC8RyK+5eUEmGGVJ
dOfBCGOgBhCJj9ywZA51Kxm6mONYxWtwTB4SL/srqC9L+G0uQ3/Hh0ztZvIaZMhh3phcLVyMhpR0
zFHVxyrf/ZUkeRiiOV10UFHMjcA3Wkib5ISt5G8SeIslTGZ80H6oTj45cFAjSZLHmYAKhaFiAuBN
ysWNC5OSb9rjiglBV5BqA9ubOcAxgmMO4pkHo6upDDS4uCEuKkcauH++vldMyvfgiWH0YMwlAg7z
IPAynNsBW1B7nYHGybVQdZsr10sRN799hla79bjm+YiCSXvbEIiKQZZyCecesAgeieHndxENPuUu
SIpBDtbKcZqSRQSGinCa4qhAQgvOZoOzNiZtlAKocxcsNs75Py8BJjGP8Y/R9WX8p1kUcxak+yxZ
kuhSAu4D4yP4vYIhpFpwZbTNrmSMO4Gf+KyQ/KV/3QOHfF5wltBjECeH4BNC8CHsjjk5d76RYFnM
SAxW5dXszoEsIa0kEo7r4+x0TGbnF9fk8mJyMSNH0+nlxek1mZ5eEcgHfzy9OiRwEZl9hKtOyU/n
Hy9PyfTq4/Hp9XWz7gI0fZi9vlTHlCVexAMyOuIUBXSWjLtkro3S2Rqge0gJXO5b+CUNbAMKN8tR
QYYIcoKDhtGE8j402MQgg5wPA2CIl0liHLNAAq63cuQiInEaHzGGYJznNzTvX41jQabmYLaYOZgO
CM0iu8Ku4t5SBhheLE4rUSGTFbKmbzazJCXvSMkXNLFhZjScyPdFLsod0Gbt8qmG7Mi7iLwLfHdA
w5wnHyonkJjlMAbfHBYxoT4Ii2Eowut8DriEvEE1BZvko/D5YsBD9hDlvlvy4kEQuQ1JxX8qEMec
fRC0325LWYHaGXcW94IkHzoCQynbPImCItiKu+UVDXVoqhZGaaQl740NsmFIaaPjukgY5bbEPEuR
A9nNg1hkVyKFI/JEA08U9jrBi+QNnHfOZiEBHEGYh8lONygYgjYEPqCwgkGWplBDg2PIlmC1RZFt
otNCahVXh4UhRY4gk8qm4AYvfVBPWOc4yzy8SQvej2mMUC/IA4ix+KI9KWoBNCQRVZHgotIrzhep
Sj5j7o8xSLZjyREn2MAsOIeg2y0tdhKJU/UxjbkRej2BX1xcTCGBS16oSsYzh4ZD8ZOjpV2AFZ6r
QPqI2gPuRIIhsMS44wQWGniPkLCSDm6T+hTyFJTx4irbRQXi514KvI+jemwcWqHcAWwsQwSkZsvI
FymmTTNnKXbQRpZT3ISYyCDDfZuofORZEVpsViabIry9Uq1UnEK3mqwzRH5IGoZiQG48TriRFczI
EMC9dpXH8hIVU0hXSI61DE/08WYASraa5BxyQRhLb3lyR46nnw7hXuDBhvl167kw7HmuILxnib/B
8Y/JoEi7q4w85dpRrm2SIxcc1ZL68xaududlgstgDEtSQJRgfwQHmDIRq7CnIFNLkdM79GqYYlL/
UDhNJC03tmySWcLjRcQz6U/TcFrk4VVtiGUG3oSPhhBnHodxQx7XCp+JnJCp95WVpsaMvbAwvppR
ZFOQ0YuRo0Td7sgUN71pkqm8x6fJgt9AZZEqhwmnOE/oAqUDc4FYaezzZAYrz4DipzBw73Y04bHv
YTOFl9K4DSpLMzKZfeKcpiASim3nGcHSnVu5IifqjmbhhoIsb+BdY84tTgCX2fliXNQy3xEDaxiZ
yS1hFvPzRFauqai1cZCHaSRimhwoBiITfktgO15GUNvi4CxKGFYUqdy54W7XJKWrwolic6RoIeG5
ar5TiOngCRjNCh8DnIpefJEy83ILhhBPV9IYMjSevoSR43sx4feCHid0DTrEwRJEq6KCRfcvfSb3
W43inCCZVt6iaBKp3YQZbweIAYCvItFMNFL4tdLaeSrbEg4+whB+Qd7TEPeMSQwJxcrzkYzweXI+
SyrotGm4KJPqEG/z67HjsLhK6y5t7OCIKu8owM2+eVXK45MY4qhK0ZbjwQinM6/dwTD4m0cTuPmK
xxblZi54yEStaDOBzGZzHJG8A8jDwbIYAdzovDGoRSkhPhIqxYeZSWid1Vjs2AzUGASATVy2N7NJ
E8AE46MYiMBscTP+Lbnp8NGNlXQjj118jK54C/45M06I90KVVszFCSfGH+WlfEqiPlmCliZiE1si
pSOy81BEO36PJjrgaxCTvCILqFnSSj1Vd6PUUPO+iuRkvaUeL2rAcUDGL2wTR3HuF4NRHqDb59dI
F9HhDoJnw41YTmv0rjhTx6TIM3lnU/RzxjLiYfuJ11gCLAKGtBe+xlA2BtxKbzjeG7gktQYqp5sO
jpeQms0jxSIwyxqiz15euYzQMpyVJj6DanoR5ziMwnWANUKK341IQcK0Yh0LH3meVOe5CNxl0cUi
gWpTdJZkG0pU2xnuplWXj/MHM/jjyUfcw7ohnaCIBegUbplIRClMnVtOMeWMVwJwWFPp/ULoKTUv
hqYwzj2lgkHFeTmYIOrhPszcd6v5FIdHquogRQ1xnChtnkPCv5Z3SHBbUR6wsjJlAdc7Z1BGgwnB
A4UYEMTZIrCIphHV2kbygY4ScHJIzyC2cS9WOAuJkFtenC9o3LO0kFU1deYFla+WEQmR4vVF4oCW
RYeJBHk/TN5U9D6bFQF5RqVQaPPxmCfdtrCumBVKm0HiAPSZ1GfRUFhKIPcYWBHIJFN6DOzPQh7v
8izLm5eIIFUHQUQzHj1QUWULHwf4pIssIhv1PZrKFB6yLorPmeURJgHAo7TVuDCaOAfjFts9Y/Iv
Hr0hfh7y/s8viFTsXluGSfUhARcDMyn8gJyosItnNbx03hSxeEDnETrlySSvzPCjQMCrDLcq+4Iu
50H8JPh0B6OCiF4VxTE5uzyajc2/DQ57ozvjsHPXOTT/ZvzNZU4kfOxr3CHGQef6dtgWrlgcdXtv
RNoj+vFqYStmOMYW0LHsO/HUgzeOwGrOGh875E6WJ4VTLrL5pOzkc48DeCBUOfxJSVoorFE8BYCx
IPK7V2fc1XBS/HoNSc4zBQH5okAaPNlqVi2yKOa1ILsDx5fKQsi54UureNIPGrE9yFTXombm16G8
wAqk6SKMiDkjpOT4IRlJSl99cHjAcBOB1JOfaOc7UCk7z9uO3EC8hOATGNy1XoNFwRc3ysAZalB8
aqcB8sRXj9FFqMdzz+cb/VWQBd8tvDxc4utqyrEHs2ylAnB3e/5AXSyvCGzxOEm9BDMxYN9VYbGj
S33F5rIQ1+7kbj/VQZCgBCrkenqpHgbr9Dcfv69T/CI9fEnGxD48gXyibfTa3fYAfv7lAqbEwHHg
31Gf9Qe9ed8dmKznzNtzsz+Yd4fM6A8ck9q22SF/AdxZdMNCSA80ja0pfxpZrKv56sVi1VGPvxr5
VWycXl4Nh3eBbpMIxTHb7Y5hmLgSc3ryUVOVG33hotSBAPJ0c4K7CNNUu1Csm/l5oumoxgEcYkmq
iwXAW/ywtgaMZWNOfp7IAJ0iw0t9cFbR+gtPxvLMw/2D+buKqCJvYfMVTPJDvKgmjtKQXzziDs0V
+82LD2k5yTrOIg4Qa1YW7j2be9ow4brpqKCEwWzAabfIxWAs2Pkn5mwfp7yVUt3w++//A5f2cxc=
===END CRASH DUMP===
