PocketMine-MP Crash Dump Sat Aug 29 07:36:45 AKDT 2020

Error: Namespace declaration statement has to be the very first statement or after any declare call in the script
File: plugins/AcidIslandFix/src/MyPlot/subcommand/HomeSubCommand
Line: 2
Type: E_COMPILE_ERROR

THIS CRASH WAS CAUSED BY A PLUGIN
BAD PLUGIN: AcidIsland v3.2.9

Code:
[1] hướng<?php
[2] namespace MyPlot\subcommand;
[3] 
[4] use pocketmine\command\CommandSender;
[5] use pocketmine\Player;
[6] use pocketmine\utils\TextFormat;
[7] 
[8] class HomeSubCommand extends SubCommand
[9] {
[10]     public function canUse(CommandSender $sender) {
[11]         return ($sender instanceof Player) and $sender->hasPermission("myplot.command.home");
[12]     }

Backtrace:

PocketMine-MP version: 3.15.0 [Protocol 408]
Git commit: a498b0415ab2edf18300470dfe6d182372f25190
uname -a: Windows NT DESKTOP-EV6UBU5 10.0 build 19041 (Windows 10) AMD64
PHP Version: 7.3.21
Zend version: 3.3.21
OS : WINNT, win
Composer libraries: 
- adhocore/json-comment 0.1.0@8448076039389f558f39ad0553aab87db3f81614
- ocramius/package-versions 1.5.1@1d32342b8c1eb27353c8887c366147b4c2da673c
- pocketmine/binaryutils 0.1.11@e8cb65db1b7998eebb739b124f2a989fe87366eb
- pocketmine/callback-validator 1.0.1@4aef6bb25f97d0b830ba0b4f66834b1a9c86fc9a
- pocketmine/classloader 0.1.0@4ccdb30e48f030bfcad04bb0a208d198ec631993
- pocketmine/log 0.2.0@e59bedb5d4bbeb9a26647cb7c367cb2fa72addfa
- pocketmine/log-pthreads 0.1.0@9bbcef398b01487ab47c234a6a7054722abbe067
- pocketmine/math 0.2.4@b1c28b236df8b795d7b06cf8421f9962b12ac410
- pocketmine/nbt 0.2.14@b31dca98443328c4bab76dc1b84c1473c79be20e
- pocketmine/raklib 0.12.8@9fea763ffc922db083e4528d4acd0b13d0ea83a4
- pocketmine/snooze 0.1.2@88420da3d9335dbcb3ee2decfd5e5453d057dcdf
- pocketmine/spl 0.4.1@ff0579a0be41bbe65d3637607715c0f87728a838
- doctrine/instantiator 1.3.1@f350df0268e904597e3bd9c4685c53e0e333feea
- myclabs/deep-copy 1.10.1@969b211f9a51aa1f6c01d1d2aef56d3bd91598e5
- nikic/php-parser v4.8.0@8c58eb4cd4f3883f82611abeac2efbc3dbed787e
- phar-io/manifest 2.0.1@85265efd3af7ba3ca4b2a2c34dbfc5788dd29133
- phar-io/version 3.0.2@c6bb6825def89e0a32220f88337f8ceaf1975fa0
- phpdocumentor/reflection-common 2.2.0@1d01c49d4ed62f25aa84a747ad35d5a16924662b
- phpdocumentor/reflection-docblock 5.2.0@3170448f5769fe19f456173d833734e0ff1b84df
- phpdocumentor/type-resolver 1.3.0@e878a14a65245fbe78f8080eba03b47c3b705651
- phpspec/prophecy 1.11.1@b20034be5efcdab4fb60ca3a29cba2949aead160
- phpstan/phpstan 0.12.37@5e16d83e6eb2dd784fbdaeaece5e2bca72e4f68a
- phpstan/phpstan-phpunit 0.12.16@1dd916d181b0539dea5cd37e91546afb8b107e17
- phpstan/phpstan-strict-rules 0.12.4@9b86e1eb77c796628e239820a01a2d327d607a5e
- phpunit/php-code-coverage 9.1.3@4abbce3b0ad05f2e7143ea5f775d5513cb5261e4
- phpunit/php-file-iterator 3.0.4@25fefc5b19835ca653877fe081644a3f8c1d915e
- phpunit/php-invoker 3.1.0@7a85b66acc48cacffdf87dadd3694e7123674298
- phpunit/php-text-template 2.0.2@6ff9c8ea4d3212b88fcf74e25e516e2c51c99324
- phpunit/php-timer 5.0.1@cc49734779cbb302bf51a44297dab8c4bbf941e7
- phpunit/phpunit 9.3.5@7115b00b23bcd4f62a73855c9615694d2f206e71
- sebastian/code-unit 1.0.5@c1e2df332c905079980b119c4db103117e5e5c90
- sebastian/code-unit-reverse-lookup 2.0.2@ee51f9bb0c6d8a43337055db3120829fa14da819
- sebastian/comparator 4.0.3@dcc580eadfaa4e7f9d2cf9ae1922134ea962e14f
- sebastian/complexity 2.0.0@33fcd6a26656c6546f70871244ecba4b4dced097
- sebastian/diff 4.0.2@1e90b4cf905a7d06c420b1d2e9d11a4dc8a13113
- sebastian/environment 5.1.2@0a757cab9d5b7ef49a619f1143e6c9c1bc0fe9d2
- sebastian/exporter 4.0.2@571d721db4aec847a0e59690b954af33ebf9f023
- sebastian/global-state 5.0.0@22ae663c951bdc39da96603edc3239ed3a299097
- sebastian/lines-of-code 1.0.0@e02bf626f404b5daec382a7b8a6a4456e49017e5
- sebastian/object-enumerator 4.0.2@074fed2d0a6d08e1677dd8ce9d32aecb384917b8
- sebastian/object-reflector 2.0.2@127a46f6b057441b201253526f81d5406d6c7840
- sebastian/recursion-context 4.0.2@062231bf61d2b9448c4fa5a7643b5e1829c11d63
- sebastian/resource-operations 3.0.2@0653718a5a629b065e91f774595267f8dc32e213
- sebastian/type 2.2.1@86991e2b33446cd96e648c18bcdb1e95afb2c05a
- sebastian/version 3.0.1@626586115d0ed31cb71483be55beb759b5af5a3c
- symfony/polyfill-ctype v1.18.1@1c302646f6efc070cd46856e600e5e0684d6b454
- theseer/tokenizer 1.2.0@75a63c33a8577608444246075ea0af0d052e452a
- webmozart/assert 1.9.1@bafc69caeb4d49c39fd0779086c03a3738cbb389
- pocketmine/pocketmine-mp 3.15.0@a498b0415ab2edf18300470dfe6d182372f25190

Loaded plugins:
EconomyAPI 5.7.2 by onebone for API(s) 3.0.0
MultiWorld 1.5.2 by CzechPMDevs, VixikCZ, fuyutsuki, kaliiks for API(s) 3.0.0
AntiVoid 1.1.0 by FiberglassCivic for API(s) 3.0.0
AlwaysSpawn 2.2.4 by Philip Shilling for API(s) 3.0.0
SlapperRotation 1.2.1 by jojoe77777 for API(s) 3.0.0
PiggyCustomEnchants 2.3.0 by DaPigGuy for API(s) 3.14.0
WorldProtect 2.3.8 by aliuly for API(s) 3.0.0
PurePerms 1.4.2-c2a by 64FF00 & ProjectInfinity for API(s) 3.0.0
FormAPI 1.3.0 by jojoe77777 for API(s) 3.2.0
AutoInv 0.0.10 by JackNoordhuis for API(s) 3.0.0
Slapper 1.6.1 by jojoe77777 for API(s) 3.13.0
SETVIP 2.3 by MCPEVN TEAM for API(s) 3.0.0
MagicWE2 7.0.0 by XenialDan for API(s) 3.9.3, 3.9.4
BuyecUI 0.4 by UnknownOre for API(s) 3.0.0
ITEMID 1.0.0[S255][S255] by Syams255 for API(s) 3.0.0, 3.0.0-ALPHA12, 4.0.0
PointAPI 1.0.3 by onebone | Fixed and Update by LamPocketVN for API(s) 3.9.0
DevTools 1.14.1 by PocketMine Team for API(s) 3.13.0
Broadcaster 1.5 by EvolSoft for API(s) 3.0.0
KitUI 1.3.6 by Infernus101 for API(s) 3.4.0
AutoClearLagg 3.0.0 by Twisted for API(s) 3.0.0
BetterVoting 1.6 by Twisted for API(s) 3.0.0
CuaHangUI 0.0.3 by phuongaz | Moded by LamPocketVN for API(s) 3.9.0
AntiSpamPro 1.4.1 by awzaw for API(s) 3.0.0
AutoXP 1.1.0 by JackMD for API(s) 3.0.0
Texter 3.4.10 by yuko_fuyutsuki, mfmfnek0, onebone, ogiwara, Shootsta_ERU0531, Toganon, ShadowArt, Marron0421, No4NaMe, SuperYYT, SuperAdam47, minijaham, VicoSilalahi for API(s) 3.10.0
BlockSniper 3.2.3 by BlockHorizons, Sandertv (@Sandertv), Chris-Prime (@PrimusLV) for API(s) 3.2.0
CustomAlerts 2.1 by EvolSoft for API(s) 3.0.0
KeepInventory 1.0 by KhoaGamingPro for API(s) 3.0.0
WarpUI 1.2 by Lover_BOY636 for API(s) 3.0.0, 3.1.0, 4.0.0
BangHoiUI 1 by JVN | JackVnKiller for API(s) 3.0.0
FactionsPro 1.3.20 by Tethered_ for API(s) 3.0.0
PureChat 1.4.11 by 64FF00 for API(s) 3.0.0
DoiMoney 0.0.4 by KhangKOPvn for API(s) 3.0.0
MysteryCrate 9.2.0 by JackMD, DaPigGuy for API(s) 3.9.0
AutoSellFlash 3.0.0 by LetTIHL for API(s) 3.8.2
AcidIsland 3.2.9 by GODSMineVn for API(s) 3.0.0
HuongdanUI 1.0.0 by Misael38 for API(s) 3.0.0
healer 1.0.0 by SuperBaronDEV for API(s) 3.0.0
feed 1 by JOrlex for API(s) 3.0.0
TableSpoon 0.0.5-ALPHA by CortexPE, Xenophilicy, HyperFlareMC for API(s) 3.13.0
cayphattai 1.1.0 by Lettihl for API(s) 3.0.0
BuyFix 1 by FPVGAMER for API(s) 3.0.0, 3.7.1, 3.8.1, 3.9.3, 4.0.0
MSpawns 2.2 by EvolSoft for API(s) 3.0.0
DoiPoint 2.0.0 by JKPVN (JakayPluginVN) for API(s) 3.0.0
VatPham 0.0.4 by KhangKOPvn for API(s) 3.0.0
NapThe 0.2-ngl_rc by NgLamVN for API(s) 3.2.0
ShopUI 1.0.0 by Array for API(s) 3.0.0
ShopVip 0.0.4 by KhangKOPvn for API(s) 3.0.0
PointUI 1 by KhangSBK for API(s) 3.0.0, 4.0.0
Fly 1.0.0 by SharpyKurth-Darkbyx for API(s) 3.0.0, 4.0.0
PHP-Sell 1.2.7 by Muqsit for API(s) 3.0.0-ALPHA9, 3.0.0-ALPHA10, 3.0.0-ALPHA11, 3.0.0-ALPHA12, 3.0.0
SmeltWands 0.1-ngl_alpha by  for API(s) 3.14.0
QuyenVip 1.0.0 by Hituilahuy for API(s) 3.0.0

----------------------REPORT THE DATA BELOW THIS LINE-----------------------

===BEGIN CRASH DUMP===
eNrdfIty20iy5a8g1BM79g2RwvuhWd+VWpLbGksWryXZPXc44SgUCiRaIMDBQxI92/++J6sKJECp
bdnWxG6so1skC0BWPk9mFoD6105aVgvWfLoVVZ2Vxc6+s7vTZAuxs295URhYnmt6uzuiqspqZ/9f
O81qiUM7J5+OLs4np2cnn07ev794v7O7sxB1zWZ07B3D9yXjwkgEz1nFGtA16oY1YiGKxpiz2mhK
IxZGMxcG5l0ZaVbVTe+UsjJY2gj8LVaaijA4y3MjK+RVNa+yZYNp0yynOZd5O8uKeu+QZ8lpnbMi
eZ3d79UV3ztfTfKy2avbmJeLBQ7svSkX4rKNj9RP0MizAjTs33c1mU9ZcVvmt5IV0E6ySnCaSx3F
yGYWjPIyEaQZCwfm09a0YnPaWiKJi9n//F/L+RKn2DhUrLWiOJpONyz9Bec4OAcfLj7aWhjLkt+I
ZgHOplN91nSqWb4URSIqush75OxJzlbqqP/I0bbJ8no6vRL3zWtpeDoxUHOH+ICq69oYqsjAyZiy
NgZai3D2v/Bpmfhi4N+yjfOMG2lbcGlxzorrWrwYMG38qZafLw15qaUvpX+VaNqqMF7oM2Bp+EPB
RZkaSqSXBvGiD4/+E240EdUiq8ltX0x3Fqsl1DrWyhrPIcJ05yWJZ9l6mt93YOOmghF29v/+j92d
mShExXKyHpkHZ02kqs6hqtH5BJfGrBab0NhxxpY3Nmm8zfIEIRJaCJes/pSI2539lOW1gJtUZVPy
EmRdM8QkGTkRc6MwNl3LY7EtktQKHdN0AzNJhZ9Yoe0Edmp7VkS0W83Lx6xIyrvaeHdlHJ9cvr26
mIxOPvjXP197hmWOTUPyYOAa1zJedCdb5kvj8PzYd8lf4Xz7O8HYGdsWfn6G4qQM+jcOfyprmuj0
3bsrDMgfd/BwcurFsqxF9SnP4opVmahJSSyZQ7BK7P1Wl8WINK0ixBxbY/MgdN3QDHzTiZwwSj0v
TJ2IJabnOYzFYZDEThpavkWclbxii6yt9xAQN0CNkVYxMWCNvbF1YCWO7bh2HHJLxHbgeA4PwzDg
jg8KQexyO2F+4HCSY+3ee3FWsGolfVyzZVkHIuSx7yWxFQdRFAoRx4ETxZbtpjaLwKkIA1AV8ZAU
oU0M7ka3LM8S1hD8gTfQPHCZSP04tr00ChIzhiljZsZu6vuh48YWi3jopzxiWwQpsvKSwXnXKnM5
h1pM4YapCSoph77cODaZbYaJBWa571hR5Awp5eVMUrBBQXhRDKzxElwm4ojZvu8GPCZF4cNOWWCz
JEnZAwqjZTOvBEvqNTNRHHMBm8FPLTcMWAxCsAHzWWB6bmDbDFOYfjAkBQiZa27cg9jidhjbjp+k
IbTtJUFs+jwNXdtKo8i3oXXGXcsckijiRlOwQMKxEg67uK7j2CF3YxYHfsKtOHQ5LO/wAALbphiS
qNgNPFWJYo/DA1iVBb6Twgy2ncRm6AjXs8PEZRwWs5zEFCx0mDukUhdl+VlohdgHIfg2E+YkkePA
f3jsCGEjG6WJJzzXAxEvSHiSbhFZ5pKCC09JU5wSwTmEa0F58ELHdxAiAfIqN9MwCOwQfISgkJS8
qeh6hXtNtnY5hwg5HrDCtP1QIN69KBBOnETc9UOPe44wheM4qRBk5sUKnhbXe4kQS8TociWJWOS4
kR/FtgVTMM9izEp9blqJldjwZ89PiCLlfOGBSpHdZHwPEDFasqqWLnvrjkMKc+6FAgGYuKkThohp
27csFgvGbZHG3Engj0EYSAPNWTXKSvhIkaWiJivbMoJCz/Y9kSYOS4OYOZy5sc1s7rgJYsALwjBJ
7MhynB6NPgjDVQ44ItAPbS8RaRgJkzm2bUOjoeMEacgFS60o8FJmKqCDdlsCq7Laq0SaC5mhJIJJ
kraMJSsxLe5GiSsSn+CYsdBlgRuwBOb3mOVHtuvDib9EEqNxDmcAUU8SdazABDCmXuDDKa0odT3f
CpyEGHVcYaYpubZyogFRqrRGlaipEukcAfEeBiGzEJSe7XppLIIwDc3QFEAghwLWiRGsvqfxvV4K
GLEql3PBtR/gv4PYNk0glYAJeII4T2Pf5MxhdsRj/HEjBmCwfK07csc9/dlFmBMceMLyIYUActoJ
LA4qCa4THGTtmAN4BCAxZA+JjPDZFlnTEbN8qB6+R5kQ1ZPnRIlgHk+cQMAhXZ+lcRhbZiCs4BFi
NcKGN6OqzUXdUXQBZqEvkDqCAIABo4XCBrLZJjMtZiO3BAmikHnKSyU30tmpmMMfaFzVshGAwAHg
EzQ6wGWEfGqLwHIdcJgGAfzCsxwew58t4W4Ro9p0lKGM1aFMjuseIG1A7V4MeHc8DkM6gIFUmMiN
rssQT9yiONzmjGrSG6HIEFoHLPRi32ecuyFnPE0BuUECrHf8yAWHAOHAtaNwi0yDWg5/FssctbaO
R/vAT1MkLcFcaMZC0g1TngausIFzli9s7lkcWcjeFpD6hEp6OgU1OIng0kEAL0JSs+MUKOOCB7AV
E5LHaeRaIhgS0Y4Qwbu9g8CyvNg0kUFiwhffZoETeh6PfMuDWAmi0vQhHEjUcPkaKFnsSZtpMpSg
vQPUDHaSIn/wyPRMyvrAfAtwiSLAdCwrgIuCqPk4GQQdgY0Y5WV50y7XShJQRookaXL4PUN6chBq
yAuOhWxtRynCMmGhFW1RXSxZ5wAu6DgHCQeCIv8gKzNYKo0SmwOSgQ22bQESGBKlsNz0AZ1c3GfN
SvMDZHEQvT5lfM/nPuIkDUw0bLbrCoSxG7sJF4kZBQM6SZammhP7wEIyAZKn0BJDJeNz5LsY+UBE
CSAd1wNqoC5nQEEUt1lVFrr082SmNFngBZzFUeLFgUgBID6QzqIw8XmE5I1kB6L2kND9sqwaUa3Z
8QIrCWwriVFg8RC4a6K68cFi5LkM5hRwIOTAITuzvIxZPpK9o3ZF8wC1ivB9h0eeFScceAKdojAV
+A4YEAlBXbStGmoD61GZjlRHJ30JgEuO7Nt+6qIy84Bw3AnhlnGIusgFlgs3MsmhBqTK+Dfkg5Eo
AOZ940NTgZuKxE5M5idmCAgNgiRBvooQeaAdO6EbWaD+GDmdZiQ15ZKWHTDY3QdoBi5KDNu0bM8B
GKHSTtC5+4nPgcxDR0c328pcCkELwoMNc75tOxbEhQ/EEbIWd1MG1/BdJwbcw8m5ZSW+s0WuLtuK
i1G5FKrXr9dJ2gS6BVYIGr4doRT0AOhATRQw4BF5muwh7C0H00sMlJNRKfhRhGiOHcd1fZ5EvvDB
lhUCH2K4r4fcYHO474DCsFawDmA+L0SV4qHsSxwL5TEKXAf5z0PNHKCCBhmPyWaiXi3SsljtLct8
BfzOR1yzc4vEGVJjwgFtPikdKG4GJnAKRRjYMuGtKI+Ry/3Y9Qgqm7mohUAmB3AX2WedxakoCKAQ
hzsOMDxAOYhi10VpYQaeYCZLTWQZm+pVkupOxIvyM6uaPbQPolIgF1ESZyn3I85QiyVuBCdPE9SV
kRmiqnMYiouQYDiMhtXp5utosVx3tAdPbk9/X6+SyI7wBC5ULlaHk9NeE90b3N3Z2MIbB2NCANY2
87LC5X/fKQsR4/8d9OJsmdEIGcyk36JgcS7QsDZVi6Y6EUtaglB9e12mzXF/YMHkuowmN50KxQFo
TqcDbqj/ojb/4vLq48X7s2Ol4DqT2EGrA+dt3mQfy4q6+7VAvcG+QNSpbgl09Fnw+eT8WNzWOPAh
u89ujv6blqladKV1e5Ph+w0ayuymfi6hOU25XCSYcjpdEKd3xOl0OuD6i4LPm2ZZ7+/tzbJm3sa0
hLLXE2SvRwgaOkRv8qHM+vpZDw21Y8mlkp52XmexqGbUBx9ltxl/Lg38jD62mV+xm6yY5auf5RrA
dNoxtfn2HWp4jPTemh5pI79jq/pyye6KvkJ6o32dEKa5Q51M5lmeLY1LfCABzZ5LJ0tJttZUp1Mm
OaqJo+n0TK1CrNVxeXX4/up68iAYLnO2BKi/LxuJ6z0Bt48MDQ/gHgr5W/lbKQL691zybTEAb2dy
4eqrAT7JZrPVUVs35eKk4HN02nV//e+Ro0MDOttOfcxw0S/taiCZ5X6/aB3B6fQRbh4d/A7H7ibZ
e4TcHulJxvukKhta+94oaDC8rZlwqBngXJuvnsviitp0KtFtqTjYNvtjjvyI8OdtVqWZyJN+Ouxu
ITSVoFWtGpXp3kBacp62ErToPHCZ9dgwCNyxPeIyhfdU4ruvX5um8T8MEKWa7rRIs4KK+mdS0ic1
Abyk46r39TvcRF6rFbOhA03QzYNh1u9Ghlp4EC5/AAX298u8oTidaibWX56CCIdtU54Wt3341iN9
UUyqJLdk+SvjN+/KskrmbfZs+fw3EC06ogBu8ILeH1lszdRXJdLg+BCvt4zjPxGnLef7xanVzE8D
6Ec8cMPSXicESXhy9eF00hdQDWwh0lC686PJyYd3xtXJ4flzGUuRnE4vRfMhWz6pwGSzjH88sfvl
ZTfU5z6QbA34/xVdBMuPWTHgPpJi0qf7vVLcS8IJk2lU8fL0IuHndiX4dR8JupFh+GzVPdcFvPyu
uKierfrfUETRr1LZ9enTC4PTq5Pz0+OeGHpgGDLg7++Xtuf9Q/0dynS5Yosaww8k2lWfo8OzyZtD
iwzt/lDxo+eZTk8bsZA8fr3uAYo0Q8ReD22L6DzapRn/23id3YtE3oa9XiasEUa8Ms7YQt01/fBu
yy9/vI9bEoeyi+vx+hV/RMtyVZZ5P0Wvh7b6E3cb/za3f40rwRbPBoIdA9Npj5Vvq1k2rO2taVD0
VaDCZbXSj8De6FbHOhT45LbML8H087Vi64mn0yEXTxD37u5uLMARUR83NyTf26wZYIv6vV1j+EOp
UFWJqmhry7QGgv1AUd4jOZ1KJp6OLJS5j3LBqjM2m22VGZvxvkzOQ/C/usugyOS5DNUocqq+4MRE
DiZUldHn6VvTtWbzsF7l7eL8aG9IjxxWNPCHD2VDzW7PY/vDW1XKv1URV50i+hwMfz3Fxkcte8OK
2cBXN2PbheQWwC7nbVnM2Gcg7HmZAGF/AFZ7dXgPMweLYI91kF9cSlDcTadrgb7B94smu1xClqrc
WjDqRre7pi1IZnef2d2z9ZBEDD6P6WtMjy5SrQ5teHlSMP862YriXydfW/qiVuH8+LnkUNRUtP46
+e7aWpHZ0xJAOHosbJBI9MAQm9wHjdCqvSk/9dc4F+kiLcQNndat8eLbLLtjFXXEl/OybOqGfTp5
f216Dpn8qpyxQq4kXc5ZUt4dVrS+cM6qqixMVz6w9K5037FzonTZog/429+uuq+HCVu4dDcHnXz2
G5sjddPqKy8vs5zlbJ4NM/k3a34dVD0ALW9W8J7lYrFUj9NRxjsqK/Eddlhrbk/rm3CSniK4LLJh
H9cfHRrlQbcjT31TVtlnuiMDRTF6bq65NV4cdF9fYvhoXmX1aFJlC4Ej9NnWZx9e/lhzvqOeceyp
a8AN4HUjx8NO40soS6B1mIP5egC0veFhC2j9e+ud/syEjwM+vrPiEWKJPl8+BLLqVz6D8a2SfSjl
23nJfmGIhRmB2jOJOiCKGqjPztPzwUdWLQdJUg9sLSAP5TmjBzI+/XzxN9/xH+2tlAZ+qKdSfDxd
kJ+RCN+U2bDxXY8NxNnKBB/eIc8T9H4o3mY5nOXHLNRL+L0s38sVtD7xVKleM/kYUz1M1/3R7dLb
3q5TRTMXlUg+/aBU/bS8EabHyXSqfzx55b+txNGcNVtrt3LoQRFiPbZu+00i9RaGH7HZQKO/itus
bOvJyagb3/mDJV1idvPtGRZ0JRnqmsvsHFm6Dzjroe3q1d1GG7j924vJbfGN+tmUp730+kfxeTZ5
S46sIBb1A4L11p5O6dtT1AAt1CxvVsvsXuTjGZNLcStqTVdHlXx0ZLMc1x/uyx7JRPhYWbf7+F2g
6McrvD4zP1rnDQTTpeylyPPXOavnWxXtZvwrfemZaK5O35wN5A4B4N8ptyb3DQ3G5l2MngT9FzSG
VVI0ZP+Xi+NLWlT5UPwgXg07LLVYI6Ont1isX/zQxdEThHtDnVfCikGW6Q0+WJvcWvDOaiZyJ/yi
aPqthSdZ5z09ZPktWXIuWD4oYPXAVxiXRf3PDKX/8cmHZ+N+QHU6Vax0n0+RJhWi72Xy55cy/UWV
i/tnY1+RQ9oTtFzxVAtc0UyXy3Jw+743uA3unlqk3nqshR7Uu5+cyFxVlPLhAk6J4c0KKn1Nr2ed
Hz3bamlvCrRWa1b737++DMzZaonc1rCsJ3dv8Cv9OnCoyeb5sxmPL5tvqC3b1evsfnhHhQa+4Guv
Jx9+OTw/ef9oeRzINohw2dK3ipxHy+VvEUix9HSZzuXTMP2urRvZekDm39uw6UnB93r272vTUB3J
AmZYMKmhoUQP0O2vbyfoAV78ld2wlarFPrx7+XwwQdTp6S/2dON8YM2EFk02snQjz1P7PeD//37x
944tr+b9sk8PDAW2R8Us/1TxodTvZmdssbUua/+AyTS96VTx0H0+6Va/VEb/Rrga+HKCRYYlfUxI
H8fi9vPOP57L+65PiYGnex6dTXfOhwKoe+n/n3qeZOD6wY3YL68aSHEvf377CL7/GI7/dfINqwN5
vz+kX1+r4+asWq7etlUzHx2z6iZe3T+7AK/poTDFy9eXAN5MRtTZ9HXfDW0/whhs1dLtP0Fom3tV
LEVbN/i3b/hbjzwA8IOlLDh+I98Jf3KgLUTefGSS0CbWNoPDcLMk7rEc1dJADV98xvG7IG/DQv/7
UyT6r3YliiF2rIe+4pdvsqbNcjZvV8+Wdrupn2oReo6eVWAbLfnWswej88mYXnuUuCQqSDKmd/hE
1cj3sHd+mqx/GUdlkWYzg141m1bT4if0nMZhOzNs1zDtfdfbd0zj+urIsE3bpBMWZZO8Or84MzYt
Mg2raUb0Qs4rK7Icmwbv5mB2lGd186pMUxphRVG2BaeHJemN/BHj80yojRLqV6jQiRKVVSP9fCYM
8EpNy+71NfWrUI7MIPqiTIQ6npb0Bsl6TE8HHST0vnn3e3m71LPQa0wZb4GsrySr6k3+pqxGNRXu
xax+RcM5mMtH5Byv8jKOV5uxGk1U7xR6yePV8cnrw+uzKxpVLjD6ZyuqlZ5SD1Xo8zt+6Pt4yer6
rqySV/8h/0FJbVOOanYr9IW3mbgbJZnazeBVSEP3cXk/In/Up8AMs5bNxCtRzOj34J2N8WpBbxT/
ZJBjGVwavNW7apDdDSjPGHgP/MC4opdPjE4bBm2gQRtnlAWcpkEPRNszFGVD23BkBc9buu0M8g/8
jWhdlgtcmRrNQ5o1S8WuUdKab00kjbgS7MZYlW2laRlZasCoWZrJGWBP2k4DoA3C78TdmtxeIlIG
i9bGXVn8uTHoWT9WGaTNBYSl9/FXavuPrFZy381FYbTLWcUSEBhPC/JjRWx/WhjGTx/ncjGadhuh
XSMM2kCEXhcl5puKFTW9BJmow5LVvMQ0grYfyUUj9ZWI24wLA9k3yaUGF0RZuWtntX1DAgUdqOdt
k5QIAL0dyr4xBVZL2jwvazTuO5Kzwzwv7wwKLTBj6EePjduMGf9FLkfnSN/rnkreN6jHkZeeSD/U
18hnsShEDFgMSiFqMW2ZIlVJ52u3XR/uMfvTxwwKKQvolSWJUYlaqZ/UCoXfGAvB6rZSW7JA6bEg
pqEc8c+W5aS2WXaLc29Z3grjhZ4UUPOSqKsZ6RVmQpUR1D6biWofh+Xc79pFDK3Aqw7rVcGvWH0D
w1c38KOxPOEa2pKu3UlKp82rEggE6+H0eteQz4IbOvgRD7sGvScJQQj6pW4AuTS2aAt4EJ2iiF9K
80ImeFlV3mfwMAE1QCTpucWaOdKtZug0JV+lc8gnd42s+TPU11TyskQQ3kmX2brYeAEZaBsWW6pF
ijHSku5LUtu+yqRzVG1RkDkTAqhyKY0gt/yoxwZqdv3dWGSzOYK5YvV8tx982nFII1XVLhs1qhRG
ilmANy2XNC6CUu7nkaiAYLdlloDtxzkgHyGfK6FoeNe452g4eaROWnsa4B+wXq1UUP4iX9g0KI8a
ahxxsMgaiu2FmLF41UDjxqVStSmVm9VEW15+RVa7y6TmpUchaO9GilDnZLWUMM3AIhBJ0E1KIpNW
QnRTKieHtVoKU2NWwlB0l1F6BU2k3yuVrO0bJkmB2SUEq40z/p+XgAqTL/FP2fXH+EdPtFTbMSmI
W7OkydUG4IPyI3CvY4hm7biyTNvVjEkQ+CijQvNX//kZOJRxIVkixDB4i+RTIPkY4l7wVoJvqVhW
EUnJan22uOeoEuqNRAq4Lq5O9o2rN6eXxtnp+emVcTiZnJ2eXBqTk/cGKr23J+93DZxkXF3grBPj
45uLsxNj8v7i6OTycrwNAQN92J6v1TERVVbKhExALPfL4nMhIVlqYw22FnSPkiCR2CJPGdHtHQWz
khQqRMgJgIY3kbx/5GzKyVDzUQIs6DQ9maSsiAB6N0CuMpKc44JyCOV5ecH44dnkC7qshtmWglM5
oDRL7Cq7qmvXMsC9xLLeiIpKVslav3ycJS25oyWfsSqmvYV4mevdOSQAPa5dGWrEjr7K0FcBuxes
aGXx0ecEhVkLH3y52+WEbSfs3FCl1zQFLSXvYhOCY+NCYb5yeFQPZZsna14yJJG7wtjwXyvCS8k+
BPVNU8uK2V5LsHiQJKXrKApr2dKqXHTJVl2tzxj1XbNvYZJGW/KBbxiPuNTAOy67gpFMVpXyjcTO
kZN2sVTVlSrhDH1gRAc6ex3TSfoCybtks5MAv5DmEezsEQUjaSPxYYZbOFldt4KAoZnDarOu2iTQ
otk2XO12hlQ1gi4qx4obOvUP9UR9Dp+3xU3d8X7EljSaLdoFcqzc2azrBciQhuqKFBcbvVK8aFXK
iHnoYyi2l5ojOeGIquAWSdddW+y4VIe2fZpqI0I9RV+d3IWQoqVP7EsmK4cRR8cn1rIdgxVZq6B8
JO2BO1VgKCq0uZegRoOuURJupMNlWp9Knm5mOnlT7ZIC6enhju6XSX3JD6dFIRoy2L5OESjN5mWu
SsyYNehkqRKXLKNqggvpJCOxTXU++qhKLbFYF5sqvf3Ut1J3iGC1WjVEfNcYWT0DSuPJiUdNx4xO
ARK1N3WsbFGphEyU5NTLyEKfLsagZmtsvEEtCF96JYs742hyvYtrwUOM+LrLEri9rBUUeq7pjyT9
fSPoyu5NRV5L7fTOHRuHCYBqzvJ0j14JkW1CIuDDeipMatDKBzlYLxA3aa9HrN+KnNwTqlGJyfJd
BZo0td7WbmxcVTJflLKSvp4Uk64O3/SG1GbQRXfIqESzXRbLkf691fic64Css89ibWqq2DsL13IX
SlVNoaJXntPLum5kq4tejo2JviZn1UxewHSTqt1EzphWbEbSwVwQq17mspihznPB6BkwzFyRCY/y
jBZTZCtdoc8SdWOcX11LTmuIJHfObBuDWndp5c10qu8YdzC0aNoRXbUvuaUASETczva7XuY/DYt6
GF3JzRHF8rihO9e622oToF2XKqdpR7GImMItRe1oXqK3JefsWhjRNakS3BLWMKNmtx2I0uJIt4RE
xzbxTk9mAwkEazqMAadqGa4rmWW7taxUuVIvhX4hqSg5vUcvr4Uez9kKOiRnWZS3XQdL8K8xU+LW
qDumpqw3aNEtEvVXE67kcoByALVpqlpIkedqa7e1XpbgtHGAwgV9zUhds28sUVDcZjlNozBPx7Oe
hUCbFbN1UV3QZfl27tjtzhqsLj26gqO6vMNF2ZJPpwqctYuTKtWynExGFM6yd4dh6LvMJrj4vcwt
vYul4IVQvWIsFLFYpOSRcgVQpoN55wHS6HJhcJCllPg00Vp8RKbBtlmFLFzCrCGQAB7j0nycTVaB
Evyjc0Qw211Mn2tuHOnd1EmPWvliW91DC/l2jJxIroX2lmJOj+VkcsO3WoYk6VNUZGnUtYCuhaGl
M/TKQ5ft5DUD0UFvZNjGT8YMPUu9Uc9mdWOtofFDFelgvWOZbGoAHKj4lW2W5bLNO2fUPwj25Tka
IhwJELIaHi11WBO6UqTuG12dKVc21XrOvs54tPwkeyw1rBKGthe9SLNeGEg2eiN/l5ssbQ2tw204
vJyjNEvLnkUQZSN1a3595rwky0hWxvRM/jgrJcdFWawW1CPQBlG03MbrDevU+Ojjxua4FEFCFpvN
KnSbamVJL0Opbps2kb3Zlk/yhwi+OL7Yhz5GGgRVLiBQuBOqEGUInTs5Yy0Z3wggx8a9tV+knrXm
lWsq4zxQKgyqjmtnQtaTGzwRdvfrKTle9lWHErUgP+kt8+wa8tbPLoahBkpYzbpkAfSmAm00TAgE
KighqKNdYlGLRmywbKTvxvQSTovyDLlNolgHFpqgtLw63s3xwNJK1r6pm2yxwWqdkYgond8VDmRZ
AkyaUK6H6Yu6tc/xZgJ9pD9Dp80v5zwN28q6Kip6ywyaBsg3Wp/dgsJcD0rEoI5AF5kaMWh9FnV8
IqusLF0TQqkOQdRiPCFQ12UrjAM9DZFdZmN5xmpdwqPqYrStnP5FRQB41Lba74ymjsFvabln3/i7
zN7In7ty/ecfRFRW55s02b9JIMWgSqrKEt1hd/dqZOv8WMaSCV1m6FoWk7Izo02IwKtOt3321byS
B/XVoLs7lBVU9trMuG+8Pju82rf/Eux60b2169w7u/ZfrL8kgpcKY1/Q9h+cwPVVaCooVr9c76Uq
e9R6fL+xVRFOuQU61utOsvSQC0ewGl/RbYeWN23VgXJXzVfrlXyJOKCDVMXlnZK6U9iouwsAX1D1
3U+vJdTIqeT5AyKtrBT0Xua9kZEstsabJbJyKXtBcQ/gq3UjxG+oXq5l0Q+NxBkq1ZXqmeV5JK/c
ojZXaUTFjJJS0kcxUq2xemd3R24erjd3/teOfEOqtyl1zPUGwusRugNTJKwajJWLT0nZAAwHo3pr
ts1AW+X934naE3D9O81ytd/gemS2GGyRPZcPQm9+Z4iy2/4AbXwtbykH8pbyIla3k/qnUCUG9pP+
2JIPpX6/3jB2cKWE/Xo4hAJl0R+5nJz1fy5W9T9zua+3/mbIzThtWoc3UE+Ylme6ZoCvfzpFSASc
4z/aRS/wUj8JbOHx1ExpMz5X7kbIaZdn2zH+RPvX9fatW0+4YvJupK0fmfxM99/pAUpPPqDzWe3C
vD4bP+8XQ5uUJA5tQGtZNj04MTm+GKgqKT9JUbYHMZQNzQm4KOp6cOJlRoDw6/lAR1sc4Ce1pEOx
MHhXZVve0dsimx7wsmiXdzA8HzrnJlt/ksVYf/txUlE2U9uS661bSU1JrR8yIQVIQEvibgts8uNq
tWxKOeDIgVnywObZwE2kbpz+0HqXx1mrnLFj57+pZruYyKWUzQW///5/AP2w4QQ=
===END CRASH DUMP===
