PocketMine-MP Crash Dump Sat May 22 22:58:53 WIB 2021

Error: Namespace declaration statement has to be the very first statement or after any declare call in the script
File: plugins/shopvip/src/shopvip/Main
Line: 2
Type: E_COMPILE_ERROR

THIS CRASH WAS CAUSED BY A PLUGIN

Code:
[1] ﻿<?php
[2] namespace shopvip;
[3] 
[4] use pocketmine\Player;
[5] use pocketmine\utils\Config;
[6] use pocketmine\event\Listener;
[7] use pocketmine\plugin\PluginBase;
[8] use pocketmine\event\entity\EntityDamageByEntityEvent;
[9] use pocketmine\event\block\BlockBreakEvent;
[10] use pocketmine\item\enchantment\{Enchantment, EnchantmentInstance};
[11] use pocketmine\event\player\PlayerDeathEvent;
[12] use pocketmine\event\player\PlayerItemHeldEvent;

Backtrace:

PocketMine-MP version: 3.19.1 [Protocol 431]
Git commit: a7cd0810020af15fb3d79127c77cf576085cd4cc
uname -a: Windows NT DESKTOP-KF1VXGB 6.3 build 9600 (Windows Server 2012 R2 Standard Edition) AMD64
PHP Version: 7.3.21
Zend version: 3.3.21
OS : WINNT, win
Composer libraries: 
- adhocore/json-comment 1.1.2@fc2f76979f0a44a5f5bc2a2b600d0762fe0e78e7
- daverandom/callback-validator unknown@unknown
- pocketmine/binaryutils 0.1.13@0abee38d4e2861621f262c79a2a3d699d8a697f4
- pocketmine/callback-validator 1.0.3@64787469766bcaa7e5885242e85c23c25e8c55a2
- pocketmine/classloader 0.1.2@9757928424652393b178a3760073113aa7c9911b
- pocketmine/log 0.2.1@830b44a2cf96ef703c550abe64302f230231ca49
- pocketmine/log-pthreads 0.1.3@e477ecf6ec214fdd4415ea1da3fdd9d73bf699ea
- pocketmine/math 0.2.6@43057cb8c179a9859677b496a788db922fd5cfc3
- pocketmine/nbt 0.2.18@9f82ca4d7f97fcd9a566e44b63c4f18a7657ae82
- pocketmine/pocketmine-mp 3.19.1@a7cd0810020af15fb3d79127c77cf576085cd4cc
- pocketmine/raklib 0.12.11@9cce458b8bfde3e4dfdbf70c659fc7b7fe26b5c4
- pocketmine/snooze 0.1.5@70b5e7937a06878dd321a3182ceb76d56298f2cd
- pocketmine/spl 0.4.2@6b08b7cf8c4afa17139c9a1b3bf1b408531de161

Loaded plugins:
PointAPI 1.0.3 by onebone | Fixed and Update by LamPocketVN for API(s) 3.9.0
KeepInventory 1.0 by KhoaGamingPro for API(s) 3.0.0
VanillaEnchantments 4.0.0 by TheAz928 for API(s) 3.0.0, 3.1.0
WorldLoader 1.0.0 by JackMD for API(s) 3.0.0
KygekRanksUI 1.3.0 by Kygekraqmak for API(s) 3.0.0
ec 1 by McLebt for API(s) 3.8.1
DevTools 1.14.1 by PocketMine Team for API(s) 3.13.0
AutoInv 0.0.10 by JackNoordhuis for API(s) 3.0.0
MaxEnchants 1.2.1 by Xenophilicy for API(s) 3.0.0
FactionsPro 1.3.20 by Tethered_ for API(s) 3.0.0
WorldProtect 2.3.8 by aliuly for API(s) 3.0.0
Slapper 1.6.1 by jojoe77777 for API(s) 3.13.0
PM-Beacons 2.0.0 by jasonwynn10 for API(s) 3.0.0
NoTP 1.0.7 by awzaw for API(s) 3.0.0
DEVirion 1.2.7 by poggit, SOFe for API(s) 3.0.0
InvCrashFix 0.0.1 by  for API(s) 3.14.0
OnlineTime 1.3 by Zedstar16 for API(s) 3.0.0
AutoXP 1.1.0 by JackMD for API(s) 3.0.0
PurePerms 1.4.2-c2a by 64FF00 & ProjectInfinity for API(s) 3.0.0
Trident 1.0.0 by brokiem for API(s) 3.15.0
TPAll 1.2 by matymare for API(s) 3.0.0
PersonaToSkin 0.0.1 by XenialDan, DenielWorld for API(s) 3.11.0
BuilderTools 1.2.0-beta2 by CzechPMDevs, VixikCZ for API(s) 3.0.0
Broadcaster 1.5 by EvolSoft for API(s) 3.0.0
MSpawns 2.2 by EvolSoft for API(s) 3.0.0
HideCommands 1.0.7 by Himbeer for API(s) 3.6.0
MapImageEngine 1.1.3 by FaigerSYS for API(s) 3.0.0
PM-ShulkerBoxes 1.0.1 by ipad54 for API(s) 3.0.0
MCPEToDiscord 1.4.1 by JaxkDev for API(s) 3.0.0
MultiWorld 1.5.2 by CzechPMDevs, VixikCZ, fuyutsuki, kaliiks for API(s) 3.0.0
SocialSpy 2.1.0 by Crafter20162017 for API(s) 3.0.0, 4.0.0
TimeCommander 1.0.2 by TheDeibo for API(s) 3.0.2
Sponges 1.0.0 by  for API(s) 3.0.0
BlazinFly 1.8.7 by iiFlamiinBlaze for API(s) 3.0.0
Worlds 3.0.7 by survanetwork for API(s) 3.0.0
Netherite 1.2.1 by Wertzui123 for API(s) 3.0.0
FormAPI 1.3.0 by jojoe77777 for API(s) 3.2.0
BlocksConverter 2.1.1 by matcracker for API(s) 3.0.0
MoneyUI 1 by TuiDepTraii for API(s) 3.0.0
PiggyCustomEnchants 2.4.0 by DaPigGuy for API(s) 3.19.0
Farms 1.0-non-alpha by Dấu Tên for API(s) 3.0.0, 4.0.0
CustomAlerts 2.1 by EvolSoft for API(s) 3.0.0
EconomyAPI 5.7.2 by onebone for API(s) 3.0.0
ExtendedBlocks 1.1.2 by Javier Leon9966 for API(s) 3.14.0
SETVIP 2.3 by MCPEVN TEAM for API(s) 3.0.0
BangHoiUI 1 by JVN | JackVnKiller for API(s) 3.0.0
InvSee 1.0.0 by BlockHorizons for API(s) 3.0.0
PiggyShopUI 2.1.1 by DaPigGuy for API(s) 3.2.0
BetterVoting 2.0.2 by Twisted for API(s) 3.0.0
PureChat 1.4.11 by 64FF00 for API(s) 3.0.0
AuctionHouse 1.2.4 by Shock95x for API(s) 3.0.0
TransferAPI 1.0.0 by StimoMC-Development for API(s) 3.0.0
Rewards 3.0 by Wertzui123 for API(s) 3.0.0
ShopMob 1.0.0 by LetTIHL for API(s) 3.0.0
RPG 1.0.0 by LetTIHL for API(s) 3.0.0
level 2.0.0 by LetTIHL for API(s) 3.0.0
help 1.0.0 by LetTIHL for API(s) 3.0.0
NapThe 1 by phuongaz for API(s) 3.0.0
CmdSnooper 1.0.0 by HotshotHD for API(s) 3.0.0
AntiVoid 1.1.0 by FiberglassCivic for API(s) 3.0.0
BuyFix 1 by FPVGAMER for API(s) 3.0.0, 3.7.1, 3.8.1, 3.9.3, 4.0.0
OreGenerator 2.0.0 by vividmemory, LetTIHL for API(s) 3.0.0
AutoSellUI 3.0.0 by LetTIHL for API(s) 3.8.2
capdao 1.0.0 by Nguyễn Công Danh (NCD) for API(s) 3.0.0
Joinkit 1.0.0 by LetTIHL for API(s) 3.0.0
BuydetuUI 1 by FurryJaki1992 for API(s) 3.0.0
VanishV2 1.16 by superbobby for API(s) 3.0.0
Kho 6 by ItzFabb for API(s) 3.0.0
UpGrade 1.0.0 by LetTIHL for API(s) 3.0.0
gem 1.0.0 by LetTIHL for API(s) 3.0.0
PHP-Sell 1.2.7 by Muqsit for API(s) 3.0.0-ALPHA9, 3.0.0-ALPHA10, 3.0.0-ALPHA11, 3.0.0-ALPHA12, 3.0.0
SlapperRotation 1.2.1 by jojoe77777 for API(s) 3.0.0
TempBanUI 2.3 by SonsaYT for API(s) 3.0.0, 4.0.0
detu 4.0.0 by CLADevs || GreenJajot for API(s) 3.0.0
HealFeed 2 by JackPlugin for API(s) 3.0.0, 3.1.0, 3.0.7, 4.0.0
giftcode 1.0.0 by LetTIHL for API(s) 3.0.0
essentialsTP 1.2.2 by  for API(s) 3.0.0
PureEntitiesX 0.7.0 by milk0417, RevivalPMMP for API(s) 3.19.0
freeze 2.1.0 by Bavfalcon9 for API(s) 3.0.0
MuteTime 1.0.0 by LetTIHL for API(s) 3.0.0
AcidIsland 3.2.9 by GODSMineVn for API(s) 3.0.0
QuestPlugin 3.1 by HmmHmmmmm for API(s) 3.11.0
NganHang 1 by GreenJajot for API(s) 3.0.0
Buyrank 1.0.0 by LetTIHL for API(s) 3.0.0
PiggyCrates 2.0.9 by DaPigGuy for API(s) 3.2.0
KitUI 1.3.6 by Infernus101 for API(s) 3.4.0
BossPlugin 3.21 by HmmHmmmmm for API(s) 3.11.0
restart_in 1.0.0 by LetTIHL for API(s) 3.0.0
ScoreHud 3.0.0 by JackMD for API(s) 3.0.0
TrashGUI 0.0.1 by Phuongaz for API(s) 3.0.0
MuaPoint 0.1.lpk by LamPocketVN for API(s) 3.9.0
SellExp 3.0.0 by EzMinh, LetTIHL for API(s) 3.0.0
luckyblock 1.0.0 by LetTIHL for API(s) 3.0.0
WarpGUI 1.0.0 by RockPanther for API(s) 3.0.0
PrisonMine 1.0.0 by LetTIHL for API(s) 3.0.0

----------------------REPORT THE DATA BELOW THIS LINE-----------------------

===BEGIN CRASH DUMP===
eNrNfQ1327ay4F/Bcd7Z2+5Kskh9+25249hO7NaO9Wwl6buX7+SAJCihJgmWH7KVe/vfdwYASZB2
bDlWc7anrcUhOJgZDOYLIPivvUCkEc2/rFmacRHvHQw7ezmP2N6BNbat8WxmDQa9qT0dTCadvSJR
t4a9kT22+oPZZDCYTscTu7PH0lSkewf/2ss3CbTYO/lydHkxPzs/+XJydXV5tdfZi1iW0SXe+0Dh
d0I9RnzmhTSlOfRMspzmLGJxTlY0I7kgLiP5ihGgbEMCnma50USkhAY5g//HG42FEY+GIeGxfCrz
Up7k0G3AQ+wzCYslj7P9bCWSNU/2s9Srfl9QHkPLkMfQ0v6zoxt/4fFahGvZIWDweco8xOgJnyGn
FgCdImBB8L//b7JK4I4NkLhiTqP/O9wYwA34M4Q/RcZIIrwblkfQn+PMQ7phKTYaPXC3yHmYOc6R
iAO+xEbjBxqxNVDoOOc8y1mscE0eaKa4wh7x71uaMWw5/TZC+B/PN45zIv8e0wiG7+1GXZ1gE3x+
9u3n3RBgjvMW/7xNGb2pHrL6DzzFYWyxU29F4zySGP51Ul91iHFxFoMuxB77U2Kzvk1DIsVbivmY
0XxVU2Fv+9wZkHbKQl8/CiqSpzDEewf//O/O3hKFTkNUCRx8wDmX+C4AX/diDh25IOt6hu0Netas
ZyG84KEPM206GHX2ePbFZ+u9g4CGGQMdTEUuPAFohwMLOuGog3Ti+f2p1e/bfRpYo8Ad+JOZZU+8
ycQLRpNxfzry/KHnAe5C0/KZx764zciHBTk+uf51cTnv/vrO+vTb+7dk3BsQSQKZjft98lPZ9Jql
QCyx+5ZNrmxyDZL2aeqTE5/jTP2ZHF4cj4fQB2r9wd6kN+jZyM5XFvuSPX0Nt7+IDGk4+/BhAQB5
cSsnmyeiRGQs/RJyN6UpZxnKj/or4Dll+79nIu5CGz33rJ7Vs98Enh1MxrPJLOjT4ZCOgpHr2dR2
gXi/PxnbAeuzyZRNAL1PgQMgW0T7aBVc6t101zTkPs3RTIF0bmJxG7/Rf5HYSgf2XR7TdCOnHjTt
Q9/W4E2fuowNpv6Q2dMx2sbAHtveZEZtOvDBTvpTCqQFwyaqBzu3ev3e4M14OJlOhvDMeOx6lE7Y
aDod2UObwRjaA88esak3GlG7hTCkWRYK6rNU02a/mU1Gk5k9HdrD8cgezAauNZnSAWhDfzKwrAHg
9sCOW24TUyiWEoPds95MB30XJGp7wWzMgkl/AD0jw+PhoG8HNvxvYHl0OLuHoZvkK5jZfimowRs2
nEyYF4yZZ1vDwPeHQ2vEqOXTAVzM/MnADUBajDZRgQtaaWrGb6DT0cRzp54F4p1NR7PxZOIOZ2M6
mU59d2bbgT/yAm/QRBG7ecnP9M0smNpAsD8JYEw8f0ZH4zEbDt3xwBsG1pROxqMJZdOWcOuf3Sip
JuqbZ8w6A1lKb0C3lVyAJuvNzPPYcDR1p27gswEb+oHvgqy98WgWeBN3EjB77I68lgZlsRBfmRbv
6M2k747YZDaY0P54Opn6/sC26MACbpk7GfujsT2bBrbnt5AkocQwBG0Zu/2pC4RPvSENqDWxBjNv
Ri0XBsZyh8DLwPKZNbb2/qw8oZybc8Hj/HB+1rBzGtTZq62b1G6A0CJfiRQe/eeeiJkL/5F/k3f8
jvngtH3yMYHpwIi7Iec0Ugbz04c9MKc04fjMoDfr9fGaxdQNGRiWPC3ALvosATOTKdObiSA/NgER
uvKDskMw40ghYARDXtOK0wcaXS8OrxYf0T7fMjcD74NOGnj+lbHkLEZLL9KNwW0T3mK5yfCvK0Hf
UxD9cp6KBlP9FlPa2m/FVQOr4zTocZwyilHMzS+vF58vr86P77H3icY8DKnhTDODyYfumqwOJQcN
ZhcrdvgV7M89Pjs4gV7A71rRguFPyp5ibZXnSXawvw+OclW4PfAd+yVh+w8xBZL4LNLQP9e2tJKA
CW3rdYvzX8CyXxzvbHwVOscxKGhcbDO6v26W7OaKxjfZR3OmNsBNrgb3lBfbpvSPiN7sTnVrnKC4
BjHb6y3zDH6Y1+SiycGFd87AG5jETyHg+l7iFToMTWEQvBXL8u2pPmbrhRChOcUqUHMcrGGvxUYd
RpIFo1GDH2vw/daxJMBxDFIeMYoPTK2atP0KB3B7WOQCTJLBbAkxeQVF6lkPTKUPQqT+quDZztTu
d8Aal1gdB/oDL7B2nJqqJwfwgt5pu2GOoQltDqPdHsXfWCySFQ+5t9kZXwZOVMWKlsbFNty9ox6G
9Bm6qZo7E9o2Fnbb+jNIt1Pmf3khc3uHkFdeJxALKI+pOTVIcRx9se3ck6YTHswxb28Z+BJssmcD
e9MmdxC1F+Huxk2hc5xbJCFRJLRtyZYz8KLgacAhJzWj1rLKkacMY+osZ+l+g12QynVIk6Th8UpI
c6jHbUX+Xfwu2AT/edwSPUcgmep6O3v6gBRqmvZLLoDF+UX3LaOeiM0pawCbg37Prf9OIfu83cSx
1d+hJapwOo4r6XCcmp4ndfmDWMwNZuRlOzqZtHT39iu93Z3qIjbHiUWefPdoKYrQK5584qkkvPaK
JahtTltcJWKJtRDQ48t3bGfcKayOs5Y0OI7Pyl8GXU/kDeBQjlKarSDHMfgyofecYIO1xqQavoCZ
qPgjQ2bA1XnYdcDvHGf7EPIyxkroQlZ6KzYMYMsjNIfnH8zPcppa450NTYXRcWoivlsFK2z7Bkc6
cvlt3gpcfmvPMesHZQCq8+9mUqHZ1yygQSxSNmdp1LCHFazJ47Bndz2bNvkcD9+96/fJ/yDgSH4H
R3IWBzzm+e484xfVA+TpJVnGz+8QgXxWe8MaD4hikXJfFhUrQZSQJ5I9NxU3nLWi8NELWNYIHUcT
AAxf1LQ8OU0X88PQLDqr65b1bLIQ0XwT0XR3ZrNE6Dh5QsNw+7QIhgP8IV2I6xtueoEm/HF7iVEw
p+ExxYbH8JuFMtZpjtBLChB3sgOf4qKJSdhzrOlbLLCztJ0ENsBtl9fvuiynrcE7+sq81fwC0i18
4BO/4zdH/9jZSHqIPYnA78HEcxVxuUoSW6Q+dyYadO83UKFwUkDmyTjVlI0BbYpm1BTJyVqE18DQ
zqRg9Ax8N8jYIjq/vb3tMSAJsffyG5k9QkZz2whDS0gzBrX/YsZ0rzBBq+6/j6FTsE9HIoqo7KHi
qgF+Ii495ZHLQKYmb+MX8KbxOY5JxJa+Uz3aUzHABU3OcI3zJF7KpWAj22/caMcErRDoHeVLll7/
1/XORq/CiFyZpLSvtzK9F93rVRHesPStuGOtDKlxpz2OLfPLE+qPhjtjUqFznEyR4Iq77d3JxdH8
ZCGOeeaJ1DcHrgFvxzlWO5a7uwErtdNgDvIH1TlS8gx+ijDnypkZzNTAllXsbeUqOntBsSnyrLjh
8PuGhpzfZH+NA4mQVFnkAJ5Nsl/iPAxEWMYQHvjm68RcoalhTet6L2yHjAx3j9h9awz/TR5YuRi+
TBiRj+t2srJxFPnX6vdWUR3kI9qGNXxiE96emfa9FZljxt32ypP93fw0et+mYCVHKBHxsmFgSsjj
kfauNBIy781o5Di61+1n39uQfuXxu9BUrRrWJH7a9m6cvwtpxHmMT+wu0m6ixU01mh7j59Y10axd
DW0OyeC+z86KdE1jlsOc3t2ikESqi6GZXunaOsLUpc6eRNID0vZfKUSyWiaL0vKBumRWwZ4o2H+G
yPdrwS17sDNOa5SOU9Hx3el9jW2/ZgqL+SKNmgv0JeSJFb9vVHbtl9Q7K5SOo6mofmw3B4V3kx2J
GAhvZQetO21Tb93Leb0UPHEr4Hxh1qtR6s1tNTXPyQwvRMw2jVXaEvLI0uai4EDSIqWc7y45UN0+
I3vny+XmqMhyET2wNvbQ3eYgDdsKeEzhofdFs5xkzV7AU4kRMvf75DwI/I6JWHay/wC6fbW81qy5
qeuW++vGIu7SMFm1am7HTmExOirIwin6fUbjnYcpqwjX1GStraTsybFXXB6GoO4mZw1wa0r+xbmt
2TWEW01Cvi/LPfFELKJN05gaQJPBUW/Sjr/09qOdcVhtZ2KKBLmhqUHOk8N2cpfj9gVf2SuTq+aN
dm5rt3OkNWcpOWcins3GzSL/i9YsFOISL3DXIGt703R9svh0ZtbxNaC1ztvaLwLJ2acPZHFyeLE7
oypxQvTJ8k882crl0Xh5KnjDI9SwR3zCL0D7vwmmm5/iX3kYvtjVGXGDoWXGYCFj244IhOHXjDVX
xBDwRLldDvypSPlXXCHdWYHPxOo4ipTnOG1p6a9XImkMkwl9Ih550NU9P9JqWiOZGmvI3jedoCKw
cfFip6fQSGf3luUQAX0SOY+Xpgqb4PbKeztxvcV3GPyXqu9D3r2WSq46wWV4pGwtKcPF+AadT2tC
kbKjFc1bS2oSdK/SZD20nPY8No0Fu29wXO6V2eu0dvD8xtZcFNn8pFs1+cbKG1Jf/9rBuptEI9dX
ZcenQAZrrLIa4HZeNmwKDVTNu5mN7l6qHY2ZYy7PG5mp7gq3jEkCV0ggrss2yH26mpPSOAtY2gwk
TOgTVvA655G4OOoeszULRSJfh9iVLTTI2N6aX7FbmjYKCCWkVUH4oTm1pmEXGbVGJS0aGrcL4ZrR
hIY8MWznLF+cnZ7vrlIC3T5jjObvzfGBqx9MbrJ+BrUhqrZBr7p+YovWzilOWZbzJdue7BULE4Nq
efmDxYx9bk/wB5osVo2CmAI8Elgmq0LES/p1d2LWCB1HdV7+3SrxrOvoRtppFtcfFf6pyGEW5ae7
26zz/UV+3Or6SXBzcacCPbHh6B13WbrEl8CO+Jp7O1z5xlcjF/QGop9w81a+AQf+TlNV//oO4/oQ
6v0Kn9wisWnumdOARzTz3fzT+8OLk6sH3zmZyJhb7fnvyBeJBi8ulSiStp9tlyl7L98LzYWprw3w
EzZuDQPsRywS6aZDdm07TEIcR//cah7irrJrFoaNBMgAtlcStjCC0xcsTWl824+MRxOfmrvdNeAJ
+/FhCXlUYTFvFJMjLMgFw3hJjmm8Ij99ODr+eWcjgx2x+AjsJCKH3BT94VkW0tjfhr1fBI9vuJmV
lJAf7J1u+DNek4Hp5bO8aNY+KthjhqBI080vYFus2cze3YYLEysuYdNF8QHyyOcUyfGls2z1yW69
XCdBLSM/bi+2Jbj/wXU3O1xqK1E6TklF/WurF8tW5pzBK5OJFgdn+dd31HWfmeA+lph9c5FX9eQ4
188KkT8m71Pqm9FQCfnBs6R4BtFLFhkE49UPJnaJu1W3XiQ6nXfRJZj1kRL0xB7/C7mBvU129/B8
fno4ky69urT6rWurdW2X19/NNVJ8Ctb3GUVo9SrKlcjl0Sb3X7Wp7jyxFP2NhdkXcdOkYHumFixK
3qIJNCsZFezR+vq1iDP6X4udr19pvI5T0bE9O+haDE7k5RMvOh+dH+JGJPLvf5P3KWPxL/R3scNl
LIUdOODxswbmlNHwHWNmNlGBGsNy/9UFVan75ovbnWoryPDFO+Hm+vSZrY0dD/LypJ3S4pWgH232
dL/PeFc5y/DwHOij8dZWA9ye+vZfsgnK7NJxWgRsVeOW5/1wlv3WKnTX8OY2/Ul7OCIe3vSHFqrR
FYOkhobzi4v57pb6U4U0iSLwpUmBM1NRpgrZJZ3PfsPSIHa/yTBIJoBuvprKqQFPbDx8S9fAGsQ5
s91l7hVKx1FEPGefad5+0asC/eBJFhX5Mwg/9LivcyIjCa2BzSTU7s2axL+/PL7Gl9c/xTtdTNBv
xeN2GmMx4WIzDwXmQvLvNtz9Z8GyXNvmmj0T2uSvFTWcRhH8C/88802Y6kXgR7eMRCtE7Th/FPIg
BEnVd1SFSiL3TbawTLmkMURb5gpiBXokD/wLHHKN8ll5bErjm2YWKyE/eDphn8/d0IUVoPsbuRS0
Xaua/TWr2o+v3LY3dUnSGhcv38Ql0cjVn1953jxDRV63t1K2M984YGlcZFbfashi+KKNzBVOx5FU
PEMhRZbdsyQGsGUod21J2iHEVpbFBfIcB4l8iV0xmAQ54PoOTfMvDTkYwB89PVXPz0gp8Vi808J0
dxXoiYrrX/SOctn9MzJIrOe8/9haClegJ171nO96JeqzECG+eau617+2C5moPEqsETJpUJMJqxcm
Ny012vKosydqY9VZZo/VxeuuZAFTPlP/2krnWBie3JmrnCXkCY07+QrB1Wr3ixYKr+Oc/DZ/Xrkv
LLybjTyO1FxoroE/ePbXPW/PwmeaJs25U0KeIP4KupmDI13tcAf8lSQdCXhGjJHyTMQXzTcrDeCP
3qMge470S5TbsIDHIdIU6M5Z+3yu7sW8l6yoipzl6am9JMXVYJl4Huy9mldXRJ3lS/BcYid14lfX
NCcXdENsm1j2wWB2MBiQ/9WfELtvW9ggErn/+uLynNTpDYJVN91EpPlra2YNbATeroDYbsiz/HUf
r2kciyL28GAgPMa2S70VZ+pE4+y1iCUefB+4q88iAumrByN6p5/JXtsjhCwpLkX6TN0PRApYK5gI
AoSCBHz0CuV1sk50Lz4PAu4VYb55LQldlmuP3YzluOMue41gufeji7rxOpSLFRUsY8w3muAp06+P
T94dfjxfIFSpQBdyknSju9SgFAxnSQ/+7iU0y25F6r/+n/IfEFKRi25G10w/uObstutzdcDw6ymC
7lxx10Vl1E1gEJYFXbLXLF7ideO0zd4mwtM2XxFUK+LJ4S70Idc46gSERxq6A1pAFiuWMVJKg+B5
1niONeSSGfwAHfFwMHM8FZvHXlj4zMezru9pG+K6FhE8GSCCNs6MBqxDBFqDDFESFw9mJhtRpBoX
4QGBQeUBlz3AeOK51+EGEX9gtxW6fZ8FFEY0I7ci/ltOMOCjKUFpRsAsnny7Uadx80zxfbtiMSmS
ZUp9QNBzYtRihezAiQl59XklX2fCw78zmLAEz/PO8lQSn+NutRCCc1/dlqSCCaWAGOQZslzKCw/u
8RiBzMEPpQQjxKzUtRy1AyINBd7IVkXuC5gA+nTyA+Ls6eOPvVBkzHf2JGWHYShuCU4sIIbod8/I
mlPyn6hy2EbqXnkC1wHB8/jkoydSD/Uz8uhTnCIERgyEgthcPMFcihLba7WtbhvEvvrMQSAiBrlS
3ycQQyrxo1hB4DckYjSDcFuekA5CdxkSDcJhfxQ0RLEt+RrarmlYMPKT7hQMzc+IXfUIE4ahTemC
2JdLlh7Abdn3hyJyQSqgVYfZJvYWNLsh+DYg6FFPNvgI0pKqXXKKzVYphC0FjB40zzpEvqFH9OSH
+dAheA40MIJ2X8oGDC7CoiIGDcImCvm1HF7gCbQsFXccNIyBGIAlqblxRRzKVhN0FqCuYhvUyQ7h
+d9AfHkqH/MZ2jupMq2HyU/AA54KbkuxSDa6mtMDiaqtq1QqR1rEMQ6nX2/VVKdrZz1yzNb6N4n4
cgWTGcPNjjn5tOKgRNK0SHIFVQJDwURAm+ZLDi5MSnk8tq8mBF0L7gPZD1OAOoI6BykRB+3qGYoG
jbuqUaVpYP7lrhM1Kd+DJQbtQT9KFBzmQcRznNsRW1J3Awlzj1wrUfelcHmGuOXjCxy1Wy4lLzUK
Ju1tVyEqlSyTHAYcSASLJE9gRzRYzSy7VEoOo1XgNCVLAQMlcJqiVmBHS0lmV5J2QPrIBfQuTbA6
ovr/ew4wMHmMfvSuL6M/y0Wivo6gTFxFkkaXETAf6B/B7pUEYa8lVVbfHmrCpBH4LGeFpi/72w4o
lPNCkoQWg3gFOJ8YnA9hd8wrpPEVimQ1I9FZVa3ZnQdRQlZzpAzX5eLkgCxOz67J+dnF2YIczufn
ZyfXZH5yRSDO+/XkqkOgEVlcQqsT8vn08vyEzK8uj06ur3ttE9CQhz0aa3HMWcqFdMhoiOXnK7wV
kyZZSqMythbIHkICX9oW2aSLFSdlZiUqiA+BTzDQoE3I77eUTSkZRHzoAGNspjuTmBUSML21IVce
SfZxiT4E/bx8oHe/NeqCDqth2BLmYTigJIvkqnFVz1Y8gHqxJKtZHfQ1r9nPD5OkOR9ozpc0dWFm
dD0RhioWlQboYenKqYbk6KeIfgpsd0TjQgYfJiUQmBWggz93Sp/QVsJSDZV7DQLApfiN6inYI5fK
5iuFxy98FKFf0cLBidzGpKY/U4gTST4wOu73Na/Q2ztpLO45Sak6CkPFW5CKqHS26mndomuqpjnC
yI0eyXu6QR5QqYZ2XJcBIw5ZCj2hGmpF9osoUdGVCuGIvtHFG+V4HWMj/YCkXZJZcgBX4OZhstMH
BAxOGxwf9LAGJcuygqFhyFcwassy2kSjhb3VVHXKgVQxgg4qe4oabPpNOWGe462K+CYraT+iCUJ5
VETgY/G8C1LmAjiQRGVFioparjhftCjljLmvYxBsJ5oi2WEXo+ACnO6wGrFjoW61dRpjI7R6Cr9q
XE4hhUs3NDmTkUPXo3hedTUuQIqMVSB8ROkBdSrAUFgSfKcdEw18RnFYcwePaXkqfsqesXEd7aIA
Q0wDNN7HUT2mh06sj5s40C4CQrOVCFWI6dIcMlmMxCXJEDWBCmknI22bynz0XeVaXFYFm8q9vTJH
qbyFZjXd5Ii8Q7qWMYBy8GTH3bwkRrsAabXrOFamqBhC+opzzGVkoI8PA1CT1SOnEAuCLr2WwR05
mn/swLNAgwvz65b7oPYyVlDWs8LflfgPyKQMu+uIPJPSMdr2yKEPhmpFw2Afv8Ag0wSfgQ7rrqBT
gnUPVDBjItZuz0BmpiInd2jVMMSkYUcZTexaf0KmRxap9BdCRtIf5/G8jMPr3BDTDHwI37dBnEUS
J1193Up8LvSEzPhXVg01RuzlCGfyo1AqmoKIXmmO4XWHM1s99HOPzPUzIU2X8gGqk1StJrLHIKVL
5A6GC9jKklAGM5h5RhTfsIWeUxzCo5BjMUWm0imTa6LkYvFRUpoBS/JDVkVOMHWXo1x3p/KOXmmG
orzo4lMHklqcAD5zi+VBmcv8H2JhDqMjuRXMYnmf6Mw1K798hScKC+XTtKJYiEzZLYXtaCUgt0Xl
LFMYViap0rj5NKcko+vSiGJxpCwh4b16vlPw6WAJGM1LGwOUqjJcGTLLdAtUSIYrWcL09z9i4YU8
IfJZkCNWwDyKyhKJdZnBovnXNlParW55T3WZ1daiLBKZ1YSFLAcoBVBfOVOFFNlWj3aR6bKEhy8p
KLugn+mqZw5IAgHFmofYjbJ5ej7rXtBo03hZBdUxPha2fUenbNWoLj1YwVFZ3mEkCtTpQBlnreIo
SlWWk84Ip7PM3WFg8Lf0JvDwlfQtxsOS8ZipXNFlCpnLAtRIWQGU7mBVaoAcdFkYbHgpxT52VLEP
M5PQNqnAiyfNLGHgAB6isv8wmTQFTKAfpSICseXD+LeiZiC1GzPpbiG/I5MZ1sJDByQ7kpVQoxRz
diw7k5X3TE5JlCdLcaSJ+lwU0dwRXXkovZ18psE64OsSm7wiS8hZslo8dXWjklDvvoj0ZL2lXCY1
YDgg4ldjk4ikCEtl1Bdo9mUbbSIG0kDIaLib6GmN1hVn6gEp40xZ2VT1nAPt8bD8JHMsBVYOQ48X
vgZdFQb8Wm6o713cANcCVdOtCU5WEJoFwhgRmGVdtVRbtVwJHBlJSg93bvW4kBTHIt5EmCPgt/6w
3OZlNemY+Oj7pL4vWZAmiy6XKWSbqrKky1Aq28bPtd20+ZP0wQy+PL48AHl0tRFUvgCNwi1TgSiF
qXMre8wk4TUDEtYzar/geirJK9VUg3NPqDCg6r5WJvB6+MUzabvNeErChSk6CFFj1BOjzNMh8vyY
DsFzY6XDyquQBUxvwCCNhiEECxSjQ1B3S8eiika0UTbSSzGGwykgPAPfJq1YaSw0Qjny6n7Zx72R
VryaQ53zqLbV2iMhUmxfBg44smgwsUNZD9MPlbXPXt2BvmP2UErzcZ+nzbYaXTUrjDKDxgHocy3P
sqCw0kBpMTAj0EGmthhYn4U43pdRFg8qRBCqAyOqGI8WqMyylY0DfNpElp6NhpxmOoSHqItGSVhe
YRAANOqxOigHTd0DvcVyzwH5p/Te4D87sv7z34hUnZRWuUlzkUCygZEUnkStMuxyrUamzg95LOnQ
pYfOZDApMzM8kgJo1e7WJF/1K2lQPwmu7qBXUN6r7vGAvDs/XBzYf590RrM7qzO4G3Tsv1t/95kn
lI39CT914aFxfT3tK1Osroajn1XYo+rxZmKrZjj6FpCxrjvJ0EMWjmDUvA0uOxReXqSlUS6j+bSq
5EuLA3jAVXlypSQrBdYtVwFAF1R89+qdNDWyK9m+gaSQkYL+6KgB6cpgq1eXyEQic0F2B4Yv04mQ
dyPfV5dBP0jE5RCpblTOLNshvxy/lhkqN6LmjOJS4odgJK1s9V5nj+HJOxnXH8+Qn94yvvHoevpT
fRUEV2Dw+5ANmIi++CIHY9iA6m/D1oAiDc1rNBHmdcBDefZbDVlGjS9OrnDThnHNYZatTQB+R1Ku
J6tdyZGrlpPMJpn+vKUJS7wm11cs0Il440lp9rMmCAKUyIRcz8/Ny2iT/RHKz2TqX2SEu11srMOT
Ln5zc9Qf9ifw8z/OYEpMPA/+nY3ZeDIKxv7EZiMv6Af2eBIMp8waTzybuq49IP8BuHNxw2IIDxoS
21C5GlnuRf7KE/XO2Uger/FVfaKwag2Xd1FzTASyY/f7A8uycdff/PiyISpffJGstIEA4s3hBHMR
Z1mj4TVHg/DbRUNGLQrgElPSJlsAvMVzDxtA42OUuPvQwu+pAsGrpnLW3vqLDMbMD32iiPhSfQBU
ba2VYpIoLb2PWBo03y0/Nol6nG6SXEiA2oy79O+NOW+oiZTNwASlDGYDTrtloZSxJOcfGLNdzmUp
pX7gzz//H0WmzOs=
===END CRASH DUMP===
