PocketMine-MP Crash Dump Sat Aug 29 07:34:44 AKDT 2020

Error: Namespace declaration statement has to be the very first statement or after any declare call in the script
File: plugins/AcidIslandFix/src/MyPlot/subcommand/HomeSubCommand
Line: 2
Type: E_COMPILE_ERROR

THIS CRASH WAS CAUSED BY A PLUGIN
BAD PLUGIN: AcidIsland v3.2.9

Code:
[1] hướng<?php
[2] namespace MyPlot\subcommand;
[3] 
[4] use pocketmine\command\CommandSender;
[5] use pocketmine\Player;
[6] use pocketmine\utils\TextFormat;
[7] 
[8] class HomeSubCommand extends SubCommand
[9] {
[10]     public function canUse(CommandSender $sender) {
[11]         return ($sender instanceof Player) and $sender->hasPermission("myplot.command.home");
[12]     }

Backtrace:

PocketMine-MP version: 3.15.0 [Protocol 408]
Git commit: a498b0415ab2edf18300470dfe6d182372f25190
uname -a: Windows NT DESKTOP-EV6UBU5 10.0 build 19041 (Windows 10) AMD64
PHP Version: 7.3.21
Zend version: 3.3.21
OS : WINNT, win
Composer libraries: 
- adhocore/json-comment 0.1.0@8448076039389f558f39ad0553aab87db3f81614
- ocramius/package-versions 1.5.1@1d32342b8c1eb27353c8887c366147b4c2da673c
- pocketmine/binaryutils 0.1.11@e8cb65db1b7998eebb739b124f2a989fe87366eb
- pocketmine/callback-validator 1.0.1@4aef6bb25f97d0b830ba0b4f66834b1a9c86fc9a
- pocketmine/classloader 0.1.0@4ccdb30e48f030bfcad04bb0a208d198ec631993
- pocketmine/log 0.2.0@e59bedb5d4bbeb9a26647cb7c367cb2fa72addfa
- pocketmine/log-pthreads 0.1.0@9bbcef398b01487ab47c234a6a7054722abbe067
- pocketmine/math 0.2.4@b1c28b236df8b795d7b06cf8421f9962b12ac410
- pocketmine/nbt 0.2.14@b31dca98443328c4bab76dc1b84c1473c79be20e
- pocketmine/raklib 0.12.8@9fea763ffc922db083e4528d4acd0b13d0ea83a4
- pocketmine/snooze 0.1.2@88420da3d9335dbcb3ee2decfd5e5453d057dcdf
- pocketmine/spl 0.4.1@ff0579a0be41bbe65d3637607715c0f87728a838
- doctrine/instantiator 1.3.1@f350df0268e904597e3bd9c4685c53e0e333feea
- myclabs/deep-copy 1.10.1@969b211f9a51aa1f6c01d1d2aef56d3bd91598e5
- nikic/php-parser v4.8.0@8c58eb4cd4f3883f82611abeac2efbc3dbed787e
- phar-io/manifest 2.0.1@85265efd3af7ba3ca4b2a2c34dbfc5788dd29133
- phar-io/version 3.0.2@c6bb6825def89e0a32220f88337f8ceaf1975fa0
- phpdocumentor/reflection-common 2.2.0@1d01c49d4ed62f25aa84a747ad35d5a16924662b
- phpdocumentor/reflection-docblock 5.2.0@3170448f5769fe19f456173d833734e0ff1b84df
- phpdocumentor/type-resolver 1.3.0@e878a14a65245fbe78f8080eba03b47c3b705651
- phpspec/prophecy 1.11.1@b20034be5efcdab4fb60ca3a29cba2949aead160
- phpstan/phpstan 0.12.37@5e16d83e6eb2dd784fbdaeaece5e2bca72e4f68a
- phpstan/phpstan-phpunit 0.12.16@1dd916d181b0539dea5cd37e91546afb8b107e17
- phpstan/phpstan-strict-rules 0.12.4@9b86e1eb77c796628e239820a01a2d327d607a5e
- phpunit/php-code-coverage 9.1.3@4abbce3b0ad05f2e7143ea5f775d5513cb5261e4
- phpunit/php-file-iterator 3.0.4@25fefc5b19835ca653877fe081644a3f8c1d915e
- phpunit/php-invoker 3.1.0@7a85b66acc48cacffdf87dadd3694e7123674298
- phpunit/php-text-template 2.0.2@6ff9c8ea4d3212b88fcf74e25e516e2c51c99324
- phpunit/php-timer 5.0.1@cc49734779cbb302bf51a44297dab8c4bbf941e7
- phpunit/phpunit 9.3.5@7115b00b23bcd4f62a73855c9615694d2f206e71
- sebastian/code-unit 1.0.5@c1e2df332c905079980b119c4db103117e5e5c90
- sebastian/code-unit-reverse-lookup 2.0.2@ee51f9bb0c6d8a43337055db3120829fa14da819
- sebastian/comparator 4.0.3@dcc580eadfaa4e7f9d2cf9ae1922134ea962e14f
- sebastian/complexity 2.0.0@33fcd6a26656c6546f70871244ecba4b4dced097
- sebastian/diff 4.0.2@1e90b4cf905a7d06c420b1d2e9d11a4dc8a13113
- sebastian/environment 5.1.2@0a757cab9d5b7ef49a619f1143e6c9c1bc0fe9d2
- sebastian/exporter 4.0.2@571d721db4aec847a0e59690b954af33ebf9f023
- sebastian/global-state 5.0.0@22ae663c951bdc39da96603edc3239ed3a299097
- sebastian/lines-of-code 1.0.0@e02bf626f404b5daec382a7b8a6a4456e49017e5
- sebastian/object-enumerator 4.0.2@074fed2d0a6d08e1677dd8ce9d32aecb384917b8
- sebastian/object-reflector 2.0.2@127a46f6b057441b201253526f81d5406d6c7840
- sebastian/recursion-context 4.0.2@062231bf61d2b9448c4fa5a7643b5e1829c11d63
- sebastian/resource-operations 3.0.2@0653718a5a629b065e91f774595267f8dc32e213
- sebastian/type 2.2.1@86991e2b33446cd96e648c18bcdb1e95afb2c05a
- sebastian/version 3.0.1@626586115d0ed31cb71483be55beb759b5af5a3c
- symfony/polyfill-ctype v1.18.1@1c302646f6efc070cd46856e600e5e0684d6b454
- theseer/tokenizer 1.2.0@75a63c33a8577608444246075ea0af0d052e452a
- webmozart/assert 1.9.1@bafc69caeb4d49c39fd0779086c03a3738cbb389
- pocketmine/pocketmine-mp 3.15.0@a498b0415ab2edf18300470dfe6d182372f25190

Loaded plugins:
MagicWE2 7.0.0 by XenialDan for API(s) 3.9.3, 3.9.4
KeepInventory 1.0 by KhoaGamingPro for API(s) 3.0.0
CustomAlerts 2.1 by EvolSoft for API(s) 3.0.0
BetterVoting 1.6 by Twisted for API(s) 3.0.0
SlapperRotation 1.2.1 by jojoe77777 for API(s) 3.0.0
BlockSniper 3.2.3 by BlockHorizons, Sandertv (@Sandertv), Chris-Prime (@PrimusLV) for API(s) 3.2.0
WarpUI 1.2 by Lover_BOY636 for API(s) 3.0.0, 3.1.0, 4.0.0
PiggyCustomEnchants 2.3.0 by DaPigGuy for API(s) 3.14.0
Slapper 1.6.1 by jojoe77777 for API(s) 3.13.0
AntiVoid 1.1.0 by FiberglassCivic for API(s) 3.0.0
KitUI 1.3.6 by Infernus101 for API(s) 3.4.0
WorldProtect 2.3.8 by aliuly for API(s) 3.0.0
AlwaysSpawn 2.2.4 by Philip Shilling for API(s) 3.0.0
SETVIP 2.3 by MCPEVN TEAM for API(s) 3.0.0
ITEMID 1.0.0[S255][S255] by Syams255 for API(s) 3.0.0, 3.0.0-ALPHA12, 4.0.0
FormAPI 1.3.0 by jojoe77777 for API(s) 3.2.0
PurePerms 1.4.2-c2a by 64FF00 & ProjectInfinity for API(s) 3.0.0
AntiSpamPro 1.4.1 by awzaw for API(s) 3.0.0
Broadcaster 1.5 by EvolSoft for API(s) 3.0.0
EconomyAPI 5.7.2 by onebone for API(s) 3.0.0
MultiWorld 1.5.2 by CzechPMDevs, VixikCZ, fuyutsuki, kaliiks for API(s) 3.0.0
Texter 3.4.10 by yuko_fuyutsuki, mfmfnek0, onebone, ogiwara, Shootsta_ERU0531, Toganon, ShadowArt, Marron0421, No4NaMe, SuperYYT, SuperAdam47, minijaham, VicoSilalahi for API(s) 3.10.0
DevTools 1.14.1 by PocketMine Team for API(s) 3.13.0
BuyecUI 0.4 by UnknownOre for API(s) 3.0.0
AutoInv 0.0.10 by JackNoordhuis for API(s) 3.0.0
AutoClearLagg 3.0.0 by Twisted for API(s) 3.0.0
PointAPI 1.0.3 by onebone | Fixed and Update by LamPocketVN for API(s) 3.9.0
AutoXP 1.1.0 by JackMD for API(s) 3.0.0
FactionsPro 1.3.20 by Tethered_ for API(s) 3.0.0
PureChat 1.4.11 by 64FF00 for API(s) 3.0.0
BangHoiUI 1 by JVN | JackVnKiller for API(s) 3.0.0
CuaHangUI 0.0.3 by phuongaz | Moded by LamPocketVN for API(s) 3.9.0
ShopUI 1.0.0 by Array for API(s) 3.0.0
Fly 1.0.0 by SharpyKurth-Darkbyx for API(s) 3.0.0, 4.0.0
AutoSellFlash 3.0.0 by LetTIHL for API(s) 3.8.2
SmeltWands 0.1-ngl_alpha by  for API(s) 3.14.0
BuyFix 1 by FPVGAMER for API(s) 3.0.0, 3.7.1, 3.8.1, 3.9.3, 4.0.0
TableSpoon 0.0.5-ALPHA by CortexPE, Xenophilicy, HyperFlareMC for API(s) 3.13.0
HuongdanUI 1.0.0 by Misael38 for API(s) 3.0.0
QuyenVip 1.0.0 by Hituilahuy for API(s) 3.0.0
AcidIsland 3.2.9 by GODSMineVn for API(s) 3.0.0
MSpawns 2.2 by EvolSoft for API(s) 3.0.0
DoiMoney 0.0.4 by KhangKOPvn for API(s) 3.0.0
cayphattai 1.1.0 by Lettihl for API(s) 3.0.0
MysteryCrate 9.2.0 by JackMD, DaPigGuy for API(s) 3.9.0
NapThe 0.2-ngl_rc by NgLamVN for API(s) 3.2.0
healer 1.0.0 by SuperBaronDEV for API(s) 3.0.0
VatPham 0.0.4 by KhangKOPvn for API(s) 3.0.0
PointUI 1 by KhangSBK for API(s) 3.0.0, 4.0.0
ShopVip 0.0.4 by KhangKOPvn for API(s) 3.0.0
DoiPoint 2.0.0 by JKPVN (JakayPluginVN) for API(s) 3.0.0
PHP-Sell 1.2.7 by Muqsit for API(s) 3.0.0-ALPHA9, 3.0.0-ALPHA10, 3.0.0-ALPHA11, 3.0.0-ALPHA12, 3.0.0
feed 1 by JOrlex for API(s) 3.0.0

----------------------REPORT THE DATA BELOW THIS LINE-----------------------

===BEGIN CRASH DUMP===
eNrdfAtz20aW7l9BKVM78S2RwvuhWe+1IsmxxpbFtWQns8MpV6PRIBGBAAYPSfRs/vv9TneDBCjF
lm1t1a11JSLZAE6f53fOaQD9r720rFes/Xgj6iYri71DZ3+vzVZi79DyojCwPDt09/dEXZf13uG/
9tp1hUN7px+PL85nZ29OP56+e3fxbm9/byWahi3o2FuG7xXjwkgEz1nNWtA1mpa1YiWK1liyxmhL
IxZGuxQG5l0baVY37eCUsjZY2gr8LdaaijA4y3MjK+RVDa+zqsW0aZbTnFXeLbKiOTjiWXLW5KxI
XmZ3B03ND87Xs7xsD5ou5uVqhQMHr8qVuOziY/UTNPKsAA37931N5mNW3JT5jWQFtJOsFpzmUkcx
sp0Fo7xMBGnGwoHlvDOt2Jx3lkjiYvHv/7daVjjFxqFioxXF0Xy+ZekvOMfBOfhw8dE1wqhKfi3a
FTibz/VZ87lm+VIUiajpIu+Bs2c5W6uj/gNHuzbLm/n8Sty1L6Xh6cRAzR3iA6puGmOsIgMnY8rG
GGktwtn/wqdl4ouBf1UX5xk30q7g0uKcFe8b8eOIaeNPjfx8ZshLLX0p/atF29WF8aM+A5aGPxRc
lKmhRHpmEC/68OQ/4EYzUa+yhtz2x/neal1BrVOtrOkSIsz3npF4lq2n+X0PNm5rGGHv8O//2N9b
iELULCfrkXlw1kyq6hyqmpzPcGnMGrENjT1nanlTk8a7LE8QIqGFcMmaj4m42TtMWd4IuEldtiUv
QdY1Q0ySkRMxNwpj07U8FtsiSa3QMU03MJNU+IkV2k5gp7ZnRUS707z8khVJedsYb6+Mk9PL11cX
s8npB//9T+89wzKnpiF5MHCNaxk/9idb5jPj6PzEd8lf4XyHe8HUmdoWfn6C4qQM+jcOfywbmujs
7dsrDMgft/BwcupVVTai/phncc3qTDSkJJYsIVgtDn5rymJCmlYRYk6tqfkidN3QDHzTiZwwSj0v
TJ2IJabnOYzFYZDEThpavkWclbxmq6xrDhAQ10CNiVYxMWBNvan1wkoc23HtOOSWiO3A8RwehmHA
HR8UgtjldsL8wOEkx8a9D+KsYPVa+rhmy7JeiJDHvpfEVhxEUShEHAdOFFu2m9osAqciDEBVxGNS
hDYxuJvcsDxLWEvwB95A84XLROrHse2lUZCYMUwZMzN2U98PHTe2WMRDP+UR2yFIkZWXDM67UZnL
OdRiCjdMTVBJOfTlxrHJbDNMLDDLfceKImdMKS8XkoINCsKLYmCNl+AyEUfM9n034DEpCh92ygKb
JUnK7lGYVO2yFixpNsxEccwFbAY/tdwwYDEIwQbMZ4HpuYFtM0xh+sGYFCBkqblxX8QWt8PYdvwk
DaFtLwli0+dp6NpWGkW+Da0z7lrmmEQRt5qCBRKOlXDYxXUdxw65G7M48BNuxaHLYXmHBxDYNsWY
RM2u4alKFHsavoBVWeA7Kcxg20lsho5wkckSl3FYzHISU7DQYe6YSlOU5SehFWK/CMG3mTAniRwH
/sNjRwgb2ShNPOG5Hoh4QcKTdIdIlUsKLjwlTXFKBOcQrgXlwQsd30GIBMir3EzDILBD8BGCQlLy
tqbrFe612cblHCLkeMAK0/ZDgXj3okA4cRJx1w897jnCFI7jpEKQmVdreFrcHCRCVIjRai2JWOS4
kR/FtgVTMM9izEp9blqJldjwZ89PiCLlfOGBSpFdZ/wAEDGpWN1Il71xpyGFOfdCgQBM3NQJQ8S0
7VsWiwXjtkhj7iTwxyAMpIGWrJ5kJXykyFLRkJVtGUGhZ/ueSBOHpUHMHM7c2GY2d9wEMeAFYZgk
dmQ5zoDGEIThKi84ItAPbS8RaRgJkzm2bUOjoeMEacgFS60o8FJmKqCDdjsCq7I+qEWaC5mhJIJJ
kraMJSsxLe5GiSsSn+CYsdBlgRuwBOb3mOVHtuvDiT9HEqNxDmcAUU8SdazABDCmXuDDKa0odT3f
CpyEGHVcYaYpubZyohFRqrQmtWioEukdAfEeBiGzEJSe7XppLIIwDc3QFEAghwLWiRGsvqfxvakE
jFiX1VJw7Qf470VsmyaQSsAEPEGcp7FvcuYwO+Ix/rgRAzBYvtYdueOB/uwjzAleeMLyIYUActoJ
LA4qCa4THGTtmAN4BCAxZPeJTPDZFVnbE7N8qB6+R5kQ1ZPnRIlgHk+cQMAhXZ+lcRhbZiCs4AFi
DcKGt5O6y0XTU3QBZqEvkDqCAIABo4XCBrLZJjMtZiO3BAmikHnKSyU30tmpmMMfaFzVshGAwAHg
EzQ6wGWEfGqLwHIdcJgGAfzCsxwew58t4e4Qo9p0kqGM1aFMjuu+QNqA2r0Y8O54HIZ0AAOpMJEb
XZchnrhFcbjLGdWk10KRIbQOWOjFvs84d0POeJoCcoMEWO/4kQsOAcKBa0fhDpkWtRz+rKoctbaO
R/uFn6ZIWoK50IyFpBumPA1cYQPnLF/Y3LM4spC9KyD1CbX0dApqcBLBpYMAXoSkZscpUMYFD2Ar
JiSP08i1RDAmoh0hgnd7LwLL8mLTRAaJCV98mwVO6Hk88i0PYiWIStOHcCDRwOUboGRxIG2myVCC
9l6gZrCTFPmDR6ZnUtYH5luASxQBpmNZAVwURM2HySDoCGzEJC/L667aKElAGSmSpMnh9wzpyUGo
IS84FrK1HaUIy4SFVrRDdVWx3gFc0HFeJBwIivyDrMxgqTRKbA5IBjbYtgVIYEiUwnLTe3RycZe1
a80PkMVB9PqU8T2f+4iTNDDRsNmuKxDGbuwmXCRmFIzoJFmaak7sFxaSCZA8hZYYKhmfI9/FyAci
SgDpuB5QA3U5IwqiuMnqstClnyczpckCL+AsjhIvDkQKAPGBdBaFic8jJG8kOxC1x4TuqrJuRb1h
xwusJLCtJEaBxUPgronqxgeLkecymFPAgZADx+ws8jJm+UT2jtoVzReoVYTvOzzyrDjhwBPoFIWp
wHfAgEgI6qJd1VAb2EzKdKI6OulLAFxyZN/2UxeVmQeE404It4xD1EUusFy4kUkONSJVxr8hH0xE
ATAfGh+aCtxUJHZiMj8xQ0BoECQJ8lWEyAPt2AndyAL1h8jpNCOpKZe07IDB7j5AM3BRYtimZXsO
wAiVduK5pp/4HMg8dnR0s53MpRC0IDzYMufbtmNBXPhAHCFrcTdlcA3fdWLAPZycW1biOzvkmrKr
uZiUlVC9frNJ0ibQLbBC0PDtCKWgB0AHaqKAAY/I02QPYe84mF5ioJyMSsGPIkRz7Diu6/Mk8oUP
tqwQ+BDDfT3kBpvDfUcUxrWC9QLm80JUKR7KvsSxUB6jwHWQ/zzUzAEqaJDxmGwmmvUqLYv1QVXm
a+B3PuGanRskzpAaEw5o80npQHEzMIFTKMLAlglvRXmMXO7HrkdQ2S5FIwQyOYC7yD7pLE5FQQCF
ONxxgOEBykEUuy5KCzPwBDNZaiLL2FSvklS3Il6Vn1jdHqB9ELUCuYiSOEu5H3GGWixxIzh5mqCu
jMwQVZ3DUFyEBMNhNK5Ot18nq2rT0b54dHv6+2aVRHaE52yR8V9O7UELvRna39vaIaBYwgjr2mVZ
49K/7/0KnbD8BDUFOnFWZTTmQDJyBvp0aVwULM4F2ta27tBaJ6KihQjVvTdl2p4MB1ZMrs7cScIJ
K+bznpf5/I1qvPb3qAPDSZdXR++u3s+UgptMYgetDrxG1XxW3MgSbD2Qajw+FM3aFez1smQ/o70t
FrO6HAlHOvhGoUZE5/MROySn7Nq1bLOLy6tfLt69Obkn3XHXtOXqKIcfNQPhRsND2RCBY9lOb8r8
Eiw+lVjDmefzHT4+Y6pl21bN4cHB7e3tVIAnoj9tr0nGn0SLpPKhbKGrgYyj4bH9/LGMV7dZ00KO
JxJRk5vPhxyMfz3GdJc5qwCw78pWYuxAst0jY+HumfC38rdSBPTvqSTcYeDx7vgTdUqXRVaJemip
wehQFgeyOGNZ5Kmvyjr7RFkHSmK0NtjeGD++6L8+w/Dxss6ayaxGuYoj9Nk1bz48G8lvf638e2od
d2+rhxE3sPBWjvv488dK+YXV1fuzgT70wI5Zx4p4Qy3Lx58u/uY7/j2z7quWgVaXv8fMio/HW3eW
LRZrFdKnBV+yYoQ5Dx0dQ4+zC6wnDBf93K1HAlrut0vUE5zPH+DmwcEvyd3j0iJrl11Mi9EH/SQH
D5A7GET2/YjehalHRrLlfLtGGjXz44z8gLBblg56ISDhUdFmH8osGYi4GRrLeC+ZvsxiUS9o6fQ4
u8n4U0HWT7Vg7fKKXQN98/VPctl4Pu+Z2n77BhU8RPpgQ49KjKwdxbf6PdaDs5uUzopU1EXXWKY1
0sF3eP+AJAoKYuLxsf1LWecJKpGW7owNoGo4vBvN4Vgilmddvn4qgypq8/ktcVApDnbF+VwhMTDg
eZfVaSbyZFgs9zcY21rQmjcyen0wkpbcPL9l6+ayYrfD9DwcHavEnrpjlcyWWZ5VxiU+cioLnkg3
lSTbaKrzOZMcNcTR4wvjy9OrD2ezIUipgR0rjwU6P56dfnhrXJ0enT+VMIrkfH4p2g9Z9RhfPbs6
PT87GXCuB3aK+Kn590vb8/6h/o7luFyzVYPhB1MrPidHb2avjiz7e1NsP898ftaKleTxi+LRbdyj
2RBQ+pFdSDEflT7sb2d/S3E+10xsvjyqYuhqQfd0R3XCZmwsjju1J1x2yAORfPflS9M0/s1AVNKS
CSAuK2jN7Imc76OaAKVBz9Xg6zfkCnmtRpYtHZ0xARkr6iDHSbMf3dXGTm3Abj+x2ycDVyIG3MD0
QI1VRR3omJcvl/o1zuASN4el/mB0LJD3P9t3DiZGoT7i4tu6zlNeFuVqPQ7EweBQOm8a7NbvZSFi
/P9U4mly87lQHIDmfD7i5osGO+/yNpMZbri2sx3cMdeuQMefBF/Ozk/EDcXFh+wuuz7+L3pep1t3
bdNdZ/h+jaSdXTdPJTSnKatVginn8xVxKosBVAFDrr82RAeCHAwIQUP0DM3Im/XAuGdFZO7g7rq7
Lj8O9bBKV2khrum03g/wbZHdsprw7XJZlm3Tso+n796bnkOBflUuWCFb/cslS8rbo5rKrXNW12Vh
uvLpjrel+5adE6XLDmX43/521X89StjKpaVvFDbZb2zJVtJCvLzMcpazZTbuJr7aIpv8szVNW16v
gRnValWpZ48o7I7LWnyDQTaaO9D6hilgnauyzId5YzO002DcQ8rtIz/GlYAunqqV6hmYzwesfF0l
umXtYEODsLRbCz5qIfqRoazmbnX5vrguytvion4ymNlSBLqolvZrmoijri3PipthgtMjYznMeyH0
V8av35ZlnSy77Mnw4zcQLXqiyHbgJStukOk2TD1KouNcsPoNWyx25NqOjwHi3sL4E68/tv36IwnE
iYkcTCixhjx9bRxqNo+add6tzo8PxvSomoP62nFC3Azt1t7Og+nQ+G/jZXYnEvng3/sqYa0w4rXx
BlWHjIwPb3fuHXx/wqyIQ5kuB7x+oTUiyX+d7Zj719mXljbIic9PnsrMipoy66+zb17AUWQOtATU
XjD5YEszrkSHo7tthr3rz6JdilokH79P1FH1u5V7wAl6DfXj0SuUKLmPl6zdaTfk0L362nqo1fgq
kQa9zANJc6TRX8VNVnbN7HTSj+/9QRdCzG6/PUEPIslQlmHF4lWZjfPMZmyknh2/Rsf/3wY50ofi
dZbnSNHfZ/htBzkoYQeeT8sBj78Dxl5BiJFU27HdvLMDS9WyK4sF+wTxzssEuPQdYDSQaoA0oxr9
ofXnzy7zKO7oPpoW6PF6QZE5vuugB+4tkow08ve9S5a36xlAOkeF8mnvH09VWZzR/I9n/2U+vFlL
vz7PONXNdbV+3dXtcnLC6ut4fffA4s53Lea8pPVIxcqjCodLkecvc9YsdzLJdvwLhcMb0V6dvXoz
kiNEY/aN/GtyX+FDK5G3vzBJZ+tH28FxdFmTYpF/ZHm1HC/iPNXNnbcLhKZcKdxwMPz+qEWLbo36
Y1xn08BnwO/l7MPPR+en7x5cKQxk70FGsfRDDs73Opni6PE2uqIpLqtydAd5MLiLgJ5a2txp7um5
rbvZqUxURSnXlzn5+as1+suX9LbO+fGTNVKDKdA8blgdfv9yjfaKsDFhxQjjBoNfgIvzrGEid8Kn
qtbe0dOqX4PP/4kOr6AF7y33m6Ev8P4qazt09svuyZZB+5m/otXbvjE1ALfha1Tj+/zRWISfL04u
qQ3+UHxnKTHOr6q9Rt2/HpQT/etZ+vb+Y5bK5M2dIej1Izv3e/5n1zT1pOB8M/u3rWWelJlSymA1
pR/axQd399kn1B2vL2Y3nzeUflNqWBpva6DB8tEfpqbZa0J2VRupSuXGBrrj22MqYIjdUN1SUd0y
XTASmrM1MlHbsmwg9mDwC80ckmWbLfOvk/pzi5lV+/joOl/T2vX6uJbPwG69cDg85D+SN3keakb3
H37IIvoOSfrGdMjN97anI8mggLesuloORdcDY2+1ZcVR87Hkuk747D2wr5F3U3coHvrPx9hxKVg+
WlHWA1+qZWlV9ydWl8XJ6Ycn88AR1flcsdJ/PkaaD6yd0eLyVpx+5H8tiEgG3t9b8fp8vyzFvfzp
9aP6j6+KvNnX9X/j8qIf+V9rLOQ0ycM4zamhceK+F3F/fT378Nb48a/smq3V2smHt8+eLPIkdbpt
xb7iYbtXswk1ikPX64d2HwgNdmrb7p8gtMu9qvujnSccdp94sB54AuI7YQccv5Jvuz9W9FSIYVUp
f35ueeqizsXd0xlLkkOjL8SjeaZn6FkNdpHEdu5BTc5nU3rlUcaCqCHFlN7fE3Ur38He+2G2+WUc
l0WaLQx6zWxez4sfUKEZR93CsF3DtA9d79AxjfdXx4Zt2iadsCrb5Pn5xRtjW3jTsJpmQi/jPLci
y7Fp8HYJZid51rTPyzSlEVYUZVdwehSK3safML7MhNokoXmOdowoUd050U9fQfnP1bTsTl/TPA/l
yAKir8pEqONpSW+PbMb0dNBBQu+a97+rm0rPQq8wZbxDND+XrKq3+NuynjRUhBWL5jkN52Aun5BT
PM/LOF5vxxqYanAKveDx/OT05dH7N1c0qtxg8s8OFYaeUg/V6B56fuj7tGJNc1vWyfP/I/9BSV1b
Thp2I/SFN5m4nSSZ2sngeUhDd3F5NyF/1KfADIuOLcRzUSzo9+h9jel6RW8T/2CQYxlcGrzTO2qQ
3Q0ozxh5D/zAuKIXT4xeGwZtnkGbZqCAb/CFtbQ1Q1G2tAVHVvC8o6VMkL/nb0TrslzhytRo79Ns
WCr2jZJW9xsiacS1YNfGuuxqTcvIUgNGzdJMzgB70lYa+ZoIvxW3G3IHiUgZLNoYt2Xx59agJ0dZ
bZA2VxCW3sVfq60/skbJfbsUhdFVi5olIDCdF+THitjhvDCMH35ZytsOtNMI7Rhh0OYh9KooMd/W
rGjoBchEHZas5iWmEbT1SC5aqa9E3GRcGEhwSS41uCLKyl17qx0aEizoQLPs2qREAOitUA6NOdBM
0uZ52QAe9iRnR3le3hoUWmDG0A8WGjcZM/6TXI7Okb7XP3N4aFATKC89lX6or5F3xShEDFgMSiFq
MW2XIlVJ52u33RweMPvDLxkUUhbQK0sSoxaNUj+pFQq/NlaCNV2ttmOB0mNBTEM54p8dy0lti+wG
596wvBPGj3pSQM0zoq5mpNeXCVUmUPtiIepDHJZzv+1WMbQCrzpq1gW/Ys01DF9fw4+m8oT30JZ0
7V5SOm2JUrTsYD2c3uwb8uEOQwc/4mHfoHckIQjBvtQNIJfGVl0BD6JTFPFLaV7IBC+ry7sMHiag
BogkPbfYMEe61QydpeSrdA755L6RtX+G+tpaXpYIwjvpMjsXGz9CBtqCxZZqkWJMtKSHktSurzLp
HHVXFGTOhACqrKQR5HYfzdQ4ETf6u7HKFksEc82a5f4w+LTjkEbquqtaNaoURopZgTctlzQuglLu
5ZGogGA3ZZaA7Yc5IB8hnyuhaHjXdOBoOHmiTtp4GuAfsF6vVVD+LF/WNCiXGmoccbDKWortlViw
eN1C48alUrUplZs1RFtefkVWu82k5qVHIWhvJ4pQ72SNlDDNwCIQSdArUkQmrYXop1RODmt1FKbG
ooSh6P0J6RU0kX6nVLJ2aJgkBWaXEKw2zfj/XgIqTj7HP2XX7+MfdXiltmJSELdhSZNrDMAH5Ufg
Xs8QzdpzZZm2qxmTIPCLjArNX/PnJ+BQxoVkiRDD4B2ST4HkY4g7wTsJvqViWUUkJavN2eKOo0po
thIp4Lq4Oj00rl6dXRpvzs7Proyj2ezN2emlMTt9Z6DSe336bt/AScbVBc46NX55dfHm1Ji9uzg+
vbyc7kLASB+252t1zESdlTIhExDLvbL4UkhIltrYgK0F3aMkSCS2yFMmtCCiYFaSQoUIOQHQ8CaS
94+cTTkZaj5KgAWdpieTlBURQO8WyFVGknNcUA6hPC8vmN4/m3xBl9YwWyU4lQNKs8Susqu6diMD
3EtUzVZUVLJK1ubZwyxpyR0t+YLVMe0rxMtc78whAehh7cpQI3b0VYa+Cti9YkUni48hJyjMOvjg
s/0+J+w6Ye+GKr2mKWgpeVfbEJwaFwrzlcOjeii7PNnwkiGJ3BbGlv9GEa4k+xDUN00tK2Z7KcHi
XpKUrqMobGRL63LVJ1t1tT5jMnTNoYVJGm3Je75hPOBSI++47AtGMlldyjcQekdOulWlqitVwhn6
wIQO9PY6oZP0BZJ3yWYvAX4hzSPY2QMKRtJG4sMMN3CypukEAUO7hNUWfbVJoEWzbbna7w2pagRd
VE4VN3TqH+qJ+hy+7Irrpuf9mFU0mq26FXKs3NWs7wXIkIbqihQXW71SvGhVyoi572MotivNkZxw
QlVwh6Trbix2UqpDuz5NtRGhnqKvTu5DSNHSJw4lk5XDhKPjExvZTsCKrFVQPpL2wJ0qMBQV2thL
UKNB1ygJt9LhMq1PJU8/M528rXZJgfQ8WU/386Q+54fzohAtGexQpwiUZssyVyVmzFp0slSJS5ZR
NcGFdJKR2KY6H31UpZZYbIpNld5+GFqpP0SwWq9bIr5vTKyBAaXx5MSTtmdGpwCJ2ts6VraoVEIm
SnLqZWShTxdjULM1NV6hFoQvPZfFnXE8e7+Pa8FDjPi6zRK4vawVFHpu6E8k/UMj6MvubUXeSO0M
zp0aRwmAasny9IAezpNtQiLgw3oqTGrQygc52CAQt2lvQGzYipzeEapRicnyfQWaNLXe0m5qXNUy
X5Sykn4/K2Z9Hb7tDanNoItukVGJZlcV1UT/3ml8znVANtknsTE1Vey9hRu5A6WqplDRK88ZZF03
stVFz6bGTF+Ts3ohL2C6SdVuImdMa7Yg6WAuiNVUuSxmqPNcMXo8CjPXZMLjPKPFFNlK1+izRNMa
51fvJacNRJK7ZnatQa27tPJ2OtV3THsYWrXdhK46lNxSACQi7haHfS/zH4ZFPYyu5JaIYnnc0J1r
02+zCdBuSpXTtKNYREzhlqJ2vCzR25Jz9i2M6JtUCW4Ja5nRsJseRGlxpF9ComPbeKfXS4AEgrU9
xoBTtRTXl8yy3apqVa40ldCPhhYlp/fm5LXQ4zlbQ4fkLKvypu9gCf41ZkrcmvTH1JTNFi36RaLh
asKVXA5QDqA2TFULKfJcbe2u0csSnN4AVbigr5moaw6NCgXFTZbTNArzdDzrWQi0WbHYFNUFXZbv
5o79/qzR6tKDKziqyztalR35dKrAWbs4qVIty8lkROEse3cYhr7LbIKL38ncMrhYCl4I1SvGQhGL
RUoeKVcAZTpY9h4gjS4XBkdZSolPE23ER2QabJdVyMIlzBoCCeAhLs2H2WQ1KME/ekcEs/3F9Lnh
xpHeTZ30pJOPGDcDtJDPS8uJ5FroYCnm7EROJjd7a2RIkj5FTZZGXQvoWhlaOkOvPPTZTl4zEh30
JoZt/GAs0LM0W/VsVzc2GpreV5EO1luWyaYGwIGKX9mmKqsu751R/yDYl+doiHAkQMhqeFLpsCZ0
pUg9NPo6U65sqvWcQ53xaPlJ9lhqWCUMbS960XSzMJBs9Ub+LjdY2hnahNt4uFqiNEvLgUUQZRN1
Y3hz5rIky0hWpvSKyTQrJcdFWaxX1CPQ5lC03MabLevU+Ojjxva4FEFCFlssanSbamVJL0Opbps2
kL3elU/yhwi+OLk4hD4mGgRVLiBQuBWqEGUInVs5YyMZ3wogx6aDtV+kno3mlWsq49xTKgyqjmtn
QtaTmzsRdg/rKTleDlWHErUgPxks8+wb8pm8fQxDDZSw2k3JAuhNBdpomBAIVFBCUEf7xKIWjdho
2UjfiRkknA7lGXKbRLEeLDRBaXl1vJ/jnqWVrENTt9lqi9U6IxFROr8vHMiyBJg0oVwP0xf1a5/T
7QT6yHCGXpufz3katpV1VVQMlhk0DZBvtT77BYWlHpSIQR2BLjI1YtD6LOr4RFZZWbohhFIdgqjF
eEKgvstWGAd6GiL7zMbyjDW6hEfVxWhLOf2LigDwqG112BtNHYPf0nLPofF3mb2RP/fl+s8/iKis
zrdpcniTQIpBlVSdJbrD7u/VyNb5oYwlE7rM0I0sJmVnRu/dgVedbofsq3klD+qrQXd3KCuo7LWd
8dB4+ebo6tD+S7DvRXfWvnPn7Nt/sf6SCF4qjP2RXu7nBK7PQ1NBsfrles9U2aPW44eNrYpwyi3Q
sV53kqWHXDiC1fiabjt0vO3qHpT7ar7erORLxAEdpCou75Q0vcIm/V0A+IKq7354KaFGTiXPHxHp
ZKWg9zEfjExksTXdLpGVlewFxR2Ar9GNEL+mermRRT80EmeoVNeqZ5bnkbxye9pcpREVM0pKSR/F
SL3B6r39PblxuN7Y+V978oW/wYbUMdebB29G6A5MkbB6NFauPiZlCzAcjept2bYDXZ0PfydqP8DN
7zTL1V6Dm5HFarQ99lI+eb39nSHKboYDtOm1vIMeyMcBVrG6nTQ8hSoxsJ8Mxyo+lvrdZrPY0ZUS
9pvxEAqU1XDkcvZm+HO1bv6Zyz299TdDbsRp0zq8gXrCtDzTNQN8/dMZQiLgHP/RDnqBl/pJYAuP
p2ZKG/G5cidCTjs8247xJ9q7brBn3WbCNZN3I239+Nsnel6EHobz5EMhn9QOzJuz8fNuNbZJSeLQ
5rOWZdOjBbOTi5GqkvKjFGV3EEPZ2JyAi6JpRideZgQIv56PdLTDAX5SSzoWC4O3dbbjHYPtsel5
MIt2eAfDy7FzbrP1R1mMDbceJxVlC7Ulud62ldSUNPoxDFKABLQk7re/Jj+u11VbygFHDiySezbP
Rm4ideMMhzY7PC465Yw9O/9FNdvFTC6lbC/4/ff/Bxi+390=
===END CRASH DUMP===
