PocketMine-MP Crash Dump Sat May 22 19:02:03 +07 2021

Error: Trying to get property 'cap' of non-object
File: plugins/ScoreHud/src/JackMD/ScoreHud/data/DataManager
Line: 98
Type: ErrorException

THIS CRASH WAS CAUSED BY A PLUGIN
BAD PLUGIN: ScoreHud v3.0.0

Code:
[89] 	}
[90] 	
[91] 	/**
[92] 	 * @param Player $player
[93] 	 * @return float|string
[94] 	 */
[95] 	public function Level(Player $player){
[96] 		/** @var PointAPI $pointAPI */
[97] 		$level = $this->plugin->getServer()->getPluginManager()->getPlugin("level");
[98] 			return $level->cap->get($player->getName());
[99] 	}
[100] 	public function getGem(Player $player){
[101] 		/** @var PointAPI $pointAPI */
[102] 		$level = $this->plugin->getServer()->getPluginManager()->getPlugin("gem");
[103] 			return $level->gem->get($player->getName());
[104] 	}
[105] 	 
[106] 	 
[107] 	 
[108] 	 

Backtrace:
#0 plugins/ScoreHud/src/JackMD/ScoreHud/data/DataManager(98): pocketmine\utils\Utils::errorExceptionHandler(integer 8, string[42] Trying to get property 'cap' of non-object, string[93] C:\Users\Administrator\Desktop\MSAI\plugins\ScoreHud\src\JackMD\ScoreHud\data\Da, integer 98, array[2])
#1 plugins/ScoreHud/src/JackMD/ScoreHud/Main(214): JackMD\ScoreHud\data\DataManager->Level(object pocketmine\Player)
#2 plugins/ScoreHud/src/JackMD/ScoreHud/Main(197): JackMD\ScoreHud\Main->process(object pocketmine\Player, string[33] ..l..3... ...: ..3CrownedSpace700)
#3 plugins/ScoreHud/src/JackMD/ScoreHud/Main(179): JackMD\ScoreHud\Main->displayDefaultScoreboard(object pocketmine\Player)
#4 plugins/ScoreHud/src/JackMD/ScoreHud/Main(147): JackMD\ScoreHud\Main->updateScore(object pocketmine\Player)
#5 plugins/ScoreHud/src/JackMD/ScoreHud/task/ScoreUpdateTask(73): JackMD\ScoreHud\Main->addScore(object pocketmine\Player, string[20] ..l..a.....O ..6AXIT)
#6 pmsrc/src/pocketmine/scheduler/TaskHandler(137): JackMD\ScoreHud\task\ScoreUpdateTask->onRun(integer 241)
#7 pmsrc/src/pocketmine/scheduler/TaskScheduler(179): pocketmine\scheduler\TaskHandler->run(integer 241)
#8 pmsrc/src/pocketmine/plugin/PluginManager(654): pocketmine\scheduler\TaskScheduler->mainThreadHeartbeat(integer 241)
#9 pmsrc/src/pocketmine/Server(2389): pocketmine\plugin\PluginManager->tickSchedulers(integer 241)
#10 pmsrc/src/pocketmine/Server(2152): pocketmine\Server->tick()
#11 pmsrc/src/pocketmine/Server(1992): pocketmine\Server->tickProcessor()
#12 pmsrc/src/pocketmine/Server(1586): pocketmine\Server->start()
#13 pmsrc/src/pocketmine/PocketMine(291): pocketmine\Server->__construct(object BaseClassLoader, object pocketmine\utils\MainLogger, string[36] C:\Users\Administrator\Desktop\MSAI\, string[44] C:\Users\Administrator\Desktop\MSAI\plugins\)
#14 pmsrc/src/pocketmine/PocketMine(321): pocketmine\server()
#15 pmsrc(11): require(string[91] phar://C:/Users/Administrator/Desktop/MSAI/PocketMine-MP.phar/src/pocketmine/Poc)

PocketMine-MP version: 3.19.1 [Protocol 431]
Git commit: a7cd0810020af15fb3d79127c77cf576085cd4cc
uname -a: Windows NT DESKTOP-KF1VXGB 6.3 build 9600 (Windows Server 2012 R2 Standard Edition) AMD64
PHP Version: 7.3.21
Zend version: 3.3.21
OS : WINNT, win
Composer libraries: 
- adhocore/json-comment 1.1.2@fc2f76979f0a44a5f5bc2a2b600d0762fe0e78e7
- daverandom/callback-validator unknown@unknown
- pocketmine/binaryutils 0.1.13@0abee38d4e2861621f262c79a2a3d699d8a697f4
- pocketmine/callback-validator 1.0.3@64787469766bcaa7e5885242e85c23c25e8c55a2
- pocketmine/classloader 0.1.2@9757928424652393b178a3760073113aa7c9911b
- pocketmine/log 0.2.1@830b44a2cf96ef703c550abe64302f230231ca49
- pocketmine/log-pthreads 0.1.3@e477ecf6ec214fdd4415ea1da3fdd9d73bf699ea
- pocketmine/math 0.2.6@43057cb8c179a9859677b496a788db922fd5cfc3
- pocketmine/nbt 0.2.18@9f82ca4d7f97fcd9a566e44b63c4f18a7657ae82
- pocketmine/pocketmine-mp 3.19.1@a7cd0810020af15fb3d79127c77cf576085cd4cc
- pocketmine/raklib 0.12.11@9cce458b8bfde3e4dfdbf70c659fc7b7fe26b5c4
- pocketmine/snooze 0.1.5@70b5e7937a06878dd321a3182ceb76d56298f2cd
- pocketmine/spl 0.4.2@6b08b7cf8c4afa17139c9a1b3bf1b408531de161

Loaded plugins:
AutoXP 1.1.0 by JackMD for API(s) 3.0.0
PM-Beacons 2.0.0 by jasonwynn10 for API(s) 3.0.0
MapImageEngine 1.1.3 by FaigerSYS for API(s) 3.0.0
KeepInventory 1.0 by KhoaGamingPro for API(s) 3.0.0
PersonaToSkin 0.0.1 by XenialDan, DenielWorld for API(s) 3.11.0
SocialSpy 2.1.0 by Crafter20162017 for API(s) 3.0.0, 4.0.0
OnlineTime 1.3 by Zedstar16 for API(s) 3.0.0
DevTools 1.14.1 by PocketMine Team for API(s) 3.13.0
TPAll 1.2 by matymare for API(s) 3.0.0
EconomyAPI 5.7.2 by onebone for API(s) 3.0.0
Slapper 1.6.1 by jojoe77777 for API(s) 3.13.0
Worlds 3.0.7 by survanetwork for API(s) 3.0.0
BuilderTools 1.2.0-beta2 by CzechPMDevs, VixikCZ for API(s) 3.0.0
MSpawns 2.2 by EvolSoft for API(s) 3.0.0
CustomAlerts 2.1 by EvolSoft for API(s) 3.0.0
Farms 1.0-non-alpha by Dấu Tên for API(s) 3.0.0, 4.0.0
MultiWorld 1.5.2 by CzechPMDevs, VixikCZ, fuyutsuki, kaliiks for API(s) 3.0.0
DEVirion 1.2.7 by poggit, SOFe for API(s) 3.0.0
HideCommands 1.0.7 by Himbeer for API(s) 3.6.0
BlocksConverter 2.1.1 by matcracker for API(s) 3.0.0
PiggyShopUI 2.1.1 by DaPigGuy for API(s) 3.2.0
MCPEToDiscord 1.4.1 by JaxkDev for API(s) 3.0.0
KygekRanksUI 1.3.0 by Kygekraqmak for API(s) 3.0.0
ec 1 by McLebt for API(s) 3.8.1
PurePerms 1.4.2-c2a by 64FF00 & ProjectInfinity for API(s) 3.0.0
MoneyUI 1 by TuiDepTraii for API(s) 3.0.0
FactionsPro 1.3.20 by Tethered_ for API(s) 3.0.0
PiggyCustomEnchants 2.4.0 by DaPigGuy for API(s) 3.19.0
Trident 1.0.0 by brokiem for API(s) 3.15.0
WorldProtect 2.3.8 by aliuly for API(s) 3.0.0
MaxEnchants 1.2.1 by Xenophilicy for API(s) 3.0.0
InvCrashFix 0.0.1 by  for API(s) 3.14.0
Netherite 1.2.1 by Wertzui123 for API(s) 3.0.0
ExtendedBlocks 1.1.2 by Javier Leon9966 for API(s) 3.14.0
AutoInv 0.0.10 by JackNoordhuis for API(s) 3.0.0
VanillaEnchantments 4.0.0 by TheAz928 for API(s) 3.0.0, 3.1.0
Broadcaster 1.5 by EvolSoft for API(s) 3.0.0
WorldLoader 1.0.0 by JackMD for API(s) 3.0.0
SETVIP 2.3 by MCPEVN TEAM for API(s) 3.0.0
NoTP 1.0.7 by awzaw for API(s) 3.0.0
InvSee 1.0.0 by BlockHorizons for API(s) 3.0.0
PM-ShulkerBoxes 1.0.1 by ipad54 for API(s) 3.0.0
PointAPI 1.0.3 by onebone | Fixed and Update by LamPocketVN for API(s) 3.9.0
TimeCommander 1.0.2 by TheDeibo for API(s) 3.0.2
Sponges 1.0.0 by  for API(s) 3.0.0
FormAPI 1.3.0 by jojoe77777 for API(s) 3.2.0
BlazinFly 1.8.7 by iiFlamiinBlaze for API(s) 3.0.0
PureChat 1.4.11 by 64FF00 for API(s) 3.0.0
BetterVoting 2.0.2 by Twisted for API(s) 3.0.0
AuctionHouse 1.2.4 by Shock95x for API(s) 3.0.0
BangHoiUI 1 by JVN | JackVnKiller for API(s) 3.0.0
TrashGUI 0.0.1 by Phuongaz for API(s) 3.0.0
SlapperRotation 1.2.1 by jojoe77777 for API(s) 3.0.0
ScoreHud 3.0.0 by JackMD for API(s) 3.0.0
essentialsTP 1.2.2 by  for API(s) 3.0.0
WarpGUI 1.0.0 by RockPanther for API(s) 3.0.0
shopvip 1.0.0 by LetTIHL for API(s) 3.0.0
Joinkit 1.0.0 by LetTIHL for API(s) 3.0.0
AutoClearLagg 3.1.0 by Twisted for API(s) 3.0.0
MenuUI 1.0.0 by LetTIHL for API(s) 3.0.0
Buyrank 1.0.0 by LetTIHL for API(s) 3.0.0
gem 1.0.0 by LetTIHL for API(s) 3.0.0
TempBanUI 2.3 by SonsaYT for API(s) 3.0.0, 4.0.0
MuteTime 1.0.0 by LetTIHL for API(s) 3.0.0
AutoSellUI 3.0.0 by LetTIHL for API(s) 3.8.2
UpGrade 1.0.0 by LetTIHL for API(s) 3.0.0
Rewards 3.0 by Wertzui123 for API(s) 3.0.0
restart_in 1.0.0 by LetTIHL for API(s) 3.0.0
BuydetuUI 1 by FurryJaki1992 for API(s) 3.0.0
BuyFix 1 by FPVGAMER for API(s) 3.0.0, 3.7.1, 3.8.1, 3.9.3, 4.0.0
PrisonMine 1.0.0 by LetTIHL for API(s) 3.0.0
HealFeed 2 by JackPlugin for API(s) 3.0.0, 3.1.0, 3.0.7, 4.0.0
capdao 1.0.0 by Nguyễn Công Danh (NCD) for API(s) 3.0.0
PiggyCrates 2.0.9 by DaPigGuy for API(s) 3.2.0
NganHang 1 by GreenJajot for API(s) 3.0.0
PHP-Sell 1.2.7 by Muqsit for API(s) 3.0.0-ALPHA9, 3.0.0-ALPHA10, 3.0.0-ALPHA11, 3.0.0-ALPHA12, 3.0.0
SellExp 3.0.0 by EzMinh, LetTIHL for API(s) 3.0.0
CmdSnooper 1.0.0 by HotshotHD for API(s) 3.0.0

----------------------REPORT THE DATA BELOW THIS LINE-----------------------

===BEGIN CRASH DUMP===
eNrtPWtz27ayfwXjdG6TXksWqbfPJBPXj9itnehGStp7DjsZkIQk1iTB8mFbOaf//e4uQBGkHVt2
1Mz90EybkEtgsS/sLpYg9O+duUwjnn+6EmkWyHhnv7e7kweR2Nm3BrY1GPXGdrc9GHcGneHuTpGo
R3avbQGk0xv3u91RD7qEPMuP01SmO/v/3slXCTTaofvjG09AL8C8uxOJLOMLfDRLV0G8YLlkC5Gz
JJWJSPMV+97jyfdMzlks45Z0fxdeDt3mRRieBCH2O9x3nA8ZkOo4B34UxEGWpzyXqeMciewyl4nj
XEwPzhwnCYtFEEOzqSdTcVr4jpOlnuP8xL3LiyMT7POcQ3f4+4LHQF3aTpYJjqpG1Ij2yg57gGZP
YalgiGPPQAHdwyCG7uMRSDPlHlz+a+dZhz0J2/Px6MU+S6R3KXLgWThOkQch8PYB/9nfFzU5n/LY
D6FTEOcCOrPRLgMhgbT/1bN/Y5sLft1t3P2N/YVy32UlpSAsxtOUr/5l//YCRPjM2kxeFzyIn9tW
D4S0gXpbr87FlQifKy5rYp2EfCVSGtp+xNDWeHjn0Piw9Qpk7IHdf3m8taC7IOh2O2y3u+12G67a
+/BX9zCV17HwpwlY0bDTIeq6j6FuOL6HOj/IEqDiSMx5Eeb01JU89R8QT+8xBPTuE0+RgIYEQR8Y
s7/ZmDnPLtXdB0I9g/vnw+49JHDff2D8tYrsjlYRb+Ofd3AzOPj1bEYEDlgSIUX4f4VjL/OWwi9g
Su4hKeX0tLp3SwXJ1/cV/a1XMn5fxOs5bfcsGnG4yYjT8k6bgsneuqXjGMS1XqV3DDa6ezCllL0J
/VN6rEG/d/9Ia6JaryJQwmyZCu6fCp7mruD5rbHHd489FSnEred2d9RkTFGF+jPIar3KA68aOrs1
jNW5fxyrbzfGUU8U4ucKh3UvDms8vg/HRHkLmWpk9v3I+qPBF5BlOchSI+nejWRClxdw+dweW1/A
8+mTJ2Ow/sLLy/nxI8/EIQT87FxyHyfHHfNGRyicYOdysTC93OAR4aSKXb2nBCHFfu9B9rt2k/1M
CVgh6CsEzy1slYo/igCcRRkdrd9YsuTp/t7e4f4ekbdXo25PE7eHtBmDti4mbex4B1kvdn77c3dH
/FXp1HYSG6BQofgUxFcyvBKRiHPA64NwaBz1FCAlNoB50hfI0mgMcCf/E0DjDl3ilUVXez/8gDc2
3bAf2OuEpzxiyhOz7xL6F1t01y1SkRdpzOah5Pl/lGKwQU832MObPt0khRsGHpsXsYdSZCoXqON+
8W9sP6D2RA57fcVTNpHgLg4mZ9CsvFKYh7rldyEiYy/Zd/kyyCDykwBar0Aner6+oJu6qzRhz50d
wuHsvPgHYh5pzE6uOVRDtF6BYqnbc00y3bzlkXj+QvWs5Gt1OndyDh3eiOgu1q2OtSnvVsfeJvML
EWnWrU73S7xDo3t5tzo9g3mldkbXA+N6aFyP9PWffyfrfyfrfyfrfyfrfyfrfyfrfyfrfyfrGybr
u5C4xCLlIaa2MccK6U6tLxDmgh6qIutOt22N2xbCiyD0d/atUbe/uxNkn3xxtbM/52EmIINOZS49
CWh7XQsGCTC/5kPP74wgq7M7fG71527XH44te+gNh968Pxx0Rn3P73ke4C40Lb8EsS+vM/Z2xo6O
pz/P3k1aP59YH3998yMbtLuMSGDjQafDnpdNlUUxuwNG/d5m0xycDUQaduwHmLe8YAcXR4MeZvnL
BEYYQhi0kZ3PIvaJPX0Pjz/JDGk4e/t2BgC6uQ5iWgxEiQQdfAoDN+VpIDKUH/eXEh3q3u8ZpDfQ
Rq8rrLbVtl/PPXs+HIyH43mH93q8P++7ns1tF4j3O8OBPRcdMRyJIaD3OXAAZMtoz+Nh6IL3bl3x
MPBR0YCwiC9jiNav9b9IbKVYN4h5uqKJAU07MLbVfd3hrhDdkd8T9miA5fG5PbC94ZjbvOsPxmN/
xIG0ea+O6s7BrXan3X096A1Hwx70GQxcj/Oh6I9GfbtnC9Ch3fXsvhh5/T63GwhxOoc0nTVt9uvx
sD8c26Oe3Rv07e6461rDEe+CNXSGXcvqAm5vPLYst44plAvCYLet16NuxwWJ2t58PBDzYacLIyPD
g163Y89t+Ktrebw3voWhleQUEEpBdV+L3nAovPlAeJDozX2/17P6gls+78LN2B923TlIS/A6qojn
S03N4DUM2h967siDMMjHo/54MBy6vfGAD0cj3x3b9tzve3OvW0cRu3nJz+j1eD6ygWB/OAedeP6Y
9wcD0eu5g67Xm1sjPhz0h1yMGsKtLltRsp6orx8x6wxkKb8E21ZyAZqs12PPE73+yB25c190Rc+f
+y7I2hv0x3Nv6A7nwh64fa9hQVks5Wehxdt/Pey4fTEcd4e8MxgNR74PHpF3LeBWuMOB3x/Y49Hc
9vwGkiQkDD2wloHbGblA+Mjr8Tm3hlZ37I255YJiLLcHvHQtX1gDa+fP9Sqf5uZBkctfJ4aX04Dd
ncqz4TztAIQX+VKmGa6lVOKEfpInAQK6YP0dvBcxd0MBHgNiFjg8XyTgP7APPMvkPD8yAZh7wABl
GqbGVmEL6xIwIdDvvpvOfnn3/vwIQNfCzYIc6VzmeZKB1wcXuizcNniVMhXVHACfk4vWj4JjADXd
eAU0mbSJgRqTv3PwV9erOLY62+LUQOk4LpHhOBU593KMHF3w5CyCXOo4XlDRZs1V40FTfd06Zyc8
gJxg+r/TbfG1RojKMylp3m/C5M9CJGfxFQQJma4MHuvwOosN1f28lPwNh1mygIxuW0zWkDpOjZzN
jJaMEqiWMZ/J6SVireyyBje5A5IpsTD4+1XEAQ+PODY8gmsR/iJTyDpMTi3r6azeEH6fYwpv0uU4
KunchNGp9ADHNDFVWMHqc++WAg9TPs9FCtnKAP4f3lLh7k7va1TpRT664ATXQ4eRP1XXm3D1LsZy
6Yxemq/ZMoB1s2zMu38KHxcG1mBbJrlG6DgVDU92oGtsewZDf6KFXc2kDE0vugY1PE2vaalV1sxm
gkd1C+02ONdZ8kaslxTg8mNNi+Z4Ojt4P/sweYjfira9NQ5gdzY5CM3EX93XGbXrXEKms4p4Kral
1xKf4+QJJJube5djiCQyWh1MzgwGDKDJRb89bPIhY+HC/9tiQ6NzHKEoAJyOU6PmYS8S8gSnpuFD
NKSukEHT8H6Xv0sxxD/329wj2MnUyE+eXxVJeyUTwCF5bnNuaYDJH2phWOcvK9IrHov8WqaX29IX
4XScayLAcdaEbMSozirbhKQNlO09U4iQyR9xRSrSphupgRszrN1puSLnDQs9/Cy85eQC5it2+Bjc
BJeH/9wW/x4iTyJYsQP3rqItV06mQeljVW+QvVdDhUndNOHXtRy1hNSDZEMSx1cynAIj22JeD4pV
nHL0Ddzp9fV1WwAliLWdXyI/h0WWy+ggBNmZTNXAjfD/13Jmjgzxvk7H03g84WlkMqfuGzlpC1/n
8DBZ8jp/R05hCd4v2MwpOh0BWdyW05tl5DhEkf5no6VFEeaByiINQ6yAdd767Y3mJW71WxV5VlwG
cH3JwyC4zP6S2RohpeRvwIBNqr9mphqIMA06/hikJIAqDSpBTd/VcNaJXGCtD8LZu5OtRVeF1HGu
iATHAUHoK4Ose8wbeToNfHEoo4jHtRBUAzesusnbaRC5AkKZydXg6VxpdI5j0rBhyFVd2ypr/TGE
9C47lLBES/NaBtF80lyLWLeSOy/lkCqmW0zvNEYILHViHrPCmgSLxWq6lMkHM9szoQ9wdsSh8Zti
VePLfixf9fyS5oyG7Bjpuh4KFpQVfbWbJ8zVEumegWaPnNnh5Hgmj4LMk2nNn9XgdcO+tXT5id9c
ghvYZpULpqYaGwnZPKv/ebUQl+95fJnVNF0DNxaetyoi2Dblf0R8a9migdJxTFo2Z0x4BjvCqzNR
Z+DCOxduPSUYgcaemuwQNliYxDDXvKXI8kdUcIpUTEQ9/lewplHZLc9uxP9B7+Sk02H/xSapxFd3
Z/E8iIN8tS3FfFIDwOwqqTIunzDNqK9++V/hwWkGi7tVzSRLyD2KnBUBED1LeRBsLXVVo26uwhNO
W6YyrA6aSVwFbU4nuzGfZiJfilT4n76Oh52DOA8g3450nXJdT11Tgikc3WxsnugLVZJ7HHtLHtey
8Lue1qNEr+k67owS1vjp6mrEgjo1dwK/OjbU0VGMmKWQYOCLyKrQoyHNhKchDzeVl4FolLL6TxeH
xuc4enyQwEVFyoP6pvwUDCXHTZqNKkIJrmsYPGedI8jLi3Br7kdh02WERFHQnJobVuguiiCdByL0
zbd45T6kPBX4jjGDrGmvxi29KLm5w/hNaDNjv11hl8kyCANva3IxUKI4biqLr9P1oMbP4qvDlGfL
k+DGYM6E3v/6oGa4va9IY4s/MlyABPGVhyPPg5vHpK9vyYXS/ZqJCvaAfn6BbPlzEVh2d1vqqTA6
zpqMJ9f6Kmx7FU9YoL3JMefwVdpvFmnrD5pv8OxmbnoViJSdCxmPx4P6+4SvUanCW6J1nDpVmwdY
fAkLBtl4sYyQW6Z5x6vltxJS5GURZNt77+pdxiVSx4HhJBiteuOsiHqQo488DsKQ63mKW1hM7d31
1OS0dzuMzJbi4PPYHt1R/Om2v+Ld3ZUixXEOZSqeYLklXXt38YTr6hQQeuR2zTW1AW2Uiv7a4p4x
MCyma1Q8rbRHoUR7sUY4Xfu2e/ODv2ZzhEFA7WajlyjHs49n5i4PDWikBY0FFyxRP75ls+ODi63l
6YQSdzfmH4NkoxghZybddPtAPYpff+bXW8tlEJnjxDJPnhwKFEEqbk+FqIdsBDxgT+R7T2UafMZd
ItuaNiZSx1GUPKr4dNGaLovwUqQ/yhvR2GFTe9JkrxHJg4T7/d62+FLYHCdTFLjy5hELe/0lTG3T
pwY1meje+eKU/YdB+iV8xmOfqQ3kzF2xc1jfUf768W2Nz/EWXq3S5zv0YtWg9YGqL77Y16XVmpOr
w5ss27fi15EI3Ob2GvupHNUG32S9QJ4tkfGiZn0l5P5JtSVrg2mz6vfBoalBH1GAkGlUt7QS8kAd
7wuvte2vyI3WGB1HE7G+2ISVH0P+OYhPwlWtwl7C6uyMms46CE5CHgVBjD229makjhVr7Joc43LT
St/hkueNQh+BbhWPrbuKfI/iyKgi3i4UURmjrAvt7DaKVb+Kq0AW2eS4tW7yhXogEl9dbaEaSGjQ
DkQOaddHmeO3moYpmODmjsumS7kOIHXzv7Kkdlf9qBJGrsbA7ZdI2BURhpswa2RusMAhMZ+C0EVt
lWOAm0vYXp3b6RJiwrh/85Xs1t6+mEUAY1+HHglXPkTfEunD5U+N2oenOo8XpzKoVXwr2D01358g
kfwPfW71Mf4ZFhVf+yrN8JYG+0bSjFnmpr54hgJ7U2NqDXpgH+ZkWYDj55+3VoOQMsQ6oBpdXz1i
m9R7mfO8/oq6+eSBusoX4stX8NQgYHO9rL8yN5ipPjyvb476Jkuw+peLG73fyjJYNgc8zGrLmBq4
qRD7r0hUzBEdpzH+wyVmnib1CVJCHli6vAe/MwEHvNzeu3NECQtgGH9zNYD/S65gwVnRX0IeoP9c
5LOz0/Ot7a9To25O+E+Q0l8GZv5RQr4t4ZdB/rja32EoeHrOF4tGBbCC12fwrQ3gW0kF7oj6WPrz
kIgQiFAFQJOmRxfLFN6DbBUW0cXhXh0fvogQcVF/Q6oA31Z/EQy6uQJ/LFYpjy9r+zQV5NtSjUM6
TrQh1QsRGRTj3belFo+62DznEFECmVM96VjD7q3LTSG55/872/aeQY0Wco6SjM25uSjy5icRa9A3
NvRi03c2paeaijCsqcEAPpBl3EX76OkFEI1uc/I/JG9S7ptSLyHfVujFIyLae3HN09pewxLSEPa3
fN2nSdjGyz6NinYYpIKOAfhU+87LAH5jb6oGflQY8EVej14V7J7V3kmRpquf+GWApy1s7RNDEynu
8eWz4u3ycX4KqK+/M9eA+3iZfHxzcHH8/s63dENaPamNaLtUz+1+rRtWFD2iZp0GmYwv6l+DGsBv
a2MJDRzpDz834+BU8PBECHOZtwbVAuHtJZ4qQ33xBeru+ruZ3tcu/yb6QJNNmfJ44nNzb5kGPKCO
t4tihR8HeP2YHeLHAfNevGBHPF6y528Pj15sS084jogPZbxA3I5DZzKdZSGP/c23mKU8F7e3lilo
s9A3/ks2Ht9f6WtuMyPKajdfv62M0JCzf7vgePiXueBZg+7xL29SIeKf+O9yay/EK4yP8CKnkxbm
PKY2S9ADnzZc0CagJvGtg/PJ6cFYT0F9a3Ua91bj3i7vn5zEAsF4itIjikzQ4/jGLA2UkAeSv+PP
4F+Xu2zLHlShdZzjXye4n31zRozPmI1vrsxvm+/1PKcyz5YyP91a0eypn1jj+RR4PKTIRfML4vLM
Hno7QsfZtPURenTSzM6zyfqOgW+bBwuGR2M6qRM/m/KcXfAVs21m2fvd8X63y/67M2R2x7awQSRz
/+XFu3N24AW+8oQIVsO0EpnmL62x1bUReL0EYlshrPxfdvCex7EsYg93JtLxhdxbBkIdn5m9lDHh
wU/qWnozJChBdYz4je6TvbT7CFkA45H0hXo+lylgXcPkfI5QkICPlcjyPrlK9Ch+MJ8HXhHmq5dE
qDrEKJdpKxM5vtnIXiJYHbuIJvIylK67qmAZBF2jCZ5T+vLo+OTgw/kMocoOWn8UIl3pITUo9YAn
TQ9etxOeZdcy9V/+QH9ASLCsamX8SuiOV4G4bvkgQw6SezlC0I0rb1pok7oJKGFR8IV4KeIF3teO
P2mvIjz+5BnDCcI8UneRUomZtM5AeKxmO2AFbLYUmWClNBhPBcuXgskYTCZfgo14qMycuYIFsRcW
vvDhgt2yNsQ1lZHAQxvz2zgzPhe7TGLdM0OUzE0Fv2QrWaQaFwvmDJQazAMaAfSJh6yGK0T8Vlyv
0e356mzAjF3L+PucYS2dpwylGQGzeBTRCinEMzoV39dLEbMiWcBCEBC0nRitWCHbd2LGnv2ypA2J
eAplBtOWAQp9zhfIIOUxGH8ORNFjIjWUMAywClciJ3nhp2aeYEs6sA4hEWJW5lpqbZ/R5/z4IFsW
uS9hAugDbveZs6PPo/JCmQnf2SHKDsJQXjOcWHhKpt7ny64Czv4HTQ7bkO2VW4D3GTok6npMdqj7
0PYLnCJ4xCYIBbG5K6ZFie212a4fG8Q++yUAgcgY5Mp9n8GySYkfxYpnxLFI8KxIaXozELorkGgQ
jvij4CGd7RlcQdsrHhaCPdeDgqN5gdjViDBhBPqUFogdj2fbh8c09tsickEqYFUH2Sr28Kw+hl94
gx21qcEHkBaZdskpNlumEjwQaA+aZ7uMNl4zPflhPuwyPJgLGEH3T7IBh4uwqIjBgrCJQj4l9QJP
YGWpvAnAwgSIAVgiy43XxKFsNUFnc7RVbIM2ucuC/HsQX55SN1gr4tF0aDKNzuw58FDAvLFJLMRG
S3O6T6iatsrJONIijlGdPjoomZAS6EvtrM2OxJW+ZlGwWMJkxtdnu+bk04aDEknTIskVVAkMBRMB
bZovUi5MSjqvzFcTgl/JwAey76YAbQRtToKgwbrahqFB45ZqtLY0cP/g1tOVmpRvwBOD9WA0ZQoO
8yAKcpzbkVhwdwWJZptNlag7JNwgQ9zUfYZauw5I8mRRMGmvWwpRaWQZcTgPgETwSAJPrkE0c8gX
yyGVkYO2CpymbCFBURKnKVoFDrQgMltE2j7rIBcwOrlgdWbY/3sOMD25j36Mrl9HPyxHEiJBu881
SRpdxsB9YHwEv1cShKOWVFkdu6cJIyfwC80KTV/2/RYopHlBJKHHYF4BwSeG4MPEjfAKcr5Skaxm
JAardWtx40GWkFUcKcf1bna8z2anZ1N2fnZxNmMHk8n52fGUTY7fM8jzfj5+v8ugEZu9g1bH7JfT
d+fHbPL+3eHxdNpuuoCaPOz+QItjItJAUkBGR5whg95SkEsmaaydrQWyh5TAJ99CTVq4UlNullBB
fgh8goMGa0J+v2Rsysgg48MAGGMzPRhhVkjA9VaOXEUkGuMdxhCM89Shfbs12oLOrUFtifAwHVCS
RXKVXlXfNQ9gXiLJKla7Hc1r9uJukjTnXc35gqcuzIyWJ8NQ5aLkgO6WLk01JEf3YroX+O6IxwUl
HyYlkJgVYIMvdsuY0DTC0gxVeJ3PAZfiN6qmYJu9Uz5fGTxkD7II/TUtAQSR65hV9GcKcULkA6OD
TkfzCqOdkLO4FSTJdBSGNW/zVEZlsFW9dYuWaZqmhpEbrclbtsHuMKmadUzLhBFVlsJIaIbakP0i
SlR2pVI4ph+08EGpryNspDsQ7URmyQHcQZiHyc7vEDAEbQh8MMIVGFmWFQIdQ74ErS3KbBOdFo5W
UbVbKlLlCDqpbCtqsOkX5YTrHG9ZxJdZSfshTxAaREUEMRZ3fLJyLYCKZGpVpKio5IrzRYuSZsxt
G4NkO9EU0YAtzIILCLq9tcaOpHrUtGnMjdDrKfyqcTmFFC7d0OSMMoeWx/ET4rVegBTKVSB91Ke9
qwRDYUnww39caGAfxWHFHXTT8lT8lCNj4yrbRQHiS+YS7/2o7rNDJ9ZHCO3rEAGp2VKGKsV0eQ4r
WczEieQMz4pnOsiQb1MrH/1UhRZXrJNNFd6emVoqH6FbTVc5It9lLctQICmPBm7lJTE6BJDXrvJY
9fMEBebDxDmuZSjRx84A1GS12SnkgmBLLym5Y4eTD7vQF2hwYX5dBz6YPeUKynuu8bcI/z4blml3
lZFnJB2jbZsd+OColjyc7+EucFom+AJsWA8FgzKse6CBGROxCnsGMnMpcnyDXg1TTB7uKqeJQ+sz
fdtsllK8kJRJf5jEkzIPr9aGuMzATvhaCnEWSZy09H1j4XOhJ2QWfBZrVWPGXmoYdw2V2RRk9Mpy
jKjbG9uq04s2m+g+IU8X1IHrRao2ExpxnvIFcgfqArayJKRkBleeEcddgjByiio8DAMsptBSGk+A
FlnOLmYfiNIMWEK23SJnuHQnLVfDqXVHu3RDUV60sNc+UYsTwBdusdgv1zKvmIVrGJ3JLWEW03Om
V66ZWmujkceZVDFNG4qFyJTfUtgOlxLWtmic5RJGlItUcm742wgs41elE8XiSFlCwmfVfOcQ08ET
CJ6XPgYoVYfllSkzLbfAhChdyRKhv0GIpRcGCaO+IEesgHkcjSWSV+UKFt2/9pnkt1rlMzVkVnmL
skhkVhNmVA5QBqB+eVAVUqit1naR6bKEB1afK7+g+7RUn32WQEJxFYQ4jPJ5ej7rUdBp83ixTqpj
7BY2Y8du2apWXbqzgqNWeQeRLNCm58o5axNHUaqyHAUjnM60dgfF4DVFE+j8nmKL0ZkYj4VaK7pC
IXPFHC2SKoAUDpalBZDSqTBYi1KKfRxozT7MTMabpOqftoDRBASAu6js3E0mTwET2EdpiEBs2Rn/
XVPTJevGlXRL/U5EZngL2kRFA1El1CjFnB3RYC59MkpTEuUpUtQ0U+d3M80d05WHMtpRnxrrgK/F
bPaMLWDNklXiqaobawm1b4tIT9ZrHtCiBhwHZPxKN4lMirA0Rn2Dbp/aaBfRJQdB2XAr0dMavSvO
1H1W5plU2VT1nH0d8bD8RGssBVYBQ+sLt5uvCwN+JTe09xb+nFIDtJ5udXCyhNRsLg2NwCxrqTdW
65ZLiZohUtpJFCXtQBLFsYxXEa4RMtyUmwGHWUU6Lnz0c1Y9JxbIZfHFIoXVpqos6TKUWm3jb+1c
Nvkj+mAGvzt6h8f3t7QTVLEAncK1UIkoh6lzTSNmRHjFAMHaRu0XQs9a8so0lXJuCRUUqp5rY4Ko
h0fQk+828ymCS1N0kKLGaCdGmWeX0WFuuwzPJaSAla9TFnC9cwHLaFAheKAYA4J6WgYWVTTitbKR
fiNjBJwC0jOIbeTFSmehEZLm1fNyjFuaVryaqs6DqPLVOiIhUmxfJg6oWXSYOCDVw3SnsvbZrgbQ
T8wRSmneH/O021baVbPCKDNoHIA+1/IsCwpLDSSPgSsCnWRqj4H1WcjjfcqygvkaEaTqwIgqxqMH
KlfZyscBPu0iy8jGw4BnOoWHrItHSVjeYRIANGpd7ZdKU8/AbrHcs8/+RdEb4ucu1X9+Q6Tq+Mt1
mDRfEhAbmEnhOR9qhV2+q6Gl810RiwI6ReiMkklameFpW0CrDrcm+WpcokFdMny7g1FBRa9qxH12
cn4w27f/Mdztj2+s3e5Nd9f+h/UPX3hS+djneNaGh8715aijXLG66/VfqLRH1ePNha2a4RhbQMa6
7kSpBxWOQGveiqlfNinS0imX2Xy6ruSTxwE8EKo8elOSlQJrlW8BwBZUfvfshFwNDUXta0gKyhT0
L9wZkBYlW+2qRCbph7yYuAHHl+mFkHdJ27oo6QeJuAFkqiu1ZqZ2yC+QAmm6CiNqziguCT8kI+na
V+/s7gg8WCEL9Nn09Km+8aMbrqd/O2ENwTcw+IMdNZiMPvkyB2dYg+pfF6wARRqa9+gizPt5ENK3
/BVkEdV+AmSJH6EY9wHMsisTgD/sQa+Vh/RaOXL1L/YZTTL9eyMmLPHqXL8Xc70Qr/Ukt5/VQZCg
RCZkOjk3b6NV9kdIv1uir1gfP96xsQ7PWvgjKP1OrzOEy+/OYEoMPQ/+Gw/EYNifD/yhLfrevDO3
B8N5bySswdCzuevaXfYd4M7lpYghPahJbMXpbWR5kvln/NgAz+3o00dfn9VvRqxbw+1NVNeJRHbs
TqdrWTZum5gcvauJypefiJUmEEBBXZ3gLuIsqzWcBugQfr2oyahBAdzikrTOFgCv8eSSGtD4dRDc
tGPhD9wAwcu6cVbR+hMlY+Yvr6CIgoX6RRa9/R/FRChxiwkKgBya75a//oF2nK6SXBKgS4CFf0vn
Qc1MSDZdE5QKmA047RaFMsaSnH9izvZuQqWUqsOff/4fbxBfCg==
===END CRASH DUMP===
