PocketMine-MP Crash Dump Sat Aug 29 07:12:16 AKDT 2020

Error: Namespace declaration statement has to be the very first statement or after any declare call in the script
File: plugins/AcidIslandFix/src/MyPlot/subcommand/HomeSubCommand
Line: 2
Type: E_COMPILE_ERROR

THIS CRASH WAS CAUSED BY A PLUGIN
BAD PLUGIN: AcidIsland v3.2.9

Code:
[1] hướng<?php
[2] namespace MyPlot\subcommand;
[3] 
[4] use pocketmine\command\CommandSender;
[5] use pocketmine\Player;
[6] use pocketmine\utils\TextFormat;
[7] 
[8] class HomeSubCommand extends SubCommand
[9] {
[10]     public function canUse(CommandSender $sender) {
[11]         return ($sender instanceof Player) and $sender->hasPermission("myplot.command.home");
[12]     }

Backtrace:

PocketMine-MP version: 3.15.0 [Protocol 408]
Git commit: a498b0415ab2edf18300470dfe6d182372f25190
uname -a: Windows NT DESKTOP-EV6UBU5 10.0 build 19041 (Windows 10) AMD64
PHP Version: 7.3.21
Zend version: 3.3.21
OS : WINNT, win
Composer libraries: 
- adhocore/json-comment 0.1.0@8448076039389f558f39ad0553aab87db3f81614
- ocramius/package-versions 1.5.1@1d32342b8c1eb27353c8887c366147b4c2da673c
- pocketmine/binaryutils 0.1.11@e8cb65db1b7998eebb739b124f2a989fe87366eb
- pocketmine/callback-validator 1.0.1@4aef6bb25f97d0b830ba0b4f66834b1a9c86fc9a
- pocketmine/classloader 0.1.0@4ccdb30e48f030bfcad04bb0a208d198ec631993
- pocketmine/log 0.2.0@e59bedb5d4bbeb9a26647cb7c367cb2fa72addfa
- pocketmine/log-pthreads 0.1.0@9bbcef398b01487ab47c234a6a7054722abbe067
- pocketmine/math 0.2.4@b1c28b236df8b795d7b06cf8421f9962b12ac410
- pocketmine/nbt 0.2.14@b31dca98443328c4bab76dc1b84c1473c79be20e
- pocketmine/raklib 0.12.8@9fea763ffc922db083e4528d4acd0b13d0ea83a4
- pocketmine/snooze 0.1.2@88420da3d9335dbcb3ee2decfd5e5453d057dcdf
- pocketmine/spl 0.4.1@ff0579a0be41bbe65d3637607715c0f87728a838
- doctrine/instantiator 1.3.1@f350df0268e904597e3bd9c4685c53e0e333feea
- myclabs/deep-copy 1.10.1@969b211f9a51aa1f6c01d1d2aef56d3bd91598e5
- nikic/php-parser v4.8.0@8c58eb4cd4f3883f82611abeac2efbc3dbed787e
- phar-io/manifest 2.0.1@85265efd3af7ba3ca4b2a2c34dbfc5788dd29133
- phar-io/version 3.0.2@c6bb6825def89e0a32220f88337f8ceaf1975fa0
- phpdocumentor/reflection-common 2.2.0@1d01c49d4ed62f25aa84a747ad35d5a16924662b
- phpdocumentor/reflection-docblock 5.2.0@3170448f5769fe19f456173d833734e0ff1b84df
- phpdocumentor/type-resolver 1.3.0@e878a14a65245fbe78f8080eba03b47c3b705651
- phpspec/prophecy 1.11.1@b20034be5efcdab4fb60ca3a29cba2949aead160
- phpstan/phpstan 0.12.37@5e16d83e6eb2dd784fbdaeaece5e2bca72e4f68a
- phpstan/phpstan-phpunit 0.12.16@1dd916d181b0539dea5cd37e91546afb8b107e17
- phpstan/phpstan-strict-rules 0.12.4@9b86e1eb77c796628e239820a01a2d327d607a5e
- phpunit/php-code-coverage 9.1.3@4abbce3b0ad05f2e7143ea5f775d5513cb5261e4
- phpunit/php-file-iterator 3.0.4@25fefc5b19835ca653877fe081644a3f8c1d915e
- phpunit/php-invoker 3.1.0@7a85b66acc48cacffdf87dadd3694e7123674298
- phpunit/php-text-template 2.0.2@6ff9c8ea4d3212b88fcf74e25e516e2c51c99324
- phpunit/php-timer 5.0.1@cc49734779cbb302bf51a44297dab8c4bbf941e7
- phpunit/phpunit 9.3.5@7115b00b23bcd4f62a73855c9615694d2f206e71
- sebastian/code-unit 1.0.5@c1e2df332c905079980b119c4db103117e5e5c90
- sebastian/code-unit-reverse-lookup 2.0.2@ee51f9bb0c6d8a43337055db3120829fa14da819
- sebastian/comparator 4.0.3@dcc580eadfaa4e7f9d2cf9ae1922134ea962e14f
- sebastian/complexity 2.0.0@33fcd6a26656c6546f70871244ecba4b4dced097
- sebastian/diff 4.0.2@1e90b4cf905a7d06c420b1d2e9d11a4dc8a13113
- sebastian/environment 5.1.2@0a757cab9d5b7ef49a619f1143e6c9c1bc0fe9d2
- sebastian/exporter 4.0.2@571d721db4aec847a0e59690b954af33ebf9f023
- sebastian/global-state 5.0.0@22ae663c951bdc39da96603edc3239ed3a299097
- sebastian/lines-of-code 1.0.0@e02bf626f404b5daec382a7b8a6a4456e49017e5
- sebastian/object-enumerator 4.0.2@074fed2d0a6d08e1677dd8ce9d32aecb384917b8
- sebastian/object-reflector 2.0.2@127a46f6b057441b201253526f81d5406d6c7840
- sebastian/recursion-context 4.0.2@062231bf61d2b9448c4fa5a7643b5e1829c11d63
- sebastian/resource-operations 3.0.2@0653718a5a629b065e91f774595267f8dc32e213
- sebastian/type 2.2.1@86991e2b33446cd96e648c18bcdb1e95afb2c05a
- sebastian/version 3.0.1@626586115d0ed31cb71483be55beb759b5af5a3c
- symfony/polyfill-ctype v1.18.1@1c302646f6efc070cd46856e600e5e0684d6b454
- theseer/tokenizer 1.2.0@75a63c33a8577608444246075ea0af0d052e452a
- webmozart/assert 1.9.1@bafc69caeb4d49c39fd0779086c03a3738cbb389
- pocketmine/pocketmine-mp 3.15.0@a498b0415ab2edf18300470dfe6d182372f25190

Loaded plugins:
KitUI 1.3.6 by Infernus101 for API(s) 3.4.0
SETVIP 2.3 by MCPEVN TEAM for API(s) 3.0.0
CustomAlerts 2.1 by EvolSoft for API(s) 3.0.0
PointAPI 1.0.3 by onebone | Fixed and Update by LamPocketVN for API(s) 3.9.0
BetterVoting 1.6 by Twisted for API(s) 3.0.0
AutoXP 1.1.0 by JackMD for API(s) 3.0.0
MagicWE2 7.0.0 by XenialDan for API(s) 3.9.3, 3.9.4
AutoClearLagg 3.0.0 by Twisted for API(s) 3.0.0
FormAPI 1.3.0 by jojoe77777 for API(s) 3.2.0
ScoreHud 3.0.0 by JackMD for API(s) 3.0.0
BuyecUI 0.4 by UnknownOre for API(s) 3.0.0
PiggyCustomEnchants 2.3.0 by DaPigGuy for API(s) 3.14.0
ITEMID 1.0.0[S255][S255] by Syams255 for API(s) 3.0.0, 3.0.0-ALPHA12, 4.0.0
AntiSpamPro 1.4.1 by awzaw for API(s) 3.0.0
SlapperRotation 1.2.1 by jojoe77777 for API(s) 3.0.0
Broadcaster 1.5 by EvolSoft for API(s) 3.0.0
MultiWorld 1.5.2 by CzechPMDevs, VixikCZ, fuyutsuki, kaliiks for API(s) 3.0.0
WorldProtect 2.3.8 by aliuly for API(s) 3.0.0
AntiVoid 1.1.0 by FiberglassCivic for API(s) 3.0.0
WarpUI 1.2 by Lover_BOY636 for API(s) 3.0.0, 3.1.0, 4.0.0
AutoInv 0.0.10 by JackNoordhuis for API(s) 3.0.0
KeepInventory 1.0 by KhoaGamingPro for API(s) 3.0.0
AlwaysSpawn 2.2.4 by Philip Shilling for API(s) 3.0.0
Texter 3.4.10 by yuko_fuyutsuki, mfmfnek0, onebone, ogiwara, Shootsta_ERU0531, Toganon, ShadowArt, Marron0421, No4NaMe, SuperYYT, SuperAdam47, minijaham, VicoSilalahi for API(s) 3.10.0
PurePerms 1.4.2-c2a by 64FF00 & ProjectInfinity for API(s) 3.0.0
BlockSniper 3.2.3 by BlockHorizons, Sandertv (@Sandertv), Chris-Prime (@PrimusLV) for API(s) 3.2.0
EconomyAPI 5.7.2 by onebone for API(s) 3.0.0
Slapper 1.6.1 by jojoe77777 for API(s) 3.13.0
DevTools 1.14.1 by PocketMine Team for API(s) 3.13.0
FactionsPro 1.3.20 by Tethered_ for API(s) 3.0.0
BangHoiUI 1 by JVN | JackVnKiller for API(s) 3.0.0
CuaHangUI 0.0.3 by phuongaz | Moded by LamPocketVN for API(s) 3.9.0
PureChat 1.4.11 by 64FF00 for API(s) 3.0.0
MSpawns 2.2 by EvolSoft for API(s) 3.0.0
AutoSellFlash 3.0.0 by LetTIHL for API(s) 3.8.2
healer 1.0.0 by SuperBaronDEV for API(s) 3.0.0
PointUI 1 by KhangSBK for API(s) 3.0.0, 4.0.0
HuongdanUI 1.0.0 by Misael38 for API(s) 3.0.0
NapThe 0.2-ngl_rc by NgLamVN for API(s) 3.2.0
cayphattai 1.1.0 by Lettihl for API(s) 3.0.0
QuyenVip 1.0.0 by Hituilahuy for API(s) 3.0.0
BuyFix 1 by FPVGAMER for API(s) 3.0.0, 3.7.1, 3.8.1, 3.9.3, 4.0.0
Fly 1.0.0 by SharpyKurth-Darkbyx for API(s) 3.0.0, 4.0.0
ShopUI 1.0.0 by Array for API(s) 3.0.0
DoiMoney 0.0.4 by KhangKOPvn for API(s) 3.0.0
VatPham 0.0.4 by KhangKOPvn for API(s) 3.0.0
TableSpoon 0.0.5-ALPHA by CortexPE, Xenophilicy, HyperFlareMC for API(s) 3.13.0
PHP-Sell 1.2.7 by Muqsit for API(s) 3.0.0-ALPHA9, 3.0.0-ALPHA10, 3.0.0-ALPHA11, 3.0.0-ALPHA12, 3.0.0
feed 1 by JOrlex for API(s) 3.0.0
ShopVip 0.0.4 by KhangKOPvn for API(s) 3.0.0
DoiPoint 2.0.0 by JKPVN (JakayPluginVN) for API(s) 3.0.0
SmeltWands 0.1-ngl_alpha by  for API(s) 3.14.0
MysteryCrate 9.2.0 by JackMD, DaPigGuy for API(s) 3.9.0
AcidIsland 3.2.9 by GODSMineVn for API(s) 3.0.0

----------------------REPORT THE DATA BELOW THIS LINE-----------------------

===BEGIN CRASH DUMP===
eNrdfAtz28iV9V9BaVKb8VcihfdDWe9aI8ljxZbFtWRPsmHK1Wg0SIxAAMFDEp2d//6d290gAUpj
y7ZStbWuGZFsALfv89x7G0D/cy8t6xVrP96IusnKYu/Q2d9rs5XYO7S8KAwsJ3L8/T1R12W9d/jP
vXZd4dDe6cfji/PZ2ZvTj6fv3l2829vfW4mmYQs69pbhe8W4MBLBc1azFnSNpmWtWImiNZasMdrS
iIXRLoWBeddGmtVNOzilrA2WtgJ/i7WmIgzO8tzICnlVw+usajFtmuU0Z5V3i6xoDo54lpw1OSuS
l9ndQVPzg/P1LC/bg6aLebla4cDBq3IlLrv4WP0EjTwrQMP+bV+T+ZgVN2V+I1kB7SSrBae51FGM
bGfBKC8TQZqxcGA570wrNuedJZK4WPz7f1bLCqfYOFRstKI4ms+3LP0J5zg4Bx8uPrpGGFXJr0W7
AmfzuT5rPtcsX4oiETVd5D1w9ixna3XUf+Bo12Z5M59fibv2pTQ8nRiouUN8QNVNY4xVZOBkTNkY
I61FOPuf+LRMfDHwr+riPONG2hVcWpyz4n0jfhwxbfyhkZ/PDHmppS+lf7Vou7owftRnwNLwh4KL
MjWUSM8M4kUfnvwH3Ggm6lXWkNv+ON9brSuodaqVNV1ChPneMxLPsvU0v+3Bxm0NI+wd/u3v+3sL
UYia5WQ9Mg/OmklVnUNVk/MZLo1ZI7ahsedMLW9q0niX5QlCJLQQLlnzMRE3e4cpyxsBN6nLtuQl
yLpmiEkyciLmRmFsupbHYlskqRU6pukGZpIKP7FC2wns1PasiGh3mpdfsiIpbxvj7ZVxcnr5+upi
Njn94L//6b1nWObUNCQPBq5xLePH/mTLfGYcnZ/4LvkrnO9wL5g6U9vCz09QnJRB/8bhj2VDE529
fXuFAfnjFh5OTr2qykbUH/MsrlmdiYaUxJIlBKvFwa9NWUxI0ypCzKk1NV+ErhuagW8CMcIo9bww
dSKWmJ7nMBaHQRI7aWj5FnFW8pqtsq45QEBcAzUmWsXEgDX1ptYLK3Fsx7XjkFsitgPHc3gYhgF3
fFAIYpfbCfMDh5McG/c+iLOC1Wvp45oty3ohQh77XhJbcRBFoRBxHDhRbNluarMInIowAFURj0kR
2sTgbnLD8ixhLcEfeAPNFy4TqR/HtpdGQWLGMGXMzNhNfT903NhiEQ/9lEdshyBFVl4yOO9GZS7n
UIsp3DA1QSXl0JcbxyazzTCxwCz3HSuKnDGlvFxICjYoCC+KgTVegstEHDHb992Ax6QofNgpC2yW
JCm7R2FStctasKTZMBPFMRewGfzUcsOAxSAEGzCfBabnBrbNMIXpB2NSgJCl5sZ9EVvcDmPb8ZM0
hLa9JIhNn6eha1tpFPk2tM64a5ljEkXcagoWSDhWwmEX13UcO+RuzOLAT7gVhy6H5R0eQGDbFGMS
NbuGpypR7Gn4AlZlge+kMINtJ7EZOsL17DBxGYfFLCcxBQsd5o6pNEVZfhJaIfaLEHybCXOSyHHg
Pzx2hLCRjdLEE57rgYgXJDxJd4hUuaTgwlPSFKdEcA7hWlAevNDxHYRIEFgeN9MwCOwQfISgkJS8
rel6hXtttnE5hwg5HrDCtP1QIN69KBBOnETc9UOPe44wheM4qRBk5tUanhY3B4kQFWK0WksiFjlu
5EexbcEUzLMYs1Kfm1ZiJTb82fMTokg5X3igUmTXGT8AREwqVjfSZW/caUhhzr1QIAATN3XCEDFt
+5bFYsG4LdKYOwn8MQgDaaAlqydZCR8pslQ0ZGVbRlDo2b4n0sRhaRAzhzM3tpnNHTdBDHhBGCaJ
HVmOM6AxBGG4yguOCPRD20tEGkbCZI5t29Bo6DhBGnLBUisKvJSZCuig3Y7AqqwPapHmQmYoiWCS
pC1jyUpMi7tR4orEJzhmLHRZ4AYsgfk9ZvmR7fpw4s+RxGicwxlA1JNEHSswAYypF/hwSitKXc+3
AichRh1XmGlKrq2caESUKq1JLRqqRHpHQLyHQcgsBKVnu14aiyBMQzM0BRDIoYB1YgSr72l8byoB
I9ZltRRc+wH+exHbpgmkEjABTxDnaeybnDnMjniMP27EAAyWr3VH7nigP/sIc4IXnrB8SCGAnHYC
i4NKgusEB1k75gAeAUgM2X0iE3x2Rdb2xCwfqofvUSZE9eQ5USKYxxMnEHBI12dpHMaWGQgreIBY
g7Dh7aTuctH0FF2AWegLpI4gAGDAaKGwgWy2yUyL2cgtQYIoZJ7yUsmNdHYq5vAHGle1bAQgcAD4
BI0OcBkhn9oisFwHHKZBAL/wLIfH8GdLuDvEqDadZChjdSiT47ovkDagdi8GvDsehyEdwEAqTORG
12WIJ25RHO5yRjXptVBkCK0DFnqx7zPO3ZAznqaA3CAB1jt+5IJDgHDg2lG4Q6ZFLYc/qypHra3j
0X7hpymSlmAuNGMh6YYpTwNX2MA5yxc29yyOLGTvCkh9Qi09nYIanERw6SCAFyGp2XEKlHHBA9iK
CcnjNHItEYyJaEeI4N3ei8CyvNg0kUFiwhffZoETeh6PfMuDWAmi0vQhHEg0cPkGKFkcSJtpMpSg
vReoGewkRf7gkemZlPWB+RbgEkWA6VhWABcFUfNhMgg6Ahsxycvyuqs2ShJQRookaXL4PUN6chBq
yAuOhWxtRynCMmGhFe1QXVWsdwAXdJwXCQeCIv8gKzNYKo0SmwOSgQ22bQESGBKlsNz0Hp1c3GXt
WvMDZHEQvT5lfM/nPuIkDUw0bLbrCoSxG7sJF4kZBSM6SZammhP7hYVkAiRPoSWGSsbnyHcx8oGI
EkA6rgfUQF3OiIIobrK6LHTp58lMabLACziLo8SLA5ECQHwgnUVh4vMIyRvJDkTtMaG7qqxbUW/Y
8QIrCWwriVFg8RC4a6K68cFi5LkM5hRwIOTAMTuLvIxZPpG9o3ZF8wVqFeH7Do88K0448AQ6RWEq
8B0wIBKCumhXNdQGNpMynaiOTvoSAJcc2bf91EVl5gHhuBPCLeMQdZELLBduZJJDjUiV8a/IBxNR
AMyHxoemAjcViZ2YzE/MEBAaBEmCfBUh8kA7dkI3skD9IXI6zUhqyiUtO2Cwuw/QDFyUGLZp2Z4D
MEKlnXiu6Sc+BzKPHR3dbCdzKQQtCA+2zPm27VgQFz4QR8ha3E0ZXMN3nRhwDyfnlpX4zg65puxq
LiZlJVSv32yStAl0C6wQNHw7QinoAdCBmihgwCPyNNlD2DsOppcYKCejUvCjCNEcO47r+jyJfOGD
LSsEPsRwXw+5weZw3xGFca1gvYD5vBBVioeyL3EslMcocB3kPw81c4AKGmQ8JpuJZr1Ky2J9UJX5
GvidT7hm5waJM6TGhAPafFI6UNwMTOAUijCwZcJbUR4jl/ux6xFUtkvRCIFMDuAusk86i1NREEAh
DnccYHiAchDFrovSwgw8wUyWmsgyNtWrJNWtiFflJ1a3B2gfRK1ALqIkzlLuR5yhFkvcCE6eJqgr
IzNEVecwFBchwXAYjavT7dfJqtp0tC8e3Z7+tlklkR3h66x9fzbon9Xv/b2tBahs8THCunZZ1rjo
b3tnRSrqomss09pDF86qjEYdVMwm/RYFi3OBVrWtO7TTiaho8UF17E2ZtifDgRWTKzIDkvO5ZGI+
P2eylaWWizr7i8urXy7evTlROm0yCRe0IHB5evXhbDYQQg8MpUDFM5bh/Hh2+uGtcXV6dD6Swfx2
GRTJ+fxStB+y6jGcH3dNW66OcrhFM+B/NDyWwhpLcXpT5pdg56lEGM48n+/wocW5vDp6d/V+NhJm
2bZVc3hwcHt7OxXgiehP22uScVZmRXs0Oxst0uihsZ+ZuzYqCxHjf+N/jJfZnUjk8tH7Cr28MOK1
8Yat1GrPh7cj8aNvF19POJ9XxCEozucDXj8jPwn6k2iRDD+UbVYsBsKOhscC74TV1W3WtOD4iWyp
yc3nQw7Gvx7jo0ddW/5lGF16YCyKJVfVBsL8mfHr85OnkkVRm8/V3I+Dht4nF1m77GJaVzxQZA60
BBDunC0y/supPRBvMzQUMJDMjwT8C1ICy0/QUo2dj3yYPt1vlfVOEk5YQWIqXubzN2rd6YtOSKId
54LVb9hisWO07fhQNOe+aE/siG3viJii5MREDiaUMYc8fa01NZtHzTrvVufHB2N6UAYtkI+Rpx/Z
TXA7Cvi1/LUUAf0b6cD+dh1sKc7nmonNl0flOFq2fdUlwyzXD33Bmv+aSOxnf3ya/qlbCz4qNvqR
oQDosMfsvy+ui/K2uKjFU4mwpTifnxZ8yYqvKjdm2WKxVqlRXz3M3Q8d3SlEdg10wnDRz916JJ/1
HcVUTxDZ6z43Dw5+Q/T1kxw8QO6A9HR2dXp+djJQjR7YTfrm3y5tz/u7+jvWzOWarRoM37P8vvqc
HL2ZvTqyCKvd7/GIfp75/KwVK8njl/Ni0WaXFWqQuhzi7GB0LKi7W7ux20/s9ql8WhIDwmL6BtNX
dQl8HfHyZYjJWYUO8F3ZyiZwiDQ7R8aC3StKfwc9v8c+Ywa+AnNqnMHRVYp6iDuD0bEs3r+2vB5M
jEJsxMW3FdfnXd5mv5R1PkwMg8Ed6ab2WL7jT4IvZ+cn4oYQ4EN2l10f/zfdlO/WXdt01xm+X7M8
y66bp1IBpymrVYIp5/MVcXpLnMKkQ66/FowGghwMCEFD8gsioKVHALY6Gg3v4nO4E6h51uXrJ4tU
SW0+l2JXioNdh/6cFwykPu+yOs1EngxXBfonKdpa0M09cq+DkbQauz6UWbIDXHLoC3X9yywW9YJu
hR5nNxl/usgQrF1esWt0Jfn6J3kbWCEYMbX99g2+8RDpgw09chFWV6O6RA/swNxYD2/oHsPHny7+
6jv+g+lJae670pLi4/FoRwXwWXGzU/bTyLjCMqfWAzXi27Ksk2WXPVmo/wqiRU9UVf9ZcaPqfsXU
FyV6LUSFU+UNtfVwmWo0vlNRjEV7vSzZzwyhsaA8+ESijYjO5yN2vsJe+S1bN0jRt8NsOxwdI5O9
WxvPllmeVcYlPnJq559IukqSbTRVWE5y1BBHj+9E6QmlUdbVA+Nuxb3niuvuuvw4TECrdJUW4ppO
0+sz9G2R3bKa1lcvl2XZNi37ePruvek5VItclQtWyDrlcsmS8vaoJow/Z3VdFqYrn515W7pv2TlR
uuxQWfz1r1f916OErVy6sQDrZr+yJVvJ1MjLyyxnOVtm4zL9q9W86UEHDXJ5vYYXVatVpZ7sovLg
GP3VN6DdRnMHWt/UsXS1oEetRn3KZmy3TLUnXC5cD2ziuy9fmqbxbwa8ne5knBUplNM+WU78qCZA
a9JzNfj6DUqQ1+o8uKVD9SDd2r8ssmpcDw5Gx+55b9lYnvqqrLNPdJsELsPoYbb2xvjxRf/1GYaP
l3XWTGZ1thI4Qp9d8+bDs+9bTdhTDx4OHGfEDSrKrRz34/T3YeiUl0W5Wo9XSgaDQ5V402A3E/ZB
+US+sFmDFYoDuQo74uaxncz9DmZ3/fWRnYvlfLs4jZr5m5cstywd9EJAQhS6V2WZDwN6M7RTwN3r
O7ePSBpXAuj2VJL2DMznA1a+rqDdsnawoUHreEw+m9OMW+3h6O56nr27oinapahF8vH7vHTU3m8l
H3Ayn+sfj+5QWbF4VWbjdbHN2EiunZLtw1vjfwwq3D4Ur5Gp4RjfJ9t2NXIQbYOFP7q19Vipjjv2
CkKMpNqO7VajOxhbLbuyWLBPEO+8TETyPTd7BlIN7uSM4OSh5bDPFkeKO7o9pgX6irVDJKPjJWt3
ErEcurdcZD2UhL/KyIMs/4C9R/HzF3GTlV0zO53043u/k5+J2e23J8jOkgwtZsiad4hp/chOGfyv
XaTRk8Kom9m/bXGG+pxLkecv0S0vd5qy7fgXVu/fiPbq7NWbkXAhVPCNwmlyj/fYpWD5KJXqgXur
uDsrt1RK/8RQcJ+cfniyZcAh0flccdJ/Pir8CALe37sV/XmgfQ1IWFz+9PqBLv+7uvs/zx5vhVeE
OQkrRrwPBr9gjfOsYSJ3wqcyxDt6VvNrcO8tq66WYsC7HhhnAntSLPKPNR8z/3YB8N+B/e+4E6fJ
zeeKhf7zMVJwtq6AVS3LBpIMBr+wdIbYa7Nl/mQrqVX7eAP8V7cWBT2VsmV8M/QF53mVtR1a32X3
ZO1eP/NX3Tt8md2Nbx3SwGfC9uXsw89H56fvHlycC2RRTEhq6dv1zveGs+Lo8SK9zIcLWvTrS5C6
ZHW1ft3V7XJywurreH331JD0khamFStfbrKW5XjVVA98XgqIwfJ2PcvuRI4S/9Pe35/qpu4Zzf94
9Z+U2TnazKENNkO79an7QEJ4fTG7Kb6yGNsWoIM1oN/N1LPXhFKqMFW6vbHnc/r2mJoLJUlDmq5I
09MFI5k/sHZG61lbkfuR/6sSXxFnl1U5up05GNyV21N3lHfuktFTznezU1klF6VcHeXkJa/WqEde
0rut58dP1kYPppjPt6wOv3958XX2ajahEnNY6fRDu3dvg51aofsHCO3aWekl2rnxvnsj3nrgxvz3
VXxg+JV8dfaxcZ0KMbytJX9+rou+qHNx92QPx0hqgFAhvoJlcvBxau5H/q+GJZBW8jAGXzU07vXu
P830evbhrfHjn9k1W6sm8sPbZ09mPyJOt6LZV1hvJfL2FyZJbQ24HRzb0JIlLstRMo7keqpHfzbV
7ZaD4ffHCHS+pnvG6+NavpCx7cWHw0OhIlmNP/TI2f7DjzZF3//02ZCZ730adCQYte3bzQEGPftw
x4DxHYJoLPvPFyeXtIL5ofjO9bjxIpVaGZXlyWCpQu9EoG8MfNG49Ow/qyERBN5ZC56cz6b0qqZE
AlFDxCm9dyjqVr47vvfDbPPLOC6LNFsY9HrcvJ4XP4At46hbGLZrmPah6x06pvH+6tiwTdukE1Zl
mzw/v3hjbLVIw2qaCb1E9NyKLMemwdslmJ3kWdM+L9OURlhRlF3B6ckG2kVgwvgyE2pzh+Y5EiNR
ooWaiX6YApZ5rqZld/qa5nkoRxYQfVUmQh1PS3rrZTOmp4MOEnq2sf9d3VR6Fnr1KuMdsOy5ZFXt
PtCW9aShzq5YNM9pOAdz+YT85nlexvF6O9YgLQxOoRdTnp+cvjx6/+aKRpVvTP7RwRv1lHqohiv0
/ND3acWa5rask+f/T/6Dkrq2nDTsRugLbzJxO0kytQPD85CG7uLybkKOqk+BGRYdW4jnoljQ79F7
JtP1it6C/sGg2DK4NHindwIhuxtQnjHyHviBcUUvzBi9Ngza9IM2+4DXNvjCWtpSoihb2jokK3je
0eIuyN/zN6J1Wa5wZWq092k2LBX7RklL+g2RNOJasGtjXXa1pmVkqQGjZmkmZ4A9aQsQdDcg/Fbc
bsgdJCJlsGhj3JbFH1uDbrCw2iBtriAs7SGwVluWZI2S+3YpCqOrFjVLQGA6L8iPFbHDeWEYP/yy
lPcaaIcU2unCoE1P6BVXYr6tWdHQi5uJOixZzUtMI2jLlFy0Ul+JuMm4MJDdk1xqcEWUlbv2Vjs0
5G4VdKBZdm1SIgD0Fi6HxhyFk6TN87JBKbInOTvK8/LWoNACM4Z+Tsi4yZjxX+RydI70vf4RokOD
QEpeeir9UF8j38OgEDFgMSiFqMW0zYtUJZ2v3XZzeMDsD79kUEhZQK8sSYxaNEr9pFYo/NpYCdZ0
tdpGBkqPBTEN5Yh/dCwntS2yG5x7w/JOGD/qSQE1z4i6mpFeuyZUmUDti4WoD3FYzv22W8XQCrzq
qFkX/Io11zB8fQ0/msoT3kNb0rV7Sem0ZQ0g7mA9nN7sG/LBLUMHP+Jh36B3OyEI5QSpG0Auja26
Ah5Epyjil9K8kAleVpd3GTxMQA0QSXpusWGOdKsZOkvJV+kc8sl9I2v/CPW1tbwsEYR30mV2LjZ+
hAy0dYwt1SLFmGhJDyWpXV9l0jnqrijInAkBVFlJI8htSpqpgXZdfzdW2WKJYK5Zs9wfBp92HNJI
XXdVq0aVwkgxK/Cm5ZLGRVDKPUgSFRDspswSsP0wB+Qj5HMlFA3vmg4cDSdP1EkbTwP8A9brtQrK
n+VLpgZlWEONIw5WWUuxvRILFq9baNy4VKo2pXKzhmjLy6/IareZ1Lz0KATt7UQR6p2skRKmGVgE
Igl6GIjIpLUQ/ZTKyWGtjsLUWJQwFD1GJr2CJtLvwkrWDg2TpMDsEoLVZh//6yWgwuRz/FN2/T7+
0YVUagspBXEbljS5xgB8UH4E7vUM0aw9V5Zpu5oxCQK/yKjQ/DV/fAIOZVxIlggxDN4h+RRIPoa4
E7yT4FsqllVEUrLanC3uOKqEZiuRAq6Lq9ND4+rV2aXx5uz87Mo4ms3enJ1eGrPTdwYqvden7/YN
nGRcXeCsU+OXVxdvTo3Zu4vj08vL6S4EjPRhe75Wx0zUWSkTMgGx3OOLL4WEZKmNDdha0D1KgkRi
izxlQsWzgllJChUi5ARAw5tI3t9zNuVkqPkoARZ0mp5MUlZEAL1bIFcZSc5xQTmE8ry8YHr/bPIF
XW/DbJXgVA4ozRK7yq7q2o0McC9RNVtRUckqWZtnD7OkJXe05AtWx7QfEi9zvaOIBKCHtStDjdjR
Vxn6KmD3ihWdLD6GnKAw6+CDz/b7nLDrhL0bqvSapqCl5F1tQ3BqXCjMVw6P6qHs8mTDS4YkclsY
W/4bRbiS7ENQ3zS1rJjtpQSLe0lSuo6isJEtrctVn2zV1fqMydA1hxYmabQl7/mG8YBLjbzjsi8Y
yWR1KZ9k7B056VaVqq5UCWfoAxM60NvrhE7SF0jeJZu9BPiFNI9gZw8oGEkbiQ8z3MDJmqYTBAzt
ElZb9NUmgRbNtuVqvzekqhF0UTlV3NCpv6sn6nP4siuum573Y1bRaLbqVsixcje2vhcgQxqqK1Jc
bPVK8aJVKSPmvo+h2K40R3LCCVXBHZKuu7HYSakO7fo01UaEeoq+OrkPIUVLnziUTFYOE46OT2xk
OwErslZB+UjaA3eqwFBUaEMyQY0GXaMk3EqHy7Q+lTz9zHTyttolBdJrhD3dz5P6nB/Oi0K0ZLBD
nSJQmi3LXJWYMWvRyVIlLllG1QQX0klGYpvqfPRRlVpisSk2VXr7YWil/hDBar1uifi+MbEGBpTG
kxNP2p4ZnQIkam/rWNmiUgmZKMmpl5GFPl2MQc3W1HiFWhC+9FwWd8bx7P0+rgUPMeLrNkvg9rJW
UOi5oT+R9A+NoC+7txV5I7UzOHdqHCUAqiXL0wN6HVy2CYmAD+upMKlBKx/kYINA3Ka9AbFhK3J6
R6hGJSbL9xVo0tR6K76pcVXLfFHKSvr9rJj1dfi2N6Q2gy66RUYlml1VVBP9e6fxOdcB2WSfxMbU
VLH3Fm7kzpmqmkJFrzxnkHXdyFYXPZsaM31NzuqFvIDpJlW7iZwxrdmCpIO5IFZT5bKYoc5zxeiB
McxckwmP84wWU2QrXaPPEk1rnF+9l5w2EEnu9tm1BrXu0srb6VTfMe1haNV2E7rqUHJLAZCIuFsc
9r3MfxgW9TC6klsiiuVxQ3euTb89KEC7KVVO045iETGFW4ra8bJEb0vO2bcwom9SJbglrGVGw256
EKXFkX4JiY5t451emgMSCNb2GANO1V6Qfcks262qVuVKUwm9GUFRcnr+Xl4LPZ6zNXRIzrIqb/oO
luBfY6bErUl/TE3ZbNGiXyQariZcyeUA5QBqo1e1kCLP1dbuGr0swelNF4UL+pqJuubQqFBQ3GQ5
TaMwT8eznoVAmxWLTVFd0GX5bu7Y788arS49uIKjuryjVdmRT6cKnLWLkyrVspxMRhTOsneHYei7
zCa4+J3MLYOLpeCFUL1iLBSxWKTkkXIFUKaDZe8B0uhyYXCUpZT4NNFGfESmwXZZhSxcwqwhkAAe
4tJ8mE1WgxL8o3dEMNtfTJ8bbhzp3dRJTzq5qUUzQAv5mrycSK6FDpZizk7kZHKTukaGJOlT1GRp
1LWArpWhpTP0ykOf7eQ1I9FBb2LYxg/GAj1Ls1XPdnVjo6HpfRXpYL1lmWxqAByo+JVtqrLq8t4Z
9Q+CfXmOhghHAoSshieVDmtCV4rUQ6OvM+XKplrPOdQZj5afZI+lhlXC0PaiF1Y2CwPJVm/k73Jj
qJ2hTbiNh6slSrO0HFgEUTZRNxE2Zy5LsoxkZUovb0yzUnJclMV6RT0CbWpFy2282bJOjY8+bmyP
SxEkZLHFoka3qVaW9DKU6rZp49vrXfkkf4jgi5OLQ+hjokFQ5QIChVuhClGG0LmVMzaS8a0Acmw6
WPtF6tloXrmmMs49pcKg6rh2JmQ9uSkVYfewnpLj5VB1KFEL8pPBMs++IW+L7WMYaqCE1W5KFkBv
KtBGw4RAoIISgjraJxa1aMRGy0b6Ns0g4XQoz5DbJIr1YKEJSsur4/0c9yytZB2aus1WW6zWGYmI
0vl94UCWJcCkCeV6mL6oX/ucbifQR4Yz9Nr8fM7TsK2sq6JisMygaYB8q/XZLygs9aBEDOoIdJGp
EYPWZ1HHJ7LKytINIZTqEEQtxhMC9V22wjjQ0xDZZzaWZ6zRJTyqLkZb4elfVASAR22rw95o6hj8
lpZ7Do2/yeyN/Lkv13/+TkRldb5Nk8ObBFIMqqTqLNEddn+vRrbOD2UsmdBlhm5kMSk7M3qVGLzq
dDtkX80reVBfDbq7Q1lBZa/tjIfGyzdHV4f2n4J9L7qz9p07Z9/+k/WnRPBSYeyP9K4uJ3B9HpoK
itUv13umyh61Hj9sbFWEU26BjvW6kyw95MIRrMbXdNuh421X96DcV/P1ZiVfIg7oIFVxeaek6RU2
6e8CwBdUfffDSwk1cip5/ohIJysFvf/6YGQii63pdomsrGQvKO4AfI1uhPg11cuNLPqhkThDpbpW
PbM8j+SV2+rmKo2omFFSSvooRuoNVu/t78kNz/WG1P/ck6/SDTbSjrne9HgzQndgioTVo7Fy9TEp
W4DhaFRvJ7cd6Op8+DtR+xhufqdZrvZI3IwsVqNtvZfy6fDt7wxRdjMcoM265bM6gbzPvorV7aTh
KVSJgf1kOFbxsdTvNpvcjq6UsN+Mh1CgrIYjl7M3w5+rdfOPXO5Frr8ZcgNRm9bhDdQTpuWZrhng
6x/OEBIB5/iPdv4LvNRPAlt4PDVT2kDQlTsoctqZ2naMP9Cee4O99jYTrpm8G2nrZ2o/0cMy9ISt
J5+I+aR2jt6cjZ93q7FNShKHNs21LJvu189OLkaqSsqPUpTdQQxlY3MCLoqmGZ14mREg/OV8pKMd
DvCTWtKxWBi8rbMd7xhs601PF1i0Mz0YXo6dc5utP8pibLhlOqkoW6it1PV2s6SmpNEPfJECJKAl
cb9tN/lxva7aUg44cmCR3LN5NnITqRtnOLTZmXLRKWfs2flvqtkuZnIpZXvBb7/9f8dfGaM=
===END CRASH DUMP===
