PocketMine-MP Crash Dump Sat Aug 29 07:11:29 AKDT 2020

Error: Namespace declaration statement has to be the very first statement or after any declare call in the script
File: plugins/AcidIslandFix/src/MyPlot/subcommand/HomeSubCommand
Line: 2
Type: E_COMPILE_ERROR

THIS CRASH WAS CAUSED BY A PLUGIN
BAD PLUGIN: AcidIsland v3.2.9

Code:
[1] hướng<?php
[2] namespace MyPlot\subcommand;
[3] 
[4] use pocketmine\command\CommandSender;
[5] use pocketmine\Player;
[6] use pocketmine\utils\TextFormat;
[7] 
[8] class HomeSubCommand extends SubCommand
[9] {
[10]     public function canUse(CommandSender $sender) {
[11]         return ($sender instanceof Player) and $sender->hasPermission("myplot.command.home");
[12]     }

Backtrace:

PocketMine-MP version: 3.15.0 [Protocol 408]
Git commit: a498b0415ab2edf18300470dfe6d182372f25190
uname -a: Windows NT DESKTOP-EV6UBU5 10.0 build 19041 (Windows 10) AMD64
PHP Version: 7.3.21
Zend version: 3.3.21
OS : WINNT, win
Composer libraries: 
- adhocore/json-comment 0.1.0@8448076039389f558f39ad0553aab87db3f81614
- ocramius/package-versions 1.5.1@1d32342b8c1eb27353c8887c366147b4c2da673c
- pocketmine/binaryutils 0.1.11@e8cb65db1b7998eebb739b124f2a989fe87366eb
- pocketmine/callback-validator 1.0.1@4aef6bb25f97d0b830ba0b4f66834b1a9c86fc9a
- pocketmine/classloader 0.1.0@4ccdb30e48f030bfcad04bb0a208d198ec631993
- pocketmine/log 0.2.0@e59bedb5d4bbeb9a26647cb7c367cb2fa72addfa
- pocketmine/log-pthreads 0.1.0@9bbcef398b01487ab47c234a6a7054722abbe067
- pocketmine/math 0.2.4@b1c28b236df8b795d7b06cf8421f9962b12ac410
- pocketmine/nbt 0.2.14@b31dca98443328c4bab76dc1b84c1473c79be20e
- pocketmine/raklib 0.12.8@9fea763ffc922db083e4528d4acd0b13d0ea83a4
- pocketmine/snooze 0.1.2@88420da3d9335dbcb3ee2decfd5e5453d057dcdf
- pocketmine/spl 0.4.1@ff0579a0be41bbe65d3637607715c0f87728a838
- doctrine/instantiator 1.3.1@f350df0268e904597e3bd9c4685c53e0e333feea
- myclabs/deep-copy 1.10.1@969b211f9a51aa1f6c01d1d2aef56d3bd91598e5
- nikic/php-parser v4.8.0@8c58eb4cd4f3883f82611abeac2efbc3dbed787e
- phar-io/manifest 2.0.1@85265efd3af7ba3ca4b2a2c34dbfc5788dd29133
- phar-io/version 3.0.2@c6bb6825def89e0a32220f88337f8ceaf1975fa0
- phpdocumentor/reflection-common 2.2.0@1d01c49d4ed62f25aa84a747ad35d5a16924662b
- phpdocumentor/reflection-docblock 5.2.0@3170448f5769fe19f456173d833734e0ff1b84df
- phpdocumentor/type-resolver 1.3.0@e878a14a65245fbe78f8080eba03b47c3b705651
- phpspec/prophecy 1.11.1@b20034be5efcdab4fb60ca3a29cba2949aead160
- phpstan/phpstan 0.12.37@5e16d83e6eb2dd784fbdaeaece5e2bca72e4f68a
- phpstan/phpstan-phpunit 0.12.16@1dd916d181b0539dea5cd37e91546afb8b107e17
- phpstan/phpstan-strict-rules 0.12.4@9b86e1eb77c796628e239820a01a2d327d607a5e
- phpunit/php-code-coverage 9.1.3@4abbce3b0ad05f2e7143ea5f775d5513cb5261e4
- phpunit/php-file-iterator 3.0.4@25fefc5b19835ca653877fe081644a3f8c1d915e
- phpunit/php-invoker 3.1.0@7a85b66acc48cacffdf87dadd3694e7123674298
- phpunit/php-text-template 2.0.2@6ff9c8ea4d3212b88fcf74e25e516e2c51c99324
- phpunit/php-timer 5.0.1@cc49734779cbb302bf51a44297dab8c4bbf941e7
- phpunit/phpunit 9.3.5@7115b00b23bcd4f62a73855c9615694d2f206e71
- sebastian/code-unit 1.0.5@c1e2df332c905079980b119c4db103117e5e5c90
- sebastian/code-unit-reverse-lookup 2.0.2@ee51f9bb0c6d8a43337055db3120829fa14da819
- sebastian/comparator 4.0.3@dcc580eadfaa4e7f9d2cf9ae1922134ea962e14f
- sebastian/complexity 2.0.0@33fcd6a26656c6546f70871244ecba4b4dced097
- sebastian/diff 4.0.2@1e90b4cf905a7d06c420b1d2e9d11a4dc8a13113
- sebastian/environment 5.1.2@0a757cab9d5b7ef49a619f1143e6c9c1bc0fe9d2
- sebastian/exporter 4.0.2@571d721db4aec847a0e59690b954af33ebf9f023
- sebastian/global-state 5.0.0@22ae663c951bdc39da96603edc3239ed3a299097
- sebastian/lines-of-code 1.0.0@e02bf626f404b5daec382a7b8a6a4456e49017e5
- sebastian/object-enumerator 4.0.2@074fed2d0a6d08e1677dd8ce9d32aecb384917b8
- sebastian/object-reflector 2.0.2@127a46f6b057441b201253526f81d5406d6c7840
- sebastian/recursion-context 4.0.2@062231bf61d2b9448c4fa5a7643b5e1829c11d63
- sebastian/resource-operations 3.0.2@0653718a5a629b065e91f774595267f8dc32e213
- sebastian/type 2.2.1@86991e2b33446cd96e648c18bcdb1e95afb2c05a
- sebastian/version 3.0.1@626586115d0ed31cb71483be55beb759b5af5a3c
- symfony/polyfill-ctype v1.18.1@1c302646f6efc070cd46856e600e5e0684d6b454
- theseer/tokenizer 1.2.0@75a63c33a8577608444246075ea0af0d052e452a
- webmozart/assert 1.9.1@bafc69caeb4d49c39fd0779086c03a3738cbb389
- pocketmine/pocketmine-mp 3.15.0@a498b0415ab2edf18300470dfe6d182372f25190

Loaded plugins:
EconomyAPI 5.7.2 by onebone for API(s) 3.0.0
KitUI 1.3.6 by Infernus101 for API(s) 3.4.0
AlwaysSpawn 2.2.4 by Philip Shilling for API(s) 3.0.0
ITEMID 1.0.0[S255][S255] by Syams255 for API(s) 3.0.0, 3.0.0-ALPHA12, 4.0.0
BlockSniper 3.2.3 by BlockHorizons, Sandertv (@Sandertv), Chris-Prime (@PrimusLV) for API(s) 3.2.0
DevTools 1.14.1 by PocketMine Team for API(s) 3.13.0
ScoreHud 3.0.0 by JackMD for API(s) 3.0.0
PointAPI 1.0.3 by onebone | Fixed and Update by LamPocketVN for API(s) 3.9.0
CustomAlerts 2.1 by EvolSoft for API(s) 3.0.0
MagicWE2 7.0.0 by XenialDan for API(s) 3.9.3, 3.9.4
BetterVoting 1.6 by Twisted for API(s) 3.0.0
Broadcaster 1.5 by EvolSoft for API(s) 3.0.0
AutoXP 1.1.0 by JackMD for API(s) 3.0.0
BuyecUI 0.4 by UnknownOre for API(s) 3.0.0
Slapper 1.6.1 by jojoe77777 for API(s) 3.13.0
PiggyCustomEnchants 2.3.0 by DaPigGuy for API(s) 3.14.0
AntiSpamPro 1.4.1 by awzaw for API(s) 3.0.0
WorldProtect 2.3.8 by aliuly for API(s) 3.0.0
PurePerms 1.4.2-c2a by 64FF00 & ProjectInfinity for API(s) 3.0.0
SlapperRotation 1.2.1 by jojoe77777 for API(s) 3.0.0
AutoClearLagg 3.0.0 by Twisted for API(s) 3.0.0
AutoInv 0.0.10 by JackNoordhuis for API(s) 3.0.0
KeepInventory 1.0 by KhoaGamingPro for API(s) 3.0.0
AntiVoid 1.1.0 by FiberglassCivic for API(s) 3.0.0
WarpUI 1.2 by Lover_BOY636 for API(s) 3.0.0, 3.1.0, 4.0.0
MultiWorld 1.5.2 by CzechPMDevs, VixikCZ, fuyutsuki, kaliiks for API(s) 3.0.0
FormAPI 1.3.0 by jojoe77777 for API(s) 3.2.0
SETVIP 2.3 by MCPEVN TEAM for API(s) 3.0.0
FactionsPro 1.3.20 by Tethered_ for API(s) 3.0.0
BangHoiUI 1 by JVN | JackVnKiller for API(s) 3.0.0
CuaHangUI 0.0.3 by phuongaz | Moded by LamPocketVN for API(s) 3.9.0
PureChat 1.4.11 by 64FF00 for API(s) 3.0.0
Texter 3.4.10 by yuko_fuyutsuki, mfmfnek0, onebone, ogiwara, Shootsta_ERU0531, Toganon, ShadowArt, Marron0421, No4NaMe, SuperYYT, SuperAdam47, minijaham, VicoSilalahi for API(s) 3.10.0
feed 1 by JOrlex for API(s) 3.0.0
BuyFix 1 by FPVGAMER for API(s) 3.0.0, 3.7.1, 3.8.1, 3.9.3, 4.0.0
NapThe 0.2-ngl_rc by NgLamVN for API(s) 3.2.0
ShopUI 1.0.0 by Array for API(s) 3.0.0
DoiMoney 0.0.4 by KhangKOPvn for API(s) 3.0.0
QuyenVip 1.0.0 by Hituilahuy for API(s) 3.0.0
MysteryCrate 9.2.0 by JackMD, DaPigGuy for API(s) 3.9.0
PointUI 1 by KhangSBK for API(s) 3.0.0, 4.0.0
DoiPoint 2.0.0 by JKPVN (JakayPluginVN) for API(s) 3.0.0
PHP-Sell 1.2.7 by Muqsit for API(s) 3.0.0-ALPHA9, 3.0.0-ALPHA10, 3.0.0-ALPHA11, 3.0.0-ALPHA12, 3.0.0
Fly 1.0.0 by SharpyKurth-Darkbyx for API(s) 3.0.0, 4.0.0
SmeltWands 0.1-ngl_alpha by  for API(s) 3.14.0
TableSpoon 0.0.5-ALPHA by CortexPE, Xenophilicy, HyperFlareMC for API(s) 3.13.0
VatPham 0.0.4 by KhangKOPvn for API(s) 3.0.0
cayphattai 1.1.0 by Lettihl for API(s) 3.0.0
ShopVip 0.0.4 by KhangKOPvn for API(s) 3.0.0
AutoSellFlash 3.0.0 by LetTIHL for API(s) 3.8.2
healer 1.0.0 by SuperBaronDEV for API(s) 3.0.0
MSpawns 2.2 by EvolSoft for API(s) 3.0.0
AcidIsland 3.2.9 by GODSMineVn for API(s) 3.0.0
HuongdanUI 1.0.0 by Misael38 for API(s) 3.0.0

----------------------REPORT THE DATA BELOW THIS LINE-----------------------

===BEGIN CRASH DUMP===
eNrdfAtz2ziW7l9huafudLYsme+H52av3bbTySSOtbGTntnWVAokQIltiuTwYVuZ7f9+vwOAEim7
Eyfx3rq1qW5LAsGD88J3zgFB/GsvLesVaz/eiLrJymLv0Nnfa7OV2Du0vCgMLCcMo/09UddlvXf4
r712XeHS3tnHk4vz2as3Zx/P3r27eLe3v7cSTcMWdO0tw/eKJcLgIslZzVrQNZqWtWIlitZYssZo
SyMWRrsUBsZdG2lWN+2gS1kbLG0F/hZrTUUYCctzIyvkXU1SZ1WLYdMspzGrvFtkRXNwnGT8VZOz
gr/I7g6aOjk4X8/ysj1oujgpVytcOHhZrsRlF5+on6CRZwVo2L/vazIfs+KmzG8kK6DNs1okNJa6
ipbtKGhNSi5IMxYuLOedacXmvLMEj4vF//4/1bJCFxuXio1WFEfz+Zalv6CPgz74cPHRNcKoyuRa
tCtwNp/rXvO5ZvlSFFzUdJP3QO9Zztbqqv/A1a7N8mY+vxJ37QtpeOoYqLFDfEDVTWOMVWSgM4Zs
jJHWIvT+Fz4tE18M/Ku6OM8SI+2KRFo8YcX7Rvw4Ytr4UyM/nxnyVkvfSv9q0XZ1Yfyoe8DS8Ici
EWVqKJGeGcSLvjz5d7jRTNSrrCG3/XG+t1pXUOtUK2u6hAjzvWcknmXrYX7fg43bGkbYO/z1H/t7
C1GImuVkPTIPes2kqs6hqsn5DLfGrBHbqbHnTC1valJ7l+UcUyS0MF2y5iMXN3uHKcsbATepy7ZM
SpB1zRCDZOREzI3C2HQtj8W24KkVOqbpBiZPhc+t0HYCO7U9KyLanebll6zg5W1jvL0yTs8uX19d
zCZnH/z3P733DMucmobkwcA9rmX82He2zGfG8fmp75K/wvkO94KpM7Ut/PwExUkZ9G9c/lg2NNCr
t2+v0CB/3MLDyalXVdmI+mOexTWrM9GQkhhfQrBaHPzWlMWENK1miDm1puZR6LqhGfimEzlhlHpe
mDoR46bnOYzFYcBjJw0t3yLOyqRmq6xrDjAhroEaE61iYsCaelPryOKO7bh2HCaWiO3A8ZwkDMMg
cXxQCGI3sTnzAychOTbufRBnBavX0sc1W5Z1JMIk9j0eW3EQRaEQcRw4UWzZbmqzCJyKMABVEY9J
EdrE4G5yw/KMs5bgD7yB5pHLROrHse2lUcDNGKaMmRm7qe+HjhtbLEpCP00itkOQZlZeMjjvRmVu
kkAtpnDD1ASVNIG+3Dg2mW2G3AKzie9YUeSMKeXlQlKwQUF4UQys8ThuE3HEbN93gyQmReHDTllg
M85Tdo/CpGqXtWC82TATxXEiYDP4qeWGAYtBCDZgPgtMzw1sm2EI0w/GpAAhS82NexRbiR3GtuPz
NIS2PR7Epp+koWtbaRT5NrTOEtcyxySKuNUULJBwLJ7ALq7rOHaYuDGLA58nVhy6CSzvJAEEtk0x
JlGza3iqEsWehkewKgt8J4UZbJvHZugI17ND7rIEFrMcbgoWOswdU2mKsvwktELsoxB8m5w5PHIc
+E8SO0LYiEYp94TneiDiBTzh6Q6RKpcUXHhKmqJLBOcQrgXlwQsd38EUCQLLS8w0DAI7BB8hKPAy
aWu6X+Fem21cziFCjgesMG0/FJjvXhQIJ+ZR4vqhl3iOMIXjOKkQZObVGp4WNwdciApztFpLIhY5
buRHsW3BFMyzGLNSPzEtbnEb/uz5nChSzBceqBTZdZYcACImFasb6bI37jSkaZ54ocAE5G6K3ABz
2vYti8WCJbZI48Th8McgDKSBlqyeZCV8pMhS0ZCVbTmDQs/2PZFyh6VBzJyEubHN7MRxOeaAF4Qh
53ZkOc6AxhCE4SpHCWagH9oeF2kYCZM5tm1Do6HjBGmYCJZaUeClzFRAB+12BFZlfVCLNBcyQkkE
kyRtOZcsblqJG3FXcJ/gmLHQZYEbMA7ze8zyI9v14cSfI4nWOIczgKgniTpWYAIYUy/w4ZRWlLqe
bwUOJ0YdV5hpSq6tnGhElDKtSS0aykR6R8B8D4OQWZiUnu16aSyCMA3N0BRAIIcmrBNjsvqexvem
EjBiXVZLkWg/wH9HsW2aQCoBEyQc8zyNfTNhDrOjJMYfN2IABsvXuiN3PNCf/QxzgiNPWD6kEEBO
m8PioMJxn0hA1o4TAI8AJIbsPpEJPrsia3tilg/Vw/coEiJ78pyIC+Yl3AkEHNL1WRqHsWUGwgoe
INZg2iTtpO5y0fQUXYBZ6AuEjiAAYMBoobCBbLbJTIvZiC0BxyxknvJSyY10dkrm8AcaV7lsBCBw
APgEjQ5wGVM+tUVguQ44TIMAfuFZThLDny3h7hCj3HSSIY3VU5kc1z1C2IDavRjw7ngJDOkABlJh
Ija6LsN8Siyah7ucUU56LRQZQuuAhV7s+yxJ3DBhSZoCcgMOrHf8yAWHAOHAtaNwh0yLXA5/VlWO
XFvPR/vIT1MELcFcaMZC0A3TJA1cYQPnLF/YiWcliEL2roBUJ9TS02lSg5MILh0E8CIENTtOgTIu
eABbMSF5nEauJYIxEe0IEbzbOwosy4tNExEkJnzxbRY4oeclkW95EItjVpo+hAOJBi7fACWLA2kz
TYYCtHeEnMHmKeJHEpmeSVEfmG8BLpEEmI5lBXBREDUfJoNJR2AjJnlZXnfVRkkCykgRJM0Efs8Q
nhxMNcQFx0K0tqMU05Kz0Ip2qK4q1juACzrOEU+AoIg/iMoMlkojbieAZGCDbVuABIZAKSw3vUcn
F3dZu9b8AFkczF6fIr7nJz7mSRqYKNhs1xWYxm7s8kRwMwpGdHiWppoT+8hCMAGSp9ASQybjJ4h3
MeKBiDggHfcDaqAuZ0RBFDdZXRY69fNkpDRZ4AUJiyPuxYFIASA+kM6iaeInEYI3gh2I2mNCd1VZ
t6LesOMFFg9si8dIsJIQuGsiu/HBYuS5DOYUcCDEwDE7i7yMWT6RtaN2RfMIuYrwfSeJPCvmCfAE
OkViKvAdMCA4QV20qxoqA5tJmU5URSd9CYBLjuzbfuoiM/OAcIkTwi3jEHmRCywXbmSSQ41IlfFv
iAcTUQDMh8aHpgI3FdzmJvO5GQJCg4BzxKsIMw+0Yyd0IwvUHyKnw4ykplzSsgMGu/sAzcBFimGb
lu05ACNk2txzTZ/7CZB57OioZjsZSyFoQXiwZc63bceCuPCBOELUStyUwTV814kB93DyxLK47+yQ
a8quTsSkrISq9ZtNkDaBboEVgoZvR0gFPQA6UBMJDHhEnCZ7CHvHwfQSA8VkZAp+FGE2x47jun7C
I1/4YMsKgQ8x3NdDbLATuO+IwjhXsI5gPi9EluIh7eOOhfQYCa6D+OchZw6QQYOMx2Qx0axXaVms
D6oyXwO/80mi2blB4AypMEkAbT4pHShuBiZwCkkY2DLhrUiPEcv92PUIKtulaIRAJAdwF9knHcUp
KQigECdxHGB4gHQQya6L1MIMPMFMlpqIMjblqyTVrYhX5SdWtwcoH0StQC6iIM7SxI8ShlyMuxGc
POXIKyMzRFbnMCQXIcFwGI2z0+3XyaraVLRHjy5Pf9+sksiK8AwuVK7Wx7NXgyJ60Li/t7WFNw2m
hACsa5dljdt/3SsLEeP/PdTirMqohQxm0m9RsDgXKFjbukNRzUVFSxCqbm/KtD0dNqyYXJfR5OZz
oTgAzfl8xA3VX1TmX1xe/XLx7s2pUnCTSeyg1YHXWft+KIv6PRSD8jB/LMarIhV10TWWaY1Ecb9d
lAHJ+VwyMZ+fM1mbf1GG4/yWrZvLit0WA0mGrUN5aJ65Y3lmyyzPKuMSHwDFxVOZp5JkG011PmeS
o4Y4ms/fqMp4I97l1fG7q/eze8K9ujo7f3U6kEs3jE0ELn+9tD3vH+rvWLzLNVs1aL4n1776nBy/
mb08tshX3e+Rtx9nPn+FjEvy+EXb/UTFw2WRVaIeyDhsHQrqwHbOWDjZ9WVZZ58IiPf3Lhktl7U3
xo9H/ddnaD5Z1lkzmdXI4HCFPrvmzYdnI5XYXyv6nlra3NuqYMTNfD6Q477F/1gpp+LmqizzZqCR
TdPY7haq7h1f3qzoGVeCrUYCWs63G7dnYD4fsPIZ3122bdUcHhwssnbZxbRMebBl7WBDA9Je0hLb
y44PpN00jY2vfHYg7F9Zcn1++lTzVVGbz/vRH49AszIr2nFQ2DTtTlTnwZBg/JfxIrsTXK75vq84
sjsjXhtv2Epp7cPbkZTREwSNijiUIWPA6xfQ6KRr2nJ1nGNaDb1z1DwG2x33PLsp80tw9lQ2G448
n+/w8Qj3vL29nQrwRPSn7TXJeM4WWfLLmT2Qb9M0lC24749/Q97D8lNW7BjLkVAbIe58o5h3kjBn
Bfmk4uXxIeQn0aLs+FC2FNsGIDtsHnvpTry/us2aFhw/kc00OcDjgIPxr0eFjho9EqTA49AxaB0L
5f33euJgYMgy4uLb/PC4a8u/zYYZjWrYiQD/bzBRjf04RHwA+hWZAy0BGa9bi2SUefYtQ/HM3Uzt
fXFdlLfFRf1kOfSWIlLnIlmy4qtyz8ucVePcpW/ZmVG7QPhb+VspAvr3ZCG6USN/s5G2LB30QlBs
yxaLtQJWrZ8h8j90dRwAnF0HPWW46eduPZb7O2qHniAC2X1uHmz8BuX0gxw8QO5ATteizVBtrGZ1
OZyzg9axR9zL3NjtJ3b7VG4tiaHkwPAoOFZVXWIOj3j5omv/UtY5R9+WdgNsJRo175o63BEpz7p8
/WQySWrz+S1xUCkOdp39kanoeZfVaSZyPlwg6DdVtLWg53wE3gcjaWk2dLWgx/CjObBp27WwPUnk
osZAJb774oVpGv/LAFFa5ULhmxW0zPlESvqoBoDb91wNvn6D38t7tWK2dLbI965s5SLYfQTcXBlr
xX4kEn5PITpm4CtWEhCfTnLB6jdssdiJvNv2LxQlT5wttX22hCHKhJjIwYSKyEOevtawms3jZp13
q/OTgzE9rYxXxc2OGqhlHKLNqfVACvK2LGu+7LLmqfTwG4gWPVGljay4UXpQTH15sUuICl3l88b1
cNFr1L5TsI1Fe70s2c8McLEgFH0i0UZE5/MRO1/hvID3D2XGd6KPbPpCzvgii0W9oA0bJ9lNljxd
SixYu7xi15AsX/8kN6uoMERMbb99g/c+RPpgQ4+iF6urUX6pG3bAaKyHN/Qk9ONPF3/3Hf/B1TKl
ue9aJVN8PN6s513eZjIMDQvSbeNOkbMr0sknkSxn56fihtD/Q3aXXZ/8J20k7NZd23TXGb5fI7Jm
1082UxMaslpxDDmfr4hTGbEh8pDrr7X4QJCDASFoiDb2jRdf+pbddWzzUZHH/g6Q2lCczzUTmy+P
KifOrj68GtZ8umEnzxqLcX4yO/vw1rg6Oz5/KhMqkvP5pWg/ZNVjOH/B5IaQZpz+Dlt3jWHvxk3R
LkUt+MfvE2KUcm8lGnACi6gfj52CP7Fi8bLMxuXqpm0k104ghFn+y6Bw+KF4neU5Kqrvk23rSoPH
PINqnWz2WKlOOvYSQoyk2rbtxvgdn6uWXVks2CeId15ywb9nsXIg1WAlcvQc66Ea7rNPXhR3tCKo
BfqKxVxkuSdL1u5k+LLpXglnPZTdf5WRB+XDA/YezZ+/iZus7JrZ2aRv3/uDxJ+Y3X57grRfkoFy
aCP1aLlDN4xzYvdeSrjursuPw5izSldpIa6pW/9UFN8W2S2rqWK6XJZl27Ts49m796bnkJqvygUr
ZDlxuWS8vD2uSbBzVtdlYbpyi+/b0n3LzonSZYcC4O9/v+q/HnO2cmn/A7Ks7De2ZCsZDZPyMstZ
zpbZeDXi22fmIHEvr9fAmmq1qtQGdFqaOSlr8Q3m2GjuQOsbpkiFGKYE8ufnsOiizsXdk60LSmpA
UiG+4jnJT936RXY3XvSjhs+w/WL24efj87N3D6ZjgawlnWmoP9VK+3elZ4qjx4v0llVXSzEQSTeM
8dOeIE39WCdj2d4uAJk7YPkdyYcmN58rFvrPR+Udy3KcLeuGe0+ZRwL8unfJ8nY9y+5Ejrzs094/
nmpR9hWN/3gjnJbZORBkWNNtmnYDmbtb0CE8vL6Y3RRfidrbSDWY+n8k0JvZazKMimBKtzc20it8
ewwaAAwa0nRFmp4uGMn8H91aFJScbWXeNH3ebHsvs7YD7C27J1t16kf+irJmTetr65Na7mPbFjbD
5qEYkZwZDz3p2H94RTn6/oceQ2a+99HHSLD+kfH7e0+MP59PSme9/On1A2D4XaD319lXzTXJ6Xiu
qaZxmXL/cf3rGRLiH//KrtlaJRcf3j57sohExKnGZF+R6r2cTS5FPnojqm/aXbUMdoqu7p8gtMu8
2koT7eys2d1pYz2w8+b7FjzB8Ev5ytxjJX+RD8GSfn0BM5Bz1dX6dVe3y8kpq6/j9d1Te+ELWtxX
rHw5YK1E3v7CJIlt0No2jlHfkuGX5dVyvBr/VE+gNpF3y8Hw+2MEuqJRL6tytJI+aNwNY57ynZ3F
HtpgfDc7k7VCUcoNaAnp8+UaOfALeq30/OTJnjcOhkCCu2F1+P3LmxM+sHZG2fhW6L7lf2rgTtga
fti2LBsIPWj8wlrtG9G22TJ/ssW6qv2Kp90Qe5xy9C3/U41FTxcIXTF3muXOo5Bt+xeeCMFkV69e
vhmJHk7tbzWZJvd4sy0Fy0dFu274EuRT4fwTQ3l9evbhyZ7NDYnO54qT/vNRiaPc0juE/b5lZ5fv
f+92Hz0ojLAZ/Ru3+Wxfrh+41/CN+/H+12gs188Xp5e0pfJD8Z1Li+P1NrVVUxZQA5n1m/x62+sj
jPWS1uE4K0aJ7qDxCx54njVM5E74WdH0a+iPsto7emvu8YuBtPmf1eAaqfvO7trJ+WxK72pKPBI1
xJjSi4eibuXL43s/zDa/jJOySLOFQe/Hzet58QP0ahx3C8N2DdM+dL1DxzTeX50Ytmmb1GFVtvz5
+cUbY+sG1KyGmdBbRM+tyHJsarxdgtlJnjXt8zJNqYUVRdkVCe1noGMEJixZZkKd7tA8R3gmSuSy
E72FAtp/roZld/qe5nkoWxYQfVVyoa6nJb32smnTw0EHnDbM9r+rm0qPQu9eZUkHRH0uWVXHD7Rl
PWkohhWL5jk152Aun5BvPM/LOF5v2xoh+KALvZny/PTsxfH7N1fUqjxg8s8OdZUeUjfV8OWeH/o+
rVjT3JY1f/5v8h+UBPyeNOxG6BtvMnE74Zk6guF5SE13cXk3IWfUXWCGRccW4rkoFvR79KLJdL2i
16B/MMixjEQavNNHgZDdDSjPGHkP/MC4ojdmjF4bBp36Qad9YNo1+MJaOlOiKFs6OyQrkryjhXaQ
v+dvROuyXOHO1Gjv02xYKvaNkh6vNETSiGvBro112dWalpGlBoyapZkcAfakM0CQj4PwW3G7IXfA
Rcpg0ca4LYs/twbts2C1QdpcQVg6RGCtzizJGiX37VIURlctasZBYDovyI8VscN5YRg//LKUz33o
iBQ66sKgU0/oHVdivq1Z0dCbm1xdlqzmJYYRdGZKLlqpLy5uskQYyDF4LjW4IsrKXXurHRoSJ+hC
s+xaXmIC6DNcDo05KihJO8nLRvD5nuTsOM/LW4OmFpgx9O4g4yZjxn+Qy1Ef6Xv9xqFDg1BW3nom
/VDfI/d00xQxYDEohajFdM6LVCX11267uTxg9odfMiikLKBXxrlRi0apn9QKhV8bK8GarlbnyEDp
sSCmoRzxz47lpLZFdoO+NyzvhPGjHhRQ84yoqxHpvWtClQnUvliI+hCX5dhvu1UMrcCrjpt1kVyx
5hqGr6/hR1PZ4T20JV27l5S6LRHcyw7WQ/dm35APfw09+TEf9g16uROCEO5L3QByqW3VFfAg6qKI
X0rzQiZ4WV3eZfAwATVAJOm5xYY50q1m6FVKvkp9yCf3jaz9M9TX1vI2LgjvpMvs3Gz8CBno7Bhb
qkWKMdGSHkpSu77KpHPUXVGQOTkBVFlJI8hzSpqpcSpu9HdjlS2WmMw1csX94eTTjkMaqeuualWr
UhgpZgXetFzSuJiU8hASriYEuykzDrYf5oB8hHyuhKLhXdOBo6HzRHXaeBrgH7Ber9Wk/Fm+ZWpQ
GDVUO+bBKmtpbq/EgsXrFho3LpWqTalcxGrQlrdfkdVuM6l56VGYtLcTRah3skZKmGZgEYgkaLsL
kUlrIfohlZPDWh1NU2NRwlC0Q0N6BQ2kX4aVrB0aJkmB0SUEq9M+/r+XgPKSz/FP0fX7+EctVKkz
pBTEbVjS5BoD8EHxEbjXM0Sj9lxZpu1qxiQI/CJnheav+fMTcCjnhWSJEMNIOgSfAsHHEHci6ST4
loplNSMpWG16i7sEWUKzlUgB18XV2aFx9fLVpfHm1fmrK+N4Nnvz6uzSmJ29M5DpvT57t2+gk3F1
gV5nxi8vL96cGbN3Fydnl5fTXQgY6cP2fK2OmaizUgZkAmJ5yFeyFBKSpTY2YGtB90gJuMQW2WVC
y8AKZiUpZIiQEwANbyJ5/8jZlJMh56MAWFA3PZikrIgAerdAriKSHOOCYgjFeXnD9H5v8gWdVcNs
lUgoHVCaJXaVXdW9GxngXqJqtqIik1WyNs8eZklL7mjJF6yO6UCkpMz1kSISgB7WrpxqxI6+y9B3
AbtXrOhk8jHkBIlZBx98tt/HhF0n7N1Qhdc0BS0l72o7BafGhcJ85fDIHsou5xteMgSR28LY8t8o
wpVkH4L6pqllxWgvJFjcC5LSdRSFjWxpXa76YKvu1j0mQ9ccWpik0Za85xvGAy418o7LPmEkk9Wl
fGW1d2TerSqVXakUztAXJnSht9cpddI3SN4lm70E+IUwj8nOHlAwgjYCH0a4gZM1TScIGNolrLbo
s00CLRpty9V+b0iVI+ikcqq4oa5/qCeqc5JlV1w3Pe8nrKLWbNWtEGPlcWx9LUCGNFRVpLjY6pXm
i1alnDH3fQzJdqU5kgNOKAvuEHTdjcVOS3Vp16cpNyLUU/RV534KKVq641AymTlMElR8YiPbKViR
uQrSR9IeuFMJhqJCJ5IJKjToHiXhVjrcpvWp5OlHps7bbJcUSBuHe7qfJ/U5P5wXhWjJYIc6RCA1
W5a5SjFj1qKSpUxcsoysCS6kg4zENlX56KsqtMRik2yq8PbD0Er9JYLVet0S8X1jYg0MKI0nB560
PTM6BEjU3uaxskSlFJIryamWkYk+3YxGzdbUeIlcEL70XCZ3xsns/T7uBQ8x5tdtxuH2MldQ6Lmh
P5H0D42gT7u3GXkjtTPoOzWOOYBqyfL0gF4tlWUCF/BhPRQGNWjlgxxsMBG3YW9AbFiKnN0RqlGK
yfJ9BZo0tD6Lb2pc1TJelDKTfj8rZn0evq0Nqcygm24RUYlmVxXVRP/eKXzO9YRssk9iY2rK2HsL
N/LoTJVNIaNXnjOIum5kq5ueTY2Zvidn9ULewHSRqt1EjpjWbEHSwVwQq6lymcxQ5blitHkPI9dk
wpM8o8UUWUrXqLNE0xrnV+8lpw1Eksd9dq1Bpbu08nY4VXdMexhatd2E7jqU3NIE4CLuFod9LfPv
hkU1jM7klpjF8rqhK9emPx8UoN2UKqZpR7GImMItRe1kWaK2JefsSxjRF6kS3DhrmdGwmx5EaXGk
X0Kia9v5Ti8VAQkEa3uMAadqFa5PmWW5VdUqXWkqoV9sLsqEDlqQ90KP52wNHZKzrMqbvoIl+NeY
KXFr0l9TQzZbtOgXiYarCVdyOUA5gDrpVS2kyL7a2l2jlyUS2kSucEHfM1H3HBoVEoqbLKdhFObp
+axHIdBmxWKTVBd0W74bO/b7XqPVpQdXcFSVd7wqO/LpVIGzdnFSpVqWk8GIprOs3WEY+i6jCW5+
J2PL4GYpeCFUrRgLRSwWKXmkXAGU4WDZe4A0ulwYHEUpJT4NtBEfM9Ngu6xClkTCrCEQAB7i0nyY
TVaDEvyjd0Qw299MnxtuHOndVElPOvmCfDNAC/lijBxIroUOlmJencrB5Cl1jZySpE9Rk6WR1wK6
VoaWztArD320k/eMRAe9iWEbPxgL1CzNVj3b1Y2Nhqb3VaQn6y3LZFED4EDGr2xTlVWX986ofxDs
yz4aIhwJEDIbnlR6WhO60kw9NPo8U65sqvWcQx3xaPlJ1liqWQUMbS969XqzMMC3eiN/lydD7TRt
ptu4uVoiNUvLgUUwyybqscem57Iky0hWprQtcpqVkuOiLNYrqhHoVCtabkuaLetU+Ojrxva6FEFC
FlssalSbamVJL0OpaptOvr3elU/yhxl8cXpxCH1MNAiqWECgcCtUIsowdW7liI1kfCuAbJsO1n4R
ejaaV66pjHNPqTCouq6dCVFPnkpF2D3Mp2R7OVQdUtSC/GSwzLNvyA0N+2iGGihgtZuUBdCbCpTR
MCEQqKCAoK72gUUtGrHRspF+FDMIOB3SM8Q2iWI9WGiC0vLqej/GPUsrWYembrPVFqt1RCKi1L9P
HMiyBJg0oFwP0zf1a5/T7QD6ynCEXpufj3katpV11awYLDNoGiDfan32CwpL3SgRgyoCnWRqxKD1
WeTxXGZZWbohhFQdgqjFeEKgvspWGAd6GiL7yMbyjDU6hUfWxegsPP2LkgDwqG112BtNXYPf0nLP
ofGrjN6In/ty/ecfRFRm59swOXxIIMWgTKrOuK6w+2c1snR+KGLJgC4jdCOTSVmZ0Xs54FWH2yH7
alzJg/pq0NMdigoqem1HPDRevDm+OrT/Eux70Z2179w5+/ZfrL9wkZQKY3+kN3QTAtfnoamgWP1y
vWcq7VHr8cPCVs1wii3QsV53kqmHXDiC1ZI1PXbokrare1Dus/l6s5IvEQd0EKoS+aSk6RU26Z8C
wBdUfvfDCwk1cijZf0Skk5mCPoB90DKRydZ0u0RWVrIWFHcAvkYXQsk15cuNTPqhkThDprpWNbPs
R/LKc3VzFUbUnFFSSvpIRuoNVu/t78kTz/WJ1P/ak5vUBydpx4k+9XjTQk9gCs7qUVu5+sjLFmA4
atXnyW0bujof/ubqIMPN7zTL1SGJm5bFanSu91LuxNj+zjDLboYNdFq3fJ4cyOfJq1g9Thp2oUwM
7PNhW5WMpX63OeV2dKeE/WbchARlNWy5nL0Z/lytm3/m8jBy/c2QJ4jatA5vIJ8wLc90zQBf//QK
UyJIEvxHR/8FXurzwBZekpopnSDoyiMUEzqa2naMP9Ghe4PD9jYDrpl8Gmnr3UOfaMsO7SXy5L6c
T+ro6E1v/LxbjW1Skjh0aq5l2bThYHZ6MVIVLz9KUXYb0ZSNzQm4KJpm1PEyI0D42/lIRzsc4CeV
pGOx0HhbZzveMTjXm7ZHWHQ0PRhejp1zG60/ymRseGY6qShbqLPU9XmzpCbe6J2fpAAJaDzuz+0m
P67XVVvKBkc2LPg9m2cjN5G6cYZNm6MpF51yxp6d/6Sc7WIml1K2N/z++/8Fjp0Z9Q==
===END CRASH DUMP===
