PocketMine-MP Crash Dump Sun Aug 30 04:29:10 AKDT 2020

Error: Class 'pocketmine\network\mcpe\protocol\MoveEntityAbsolutePacket' not found
File: plugins/SlapperRotation_dev-1 (1).phar/src/SlapperRotation/Main
Line: 62
Type: Error

THIS CRASH WAS CAUSED BY A PLUGIN
BAD PLUGIN: SlapperRotation v1.2.1

Code:
[53] 			if($e->getSaveId() === "SlapperHuman") {
[54] 				$pk = new MovePlayerPacket();
[55] 				$pk->entityRuntimeId = $e->getId();
[56] 				$pk->position = $e->asVector3()->add(0, $e->getEyeHeight(), 0);
[57] 				$pk->yaw = $yaw;
[58] 				$pk->pitch = $pitch;
[59] 				$pk->headYaw = $yaw;
[60] 				$pk->onGround = $e->onGround;
[61] 			} else {
[62] 				$pk = new MoveEntityAbsolutePacket();
[63] 				$pk->entityRuntimeId = $e->getId();
[64] 				$pk->position = $e->asVector3();
[65] 				$pk->xRot = $pitch;
[66] 				$pk->yRot = $yaw;
[67] 				$pk->zRot = $yaw;
[68] 			}
[69] 			$player->dataPacket($pk);
[70] 		}
[71] 	}
[72] 

Backtrace:
#0 src/pocketmine/plugin/MethodEventExecutor(42): SlapperRotation\Main->onPlayerMove(object pocketmine\event\player\PlayerMoveEvent)
#1 src/pocketmine/plugin/RegisteredListener(80): pocketmine\plugin\MethodEventExecutor->execute(object SlapperRotation\Main, object pocketmine\event\player\PlayerMoveEvent)
#2 src/pocketmine/event/Event(88): pocketmine\plugin\RegisteredListener->callEvent(object pocketmine\event\player\PlayerMoveEvent)
#3 src/pocketmine/Player(1657): pocketmine\event\Event->call()
#4 src/pocketmine/Player(1771): pocketmine\Player->processMostRecentMovements()
#5 src/pocketmine/level/Level(852): pocketmine\Player->onUpdate(integer 7467)
#6 src/pocketmine/level/Level(785): pocketmine\level\Level->actuallyDoTick(integer 7467)
#7 src/pocketmine/Server(2267): pocketmine\level\Level->doTick(integer 7467)
#8 src/pocketmine/Server(2398): pocketmine\Server->checkTickUpdates(integer 7467, double 1598790550.307)
#9 src/pocketmine/Server(2154): pocketmine\Server->tick()
#10 src/pocketmine/Server(1994): pocketmine\Server->tickProcessor()
#11 src/pocketmine/Server(1588): pocketmine\Server->start()
#12 src/pocketmine/PocketMine(273): pocketmine\Server->__construct(object BaseClassLoader, object pocketmine\utils\MainLogger, string[44] C:\Users\Thang\Desktop\PocketMine-MP-3.15.0\, string[52] C:\Users\Thang\Desktop\PocketMine-MP-3.15.0\plugins\)
#13 src/pocketmine/PocketMine(304): pocketmine\server()
#14 (11): require(string[99] phar://C:/Users/Thang/Desktop/PocketMine-MP-3.15.0/PocketMine-MP.phar/src/pocket)

PocketMine-MP version: 3.15.0 [Protocol 408]
Git commit: a498b0415ab2edf18300470dfe6d182372f25190
uname -a: Windows NT DESKTOP-EV6UBU5 10.0 build 19041 (Windows 10) AMD64
PHP Version: 7.3.21
Zend version: 3.3.21
OS : WINNT, win
Composer libraries: 
- adhocore/json-comment 0.1.0@8448076039389f558f39ad0553aab87db3f81614
- ocramius/package-versions 1.5.1@1d32342b8c1eb27353c8887c366147b4c2da673c
- pocketmine/binaryutils 0.1.11@e8cb65db1b7998eebb739b124f2a989fe87366eb
- pocketmine/callback-validator 1.0.1@4aef6bb25f97d0b830ba0b4f66834b1a9c86fc9a
- pocketmine/classloader 0.1.0@4ccdb30e48f030bfcad04bb0a208d198ec631993
- pocketmine/log 0.2.0@e59bedb5d4bbeb9a26647cb7c367cb2fa72addfa
- pocketmine/log-pthreads 0.1.0@9bbcef398b01487ab47c234a6a7054722abbe067
- pocketmine/math 0.2.4@b1c28b236df8b795d7b06cf8421f9962b12ac410
- pocketmine/nbt 0.2.14@b31dca98443328c4bab76dc1b84c1473c79be20e
- pocketmine/raklib 0.12.8@9fea763ffc922db083e4528d4acd0b13d0ea83a4
- pocketmine/snooze 0.1.2@88420da3d9335dbcb3ee2decfd5e5453d057dcdf
- pocketmine/spl 0.4.1@ff0579a0be41bbe65d3637607715c0f87728a838
- doctrine/instantiator 1.3.1@f350df0268e904597e3bd9c4685c53e0e333feea
- myclabs/deep-copy 1.10.1@969b211f9a51aa1f6c01d1d2aef56d3bd91598e5
- nikic/php-parser v4.8.0@8c58eb4cd4f3883f82611abeac2efbc3dbed787e
- phar-io/manifest 2.0.1@85265efd3af7ba3ca4b2a2c34dbfc5788dd29133
- phar-io/version 3.0.2@c6bb6825def89e0a32220f88337f8ceaf1975fa0
- phpdocumentor/reflection-common 2.2.0@1d01c49d4ed62f25aa84a747ad35d5a16924662b
- phpdocumentor/reflection-docblock 5.2.0@3170448f5769fe19f456173d833734e0ff1b84df
- phpdocumentor/type-resolver 1.3.0@e878a14a65245fbe78f8080eba03b47c3b705651
- phpspec/prophecy 1.11.1@b20034be5efcdab4fb60ca3a29cba2949aead160
- phpstan/phpstan 0.12.37@5e16d83e6eb2dd784fbdaeaece5e2bca72e4f68a
- phpstan/phpstan-phpunit 0.12.16@1dd916d181b0539dea5cd37e91546afb8b107e17
- phpstan/phpstan-strict-rules 0.12.4@9b86e1eb77c796628e239820a01a2d327d607a5e
- phpunit/php-code-coverage 9.1.3@4abbce3b0ad05f2e7143ea5f775d5513cb5261e4
- phpunit/php-file-iterator 3.0.4@25fefc5b19835ca653877fe081644a3f8c1d915e
- phpunit/php-invoker 3.1.0@7a85b66acc48cacffdf87dadd3694e7123674298
- phpunit/php-text-template 2.0.2@6ff9c8ea4d3212b88fcf74e25e516e2c51c99324
- phpunit/php-timer 5.0.1@cc49734779cbb302bf51a44297dab8c4bbf941e7
- phpunit/phpunit 9.3.5@7115b00b23bcd4f62a73855c9615694d2f206e71
- sebastian/code-unit 1.0.5@c1e2df332c905079980b119c4db103117e5e5c90
- sebastian/code-unit-reverse-lookup 2.0.2@ee51f9bb0c6d8a43337055db3120829fa14da819
- sebastian/comparator 4.0.3@dcc580eadfaa4e7f9d2cf9ae1922134ea962e14f
- sebastian/complexity 2.0.0@33fcd6a26656c6546f70871244ecba4b4dced097
- sebastian/diff 4.0.2@1e90b4cf905a7d06c420b1d2e9d11a4dc8a13113
- sebastian/environment 5.1.2@0a757cab9d5b7ef49a619f1143e6c9c1bc0fe9d2
- sebastian/exporter 4.0.2@571d721db4aec847a0e59690b954af33ebf9f023
- sebastian/global-state 5.0.0@22ae663c951bdc39da96603edc3239ed3a299097
- sebastian/lines-of-code 1.0.0@e02bf626f404b5daec382a7b8a6a4456e49017e5
- sebastian/object-enumerator 4.0.2@074fed2d0a6d08e1677dd8ce9d32aecb384917b8
- sebastian/object-reflector 2.0.2@127a46f6b057441b201253526f81d5406d6c7840
- sebastian/recursion-context 4.0.2@062231bf61d2b9448c4fa5a7643b5e1829c11d63
- sebastian/resource-operations 3.0.2@0653718a5a629b065e91f774595267f8dc32e213
- sebastian/type 2.2.1@86991e2b33446cd96e648c18bcdb1e95afb2c05a
- sebastian/version 3.0.1@626586115d0ed31cb71483be55beb759b5af5a3c
- symfony/polyfill-ctype v1.18.1@1c302646f6efc070cd46856e600e5e0684d6b454
- theseer/tokenizer 1.2.0@75a63c33a8577608444246075ea0af0d052e452a
- webmozart/assert 1.9.1@bafc69caeb4d49c39fd0779086c03a3738cbb389
- pocketmine/pocketmine-mp 3.15.0@a498b0415ab2edf18300470dfe6d182372f25190

Loaded plugins:
CustomAlerts 2.1 by EvolSoft for API(s) 3.0.0
AutoInv 0.0.10 by JackNoordhuis for API(s) 3.0.0
AntiVoid 1.1.0 by FiberglassCivic for API(s) 3.0.0
ScoreHud 3.0.0 by JackMD for API(s) 3.0.0
PointAPI 1.0.3 by onebone | Fixed and Update by LamPocketVN for API(s) 3.9.0
AlwaysSpawn 2.2.4 by Philip Shilling for API(s) 3.0.0
MagicWE2 7.0.0 by XenialDan for API(s) 3.9.3, 3.9.4
PurePerms 1.4.2-c2a by 64FF00 & ProjectInfinity for API(s) 3.0.0
SlapperRotation 1.2.1 by jojoe77777 for API(s) 3.0.0
KeepInventory 1.0 by KhoaGamingPro for API(s) 3.0.0
BuyecUI 0.4 by UnknownOre for API(s) 3.0.0
FormAPI 1.3.0 by jojoe77777 for API(s) 3.2.0
BetterVoting 1.6 by Twisted for API(s) 3.0.0
DevTools 1.14.1 by PocketMine Team for API(s) 3.13.0
WorldProtect 2.3.8 by aliuly for API(s) 3.0.0
Slapper 1.6.1 by jojoe77777 for API(s) 3.13.0
Broadcaster 1.5 by EvolSoft for API(s) 3.0.0
KitUI 1.3.6 by Infernus101 for API(s) 3.4.0
SETVIP 2.3 by MCPEVN TEAM for API(s) 3.0.0
AntiSpamPro 1.4.1 by awzaw for API(s) 3.0.0
BlockSniper 3.2.3 by BlockHorizons, Sandertv (@Sandertv), Chris-Prime (@PrimusLV) for API(s) 3.2.0
RedstoneCircuit 2.0.0 by tedo0627 for API(s) 3.6.0
EconomyAPI 5.7.2 by onebone for API(s) 3.0.0
Texter 3.4.10 by yuko_fuyutsuki, mfmfnek0, onebone, ogiwara, Shootsta_ERU0531, Toganon, ShadowArt, Marron0421, No4NaMe, SuperYYT, SuperAdam47, minijaham, VicoSilalahi for API(s) 3.10.0
AutoXP 1.1.0 by JackMD for API(s) 3.0.0
PiggyCustomEnchants 2.3.0 by DaPigGuy for API(s) 3.14.0
ITEMID 1.0.0[S255][S255] by Syams255 for API(s) 3.0.0, 3.0.0-ALPHA12, 4.0.0
MultiWorld 1.5.2 by CzechPMDevs, VixikCZ, fuyutsuki, kaliiks for API(s) 3.0.0
WarpUI 1.2 by Lover_BOY636 for API(s) 3.0.0, 3.1.0, 4.0.0
AutoClearLagg 3.0.0 by Twisted for API(s) 3.0.0
BangHoiUI 1 by JVN | JackVnKiller for API(s) 3.0.0
FactionsPro 1.3.20 by Tethered_ for API(s) 3.0.0
CuaHangUI 0.0.3 by phuongaz | Moded by LamPocketVN for API(s) 3.9.0
PureChat 1.4.11 by 64FF00 for API(s) 3.0.0
QuyenVip 1.0.0 by Hituilahuy for API(s) 3.0.0
VatPham 0.0.4 by KhangKOPvn for API(s) 3.0.0
SmeltWands 0.1-ngl_alpha by  for API(s) 3.14.0
DoiPoint 2.0.0 by JKPVN (JakayPluginVN) for API(s) 3.0.0
PointUI 1 by KhangSBK for API(s) 3.0.0, 4.0.0
BuyFix 1 by FPVGAMER for API(s) 3.0.0, 3.7.1, 3.8.1, 3.9.3, 4.0.0
feed 1 by JOrlex for API(s) 3.0.0
PHP-Sell 1.2.7 by Muqsit for API(s) 3.0.0-ALPHA9, 3.0.0-ALPHA10, 3.0.0-ALPHA11, 3.0.0-ALPHA12, 3.0.0
DoiMoney 0.0.4 by KhangKOPvn for API(s) 3.0.0
MysteryCrate 9.2.0 by JackMD, DaPigGuy for API(s) 3.9.0
cayphattai 1.1.0 by Lettihl for API(s) 3.0.0
NapThe 0.2-ngl_rc by NgLamVN for API(s) 3.2.0
MSpawns 2.2 by EvolSoft for API(s) 3.0.0
HuongdanUI 1.0.0 by Misael38 for API(s) 3.0.0
AcidIsland 3.2.9 by GODSMineVn for API(s) 3.0.0
ShopUI 1.0.0 by Array for API(s) 3.0.0
ShopVip 0.0.4 by KhangKOPvn for API(s) 3.0.0
TableSpoon 0.0.5-ALPHA by CortexPE, Xenophilicy, HyperFlareMC for API(s) 3.13.0
AutoSellFlash 3.0.0 by LetTIHL for API(s) 3.8.2
healer 1.0.0 by SuperBaronDEV for API(s) 3.0.0
Fly 1.0.0 by SharpyKurth-Darkbyx for API(s) 3.0.0, 4.0.0

----------------------REPORT THE DATA BELOW THIS LINE-----------------------

===BEGIN CRASH DUMP===
eNrtfQtz3DaW7l9hKakdeUvd4vuhKaesSHKssWT3WrKT2XTKBZJgNyM2yfAhqT2b/77fAcBukpJt
2dbUvbWVTEZNgsDBeT8AEvnXTlJUK9a8v+ZVnRb5zoG1t9OkK75zYDiB7wW64+h7Oxmrm5OqKqqd
g3/tNOsSj3fk/d7Oitc1W1DLEbrV2t/KIrrizSrN+Xye8+amqK7m81VU4rasiqaIimw+Py+u+Une
pM36MKyLrG34jNGwv2l50WhJ0eYxYCdtlj1PMwJeLll1sL9/dLD/tgau+5dLli/2j3l91RTl/kzM
eY45J+eziTU1nKm+X2btIs3r/YuMlSWv3hQNa0Dj+5hfTwxt13gyJaD7dRWNu+yfszTH05JwUPN/
GzAAyoDdzoFrgsEVi3D56853ukYDthxTOO+f82ZZxCfXPG9ObnnUNkW1a5tPDrQRbDASwCc/FPks
Y2teEVt3i/B3HjVaXw6cIIH/otN8vu0spngC7L4zPoLKG75I64ZXPD6j35xXu74OTPrgZVcgcxft
yQ9cXG3QupeCPe3rkDbHSIsx+6LDru9/BM27JE1+iFiWyWFfh4k1xkR22jVcxxuhoaCJsXLiXQHC
/hgIzzNGIOSTyQ8wqAj2d17UzRseAR4htcJvLUE6Y5AZJs/2z+jvru+YHwFb5G/LmEFmad7wBa80
z3Y9AdD9FEDPd0YAxdP5XDye/MCipgW16+PiMo2u7gL3xsAveAXHtGuarvdJwPFHAPofA2gFY92Q
TyCOJY+uCJrkQD0AuqfFRRtmXNs6x6mly7mCj81lOPZH5moIaWl8+kdGG0HwqdEzKX94BwnG+BgY
x/8YwXXDqkYNv2NOW7+6a3rWRyC8fx8Ved1UbbQxnh9ZzUU4OCtYzKt7zbtt0qyW5n9WLBbUC0DS
fPGrbf+mHR3M58LTz+fC1c/nytdDS+9x9vP5ZrRjfsVo5d7nc8kI6xOMsPSxRGrJZDnURjAgc634
H21a8V2FVRD8pn1FDBs0bkOMnP3Jzm9/7u3w/xeB+bGDIuiQwN6n+XWRSSeGGWKwMGp2uqdoGQHC
o6iIOdHvWHg8b+h/abL7PZ/8sODNBbvmp/HuE+3p06favBv9ol2xfL7zRPsXxjv2Zty8+b680p5q
Ob/RiBPSIUoO7D75O3V2hp0R3wS33rQ55U2nMUarqWlaMcQdDymLOiXkVV9WvwORRWXtPsFNHO/q
ex2MkzV/wdPFErPvaboE543BrdkNQcKPeO7fmS5toiX1EBeiTzDus+Qs/ucAjquP+xT5TxUpgEK7
uxWdjU3nPzWe1Vxw1jU/ytn7dEyyy7W+mMOu/XAOi/53hHgLfRpwyL0jtLXq0rHnjhg+jDps5fAn
3W5Z/n2p4iwiDFOkA4JAzeu4TmM8yVVxSazc+fOv5PGv5PGv5PGv5PGv5PGv5PGbk8e9nQX5L5ZR
9pQzWvXZGYwBTiGEsV0d2pGQqb1Ns3jnwPANa28nrSnl2zlIGCI/cjWVTe4c2LqPSVLK5Jgd+KFu
Gw4LTR4nhm/puu3pccLd2PBNyzMT0zECgt0qXH5O87i4qbVXl9rxycXLy9ezyck79+2Pbx3N0Ke6
JnDQMMZGstl1NvQn2uH5MVICILIsAcabWlPTwO0HjuSVaFD3ePy+qGmi01evLtEgbm5SmVSukEPw
6n2WhhWrUl4Tk1i8BGEV3/+9LvIJ+qg0VZ8aU/2Zb9u+7rm6FVh+kDiOn1gBi2HoFmOh78WhlfiG
axBmRVSxVdrW+yXCP7L0iWIxIWBMnanxzIgt07LN0I8MHsJ+HCvyfd+LLBcQvNCOzJi5nhURHVtV
C9OcVWthHQotw3jG/Sh0nTg0Qi8IfM7D0LOC0DDtxGQBMOW+B6g8HIKi2BICu8k1y1K4MyoygBtg
PrMZT9wwNJ0k8GI9hChDpod24rq+ZYcGCyLfTaKAjQCSTWfCpjcss6MIbNG57Sc6oCQR+GWHoc5M
3Y8NIBu5FtyYNYSUFQsBwQQE7gQhj0MnxjAeBsx0XduLQmIUfsyEeSZS6oTdgTApm2WFrLfeIBOE
YcQhM+ipYfseCwEIMmAu83TH9kyTYQodid8A1Io1S4WN/Sw0ItMPTcuNEx/cdmIv1N0o8W3TSILA
NcF1FtmGPgSRh42CYACEZcQR5GLblmX6kR2y0HPjyAh9O4LkrcgDwabOhyAqdgVNlaSYU/8ZpMo8
10ogBtOMQ923uO2YfmyzCBIzrFjnzLeYPYRS50XxgSuGmM984K3HzIoDy4L+RKHFuRnzKIkd7tgO
gDheHMXJCEiZCQg2NCVJ0CWAcnDbAPOghZZrwUSQlTiRnvieZ/rAwweEuIjI2/F9uNKGIdffqJxF
gCwHvkI3XZ/D3p3A41YYB5Ht+k7kWFznlmUlnJOYV2toWljvx5yXsNFyLYAYpLiBG4SmAVEwx2DM
SNxIN2IjNqHPjhsTRArO3AGUPL1K4SuX5aRkVS1U9tqe+mTmkeNzGGBsJ5bvw6ZN1zBYyFlk8iSM
rBj66PmeEBB87iQtoCN5mvCapGwKC0L65Do8iS2WeCGzImaHJjMjy45hA47n+3FsBoZl9WD0nTBU
5VkEC3R904l54gdcZ5ZpmuCob1le4kecJUbgOQnTpaMDd1tyVkW1X/EkQzxNlQcTIE1hS0asG5Ed
xDaPXXLHjPk282yPxRC/www3MG0XSvwpkGgNMygDgDoCqGV4Ohxj4ngulNIIEttxDc+KCVHL5nqS
kGpLJRoApfWMScVrWg7oFAH27ns+M2CUjmk7Scg9P/F1X+fwQBYZrBXCWF1H+fe65BBiVZTIzJQe
4N9noanr8FQcIohi2HkSunrELGYGUYg/dsDgGAxX8Y7UcV/9dhZmec8cbriggsNzmjEkDigxxiGV
drgZRnA8HC7RZ3eBTPDb5mnTATNcsB66R5HQCHXHCmLOnCi2PA6FtF2WhH5o6B43vHuAUZIQNZOq
zXjdQbThzHyXI3R4HhwGhOZzSlxNnekGMxFbvBhWyByppQIboey0mII/4LhcOwrgCCw4fHKNFvwy
TD4xuWfYFjBMPA964RhWFEKfDW6PgNEy0SRFsaRMmRTXfoawAbY7Idy75UQQpAU3kHAdsdG2Gewp
MsgOx5jRwtAVl2DIW3vMd0LXZVFk+xGLkgQu14vh6y03sIEhnLBnm4E/AtPw2wZ/VqjHGq7s0Xzm
JgmCFmc2OGMg6PpJlHg2N+HnDJebkWNEiELmmEBakKiEppNRA5MAKu150CIENTNM4GVs4AC0QvLk
YRLYBveGQJQiBNBu55lnGE6o64ggIfkX12Se5TtOFLiGA7JiWKXugjiAqKHyNbxkvi9kpsBQgHae
IWcw4wTxI0KdoVPUh8834C6RBOiWYXhQUQDV7wcDoyNnwydZUVy15YZJHMxIECT1CHrPEJ4smBri
gmUgWptBArOMmW8EI6grOFClADbgWM/iCB4U8QdRmUFSSRCbEVwyfINpGnAJDIGSG3ZyB07Gb9Nm
rfCBZ7FgvS5FfMeNXNhJ4uk+BG/bHGZsh3Yc8VgPvAGcOE0ShYn5zEAwgSdPwCWGTMaNEO9CxAMe
xHDpGA9XA3ZZAwg8v06rIlepnyMipc48x4tYGMRO6PEEDsSFpzPITNwoQPBGsANQcwjotiyqhlcb
dBzPiD3TiEMkWJEPv6sju3GBYuDYDOLkUCDEwCE6i6wIWQYvIPXZEaxBrsJd14oCxwjjCP4EPEVi
ynENN8BjcnXBmDW0GFtPimQiV1SFLsHhkiK7ppvYyMwceLjI8qGWoY+8yIYv53agk0INQMmSbcJz
OPO+8MEpz054bMY6c2Pdhwv1vDhGvApgeYAdWr4dGIB+HzgVZgQ0qZKG6THI3YXT9GykGKZumI4F
Z4RMO3Zs3Y3dCJ55qOgVj1oRS0FoTv5gi5xrmpYBcqEDYYCoFdkJg2q4thXC3UPJI8OIXWsEri7a
KuKToiRaVRZvKYCO5Rk+YLhmgFTQgUOH10QCAxwRp0ke3BwpmFrIp5iMTMENAlhzaFm27UZx4HIX
aBk+/EMI9XUQG8wI6juAMMwVjGcQn+MjS3GQ9sWWgfQYCa6F+OcgZ/aQQQOMw0QxUa9XSZGvUSVm
a/jvbBIpdK4ROH0qTCK4NpeYDi+uezr8FJIwoKVDW5EeI5a7oe2Qq2yWvOYckRyOO08/qChOSYEH
hliRZcGHe0gHkezaSC10z+FMZ4mOKGNSvkpU3fBwVXxgVbOP8oFX0skFFMRZErlBxJCLxXYAJU9i
5JWB7iOrsxiSC5/csB8Ms9Pt5WRVbiraZw8uT//cbFWIivCorZtidZgBsbpXRg+a93a28oBIcc/a
ZllUNS3jnlwX2UWRNFSOszKlJpKZTvc8Z2HGUbM2VYu6OuYlKlgahWc1xhz3G1ZM7I/0Z57PR3hQ
9UV7KJeHby7fziRz61T4jWXTlPXB/v7Nzc2UAyeCP22uaMn5sG2K0/y6R17X0qdMJ03Th8T9A/Xj
q6Ko4mWb1o9F4e8AmndA53NMVyA3mM+3SCkyZ68vLn9+/ebseECooAjlxbsijfskdU19mgzKNIYk
PU9DXi2olD1Kr9PosYj6EaVos7xkV2m+yNY/ijIeJCmktlefo64T4yJtlm04RdTcvw/0/gYeuHFB
Sxov2j43Nk19bkgC7wj4/PixmCChzefd7HKB7yECnUEFmsPZ6WAlSzUNBYoEZEhCkfMQ/9f+R3ue
3vJYY3msyfVbLVxrZ2wll8TevRpQGXw9lWrC+bwkDAGR1hU3uH7CRIXmZjdsXV+U7CbvK2+vdeht
UAoMyZ0t0ywttQv8IN4vHkt0pQBbK6iwSoFRTRjN53Ih9/PEnbNFGv18YvYo2zT1yfLuKuIvCDAs
O0aBNpQSCZt+7a8l7FYAjpnYbJK4PJygWVvxGa9W/dCwbRsqpj01J5GIeD2yXPv5c13X/kObVQWl
QKd5kuaUAz+S2N7LCaCBHVa9y6/wNWKseitgC4d8zGjbvudq7mzo97lyJ17+XvxecI/+eSwe3Lup
+BCn85LzEgFHrFasexQN20fuZ0jNy2XBfmLIRhYQ8GMRNAA6nw/QeTh1P7ZrHr3te9SuZRj1R/7l
bY7gfJO/rvhjkbOFOJ+f5NGS5c3b04fT8byoVsPI0LUMJWONZfMRTTO/IXPZQJzPFRKbiweJhDco
F98VDTnunlz6zUOi3CFJlze0Zx0/lmQUuPm8j8Hw7iFkHfPry6LI+k5y0zTKxuyxO9juV2mXnK0G
lBnW15PWIUCbfxtUHpA+933hBrX9DQxQ+3NRZTEMs6EXm7YUD5qHMdya+kOiWZa22aPFAAltPr8h
DEqJwdi8HkjyeZtWScqzuF9mdW+JNRWn3RJ6eWJ/QO02PNwNC2N9fmA4+BbR13Lmh3mYe5iwRal7
603YbgUwkaC+b7q91iGlzr+3TOxNDIMdYPF1ReLLtBkEC3k/drEjf4R0hld5Wxu6MSDM/nrCeiAR
+tIvChUXJ5fvTmd9JZQNI3Mc0nB+NDt590q7PDk8fyzhSJD0kkTzLi0fWtAi/V9RFjGsabvWcbI5
siN284HdPJpHIWCoATA9KoBVSVnIEJfPhzraQ7rI06FT6LcOK9M7YhFdXxRV+oHW4yBb1HW8aq61
3WfdJb1zcbSs0noyq9IVxxP6beuzd0++LeLvnK9nWSFstTO3PjYwuC0dd4uJjzPlDY/rBqXjUVpF
bdqPHuMnQ429Uy0haBe6aw59pvv1Aq/U9A8JG0TISVTkxWo9TMt6jX30nak3Ne8t2R9LXTcFOZcY
iJJ8gM1nJXPJb4eOXTUMldS+s0C2bq+K90m7bpu6vUpp8zpZJTm/om4dlbhapDesotLwYlkUTd2w
9ydv3uqORUZ8WSxYLuqmiyWLi5vDisR/zqqqyHVbvOjyqrBfsXOCdNFC5f75z8vu8jBmK5t2ARCp
09/ZEhnU3s67NCou0oxlbJkOo+oXM3mTa2+53RRXa/iDcrUq53PJpvn8qKj4V4TaDef2Fb/VauUv
s9Fi5S+zz63r/XtWsuTcX51KSDD7igJaUEgXi7Vc1FWl0GBp4Z6n41RyRPYxw6Cf2mEyaXxD/O0A
zuf3YHNv41fwpZtk/x5w+8Sn08uT89PjHmtUw3gtUP/1wnSc3+TfIWcu1mxVo/mOSuzJ38nh2ezF
oUGuyf6m5Qc1z3x+2vCVwPGz7ua8zZpU5ND9pbJt4yiVHPvPow88Ws7OUZXUwtxv06uj/xbfW24d
0RXKgvTq0RbtI5qyXMWYcj5fEaai3IBl9LH+Uj3oEbLfA0RVFqvKQT6qGkarS0O+nNF7D+9/fP1P
13LvFbv0Gt8kbonHw3NSsv2jjLPqjC0WI6+2bf/MMv0j1/1NV/fT3ktESGRAQnq7Pk5fKk6F5mG9
ztrV+dH+EB5lhSxfvCjS4arUpm0g25F3R4b+Pxq503f5yzTLECq+iRe9NaReotDz/5S+P3iFiolX
p+ph8t5vHZdR5li+vFnSJwnvv5GqfpK+JaaHyXyubh5K21HLXkBAA4lt28b7h6Mcvly2Rb5gHyC6
8yLm8bdsyPQk1tttGWR598WmT255SOxol1UR9AUbVm3Fj5asGW0MiKY7pZpx36bAF4m6t+twjy4P
NO0Xfp0WbT07mXTtOx/ZLyBkt1ePsFsgwIA5/9WueU6V75Y5m6Y7EXzImxdp0yJ1XbaPtjzWzfxw
2b5jzYwy6S32XctY3+3xbgC06OXr2XX+hcLdKnQv3/4YQWezl+SdpKKjoEA4ujbnc7p6iAwhwppl
zbpMb3k2XTCxcLLiWfMzEzNtF0+2jUO6jUm+yN6zrFwOd7seKwV9tYCTEOsnGwz61w9aki5SwdT+
knTX9Jna+h8vZwg2u/9gV2wtlfvdqyePVlcQcEqa2Bfujb+9szX+6YApVPHix5f3pEHflP78Y/ZF
O1DP09vhBhQ1fALt57N3Px2en7y5N3vzxKKXNfXVr9wd/iZyJEYPJynhvJ+yi9tPpS2vq4zfPpry
CGgI4Zx/yasVL2aTC54NPhLqmsZ7td5oabT9A4DG6MvCKRjVUeO6yrinzvq2bV4gjCj9BZTD4s+L
nK+HTkA2/V/15Odr2gVYH1XibdJtbdlv7tMeiNXR+1ZS9u5fWwi+fVGlj8y3Lq0MCAP9EVsjLDUN
S3vU9xo/s4p0xpsmXWaPVjWXzcPV9RUrL5d9oamGoaqaIvhW0RBvFTIfa6N7E4ElCt3vg5Y2xFtM
/Tyiaxm92PTv3R9Tk4L7m9m/bl/sBRUJMcsHAbjX+Jl89jytGc8s/7HoekNfiXzR+kOUxqd1xvLB
y5LbxvE2TDDE/6fXxxe0Bf4u/8bSdFipya114Yl7MhO7LuQfxO7LQzb8hM/s56yy4dNC+XXngtzm
jNzmMb/+sPPbY73pckrzf8F+JXoPy6Su5f9qeLokzC7KYvAGWa9xTLcjs4fR8id9dXE7OxHFbl6I
VxcjCukv1iWvnmes4udHj/Y6QW+K+XyLav/6Aa99tk1BCQyQq5ejVcBt+2dWARGcLk9fnA0o8+FI
v5IwBe7h6rrkLBtskqmGz7hAsVH1I6uK/Pjk3aO99NcHOp9LTLrfBy3aZf28kO4+R8aSVeX6ZVs1
y8kxq67C9e1jF1fP6TUeicpn8KePGFgF3JH8jN6j6s4KEJYtDieY0geUvGrER/A73802d9pRkSfp
QqPv/ObVPP8OHlk7bBeaaWu6eWA7B5auvb080kzd1KnDqmjip+evz7RtAKFmOc2EvoZ6agSGZVLj
zRLITrK0bp4WSUItLM+LNo/ojSJx1AiLlilXR5Y8hUURJArWE/USE0TxVE7LbtWY+qkvWhYgfVXE
XD5PCvp8Z9OmpgMPYnoRvbsvr0s1C31DlkYtfNNTgao8RoEOrKkp/8sX9VNqFueMTEhDnmZFGK63
bTUqsF4X+sLm6fHJ88O3Z5fUKmU/+aNFZqqmVE0VomCHD11PS1bXN0UVP/1P8Q+YBI8wqdk1VwOv
U34ziVP6UjTiT31qug2L2wlppuoCMSxatuBPeb6g+8EHM9P1ij7n/k4jK9ciIfBWfuYk5K6BedpA
e6AH2iV9+aN13NDgUbVmyTUE7BoXrNEiEmajhVxL8yhraXEX4O/oG8G6KFYYmWjNXZg1S/ieVtDi
d00gtbDi7EpbF22lYGlpokGoaZKKGSBPOlAMdgLAr/jNBtx+zBMGidbaTZH/rdHovS1WacTNFYil
wxDWhGGzTGtJ982S51pbLioWA8B0npMeS2AH81zTvvt5KVbltabALHmsAYQ6ZgQ8qFhe0xeosXws
UM0KTANSccUbwa+YX6cR1xCt40xwcEWQpbp2UjvQxLEb9KBetk1cwADU2W8HdOKZhB1lRY2qf0dg
dphlxY1GpgVkNPV+nnadMu2/SOWoj9C97tW9A42ckBh6IvRQjRHfSpCJaJAYmELQwrWmWEn9ldpu
HveQ/e7nFAwpcvCVxbFW8Vqyn9hKx9NoK87qthLmrYHpISekwRz+R8syYtsivUbfa5a1XNtVk8LV
PCHockb6fpy8ygRsp1NiDvBYzP2qXYXgCrTqsF7n0SWrrzQ6EA96NBUd3oJbQrU7SqnbEuGiaCE9
dK/3NLGDqSnjhz3safSRKgihICB4A5dLbas2hwZRFwn8QogXNEHLquI2hYZxsAEkCc3NN8gRbxVC
pwnpKvUhndzT0uZvYF9TiWExJ38nVGY0WNsFDS3sxhRsEWRMFKUHAtRYV5lQjqrNcxJnTA6qKIUQ
xHkr9VRDzquutRWdTadFFbKPvb7xKcUhjlRVWzayVTKMGLMCboouIVwYpThMJZYGwa6LNAba92NA
OkI6V4DR0K5pT9Ho5EHZaaNpcP9w69VaGuVP4mtZjSKoJtthB6u0Idte8QUL1w04rl1IVuuCuSjB
AFsMvySp3aSC80KjYLQ3EwmoU7JaUJikQBEeSRzYRWCSivNuSqnkkFZLZqotCgiK9p6FVtBE6qNe
gdqBphMVmF24YHlqyf/3FFBK8in8Kbp+G/6oKkqBgnKfG5QUuFqD+6D4CL/XIUSzdlgZumkrxIQT
+FlYhcKv/tsjYCjsQqBEHkOLWgSfHMFHk8fakXYXEmVpkRSsNr35bYQsod5SJB3X68uTA+3yxemF
dnZ6fnqpHc5mZ6cnF9rs5I2GTO/lyZs9DZ20y9fodaL9/OL12Yk2e/P66OTiYjp2AQN+mI6r2DHj
VVqIgEyOuCYCxdFmHTc2ztYA75ESxMK3iC4TWkiTblaAQoYIOuGgoU1E78eUTSoZcj4KgDl1U5MJ
yBIIXO/WkcuIJOZ4TTGE4rwYML3bm3RB5dMQW8kjSgckZwldKVc5dkMD1IuX9ZZUZLKS1vrJ/Sgp
yi1F+YJVIR3sFBWZOhpFOKD7uStMjdBRozQ1Cr57xXJx7t0AEyRmLXTwyV4XE8ZK2KmhDK9JAliS
3tXWBKfaa+nzpcIjeyjaLN7gkiKI3OTaFv9aAi4F+iDU1XVFK2Z7LpzFnSApVEdC2NCWVMWqC7Zy
tOox6atmX8JEjZLkHd3Q7lGpgXZcdAkjiawqxPeJnSLH7aqU2ZVM4TT1YEIPOnkdUyc1QOAu0Owo
wB3CPIyd3cNgBG0EPsxwDSWr65aTY2iWkNqiyzbJadFsW6z2OkHKHEEllVOJDXX9KJ+ozomWbX5V
d7gfsZJa01W7Qoyl1561rhYgQWqyKpJYbPlK9qJYKSzmro4h2S4VRmLCCWXBLYKuvZHYcSEfjXWa
ciPyehK+7NyZkISlOvYpE5nDJELFxze0HQMVkasgfSTuATuZYEgopThYVZNjJIVb6jBM8VPS081M
nbfZLjGQXj/q4H4a1Kf0cJ6rE5cPVIhAarYsMplihqxBJUuZuEAZWRNUSAUZ4dtk5aOeytAS8k2y
KcPbd30pdY/IrVbrhoDvaROjJ0AhPDHxpOmQUSFAeO1tHitKVEohY0k51TIi0afBaFRoTbUXyAWh
S09Fcqcdzd7uYSxwCGFfN2kMtRe5gvSeG/gTAf9A87q0e5uR14I7vb5T7TCGo1qyLNmnT7ZFmRBz
6LCaCpNqtPJBCtYzxG3Y6wHrlyInt+TVKMVk2Z50mjS1OlNwql1WIl4UIpN+O8tnXR6+rQ2pzKBB
N4ioBLMt83Ki7keFz7kyyDr9wDeipoy9k3BNsVBlU8jopeb0oq4dmHLQk6k2U2MyVi3EAKaKVKUm
YsakYguiDuICWXWZiWSGKs8Vo5fhMHNFIjzKUlpMEaU0nUHJ60Y7v3wrMK1BEpEdto04C1xIeTud
rDumnRtaNe2ERh0IbMkAYh62i4OulvlBM6iGUZncElYsnmuqcq1lrU1KnteFjGlKUQwCJv2WhHa0
LFDbknJ2JQzvilTh3OiUZa1m150TpcWRbgmJnm3tnT5YgSfgrOl8DDCVh1p2KbMot8pKpit1ydWB
AXkR0Vf1Yiz4eM7W4CEpy0qdqavcv/KZwm9NumdyynrrLbpFov5qwqVYDpAKIP+jLXIhRfRV0m5r
tSwR0ZEP0i+oMRM55kArkVBcpxlNI32esmc1Czltli82SXVOw7Jx7Njreg1Wl+5dwZFV3uGqaEmn
E+mclYoTK+WynAhGZM6idodg6FpEEwx+I2JLb7AgPOeyVgy5BBbyhDRSrACKcLDsNEAIXSwMDqKU
JJ8m2pAPy9TYGFV1TjJm4wgA92Gp348mk6els04RgWw3mH432FhCu6mSnrTy4OCetxCv14qJxFpo
bynm9FhMJk7bq4VJEj95RZJGXgvXtdIUdZpaeeiinRgzIB3wJpqpfactULPUW/ZsVzc2HJreZZEy
1huWiqIGjgMZv5RNWZRt1imjuiG3L/ooF2EJByGy4UmpzJq8K1nqgdblmWJlU67nHKiIR8tPosaS
zTJgKHnRp8ibhYF4yzfSd3HC1ahpY27D5nKJ1CwpehKBlU3khu+m57IgyQhUpvRhyzQtBMZ5ka9X
VCPQ6Vy03BbVW9Sp8FHPte1zQYJwWWyxqFBtypUltQwlq206A/5qTJ/ADxb8+vg1HSA8UU5QxgJy
CjdcJqJMHMJPM9YC8S0Bom3aW/tF6NlwXqqmFM4dpkKg8rlSJkQ9cboW+e5+PiXaiz7rkKLmpCe9
ZZ49TbwbuIdmsIECVrNJWeB6E44yGiKEB8opIMinXWCRi0ZssGyk9mV6AadFeobYJrxY5ywUQCF5
+byb446kJa19UTfpauurVUQioNS/SxxIsuQwaUKxHqYGdWuf0+0E6kl/ho6bn455ym1L6Uqr6C0z
KBgA3yh+dgsKS9UoPAZVBCrJVB6D1meRx8ciy0qTDSCk6iBELsaTB+qqbOnjAE+5yC6ysSxltUrh
kXUxOtNP3VESAByVrA46ocln0Fta7jnQfhXRG/FzT6z//EZARXa+DZP9TQJBBmVSVRqrCrvbqxGl
830RSwR0EaFrkUyKyow+LgGuKtz20ZfzChzkpUa7OxQVZPTaznigPT87vDww/+7tOcGtsWfdWnvm
342/xzwqpI/dpW/kI3KuT31dumJ5ZztPZNoj1+P7ha20cIot4LFadxKph1g4gtSitSYPWG+rzil3
2Xy1WckXHgdwEKoisVNSdwybdLsA0AWZ3333XLgaMZXoPwDSikxB/ddcei0TkWxNt0tkRSlqQX4L
x1erQii6ony5Fkk/OBKmyFTXsmYW/YhecT5wJsOItBlJpYCPZKTa+OqdvR36LDBXJ2v/a0d8Ztg7
ETyM1OnNmxbagcljVg3aitX7uGjgDAet6ly8bUNbZf37WB7IuLlP0kwe9rhpWawG55Mvxd7+9j6F
lV33G+jUcbG57Im94lUot5P6XSgTA/pxv62MhlS/2ZzWOxgp3H49bEKCsuq3XMzO+rerdf1HJg5V
V1eaOAnVpHV4DfmEbji6rXu4/P4UJuFFEf6lIww9J3Fjz+ROlOgJnYRoi6MgIzpi27S07+nwwN6h
gZsJ10zsRprqzbsP9PILvYfniDdcPsgjsDe9cXu7GsqkIHLo9F/DMOlVpdnx6wGr4uK9IGXciKZ0
KE64i7yuBx0vUnIIv5wPeDTCALdUkg7JQuNNlY60o3c+Ob1YZdAR+0B4OVTObbR+L5Kx/tnvxKJ0
Ic+EV+fmEpviWr2uSwwQDi0Ou/PHSY+rddkUosESDYv4jszTgZoI3lj9ps0Rm4tWKmOHzn9TzvZ6
JpZStgP+/PN/AZ9/i88=
===END CRASH DUMP===
