PocketMine-MP Crash Dump Tue Jun 8 00:02:17 +07 2021

Error: Call to a member function getGroupPermissions() on null
File: plugins/SETVIP_v2.3.phar/src/MCPEVN/SetVip
Line: 218
Type: Error

THIS CRASH WAS CAUSED BY A PLUGIN
BAD PLUGIN: SETVIP v2.3

Code:
[209] 		if($i[1] < 1) {
[210] 			
[211] 			$p = $this->pp->getPlayer($name);
[212] 			
[213] 			if($p !== null && $this->getServer()->getPlayer($name) !== null) {
[214] 				
[215] 				
[216] 				$p->sendMessage("VIP ". $i[2] ." của bạn đã hết hạn, nếu muốn tiếp tục có vip, xin bạn hãy nạp thêm!");
[217] 			}
[218] 			$vperm = $this->pp->getGroup($i[2])->getGroupPermissions();
[219] 			$this->pp->setGroup($p, $this->pp->getDefaultGroup());
[220] 			
[221] 			
[222] 			$pcfg = $this->time->get($name);
[223] 			
[224] 			unset($pcfg["current-vip"]);
[225] 			$this->time->set($name, $pcfg);
[226] 			$this->time->save();
[227] 			
[228] 			if(isset($pcfg["holding-vip"])) {

Backtrace:
#0 plugins/SETVIP_v2.3.phar/src/MCPEVN/SetVip(26): MCPEVN\SetVip->tick()
#1 pmsrc/src/pocketmine/scheduler/TaskHandler(137): MCPEVN\TickTask->onRun(integer 1)
#2 pmsrc/src/pocketmine/scheduler/TaskScheduler(179): pocketmine\scheduler\TaskHandler->run(integer 1)
#3 pmsrc/src/pocketmine/plugin/PluginManager(654): pocketmine\scheduler\TaskScheduler->mainThreadHeartbeat(integer 1)
#4 pmsrc/src/pocketmine/Server(2389): pocketmine\plugin\PluginManager->tickSchedulers(integer 1)
#5 pmsrc/src/pocketmine/Server(2152): pocketmine\Server->tick()
#6 pmsrc/src/pocketmine/Server(1992): pocketmine\Server->tickProcessor()
#7 pmsrc/src/pocketmine/Server(1586): pocketmine\Server->start()
#8 pmsrc/src/pocketmine/PocketMine(291): pocketmine\Server->__construct(object BaseClassLoader, object pocketmine\utils\MainLogger, string[36] C:\Users\Administrator\Desktop\MSAI\, string[44] C:\Users\Administrator\Desktop\MSAI\plugins\)
#9 pmsrc/src/pocketmine/PocketMine(321): pocketmine\server()
#10 pmsrc(11): require(string[91] phar://C:/Users/Administrator/Desktop/MSAI/PocketMine-MP.phar/src/pocketmine/Poc)

PocketMine-MP version: 3.19.1 [Protocol 431]
Git commit: a7cd0810020af15fb3d79127c77cf576085cd4cc
uname -a: Windows NT DESKTOP-KF1VXGB 6.3 build 9600 (Windows Server 2012 R2 Standard Edition) AMD64
PHP Version: 7.3.21
Zend version: 3.3.21
OS : WINNT, win
Composer libraries: 
- adhocore/json-comment 1.1.2@fc2f76979f0a44a5f5bc2a2b600d0762fe0e78e7
- daverandom/callback-validator unknown@unknown
- pocketmine/binaryutils 0.1.13@0abee38d4e2861621f262c79a2a3d699d8a697f4
- pocketmine/callback-validator 1.0.3@64787469766bcaa7e5885242e85c23c25e8c55a2
- pocketmine/classloader 0.1.2@9757928424652393b178a3760073113aa7c9911b
- pocketmine/log 0.2.1@830b44a2cf96ef703c550abe64302f230231ca49
- pocketmine/log-pthreads 0.1.3@e477ecf6ec214fdd4415ea1da3fdd9d73bf699ea
- pocketmine/math 0.2.6@43057cb8c179a9859677b496a788db922fd5cfc3
- pocketmine/nbt 0.2.18@9f82ca4d7f97fcd9a566e44b63c4f18a7657ae82
- pocketmine/pocketmine-mp 3.19.1@a7cd0810020af15fb3d79127c77cf576085cd4cc
- pocketmine/raklib 0.12.11@9cce458b8bfde3e4dfdbf70c659fc7b7fe26b5c4
- pocketmine/snooze 0.1.5@70b5e7937a06878dd321a3182ceb76d56298f2cd
- pocketmine/spl 0.4.2@6b08b7cf8c4afa17139c9a1b3bf1b408531de161

Loaded plugins:
FactionsPro 1.3.20 by Tethered_ for API(s) 3.0.0
WorldProtect 2.3.8 by aliuly for API(s) 3.0.0
FormAPI 1.3.0 by jojoe77777 for API(s) 3.2.0
SocialSpy 2.1.0 by Crafter20162017 for API(s) 3.0.0, 4.0.0
InvCrashFix 0.0.1 by  for API(s) 3.14.0
BlocksConverter 2.1.1 by matcracker for API(s) 3.0.0
CustomAlerts 2.1 by EvolSoft for API(s) 3.0.0
InvSee 1.0.0 by BlockHorizons for API(s) 3.0.0
MultiWorld 1.5.2 by CzechPMDevs, VixikCZ, fuyutsuki, kaliiks for API(s) 3.0.0
BlockSniper 3.2.3 by BlockHorizons, Sandertv (@Sandertv), Chris-Prime (@PrimusLV) for API(s) 3.2.0
MaxEnchants 1.2.1 by Xenophilicy for API(s) 3.0.0
Farms 1.0-non-alpha by Dấu Tên for API(s) 3.0.0, 4.0.0
Worlds 3.0.7 by survanetwork for API(s) 3.0.0
HideCommands 1.0.7 by Himbeer for API(s) 3.6.0
ec 1 by McLebt for API(s) 3.8.1
Netherite 1.2.1 by Wertzui123 for API(s) 3.0.0
PointAPI 1.0.3 by onebone | Fixed and Update by LamPocketVN for API(s) 3.9.0
VanillaEnchantments 4.0.0 by TheAz928 for API(s) 3.0.0, 3.1.0
PurePerms 1.4.2-c2a by 64FF00 & ProjectInfinity for API(s) 3.0.0
DevTools 1.14.1 by PocketMine Team for API(s) 3.13.0
TPAll 1.2 by matymare for API(s) 3.0.0
Trident 1.0.0 by brokiem for API(s) 3.15.0
Slapper 1.6.1 by jojoe77777 for API(s) 3.13.0
NoTP 1.0.7 by awzaw for API(s) 3.0.0
Broadcaster 1.5 by EvolSoft for API(s) 3.0.0
KeepInventory 1.0 by KhoaGamingPro for API(s) 3.0.0
BuilderTools 1.2.0-beta2 by CzechPMDevs, VixikCZ for API(s) 3.0.0
OnlineTime 1.3 by Zedstar16 for API(s) 3.0.0
BlazinFly 1.8.7 by iiFlamiinBlaze for API(s) 3.0.0
MSpawns 2.2 by EvolSoft for API(s) 3.0.0
AutoInv 0.0.10 by JackNoordhuis for API(s) 3.0.0
PureChat 1.4.11 by 64FF00 for API(s) 3.0.0
SETVIP 2.3 by MCPEVN TEAM for API(s) 3.0.0
KygekRanksUI 1.3.0 by Kygekraqmak for API(s) 3.0.0
AutoXP 1.1.0 by JackMD for API(s) 3.0.0
PM-Beacons 2.0.0 by jasonwynn10 for API(s) 3.0.0
NoDrop 1.0.0 by Inaayat for API(s) 3.0.0
EconomyAPI 5.7.2 by onebone for API(s) 3.0.0
Sponges 1.0.0 by  for API(s) 3.0.0
PiggyCustomEnchants 2.4.0 by DaPigGuy for API(s) 3.19.0
TimeCommander 1.0.2 by TheDeibo for API(s) 3.0.2
OffHand 2.0.3 by alvin0319 for API(s) 3.0.0
BangHoiUI 1 by JVN | JackVnKiller for API(s) 3.0.0
AuctionHouse 1.2.4 by Shock95x for API(s) 3.0.0
PiggyShopUI 2.1.1 by DaPigGuy for API(s) 3.2.0
Shield 1.0.0 by JavierLeon9966 for API(s) 3.7.0
EconomyLand 2.1.2 by onebone for API(s) 3.0.0
UpGrade 1.0.0 by LetTIHL for API(s) 3.0.0
PGShop 1 by NuTaVN for API(s) 3.0.0
SellExp 3.0.0 by EzMinh, LetTIHL for API(s) 3.0.0
CmdSnooper 1.0.0 by HotshotHD for API(s) 3.0.0
reyyogaWtrhit 1.1.6 by reyyogaMnelux for API(s) 3.0.0, 4.0.0
AutoClearLagg 3.1.0 by Twisted for API(s) 3.0.0
KitUI 1.3.6 by Infernus101 for API(s) 3.4.0
MenuUI 1.0.0 by LetTIHL for API(s) 3.0.0
RPG 1.0.0 by LetTIHL for API(s) 3.0.0
detu 4.0.0 by CLADevs || GreenJajot for API(s) 3.0.0
PHP-Sell 1.2.7 by Muqsit for API(s) 3.0.0-ALPHA9, 3.0.0-ALPHA10, 3.0.0-ALPHA11, 3.0.0-ALPHA12, 3.0.0
giftcode 1.0.0 by LetTIHL for API(s) 3.0.0
SlapperRotation 1.2.1 by jojoe77777 for API(s) 3.0.0
essentialsTP 1.2.2 by  for API(s) 3.0.0
luckyblock 1.0.0 by LetTIHL for API(s) 3.0.0
freeze 2.1.0 by Bavfalcon9 for API(s) 3.0.0
BuyFix 1 by FPVGAMER for API(s) 3.0.0, 3.7.1, 3.8.1, 3.9.3, 4.0.0
capdao 1.0.0 by Nguyễn Công Danh (NCD) for API(s) 3.0.0
Joinkit 1.0.0 by LetTIHL for API(s) 3.0.0
PickaxeFunction 1.0.0 by LetTIHL for API(s) 3.0.0
VanishV2 1.16 by superbobby for API(s) 3.0.0
gem 1.0.0 by LetTIHL for API(s) 3.0.0
MuaPoint 0.1.lpk by LamPocketVN for API(s) 3.9.0
NapThe 1 by phuongaz for API(s) 3.0.0
ScoreHud 3.0.0 by JackMD for API(s) 3.0.0
Rewards 3.0 by Wertzui123 for API(s) 3.0.0
AntiToolBox 0.1 by NgLamVN for API(s) 3.19.0
level 2.0.0 by LetTIHL for API(s) 3.0.0
LoadWorlds 1.1 by shin for API(s) 3.0.0
CustomTags 0.0.1 by DaRealAqua for API(s) 3.0.0
restart_in 1.0.0 by LetTIHL for API(s) 3.0.0
SizePlayer 1.0.3 by  for API(s) 3.0.0
AutoSellUI 3.0.0 by LetTIHL for API(s) 3.8.2
PiggyCrates 2.0.9 by DaPigGuy for API(s) 3.2.0
luyendan 1.0.0 by LetTIHL for API(s) 3.0.0
BetterVoting 1.6 by Twisted for API(s) 3.0.0
AcidIsland 3.2.9 by GODSMineVn for API(s) 3.0.0
cayphattai 2.0.0 by Lettihl for API(s) 3.0.0
PureEntitiesX 0.7.0 by milk0417, RevivalPMMP for API(s) 3.19.0
TempBanUI 2.3 by SonsaYT for API(s) 3.0.0, 4.0.0
TrashGUI 0.0.1 by Phuongaz for API(s) 3.0.0
WarpGUI 1.0.0 by RockPanther for API(s) 3.0.0
Item 1.0.0 by LetTIHL for API(s) 3.0.0
thoikhong 1.0.0 by  for API(s) 3.0.0
MuteTime 1.0.0 by LetTIHL for API(s) 3.0.0
PrisonMine 1.0.0 by LetTIHL for API(s) 3.0.0
CustomItem 1.0.0 by Phuongaz for API(s) 3.0.0
OreGenerator 2.0.0 by vividmemory, LetTIHL for API(s) 3.0.0
HealFeed 2 by JackPlugin for API(s) 3.0.0, 3.1.0, 3.0.7, 4.0.0
NganHang 1 by GreenJajot for API(s) 3.0.0
ShopMob 1.0.0 by LetTIHL for API(s) 3.0.0
QuestPlugin 3.1 by HmmHmmmmm for API(s) 3.11.0

----------------------REPORT THE DATA BELOW THIS LINE-----------------------

===BEGIN CRASH DUMP===
eNrtfWt327ay6F/BVrp2nXMtWaTe3iddcWwndmsnOrHyuLvsyoJIUELNV/mQrezd/35nAJAEaMeW
bTX3fNhdbS0OgcHMYDAvguC/Wn6chjT/smJpxuOotd/fbeU8ZK19a2j3uuNBrzfq2F1rOLB3W0Ui
bw07o+7A6g4no96wP+6OrN1WQLP8OE3jtLX/r1a+TqBVS17vtkKWZXSBkEMaBCSPCSUhC+csJX4R
uTmMSxYsf5PGRTJlacgzJCXbeU7gRlQEAeDw4c9rHiCSZEnT/b29w/29DxlQvXfghTziWZ7SPE73
jlh2mcfJ3vnFweleEhQLHmV7F8ezj6fTLyu70+tg970sdffOD6fHH9/uXbD8I08AnOAwaoiN+0Gf
gEfQx7bGILmUuvD719azLtkcx449fL5PJMhxJKz9U87dy53ngP+ZRZIQO+F/SexeshwYZnuZu2Re
EbB0b0azyxMaefB7x+qNNGQzQIJ32z/F0fsi2uFRzhYgd0sgtjdBfFFe7VijCaCuGzpO1RJGqmlo
/5TeGKp3+1BSSHtT8eecRqAm6c5w0L97nIqk9k8h5dFsmTLqnTCa5nNG88bI/dtHvmAp6PyO3Rs3
mZI0OY5BlJyPauCsMcjg7kGsgd0YRN7RZ3l4JwprMrkLxTSNXVhlcSpxje7GNRgPv4Ery0GIEsf4
dhxT8fMcfu7YE+sbaL58cWEB52nh5jvx/Hfm5uQVzdghWInsLKYeS3eJguvdi5wHmeOcw5yexYsF
tgIkPFr82hv+Rg73HUeseMcxlrzjqDUPPWHRO07Vq99/QC+1Xh1HcD+5l/ue3eQ+k+KVa7YrEexY
2CplfxQ8ZTuKron1G3mAFasHbZ9PaxtikvW89dufuy32V5rgp9hGoE12/MKjVRysWMiiHLB5IBY3
b5V3ASLxAsSNPYas2N0JgJ3cybm/8wP/FYT337DsyL+gjW111T0nF5dWdflDQl6QH/Ilz9o/JWBP
gb1pQNcwQT9ENGTP/yHa22b3XnWJYyXkby9eCPbJ3/9e4gI8ah09v4m06lCS168QqhEGTcBQA/wA
dGYs8s7ldO04LRAFcVodAnzbv5GO0yKuU1iMjSiZ4w9qRcQpupZlwf+7rEeWCJ37ufwBt3dJJEEF
CQv85UGXnEtYQnKBbuAi3m7X75EVT3bJNY9q/EuJei0RUQs6SRAN/+a0lCBHFRt/iutxPRGrBDTq
xmQIXdsRfD2vAYbyScyTGlONIKsQALUm4iPm0yJQt59LJLapJrZlXtqa1rj+oqYV4x2BVFcau2f2
rue4iDJsijh+dVpukaag5W2QqNP6TfUdNLmRQ2TlEMANdleth99oTVdMiccemcSMdQ0GSWr0LOPA
A/NT0oMq+ud/Ypb/xCz/iVn+E7P8/4pZdlsLFrGUBujp0f6B+TL6AmFzmIY6QW31OtakYyG84IEH
ieq4N9ht8eyLx1atfZ8GGYNwIo3z2I0Bbb8H6emCY7BBR67XHVvdrt2lvjXw5z1vNLHskTsauf5g
NIR01/X6rgu4C0XLJx558VVG3s7I0fHFL7N30/Yvr62Pn9+8IsNOjwgSyGTY7ZKdsqlUKAJJs03e
2+QiBwtDU48cexzjrOfk4Pxo2MeQB1LO/dYIbKyN7HwFxy/YU9dw+0ucIQ2nb9/OACAuriBIwtgo
TGKYgy8Bn6c05SxD+VFvCTynbO/3LI7a0EYFWVbH6tgvfdf2R5CzT/wu7ffpwB/MXZvacyDe646G
ts+6bDRmI0DvgX9Jgew43HMhXpxT97K9ogH3cKIBYRFdRvFV9FL9RWLriZ3ziKZrsS6gaRfGtnov
u3TOWG/s9Zk9HlpD2/Ltoe2OJtSmPW84mXhjCqT5fRPVrYNbnW6n93LYH41HfegzHM5dSkdsMB4P
7L7NYA7tnmsP2NgdDKjdQIirORCrWdFmv5yMBqOJPe7b/eHA7k16c2s0pj3Qhu6oZ1k9wO1OJpY1
NzEF8UJgsDvWy3GvOweJ2q4/GTJ/1O3ByMjwsN/r2r4N/+tZLu1PbmBoJ7nwA6Wgei9ZfzRirj9k
LsSOvuf1+9YAQi6P9uBi4o16cx+kxaiJKqT5UlEzfAmDDkbufOyC76OT8WAyHI3m/cmQjsZjbz6x
bd8buL7bM1FE87zkZ/xy4o9tINgb+TAnrjehg+GQ9fvzYc/t+9aYjoaDEWXjhnDrn+0wqRbqywes
Og1ZSi9Bt6VcgCbr5cR1WX8wno/nvsd6rO/53hxk7Q4HE98dzUc+s4fzgdvQoCyK469MiXfwctSd
D9ho0hvR7nA8GnseWETas4BbNh8NvcHQnox92/UaSJJAYOiDtgzn3fEcCB+7fepTa2T1Ju6EWnOY
GGvex4KZ5TFraLX+rFIesTZfU5FlZeD1NFOnQ3dbtY2z0Ah0AUSLfBmnGcZnM5YvWcq8L2g1acIR
1oO10MVrFtF5wMB+gAMD8+exBKwJdoN7WexDUFwCWgdRzi8SGuKYcBejEZMSx1EX6NQwiYP1gmb5
3cXs07v3Z0cAumLzjOfIAYaQn+I08KBjjqlczZwB1rnDsHJsMgfruwjWT+OsZkZic5wrpCCRFEgf
XbNzMTt4P/swNZhZ5nmSgYcDd7Es5h2woHvn4AR9zgJPV+8yTs5ThosvyyHuNLgFobyO0/BgeqpP
toI0J7oxz7/Hv8dshP8Y4rAfL44aI0ytJKL6scn8XsQup8FFstaYqWHmzFpNdg5T6oN8sIYM/41u
TPFuq/+UqXZDD9d4gnH2YehdyN+bcHUarYC2bPmaX2t86VCdMyBRBB01ZzojVv/xHITFH0CV4/Bo
5eLIPr92HBlxbsLGqwD0MjuMI6A1Z6nGSvNOc6JMdoCcHMYHHU+3tQxrjI7TIOYhHB4WWR6HB5DC
5JnGngFu8GZydryKgwugcVt86SOD1pl0bGBerq6uOgxoQvyd/FIp4wVjph4iwLQV3ebiElI9iVP+
FUz3ttgzkDqOpOQhE3ZeBDkX9lBjSAOaTA06dsNifGXucnp+xFYoz4/8ml8e/lM8A4KoMisuOfy+
BBPPL7fGsotDJiFkEMBwiJQK1wE+Q6f6TsZv8R0aI3saonLRXkQ8ublgFVSXERr/3l0TDyYaonVQ
wBXZeVn+xJzucJnyrD1NecjgDv4tsrOPz5/mWFrn62kQ561vaozGx4PUhl4fR+6SRsYy16Gm4txY
559ZFCdLHnB3a5GEhhIDiIoU42IT5l7TNMyMyA+vG8u7HUHeRgNIl03GjkThdVCQmay7Rtv2ossQ
gz6gSP3ZOOrLmvFe1tDcbmdk8pIV6YpGLIcFdrmtWRI4VbgHLFSEbLRgVTDXEUg6QNneM4kImTzh
HjuERJpGBqsGuGmjGwyf8BByX9OpDh/Pq0LnODoNzeD2GxzLrh1gAZ8VuRpDzDXZMFk4d8/Y3HSf
Y1h8j+RAYnMchnbKXbIs34x8JPqtSILEdUV7DbvHPnwCs/i14Jbd25bi1RgdpyJjw8m46S9qbHs1
T8D0NOZRbuYSFaipfA0/EUdsDv+RfxMIaJlHQFnIh8SjOSPzNTmDLFBkNR/fGhKZPF4iakDHSZBC
wOg4Gq13BEfI6Eca8SCgyq5i9UpfdLfd1dnv34yPZkt28HVij2+xlz2RqjySy5UkBYK/OGWPmOmS
rr3beMIZL1KGj8J09muYOef9jt127YbHGPZfv+52yd8JZKRYsz6NfB7xfGt+8YscACa3pEr7+QiB
iL4qq67xgCQgeJrFcaALogKZcoAcrLHe60IymTEaGrxbvcczXxKA9fiKlIeVFWrS9iocwO1sehDo
pXB53TBrN9K2dUhBC7eXtAl8jpMnNAg2N82zFBxSpBeASsg9Scw8jS85a0zP4PEcKHyOo8YHzTyv
Sbm/2hHQxIzLS4jJx7Cpbt8o3DxF0zI58qM9Sk3SXskEOtF4NtX9J17eE8TQq6/0amvlOUTmOFGc
J4/mTBKEqVQKPV1Rg9NTKQ3aSDf/2tqANjAkQgYVj6sM/MJYAik4KG+c6gU4E96YPpPHX5YxfUND
Hi1UzXcbjBpIHccgZ3Oj8QofoLG0aeINcDOq67bnLKcbFQ3+ivLAXNKWSw/QoPQpJQIDFcjmXYTb
p2Ziy20lGQ3YqCOb8vgn8/DBuDXclgwqhI5T0/Do5Vth29MYEoUR+pVHr4O1URYpYSbH46aR4vx1
ABrJI+yxNYdoYsXqhiJH+7lReeMioVeRUdpQELN4af+1BkoNilsIytEfZ5gOijyGFa/xU0Ju1M0b
9uhn6l6+jePUWxZ8ayW83wFpVCJ1HBgO0o6V49RE3TtDGHgeLmneCLoFqBlzW9ZtAfeDmNEi+ps1
tilfLNblQ7nWbuNJ4We24nGRTY/bVZNvxOZIfP1rC5G5QINhktynqUVJ5cZN40Ffo5Ag9niR2fHB
+db02diDtsk0/7JesMv3NLrMPugptQG+5xmdaJvSP0K6tRqWhhK8qUbL5s4UVf3ztLEgPzdjuxvh
AS7H86Nt8SGxyXX3efpoByHR7CkOcHGet18xinu09OVZA029u5Fk/E6zOLpaR5HV3Z7FqVBCVCDI
AJdQkXN/LSs+SuPECMQF4J506TSidE235g8UOseRo2+ubcfAZxyuzbqUBtTZGHRGTb+mCkXbYqOq
OzFJgag8GdTcn/glcbRgunqVkLtnZGsTsVoPBmDI5KCbT4RwFfIp5C3PT267a66VflPDjih0elOY
xSLrCUXBEiE4opvU3Ap8hMUoB9m7Bd2eKFBAjKkK5kauaMKbc23fqCgeMT5vplH2Y0VjDL7JHhWR
Gfg+7lvW0wIFaVrBXnObzYpH3Z412d5OG4UQsgLfB1l71Y+N0j8aLU5ibvjhGnbHE4mfIYr4N0En
8TH6hQfBUzctaJtzNKOheTUMMTb3wyImO4EIjRneWAM3k9q+yd/FMnYvJ4PrJ3JlGEB9a4tWYlIj
Ycgs6Fsifei/DWo3s0JAdmJMpg69Z//JrVbHfhrL4qm7grS+aY8kfcbFk+2PRCPszsUS94/pbkUC
7vHzP9MVZ+kZi6PJZGim8aP7MovSHNwZp+nowe0Iosq/DwgAzkxLpEObM76FEKCxPDcNBwJhmUza
7mXwQ/ImpZ6+hEvIPVN3xvLZ6cnZtoxs8YCobPoGNU9fgRJwhy19W8xo4wHgE4iV2BwH7EqywCr8
ppRfsCA4vtZJLyHNHQUNaR9/PefRcpdsWeoSLSjN5ylKcHNGtG2I2m41fW/incpzEucgu/xkaxnZ
47dIpmy9jhf0U54uuV4VMeHN9HJo8qMan0csKK63vXFFIQcyrIflyYcBo+kZXSwa6XINN7XuRtY8
u+JZzrxtTVIu0cnClYtEBECETKN1mh78pFniPcjWQRGeH+6Z+LAawnOzDCKum/WPYTMH9VkaFZnV
tQwB9J+S/lQoHUcQsfmEnrOoMJhQgO9rpkMYdHOa30/faATj1felNlk9wKR5LC80asXlPVsvDs8O
8KkG+fe/yZuUsehn+nu8vR24EjkwwCOOZZeN3ePJtI1uRXeQJagZkjeeLpyLfdpNDtoHZ9OTg4nY
UFJdWt3GtdW4tsvrxwoACT4RMc2mnC+4n5ev1CvOK9D31bxy2AeEBvLZ9fs4p7mgsvlovrpzzw6w
bzyif8pEmARszhPLMhblnAaZ8TDeADe5sf+KupM+IsTL5vj3shEU7uV6jht+NSY04PdVrXrgzSfC
B+v0VV8WCnDPey2v6MqnASQUW6ul1BgdR9LwkOfoa/M9FgW4I+x/Pf345uD8+P2te+NGHWmyxurv
RFSSnhSqSYo2Z8mliUf1l+UU4B6NeruAvL6wmDuIyKE406IfLcgRjZZk5+3h0fOt5TkwDosO42iB
uB3njK1YcJoFG+aWP8c8ujSC6hLyfVfMJc8fUml2L+k1e62OjDHqPOad7xzLyNE3ZwS3XWbLj3Zj
d6kANdKZYXP7Olj7eTyfr7e3eb3E6DglEfWvjVw7C3WvDlff2aE/JM0/L6jYEGy8GqRA5sYBqxMk
lw3CH7lh2awKVhuS7+BJGwnfApIE1r82er5Hk9nS2KguAXfY5GRZgEGhX7e2MBQ+x5Fjl383Crrw
KIGTwihclqB7KjJ/zRPlcvQH5FjsiqbGixslpMHA93xPQJGwjbcEFCpRZcbXunHr2KtYDwN0aGN1
Nd0maHxjVT3lkZ/C5zgaBZu+DKYxW5KFkSY6WD3IFNf3PPbftqNJWZbzxQM8DXJ8400pDdjwNg1n
s+TRtkivx9xc81Dx3GQVdfI4qd/EndHFzfdwBfDuF6ZbR/Q9o8HBHwXdFlMeTQEjBYybMeXxDIyI
1wHdAf9KO6yQZU5xhtAXHhk1zgr4fb2pGvgB2TH/yuQpdLqproF3vyK0rTwYxzvD8cBQV783rcZi
OcMo4GnAe3zNbdIfP/55vEL30N0XKc3ZzV0XEto0UZO/5LnnbZsovr0DQ1BmXDx9x4VAsyeLApAa
eTQySgIK9L0LAnLYB2TSLM9Z+jHOeaQ/GzDAjRdB/tIHA7PywYBOgXm10SpzuaeyU22V1cDm++YN
JX3z7ugC31b6GG1zR4J6CyqOmP50Xr5eDjMmXzPfqFSwTpY0zyk3ygUV8P4gIefLYGvP25KHpNRF
yo4hRMo5yz43Nh7XcNOxjpoMhDy47PYtLFi/Zyu+osH0/Hy6tVgulTiTMEwcJymwmi8JkxuLSzIf
/BKcRuueyS/u1mJh8opGhleoYXfuMr6Io4z+39m2nzUqtI5TkfGQl+NotnxjMlOC7omaplvOCT9B
MI7vxsnR1a+NXvinaWKyUELusenvYZlPwSEtt3e0zHtR4sXxN5+D09yok4jL7+uNgJYHVEqACn65
jA03VMO+y57UariH1Hfy5jtLFeg7P48t8gckatOUZ3F0Lg6srq1wDfzOFU0xsDyjc+N9JyL4a2i5
BryHg23bmXrkzVl4l7I34jzQPNaTGQN8jzMHl8K9kIVxut76liCdDsdRPzcqpp1AmvqaMT34qkAG
QzcLafLlm2+eYLBbHbLSf2qRbapOEd74MI4FjU6oYZ8q0B1Fzu1vB6gxPiBrXsbJeTw3tmVKyPdd
6dmD9pb9T8GyXGlETbkObWxbauwtC0P4F/4xY8P7TsKo3oC/8wihcImYHeePQhzpIoh6RFZZ0rin
cyVO06QpsAtZT+Nwh/KEYUGdOHy3k6S4xU0EpfutZ9PqihzGkc8XBL9l4KRO9OyC5uScroltE8ve
7032ez3yf7ojYndtCxuEce69OH93RupUCcFymHYSp/kLa2L1bAReLYGndgDp2osuXtMoiovIxeMi
sRbSpu6SM/nlg+xFHAk8+ApmW51QCXMmO4b0WvXJXtgDhCwoWjSPyft+nALWChb7PkJBAh5WyMvr
ZJWoUTzu+9wtgnz9QhC6KG1YO8PMJ1pkLxAsCqptVKkXgXgcVcEyMFNaE/y4xIuj49cHH85mCJV6
04Z5T9dqSAVKIdsr6cHfnYRm2VWcei/+S/wDQiryuI3n2auOK86u2h7IkILkXowRdD2Pr9uoxKoJ
TMKioAv2gkFcAtfGYa2ddYiHtT4juKKIK6a7SMXeDDHrBIRHDN0BLSCzJcsYKaVBaMoIRKsEEtMM
foCOuDiZOZkzwiM3KDzmwQ9yQ9sQ10UcQk8fETRxZtRnuyTGQDhDlGSeMnpJ1nGRKlyE+wQmlftc
jADzid/HCNaI+C27qtDtefIrBxm5iqMfc4LLk6YEpRkCs3hw8hopxK8GSL6vliwiRbJIKX4EoONE
qMUS2b4TEfLs01KcOYQfB8FvUBD8UIg8/BtkkNIIlD8HosRtQWoQwzDAKvxiuZCXBwmdy8hSnKmP
kBAxS3UtZ22fiCO68Ua2LHIvhgWgPk+yT5yWOj3bDeKMeU5LUHYQBPEVwYUFxJQfKSArTsn/oMph
G6F75bms+wQNmOh6LPRQ9RGnH+ESITBjIBTENl8TJUpsr9S2uq0R++wTB4HEEciVeh5JWSbFj2LF
4+xJyGgGSSwubwJCnzMkGoTD/iio+OTKgq+gLSS8BSM7alAwNM8RuxwRFgxDm9IGseNZ8vtwW4z9
thDfagGtOsjWkYsfFCB4gBroUUc0+ADSEqpdcorNlmkMFghmD5pnu0ScakbU4of1sEvwGHFgBL2F
kA3YZYSFRQQahE0k8gsxvcATaFkaX3PQMAZiAJaE5kYVcShbRdCpj7oqvjQDOrlLeP4jfngmFd08
hvZOqEyjM9kBHgpYN7YQi2CjrTjdF6iaukqFcqRFFOF0emig4kRMgjioIeuQI7ZSv0nIF0tYzJjx
7uqLTykOSiRNiySXUCkwFAxEk0zxJSYXFqU4Xd2TC4KuYu4B2bdTgDqCOheDoEG7OpqiQeO2bFRp
Gph/EbzKRfkGLDFoDzpdIuGwDkKe49oO2YLO1zlInFxIUXeFcHmGuEX3Gc7aFReSFxoFi/aqLRGV
SpYJDn0OJIJFYniEB6LBHUjlkFLJYbYKXKZkEcNExbhMUStwoIUgsy1I2ydd5AJGFyZYnnD+v54D
jGLuoh+969Poh2woESQo81mRpNBlBMwH+keweyVBOGpJldW1+4owYQQ+iVWh6Mt+3AKFYl0IktBi
EPX9Gljp7Jq5hTC+sSRZrkh0VlVrdu1ClJDVHEnD9W52vE9mJ6cX5Oz0/HRGDqbTs9PjCzI9fk8g
HPzl+P0ugUZk9g5aHZNPJ+/Ojsn0/bvD44uLTtMEGPKwB0MljilLeSwcMhriDBl0l0yYZCGNytha
IHsICTxhW0STNiZw0swKVBAfAp9goEGbkN9vKZtUMoj40AFG2EwNJjBLJGB6a0MuPZIY4x36EPTz
okPnZmvUBRWLw7QlzMVwQEoWyZXzKvtWPIB6sSSrWe11Fa/Z89tJUpz3FOcLms5hZbTdOAhkLCoM
0O3SFUsNyVG9iOoFtjukUSGCD50SCMwK0MHnu6VPaCphqYbSvfo+4JL8hvUS7JB30uZLhYfoIS4C
r6KFgxO5ikhNfyYRJ4J8YHTY7SpeYbTXwljccJJCdSSGijc/jcPS2creqkVbV019hpEbNZM3dIPc
olKGdlyUASNOWQojoRoqRfaKMJHRlQzhiLrRxhvlfB1hI9VB0C7ILDmAK3DzsNjpLQIGpw2OD0ZY
gZJlGeRfYBjyJczaoow20WjhaDVVu+VEyhhBBZUdSQ02/aacMM9xl0V0mZW0H9IEoTwsQvCx+Eo0
KXMBnEgisyJJRS1XXC9KlGLF3NQxCLYTRZEYsI1RcAFOt1/N2FEsbzV1GmMjtHoSv2xcLiGJSzXU
ORORQ9uleLppNS9AiohVIHxE6QF1MsCQWBI8KB0TDewjOay5g25KnpKfcmRsXEe7KEB8tafEezeq
u/TQidQJvfvKRUBohp8PEyHmnOaQyWIkLkiGqAm/FiedjLBtMvNRd6VrmbMq2JTu7Zk+S+UtNKvp
Okfku6RtaRMoJk8M3M5LYpQLEFa7jmNFioohpCc5x1xGBPrYGYCKrA45gVgQdOmFCO7I4fTDLvQF
Guawvq64B2ovYgVpPSv8bYF/nwzLsLuOyDMhHa1thxx4YKiWNPD38BBWkSZ4DHRYDQWDEiyPoIJp
C7F2exoyPRU5vkarhiEmDToEifgwjaZlsF0ngJhLIFG4Sww7FkmUtNV1I7s5V6su419ZNZ8YlpfT
iK8FlCEThO1SPTTX2p/YstPzDpmqPgFNF6IDVZmo0gUxop/SBbIAcwJiy5JARCyYXoYUX+iHkVOc
p8OAY8VE5Mv4USqW5eR89kFQmgFLyPa8yAnm52Iq6+FkctEpbU2YF23stS+oRS332LxY7JcJy0/E
wkRFhWtLWKriPlHpaSYTatTkKIul41LaYCEyaZwktsNlDAksamCZp7AyExUWzKM5JRldlZYSKyBl
nQjvaSksECbqcTJgUfWI32MeyWRYlIl+JJ/n8TVqfUpOj8jO5w+nR88Jfn9hCTRA+ysw90kqT40C
xcD8JYXkpVNHgKAJsWgihI0HkX9+dVbiV7mNBvlRDIbFIuE0IfrAJFe4YcFbXFZHlAvRiji+L4aF
e9xft68L7mmKSCFOAevGaF7aTeBfftSrTANECqkoBb1h6ljjKHYDnhDRF9QGq3ouxVQyjFdlVo4u
TfkBYYvb5T05ZFZbwLLwpVdIZqLEIfVdfjdbToZoq5S7yFSpxYWVnEtbp/q0ZZ99kkCQtOIBDiPt
uLJRahR0RDRaVIlChN2Cpj/cLVsZFbNbq1Jylg/CuMAl7EuHo1Y0ilLNMTpYNFGiHgF6iL+Fh4TO
74W/1DoLxiMm8985k8jmzMcFKKqawsUtS4UXOi6KnYbnlezjQBX7YIgIbZKayG8FwmgMnNptVHZv
J5OmgAn0o1x3QGzZGf9W1PTEYsbqQLsQx2Nnmk6K13HFQKK6q6/NIzGYeOMoExYI5clSnGkiv6BG
FHdEVVNKDy76GKwDvjaxyTOygDwsq8VTV2wqCXVuikjZpivKRaIGdhKyGDk3SZwUQamM6gJdmWij
LGJP2EMR4bcTZcXQmaBhAm+nYmdRrZU1qn3lxbGkJvJGCZZOUM0X7lSqih1eLTfU9za+AtgAVcvN
BCdLCDf9WJsRWGVt+eigarmMcWYEKR3cqdLhsaAYLNk6xLwnwzf0MuAwq0nHZE7dJ/V9wYKwYnSx
SCGDltUyVVqTFQT8bOplkz9BH6zgd0fv8AOKbWXzpetDo3DFZHBNYelciREzQXjNgIB1tHo2eNpK
8lI15eTcECpMqLyvlAmcPH4EULgqPUYU8FgXHYTdEeqJVrraJeIzFLsEj1oV/jmvwjAwvT5LIdRu
owWK0P/Ju6W7ks6CGqUw9VBK868FhJzgyoUVK42FQihmXt4vx7gx05JXfapzHta2WjlgRIrtcSWg
acaZRYOJA4oan+pU1nM79QDqjj5CKc27Xbwy23J25arQSicKB6DPlTzLIslSAYXFwCxHBc7KYmDN
GXITT0SO3K8QQfoBjMgHDGiBysqBtHGAT5nI0rPRgNNMpSUQSdIwCcorjHmARjVX++WkyXugt1jC
2ie/imAF/OeuqGn9hkjlFzMqN6k/+BBsYOCIR3DLqkH5/EmUA27zWMKhCw+diQBZZJt4lg/Qqtyt
Tr4cV9AgfxJ8YoVeQXqvesR98vrsYLZv/2O0O5hcW7u9696u/Q/rHx4GRGKd7+BH3Vw0ri/GXWmK
5VV/8FxGefIZg56syxWOvgVkrGppIvQQxTCYNXdN5Kdli7Q0ymWGklZPJ4TFATzgqlzx9CcrBdYu
n2yALshw9tlrYWrEUKK9gaQQkYL64LoGaYvYUgv64kTkt+waDF+mkjv3UrxUIhIZkMicQ2C+lkGc
aIf8AimQekg3IteM5FLgh2AkrWx1a7fFrnMWiU964yNr8cUE7bOnc1d9vbKC4FMl/GSqAYvDL16c
gzE0oOoz9zWgSAP9Gk2Efu3zQJwTXkMWofER1iXuhdOuOayylQ7AT6uKfQFyE2Y4l4/I9CaZ+uKr
Dktck+v3zFfFBaOnMPuZCYIAJdQhF9Mz/TJcZ38E4sux6hcZ4B5CG58tkDZ+hnbQ7XdH8POHU1gS
I9eFfydDNhwN/KE3stnA9bu+PRz5/TGzhiPXpvO53SM/AO48vmQRhAeGxNZUPGEtX4n+yhP56spA
nGH2VX61s2oNl9ehOScxsmN3uz3LsnGb8fTonSEqL/4iWGkCAcTN6QRzEWWZ0fCCo0H4fG7IqEEB
XGKabbIFwCv84IoB1L7PipuiLfzEMBC8NJWz9tZfRDCmf/sWRcQX8pu46iAZFJNAaal91sKgefPy
+6uox+k6yWMBkHs4Ft6NOeeGmgjZ9HQQ5HiFMN+LQipjSc4/MWZ7NxXlobrDn3/+P9jVjj8=
===END CRASH DUMP===
