PocketMine-MP Crash Dump Tue Jun 8 07:10:58 +07 2021

Error: Call to a member function getGroupPermissions() on null
File: plugins/SETVIP_v2.3.phar/src/MCPEVN/SetVip
Line: 218
Type: Error

THIS CRASH WAS CAUSED BY A PLUGIN
BAD PLUGIN: SETVIP v2.3

Code:
[209] 		if($i[1] < 1) {
[210] 			
[211] 			$p = $this->pp->getPlayer($name);
[212] 			
[213] 			if($p !== null && $this->getServer()->getPlayer($name) !== null) {
[214] 				
[215] 				
[216] 				$p->sendMessage("VIP ". $i[2] ." của bạn đã hết hạn, nếu muốn tiếp tục có vip, xin bạn hãy nạp thêm!");
[217] 			}
[218] 			$vperm = $this->pp->getGroup($i[2])->getGroupPermissions();
[219] 			$this->pp->setGroup($p, $this->pp->getDefaultGroup());
[220] 			
[221] 			
[222] 			$pcfg = $this->time->get($name);
[223] 			
[224] 			unset($pcfg["current-vip"]);
[225] 			$this->time->set($name, $pcfg);
[226] 			$this->time->save();
[227] 			
[228] 			if(isset($pcfg["holding-vip"])) {

Backtrace:
#0 plugins/SETVIP_v2.3.phar/src/MCPEVN/SetVip(26): MCPEVN\SetVip->tick()
#1 pmsrc/src/pocketmine/scheduler/TaskHandler(137): MCPEVN\TickTask->onRun(integer 1)
#2 pmsrc/src/pocketmine/scheduler/TaskScheduler(179): pocketmine\scheduler\TaskHandler->run(integer 1)
#3 pmsrc/src/pocketmine/plugin/PluginManager(654): pocketmine\scheduler\TaskScheduler->mainThreadHeartbeat(integer 1)
#4 pmsrc/src/pocketmine/Server(2389): pocketmine\plugin\PluginManager->tickSchedulers(integer 1)
#5 pmsrc/src/pocketmine/Server(2152): pocketmine\Server->tick()
#6 pmsrc/src/pocketmine/Server(1992): pocketmine\Server->tickProcessor()
#7 pmsrc/src/pocketmine/Server(1586): pocketmine\Server->start()
#8 pmsrc/src/pocketmine/PocketMine(291): pocketmine\Server->__construct(object BaseClassLoader, object pocketmine\utils\MainLogger, string[36] C:\Users\Administrator\Desktop\MSAI\, string[44] C:\Users\Administrator\Desktop\MSAI\plugins\)
#9 pmsrc/src/pocketmine/PocketMine(321): pocketmine\server()
#10 pmsrc(11): require(string[91] phar://C:/Users/Administrator/Desktop/MSAI/PocketMine-MP.phar/src/pocketmine/Poc)

PocketMine-MP version: 3.19.1 [Protocol 431]
Git commit: a7cd0810020af15fb3d79127c77cf576085cd4cc
uname -a: Windows NT DESKTOP-KF1VXGB 6.3 build 9600 (Windows Server 2012 R2 Standard Edition) AMD64
PHP Version: 7.3.21
Zend version: 3.3.21
OS : WINNT, win
Composer libraries: 
- adhocore/json-comment 1.1.2@fc2f76979f0a44a5f5bc2a2b600d0762fe0e78e7
- daverandom/callback-validator unknown@unknown
- pocketmine/binaryutils 0.1.13@0abee38d4e2861621f262c79a2a3d699d8a697f4
- pocketmine/callback-validator 1.0.3@64787469766bcaa7e5885242e85c23c25e8c55a2
- pocketmine/classloader 0.1.2@9757928424652393b178a3760073113aa7c9911b
- pocketmine/log 0.2.1@830b44a2cf96ef703c550abe64302f230231ca49
- pocketmine/log-pthreads 0.1.3@e477ecf6ec214fdd4415ea1da3fdd9d73bf699ea
- pocketmine/math 0.2.6@43057cb8c179a9859677b496a788db922fd5cfc3
- pocketmine/nbt 0.2.18@9f82ca4d7f97fcd9a566e44b63c4f18a7657ae82
- pocketmine/pocketmine-mp 3.19.1@a7cd0810020af15fb3d79127c77cf576085cd4cc
- pocketmine/raklib 0.12.11@9cce458b8bfde3e4dfdbf70c659fc7b7fe26b5c4
- pocketmine/snooze 0.1.5@70b5e7937a06878dd321a3182ceb76d56298f2cd
- pocketmine/spl 0.4.2@6b08b7cf8c4afa17139c9a1b3bf1b408531de161

Loaded plugins:
AutoXP 1.1.0 by JackMD for API(s) 3.0.0
TPAll 1.2 by matymare for API(s) 3.0.0
CustomAlerts 2.1 by EvolSoft for API(s) 3.0.0
BlocksConverter 2.1.1 by matcracker for API(s) 3.0.0
Worlds 3.0.7 by survanetwork for API(s) 3.0.0
HideCommands 1.0.7 by Himbeer for API(s) 3.6.0
PurePerms 1.4.2-c2a by 64FF00 & ProjectInfinity for API(s) 3.0.0
Netherite 1.2.1 by Wertzui123 for API(s) 3.0.0
OnlineTime 1.3 by Zedstar16 for API(s) 3.0.0
KeepInventory 1.0 by KhoaGamingPro for API(s) 3.0.0
AutoInv 0.0.10 by JackNoordhuis for API(s) 3.0.0
OffHand 2.0.3 by alvin0319 for API(s) 3.0.0
InvCrashFix 0.0.1 by  for API(s) 3.14.0
Broadcaster 1.5 by EvolSoft for API(s) 3.0.0
SocialSpy 2.1.0 by Crafter20162017 for API(s) 3.0.0, 4.0.0
NoDrop 1.0.0 by Inaayat for API(s) 3.0.0
TimeCommander 1.0.2 by TheDeibo for API(s) 3.0.2
MaxEnchants 1.2.1 by Xenophilicy for API(s) 3.0.0
DevTools 1.14.1 by PocketMine Team for API(s) 3.13.0
KygekRanksUI 1.3.0 by Kygekraqmak for API(s) 3.0.0
MSpawns 2.2 by EvolSoft for API(s) 3.0.0
ec 1 by McLebt for API(s) 3.8.1
Farms 1.0-non-alpha by Dấu Tên for API(s) 3.0.0, 4.0.0
PiggyCustomEnchants 2.4.0 by DaPigGuy for API(s) 3.19.0
Slapper 1.6.1 by jojoe77777 for API(s) 3.13.0
PM-Beacons 2.0.0 by jasonwynn10 for API(s) 3.0.0
Trident 1.0.0 by brokiem for API(s) 3.15.0
BuilderTools 1.2.0-beta2 by CzechPMDevs, VixikCZ for API(s) 3.0.0
Sponges 1.0.0 by  for API(s) 3.0.0
VanillaEnchantments 4.0.0 by TheAz928 for API(s) 3.0.0, 3.1.0
BlazinFly 1.8.7 by iiFlamiinBlaze for API(s) 3.0.0
MultiWorld 1.5.2 by CzechPMDevs, VixikCZ, fuyutsuki, kaliiks for API(s) 3.0.0
FormAPI 1.3.0 by jojoe77777 for API(s) 3.2.0
InvSee 1.0.0 by BlockHorizons for API(s) 3.0.0
Shield 1.0.0 by JavierLeon9966 for API(s) 3.7.0
WorldProtect 2.3.8 by aliuly for API(s) 3.0.0
EconomyAPI 5.7.2 by onebone for API(s) 3.0.0
FactionsPro 1.3.20 by Tethered_ for API(s) 3.0.0
SETVIP 2.3 by MCPEVN TEAM for API(s) 3.0.0
BlockSniper 3.2.3 by BlockHorizons, Sandertv (@Sandertv), Chris-Prime (@PrimusLV) for API(s) 3.2.0
PointAPI 1.0.3 by onebone | Fixed and Update by LamPocketVN for API(s) 3.9.0
NoTP 1.0.7 by awzaw for API(s) 3.0.0
AuctionHouse 1.2.4 by Shock95x for API(s) 3.0.0
EconomyLand 2.1.2 by onebone for API(s) 3.0.0
PureChat 1.4.11 by 64FF00 for API(s) 3.0.0
BangHoiUI 1 by JVN | JackVnKiller for API(s) 3.0.0
PiggyShopUI 2.1.1 by DaPigGuy for API(s) 3.2.0
essentialsTP 1.2.2 by  for API(s) 3.0.0
VanishV2 1.16 by superbobby for API(s) 3.0.0
BuyFix 1 by FPVGAMER for API(s) 3.0.0, 3.7.1, 3.8.1, 3.9.3, 4.0.0
CustomTags 0.0.1 by DaRealAqua for API(s) 3.0.0
KitUI 1.3.6 by Infernus101 for API(s) 3.4.0
gem 1.0.0 by LetTIHL for API(s) 3.0.0
MuaPoint 0.1.lpk by LamPocketVN for API(s) 3.9.0
CmdSnooper 1.0.0 by HotshotHD for API(s) 3.0.0
MenuUI 1.0.0 by LetTIHL for API(s) 3.0.0
AcidIsland 3.2.9 by GODSMineVn for API(s) 3.0.0
QuestPlugin 3.1 by HmmHmmmmm for API(s) 3.11.0
UpGrade 1.0.0 by LetTIHL for API(s) 3.0.0
SellExp 3.0.0 by EzMinh, LetTIHL for API(s) 3.0.0
luyendan 1.0.0 by LetTIHL for API(s) 3.0.0
HealFeed 2 by JackPlugin for API(s) 3.0.0, 3.1.0, 3.0.7, 4.0.0
LoadWorlds 1.1 by shin for API(s) 3.0.0
RPG 1.0.0 by LetTIHL for API(s) 3.0.0
SlapperRotation 1.2.1 by jojoe77777 for API(s) 3.0.0
MuteTime 1.0.0 by LetTIHL for API(s) 3.0.0
Rewards 3.0 by Wertzui123 for API(s) 3.0.0
restart_in 1.0.0 by LetTIHL for API(s) 3.0.0
SizePlayer 1.0.3 by  for API(s) 3.0.0
AntiToolBox 0.1 by NgLamVN for API(s) 3.19.0
luckyblock 1.0.0 by LetTIHL for API(s) 3.0.0
AutoSellUI 3.0.0 by LetTIHL for API(s) 3.8.2
OreGenerator 2.0.0 by vividmemory, LetTIHL for API(s) 3.0.0
level 2.0.0 by LetTIHL for API(s) 3.0.0
NganHang 1 by GreenJajot for API(s) 3.0.0
TempBanUI 2.3 by SonsaYT for API(s) 3.0.0, 4.0.0
TrashGUI 0.0.1 by Phuongaz for API(s) 3.0.0
freeze 2.1.0 by Bavfalcon9 for API(s) 3.0.0
WarpGUI 1.0.0 by RockPanther for API(s) 3.0.0
cayphattai 2.0.0 by Lettihl for API(s) 3.0.0
detu 4.0.0 by CLADevs || GreenJajot for API(s) 3.0.0
CustomItem 1.0.0 by Phuongaz for API(s) 3.0.0
capdao 1.0.0 by Nguyễn Công Danh (NCD) for API(s) 3.0.0
PureEntitiesX 0.7.0 by milk0417, RevivalPMMP for API(s) 3.19.0
PickaxeFunction 1.0.0 by LetTIHL for API(s) 3.0.0
giftcode 1.0.0 by LetTIHL for API(s) 3.0.0
AutoClearLagg 3.1.0 by Twisted for API(s) 3.0.0
ShopMob 1.0.0 by LetTIHL for API(s) 3.0.0
reyyogaWtrhit 1.1.6 by reyyogaMnelux for API(s) 3.0.0, 4.0.0
Item 1.0.0 by LetTIHL for API(s) 3.0.0
PHP-Sell 1.2.7 by Muqsit for API(s) 3.0.0-ALPHA9, 3.0.0-ALPHA10, 3.0.0-ALPHA11, 3.0.0-ALPHA12, 3.0.0
PiggyCrates 2.0.9 by DaPigGuy for API(s) 3.2.0
ScoreHud 3.0.0 by JackMD for API(s) 3.0.0
PGShop 1 by NuTaVN for API(s) 3.0.0
BetterVoting 1.6 by Twisted for API(s) 3.0.0
PrisonMine 1.0.0 by LetTIHL for API(s) 3.0.0
thoikhong 1.0.0 by  for API(s) 3.0.0
NapThe 1 by phuongaz for API(s) 3.0.0
Joinkit 1.0.0 by LetTIHL for API(s) 3.0.0

----------------------REPORT THE DATA BELOW THIS LINE-----------------------

===BEGIN CRASH DUMP===
eNrtfWt32za26F/BKF1T+1xLFqm356Qrju3Ebu1YJ3Yed8quLIgEJdR8lQ/Zykz/+90bAEmAdmzZ
VnPPh+lqa3ET2Ngb2G+A5L9afpyGNP+yZGnG46i1199p5TxkrT1raPcsy+oOxp3JYNKd2DutIpG3
Rp3uZDAY98fDSW/cHw2HO62AZvlRmsZpa+9frXyVQKuWvN5phSzL6BwhBzQISB4TSkIWzlhK/CJy
cxiXzFn+No2LZMrSkGdISra1TeBGVAQB4PDhzxseIJJkQdO93d2Dvd0PGVC9u++FPOJZntI8TncP
WXaVx8nu2cX+yW4SFHMeZbsXR5cfT6Zflnan18Huu1nq7p4dTI8+vtu9YPlHngA4wWHUEGv3gz4B
j6CPbY1h5lLqwu9fWy+6ZH0cW/Zwe49IkONIWPunnLtXW9uA/4VFkhA74X9J7F6xHBhmu5m7YF4R
sHT3kmZXxzTy4PeW1RtpyC4BCd5t/xRH74toi0c5m8O8WwKxvQ7ii/JqyxpNAHXd0HGqljBSTUP7
p/TWUL27h5KTtDsVf85oBGKSbg0H/fvHqUhq/xRSHl0uUka9Y0bTfMZo3hi5f/fIFywFmd+ye+Mm
U5ImxzGIkutRDZw1BhncP4g1sBuDyDv6Kg/vRWFNJvehmKaxC1oWpxLX6H5cg/HwG7iyHCZR4hjf
jWMqfp7Bzy17Yn0DzZcvLihwnhZuvhXPfmduTl7TjB2AlchOY+qxdIcouN69yHmQOc4ZrOlpPJ9j
K0DCo/mvveFv5GDPcYTGO46h8o6jdB56gtI7TtWr339EL6WvjiO4nzzIfc9ucp/J6ZU625UItixs
lbI/Cp6yLUXXxPqNPMKK1YO2z6a1DTHJ2m799udOi/2VJvg5thFokx2/8GgZB0sWsigHbB5Mi5u3
yrsAkXgB4sYeQ1bs7gTATu7k3N/6gf8Kk/ffoHbkX9DGtrrqnpOLS6u6/CEhL8kP+YJn7Z8SsKfA
3jSgK1igHyIasu1/iPa22b1XXeJYCfnby5eCffL3v5e4AI/So+3bSKsOJXn9CqEaYdAEDDXAD0Bn
xiLvTC7XltOCqSBOq0OAb/s30nFaxHUKi7ERJTP8Qa2IOEUXHDX8v8t6ZIHQmZ/LH3B7h0QSVJCw
wF8edMm5hCUkF+gGLuLtdv0eWfJkh9zwqMa/kKhXEhG1oJME0fBvTktN5Khi409xPa4XYpmARN1a
DCFrW4Kv7RpgCJ/EPKkx1QiyCgFQayI+ZD4tAnV7WyKxTTGxLfPS1qTG9ec1rRjvCKS60Ng9s3e9
xkWUYVPE8avTcos0BSlvw4w6rd9U30GTGzlEVg4B3GB31Xr4jdZ0ydT02COTmLEuwTCTGj2LOPDA
/JT0oIj++Z+Y5T8xy39ilv/ELP+/Ypad1pxFLKUBenq0f2C+jL5A2AyWoU5QW72ONelYCC944EGi
Ou4Ndlo8++KxZWvPp0HGIJxI4zx2Y0Db71kwCMdgg45crzu2ul27S31r4M963mhi2SN3NHL9wWjY
HQ9cr++6gLtQtHzikRdfZ+TdJTk8uvjl8nza/uWN9fHz29dk2OkRQQKZDLtdslU2lQJF7K5lk/c2
ucjBwtDUI0cexzhrm+yfHQ77GPJAyrnXGoGNtZGdr+D4BXvqGm5/iTOk4eTdu0sAiItrCJIwNgqT
GNbgS8BnKU05y3D+qLcAnlO2+3sWR21oo4Isq2N17Fe+a/uj4WQ08bu036cDfzBzbWrPgHivOxra
Puuy0ZiNAL0H/iUFsuNw14V4cUbdq/aSBtzDhQaERXQVxdfRK/UXia0XdsYjmq6EXkDTLoxt9V51
6Yyx3tjrM3s8tIa25dtD2x1NqE173nAy8cYUSPP7Jqo7B7c63U7v1bA/Go/60Gc4nLmUjthgPB7Y
fZvBGto91x6wsTsYULuBELU5ENqsaLNfTUaD0cQe9+3+cGD3Jr2ZNRrTHkhDd9SzrB7gdicTy5qZ
mIJ4LjDYHevVuNedwYzarj8ZMn/U7cHIyPCw3+vavg3/61ku7U9uYWgnufAD5UT1XrH+aMRcf8hc
iB19z+v3rQGEXB7twcXEG/VmPswWoyaqkOYLRc3wFQw6GLmzsQu+j07Gg8lwNJr1J0M6Go+92cS2
fW/g+m7PRBHN8pKf8auJP7aBYG/kw5q43oQOhkPW78+GPbfvW2M6Gg5GlI0bk1v/bIdJpaivHqF1
GrKUXoFsy3kBmqxXE9dl/cF4Np75Huuxvud7M5hrdziY+O5oNvKZPZwN3IYEZVEcf2VqegevRt3Z
gI0mvRHtDsejseeBRaQ9C7hls9HQGwztydi3Xa+BJAkEhj5Iy3DWHc+A8LHbpz61RlZv4k6oNYOF
sWZ94KVnecwaWq0/q5RH6OZ+kcefp5qVU4CdVm3ZUE+7AKFFvojTDIOyn0H6zw7RTtKEI6AH0t/F
axbRWcDAYoDLAoPnsQTsB/aBe1nsQxisATDkgAEkNvAqYmzptTBLA4VAu3t+cfnp/P3pIYCu2Szj
OdK5yPMkA6sPJnRRzDpgVXYlml3FAfB5Od0PdAsur03WbJMxENlVSFO2KdZKfI6TJ2A11uMNaT8o
sjwO9yFAyjONBQOsc2IL36NxcgT57AVQtSlO9JEdp0GHYuficv/95YfpnQt1fX3dYUAT4u/kV8jj
6wCEOTuII2AjZ6nGZvNOg9MmrzDLLuQLV9Byc+umMDpOgxjHkXHXOqv4KU4DT18/BdD5QTpHJj9Z
kS5pxPLrOL3aFEcCp+NcCwIcpyJkLS1TFqMjkHSAst0XEhEyecw9dgBenUYGqwbYVLpbDB/zEByx
uXrDp/Oq0DmOTsOadkV27QALwNq0SBnm/jpfNcxkCsxwGyIXk7Fh/80biML+TiCtwCD9JPIhNs1X
m1rVL3IASLFKqrSfT7Choq9Kt2s8MBPvWL5gqehXzUQNa9jUpn5+AsX5WnDL7m2K7xqj41RkPNlz
1Nh2a56A6fMIK4WXYnep4loDmmz3TKb/yTzMAa3hpniuEDpOTcOTea6w7WoMAc+/MJacgKmLIKxd
aWyb8IY+m5z/sojpWwoxyhykflPcG0gdxyBnfbeKwQF0awQ8CNE5AjI71h0hz7s4Tr1FwbNNMfU7
II1KpI4Dw8U8WspISBL1IEfnvo/FIl1AFcR0mt2mfNJgyaNuz5psipkKIcin7y+AhOrHOowAvwcp
zRZv+I3GjA69tUQGQzoXVv8Zrr/4A6hyHFgIF0f2+c1jXP7rFFq4NGsENBrU1J3BXxu2aQNDJGNQ
8bSg7SJ2OQ0uEt021LBmoNZQIlhKHwa3u5Brd63RLSZ3Wv3nMOuGHmZWCfJ6EHoX8vc6q/YuPkzj
RPdtEtCMWxr8nESUrujGFkuhA5cmRl/frKHxVnGOIXYmvMlMI/e5XLBDxmdNi20/lRtj8CYvd0kd
cnJGb44iF2yGkfbo0Adijc8sipMFD7i7sSBLQ4lsVKQYF+ss0yFbXsZxoHNWgRoZd7/JV11+JJeM
hgZvVu/pzJUEYBW3ImUN06AHjRVpuxUOjCRWc3b1nkZX2YcTPZDQwY0I6lYkgW1T+kdIN5YHaSgh
itBoWV/bzi4Seh0Z8qkgpvmz/1rTrgbFqns5+tNMOnM1VphrLorJw5l7ymYmB2OQ1KdyILA5DkML
4S5Ylq+/CG+omZbJ64aJa0dx1KZBsmikZYdiy3hQkEu5Yxxt2hMtQscRFKk/63A05fP5ShZW7jCB
d901xa3f1J5DCp3eFqYdtCbPsBUKIeSYt6m5E/iExKQcZPcOdLsiAglokhhuroSYqz9smtDf499j
NsJ/NmY9Mznyk7OwmqTdkgmUhLP2a0Zx408XgBrYjOwb6/47zeLoehVFVndziUqF0nFmggwIJyty
Hg5QUu6JXZ86NFGQByKsWRpfcdZwd4OnM6LwOY4aH6T2rCbl4eged9ZY2vTiBrgZoHTbM5bThjM4
+MrcxfQM/CV2+Mhv+NXBPze1Wi4iT0IPkMNqSdpy6eQblD5WXjWydw1UqJdJHM2ZPi0l5P413ljw
vFwNBo6jBl3fk3ykEQ8CqmwMbk7qPNx1V+enf1tmIZDe/zqxx3c4lZ7IiZ7I4VKSArlNnLInLF5J
1+5dPIl6PP3KozfByqjElzBzEcfNEi7nbwIach5hj43tn5hYsRavyNF+rhWyFUHORc1bj9pqYCMn
76ylrXj+e1XkWXHF4fcVDTi/yv4SHQ6RUlFxB7HWqX6O/mqIMJ6K03B/qgfqJeSBGP0bXtV+hrOp
MEL0JImofqxZSbpgzCwiIeABVyP2eY7jlH9Fp7ap+ouO1HEkJY+pJ10sODOkVgEeYOZnuuQsPWVx
NJkMzRL06AFuqgLivVu2OnowuoKo8u/aW2PTNM7xoG1jg6wEm3EOpBrNCiYvgtXmypeITe2QJZKC
daoWd2jZWcFTHydCP3xQnmLMU4ZHI7AIt2twC5NyBPFUHK5MPdSA+oQMYCEbZiqO2Az+29SMKHSQ
n0kKAKfjGNSskaWJU9wZbgTouVoNbVoXu+lMxYYM8748j6vWfpRzyJNDtSWhWNQowUxNXKwbN6gj
4ZpmlmfEDaltJNDiOCm5PNo/21gdwDjuulYUi0bpIuLJ7U13BTU3qG9xYZpKmApR48uXZOtV+RPP
7h0sUp61pykPGdzBv0V2+nH7eX6idbaaBnHe+qaN1fh4jKGdxjzKTc2rQE1j27tT78i/yRt+wzwC
U0A+JB7NGZmtyCkInTADH98ZnE82oJkJUij0UqP1gRLru/hyalS6L6cP7c/T66/0emOGFpE5ThTn
yZPzZkmQ2NATOnscFxkzdvU0cDMh65vMXSxgdSaDm2caGMMw6ttWWrVAjYQ7fYK+BdKH230GtQ+K
qhrq1Nz306HNfZgNOAqdwUc4jUDsA5q0PayLRcoOFjRvHLsQoOapC8u668jF41irjzrcXldRhir9
RGun4bw+syWHZZsetasm3zidgcTXvzZwNkOgQWtOo/lxzI0iew27p5j7MziifxPc2P4Y/QIJ4XOP
T2kZgykrZdCIXmpd7yqmHVQzMfjSoQ8cCruz+mk/T61FyqQgrW/WRSV9xsWz66ASjah/siyDjJ3T
IDPsuAFumjz7r6i46COCvpvjr1V2yRYf7UatRYAam2HD5vE4cO2zeDZbbe5wXInRcUoi6l/rFQZX
5sEFBbhH/d5MP77dPzt6f2eZaCTEWe6u7IhgoffcPQlJ0WOPoF7S+e0DqAJ4/3EMUIr3jAb7fxR0
U6vk0RQwUsC4HhMez9w49ToBw8oZ7bBCbEvy3NyPFNfNNGTY3Oj3WRoVmdW1DG76z6lXVigdRxCx
/tLMWahxgFcPlANOWX55cny6qZWYYwV97e3Sgorg1Ki8KZApQ1YnSK4ahD8xeDbtdhUc38OTNhIW
2SSB9a+1NKY+c6JpjH4Q5d5FOo5ziBDz440drH/6eZgzFhWGlijA9xWzEAZ9xNk+l3snWWAGxRqw
mdNOTNrfnh9e4BmGj9EmEwF1NgIiYj1gkCkssCZT2TWY+5+CZflUPY1ecadDTfYaxvg4DOFf+Mfc
SHtoM6LaWb13qztcIGbH+aMQO/iCqCcEPCWNuzpXwPqH5G1KPT27KyHfVxqLRxzIumBBcHSjHygr
Ic2j/w2aj76CDC52yIZpl2ghD/s8xUhyfUaCYgXIqC50Fej7Tn857Pq0H0O08IYx3RxUICN5uH3S
V0nftzbwdqqnNvrPffBpqp6RXpcpLGjdeqxEAzZC50bkvODRptajHnP9Kg4qvJsso04eJ8jM++lb
jQu8+r4ylSwfo9PSFr6Pc5oLApvnT6o7DxxR/MaO2TP4aBDwmNgsbz7fUIG+s68v1n2AQwgOu6ap
oQIlpGFfv+eDKIqETTyGolCJfD9l4l0CXwzPrwG/7zqpgR+hNvwrk2+j0TWmBt5fW9+UguB4pzie
49S/14oqo5zjEZfXsZ7d69BGDmPO/rs55BWN3OU5R/AUPsfRKFh3l0MTtZIs4eHdq9UM90wMH18B
v7eXLwd+3EM9GF4ZCYsGfCDkuouD8dOPvSt065N/nrK34m0TeayriAF+4MTfki+5F7IwTlcbDx11
OhxH/VxrmyJgS6Y/fy2vH2Bl0x4e7RWfP8K1vJvT6JhGc32LrATdU817mzIW/Ux/jzd2vrvG+IgH
QViYvKaRoQk17N6d6Ys4yuj/vdz0SWiF1nEqMh7BDW6hvTWZKUEPVB+niyKO5vTrxvw8mFo8NCpH
V7/W4cGHVfyqx1cK8MCTUq/p0qeBG0cbezyvxug4kob1F+ITTRNzHUrIA97hPRjyKY3wCMem+Hgv
fAOOvz79Ll0lC5rnlGssaMCHbVLOF8HGynLJIzTaY3mhES0uHzh/enC6jwf8yL//TTZvlRRyYIBH
j0o15M7BSW6UrjXgA5K0aYWuR36MGCUejQ0REoAHSH83L1b4wIk7iMiBeJ9hP5qTQxotyNa7g8Pt
TbGE47DoAKYJcUNUiP62Kn6utel+BFFlzln2ubHzXsNNuztq8hry4Krbt7A08p5BWEKD6dnZdGPh
bypxJmEI2p8UKN2SMLmzXpL56BN7Gq27Jr9iK9q9ojfsjXolqbEdbd75ztULOfojto24n5fvLy33
jkrQd95AUsM+Lsg/CBhNT+l83ojza3ijCH7rZP41z3LmbYqLXKKTD+67SEQARMjH93WaHn1QX+Ld
z1ZBEZ4d7Jr4xKHgODmLZ8apYAn5vsuYPaqWnLLVKp7TT3m64LlRy9DhzVdPNXZiVeOziAXFzaaD
VYUcyLDWZ6vh0tZxZhteBv4oLzY9nrYxM9btWAlqVi4b5wDPxLsRmmS390+nx/sTVRVXl1a3cW01
ru3y+smZBRB8LE6XPepM0QGmr7efrJTQZiA4+UvOFN31oOS3n7IUlBkXz3+qUqCRT1PiqxmPC+MJ
gxL0QOHkr3kLXDn6I5b1LVo/fUUl4J5s/V1xSRtVuecEXgKb46A5fNTRiNeQWLD0Y5xzo95ggBsP
tf6lDu2ydGg6BebVWguS8iyOzsRb1utFqYHfOUwSA8sXy667MEALv1rExqrUsO/yPGM13CNKVzS5
XBhv6JKAexQh2XBaVeJzHDl2+Xcd8n+OeXRlRAYl5PsKzBVfOz/Ht2nSFIgF/Wi8pqN8w7A4OyFe
vttJUjx/IxKUvdaLaXVFIGfz+Zzgtwyc1IleXNCcnNEVsW1i2Xu9yV6vR/5Pd0Tsrm1hgzDOvZdn
56ekPt6CYDlMO4nT/KU1sXo2Aq8hmmHtABT7ZRevaRTFkK/gA0m4B9Km7oIz+eWD7CUk9IgH3yfR
Vs9AwazLjiG9UX2yl/YAIXOKNWePyft+nALWChb7PkJhBjy06OV1skzUKB73fe4WQb56KQidl1Xm
dob1lmievUSwqBq3USBeBuKEZgXLGPO0JvhxiZeHR2/2P5xeIlQuffuPgqUrNaQCpS7wpOjB352E
Ztl1nHov/0v8A5MEEXcb32evOi45u257MIcUZu7lGEE3s/imjUKomsAizAs6Zy8ZqCxcGy9r7axC
fFnrC4JiRVyx3EUqNmvFqhOYPGLIDkgBAb3JGClng9CUkXzBSByByOQLkBEXFzMnM0Z45AaFxzz4
QW5JG+K6iEPo6SOCJs6M+myHxFikyxAlmaWMXpFVXKQKF+E+gUXlPhcjwHri9zGCFSJ+x64rdLue
/MpBRq7j6Mec4K40TQnOZgjM4ouTV0ghfjVA8n29YBEpknlK8SMAHSdCKZbI9pyIkBefFuIBMPw4
CH6DguCHQuTLv2EOUhqB8IPHkrcFqUEMwwCr8IvlYr48SO5dRhbinfoICRGzFNdy1faIeEU33sgW
Re7FoADq8yR7xGmpt2e7QZyBe2wJyvaDIL4mqFhATPmRArLklPwPihy2EbJXPvm3R9AGia5HQg5V
H/G4EKoIgRWDSUFssxVRU4ntldhWtzViX3ziMCFxBPNKPY+kLJPTj9OKr7MnIaNZkQr1JjDpM4ZE
w+SwPwoqPrky50tou6RBwciWGhQMzTZilyOCwjC0KW2YdnyX/B7cFmO/K8S3WkCqIFWNXPygAMF3
loIcdUSDDzBbQrRLTrHZIo3BAsHqQfNsh4jnLYlSftCHHYKvEQdG0N6LuQGDi7CwiECCsIlEfiGW
F3gCKUvjGw4SxmAagCUhuVFFHM6tIujER1kVX5oBmdwhPP8RPzyTim4eQ3snRKbRmWwBDwXojS2m
RbDRVpzuCVRNWaVCONIiinA5PTRQcSIWQbyPIeuQQ7ZUv0nI5wtQZtxS2NGVTwkOzkiaFkkuoXLC
cGJCoE3xJRYXlFK8Xd2TCkGXMfeA7LspQBlBmYthokG6OpqgQeO2bFRJGph/sb0olfItWGKQHnSg
RMJBD0Keo26HbE5nK0gvOuRCTnVXTC7PELfofomrds3FzAuJAqW9bktEpZBlgkOfA4lgkRi+6RHR
4M5FOaQUclitAtWUzGNYqBjVFKUCB5oLMtuCtD3SRS5gdGGC5RvO/9dzgBHJffSjd30e/ZCEJoIE
ZT4rkhS6jID5QP8Idq8kCEctqbK6dl8RJozAJ6EVir7sxw1QKPRCkIQWg6jv14CmsxvmFsL4xpJk
qZHorKrW7MaFKCGrOZKG6/zyaI9cHp9ckNOTs5NLsj+dnp4cXZDp0XsCcd4vR+93CDQil+fQ6oh8
Oj4/PSLT9+cHRxcXnaYJMObDHgzVdExZymPhkNEQZ8igu2DCJIvZqIytBXMPIYEnbIto0sb8XJpZ
gQriQ+ATDDRIE/L7LWGTQgYRHzrACJupwQRmiQRMb23IpUcSY5yjD0E/Lzp0brdGWVDhNCxbwlwM
B+TMIrlyXWXfigcQL5ZkNau9ruI1276bJMV5T3E+p+kMNKPtxkEgY1FhgO6eXaFqSI7qRVQvsN0h
jQoRfOiUQGBWgAxu75Q+oSmEpRhK9+r7gEvyG9Yq2CHn0uZLgYfoIS4Cr6KFgxO5jkhNfyYRJ4J8
YHTY7SpeYbQ3wljccpJCdCSGijc/jcPS2creqkVbF019hZEbtZK3ZIPcIVKGdFyUASMuWQojoRgq
QfaKMJHRlQzhiLrRxhvleh1iI9VB0C7ILDmAK3DzoOz0jgkGpw2OD0ZYgpBlWcHQMOQLWLV5GW2i
0cLRaqp2yoWUMYIKKjuSGmz6zXnCPMddFNFVVtJ+QBOE8rAIwcfi8+2kzAVwIYnMiiQV9byivqip
FBpzW8Yg2E4URWLANkbBBTjdfrVih7G81ZRpjI3Q6kn8snGpQhKXaqhzJiKHtkvxVXvVugApIlaB
8BFnD6iTAYbEkuBL8DHRwD6Sw5o76KbmU/JTjoyN62gXJxA3L0q896O6Tw6dSL0Uf0+5CAjN8PNh
IsSc0RwyWYzEBckQNeHX4qSTEbZNZj7qrnQtM1YFm9K9vdBXqbyFZjVd5Yh8h7QtbQHF4omB23lJ
jHIBwmrXcaxIUTGE9CTnmMuIQB87A1CR1SHHEAuCLL0UwR05mH7Ygb5Awwz065p7IPYiVpDWs8Lf
Fvj3yLAMu+uIPBOzo7XtkH0PDNWCBv4uvrVApAkeAxlWQ8GgBOseKGCaItZuT0OmpyJHN2jVMMSk
QYcgER+m0bQMtusEEHMJJAqPuGLHIomStrpuZDdnSusy/pVV64lhebmM+MxpGTJB2C7FQ3Ot/Ykt
O213yFT1CWg6Fx2oykSVLIgR/ZTOkQVYE5i2LAlExILpZUjxEWkYOcV1Ogg4VkxEvowfpWJZTs4u
PwhKM2AJ2Z4VOcH8XCxlPZxMLjqlrQnzoo299gS1KOUemxXzvTJh+YlYmKiocG0BqiruE5WeZjKh
RkmOslg6LiUNFiKTxkliO1jEkMCiBJZ5CiszUWHBPJpTktFlaSmxAlLWifCelsICYaKkJgMWVY/4
PeaRTIZFmehH8nkW36DUp+TkkGx9/nByuE3w2xoLoAHaX4O5T1L5CD0IBuYvKSQvnToCBEmIRRMx
2fg6z8+vT0v8KrfRID+KwbBYJJwmRB+Y5Ao3LHiLy+qIciFaEcf3xbBwj/ur9k3BPU0QKcQpYN0Y
zUu7CfzLj3qVaYBIIRWlIDdMvQckit2AJ0T0BbHBqp5LMZUM42WZlaNLU35A2OJ2eU8OmdUWsCx8
6RWSS1HikPIuv5stF0O0VcJdZKrU4oIm59LWqT5t2WePJBAkLXmAw0g7rmyUGgUdEY3mVaIQYbeg
6Q93ylZGxezOqpRc5f0wLlCFfelwlEbjVKo1RgeLJkrUI0AO8bfwkND5vfCXWmfBeMRk/jtjEtmM
+aiAoqopXNyiFHgh46LYaXheyT4OVLEPhojQJqmJ/FYgjMbAqd1FZfduMmkKmEA+Sr0DYsvO+Lei
pieUGasD7UK8TybTZFIcOBADiequrpuHYjBxjDoTFgjnk6W40kR+QY0o7oiqppQeXPQxWAd8bWKT
F2QOeVhWT09dsalmqHN7ipRtuqZcJGpgJyGLkWuTxEkRlMKoLtCViTbKIvaEPRQRfjtRVgydCRom
8HYqdhbVWlmj2lNeHEtqIm+UYOkE1XrhnlZV7PDqeUN5b+OplAaoUjcTnCwg3PRjbUVAy9py77Vq
uYhxZQQpHTy11OGxoBgs2SrEvCfDR3Yy4DCrScdkTt0n9X3BgrBidD5PIYOW1TJVWpMVBPxs6lWT
P0EfaPD54Tl+QLGtbL50fWgUrpkMrimozrUYMROE1wwIWEerZ4OnrWZeiqZcnFuTCgsq7ythAieP
HwEUrkqPEQU81qcOwu4I5UQrXe0Q8TLnHYJvVBX+Oa/CMDC9Pksh1G6jBYrQ/8m7pbuSzoIapTC1
raT51wJCTnDlwoqVxkIhFCsv75dj3Fppyau+1DkPa1utHDAixfaoCWiacWXRYOKAosanOpX13E49
gLqjj1DO5v0uXpltubpSK7TSicIB6HM1n2WRZKGAwmJglqMCZ2UxsOYMuYknIkfuV4gg/QBG5AYD
WqCyciBtHOBTJrL0bDTgNFNpCUSSNEyC8gpjHqBRrdVeuWjyHsgtlrD2yK8iWAH/uSNqWr8hUvmR
qspN6hsfgg0MHPHlv7JqUO4/iXLAXR5LOHThoTMRIItsE18JA7Qqd6uTL8cVNMifBHes0CtI71WP
uEfenO5f7tn/GO0MJjfWTu+mt2P/w/qHhwGR0PMtfG2gi8b15bgrTbG86g+2ZZQn9xj0ZF1qOPoW
mGNVSxOhhyiGwaq5KyI/LVukpVEuM5S02p0QFgfwgKtyxe5PVk5Yu9zZAFmQ4eyLN8LUiKFEewNJ
ISIF9cF1DdIWsaUW9MWJyG/ZDRi+TCV37pV4Ik4kMjAjMw6B+UoGcaId8gukQOoh3YjUGcmlwA/B
SFrZ6tZOi93kLBKf9MYNZ/FKXe2zpzNXfb2yguCuEn4y1YDF4RcvzsEYGlD1mfsaUKSBfo0mQr/2
eSA+F1ND5qHxEdYFPmygXXPQsqUOwE+rir1xeSA3nMktMr1Jpr74qsMS1+T6PfNVccHoKcx+ZoIg
QAl1yMX0VL8MV9kfgfhyrPpFBviQho17C6SNn6EddPvdEfz84QRUYuS68O9kyIajgT/0RjYbuH7X
t4cjvz9m1nDk2nQ2s3vkB8Cdx1csgvDAmLEVFTus5aMUX3kizw8OxOvevsqvdlat4fImNNckRnbs
brdnWTYe+5oenhtT5cVfBCtNIIC4uZxgLqIsMxpecDQIn8+MOWpQAJeYZptsAfAaP0dmALXvs+Lx
Mws/MQwEL0zhrL31FxGM6d++xSnic/lNXHVUFqdJoLTUuzGEQfNm5fdXUY7TVZLHAiDfMDH3bq05
N8REzE1PB0GOVwjzPS+kMJbk/BNjtvOpKA/VHf788/8BRV6OYA==
===END CRASH DUMP===
