PocketMine-MP Crash Dump Tue May 11 19:06:00 +07 2021

Error: Return value of pocketmine\entity\Living::getArmorInventory() must be an instance of pocketmine\inventory\ArmorInventory, null returned
File: pmsrc/src/pocketmine/entity/Living
Line: 433
Type: TypeError

A PLUGIN WAS INVOLVED IN THIS CRASH
BAD PLUGIN: TurtleHelmet v0.0.1

Code:
[424] 		$result = 0;
[425] 		foreach($this->armorInventory->getContents() as $item){
[426] 			$result = max($result, $item->getEnchantmentLevel($enchantmentId));
[427] 		}
[428] 
[429] 		return $result;
[430] 	}
[431] 
[432] 	public function getArmorInventory() : ArmorInventory{
[433] 		return $this->armorInventory;
[434] 	}
[435] 
[436] 	public function setOnFire(int $seconds) : void{
[437] 		parent::setOnFire($seconds - (int) min($seconds, $seconds * $this->getHighestArmorEnchantmentLevel(Enchantment::FIRE_PROTECTION) * 0.15));
[438] 	}
[439] 
[440] 	/**
[441] 	 * Called prior to EntityDamageEvent execution to apply modifications to the event's damage, such as reduction due
[442] 	 * to effects or armour.
[443] 	 */

Backtrace:
#0 plugins/TurtleHelmet.phar/src/Mcbeany/TurtleHelmet/Main(66): pocketmine\entity\Living->getArmorInventory()
#1 pmsrc/src/pocketmine/scheduler/TaskHandler(137): Mcbeany\TurtleHelmet\Task->onRun(integer 69824)
#2 pmsrc/src/pocketmine/scheduler/TaskScheduler(179): pocketmine\scheduler\TaskHandler->run(integer 69824)
#3 pmsrc/src/pocketmine/plugin/PluginManager(654): pocketmine\scheduler\TaskScheduler->mainThreadHeartbeat(integer 69824)
#4 pmsrc/src/pocketmine/Server(2389): pocketmine\plugin\PluginManager->tickSchedulers(integer 69824)
#5 pmsrc/src/pocketmine/Server(2152): pocketmine\Server->tick()
#6 pmsrc/src/pocketmine/Server(1992): pocketmine\Server->tickProcessor()
#7 pmsrc/src/pocketmine/Server(1586): pocketmine\Server->start()
#8 pmsrc/src/pocketmine/PocketMine(291): pocketmine\Server->__construct(object BaseClassLoader, object pocketmine\utils\MainLogger, string[36] C:\Users\Administrator\Desktop\MSAI\, string[44] C:\Users\Administrator\Desktop\MSAI\plugins\)
#9 pmsrc/src/pocketmine/PocketMine(321): pocketmine\server()
#10 pmsrc(11): require(string[91] phar://C:/Users/Administrator/Desktop/MSAI/PocketMine-MP.phar/src/pocketmine/Poc)

PocketMine-MP version: 3.19.1 [Protocol 431]
Git commit: a7cd0810020af15fb3d79127c77cf576085cd4cc
uname -a: Windows NT DESKTOP-KF1VXGB 6.3 build 9600 (Windows Server 2012 R2 Standard Edition) AMD64
PHP Version: 7.3.21
Zend version: 3.3.21
OS : WINNT, win
Composer libraries: 
- adhocore/json-comment 1.1.2@fc2f76979f0a44a5f5bc2a2b600d0762fe0e78e7
- daverandom/callback-validator unknown@unknown
- pocketmine/binaryutils 0.1.13@0abee38d4e2861621f262c79a2a3d699d8a697f4
- pocketmine/callback-validator 1.0.3@64787469766bcaa7e5885242e85c23c25e8c55a2
- pocketmine/classloader 0.1.2@9757928424652393b178a3760073113aa7c9911b
- pocketmine/log 0.2.1@830b44a2cf96ef703c550abe64302f230231ca49
- pocketmine/log-pthreads 0.1.3@e477ecf6ec214fdd4415ea1da3fdd9d73bf699ea
- pocketmine/math 0.2.6@43057cb8c179a9859677b496a788db922fd5cfc3
- pocketmine/nbt 0.2.18@9f82ca4d7f97fcd9a566e44b63c4f18a7657ae82
- pocketmine/pocketmine-mp 3.19.1@a7cd0810020af15fb3d79127c77cf576085cd4cc
- pocketmine/raklib 0.12.11@9cce458b8bfde3e4dfdbf70c659fc7b7fe26b5c4
- pocketmine/snooze 0.1.5@70b5e7937a06878dd321a3182ceb76d56298f2cd
- pocketmine/spl 0.4.2@6b08b7cf8c4afa17139c9a1b3bf1b408531de161

Loaded plugins:
SocialSpy 2.1.0 by Crafter20162017 for API(s) 3.0.0, 4.0.0
MCPEToDiscord 1.4.1 by JaxkDev for API(s) 3.0.0
MultiWorld 1.5.2 by CzechPMDevs, VixikCZ, fuyutsuki, kaliiks for API(s) 3.0.0
TurtleHelmet 0.0.1 by  for API(s) 3.19.0
AutoSell 1 by phuongaz for API(s) 3.8.2
CustomAlerts 2.1 by EvolSoft for API(s) 3.0.0
AutoXP 1.1.0 by JackMD for API(s) 3.0.0
OffHand 2.0.3 by alvin0319 for API(s) 3.0.0
Farms 1.0-non-alpha by Dấu Tên for API(s) 3.0.0, 4.0.0
KygekRanksUI 1.3.0 by Kygekraqmak for API(s) 3.0.0
DEVirion 1.2.7 by poggit, SOFe for API(s) 3.0.0
FormAPI 1.3.0 by jojoe77777 for API(s) 3.2.0
PECollide 1.2 by saxavlax001 for API(s) 3.0.0
DoEmote 1.0.3 by alvin0319 for API(s) 3.0.0
InvSee 1.0.0 by BlockHorizons for API(s) 3.0.0
EconomyAPI 5.7.2 by onebone for API(s) 3.0.0
Sponges 1.0.0 by  for API(s) 3.0.0
ExtendedBlocks 1.1.2 by Javier Leon9966 for API(s) 3.14.0
PersonaToSkin 0.0.1 by XenialDan, DenielWorld for API(s) 3.11.0
Shield 1.0.0 by JavierLeon9966 for API(s) 3.7.0
KeepInventory 1.0 by KhoaGamingPro for API(s) 3.0.0
BlocksConverter 2.1.1 by matcracker for API(s) 3.0.0
InvCrashFix 0.0.1 by  for API(s) 3.14.0
PurePerms 1.4.2-c2a by 64FF00 & ProjectInfinity for API(s) 3.0.0
ec 1 by McLebt for API(s) 3.8.1
WorldProtect 2.3.8 by aliuly for API(s) 3.0.0
BlazinFly 1.8.7 by iiFlamiinBlaze for API(s) 3.0.0
AuctionHouse 1.2.4 by Shock95x for API(s) 3.0.0
PM-ShulkerBoxes 1.0.1 by ipad54 for API(s) 3.0.0
Broadcaster 1.5 by EvolSoft for API(s) 3.0.0
PM-Beacons 2.0.0 by jasonwynn10 for API(s) 3.0.0
TPAll 1.2 by matymare for API(s) 3.0.0
SETVIP 2.3 by MCPEVN TEAM for API(s) 3.0.0
BangHoiUI 1 by JVN | JackVnKiller for API(s) 3.0.0
MapImageEngine 1.1.3 by FaigerSYS for API(s) 3.0.0
NoTP 1.0.7 by awzaw for API(s) 3.0.0
PiggyCustomEnchants 2.4.0 by DaPigGuy for API(s) 3.19.0
MoneyUI 1 by TuiDepTraii for API(s) 3.0.0
Netherite 1.2.1 by Wertzui123 for API(s) 3.0.0
TimeCommander 1.0.2 by TheDeibo for API(s) 3.0.2
AutoInv 0.0.10 by JackNoordhuis for API(s) 3.0.0
BuilderTools 1.2.0-beta2 by CzechPMDevs, VixikCZ for API(s) 3.0.0
AutoClearLagg 3.1.0 by Twisted for API(s) 3.0.0
Trident 1.0.0 by brokiem for API(s) 3.15.0
WorldLoader 1.0.0 by JackMD for API(s) 3.0.0
MSpawns 2.2 by EvolSoft for API(s) 3.0.0
Slapper 1.6.1 by jojoe77777 for API(s) 3.13.0
BlockSniper 3.2.3 by BlockHorizons, Sandertv (@Sandertv), Chris-Prime (@PrimusLV) for API(s) 3.2.0
PortalsPE 1.1.1 by luca28pet for API(s) 3.0.0
MaxEnchants 1.2.1 by Xenophilicy for API(s) 3.0.0
Worlds 3.0.7 by survanetwork for API(s) 3.0.0
VanillaEnchantments 4.0.0 by TheAz928 for API(s) 3.0.0, 3.1.0
FactionsPro 1.3.20 by Tethered_ for API(s) 3.0.0
DevTools 1.14.1 by PocketMine Team for API(s) 3.13.0
HideCommands 1.0.7 by Himbeer for API(s) 3.6.0
BetterVoting 2.0.2 by Twisted for API(s) 3.0.0
PureChat 1.4.11 by 64FF00 for API(s) 3.0.0
TempBanUI 2.3 by SonsaYT for API(s) 3.0.0, 4.0.0
level 2.0.0 by LetTIHL for API(s) 3.0.0
LoadWorlds 1.1 by shin for API(s) 3.0.0
Kho 6 by ItzFabb for API(s) 3.0.0
PickaxeFunction 1.0.0 by LetTIHL for API(s) 3.0.0
AcidIsland 3.2.9 by GODSMineVn for API(s) 3.0.0
ShopUI 1.0.0 by SaltyPixelDevz for API(s) 3.0.0
essentialsTP 1.2.2 by  for API(s) 3.0.0
PiggyCrates 2.0.9 by DaPigGuy for API(s) 3.2.0
Joinkit 1.0.0 by LetTIHL for API(s) 3.0.0
WarpGUI 1.0.0 by RockPanther for API(s) 3.0.0
BuydetuUI 1 by FurryJaki1992 for API(s) 3.0.0
DoiTen 0.1 by ItzFabb for API(s) 3.0.0
AxeLevel 1.0.0 by LetTIHL for API(s) 3.0.0
Item 1.0.0 by LetTIHL for API(s) 3.0.0
giftcode 1.0.0 by LetTIHL for API(s) 3.0.0
BuyFix 1 by FPVGAMER for API(s) 3.0.0, 3.7.1, 3.8.1, 3.9.3, 4.0.0
game 1.0.0 by LetTIHL for API(s) 3.0.0
UpGrade 1.0.0 by LetTIHL for API(s) 3.0.0
Buyrank 1.0.0 by LetTIHL for API(s) 3.0.0
HealFeed 2 by JackPlugin for API(s) 3.0.0, 3.1.0, 3.0.7, 4.0.0
QuestPlugin 3.1 by HmmHmmmmm for API(s) 3.11.0
CmdSnooper 1.0.0 by HotshotHD for API(s) 3.0.0
capdao 1.0.0 by Nguyễn Công Danh (NCD) for API(s) 3.0.0
PrisonMine 1.0.0 by LetTIHL for API(s) 3.0.0
freeze 2.1.0 by Bavfalcon9 for API(s) 3.0.0
OreGenerator 2.0.0 by vividmemory, LetTIHL for API(s) 3.0.0
muafishing 1.0.0 by LetTIHL for API(s) 3.0.0
PHP-Sell 1.2.7 by Muqsit for API(s) 3.0.0-ALPHA9, 3.0.0-ALPHA10, 3.0.0-ALPHA11, 3.0.0-ALPHA12, 3.0.0
CustomTags 0.0.1 by DaRealAqua for API(s) 3.0.0
RPG 1.0.0 by LetTIHL for API(s) 3.0.0
Rewards 3.0 by Wertzui123 for API(s) 3.0.0
VeinMiner 0.1.0 by jasonwynn10 for API(s) 3.0.0
SellExp 3.0.0 by EzMinh, LetTIHL for API(s) 3.0.0
Fishing 0.4 by benda95280 for API(s) 3.0.0
SimpleNPC 2.1.0 by brokiem for API(s) 3.19.0
FormImagesFix 0.0.1 by  for API(s) 3.11.4
BetterGen 2.0.0 by Ad5001 for API(s) 3.0.0
CustomItem 1.0.0 by Phuongaz for API(s) 3.0.0
TrashGUI 0.0.1 by Phuongaz for API(s) 3.0.0
help 1.0.0 by LetTIHL for API(s) 3.0.0
PureEntitiesX 0.7.0 by milk0417, RevivalPMMP for API(s) 3.19.0
AntiVoid 1.1.0 by FiberglassCivic for API(s) 3.0.0
PointAPI 1.0.3 by onebone | Moded by LamPocketVN for API(s) 3.9.0
Police 1.0.0 by nlog for API(s) 3.0.0
MuaPoint 0.1.lpk by LamPocketVN for API(s) 3.9.0
cayphattai 1.1.1 by Lettihl for API(s) 3.0.0
ShopMob 1.0.0 by LetTIHL for API(s) 3.0.0
VanishV2 1.16 by superbobby for API(s) 3.0.0
SizePlayer 1.0.3 by  for API(s) 3.0.0
NganHang 1 by GreenJajot for API(s) 3.0.0
ScoreHud 3.0.0 by JackMD for API(s) 3.0.0
BossPlugin 3.21 by HmmHmmmmm for API(s) 3.11.0
luckyblock 1.0.0 by LetTIHL for API(s) 3.0.0
detu 4.0.0 by CLADevs || GreenJajot for API(s) 3.0.0
MenuUI 1.0.0 by LetTIHL for API(s) 3.0.0
SlapperRotation 1.2.1 by jojoe77777 for API(s) 3.0.0

----------------------REPORT THE DATA BELOW THIS LINE-----------------------

===BEGIN CRASH DUMP===
eNrtPYly4zayv4LypN56tqyD1K2tSY3Hx9iJPdZamuO95dYUSEISYl7hYVuzm39/3QBIgrTGlmxl
6r2qTSWx2AQb3ehGXwCJf+3Nw9in6ddbFic8DPbG3YO9lPtsb2z0zfag0x30281+u2cMhwd7WSRv
dQcDs9k2jVF/OOwavV7nYM+jSXoSx2G8N/7XXrqKoNXeDP5I2MGez5KELhB6zdIsDsgt9TJGwjmJ
QueGpT4PmGWxIOXpyrIu+C0PFuPxgqWHsR/G58Et3Arj1f5r4mdJSmxGaEB4kKQ0cB6g4Xlzy6o+
fkCCzPNILEhgLtA1h+tT7iFh0ZLG41braNz6mMBotA5dwMaTNKbwaOuYJTdpGLUup4fnrYno7BI6
a1xOmvhgK4mdVklDS3LSkoxAiwj7Uv342Pax9tDWAyAMdAeGFghw4Pc/9l61SeRlC+C6Ncvi1GNn
zPNZWvZ/6diMBqvK3dYl5cF+v/96/MhIN35eM9JAxSuDrKU2cZbMzTwWt2Y0uTmjgQu/943OAHpR
RFiWTgVcQcPGz2FwnQX7PEjZgsWkPxqaXdGPuUk/0/xq3xiMavwULWVPiqTGz/Ha7jrru5Oj25qI
P5c0AIWN9/u97uN9FWQ1fvZhrGfLmFH3jNE4hYFI1/TeXd/7lMUwC/fNzrDOnKTLsiqENX5OuVN2
nqzpqPd4R0bPrHUk70jMUgH6j6IwRqPHUEzi0IF5H8YS1+BxXL1h/zu4YJbHqcQxXI+jnJD75sj4
DpqvX50QLEacOel+aP/GnJS8owk7AtuVXITUZfEBUXD98SzlXmJZOI8uwsUCWwESmDX/6PT/SY7G
liXsBdga3WBYlrIY8CSYDMsqnup2t3hKTXjLEtyPnuS+Y9a5T+Twyunclgj2DWwVs98zHrN9RdfI
+CfZqQ2EFq/3/vnHwR77/+gYnmOsgVcpsK/QU+jdMh+aAhYeuDDQTrqX38dB0MwjwJ3QZThEXbML
N63USn+KWZJ5KXlD2n+DBl2zp26Ay2bUWe7/lC550viZVjgRpvwoBFsQpAmMCk3ITzxl/ut/CRx9
hUNH79P7fXV1IBsLJCeBs6RBiixcsFvm7f/ESsi5+/q1pGqgMP4hroZwJX6MFFgOKVH4xSOdtrgn
HugY6oGOKYBRZnvcIfMscFKIR8g6QY9JFSQ463RqHa4bHNl9V+u+l3ffX9t9wtKr4BQnCVhX8lPC
wIK4CZJwG3JXdpwPQERj6GU8Lp/J25MGwedBRcEV58CDAh35a04tcHvGF0uWSKYfSEADjMen59cn
XyfXV7OTo9n51YfXgKbdNHpKLp2hxuVIcdmVI9/661/FlSGu4Lkj6nnMJVHMw5ikITkRCn5MfZiZ
Jzh2hN0zJxNDArdpFHkr4ocun3OHIjRBcLpkhGHrvyTEFc+CzcucJepgDF5KDqmbMdG5mXcOT7L5
HGZHQqB3FFgWN0WTjmrS2vvjP2HQf8Kg/4RB/wmD/t+GQQd7CxawmHro5AOKafRe5VkgzAYxlJn4
XqdpjJoGwjPuuZCRDzu9gz2efHXZ7d54Tr2EQTwRh2nohB7GHwZ0wjHeoAPHbQ+Ndtts07nRm9sd
dzAyzIEzGDjzHqT0w57jdh0HcGeKls8Qo4R3CfkwI8cn019nV5PGr6fGpy/v35F+s0MECWTUb7fJ
ft5UKhQx24ZJrk0yhZDLpbFLTlyOlv41Obw87ncx5oH0d7w3aHaaJrLzjQWuYE9dw+2vYYI0nH/4
MAOAuLiDKAnDIj8KQQZfPW7HNOYswfGj7hJ4jlnrtyQMGtBGxVlG02iab+eOOR/0R4PRvE27Xdqb
92zHpKYNxLvtQd+cszYbDNkA0LsUOACyQ7/lgA+0qXPTgACUuyhoQJgFN0F4F7xVf5HYUrA2D2i8
EvMCmoLvbRqdt21qM9YZul1mDvtG3zTmZt90BiNq0o7bH43cIQXS5t0qqrWdG812s/O23x0MB114
pt+3HUoHrDcc9syuyUCGZscxe2zo9HrUrCHE2eyJ2axoM9+OBr3ByBxChNnvmZ1RxzYGQ9oBbWgP
OobRAdzOaGQYdhWTFy4EBrNpvB122jaMqOnMR302H7Q70DMy3IeYzpyb8L+O4dDu6AGGRpQKf5AP
VOct6w4GzJn3mWMa3bnrQjTSY9RwaQcuRu6gY89htBitovJpulTU9N9Cp72BYw8d8IN0NOyN+oOB
3R316WA4dO2Rac7dnjN3OlUUgZ3m/AzfjuZDEwh2B3OQieOOaK/fZ92u3e843bkxpIN+b0DZsDa4
5c+GHxUT9e0Ws05DFtMb0G05LkCT8XbkOKzbG9pDe+6yDuu6c9eGsXb6vdHcGdiDOTP7ds+paVAS
hOE3poa393bQtntsMOoMaLs/HAxdFywi7RjALbMHfbfXN0fDuem4NSSRJzB0QVv6dntoA+FDp0vn
1BgYnZEzooYNgjHsLvDSMVxm9I29P4qsR8zNaehw6k2jlWboStjBXmnfgNtmGyA0S5dhnGBsdxTT
ecpiMCl9+G+AZpNGHO90YDJg4674C3AWUBuC1r0xeDKwgy6LwKwgEriXhPP0WAdgRAI9Or6L4xRh
zHLku1P5GzM4mClokK+ms89X1xfHALpjdgK5EEbOwODl0eRkFh7zBMyOq3FWhevcGTCKRpW7X+j9
zTHY7jpXz+TmFzAY4Cll30iI9M4bsQO5GP8cxl6FlxJYZaTXNGti+sac5eQSeEngxid+z2+O/kdU
U8EcJtkNh983YMn4TbIrZh3sMvLB9UEU4COld0gpsKxT/SjjyzSNEnDr4COXmd0Et9HSGGlpiGCE
Kul5OUa1rL0cJWCtJm6dcbAPz+b8O5nEpqI+zNJwyjw97ihAFTFXRRwtszBY0G8V+Q1BEZ7JRY4P
Ij3V++YsHGVJGvqHEN6nicZGBVwzLFVmTm5DbwqE7UoZ9Z7BklTpUOxMZ4fXs4+TtRp4d3fXZEAT
4m+mN7mYvkxqQvoyqc3EBwYTbcDl8S4tyuWxFNGXyWYCWjOrJJqW4gCYu5rPMRXVuMshVbFBvFNl
j3qQl7c7xmhXHBYILQtIWAIJxY9NNPGUxr6ugvK6KqN2I4CglHqQC1SZObYyg9FeRmZW1m7DnN61
e1v6liUoUn824ejX1YLdXNPgJvl4rjFWAVf569R1ULSN6e8+vdmVmDSUlqXTsrnROD75xGNBc8FU
AaoyZDYHNdsH+S1H8z69OmW7YkkitaxbQYJlgSdTvzSyHrEdQv3C2D+c6HLKIU+I6Lfwt5AN8J8K
O+bz2SkxgrJJIoofm4hncnIUepDrMD0fLmA1AVWZSeg9vfXofbtt7Eo4GkrLipgjyagr2/fEchye
+GGqc5JDapbhR5o3RULxYxOhnAe3U6bzoQB1Nmra9c6DFOIsjPm3MNhZwFdBalmSEsuSFapNmDlx
wiD0V9X5ogF1pnrNQV3LwoDZ8N+u2FHoLItJCgCnZVWoeZKhaQQRFNPdTw55XD474gAksOr1LEt1
urklPrlPARlzhUR18ms36qGOWQ91bjmLyQULg9Go368Ixui+JOhBvDlaEEqFqs3ZnADxYUBn4fSG
616nCn88Z9j7wgLIlI8pNjyG38yTGUmFWeP5zN4L/C7FMrpO1zYTa7oEsvRgTgGesBLVca5wNHiC
oSJc3EKMkqj870ahEGNRsfCjx0IVeI3LWii0DOl76vNgMYnDnQVDOlIIh3RyNldPqc5HITwZpyzW
+Kvfqddoairq09SJIcKHljtisMRoWTVittFLGJSjmCbLU35fdWEFdIuE/QUGxc9+TzDS48Gtgz3P
+f02bEyymMHcrOQZJaxeYjIbjlnLM/rd09N2m/wXAXXBZZzzYM4Dnq52Ja6vsgOwIDlV2s9npIvi
WbWiW+LBfSOONgTMeaxccelcMDutFSuM55dcEBsuD4PMHFyP33yeCXsNI5/ifo+S/Aq4OsOA1HpY
yDNvtbuYELFZlqiXRZKCTSLbNZK6zHg8R3Oql8Dzxfg0ZligT2DWtircCuNDv/Hg1FtVzE4Oq+r0
sJ6OcX7qgfnjAT6xs4CsihUNjyJH+7lZfU3sazgLs4RVyjcauJ5vdqsMTpcwmqPe/ctYq8a2utnT
8hzVk2VRSd8S6cOCT4Xap23UZWO6zDyw2O/C+0pIWr9TDwpq85ZH1O11dyZTgc2yEkmBHd5v4R9j
aOEI9dWVVIPWiuJ/bolR6xgUskLF8wqMIJh3jOLSf1VaObBeiatXECgEi3erIDDau2JRQ2lZtiAD
WC3IeVJis8lhpawtrx8tHUCksfJpzHYYuQh8Fm7/2qakPT2ZfTrXy70KUPMMNSd3NDn59IHMTg4v
d8WARImbQ9JPPNpontBgcRbySrWwhD3ion8B0v9NsDb8KfiVe95L40et9qVZPi0hQL42XhCj0bnY
7RYsxGbOclGseqOeo9YkdEr5gsXT/57uSj4FQmRFp6R+vQmTH8KZrnLism6fa76X3n2jdzuLRBCZ
ZQVhGj17bUEShPaMLxYrufSitkVWDNuau9W51a1buGMKD73PqnHXSxbucoQQHT+kZi3wGeORd9Ja
g07sm7wMA7aqzNYc8shcnWUcOJrFlPOdWRrZ6+ZT8gNLlyzmlbpqCauHVDUGPkP2+C3jhtnZFf0l
RssqyHi2GpfYWiVP6NO4z45C36eBW4lDqvD6pK15udmSHTNu1wsQz167rXS+aVEcV/8gCK2taCLk
QRa+Zk3zQxjG7jLjye6CDecmyJFi+JuGkJ/LpU5J1NOeD/fAsXgWhp5uairgulq2GzZL6UbbJ/6M
jRK2pC1F2iC2qlL6ks0SFVRK2kceo/EFXSxqMi/h+uh0Hi5mz+44hLjurkYileiksB0kwgMipMh1
mrYdB0XmYbLyMv/yqFXFh5M45q7YkFhOXwV5okRqx+ENZ37VA/WePwIKn2Wp/sHpXJakbFbKUIWr
WiWjKGc9UfL9M3YnaARULjaK86YRvaukQDmkGh2Yf252pzrF7c1578/L6qYejaKKeHJIVTT9uoP8
zoqw0XnBIqrs+dk+sSSplTOR162nAY8e1qwVtGpVHmRN1dVJGDLhxtJbsv82/4m7wo+WMU8akxh8
HdzBv1ly8en1y9bL9y5XEy9M9767rKnxsVWNOIxT6iWTk8pu8hxWT1Jqovcyh5rDiO1Mm4uet8m3
7tdE7Tr0iQDvCwvCaMk97uysUKqhREbuy1C9StdmdjOpm8ykpqgPcq0ki29pwNK7MN7ZRhqBU9V+
E2UtN/b9qrLbFEiaQFnrlUSETH6iASTxVHslTed43V2d/e5DZwFR6+G3kTlcsytKxgrPHIJbSYpl
HYUxe467V3S11vEk9oSJ2mmCK376zrASWt+cY9Y5FxkAc7++sCByGKQc/Imv1h6LEkJBCe4LExcb
b6Jit/VwtwDVrMyD3c7l2y1kxqi/MzeTE4AvCd3WYtkN1zFK0loFDuD2DCIjlefoHFfAT9RLzrhv
s1plq/98XhU6y9Jp2NDBykebvsgr37E0ZfGnMMU3ljU3qoPrFWDzT4jO1xZm1oTstiDsVhCGReEK
mRstoR4taVpbQRWgB3v0jXWrp1txqS3PfofhfA7uHdQMwxd2y8MMXGejaPKdhVYkvvy1g2VWgQaz
FeZH72hQKRGVsEcL0lOgl/73bNf7WBVaSFtyMjYPLDx8UVrjRF4/sbhxwdLZ+dnFzrZ6xixJ+YJt
TjVGfg+iBg1Ys7W1uGHJg12RXva5eRiPauZEt0EzDSOxj2apO0K80snvV4k/T7+dUtvebr49ttL5
3e1rsiPcEBRGW+zq4s4NvWen6osAlRJz9c4TufCudUz2vsV7IA53zyFFq2zD14D1LGpUJf/91fEU
HeanYJer1MoRY2lYs3syaQLWZPK00Za0MKoYMAV4QiZT6qWrCb9nHoQB33Ylmo/n26kYSxL8DgFk
UJXlmQq4ng2Zf8YOT71Hy6r1v8FMQc8e05Q9XIiR0LoVHm2wAGPuOMKoL8oIyioXL1+EEWjE4ssv
IQ9uuB6H5JAfay1u+DY7mGgcva/MphzyBNHXMJsnMN7L3W0NRJSQtkL/W+zkyFYuS7PqCnUBe2TV
6zSL49Uv9IbjBx12toKrI8XXFeks+7DcLqg5DvmMVd5kkYDqSorxcs+6if+UfW/heO7ZRS0oK0A/
dhaAvxTh4Oa0n6fM1/eS4uWPpRk/x7Q5vQs+T/MvSSmaC9CPpTvvdqtpW925qwCPTdjJp/eHlyfX
a0tGAzEh5D5Q/DsS2cuLEhNJ0RbiEIyUosA/P1gM0OXm9H6M3se0oj055MdSnW1n7WMa3FT1RkB+
LM227HVzws8Y9U4Z08PxAlSJlB6uqck0/ruF0oOiutx96XrbRH1zaVOm/p5B6qvIK/nSobU14Fr5
zPfhX/hnuxdeikWvR1+O9ZeI2bJ+z8SGbkHUM4K9nMaWzhW+pV5+UEJ7R13/ysSj6ngWpskyTM92
tlz6/I9dODRyqZ7DK8ATHHxYQFidGczpBeQIX3Ged4MFOabBkux/ODp+vSvGsB8WHIXBAnFblggl
iiz26Twl5kkYXFa3+WnAH5zHi459taNvs0k2jxn7plOvAE98XOUdvZ1TD9Lvnb1uWmK0LEnD5kxc
xey9+CJWGuoTpgJ+omx3y2+56zNffMBzx3LR6bAs9XOjXZZ+Rucca3J6oV0D/nC3tEWx62zSqH0r
pAA98c78pXjpqU514/BicnY4Uh5JXRrt2rVRuzbz62cXkIHgM/Fth+0+MTKji4cfGBHAJ17bPKbX
4LoPf8/oruTm0hgwUsC4GROu/AxQExIcGnDaZBmydT15r/GDVz/Yut1uEcldszsaVyrgOaS2cP4j
t3oqEnax0VOhEoWhT4wLb6ObvhJWy+uf+y6G+kTg9i9jFJRs8UIDTLmT+0gvwSpIfddDjZmTb9DT
cuf2W6K1rJMvk+2qsacPbPfpGsPdrr/DZQMFdNQzhzt7PUZ1a1ll/09suZ1yP/LYh8mRLoUC9kR0
sHbv4egFGlVsPkyCyLEsnZBtJ5FC1SpwtPKvoYg3IJJq3aAK3+KdX6PZfek7v3icBhd9z7cpFMgF
7veVGl8JeyIMOnR7O/wUisSWr7m/f1jp+572SW9Zq5hpwCc8z2TdB8de/I2u863KZzNcR6yWvgvQ
ExHArsn/HIYe7tuVvatfm/CwZJ5uhcXlj3X62OUWMWcWM/G9cc6SL7UNGyW8OvqDOgc+927aXQNj
0msGaQH1JpeXk529yRNLnJHvA2MREMYUYXJDRk7m1vuQNFpbVX6xbg4Xn0JeWa7NQU98Fe6U2yxe
4CdgjyBFcnb3Tiqj6XJGb8Abeat34vO3lpUTVf56hoVfh7pV4BM7XnmQVr/lU4Ce+MqS+vQO+Te5
DF3mEntFLqgvl54/fagMzmgHH/iJkCzxeR+NwCds5yT0uFOpR0jAExM3wI/z7ki4iAtJxn63+ZAo
FVxWPiOqQPUo1otuanbnmVKo7yFQo/zYtpayJ7EEJ54pf21WFFtFS5qmlFcKYwXwiU3XYGNTvvR2
VtyLtljQxQD4MrRr2yMQ8mMdQ7JVII7bbZPlJ7O2q1iAaoPdr2+kjvDlf9te7W4bdY4RkiNFRPlr
Ixnwb2zi0VX1XY0S+LgN2xEbor8L7A/j8fz3Ri9jLmhwRitpUQF6ZIHuPbrKX+hv4c7eNSgxbqH/
+K34s6zyyaoc9ER2+ue8wZT3vkWCECbJg2UVDVjbvbXjZZV6lLbRMosN1EEaAf9/ySKLxiPu7syc
m5WN78zoWzxL4I+1Z2XHmwsSd6FotIvLJ16MOLo4xHcuyb//TXY/nxRyYIAH4mukG3t+FlS32CjA
jxWBD51uYQikPl+HKa1t5qzfeeLto++8PfcS01wlYFOe8Nv7NAYeIFevvXWRn0ciZqs4qqMZxbgE
KFKV8d6rSXFFjsJgzhcEDz2zYit4dRkG5DBbELNL2ua42xt32uTj7IiYbbONDfwwdd9cXl2QcgMp
gmU3jSiM0zfGyOiYCLxbArENjyfpm3A+RwgNgjALHPx0FPqfBnWWnMnD0pI3wDtiwtciG+prVTAe
b2S39F49k7yRhOD+Bh+ienl/HsaAtYCp7mAMXDS4+XV0G6leXD6fcyfz0tUbQeoiX/FpJBiuBYvk
DYLFpqEGasobT8QABSxhzNWa4Pl2b45PTg8/XswQKhWh8XvG4pXqUoFiiGBzevB3M4Jk7S6M3Td/
Ff/AIGVp2EjoLVMP3nJ213C5PNjuzRBB93Z430CtVE1ADIuMLtgbFizwunK4Q3Pl4+EOrwgqFnGE
wLNYKJuQO4HBIxXtAT0gsyVLGMlHg9CYiWO+INFJ4AdNiYPCFOfu8cDxMsyvOJ6bVtM3xDUNfXEi
X/oQZ0Ln7ICEuHMwQZTEhnzwhqzCLFa4CJ+rE8dEDyBPPFDPWyHiD+yuQNdy2ZyCRBNyFwZ/SfGs
MkZjgqPpA7N40MoKKcQD1yTfd0sWkCxaxNTFs1qtAPVYIhtbASGvPi/F+1l4UFkC85YACnWIEYxB
TANQ/xSIErcFqeARKCCG8fRYKsYLP/bsMLIU53EhxEfMUl1zqY2JqK7ijWSZpW4IE0Cdjjgm1p46
bcfxwoS51p6g7NDzwjuCUwuIyU9FI7eckr+jymEboXv5N9rGBC2SePRE6KF6hgBdBKcIAYnBoCA2
yJLVUGJ7pbbFbY3YV585DEgYwLhS1yXyoL9EDisef0V8RhMIH3B6Exh0myHRMDjs94x6OGwLfsvy
gx/3Vadgal4jdtkjTBiGVqUBw45nT43htuj7Q+bbMCqgVYfJKnDwIDKC70+CHjVFg48wWkK1c06x
2TKG/DED6UHz5ICIlxqJmvwwHw4IHjsEjKADEGMDJhdhfhaoA+8k8qkQL/AEWhaH9xw0jMEwAEtC
c4OCOBxbRdD5HHVVHKMHOnlAePoXGL40Fo9BOIDnbqHK1B4m+8BDBvPGFMMi2GgoTscCVV1XqVCO
OAsCFKeLBiqMhBDEVyGSJgHHr34Tny+WMJmxyHigTz6lODgicZxFqYTKAcOB8YE2xZcQLkxKcRqT
KycExWMSgez1FKCOoM5BiMdBu5qaokHjhmxUaBqYf7HULyfle7DEoD3oTomEwzzweYpz22cLaq9S
GHEylUPdFoPLE8QtHp+h1O64GHmhUTBp7xoSUa5kieBwzmNxpqg42RDR4EaHvEup5CCtDKcpWYQg
qBCnKWoFdrQQZDYEaWPSRi6gd2GC5YlI/+c5wPjkMfrRu76M/iQNI0GCMp8FSQpdQsB8oH8Eu5cT
hL3mVBlts6sIE0bgs5gVir7kLzugUMwLQRJaDOJkMR71CTNdHYsJ2h1KkuWMRGdVtGb3DkQJScmR
NFxXs5MxmZ2dT8nF+eX5jBxOJhfnJ1MyObkmEOn9enJ9QKARmV1BqxPy+ezq4oRMrq+OTqbTZt0E
VMbD7PXVcExYzEPhkNEQi0M6nSUTJlmMRmFsDSLPIhW2RTRp4HYXaWYFKjxSlgdgoEGbkN/vKZtU
Moj50AEG2Ex1JjBLJGB6S0MuPZLo4wp9CPp58UDzYWvUBRVcg9gi5mA4IEcWyZVylc8WPIB6sSgp
WYVINj/GdT1JivOO4nxBYxtmRgPPBJCxqDBA60dXTDUkRz1F1FNgu30aZCL40CmBwCwDHXx9kPuE
uhLmaijdqzomFTvwyynYJFfS5kuFh+ghzDy3oIWDE7kLSEl/IhFHgnxgtN9uK16ht1NhLB44SaE6
EkPB2zwO/dzZyqdVi4aumrqEkRslyQe6QdaoVEU7pnnAiCKL8YQGUEOlyG7mRzK6kiEcUTcaeCOX
1zE2Ug8I2gWZOQd4Su0dg8lO1wwwOG1wfNDDLShZkmQMDUO6BKkt8mgTjRb2VlJ1kAtSxggqqGxK
arDpd8cJ8xxnmQU3SU77EY0Qyv3MBx+LXy0heS6AgiQyK5JUlOOK80UNpZgxD3UMgu1IUSQ6bGAU
nIHT7RYSOw7lrbpOY2yEVk/il43zKSRxqYY6ZyJyaDgUP6pcyAVIEbEKhI84ekCdDDAklgi/DI6J
Bj4jOSy5g8fUeEp+8p6xcRnt4gDiB5pyvI+jekwPrUB9oGOsXASEZsvQkyGmTVNnKSJxQTJETaBC
yskI2yYzH3VXuhabFcGmdG+vdCnlt9CsxqsUkR+QhqEJUAhPdNxIc2KUCxBWu4xjRYqKIaQrOcdc
RgT6+DCe/izJahJxBHWMB4NjRnA0+XgAzwINNsyvO+6C2otYQVrPAn9D4B+TQR52lxF5IkZHa9sk
hy4YqiX15i1cmRNpgstAh1VX0CnBygcqmDYRS7enIdNTkZN7tGoYYlLvQBpN7FqdWNoks1j4i1BE
0h8nwSSPw8vcENMMfAj3aiHOLAqihrquJT6XakIm/BsrRC3OnFcSxhco82gKInqpOZrX7Y5M+dDr
JpmoZzwaL8QDVCWpSk1Ej/OYLpA7EBewlUSeCGYw8/TxCG+wAzRGER55HIspIpXG821ZkpLL2UdB
aQIsIdt2lhJM3YWUy+5k3tHMzZCfZg18aiyoxQngMjtbjPNc5mdiYA6jIrklzGJxn6jMNZG5Nip5
kITSpylFMRCZtFsS29EyhNwWlTNPYViepArj5tKUkoTe5kYUiyN5CQnvlfOdgk8HS8BomtsYoFTu
XcpDZpFugQqJcCWJIEIT4UsQOh6PiHgWxvGSrmAMUVn88DbPYNH8K5sp7FYjvye7TEprkReJ9GrC
TJQDpALgbiGaykKKaKuknSWqLOHgsri0C+qZhnxmTCIIKG65h91Im6fms+oFjTYNFkVQHeBjXt13
HOStKtWltRUcmeUd+mGGOj2XxlmpOA6lLMsJZ4TTWeTuIBj8LbwJPHwtfIv2sGA8YDJXtJlEZrM5
aqSoAAp3sMw1QAhdFAYrXkqyjx0V7MPMJLROaiTP4YbeGDiAdVS215NJY8AE+pErIp51rx7GvwU1
HaHdmEk3ssjFl4A1ayE+QCg6ErVQrRRzfiw6EwsJiZiSOJ4sRkkTeToxUdwRVXnIvZ14psI64GsQ
k7wiC8hZknJ4yupGMULNh0OkJusd5SKpAcMBEb+UTRRGmZcro7pAsy/aKBPREQZCRMONSE1rtK44
U8ckjzNFZVPWc8bK42H5SeRYEiwdhpIX7oEsCgNuOW6o7w18xbAGKqZbFRwtITSbh5pEYJY15NJT
0XIZomQEKU3c7dPkoaA4CIOVjzlCguX5BDhMStIx8VH3SXlfsCBMFl0sYsg2ZWVJlaFktp3iqSd1
/gR9MIOvjq/wcPKGMoLSF6BRuGMyEKUwde5Ej4kgvGRAwJpa7RdcTzHyUjWlcB4MKghU3lfKBF4P
D9gWtluPpwQ81IcOQtQA9UQr8xwQcQriAcFvoAqHlRYhC5jeOYM0GkQIFihAhyDv5o5FFo1opWyk
1mQ0h5NBeAa+TVix3FgohELy8n7exwNJS151UafcL2218kiIFNvngQNKFg0mdijqYeqhvPbZLDtQ
d/Qe8tF83Ocpsy2lK2eFVmZQOAB9qsYzLygsFVBYDMwIVJCpLAbWZyGOd0WUxecFIgjVgRFZjEcL
lGfZ0sYBPmUic89GPU4TFcJD1EVxX666wiAAaFSyGudCk/dAb7HcMyb/EN4b/OeBqP/8E5HKj8sV
blJfJBBsYCSFXy+VGXa+ViNS53UeSzh04aETEUyKzAwP+QValbvVyZf9ChrkT4KrO+gVpPcqexyT
04vD2dj82+CgN7o3Djr3nQPzb8bfXOaE0sbu42EoDhrXN8O2NMXyqtt7LcMeWY/XE1s5w9G3wBir
upMIPUThCKTmrHDZIXPSLM6Nch7Nx0UlX1gcwAOuyhErJUk+YI18FQB0QcZ3r06FqRFdifYVJJmI
FCTkqwZpiGCrWZbIwkjkguweDF+iEiHnRrzrIIJ+GBGbQ6S6kjmzaIf8AikQpks3IueM5FLgh2Ak
Lmz13sEew1PZEq6OrxCf8hvvDZpqr4PtqJPhCwiuwAQujSuw0P/qhmmAJzprUFy1qwCy2NOv0UTo
13PuiUNCSshCHANfXC5xq652zWGW3eqA3xK1sCw3svq2XE7Sm2AkBuS7Oixyqlxfs7lKxCtPCrOf
VEEQoPg6ZDq50C/9VfK7h18Gyn+RHm5xNrEOTyCeaBu9drc9gJ8/ncOUGDgO/Dvqs/6gN++7A5P1
nHl7bvYH8+6QGf2BY1LbNjvkJ8CdhjcsgPCgMmIrKlYj8/cQvvFI7uTqifcqvnnc1lvD5b1flUmI
7JjtdscwTHy/bHJ8VRkqN/wqWKkDAcSr4gRzESRJpaF8z+DLZWWMahTAJaakVbYAeIefcq8AI1WY
Ux9WMmBMkeBlVTlLb/1VBGNZyvG7i8X7P3xhi12x6tPZOEwCpaG+1SQMmmuLJ+R+BSdeRWkoAPJF
64X7QOa8oiZibDo6KGYwG3DaLTKpjDk5/4Mx29VElFLKB/74438BMOKbuw==
===END CRASH DUMP===
