PocketMine-MP Crash Dump Wed Jun 2 01:26:36 +07 2021

Error: Undefined index: NuTaVN
File: plugins/SETVIP_v2.3.phar/src/MCPEVN/SetVip
Line: 191
Type: ErrorException

THIS CRASH WAS CAUSED BY A PLUGIN
BAD PLUGIN: SETVIP v2.3

Code:
[182] 				  
[183] 				  unset($all[$name]);
[184] 				  $this->time->setAll($all);
[185] 			  }
[186] 			  
[187] 			  if(!isset($all[$name])) {
[188] 				  unset($all[$name]);
[189] 			  }
[190] 			  
[191] 			  $st = $all[$name]["current-vip"];
[192] 			  
[193] 			  $i = explode(",", $st);
[194] 			  
[195] 			  $date1 = strtotime($i[0]);
[196] 	    $date2 = strtotime(date("y-m-d"));
[197] 	    $date3 = abs($date2 - $date1);
[198] 		$help = $date3/86400;
[199] 		$date4 = intval($help);
[200] 	    
[201] 		if($date4 >= 1) {

Backtrace:
#0 plugins/SETVIP_v2.3.phar/src/MCPEVN/SetVip(191): pocketmine\utils\Utils::errorExceptionHandler(integer 8, string[23] Undefined index: NuTaVN, string[89] phar://C:/Users/Administrator/Desktop/MSAI/plugins/SETVIP_v2.3.phar/src/MCPEVN/S, integer 191, array[3])
#1 plugins/SETVIP_v2.3.phar/src/MCPEVN/SetVip(26): MCPEVN\SetVip->tick()
#2 pmsrc/src/pocketmine/scheduler/TaskHandler(137): MCPEVN\TickTask->onRun(integer 1)
#3 pmsrc/src/pocketmine/scheduler/TaskScheduler(179): pocketmine\scheduler\TaskHandler->run(integer 1)
#4 pmsrc/src/pocketmine/plugin/PluginManager(654): pocketmine\scheduler\TaskScheduler->mainThreadHeartbeat(integer 1)
#5 pmsrc/src/pocketmine/Server(2389): pocketmine\plugin\PluginManager->tickSchedulers(integer 1)
#6 pmsrc/src/pocketmine/Server(2152): pocketmine\Server->tick()
#7 pmsrc/src/pocketmine/Server(1992): pocketmine\Server->tickProcessor()
#8 pmsrc/src/pocketmine/Server(1586): pocketmine\Server->start()
#9 pmsrc/src/pocketmine/PocketMine(291): pocketmine\Server->__construct(object BaseClassLoader, object pocketmine\utils\MainLogger, string[36] C:\Users\Administrator\Desktop\MSAI\, string[44] C:\Users\Administrator\Desktop\MSAI\plugins\)
#10 pmsrc/src/pocketmine/PocketMine(321): pocketmine\server()
#11 pmsrc(11): require(string[91] phar://C:/Users/Administrator/Desktop/MSAI/PocketMine-MP.phar/src/pocketmine/Poc)

PocketMine-MP version: 3.19.1 [Protocol 431]
Git commit: a7cd0810020af15fb3d79127c77cf576085cd4cc
uname -a: Windows NT DESKTOP-KF1VXGB 6.3 build 9600 (Windows Server 2012 R2 Standard Edition) AMD64
PHP Version: 7.3.21
Zend version: 3.3.21
OS : WINNT, win
Composer libraries: 
- adhocore/json-comment 1.1.2@fc2f76979f0a44a5f5bc2a2b600d0762fe0e78e7
- daverandom/callback-validator unknown@unknown
- pocketmine/binaryutils 0.1.13@0abee38d4e2861621f262c79a2a3d699d8a697f4
- pocketmine/callback-validator 1.0.3@64787469766bcaa7e5885242e85c23c25e8c55a2
- pocketmine/classloader 0.1.2@9757928424652393b178a3760073113aa7c9911b
- pocketmine/log 0.2.1@830b44a2cf96ef703c550abe64302f230231ca49
- pocketmine/log-pthreads 0.1.3@e477ecf6ec214fdd4415ea1da3fdd9d73bf699ea
- pocketmine/math 0.2.6@43057cb8c179a9859677b496a788db922fd5cfc3
- pocketmine/nbt 0.2.18@9f82ca4d7f97fcd9a566e44b63c4f18a7657ae82
- pocketmine/pocketmine-mp 3.19.1@a7cd0810020af15fb3d79127c77cf576085cd4cc
- pocketmine/raklib 0.12.11@9cce458b8bfde3e4dfdbf70c659fc7b7fe26b5c4
- pocketmine/snooze 0.1.5@70b5e7937a06878dd321a3182ceb76d56298f2cd
- pocketmine/spl 0.4.2@6b08b7cf8c4afa17139c9a1b3bf1b408531de161

Loaded plugins:
ec 1 by McLebt for API(s) 3.8.1
FormAPI 1.3.0 by jojoe77777 for API(s) 3.2.0
Farms 1.0-non-alpha by Dấu Tên for API(s) 3.0.0, 4.0.0
PointAPI 1.0.3 by onebone | Fixed and Update by LamPocketVN for API(s) 3.9.0
KygekRanksUI 1.3.0 by Kygekraqmak for API(s) 3.0.0
SocialSpy 2.1.0 by Crafter20162017 for API(s) 3.0.0, 4.0.0
AutoInv 0.0.10 by JackNoordhuis for API(s) 3.0.0
reyyogaWtrhit 1.1.6 by reyyogaMnelux for API(s) 3.0.0, 4.0.0
Sponges 1.0.0 by  for API(s) 3.0.0
Trident 1.0.0 by brokiem for API(s) 3.15.0
Slapper 1.6.1 by jojoe77777 for API(s) 3.13.0
Netherite 1.2.1 by Wertzui123 for API(s) 3.0.0
FactionsPro 1.3.20 by Tethered_ for API(s) 3.0.0
TimeCommander 1.0.2 by TheDeibo for API(s) 3.0.2
BlocksConverter 2.1.1 by matcracker for API(s) 3.0.0
MaxEnchants 1.2.1 by Xenophilicy for API(s) 3.0.0
AutoXP 1.1.0 by JackMD for API(s) 3.0.0
KeepInventory 1.0 by KhoaGamingPro for API(s) 3.0.0
OnlineTime 1.3 by Zedstar16 for API(s) 3.0.0
TPAll 1.2 by matymare for API(s) 3.0.0
HideCommands 1.0.7 by Himbeer for API(s) 3.6.0
BlazinFly 1.8.7 by iiFlamiinBlaze for API(s) 3.0.0
Broadcaster 1.5 by EvolSoft for API(s) 3.0.0
PM-Beacons 2.0.0 by jasonwynn10 for API(s) 3.0.0
EconomyAPI 5.7.2 by onebone for API(s) 3.0.0
BlockSniper 3.2.3 by BlockHorizons, Sandertv (@Sandertv), Chris-Prime (@PrimusLV) for API(s) 3.2.0
MSpawns 2.2 by EvolSoft for API(s) 3.0.0
PurePerms 1.4.2-c2a by 64FF00 & ProjectInfinity for API(s) 3.0.0
MultiWorld 1.5.2 by CzechPMDevs, VixikCZ, fuyutsuki, kaliiks for API(s) 3.0.0
NoTP 1.0.7 by awzaw for API(s) 3.0.0
EconomyLand 2.1.2 by onebone for API(s) 3.0.0
WorldProtect 2.3.8 by aliuly for API(s) 3.0.0
Worlds 3.0.7 by survanetwork for API(s) 3.0.0
BuilderTools 1.2.0-beta2 by CzechPMDevs, VixikCZ for API(s) 3.0.0
NoDrop 1.0.0 by Inaayat for API(s) 3.0.0
SETVIP 2.3 by MCPEVN TEAM for API(s) 3.0.0
DevTools 1.14.1 by PocketMine Team for API(s) 3.13.0
InvCrashFix 0.0.1 by  for API(s) 3.14.0
VanillaEnchantments 4.0.0 by TheAz928 for API(s) 3.0.0, 3.1.0
CustomAlerts 2.1 by EvolSoft for API(s) 3.0.0
OffHand 2.0.3 by alvin0319 for API(s) 3.0.0
InvSee 1.0.0 by BlockHorizons for API(s) 3.0.0
PiggyCustomEnchants 2.4.0 by DaPigGuy for API(s) 3.19.0
PiggyShopUI 2.1.1 by DaPigGuy for API(s) 3.2.0
Shield 1.0.0 by JavierLeon9966 for API(s) 3.7.0
BangHoiUI 1 by JVN | JackVnKiller for API(s) 3.0.0
PureChat 1.4.11 by 64FF00 for API(s) 3.0.0
AuctionHouse 1.2.4 by Shock95x for API(s) 3.0.0
shopvip 1.0.0 by LetTIHL for API(s) 3.0.0
help 1.0.0 by LetTIHL for API(s) 3.0.0
KitUI 1.3.6 by Infernus101 for API(s) 3.4.0
BuyFix 1 by FPVGAMER for API(s) 3.0.0, 3.7.1, 3.8.1, 3.9.3, 4.0.0
WarpGUI 1.0.0 by RockPanther for API(s) 3.0.0
CustomItem 1.0.0 by Phuongaz for API(s) 3.0.0
RPG 1.0.0 by LetTIHL for API(s) 3.0.0
NapThe 1 by phuongaz for API(s) 3.0.0
ShopMob 1.0.0 by LetTIHL for API(s) 3.0.0
TempBanUI 2.3 by SonsaYT for API(s) 3.0.0, 4.0.0
AntiToolBox 0.1 by NgLamVN for API(s) 3.19.0
cayphattai 2.0.0 by Lettihl for API(s) 3.0.0
HealFeed 2 by JackPlugin for API(s) 3.0.0, 3.1.0, 3.0.7, 4.0.0
BetterVoting 1.6 by Twisted for API(s) 3.0.0
detu 4.0.0 by CLADevs || GreenJajot for API(s) 3.0.0
luyendan 1.0.0 by LetTIHL for API(s) 3.0.0
CustomTags 0.0.1 by DaRealAqua for API(s) 3.0.0
luckyblock 1.0.0 by LetTIHL for API(s) 3.0.0
SlapperRotation 1.2.1 by jojoe77777 for API(s) 3.0.0
Item 1.0.0 by LetTIHL for API(s) 3.0.0
ScoreHud 3.0.0 by JackMD for API(s) 3.0.0
Kho 6 by ItzFabb for API(s) 3.0.0
Buyrank 1.0.0 by LetTIHL for API(s) 3.0.0
OreGenerator 2.0.0 by vividmemory, LetTIHL for API(s) 3.0.0
thoikhong 1.0.0 by  for API(s) 3.0.0
PHP-Sell 1.2.7 by Muqsit for API(s) 3.0.0-ALPHA9, 3.0.0-ALPHA10, 3.0.0-ALPHA11, 3.0.0-ALPHA12, 3.0.0
BuydetuUI 1 by FurryJaki1992 for API(s) 3.0.0
AutoSellUI 3.0.0 by LetTIHL for API(s) 3.8.2
CmdSnooper 1.0.0 by HotshotHD for API(s) 3.0.0
PickaxeFunction 1.0.0 by LetTIHL for API(s) 3.0.0
giftcode 1.0.0 by LetTIHL for API(s) 3.0.0
gem 1.0.0 by LetTIHL for API(s) 3.0.0
PiggyCrates 2.0.9 by DaPigGuy for API(s) 3.2.0
VanishV2 1.16 by superbobby for API(s) 3.0.0
MenuUI 1.0.0 by LetTIHL for API(s) 3.0.0
capdao 1.0.0 by Nguyễn Công Danh (NCD) for API(s) 3.0.0
PrisonMine 1.0.0 by LetTIHL for API(s) 3.0.0
level 2.0.0 by LetTIHL for API(s) 3.0.0
essentialsTP 1.2.2 by  for API(s) 3.0.0
restart_in 1.0.0 by LetTIHL for API(s) 3.0.0
UpGrade 1.0.0 by LetTIHL for API(s) 3.0.0
AcidIsland 3.2.9 by GODSMineVn for API(s) 3.0.0
NganHang 1 by GreenJajot for API(s) 3.0.0
MuaPoint 0.1.lpk by LamPocketVN for API(s) 3.9.0
LoadWorlds 1.1 by shin for API(s) 3.0.0
QuestPlugin 3.1 by HmmHmmmmm for API(s) 3.11.0
PureEntitiesX 0.7.0 by milk0417, RevivalPMMP for API(s) 3.19.0
SellExp 3.0.0 by EzMinh, LetTIHL for API(s) 3.0.0
Joinkit 1.0.0 by LetTIHL for API(s) 3.0.0
MuteTime 1.0.0 by LetTIHL for API(s) 3.0.0
freeze 2.1.0 by Bavfalcon9 for API(s) 3.0.0
TrashGUI 0.0.1 by Phuongaz for API(s) 3.0.0
SizePlayer 1.0.3 by  for API(s) 3.0.0
AutoClearLagg 3.1.0 by Twisted for API(s) 3.0.0
Rewards 3.0 by Wertzui123 for API(s) 3.0.0

----------------------REPORT THE DATA BELOW THIS LINE-----------------------

===BEGIN CRASH DUMP===
eNrtfWl33Day6F/Bk3Nu5PfUC9m75jjHsiRbSiS7x5KXO2GOD5oEuxFxC5eW2jP5768KAEmAkqVu
uaN7PySTjJpFoFBVKNQGkPz3jh+nIc2/LFma8Tja2e/v7eQ8ZDv71tC2ByNrMhm2+8PJZAw3ikTe
mrQn9nhgj7ujbr8/GduTvZ2AZvlxmsbpzv6/d/JVAq12xPXxjcugG6De2wlZltE53voQecznEfMI
h183++RtcUk/voU2fhEEr3mAjZIFTfc7ncP9zocMyOsceCGPeJanNI/TzhHLrvI46ZxfHJx2kqCY
8yjrXBxffjydflna7V4bu3ey1O2cH06PP77tXLD8I08AnOAwaoi1+0GfAAgGuUwsEFFKXfj9686z
Llkfxy70fb5Pkti9YjnwwhynyHmQOc4H/LO/zwyJndDIC1i6y6OczVlKxnsEmOfR/Fe79xv5hgir
NuPJb2TbEtwjJS0oBULTlK5+7f32HITzzNpEEPYQ5CBBjiNhrZ9y7l7tClw2SULshP/V0upk7oJ5
BYikc0mzq1I8Vm+kIbsEJHi39VMcvS+iSniWQNxbB/FFebVrjSaN+apawkg1Da2f0ltD9e8eSgqp
MxV/zmkE6yHdHQ76949TkdT6KaQ8ulykjHonjKb5jNG8MfLg7pEvWAqrfNfujZtMSZocxyBKzkc1
cNYYZHj/INbAbgwi7+izPLoXBVie+1BM09gFcxKnEtf4flyD8fAbuLIchChxTO7GMRU/z+Hnrn1r
/ZZovnxx4wgWVuHmu/Hsd+bm5BXN2CHYxewsph5L94iC37H8z2FOz+L5HFup5dsb/kYO98Ey4MJ1
HGPlOo5autAT1q7jVL36/Q16qfXqOHL9dh9kv2c32c+kfCUCSyLYtbBVyv4oeMp2FWETayNrVA/a
Op/WRsQk6/nOb3/u7bCteJ3vcQdAhOz4hUfLOFiykEU5YPOAfzffKe8CROIFiBt7DGm2xjaAnVz+
jxC4ZY17BqiIMpbv/kCD4NcfIhqy357/Q7TqG61+yBc8w5URMtBplh8EgeijGg+qxoT8KSBDDSIA
Iw3A/d3/w7PmuM/Jv0XL8Vr0TZpDTrqNISeWBvghy8kLoqH51dlxizQFUbaWPHF2fhNoJ3YTSU9H
wgEHu0kCEO+us7MH/yJiSdGk3+yqS+UHj+bMgu6gj3mMctz9gf/aVdxMpLgIUQ1toyFCYLhVK2x5
zs5z1WVkdulBFzrLdlX/lhpRNS5l+sOCBQkKQnTpjIf9ble2KOUp7vShCdjjJYVZxh4Ci93tVkOK
y1K+MJ2q108vwHzDNP75dwjzdwjzdwjzdwjzdwjzPx3C7O3MWcRSGmA8gJ4PjLbRFwibwTzUKfpO
r21N2hbCCx54EIOMe4O9HZ598dhyZ9+nQcYg6EjjPHZjQNvvQcY65xiS0JHrdcdWt2t3qW8N/FnP
G00se+SORq4/GA2744Hr9V0XcBeKlk9gm+PrjLy9JEfHF79cvpu2fnltffz85hUZtntEkEAmw26X
7JZNpUYRcEA2eW+TixxMDE09cuxxdArPycH50bCPgRHk4vs7IzCyNrLzlUWeYE9dw+0vcYY0nL59
ewkAcXHNIxFBhUkMc/Al4LOUppxlKD/qLYDnlHV+z+KoBW1UKGa1rbb90ndtfzScjCZ+l/b7dOAP
Zq5N7RkQ73VHQ9tnXTYasxGg9yhwAGTHYceFmGRG3asWeFvu4UQDwiK6iuLr6KX6i8TWEzvjEU1X
YmFA0y6MbfVedumMsd7Y6zN7PLSGtuXbQ9sdTahNe95wMvHGFEjz+yaqOwe32t127+WwPxqP+tBn
OJy5lI7YYDwe2H2bwRzaPdcesLE7GFC7gRCXcyCWs6LNfjkZDUYTe9y3+8OB3Zv0ZtZoTHugDd1R
z7J6gNudTCxrZmIK4rnAYLetl+NedwYStV1/MmT+qNuDkZHhYb/XtX0b/q9nubQ/uYWhleTCEZSC
6r1k/dGIuf6QubbV9z2v37cGjFoe7cHFxBv1Zj5Ii1ETVUjzhaJm+BIGHYzc2dgF50cn48FkOBrN
+pMhHY3H3mxi2743cH23Z6KIZnnJz/jlxB/bQLA38mFOXG9CB8Mh6/dnw57b960xHQ0HI8rGDeHW
P1thUi3UlxusOg1ZSq9At6VcgCbr5cR1WX8wno1nvsd6rO/53gxk7Q4HE98dzUY+s4ezgdvQoCyK
469MiXfwctSdDdho0hvR7nA8GnseWETagzzEZbPR0BsM7cnYt12vgSQJBIY+aMtw1h3PgPCx26c+
tUZWb+JOqDWDibFmfeClZ3nMGlo7f1aJkVibzNUsHENma4uGq50W+SJOMwxJz90zBrMBtpEmHAG9
9hgMHlyziM4CBlYC/BQYOY8lYDOwD9zLYj8/0gEYZwByic1x4AZLIRjIcumuMIeDhYD29t3F5ad3
78+OAHTNZhnPkUaMkl/HaXgwPdUoLyEG+WCxuiYLv8e/x2yE/xhs2NDukWzUGB1HEVH9WIsVmoaZ
zoi4NtnotiKwmzQAd2Wyc+QUFqODglw6RbfLaGRw1RXc98XfR3K3CIEZpEj9WYejaQwBnTk7FajB
V7tn8hNHbAb/kf+Q1/wGEhAw9eRDgkkSma3IGQ2lC/741uBz8nj+1IAQsiCFgBFi1ZpWxerF5cH7
yw/TW4z+spqzq/c0uso+6Mwa4Af0UbRN6R8hvbo1dY9kSUPpODot6y+vi9jlNLhIVhpXNUxnCSxg
k6XDlPo5SyHMGMJ/o21rpBt6aDsTTGAOQ+9C/l6Hq4Mij0+jpcZTCdE5AtLaVoOln8HVv43j1FsU
PNvWPP0OSKMSqePAcKB4SwitK6Ie5Chlq1U8p5/ydIFxZMWXCTdV0GoPTeZU4/OIBcXNtmdLIQcy
rA3UL4mjOdONYglpmg9znrY0MSD81WAAGZgcdH26L1PuicC2oruE3E/3ziyNrzgLDeFbg8dzoPBB
hi/HB6N2XpPysPwDmuCa0uSvICYfw7a1lne1eo9nJZMjrzcJizxPMkgEIataFLM2JBqdmqROyQRw
+JblC5aKThWPNczk0m5y+Yml+deCW3ZvW6agxug4FRmPZrnG1ql5EpGGi3leNk1jI96ooU1nZTf0
9FKgY96X72N85yDK+UUC3hzGrKWgUYLRhrhYe+nxkB1CXkkjz1BcE95chnaDvQU7YnwWN7izHzut
xuDN6fxWUPEqgBAnO4wjIDU3eGneafrhhppC7uWm4GOg5ZbUtMboOA1iHEfWotaZq3N6cxy5Cxrl
uonXoQ8swM8sipMFD7i72hZrGkqcqIoU42LdIOPztBFjfJ7ecsJ3RBjnR9viRmKTocTn6aMNiUTT
URxgwMtYAt4R3Eic6rGhCW+sskbAu4jpGwrZ61wt/q2EvDpSCHp1ctZ33+8i3Du8FGdpKtY0YMM6
mnz9i3lY8LWG2+KpQug4NQ2PnsoKW0djCO3m9CDQS5zyurH+btmVVUhTtkWrIvA5Tp7QIFh/vk4g
oFHmVTckBrhp8UcmLyc8nLGGgRw+nhWFznF0GtacM9m1LaflVUC/8uh1sDLMfwkzmRo3meL8dQCL
gUfYY2vTZGJFB6DI0X6uM2uvUmjh0qzh2zSoyd7AZO54GQcXQOK22NIGBkYMKu5x1OUKu76+bjOg
CLG38ytR/ThvvWIU92z0+kcNNL32rVTgd5rF0fUqiqzu9hLNCqXjzAQZwGpFzoMzdgwN43BlVnQ0
oM7RoD1q2gtVYtkWN1XFhkkKRM3GoOZhFcTY5SLiye3wSkF1lrA62DD2oulJnPKvUoQXIsLLl2T3
ZfkTN64OFynPWtMUbC3cwb9Fdvbx+fdVHnfOV9MgzrW42aBGRWaSj42iMgjIrw2lLSGmxtp/7XpU
g+JOYjn6I9dhkbIpM2urNcy0Mf223XLtRm112H/9utsl/0UgpsDt1dPI5xHPtxZyfpEDQG5eUqX9
fISLF33VQYkaD85sEeT8U5zinmQ9uTWwYW+bM3z4lbmL6fkRWyJVH/kNvzr8lzgSvCryrLji8PuK
Bpxfba005uKQSejBkI4TIqXXSCkohU71pgLSGOloiLAcEF/qIbu4fCByoNdf6fW2+BXIHCeK8+TR
EZ4kqDbXZzTybttrAW0mjlsw2Lo/2MB4B0BOZb0VbQ9aKjFtsChzPMZXc2iATRZ77XFj9gJeBFtb
yRKb4wglTSQF66T7d8ziecFTn7PA0zcty+NPecpwSxXDk47BbSmUrCmOrOHJbqlxVqRLGrEcSN/a
BoTAqaQB67ciZC2NVry2BZI2UNZ5JhEJx42nGlh6GceBzqoBbtYOuq0Zy+laNu2vsF4zSVuOtIFv
Nin9HgtmoBI27CiNE8OKCcADpefTiNIV3Zr7VugcR46+Qc1fnsHVSs7loVxjITc2pMXRPHJ5fHC+
tfjDODq4DuUwG02FrECNqk+/WcmqTxSRS0bDrVXNSwLwZNayoW1rWqKatE6FA7g9jZaHKc0Wr/mN
xrAOvbWZ9s09GpDH46sGxR9Au+PwaOniyD6/2STa/UgjHgRUVfbwOJI+f3fd1dnq315Hlwt28HVi
j+/YQOuJct8j+VxKUhznME7ZI0xGSVfnLp5AEIdFlsfhQQAmSpeAAW7EC39tAqCPDFybdDwuFXjn
+ydmNFRCmsl4rxkmLHnU7VmT7UUKCqHjAAkLEf2oH+toLSyzC8bMdYeAB2y8ma5uq3BiZp2Skk2W
4JTP5ys5v3dsB9x115ytfpPNIwqd3hRmWGd9x+GQEiHkZbepuRP4iAVaDtK5A12nktPFIk6MQyY6
9IGNoDvlsnndwaixiPxJQXa+KTFJn3Hx3RKSaIRkLhYYKesxgwQ8sBx+pkvO0jMWR5PJ0KzXjx5K
c0rDce/mi44eIglBVPl3rfoUjeYnMTfmu4bdc0DvZwiG/kNw2+Zj9AtY++/d+tNO1Zn5XckqRkrr
RnhYkzhc0LxRjxGgZjnGsu6qxWyWkdY1kNt8CU0q95t39hqb4J/ZksdFNj1uVU2+UbZB4utfWyja
CDRiG1EMfAJkMGMzUQM3M52+KTNYKO7VZHDznSpgLHs9ztMSPjUSHmIS9C2QPtx+NKh9UEMAT7Lk
eg5TQh5Y0Wcsvzw9OdtaAitHXV+18VkvjWpx+bQk45Dr0/sLz80Ti+K6efpj2MwUfZZGRWZ1LYPq
/vdkixVKxxFErM/Dq2Jl5iAKcI95fD39+Obg/Pj9nTH6SLhNeaJ5Txwq7X3v4TdJ0fosfaJp8saY
mBLygDK9h/U3hYBhsb2zHojScXD89emXwctpzsJbmYQAPsDFdFHE0Zx+3W4mgSOvz8L76RuNdrx6
2nWcLDeQ91uaQHqnl3wk4J4lkGxZxiU+x5Fjl3/XKvmAmT2PZ0b8JiFPb+43OOTJwgSCMWOZ1rB7
y1UXEEnQ/77c9hlbhdZxKjLW5wZP4mFt51Wsm1IdapZzGur0dn5Gw8Zp/O/JuBQ+CB1qCtbNKbWo
qiQLGHTpKoGYKqdc408DPrAdD6qW80WwtdJwssFDLieMBq8Z0xOcCmSQffsomQwpv1mL2qu2Avrf
e8xsqp7wXdttg0BZ+jHOeTTXnbcObpwybhTarnmWM29bM6LQ4YGImgLzah22PJYXGjvi8oGK4eHZ
ARbyyX/+Q96kjEU/09/j7VXRJHKYFx7xeIP5CYoVIKORxkwFelqzXA67afxxSee3K5kCeH9leueI
vofldfBHQbfFgkdTwEgB43pMeDxz49RrBwzLvrTNCjkl7tVqhuU2Y1Iq4FNPSznwBps78uT9+zin
4u0vtx4sqO48cPL3Gw8YfI/zNAlYn6dGmLtOgLvlmeAbRbYX+AD2SWGUy0pQc5P4SQ4nl6NvkLYu
9AcX8EonvJmu5l9f09ns0acYbhU7vpnEyoGwwLdJHAnJYUqjKzOBFZCn1SIccoMz0il7I96LkMf6
2TkD/EBIteRL7oUsjNPVHtkyMzodjqN+rpWMAHn8ahEbQUkNe5LnzqrhNqipnkxbF8w4wV2Bmqa0
cfLjXGygNgXfOjibnhxMVISoLq1u49pqXNvl9aOtMBB8InbDNlg+GGSZNfIKdl8RqEjT1c/0iuNr
YLaldwZSPKZGL4u3iw1TsSKPUQ4GSxrwASN910oaP/7ZJYVug+CrfhZXC770B3TvtWoncQ55eH6y
NTfz+OeEp9y9ojfsdRG5jWileeeJa0Ny9PWnZM79vHylneKgAj0t6eWwG9BuRFfzJw+u5pvEVnLr
Fl3N7S1sCW36xMlfskV71470t7ezBWXGxfdvXws0nfKETbb4aDeO1QhQ41jUsHkmERbqLJ7NVts7
kVhidJySiPrXWqfjWWT6GgV4WqUMYdD1tdKliUdjo+wlAA/Q/HYOKlJYzB1E5BBfK+L3ozk5otGC
7L49PHq+LWZwHBYdQryDuB3njC1ZcJoFa56FmaY8i6Nz8bbPesnVwCe2zWJg+eqytUstyLCe0ovr
hwuS26WbZTmfb0A1yzIW5ZwGmXFm3gA3Q0/7rwiX9REdpzH+Gq/OEO/n+8Ij470ZFfCJkzA58Pqz
8CF5k1LDs5eQpyW82CDjPXC5p9a3FuDWwOZDVw0f+ebd0QWu7I/RNk80qGOuccT0c0zyGStgTT5r
tc5e3Jzia1X19LEC3ZONbL/yW2Ncf2YgXxFvPTKeD1Kgxv5PO0iuGhr1yLcyNedBvXXpvpykHknk
WKJP/WsdTnEr6dajEhqwEZk0ApMFj7Y1TfWY6z/xg5GXmyyjdh4nyMw/CzAbaqun5kaHmkuqwc5J
GMK/8I+5fffQYeXqZTD3vjYsXCBmx/mjEC92E0Q9IrwsaezoXKnDZMdg73POss+NE2U13NTdUdMW
hjy46vYtLIy8Z0u+pMH0/Hy6tc3MVOJMwhCMZFLgupSEyRNjJZkbn8zXaO2Y/GKZlwXB8Y1+GqmE
PFA/OP4KxnWx9YqcROs4x5+nm9VHf4YlfWW81aqEPK2Hu+IbGdK8+QKJCvTEqUKRbxDU+aCcX3Wq
FeCBV729okufBmDGt3ZAvsboOJKGTV6/RbOFeX6qAj2w9bfto0ef4jjAt2/J0dWvtXZp+Fc2DejK
fPtWDbz//Ynb2hPD8c5wPMepf69bwzwMGE3P6HzeKGPW8IZXuvUozXZ3+PNyhx/fsOciEQEQIV+O
o9O08ZM1Eu9BtgqK8PywY+LDs2TsmqZGoFFCGqb4KV8vpkjYxsvFFKqOfKMsTYHHnDWfayvfsi2i
BfEC6naSYiVWuL79nWfT6oocxpHP5wS/+uGkTvTsgubknK6IbRPL3u9N9ns98v+6I2J3bQsbhHHu
vTh/d0bqJALBcphWEqf5C2ti9WwEXi+ApVYAU/aii9c0iuIicvHhWlTuFnUXnMlvhGQv4kjgwRcQ
tNTzvDBZsmNIb1Sf7IU9QMic4m6Wx+R9P04BawWLfR+hIAEP9zvL62SZqFE87vvcLYJ89UIQOi/3
r1oZnj2K5tkLBIviQAv16EUgClkVLGPM05rg91ZeHB2/PvhwdolQqTAtiMPSlRpSgVIwsyU9+Lud
0Cy7jlPvxf8V/4CQQKVbGV0y1XHJ2XXLAxlSkNyLMYJuZvFNC7VXNYFJmBd0zl6waI7XxguL26sQ
X1j8jKDyEVdMd5GKjXcx6wSERwzdAS0glwuWMVJKg9CUkXzBCKRsGfwAHXFxMnMyY4RHblB44ssV
5Ja2Ia6LOISePiJo4syoz/ZIjIdoM0RJZimjV2QVF6nCRbhPYFK5z8UIMJ/4JZlghYjfsusKXcdj
PoUZzch1HP2YEwyXaUpQmiEwiy8PXyGF+HEYyff1gkWkSOaQwQOCthOhFktk+05EyLNPC/HqPZLH
MErkEUCh3swPMkhpBMoPtkjeFqQGMQwDrMIvlgt5eRA2uowsxIclEBIiZqmu5aztE/GaeryRLYrc
i2EBqA/17BNnR71B3g3iDAzqjqDsIAjia4ILC4gpv9RBlpySf6LKYRuhe+VT7PsELZfoeiz0UPUR
7/rFJUJgxkAoiG22IkqU2F6pbXVbI/bZJw4CiSOQK/U8krJMih/Fit90ICGjGYTKuLwJCH3GkGgQ
DvujoAGKbc6X0BbC6oKRXTUoGJrniF2OCAuGoU1pgdjxgwr7cFuM/bYIZyAV0CrwBZGLX9Ug+Dw9
6FFbNPgA0hKqXXKKzRYpZL8FzB40z/aIeMidqMUP62GP4Kv0gRF0E0I2YJYRFhYRaBA2kcgvxPQC
T6BlaXzDQcMYiAFYEpobVcShbBVBpz7qKrZBndwjPP8RxJenopvH0N4JlWl0JrvAQwHrxhZiEWy0
FKf7AlVTV6lQjrSIIpxODw1UnIhJEM/FZ21yxJbqNwn5fAGLGUOlPX3xKcVBiaRpkeQSKgWGggmB
NsWXmFxYlOILA55cEHQZcw/IvpsC1BHUuRgEDdrV1hQNGrdko0rTwPyLgwtyUb4BSwzag26XSDis
g5DnuLZDNqezVQ4SJxdS1F0hXJ4hbtH9EmftmgvJC42CRXvdkohKJcsEhz4HEsEiMXynHaLB0Lgc
Uio5zFaBy5TMY5ioGJcpagUONBdktgRp+6SLXMDowgTLt/z/r+cA45j76Efv+n30Z3mcCBKU+axI
UugyAuYD/SPYvZIgHLWkyurafUWYMAKfxKpQ9GU/boFCsS4ESWgxiPoIF6x0dsPcQhjfWJIsVyQ6
q6o1u3EhSshqjqThend5vE8uT04vyNnp+eklOZhOz06PL8j0+D2BaPCX4/d7BBqRy3fQ6ph8Onl3
dkym798dHl9ctJsmwJCHPRgqcUxZymPhkNEQZ8igu2DCJAtpVMbWAtlDSOAJ2yKatHA3UZpZgQri
Q+ATDDRoE/L7LWWTSgYRHzrACJupwQRmiQRMb23IpUcSY7xDH4J+XnRo326NuqCCcJi2hLkYDkjJ
IrlyXmXfigdQL5ZkNau9ruI1e343SYrznuJ8TtMZrIyWGweBjEWFAbpbumKpITmqF1G9wHaHNCpE
8KFTAoFZATr4fK/0CU0lLNVQulffB1yS37Begm3yTtp8qfAQPcRF4FW0cHAi1xGp6c8k4kSQD4wO
u13FK4z2WhiLW05SqI7EUPHmp3FYOlvZW7Vo6aqpzzByo2bylm6QO1TK0I6LMmDEKUthJFRDpche
ESYyupIhHFE3WnijnK8jbKQ6CNoFmSUHcAVuHhY7vUPA4LTB8cEIS1CyLCsYGoZ8AbM2L6NNNFo4
Wk3VXjmRMkZQQWVbUoNNvyknzHPcRRFdZSXthzRBKA+LEHwsvuaOlLkATiSRWZGkopYrrhclSrFi
busYBNuJokgM2MIouACn269m7CiWt5o6jbERWj2JXzYul5DEpRrqnInIoeVS/OZINS9AiohVIHxE
6QF1MsCQWBJ86zEmGthHclhzB92UPCU/5cjYuI52UYBYHSjx3o/qPj10IvXCpn3lIiA0W8SBDDFn
NIdMFiNxQXKGH9YjyskI2yYzH3VXupYZq4JN6d6e6bNU3kKzmq5yRL5HWpY2gWLyxMCtvCRGuQBh
tes4VqSoGEJ6knPMZUSgj50BqMhqkxOIBUGXXojgjhxOP+xBX6BhBuvrmnug9iJWkNazwt8S+PfJ
sAy764g8E9LR2rbJgQeGakEDv4OfHBFpgsdAh9VQMCjB6ggqmLYQa7enIdNTkeMbtGoYYtKgTZCI
D9NoWgbbdQKIuQQShUUU7FgkUdJS143s5lytuox/ZdV8YlheTiPufZchE4TtUj0019qf2LLT8zaZ
qj4BTeeiA1WZqNIFMaKf0jmyAHMCYsuSQEQsmF6GFN8rACOnOE+HAceKiciX8cNsLMvJ+eUHQWkG
LCHbsyInmJ+LqayHk8lFu7Q1YV60sNe+oBa13GOzYr5fJiw/EQsTFRWuLWCpivtEpaeZTKhRk6Ms
lo5LaYOFyKRxktgOFzEksKiBZZ7CykxUWDCP5pRkdFlaSqyAlHUivKelsECYKMTJgEXVI36PeSST
YVEm+pF8nsU3qPUpOT0iu58/nB49J/gy9QXQAO2vwdwnqXzpACgG5i8pJC/tOgIETYhFEyFs/BjQ
51dnJX6V22iQH8VgWCwSThOiD0xyhRsWvMVldUS5EK2I4/tiWLjH/VXrpuCepogU4hSwbozmpd0E
/uWH7co0QKSQilLQG6Y+4hPFbsATIvqC2mBVz6WYSobxsszK0aUpPyBscau8J4fMagtYFr70Csml
KHFIfYdVBOKVkyHaKuUuMlVqcWEl59LWqT4t2WefJBAkLXmAw0g7rmyUGgUdEY3mVaIQYbeg6Q/3
ylZGxezOqpSc5YMwLnAJ+9LhqBWNolRzjA4WTZSoR4Ae4m/hIaHze+Evtc6C8YjJ/HfGJLIZ83EB
iqqmcHGLUuGFjotip+F5Jfs4UMU+GCJCm6Qm8oOZMBoDp3YXld27yaQpYAL9KNcdEFt2xr8VNT2x
mLE60CrEx6AyTSdFRV8MJKq7+to8EoOJZ5UyYYFQnizFmSbyK4JEcUdUNaX04KKPwTrgaxGbPCNz
yMOyWjx1xaaSUPu2iJRtuqZcJGpgJyGLkXOTxEkRlMqoLtCViTbKIvaEPRQRfitRVgydCRom8HYq
dhbVWlmj2ldeHEtqIm+UYOkE1Xzhc45VscOr5Yb63sLDug1QtdxMcLKAcNOPtRmBVdaSOwdVy0WM
MyNIaeN+eJvHgmKwZKsQ854MH7/KgMOsJh2TOXWf1PcFC8KK0fk8hQxaVstUaU1WEPAjyldN/gR9
sILfHb3Dj4i2lM2Xrg+NwjWTwTWFpXMtRswE4TUDAtbW6tngaSvJS9WUk3NLqDCh8r5SJnDy+CFM
4ar0GFHAY110EHZHqCda6WqPiE/B7RF8s6Xwz3kVhoHp9VkKoXYLLVCE/k/eLd2VdBbUKIWp3SjN
vxYQcoIrF1asNBYKoZh5eb8c49ZMS171qc55WNtq5YARKbbHlYCmGWcWDSYOKGp8qlNZz23XA6g7
+gilNO938cpsy9mVq0IrnSgcgD5X8iyLJAsFFBYDsxwVOCuLgTVnyE08ETlyv0IE6QcwIjcY0AKV
lQNp4wCfMpGlZ6MBp5lKSyCSpGESlFcY8wCNaq72y0mT90BvsYS1T34VwQr4zz1R0/oNkcoXqFZu
Ut/4EGxg4Ihfh5JVg3L/SZQD7vJYwqELD52JAFlkm/g+MKBVuVudfDmuoEH+JLhjhV5Beq96xH3y
+uzgct/+x2hvMLmx9no3vT37H9Y/PAyIxDrfxVfgumhcX4y70hTLq/7guYzy5B6DnqzLFY6+BWSs
amki9BDFMJg1d0Xk95WLtDTKZYaSVrsTwuIAHnBVrtj9yUqBtcqdDdAFGc4+ey1MjRhKtDeQFCJS
kJAvGqQlYkst6IvFt9oJuwHDl6nkzr0Se64ikQGJzDgE5isZxIl2yC+QAqmHdCNyzUguBX4IRtLK
Vu/s7bCbnEUZV58rEC+Z1D79O3PVF1wrCO4q4WeDDVgcfvHiHIyhAcWdSANQpIF+jSZCv/Z5ID4K
UUPmofEh4gUeotCuOayypQ7AzwuLgxHyqFc4k1tkepNMffVYhyWuyfV75qvigtFTmP3MBEGAEuqQ
i+mZfhmusj8C8fVk9YsM8PCJjXsLpIWfYh50+90R/PzhFJbEyHXh38mQDUcDf+iNbDZw/a5vD0d+
f8ys4ci16Wxm98gPgDuPr1gE4YEhsRUVO6zlWZ2v+DYtPMg4EG8H+yq/XFu1hsub0JyTGNmxu92e
Zdl4AHd69M4QlRd/Eaw0gQDi5nSCuYiyzGh4wdEgfD43ZNSgAC4xzTbZAuA1fsbMAGrfKMbjwhZ+
ZhsIXpjKWXvrLyIY07//jCLic/ldaHUWBcUkUFrqBLIwaN6s/AYx6nG6SvJYAOSZyrl3a865oSZC
Nj0dBDleIcz3vJDKWJLzL4zZ3k1Feaju8Oef/x+8Z866
===END CRASH DUMP===
