PocketMine-MP Crash Dump Wed Jun 2 06:59:25 +07 2021

Error: Undefined index: NuTaVN
File: plugins/SETVIP_v2.3.phar/src/MCPEVN/SetVip
Line: 191
Type: ErrorException

THIS CRASH WAS CAUSED BY A PLUGIN
BAD PLUGIN: SETVIP v2.3

Code:
[182] 				  
[183] 				  unset($all[$name]);
[184] 				  $this->time->setAll($all);
[185] 			  }
[186] 			  
[187] 			  if(!isset($all[$name])) {
[188] 				  unset($all[$name]);
[189] 			  }
[190] 			  
[191] 			  $st = $all[$name]["current-vip"];
[192] 			  
[193] 			  $i = explode(",", $st);
[194] 			  
[195] 			  $date1 = strtotime($i[0]);
[196] 	    $date2 = strtotime(date("y-m-d"));
[197] 	    $date3 = abs($date2 - $date1);
[198] 		$help = $date3/86400;
[199] 		$date4 = intval($help);
[200] 	    
[201] 		if($date4 >= 1) {

Backtrace:
#0 plugins/SETVIP_v2.3.phar/src/MCPEVN/SetVip(191): pocketmine\utils\Utils::errorExceptionHandler(integer 8, string[23] Undefined index: NuTaVN, string[89] phar://C:/Users/Administrator/Desktop/MSAI/plugins/SETVIP_v2.3.phar/src/MCPEVN/S, integer 191, array[3])
#1 plugins/SETVIP_v2.3.phar/src/MCPEVN/SetVip(26): MCPEVN\SetVip->tick()
#2 pmsrc/src/pocketmine/scheduler/TaskHandler(137): MCPEVN\TickTask->onRun(integer 1)
#3 pmsrc/src/pocketmine/scheduler/TaskScheduler(179): pocketmine\scheduler\TaskHandler->run(integer 1)
#4 pmsrc/src/pocketmine/plugin/PluginManager(654): pocketmine\scheduler\TaskScheduler->mainThreadHeartbeat(integer 1)
#5 pmsrc/src/pocketmine/Server(2389): pocketmine\plugin\PluginManager->tickSchedulers(integer 1)
#6 pmsrc/src/pocketmine/Server(2152): pocketmine\Server->tick()
#7 pmsrc/src/pocketmine/Server(1992): pocketmine\Server->tickProcessor()
#8 pmsrc/src/pocketmine/Server(1586): pocketmine\Server->start()
#9 pmsrc/src/pocketmine/PocketMine(291): pocketmine\Server->__construct(object BaseClassLoader, object pocketmine\utils\MainLogger, string[36] C:\Users\Administrator\Desktop\MSAI\, string[44] C:\Users\Administrator\Desktop\MSAI\plugins\)
#10 pmsrc/src/pocketmine/PocketMine(321): pocketmine\server()
#11 pmsrc(11): require(string[91] phar://C:/Users/Administrator/Desktop/MSAI/PocketMine-MP.phar/src/pocketmine/Poc)

PocketMine-MP version: 3.19.1 [Protocol 431]
Git commit: a7cd0810020af15fb3d79127c77cf576085cd4cc
uname -a: Windows NT DESKTOP-KF1VXGB 6.3 build 9600 (Windows Server 2012 R2 Standard Edition) AMD64
PHP Version: 7.3.21
Zend version: 3.3.21
OS : WINNT, win
Composer libraries: 
- adhocore/json-comment 1.1.2@fc2f76979f0a44a5f5bc2a2b600d0762fe0e78e7
- daverandom/callback-validator unknown@unknown
- pocketmine/binaryutils 0.1.13@0abee38d4e2861621f262c79a2a3d699d8a697f4
- pocketmine/callback-validator 1.0.3@64787469766bcaa7e5885242e85c23c25e8c55a2
- pocketmine/classloader 0.1.2@9757928424652393b178a3760073113aa7c9911b
- pocketmine/log 0.2.1@830b44a2cf96ef703c550abe64302f230231ca49
- pocketmine/log-pthreads 0.1.3@e477ecf6ec214fdd4415ea1da3fdd9d73bf699ea
- pocketmine/math 0.2.6@43057cb8c179a9859677b496a788db922fd5cfc3
- pocketmine/nbt 0.2.18@9f82ca4d7f97fcd9a566e44b63c4f18a7657ae82
- pocketmine/pocketmine-mp 3.19.1@a7cd0810020af15fb3d79127c77cf576085cd4cc
- pocketmine/raklib 0.12.11@9cce458b8bfde3e4dfdbf70c659fc7b7fe26b5c4
- pocketmine/snooze 0.1.5@70b5e7937a06878dd321a3182ceb76d56298f2cd
- pocketmine/spl 0.4.2@6b08b7cf8c4afa17139c9a1b3bf1b408531de161

Loaded plugins:
PiggyCustomEnchants 2.4.0 by DaPigGuy for API(s) 3.19.0
TPAll 1.2 by matymare for API(s) 3.0.0
AutoInv 0.0.10 by JackNoordhuis for API(s) 3.0.0
MaxEnchants 1.2.1 by Xenophilicy for API(s) 3.0.0
BuilderTools 1.2.0-beta2 by CzechPMDevs, VixikCZ for API(s) 3.0.0
BlazinFly 1.8.7 by iiFlamiinBlaze for API(s) 3.0.0
Netherite 1.2.1 by Wertzui123 for API(s) 3.0.0
reyyogaWtrhit 1.1.6 by reyyogaMnelux for API(s) 3.0.0, 4.0.0
OffHand 2.0.3 by alvin0319 for API(s) 3.0.0
InvCrashFix 0.0.1 by  for API(s) 3.14.0
Slapper 1.6.1 by jojoe77777 for API(s) 3.13.0
DevTools 1.14.1 by PocketMine Team for API(s) 3.13.0
MultiWorld 1.5.2 by CzechPMDevs, VixikCZ, fuyutsuki, kaliiks for API(s) 3.0.0
SocialSpy 2.1.0 by Crafter20162017 for API(s) 3.0.0, 4.0.0
BlocksConverter 2.1.1 by matcracker for API(s) 3.0.0
FormAPI 1.3.0 by jojoe77777 for API(s) 3.2.0
MSpawns 2.2 by EvolSoft for API(s) 3.0.0
Trident 1.0.0 by brokiem for API(s) 3.15.0
Broadcaster 1.5 by EvolSoft for API(s) 3.0.0
SETVIP 2.3 by MCPEVN TEAM for API(s) 3.0.0
KygekRanksUI 1.3.0 by Kygekraqmak for API(s) 3.0.0
VanillaEnchantments 4.0.0 by TheAz928 for API(s) 3.0.0, 3.1.0
FactionsPro 1.3.20 by Tethered_ for API(s) 3.0.0
PurePerms 1.4.2-c2a by 64FF00 & ProjectInfinity for API(s) 3.0.0
NoDrop 1.0.0 by Inaayat for API(s) 3.0.0
NoTP 1.0.7 by awzaw for API(s) 3.0.0
EconomyAPI 5.7.2 by onebone for API(s) 3.0.0
BlockSniper 3.2.3 by BlockHorizons, Sandertv (@Sandertv), Chris-Prime (@PrimusLV) for API(s) 3.2.0
PM-Beacons 2.0.0 by jasonwynn10 for API(s) 3.0.0
Farms 1.0-non-alpha by Dấu Tên for API(s) 3.0.0, 4.0.0
Worlds 3.0.7 by survanetwork for API(s) 3.0.0
HideCommands 1.0.7 by Himbeer for API(s) 3.6.0
CustomAlerts 2.1 by EvolSoft for API(s) 3.0.0
Sponges 1.0.0 by  for API(s) 3.0.0
KeepInventory 1.0 by KhoaGamingPro for API(s) 3.0.0
ec 1 by McLebt for API(s) 3.8.1
InvSee 1.0.0 by BlockHorizons for API(s) 3.0.0
WorldProtect 2.3.8 by aliuly for API(s) 3.0.0
PointAPI 1.0.3 by onebone | Fixed and Update by LamPocketVN for API(s) 3.9.0
OnlineTime 1.3 by Zedstar16 for API(s) 3.0.0
AutoXP 1.1.0 by JackMD for API(s) 3.0.0
TimeCommander 1.0.2 by TheDeibo for API(s) 3.0.2
PureChat 1.4.11 by 64FF00 for API(s) 3.0.0
Shield 1.0.0 by JavierLeon9966 for API(s) 3.7.0
BangHoiUI 1 by JVN | JackVnKiller for API(s) 3.0.0
AuctionHouse 1.2.4 by Shock95x for API(s) 3.0.0
EconomyLand 2.1.2 by onebone for API(s) 3.0.0
PiggyShopUI 2.1.1 by DaPigGuy for API(s) 3.2.0
detu 4.0.0 by CLADevs || GreenJajot for API(s) 3.0.0
gem 1.0.0 by LetTIHL for API(s) 3.0.0
thoikhong 1.0.0 by  for API(s) 3.0.0
KitUI 1.3.6 by Infernus101 for API(s) 3.4.0
NapThe 1 by phuongaz for API(s) 3.0.0
AutoSellUI 3.0.0 by LetTIHL for API(s) 3.8.2
RPG 1.0.0 by LetTIHL for API(s) 3.0.0
restart_in 1.0.0 by LetTIHL for API(s) 3.0.0
WarpGUI 1.0.0 by RockPanther for API(s) 3.0.0
ShopMob 1.0.0 by LetTIHL for API(s) 3.0.0
OreGenerator 2.0.0 by vividmemory, LetTIHL for API(s) 3.0.0
essentialsTP 1.2.2 by  for API(s) 3.0.0
ScoreHud 3.0.0 by JackMD for API(s) 3.0.0
LoadWorlds 1.1 by shin for API(s) 3.0.0
shopvip 1.0.0 by LetTIHL for API(s) 3.0.0
luckyblock 1.0.0 by LetTIHL for API(s) 3.0.0
PHP-Sell 1.2.7 by Muqsit for API(s) 3.0.0-ALPHA9, 3.0.0-ALPHA10, 3.0.0-ALPHA11, 3.0.0-ALPHA12, 3.0.0
AcidIsland 3.2.9 by GODSMineVn for API(s) 3.0.0
Item 1.0.0 by LetTIHL for API(s) 3.0.0
BetterVoting 1.6 by Twisted for API(s) 3.0.0
UpGrade 1.0.0 by LetTIHL for API(s) 3.0.0
QuestPlugin 3.1 by HmmHmmmmm for API(s) 3.11.0
Kho 6 by ItzFabb for API(s) 3.0.0
capdao 1.0.0 by Nguyễn Công Danh (NCD) for API(s) 3.0.0
HealFeed 2 by JackPlugin for API(s) 3.0.0, 3.1.0, 3.0.7, 4.0.0
PrisonMine 1.0.0 by LetTIHL for API(s) 3.0.0
NganHang 1 by GreenJajot for API(s) 3.0.0
MuteTime 1.0.0 by LetTIHL for API(s) 3.0.0
BuyFix 1 by FPVGAMER for API(s) 3.0.0, 3.7.1, 3.8.1, 3.9.3, 4.0.0
giftcode 1.0.0 by LetTIHL for API(s) 3.0.0
Joinkit 1.0.0 by LetTIHL for API(s) 3.0.0
PiggyCrates 2.0.9 by DaPigGuy for API(s) 3.2.0
VanishV2 1.16 by superbobby for API(s) 3.0.0
MenuUI 1.0.0 by LetTIHL for API(s) 3.0.0
freeze 2.1.0 by Bavfalcon9 for API(s) 3.0.0
help 1.0.0 by LetTIHL for API(s) 3.0.0
SellExp 3.0.0 by EzMinh, LetTIHL for API(s) 3.0.0
luyendan 1.0.0 by LetTIHL for API(s) 3.0.0
SlapperRotation 1.2.1 by jojoe77777 for API(s) 3.0.0
CustomTags 0.0.1 by DaRealAqua for API(s) 3.0.0
AutoClearLagg 3.1.0 by Twisted for API(s) 3.0.0
cayphattai 2.0.0 by Lettihl for API(s) 3.0.0
Buyrank 1.0.0 by LetTIHL for API(s) 3.0.0
CmdSnooper 1.0.0 by HotshotHD for API(s) 3.0.0
level 2.0.0 by LetTIHL for API(s) 3.0.0
BuydetuUI 1 by FurryJaki1992 for API(s) 3.0.0
PureEntitiesX 0.7.0 by milk0417, RevivalPMMP for API(s) 3.19.0
PickaxeFunction 1.0.0 by LetTIHL for API(s) 3.0.0
TempBanUI 2.3 by SonsaYT for API(s) 3.0.0, 4.0.0
MuaPoint 0.1.lpk by LamPocketVN for API(s) 3.9.0
CustomItem 1.0.0 by Phuongaz for API(s) 3.0.0
Rewards 3.0 by Wertzui123 for API(s) 3.0.0
AntiToolBox 0.1 by NgLamVN for API(s) 3.19.0
TrashGUI 0.0.1 by Phuongaz for API(s) 3.0.0
SizePlayer 1.0.3 by  for API(s) 3.0.0

----------------------REPORT THE DATA BELOW THIS LINE-----------------------

===BEGIN CRASH DUMP===
eNrtfft327aS8L+CdXq2zq4li9Tb96Qnju3Eae1EGzuPvWVPDkiCEmq+yods5d7+7zsDgCRAO7Zs
q/6+H9rbXotDYDAzGMwLIPmvrSDJIlp8XbIs50m8tTfY2Sp4xLb2rJFtD6fWdDTs9gf93mi4s1Wm
8tagO+n3x9ZgOrJ7veHIglshzYujLEuyrb1/bRWrFFptieujK49BN0C9sxWxPKdzvPUx9lnAY+YT
Dr+u9si78px+egdtgjIMX/MQG6ULmu3t7h7s7X7MgbzdfT/iMc+LjBZJtnvI8osiSXdPz/bf7qZh
Oedxvnt2dP7p7ezr0u72u9h9N8+83dOD2dGnd7tnrPjEUwCnOIwaYu1+0CcEgkEuUwtElFEPfv+6
9axH1sexDX2f75E08S5YAbwwxykLHuaO8xH/7O0xQ2LHNPZDlm3zuGBzlpHJDgHmeTz/1e7/Rr4j
wrrNZPob2bQEd0hFC0qB0Cyjq1/7vz0H4Tyz7iMIewRykCDHkbDOTwX3LrYFLpukEXbC/xpp7ebe
gvkliGT3nOYXlXis/lhDdg5I8G7npyT+UMa18CyBuL8O4rPqatsaT1vzVbeEkRoaOj9l14Ya3DyU
FNLuTPw5pTGsh2x7NBzcPk5NUueniPL4fJEx6h8zmhUuo0Vr5OHNI5+xDFb5tt2ftJmSNDmOQZSc
j3rgvDXI6PZBrKHdGkTe0Wd5fCsKazq9DcUsSzwwJ0kmcU1uxzWcjL6DKy9AiBLH9GYcM/HzFH5u
29fWb4Xm61cviWFhlV6xnbi/M68gr2jODsAu5icJ9Vm2QxT8huV/CnN6kszn2Eot3/7oN3KwB5YB
F67jGCvXcdTShZ6wdh2n7jUY3KOXWq+OI9dv7072+3ab/VzKVyKwJIJtC1tl7I+SZ2xbETa17mWN
mkE7p7PGiJhkPd/67c+dLbYRr/MYdwBEyI5febxMwiWLWFwANh/494qt6i5AJF6AeInPkGZrYgPY
KeT/CIFb1qRvgMo4Z8X2DzQMf/0hphH77fk/RKuB0eqHYsFzXBkRA51mxX4Yij6q8bBuTMifAjLS
IAIw1gA82P4PnrfHfU7+JVpO1qJv2h5y2msNObU0wA95QV4QDc2vzpZXZhmIsrPkqbP1m0A7tdtI
+joSDjjYVRqCeLedrR34FxFLiqaDdlddKj/4tGAWdAd9LBKU4/YP/Nee4mYqxUWIamgbDRECw606
Ucd3tp6rLmOzSx+6UDffVv07akTVuJLpDwsWpigI0WV3Mhr0erJFJU9xZwBNwB4vKcwy9hBYIBir
hxSXlXxhOlWvn16A+YZp/PPvEObvEObvEObvEObvEOb/dQizszVnMctoiPEAej4w2kZfIMyFeWhS
9K1+15p2LYSXPPQhBpn0IQXn+VefLbf2AhrmDIKOLCkSLwG0gz5krHOOIQkde35vYvV6do8G1jBw
+/54atljbzz2guF41JsMPX/geYC7VLR8BtucXObk3Tk5PDr75fz9rPPLa+vTlzevyKjbJ4IEMh31
emS7aio1ioADsskHm5wVYGJo5pMjn6NTeE72Tw9HAwyMIBff2xqDkbWRnW8s9gV76hpuf01ypOHt
u3fnABAXlzwWEVSUJjAHX0PuZjTjLEf5UX8BPGds9/c8iTvQRoViVtfq2i8Dzw7Go+l4GvToYECH
wdD1bGq7QLzfG4/sgPXYeMLGgN6nwAGQnUS7HsQkLvUuOuBtuY8TDQjL+CJOLuOX6i8S20ysy2Oa
rcTCgKY9GNvqv+xRl7H+xB8wezKyRrYV2CPbG0+pTfv+aDr1JxRICwYmqhsHt7q9bv/laDCejAfQ
ZzRyPUrHbDiZDO2BzWAO7b5nD9nEGw6p3UKIyzkUy1nRZr+cjofjqT0Z2IPR0O5P+641ntA+aENv
3LesPuD2plPLck1MYTIXGOyu9XLS77kgUdsLpiMWjHt9GBkZHg36PTuw4f/6lkcH02sYOmkhHEEl
qP5LNhiPmReMmGdbg8D3BwNryKjl0z5cTP1x3w1AWoyaqCJaLBQ1o5cw6HDsuRMPnB+dTobT0Xjs
DqYjOp5MfHdq24E/9AKvb6KI3aLiZ/JyGkxsINgfBzAnnj+lw9GIDQbuqO8NAmtCx6PhmLJJS7jN
z06U1gv15T1WnYYsoxeg21IuQJP1cup5bDCcuBM38FmfDfzAd0HW3mg4DbyxOw6YPXKHXkuD8jhJ
vjEl3uHLcc8dsvG0P6a90WQ88X2wiLQPeYjH3PHIH47s6SSwPb+FJA0FhgFoy8jtTVwgfOINaECt
sdWfelNquTAxljsAXvqWz6yRtfVnnRiJtTnj8/nqoMyLJDqKvQWNi1w3eTfc3dlqbJ4NY/cAQsti
kWQ5Bq6HFDq9KVdoQ2nKESQE3kMAi6kbMjAn4NDAGvosBeOC3eBengTFoQ7AgATGqBBCGHGdmhuB
mAbCWkL635+df37/4eQQQJfMzXmBXC2KIs3BYYD1XZRuFwzSbjXI7g3odjEwP59B8qZJRl7rsoA1
a0oCtH8V0YwZkug9XBAVPscpUjBA0rvfxSvSvl8Wydt4qVFfQXT6gbKu1ZrMn8HIvUuSzF+UPN8U
H78D0rhC6jgwXAIpOgQVNVF3cnRKr27QVh3amhnhmDXGvrA4SRc85N5qU2xpKHFqrhoVNem6k7lX
6LxZdp4koc6dAW6z1+u4rKAtBTz4xrzF7PSQLbHDJ37FLw7+uSl2PUSeRhDcAIeupK1A2hynRel9
16JG9q6BCmUT0m88fh2udMHUMFMqk+7YlAfnr0MacR5jj40tSxMrcF+Ro/1cZ9rfsWLBMnFds9bA
7tDnzyD8byW37P6m2GowOk5Nxno254Y5bbDtNjwB0xlbrZI5/VxkCwyFa8ZNuMm81R2ZzKvGpzEL
y6tr/O9sDR4jB4UcyLDWt7jvgwAzeI2hCmJ6T4gYTVZouORxr29NNzWNNULHARLABvn1j3UYAXt8
kNF88Zpfaczo0GsuxGDICAIGj/B95R9AleOAo/Bw5IBfOY7Mf9dh4yykacoyjYUKYqrWqL2ufk9+
T9gY/zHjmf7DWcnlyA9eSg1JuxUTwCFYy7bDqEGt5TNoM9kktuSc0WhjnFYEYIFg2fIGZ+f7H84/
zu5itiFtt8aB/r8MC/45yUJ9iWlAk+Nhdy3HiNvckB/m5QWH3xeQ2vGL/C9xlxFSeomUghboVD/G
VWqIUOMTj9PwLNUdZQMzrZDVjuFhcQcFy+weZMQ9a7xpk+pFPuY/YhEcRP6Z/L1WaBSCPuQHSQzk
F8Z6bt9pc2hdi83BjoBuZRuMzhVG9PsGMfexVK+TLNqfvdU4qyCmTvfbc/YdS2U/Ik6vMTqOIqL+
sVaQfpbSy9gI0BXEnJzW4jxaJuEZkLSpiVGDYnGyGn0NG3R5edllQAli7RYXIgXMuC8KV00SqCDm
1PTaU+NmyQVnLbs6fDhHCp/jqPEhCT5tSLl7EWXQwqN5awFp0Jb5/GvnRxsYVo5BxcPmSe3nanav
2uDVta4VeMltHnJ+tH+6McUztqHWmZlfVnN28YHGF/lH3QIY4DvMgGib0T8ierEpPjSUjqPTsn48
/InGPAypyoKx/KubhZvu6mwOri+p8wXb/za1Jze4pr7wZw/kdSlJAb+UZOwBDrmia/cmntC8Uw+L
7fksS3QTr0Hb82u3ORfpE/O/Pm56t/bjgoNBjHDMhn+NErD18mLdSZ6VGZuxLDIKiDXM5GvQtTue
TU3WRoPXr3s98p8ERscdrbdxwGNebKxC81UOAOayokr7+YDJFn3V3nSDB1P55DBLUj2Pl4A7/MTb
mNIV3ZhhVeggfRejr79a3yXnM4P489k10lulFXr5jV5uLGdFZI4TJ0X64CxJEgTMHHlJnEQrM6bS
gDpjw+64HY0kMXPhv02xptA5DpMUAE7HMahZLwY+i3l6Pf5VUJ0ljABbrk40PU4y/i0R0dAZjbF2
tyTbL6ufuO96sMh43pllPGJwB/+W+cmn54+LLrdOV7MwKTSLY1CjQmfJx33C5tlp5xWjuFWuG58G
2C67tINnmifx5SqOrd7mqtw1SsdxBRnAXU3O3YkANS2pvG4tw06cxB0apouWJT10SovRYUnOnbLX
YzTedAq3iNA9CAtaEXYnRyI31VlSAFNdr5mWvMzAK7MC8uWNhTQCp+OIFBxYqAlZy8qo3bOuQNIF
ynafSUTI5DGE4QdJFNHYYNUA32FLj3nkslZiOno4rwqd4+g0rGlXZdduJGq1cldsPwQDobNmgFtp
91+bOegjQ8Rm0vHA3CFN4jnT2asgt/vujbns5Wo4hJRBDrq+y/6FsRQ6Q5iZZHrJx4S3eGhlDouE
vqERj+cqJNxI7qAjhexBJ2d97pinscQ8k49WHuedMNfUsAno4UNTOIENvDW6RW/B8mJ9ooHPM8bM
qjkC7ggCTe+8qRzbdLKSkvv4V2EhYQoLPDvdsuAVuJVfdyftrQ1ehqvN7WsgNmXCU0lBe27WrDGf
ljwLOAt9/aRIdea0yBieY8GCxK7BLQYdCY8LM7CsQe1Z7t8YVpJ/k9f8ivkEbDL5mOJxYOKuyAmk
ZYKUT+8MeU03EHimSKEIOzVabxGY2M6K8Vj9uXjMrNnRaoCtnNVk9Z/Mx7OQ1mhTU18jdJyGhgcn
CjW2XY0hdWjiy6x1ZuLL7Npe5A0nJk4PN8WqxCaPRnyZPZhHiWZXcYClTGBShQJGFmHC2zpsX6vB
HDLutn2F/VBmjcHXWctV0eFgQYtWzUGA2iUHy7qp3nCvudIKGtdzG3F2qKqgbO20yjpf2JInZT47
6tRNvlOaQOKbXxsoTAg0GN0s0MzpwY0E3OGSfqZLzrITlsTT6chcxuO75FXte9+q5Dp6CH4EUdXf
tVJiGs+PE24UTRvYLdHCz5/egQnG5fEp/oWH4WO3g7TNGi2p11jFevD6x7aEmhyD0jDDDmng9rGQ
gcnf2QLcyHR49UiujAKFvvmvZVRqJDzPJehbIH1ouQxq72RaDXVinp7Qoe2dvQ0UbFqTtW7xJhSn
KUza7q5UoJGAeUkNbdWhd2xd3njA0n7cnIq9YwXZ+u7RS0mfcfHoo5YSjThi6bOi1EQiLu/YBjg4
2ce9b/Lvf5M3EKjFP9Pfk82llxI5LFgec6zerLtw5yzS+MCrOwzsCSvO3x6fbIrwOe4NrkssEMEv
FpBuaiQ3sCfJeuvh7pHv8sLcIhPX7b2TUbu+HrAsLnOrZxmiHjwmYa9RQnaLRNyjzE5TCKH0QrsE
3OKv0kUJYqLfNqUpFT7HkWNXf9c9VXzGwtCYBw3YLuutofOThwePCt360v8we6PRjVdPu0jT5T12
ZDImHif7ij21M5I18GlJVwOvT/5nmqVvDD2pIHcQ/gGCihmNccdzU8QjSsfB8denH53UaeIagbOE
PK3gIci6B9XvM/ZGPMRWJHqOZ4Dv2BdZ8iX3IxYl2WqHbJgZnQ7HUT/Xsjwsz1lccBrmxj6lAW4H
xvZf4bj0ESEqNMe/W6vwmbjj0sjHKtAdxvOvqTJUo6+vYlhAvLatowFbxZLWxs6Cx5tioRlz/SIJ
hqVeuoy7RZIiM7i6llzftq8gT7/K8eUKa89CWHoXKxdLvBrtGvBpyW8GXp+D2fGsg2GDnhFVoPZK
bu2WnYqT4W3iO/sns+P9qTgOVF9avda11bq2q+uH8o4EH4uscO0k3+P+2zw0010N2N7Ln5rcv3l/
eIanoz/Fm0zx1alryHX1bFBu3QNrcgt/nS2QwsiExOXTKiPQco9c6BUrCpZ9SgpupEMGuPXAQKsk
esnzgvmbol6hw3MDDQXm1TpsfUzfZNTXM40K8rSTUd7Dpv1PCUHmTL2ip6Zbh5oro+VbjqMI/oV/
zEO3d50MrB8LufXoQ7RAzI7zRyk2BAVRDyiEVDTu6lxhbrvQzwbilc5qO6ctvr2mrvvgcte1et53
M105EJZl7xOEejT1qc6PAtyhee/m5QrPsHjDmBzgGZZgEM/JIY0XZPvdweHzTakkjsPiA0iCEbfj
nLAlC2vTeyd3x4yGrxnTbXcNMkLr6+Gbmu/vnV/dqY/CDB4b2s3UW1jWdsYZz5P4VLxIq3HHDfCJ
82QxsHwryNqVlTnFlxzpNrwG3VJd2XwJscG4PvGnZdHeaq1BTyv6qCzuIfRX5cp8SlABbhH469mn
N/unRx9uXAXjrgzPJurvVGwsP2o1SIruUcjlQVG9FK6q5lagJy7pqmHXp/3nhMcXxjO1FeRpKb/g
99B9+fYFrANcfwuFhLYLFtO/ZHPkppdKfP+NFIIy4+Lxb6AQaHarZyfyxSe79cCEALXy61H75CSE
Mm7iuqvNnZusMDpORUTzay3rxuLSqAQqwBNbNhh0fa0MwIp/042AAtzxFOUrugxoCKHWxh7mbjA6
jqRhfSbwhYQaC+LyaYWOQ96j5gqp9NGVTnIFuaM2dvQNopTFxsuVEq3jHH2Z3S8CDjHC9Gls1GYU
6KkrM3LYe0yCTIc+JAUV72299vx8feeO91N85+nUx5RaTALW50ma9XM6v36IWQBvf6EBGP8PEOHv
/1HSTXHi0wwwUsC4HhM+z70k87shw6fVaJeV1XbcQchodkLn89aOXANvJc3XHqvbbP2iqOoX+I4f
D4kIgQh5nE2n6d5P2Um8+/kqLKPTg10Tn8g6V+mCFgXlRuZZA+/Y9oB1V/BFuLFn/9PiXmF0RuML
M44WkCfe5IMh77Gomsf4tUWlP9t/K+3HSZEvkuJ4Y1saD3/FQIgVAN1Wi+u7FWazOS/LCz6/X/KF
52XME3A17LYUrMyy1c/0guNrUTdFv4EUX3FBz8t3EEXf53QEnls8igtecJZ/aZ3ubOCmsR635yXi
4UVvYGEZ5QNb8iUNZ6ens429mi6TONMognggLTHZl4TJ05sVmfc+ka7RumvyK3Ik74Jesddl7LV8
cvvOExdq5Ojrz/A5i9JXqBT6AeQaduvT+mdJnNP/Pd/0U20KrePUZNynbEPFgXqjbKNAppZa3TC9
aE3FAw/8t7dt1IH+2zZKm5HEwhR9ml/rB1CtvR0NeIfazTZ8hqkZ+R6Hf9glzYxN6wrSSi6e8i1r
ioRNvGNNoRL1A3zQH1+c9CrRi3M6tKWe7Uo8qExLLR9jMxU+CAIbCtZ9EkljtiJLvJeF5gvzeFEN
uiOY37QufgZ+8LUscnT1a61Ei39js5CuzHeUNcDbHyfaVEqF453geI7T/L6bfHyjLM2A5oK1XyhW
vWVbmCTxAupummEoJvzi3tazWX1FDpI44HOCX/1wMid+dkYLckpXxLaJZe/1p3v9Pvnv3pjYPdvC
BlFS+C9O35+QZrscwXKYTppkxQtravVtBF4ugNhOCGnDix5e0zhOwE3ic17IY4d6C87kN0LyF5BN
Ih58W1BHPVoGkpcdI3ql+uQv7CFC5hQPSPlM3g+SDLDWsCQIEAoS8PFwTXWdLlM1is+DgHtlWKxe
CELn1ZGoTo5JSDzPXyBYRKEd1IsXoSi/1bCcMV9rgt9beXF49Hr/48k5QqUedP4oWbZSQypQBq6j
ogd/d1Oa55eQWL74L/EPCAnSqk5Ol0x1XHJ22YHss6AguRcTBF25yVUHFVE1gUmYl3TOXrB4jtfG
C4u7qwhfWPyMoIEjnpjuMhPpu5h1AsIjhu6AFpDzBcsZqaRBIFkmxYKRJAaVKSCfIx5OZkFcRnjs
haUvvlxBrmkb4jpLIugZIII2zpwGbIckeNQwR5TEhaz8gqySMlO4CA8ITCoPuBgB5hO/JBOuEPE7
dlmj2/VZQGFGc3KZxD8WBOsUNCMozQiYxZeHr5BC/DiM5PtywWJSpvOM+oCg68SoxRLZnhMT8uzz
Qrz1hRQJjBL7BFCoN/ODDCBTA+WHfFjeFqSGCQwDrMIvVgh5+RBTeowsxIclEBIhZqmu1aztEfGa
eryRL8rCT2ABqA/17BFnS71B3guTHJL6LUHZfhgmlwQXFhBTfamDLDkl/4Mqh22E7lUPVO4RNEii
65HQQ9VHPAGJS4TAjIFQEJu7IkqU2F6pbX1bI/bZZw4CSWKQK/V9AtmTFD+KFb/pQCJGc4ijcXkT
ELrLkGgQDvujpCGKbc6X0BZi7pKRbTUoGJrniF2OCAuGoU3pgNjxgwp7cFuM/a6MXJAKaNV+voo9
/KoGwXcVgB51RYOPIC2h2hWn2GyRQeBWwuxB83yHiMdYiVr8sB52CL5KHxhBmy9kAwYXYVEZgwZh
E4n8TEwv8ARaliVXHDSMgRiAJaG5cU0cylYR9DZAXcU2qJM7hBc/gviKTHSDlBE/JoEq0+pMtoGH
EtaNLcQi2OgoTvcEqrauUqEcWRnHOJ0+GqgkFZMgXhicd8khW6rfJOLzBSxm9Jg7+uJTioMSybIy
LSRUCgwFEwFtii8xubAoxRcGfLkg6DLhPpB9MwWoI6hzCQgatKurKRo07shGtaaB+RdnYeWifAOW
GLQHvSmRcFgHES9wbUdsTt1VARInZ1LUPSFcniNu0f0cZ+2SC8kLjYJFe9mRiColywWHAQcSwSIx
fHAe0WDtvxpSKjnMVonLlMwTmKgElylqBQ40F2R2BGl7pIdcwOjCBMu3/P9/zwGGJ7fRj971cfRD
BpEKEpT5rElS6HIC5gP9I9i9iiActaLK6tkDRZgwAp/FqlD05T9ugEKxLgRJaDGI+ggXrHR2xbxS
GN9EkixXJDqrujW78iBKyBuOpOF6f360R86P356Rk7enb8/J/mx28vbojMyOPhCI8345+rBDoBE5
fw+tjsjn4/cnR2T24f3B0dlZt20CDHnYw5ESx4xlPBEOGQ1xjgx6CyZMspBGbWwtkD2EBL6wLaJJ
B/dApZkVqCA+BD7BQIM2Ib/fUzapZBDxoQOMsZkaTGCWSMD0NoZceiQxxnv0IejnRYfu9daoCyq2
hmlLmYfhgJQskivnVfateQD1YmnesNrvKV7z5zeTpDjvK87nNHNhZXS8JAxlLCoM0M3SFUsNyVG9
iOoFtjuicSmCD50SCMxK0MHnO5VPaCthpYbSvQYB4JL8Rs0S7JL30uZLhYfoISlDv6aFgxO5jElD
fy4Rp4J8YHTU6yleYbTXwlhcc5JCdSSGmrcgS6LK2creqkVHV019hpEbNZPXdIPcoFKGdpxVASNO
WQYjoRoqRfbLKJXRlQzhiLrRwRvVfB1iI9VB0C7IrDiAK3DzsNjpDQIGpw2OD0ZYgpLlecnQMBQL
mLV5FW2i0cLRGqp2qomUMYIKKruSGmz6XTlhnuMtyvgir2g/oClCeVRG4GPxGX1S5QI4kURmRZKK
Rq64XpQoxYq5rmMQbKeKIjFgB6PgEpzuoJ6xw0Teaus0xkZo9SR+2bhaQhKXaqhzJiKHjkfxdS71
vAApIlaB8BGlB9TJAENiSfG9vphoYB/JYcMddFPylPxUI2PjJtpFAeIOVYX3dlS36aETq5dh7SkX
AaHZIglliOnSAjJZjMQFyTl+WI8oJyNsm8x81F3pWlxWB5vSvT3TZ6m6hWY1WxWIfId0LG0CxeSJ
gTtFRYxyAcJqN3GsSFExhPQl55jLiEAfOwNQkdUlxxALgi69EMEdOZh93IG+QIML6+uS+6D2IlaQ
1rPG3xH498ioCrubiDwX0tHadsm+D4ZqQcNgF1/EItIEn4EOq6FgUIJ1D1QwbSE2bk9DpqciR1do
1TDEpGGXIBEfZ/GsCrabBBBzCSQKC3XYsUzjtKOuW9nNqVp1Of/G6vnEsLyaRnzuqAqZIGyX6qG5
1sHUlp2ed8lM9QlpNhcdqMpElS6IEYOMzpEFmBMQW56GImLB9DKi+JYEGDnDeToIOVZMRL6MH2Zj
eUFOzz8KSnNgCdl2y4Jgfi6mshlOJhfdytZERdnBXnuCWtRyn7nlfK9KWH4iFiYqKlxbwFIV94lK
T3OZUKMmx3kiHZfSBguRSeMksR0sEkhgUQOrPIVVmaiwYD4tKMnpsrKUWAGp6kR4T0thgTBRX5MB
i6pH/J7wWCbDokz0I/niJleo9Rl5e0i2v3x8e/ic4OvCF0ADtL8Ec59m8u0goBiYv2SQvHSbCBA0
IRFNhLDxnX9fXp1U+FVuo0F+FINhsUg4TYg+MMkVbljwllTVEeVCtCJOEIhh4R4PVp2rkvuaIlKI
U8C6MVpUdhP4lx+2q9IAkUIqSkFvmHq1UZx4IU+J6Atqg1U9j2IqGSXLKitHl6b8gLDFneqeHDJv
LGBV+NIrJOeixCH1HVYRiFdOhmirlLvMVanFg5VcSFun+nRknz2SQpC05CEOI+24slFqFHRENJ7X
iUKM3cK2P9ypWhkVsxurUnKW96OkxCUcSIejVjSKUs0xOlg0UaIeAXqIv4WHhM4fhL/UOgvGYybz
X5dJZC4LcAGKqqZwcYtK4YWOi2Kn4Xkl+zhQzT4YIkLbpKbyg5kwGgOndhOVvZvJpBlgAv2o1h0Q
W3XGvzU1fbGYsTrQKcUrsnJNJ8WpEjGQqO7qa/NQDCaeRMuFBUJ5sgxnmsivCBLFHVHVlMqDiz4G
64CvQ2zyjMwhD8sb8TQVm1pC3esiUrbpknKRqIGdhCxGzk2apGVYKaO6QFcm2iiL2Bf2UET4nVRZ
MXQmaJjA26nYWVRrZY1qT3lxLKmJvFGCpRNU84VPEtXFDr+RG+p7B48at0D1cjPB6QLCzSDRZgRW
WUfuTtUtFwnOjCCli5vlXZ4IisGSrSLMe3I8xJUDh3lDOiZz6j5p7gsWhBWj83kGGbSslqnSmqwg
4EeUL9r8CfpgBb8/fI8fEe0omy9dHxqFSyaDawpL51KMmAvCGwYErKvVs8HT1pKXqikn55pQYULl
faVM4OTxQ5jCVekxooAnuugg7I5RT7TS1Q4Rb3zdIfjJL+GfizoMA9MbsAxC7Q5aoBj9n7xbuSvp
LKhRClNbS5p/LSHkBFcurFhlLBRCMfPyfjXGtZmWvOpTXfCosdXKASNSbI8rAU0zziwaTBxQ1PhU
p6qe220GUHf0ESpp3u7ildmWsytXhVY6UTgAfaHkWRVJFgooLAZmOSpwVhYDa86Qm/gicuRBjQjS
D2BEbjCgBaoqB9LGAT5lIivPRkNOc5WWQCRJozSsrjDmARrVXO1Vkybvgd5iCWuP/CqCFfCfO6Km
9RsilS+nrd2kvvEh2MDAEb8eIasG1f6TKAfc5LGEQxceOhcBssg28f1BQKtytzr5clxBg/xJcMcK
vYL0Xs2Ie+T1yf75nv2P8c5wemXt9K/6O/Y/rH/4GBCJdb6Nb2P00Li+mPSkKZZXg+FzGeXJPQY9
WZcrHH0LyFjV0kToIYphMGveisjvK5dZZZSrDCWrdyeExQE84Ko8sfuTVwLrVDsboAsynH32Wpga
MZRobyApRaQgIV81SEfEllrQl4hvtRN2BYYvV8mddyH29UUiAxJxOQTmKxnEiXbIL5ACqYd0I3LN
SC4FfghGstpWb+1ssauCxTlX780WHz3QPv3reuoLrjUEd5Xws8EGLIm++kkBxtCA4k6kASizUL9G
E6FfBzwUXyRpIPPI+BDxAvfStWsOq2ypA/DzwmJ/XJ4Di1y5RaY3ydVXj3VY6plcf2CBKi4YPYXZ
z00QBCiRDjmbneiX0Sr/IxRfT1a/yBDPINi4t0A6+CnmYW/QG8PPH97Ckhh7Hvw7HbHReBiM/LHN
hl7QC+zROBhMmDUaezZ1XbtPfgDcRXLBYggPDImtqNhhrR5G+IZvM8AHQ4bixXDf5Jdr69ZweRWZ
c5IgO3av17csGx+tmR2+N0TlJ18FK20ggLg5nWAu4jw3Gp5xNAhfTg0ZtSiAS0yzTbYAeIlfDDSA
2jeK8REfCz+zDQQvTOVsvPVXEYzp339GEfG5/C60Og+NYhIoLfWsvTBovlt9gxj1OFulRSIA8rHj
uX9tzrmhJkI2fR0EOV4pzPe8lMpYkfNPjNnez0R5qOnw55//B1qBzo8=
===END CRASH DUMP===
