PocketMine-MP Crash Dump Wed Jun 2 06:57:25 +07 2021

Error: Undefined index: NuTaVN
File: plugins/SETVIP_v2.3.phar/src/MCPEVN/SetVip
Line: 191
Type: ErrorException

THIS CRASH WAS CAUSED BY A PLUGIN
BAD PLUGIN: SETVIP v2.3

Code:
[182] 				  
[183] 				  unset($all[$name]);
[184] 				  $this->time->setAll($all);
[185] 			  }
[186] 			  
[187] 			  if(!isset($all[$name])) {
[188] 				  unset($all[$name]);
[189] 			  }
[190] 			  
[191] 			  $st = $all[$name]["current-vip"];
[192] 			  
[193] 			  $i = explode(",", $st);
[194] 			  
[195] 			  $date1 = strtotime($i[0]);
[196] 	    $date2 = strtotime(date("y-m-d"));
[197] 	    $date3 = abs($date2 - $date1);
[198] 		$help = $date3/86400;
[199] 		$date4 = intval($help);
[200] 	    
[201] 		if($date4 >= 1) {

Backtrace:
#0 plugins/SETVIP_v2.3.phar/src/MCPEVN/SetVip(191): pocketmine\utils\Utils::errorExceptionHandler(integer 8, string[23] Undefined index: NuTaVN, string[89] phar://C:/Users/Administrator/Desktop/MSAI/plugins/SETVIP_v2.3.phar/src/MCPEVN/S, integer 191, array[3])
#1 plugins/SETVIP_v2.3.phar/src/MCPEVN/SetVip(26): MCPEVN\SetVip->tick()
#2 pmsrc/src/pocketmine/scheduler/TaskHandler(137): MCPEVN\TickTask->onRun(integer 1)
#3 pmsrc/src/pocketmine/scheduler/TaskScheduler(179): pocketmine\scheduler\TaskHandler->run(integer 1)
#4 pmsrc/src/pocketmine/plugin/PluginManager(654): pocketmine\scheduler\TaskScheduler->mainThreadHeartbeat(integer 1)
#5 pmsrc/src/pocketmine/Server(2389): pocketmine\plugin\PluginManager->tickSchedulers(integer 1)
#6 pmsrc/src/pocketmine/Server(2152): pocketmine\Server->tick()
#7 pmsrc/src/pocketmine/Server(1992): pocketmine\Server->tickProcessor()
#8 pmsrc/src/pocketmine/Server(1586): pocketmine\Server->start()
#9 pmsrc/src/pocketmine/PocketMine(291): pocketmine\Server->__construct(object BaseClassLoader, object pocketmine\utils\MainLogger, string[36] C:\Users\Administrator\Desktop\MSAI\, string[44] C:\Users\Administrator\Desktop\MSAI\plugins\)
#10 pmsrc/src/pocketmine/PocketMine(321): pocketmine\server()
#11 pmsrc(11): require(string[91] phar://C:/Users/Administrator/Desktop/MSAI/PocketMine-MP.phar/src/pocketmine/Poc)

PocketMine-MP version: 3.19.1 [Protocol 431]
Git commit: a7cd0810020af15fb3d79127c77cf576085cd4cc
uname -a: Windows NT DESKTOP-KF1VXGB 6.3 build 9600 (Windows Server 2012 R2 Standard Edition) AMD64
PHP Version: 7.3.21
Zend version: 3.3.21
OS : WINNT, win
Composer libraries: 
- adhocore/json-comment 1.1.2@fc2f76979f0a44a5f5bc2a2b600d0762fe0e78e7
- daverandom/callback-validator unknown@unknown
- pocketmine/binaryutils 0.1.13@0abee38d4e2861621f262c79a2a3d699d8a697f4
- pocketmine/callback-validator 1.0.3@64787469766bcaa7e5885242e85c23c25e8c55a2
- pocketmine/classloader 0.1.2@9757928424652393b178a3760073113aa7c9911b
- pocketmine/log 0.2.1@830b44a2cf96ef703c550abe64302f230231ca49
- pocketmine/log-pthreads 0.1.3@e477ecf6ec214fdd4415ea1da3fdd9d73bf699ea
- pocketmine/math 0.2.6@43057cb8c179a9859677b496a788db922fd5cfc3
- pocketmine/nbt 0.2.18@9f82ca4d7f97fcd9a566e44b63c4f18a7657ae82
- pocketmine/pocketmine-mp 3.19.1@a7cd0810020af15fb3d79127c77cf576085cd4cc
- pocketmine/raklib 0.12.11@9cce458b8bfde3e4dfdbf70c659fc7b7fe26b5c4
- pocketmine/snooze 0.1.5@70b5e7937a06878dd321a3182ceb76d56298f2cd
- pocketmine/spl 0.4.2@6b08b7cf8c4afa17139c9a1b3bf1b408531de161

Loaded plugins:
OnlineTime 1.3 by Zedstar16 for API(s) 3.0.0
VanillaEnchantments 4.0.0 by TheAz928 for API(s) 3.0.0, 3.1.0
Worlds 3.0.7 by survanetwork for API(s) 3.0.0
NoDrop 1.0.0 by Inaayat for API(s) 3.0.0
FactionsPro 1.3.20 by Tethered_ for API(s) 3.0.0
SETVIP 2.3 by MCPEVN TEAM for API(s) 3.0.0
ec 1 by McLebt for API(s) 3.8.1
CustomAlerts 2.1 by EvolSoft for API(s) 3.0.0
MultiWorld 1.5.2 by CzechPMDevs, VixikCZ, fuyutsuki, kaliiks for API(s) 3.0.0
AutoXP 1.1.0 by JackMD for API(s) 3.0.0
Netherite 1.2.1 by Wertzui123 for API(s) 3.0.0
InvSee 1.0.0 by BlockHorizons for API(s) 3.0.0
HideCommands 1.0.7 by Himbeer for API(s) 3.6.0
EconomyAPI 5.7.2 by onebone for API(s) 3.0.0
MaxEnchants 1.2.1 by Xenophilicy for API(s) 3.0.0
reyyogaWtrhit 1.1.6 by reyyogaMnelux for API(s) 3.0.0, 4.0.0
SocialSpy 2.1.0 by Crafter20162017 for API(s) 3.0.0, 4.0.0
PointAPI 1.0.3 by onebone | Fixed and Update by LamPocketVN for API(s) 3.9.0
PiggyCustomEnchants 2.4.0 by DaPigGuy for API(s) 3.19.0
PiggyShopUI 2.1.1 by DaPigGuy for API(s) 3.2.0
AutoInv 0.0.10 by JackNoordhuis for API(s) 3.0.0
BlockSniper 3.2.3 by BlockHorizons, Sandertv (@Sandertv), Chris-Prime (@PrimusLV) for API(s) 3.2.0
Sponges 1.0.0 by  for API(s) 3.0.0
EconomyLand 2.1.2 by onebone for API(s) 3.0.0
PM-Beacons 2.0.0 by jasonwynn10 for API(s) 3.0.0
BlazinFly 1.8.7 by iiFlamiinBlaze for API(s) 3.0.0
Slapper 1.6.1 by jojoe77777 for API(s) 3.13.0
BlocksConverter 2.1.1 by matcracker for API(s) 3.0.0
TPAll 1.2 by matymare for API(s) 3.0.0
MSpawns 2.2 by EvolSoft for API(s) 3.0.0
PurePerms 1.4.2-c2a by 64FF00 & ProjectInfinity for API(s) 3.0.0
WorldProtect 2.3.8 by aliuly for API(s) 3.0.0
KygekRanksUI 1.3.0 by Kygekraqmak for API(s) 3.0.0
Farms 1.0-non-alpha by Dấu Tên for API(s) 3.0.0, 4.0.0
InvCrashFix 0.0.1 by  for API(s) 3.14.0
BuilderTools 1.2.0-beta2 by CzechPMDevs, VixikCZ for API(s) 3.0.0
TimeCommander 1.0.2 by TheDeibo for API(s) 3.0.2
FormAPI 1.3.0 by jojoe77777 for API(s) 3.2.0
OffHand 2.0.3 by alvin0319 for API(s) 3.0.0
KeepInventory 1.0 by KhoaGamingPro for API(s) 3.0.0
DevTools 1.14.1 by PocketMine Team for API(s) 3.13.0
Broadcaster 1.5 by EvolSoft for API(s) 3.0.0
Trident 1.0.0 by brokiem for API(s) 3.15.0
NoTP 1.0.7 by awzaw for API(s) 3.0.0
PureChat 1.4.11 by 64FF00 for API(s) 3.0.0
AuctionHouse 1.2.4 by Shock95x for API(s) 3.0.0
Shield 1.0.0 by JavierLeon9966 for API(s) 3.7.0
BangHoiUI 1 by JVN | JackVnKiller for API(s) 3.0.0
MenuUI 1.0.0 by LetTIHL for API(s) 3.0.0
BetterVoting 1.6 by Twisted for API(s) 3.0.0
PrisonMine 1.0.0 by LetTIHL for API(s) 3.0.0
TempBanUI 2.3 by SonsaYT for API(s) 3.0.0, 4.0.0
freeze 2.1.0 by Bavfalcon9 for API(s) 3.0.0
AntiToolBox 0.1 by NgLamVN for API(s) 3.19.0
CustomItem 1.0.0 by Phuongaz for API(s) 3.0.0
help 1.0.0 by LetTIHL for API(s) 3.0.0
TrashGUI 0.0.1 by Phuongaz for API(s) 3.0.0
SizePlayer 1.0.3 by  for API(s) 3.0.0
BuyFix 1 by FPVGAMER for API(s) 3.0.0, 3.7.1, 3.8.1, 3.9.3, 4.0.0
KitUI 1.3.6 by Infernus101 for API(s) 3.4.0
SellExp 3.0.0 by EzMinh, LetTIHL for API(s) 3.0.0
VanishV2 1.16 by superbobby for API(s) 3.0.0
capdao 1.0.0 by Nguyễn Công Danh (NCD) for API(s) 3.0.0
Kho 6 by ItzFabb for API(s) 3.0.0
UpGrade 1.0.0 by LetTIHL for API(s) 3.0.0
CmdSnooper 1.0.0 by HotshotHD for API(s) 3.0.0
AcidIsland 3.2.9 by GODSMineVn for API(s) 3.0.0
CustomTags 0.0.1 by DaRealAqua for API(s) 3.0.0
gem 1.0.0 by LetTIHL for API(s) 3.0.0
HealFeed 2 by JackPlugin for API(s) 3.0.0, 3.1.0, 3.0.7, 4.0.0
AutoClearLagg 3.1.0 by Twisted for API(s) 3.0.0
ScoreHud 3.0.0 by JackMD for API(s) 3.0.0
SlapperRotation 1.2.1 by jojoe77777 for API(s) 3.0.0
ShopMob 1.0.0 by LetTIHL for API(s) 3.0.0
luckyblock 1.0.0 by LetTIHL for API(s) 3.0.0
Item 1.0.0 by LetTIHL for API(s) 3.0.0
NganHang 1 by GreenJajot for API(s) 3.0.0
Rewards 3.0 by Wertzui123 for API(s) 3.0.0
PiggyCrates 2.0.9 by DaPigGuy for API(s) 3.2.0
Joinkit 1.0.0 by LetTIHL for API(s) 3.0.0
detu 4.0.0 by CLADevs || GreenJajot for API(s) 3.0.0
restart_in 1.0.0 by LetTIHL for API(s) 3.0.0
luyendan 1.0.0 by LetTIHL for API(s) 3.0.0
Buyrank 1.0.0 by LetTIHL for API(s) 3.0.0
essentialsTP 1.2.2 by  for API(s) 3.0.0
OreGenerator 2.0.0 by vividmemory, LetTIHL for API(s) 3.0.0
RPG 1.0.0 by LetTIHL for API(s) 3.0.0
AutoSellUI 3.0.0 by LetTIHL for API(s) 3.8.2
thoikhong 1.0.0 by  for API(s) 3.0.0
BuydetuUI 1 by FurryJaki1992 for API(s) 3.0.0
level 2.0.0 by LetTIHL for API(s) 3.0.0
NapThe 1 by phuongaz for API(s) 3.0.0
MuaPoint 0.1.lpk by LamPocketVN for API(s) 3.9.0
PHP-Sell 1.2.7 by Muqsit for API(s) 3.0.0-ALPHA9, 3.0.0-ALPHA10, 3.0.0-ALPHA11, 3.0.0-ALPHA12, 3.0.0
PureEntitiesX 0.7.0 by milk0417, RevivalPMMP for API(s) 3.19.0
QuestPlugin 3.1 by HmmHmmmmm for API(s) 3.11.0
MuteTime 1.0.0 by LetTIHL for API(s) 3.0.0
cayphattai 2.0.0 by Lettihl for API(s) 3.0.0
giftcode 1.0.0 by LetTIHL for API(s) 3.0.0
WarpGUI 1.0.0 by RockPanther for API(s) 3.0.0
shopvip 1.0.0 by LetTIHL for API(s) 3.0.0
PickaxeFunction 1.0.0 by LetTIHL for API(s) 3.0.0
LoadWorlds 1.1 by shin for API(s) 3.0.0

----------------------REPORT THE DATA BELOW THIS LINE-----------------------

===BEGIN CRASH DUMP===
eNrtfWt327ay6F/BdbpOnXstWaTe3itdcWwndms72rbyOLvsyoJIUELNV/mQrezd/35nAJAEaMeW
bTXnfGh3uy0OgcHMYJ4ASP57y4/TkOZflizNeBxt7fV2tnIesq09a2Db/bE16vXbg4FtdYc7W0Ui
b/XbXdu2+kOr1+v3Bv3OeGcroFl+lKZxurX37618lUCrLXF9dOMy6Aaod7ZClmV0jrc+RB7zecQ8
wuHXzR45L6b04zm08YsgeMsDbJQsaLq3u3uwt/shA/J2972QRzzLU5rH6e4hy67yONk9u9w/2U2C
Ys6jbPfyaPrxZPJlabe7bey+m6Xu7tnB5Ojj+e4lyz/yBMAJDqOGWLsf9AmAYJDL2AIRpdSF379u
veiQ9XFsQ9+XeySJ3SuWAy/McYqcB5njfMA/e3vMkNgxjbyApds8ytmcpWS0Q4B5Hs1/tbu/kW+I
sGozGv9GNi3BHVLSglIgNE3p6tfuby9BOC+sxwjCHoAcJMhxJKz1U87dq22ByyZJiJ3wv1pau5m7
YF4BItmd0uyqFA+opoZsCkjwbuunOLoookp4lkDcXQfxZXm1bQ3HjfmqWsJINQ2tn9JbQ/XuHkoK
aXci/pzRCOwh3R70e/ePU5HU+imkPJouUka9Y0bTfMZo3hi5f/fIlywFK9+2u6MmU5ImxzGIkvNR
DZw1BhncP4jVtxuDyDv6LA/vRWGNx/ehmKSxC+4kTiWu0f24+qPBN3BlOQhR4hjfjWMifp7Bz237
lv2WaL58ceMIDKtw8+149jtzc/KGZuwA/GJ2GlOPpTtEwe8w/zOY09N4PsdWyny7g9/IwR54BjRc
xzEs13GU6UJPsF3HqXr1eo/opezVcaT9dh5kv2s32c+kfCUCSyLYtrBVyv4oeMq2FWFj61HeqB60
dTapnYhJ1sut3/7c2WIbiTrPCQdAhOz4hUfLOFiykEU5YPOAfzffKu8CROIFiBt7DGm2RjaAnVz+
jxC4ZY26BqiIMpZv/0CD4NcfIhqy317+Q7TqGa1+yBc8Q8sIGeg0y/eDQPRRjftVY0L+FJCBBhGA
oQbg/vb/4Vlz3Jfk36LlaC36xs0hx53GkGNLA/yQ5eQV0dD86my5RZqCKFtLnjhbvwm0Y7uJpKsj
4YCD3SQBiHfb2dqBfxGxpGjca3bVpfKDR3NmQXfQxzxGOW7/wH/tKG7GUlyEqIa20RAhMNyqFbY8
Z+ul6jI0u3ShC51l26p/S42oGpcy/WHBggQFIbrsjga9Tke2KOUp7vSgCfjjJYVZxh4Ci93pVEOK
y1K+MJ2q10+vwH3DNP75dwrzdwrzdwrzdwrzdwrzP53C7GzNWcRSGmA+gJEPnLbRFwibwTzUJfpW
t22N2xbCCx54kIOMuv2dLZ598dhya8+nQcYg6UjjPHZjQNvrQsU655iS0KHrdUZWp2N3qG/1/VnX
G44te+gOh67fHw46o77r9VwXcBeKlk/gm+PrjJxPyeHR5S/T95PWL2+tj5/fvSGDdpcIEsh40OmQ
7bKp1CgCAcgmFza5zMHF0NQjRx7HoPCS7J8dDnqYGEEtvrc1BCdrIztfWeQJ9tQ13P4SZ0jDyfn5
FADi4ppHIoMKkxjm4EvAZylNOctQftRbAM8p2/09i6MWtFGpmNW22vZr37X94WA8HPsd2uvRvt+f
uTa1Z0C81xkObJ912HDEhoDeo8ABkB2Huy7kJDPqXrUg2nIPJxoQFtFVFF9Hr9VfJLae2BmPaLoS
hgFNOzC21X3doTPGuiOvx+zRwBrYlm8PbHc4pjbteoPx2BtRIM3vmajuHNxqd9rd14PecDTsQZ/B
YOZSOmT90ahv92wGc2h3XbvPRm6/T+0GQjTnQJizos1+PR72h2N71LN7g77dHXdn1nBEu6ANnWHX
srqA2x2PLWtmYgriucBgt63Xo25nBhK1XX88YP6w04WRkeFBr9uxfRv+r2u5tDe+haGV5CIQlILq
vma94ZC5/oC5ttXzPa/Xs/qMWh7twsXYG3ZnPkiLURNVSPOFombwGgbtD93ZyIXgR8ej/ngwHM56
4wEdjkbebGzbvtd3fbdroohmecnP6PXYH9lAsDf0YU5cb0z7gwHr9WaDrtvzrREdDvpDykYN4dY/
W2FSGerrR1idhiylV6DbUi5Ak/V67Lqs1x/NRjPfY13W83xvBrJ2B/2x7w5nQ5/Zg1nfbWhQFsXx
V6bE23897Mz6bDjuDmlnMBqOPA88Iu1CHeKy2XDg9Qf2eOTbrtdAkgQCQw+0ZTDrjGZA+MjtUZ9a
Q6s7dsfUmsHEWLMe8NK1PGYNrK0/q8JI2Ob7CCumqVhBrDydBtzZqj0cKAJc0yJfxGmGSeq/mIdh
zhqgw6QJR1gXzKCD1yyis4CB64DgBZ7PYwk4EuwG97LYzw91ACYfMEKF0HFqGmQYw9oODAT98PvL
6af3F6eHALpms4znSPMiz5MMogC41EUxa4OX2a2w7WoMAfsfacSDgB5F7oJGOTqjTGP+rru6FHqC
QUMO0wXb/wq2eksMO6hsTxfHUpLiOAfgPZ8ggJKu3bt4AkF8itPA03lXAJ1dZGRospsVKVDG8us4
vdrUzAucjnMtCHCcipC1WFb63BZI2kDZ7guJCJk8jw/TONGYVABTs2/N6UlE6Yrmm+JPoXMcOfp6
Oo3kv6UuhucM8lKNBx3aMNG23dROli9Yyrwvz+Nlaz/K+WVCQxyzZkyjxHHUxbq8qZWXmq1qKabm
yG46HVmQkenR/tmmJscsGNehnLka1cw156BBr3vKZqYejSBPfCqpApvjwA2WQg2V5eur0kGR5XG4
D0WX4fAMsCn6BitHyzi4BMI2JXd9ZHByJh2Kncvp/sX0w+ROu7++vm4zoAnxt/Mr5PGsCHIuvIfG
oQY0jaXftk0OD74ydzE5O2RLJOEjv+FXB/8SG2CQOWbFFYffV5D08atsU0JwccgkhCoBZBAipcJ3
wbTqVD/W9WuM7GqIQEL7RR5/1o1OAUzJWE1/+DPku2eHm2JaYoNCUoz95Agv0ewqDtDZC18n2tf+
voKZLN5S70+geV8LbtndTbFZYwTHX5LxZG5rbLs1T8D0SbS8ZDrHCvBAhHsTQCp5HKf8K7jvTXFs
IHUcSYnjyKWKdZzUMffYAZSINDIyEwPcZKyRnxzzEKq61GBp8HSWFDrH0WlYcxJl17bMO4/cOIrD
1f7kRGNMA+ps9dvDpm+KIzaD/zY1UwodhBJJAeB0HIOaB+fqjN6olFKfKh36gMV9ZlGcLHjA3dWm
2NJQ4hxVpBgX6zCXstUqntNPebrAVZqKPRPe9JoDk0HV+CxiQXFzR3nQew6rCjmQYa2fBFzGLqfB
ZbLS064K1gj/TZdxkFI/Z6ndsQbw33DTDLmhh4VxgsZ2EHqX8vc6XE1iHuWmYVWgprfo3mlW5D/k
Lb9hHgHrJh8S3JkhsxU5hXxXVNwfzw1uxxswvAQpFGan0XpP2iMY5fP5SmZKd5jeXXfNKe01p/SQ
Qqd3hWl/1jPYKxECV7epuRP4hFBYDrJ7B7rdSk6Xizj5cNKUj4I2Vd1aQy72o4smw6GKRExBtr4p
MUmfcfFsCUk0u2X+B2G5kQAiRJcIWHHbuiMFPI/j1FsUfGMJw++ANCqROg4MB7awlJmhJOpB4xc5
x2XE0VfUXOlQc0HjVklpZkLgIylWV/mSbL8uf+JOxMEi5VlrkvKQwR38W2SnH18+U0POVpMgzre+
mUJpfDwmj7pM4mjOdOdQQu5PCze23rFc9ftQUstB149PyjxOaeTdzpIEtGm4G0iTdDN9RMoUADlV
zqRoezhUnbXeMIq7erpjqoEme7ey9t9pFkfXqyiyOpszwQql48wEGaB2FTlr2B/9yqO3wcqwvhJm
qtuomaxz/jagIecR9thYcmtiRSNS5Gg/17KigCamWykhJluDZvj4Pf49ZkP8xwys3WcskcqRn1w+
1iTtlkyUzjM7iCNgJ7/tQLU7DwTMkOZuCs68UXg9YxJrjMoL1sQ8xhNOJ/uBvo8rrxuVyS1eViFN
2QY5EfgcJ09oEKzvDc8uE3pteIoSYs6G/dcu1KlBcYO/HP1py3OTImUTloaG76tg5pz02nbLtanJ
2aD39m2nQ/6LTNIYTz2cRD6PeL6x8vGLHACyr5Iq7ecTjE70VeeXajzl3gswkeNpxMYOTAlurIO3
R6YsaMCLYGOcS2xqCyaRFDQV9b7Z1pg+K3jqcxZ4+t5reYorTxnuDGdgxbsGtyCUX1ZzdnVBo6vM
SNsNcHO7oxEfRduU/hHSje1NaSgdR6flMbs4ps7L60Ym1oriqEWDZNHQ+UOnsBjtF2TqFJ0Oo9Gm
6+5FiFs3QtdLwh7kCBK8g5RmCyiazZXHCnqrnPhmnmn1nuFaiz+AKseBosHFkX1+85jg8AZPyrB0
GseBPj8GuLmI1WnNWE7X2jn4K/YIZpK2HGmDwGhS+px9AgMVBk4odNR6p5EYmPBmOWHf2hs/ZHwW
N0RhP1UUxuDr+CdhfnEamqtDJeQBb/KNNM5+RrJdYQRjk0RUP9ZR2Pe+f2zWRiWkWTh0m9FiyaNO
1xpvLmAohI4DJCxELaR+rMPIL4wl4C5YlMepXjmY8IZ2NXz9IqbvIM2P5mpPeiPeXkcK/l4nZ32H
DwbV9CkVqLFm3Gtm0vVBQzJlNNxYAVESgAc2lw2HsWZkr0nbrXCgF00Biytiuu5ENWhj3/WvTVe1
gcFBGlQ8LW2dptwTZxZrH6ggD+yxzdL4irPGFPafzpnC5zhqfEhOz2pSHtTK83g6MU7CTCcPbabR
66/0emMuA5E5ThTnyZPLWEmQqiUOFjRvlBIC1KwkLOuuMuJxa0R1+n57EU8sspZHYbZ2GudzPrMl
j4tsctSqmnyj4kDi618bqDcEGrHqKwY+BjKYsfSrgZt5Ts+U2eUCjH/cv3nmMSJjRVzPF7WVDjUS
LgcL+hZIH64JG9Q+vHqzwCJEX7yRgAeM9me65Cw9ZXE0Hg/Ms43Dh5SkDMb3nn3Q0TuOJKr8u1bS
SqP5ccyNGqmG3XMW6eeP5+Q/BNfxP0a/8CB47lqNlkaZK6glq3iqau21DhYVBksK8MBsnbJ8enJ8
urGlGhh0fZrfsBziysc4h3RBnwwd3FgpbKTH1xwik7cp6hU6XL6tKTCv1lqjTnkWR2fiWcraudbA
7zsliRhYPhiy7sRMWZiASRj6VMPuPWB4Cf6Z/vd000W2QguhuyRjfW78lLGv+lwowAPb9W/o0qcB
GObGcv4ao+NIGtZnAs+PYsb4JtZXDHSouWLQ8F3n81MaNnbhn7NPrfBBVKkpWHflQAu4JVnV+cqT
HPK95ulKAXzAaiaLIo7m9OtmT1fiyOvPET62qhEvLr+vseOQjzBzTB7emVZegu5ff9q4uD+BCmFe
LkdXv9bKUvhXSNnoytxmqoH3n1/ZEPVivFMcDxKR6vd6K2grcw1QAe5JQ95OPr7bPzu6uPN5iaGY
KHlIekectOk+1/VKitbXql94bq4/i+vmUtGg+cCAz9KoyKyOZfDVe84meoXScQQRjzjnxYLg6EY3
5hLSfLqjYc9HXyHEL3bIhu1aonWco88TPIyyPiP47Eq2+Gg3HtERoMZKyqD5nErC0lk8m60295RK
idFxSiLqX+tw49LEo/qTHArwgJM9nxcr3AVw+xE5wF0AvxfNySGNFmT7/ODw5aYYxHFYdACOEXFD
OGRLFpxkwbpregudNbzS+WoaTP71LZ3NnnxQ41b1+E0zkgNhhfUYxfuQvEupp2ddJeT7RsTiETRr
pya1FEQ/Snkv5cdxDrV3fryxc/5PP9G573JPKZ6WLNbA5pGuscnJu/eHl1iqfIw2uVyhlj/jiOnn
9+QJLpgkeZJr7SdxpnR++zkcAXwgdTmkF4wG+38UdFPz5NEUMFLAuJ6ueTxz49RrBwyfUaRtViBb
cyPznT+c8m7YUuaPSXWPgeG3jOnqVYGMuur2IUi5wPbNpz13qocme899Rmai3qCxdo1V5PFBwGh6
SufzxhHPGm7azq2yccNrEnm5JoFnO10kIgAi5AlPnaZHP90q8e5nq6AIzw52TXyYAuFLB44LYwGw
BD2QBP01TzuVoz8ii5MHtS7inIoXZ906h1bdeeBJi29sZD6nYjAJeARPEIXP4pmxLCsh39dbZI/K
BoLCvVrN8BSaRrgG/L601wOvz0FjYWKdJYkNU80ftRZxPqf4qirdjVWge4rLdylj0c/093hj24k1
xvWJv2DXNDWeYCshDc/zPR9BVCRs4gFEhap+1gIS8ZzdfhZFQptHE8Z/ybMWdz1a8u3nUgRlxsXz
n0MRaIRMfo55dGU8N1ZCvq/JXfFHKK3H8kKjWFw+8OqLg9N9PDtE/vMfsnnDU8iBAR49KsSkTLx+
6wuPjAf3KuD3nQM18GNiDRThHo2MSKNA3zvOyGEfsSNWrFIaXZnrgQLynYUOQ65PNcsyFuWcBplx
QMIANzMs+69Yh9VHdJzG+A8fDkvZO/HesjzWFwAM8APPlyz5knshC+N0tfE1QJ0Ox1E/19rJv5i8
00MpXH3nLchl8rgiDBdbjTVkDfhA7XEX6aOnH5hU6NYnHwjhV4vYSLxq2Hd5eqwa7lF+B+OVeSai
gt23GVGk6epnesXxxZCb0hcDKb7Kg06L88XjNn0DXHvVQ4C4fsB8N771DrGLzx+xy3tOk+nCeP2G
BNwzA8mGd+JKfI4jxy7/rnUIpaDiYWzj7TEK1NiebgfJVUP4T3xYvLnIqB4Gv8+o65GEdok+9a+1
zngcT1rokPSUvQQ1Q13jTOCZOHPfnK7W/unkeH+slr/UpdVpXFuNa7u8fvI6BBB8LA4fr6uieC7u
CMJqzln2uXF6sIabsz1sGlrIg6tOz0LJXDAImjSYnJ1NNnY6IZU4kzCEwJMUmFpLwuTpwJLMRx/g
1WjdNfkFwfyzAGtXi5u1WHRoY+WwsXsQhvAv/GNK4aEX4FWPVN77hEq4QMyO80ch3nkliHpCwVbS
uKtzJew+b74FsQJ95wNoRf4Id+vSVbKgeU65sadYAR8OFzlfBBvb7kkeUeXMuZ+Xr9wvtwxK0Hfe
N1DDrk/7J5om5rGTEvIA5RfgtSc0wrc3bYr6C7EKiOOvTz+ufS65fjqghHz/NVj8kMD6vpu7V/SG
vS0it7Eg3rzznQsEOfr6jOBBs1vv39SAjaMNjZMNCx5tivJ6zPXXBdGnuskyaudxIt8oS1PgIGfN
B1jKt2wL3y5eQN1OUtwCFsFrb+vFpLoiB3Hk8znBr344qRO9uKQ5OaMrYtvEsve6471ul/y/zpDY
HdvCBmGce6/O3p+SelcYwXKYVhKn+StrbHVtBF4vgPhWwLP8VQevaRTFoCj4VCqec2pRd8GZ/EZI
9iqOBB580rmlHoSFeZAdQ3qj+mSv7D5C5hSrZY/J+36cAtYKFvs+QkECHu79lNdQTqpRPO773C2C
fPVKEDov6+NWhq45mmevECxy/xZqyatAHD+pYBljntYEv7fy6vDo7f6H0ylCpUa0IGqmKzWkAqWQ
c5b04O92QrPsOk69V/9X/ANCgpK1ldElUx2XnF23PJAhBcm9GiHoZhbftFAxVROYhHlB5+wVg9oN
ro0XFrdXIb6w+AVBNSOumO4iFbtHYtYJCI8YugNaQCBxzxgppUFoygh4TxJHoDI5RDni4mTmZMYI
j9yg8MSXK8gtbUNcl3EIPX1E0MSZUZ/tkBgdc4YoySxl9Iqs4iJVuAj3CUwq97kYAeYTvyQTrBDx
Obuu0O16zKcwoxm5jqMfc4LJDU0JSjMEZvHl4SukED8OI/m+XrCIFMk8pR4gaDsRarFEtudEhLz4
tBDv+yN5DKNEHgEU6s38IIOURqD8ORAlbgtSgxiGAVbhF8uFvDxI/FxGFuLDEggJEbNU13LW9oh4
TT3eyBZF7sVgAOpDPXvE2VJvkHeDOGOesyUo2w+C+JqgYQEx5Zc6yJJT8k9UOWwjdK98/HuPoGsS
XY+EHqo+4rVbaCIEZgyEgthmK6JEie2V2la3NWJffOIgkDgCuVLPI1CzSvGjWPGbDiRkNINkF82b
gNBnDIkG4bA/Chqg2OZ8CW0hMS4Y2VaDgqN5idjliGAwDH1KC8SOH1TYg9ti7PMinIFUQKv2s1Xk
4lc1CL4ZGfSoLRp8AGkJ1S45xWaLFCq+AmYPmmc7RDx0T5Txgz3sEHyVPjCCEUDIBhwwwsIiAg3C
JhL5pZhe4Am0LI1vOGgYAzEAS0Jzo4o4lK0i6MRHXcU2qJM7hOc/gvjyVHTzGPo7oTKNzmQbeCjA
bmwhFsFGS3G6J1A1dZUK5UiLKMLp9NBBxYmYBPEMc9Ymh2ypfpOQzxdgzHiea0c3PqU4KJE0LZJc
QqXAUDAh0Kb4EpMLRim+MOBJg6DLmHtA9t0UoI6gzsUgaNCutqZo0LglG1WaBu5fLIxKo3wHnhi0
B+MqkXCwg5DnaNshm9PZKgeJk0sp6o4QLs8Qt+g+xVm75kLyQqPAaK9bElGpZJng0OdAIngkhk+h
Iho8eV8OKZUcZqtAMyXzGCYqRjNFrcCB5oLMliBtj3SQCxhduGD5lv//9RxgonIf/Rhdn0d/BnmM
IEG5z4okhS4j4D4wPoLfKwnCUUuqrI7dU4QJJ/BJWIWiL/txAxQKuxAkoccg6iNcYOnshrmFcL6x
JFlaJAarqjW7cSFLyGqOpON6Pz3aI9Pjk0tyenJ2MiX7k8npydElmRxdEMj7fjm62CHQiEzfQ6sj
8un4/ekRmVy8Pzi6vGw3XYAhD7s/UOKYsJTHIiCjI86QQXfBhEsW0qicrQWyh5TAE75FNGnh5oB0
swIV5IfAJzho0Cbk91vKJpUMMj4MgBE2U4MJzBIJuN7akcuIJMZ4jzEE47zo0L7dGnVBZdkwbQlz
MR2QkkVy5bzKvhUPoF4syWpWux3Fa/bybpIU513F+ZymM7CMlhsHgcxFhQO6W7rC1JAc1YuoXuC7
QxoVIvnQKYHErAAdfLlTxoSmEpZqKMOr7wMuyW9Ym2CbvJc+Xyo8ZA9xEXgVLRyCyHVEavoziTgR
5AOjg05H8QqjvRXO4laQFKojMVS8+WkclsFW9lYtWrpq6jOM3KiZvKUb5A6VMrTjskwYccpSGAnV
UCmyV4SJzK5kCkfUjRbeKOfrEBupDoJ2QWbJAVxBmAdjp3cIGII2BD4YYQlKlmUFQ8eQL2DW5mW2
iU4LR6up2iknUuYIKqlsS2qw6TflhHWOuyiiq6yk/YAmCOVhEUKMxbdvkLIWwIkksiqSVNRyRXtR
ohQWc1vHINlOFEViwBZmwQUE3V41Y4exvNXUacyN0OtJ/LJxaUISl2qocyYyh5ZL8eX51bwAKSJX
gfQRpQfUyQRDYknwJWRYaGAfyWHNHXRT8pT8lCNj4zrbRQHi2cQS7/2o7tNDJ1Kf3thTIQJSs0Uc
yBRzRnOoZDETFyRn+GE9ooKM8G2y8lF3ZWiZsSrZlOHthT5L5S10q+kqR+Q7pGVpEygmTwzcykti
VAgQXrvOY0WJiimkJznHWkYk+tgZgIqsNjmGXBB06ZVI7sjB5MMO9AUaZmBf19wDtRe5gvSeFf6W
wL9HBmXaXWfkmZCO1rZN9j1wVAsa+Lv49l9RJngMdFgNBYMSXAdBBdMMsQ57GjK9FDm6Qa+GKSYN
2gSJ+DCJJmWyXReAWEsgUXiMCjsWSZS01HWjujlTVpfxr6yaT0zLy2nEQwJlygRpu1QPLbT2xrbs
9LJNJqpPQNO56EBVJap0QYzop3SOLMCcgNiyJBAZC5aXIcWnxmHkFOfpIOC4YiLqZfwwG8tycjb9
ICjNgCVke1bkBOtzMZX1cLK4aJe+JsyLFvbaE9SilntsVsz3yoLlJ2JhoaLStQWYqrhPVHmayYIa
NTnKYhm4lDZYiEw6J4ntYBFDAYsaWNYprKxEhQfzaE5JRpelp8QVkHKdCO9pJSwQJlbaZMKi1iN+
j3kki2GxTPQj+TyLb1DrU3JySLY/fzg5fEnw3YYLoAHaX4O7T1L5ighQDKxfUihe2nUGCJoQiyZC
2PiWsM9vTkv8qrbRID+KwXCxSARNyD6wyBVhWPAWl6sjKoRoizi+L4aFe9xftW4K7mmKSCFPAe/G
aF76TeBfftiuLANECakoBb1h6n3aUewGPCGiL6gNruq5FEvJMF6WVTmGNBUHhC9ulffkkFntAcuF
L32FZCqWOKS+gxWBeOVkiLZKuYtMLbW4YMm59HWqT0v22SMJJElLHuAw0o8rH6VGwUBEo3lVKETY
LWjGw52ylbFidueqlJzl/TAu0IR9GXCURaMo1RxjgEUXJdYjQA/xt4iQ0PlCxEuts2A8YrL+nTGJ
bMZ8NECxqilC3KJUeKHjYrHTiLySfRyoYh8cEaFNUhP5wUwYjUFQu4vKzt1k0hQwgX6UdgfElp3x
b0VNVxgzrg60CvFe9kzTSfE8gRhIrO7qtnkoBhOHpDPhgVCeLMWZJvIrgkRxR9RqShnBRR+DdcDX
IjZ5QeZQh2W1eOoVm0pC7dsiUr7pmnJRqIGfhCpGzk0SJ0VQKqO6wFAm2iiP2BX+UGT4rUR5MQwm
6Jgg2qncWazWyjWqPRXFcUlN1I0SLIOgmi98L0S12OHVckN9b+FmWANUmZsJThaQbvqxNiNgZS25
8Vq1XMQ4M4KUNu5ot3ksKAZPtgqx7snwGYIMOMxq0rGYU/dJfV+wILwYnc9TqKDlaplaWpMrCPgR
5asmf4I+sOD3h+/xI6It5fNl6EOncM1kck3BdK7FiJkgvGZAwNraejZE2kryUjXl5NwSKkyovK+U
CYI8fghThCo9RxTwWBcdpN0R6om2dLVDxDsidwi+hVDE57xKw8D1+iyFVLuFHijC+CfvluFKBgtq
LIWpjSYtvhaQckIoF16sdBYKoZh5eb8c49ZMS171qc55WPtqFYARKbZHS0DXjDOLDhMHFGt8qlO5
ntuuB1B39BFKad4f4pXblrMrrUJbOlE4AH2u5FkukiwUUHgMrHJU4qw8Bq45Q23iicyR+xUiKD+A
EbnBgB6oXDmQPg7wKRdZRjYacJqpsgQySRomQXmFOQ/QqOZqr5w0eQ/0Fpew9sivIlmB+Lkj1rR+
Q6TyU3hVmNQ3PgQbmDjiK8TkqkG5/ySWA+6KWCKgiwidiQRZVJv4YQOgVYVbnXw5rqBB/iS4Y4VR
QUavesQ98vZ0f7pn/2O40x/fWDvdm+6O/Q/rHx4mRMLOt/HdsS4611ejjnTF8qrXfymzPLnHoBfr
0sIxtoCM1VqaSD3EYhjMmrsi8vvKRVo65bJCSavdCeFxAA+EKlfs/mSlwFrlzgbogkxnX7wVrkYM
JdobSAqRKUjIFw3SErmllvTF4lvthN2A48tUcedeiacuRCEDEplxSMxXMokT7ZBfIAVKDxlGpM1I
LgV+SEbSyldv7Wyxm5xFGVcvoxefmdQ+/Ttz1RdcKwjuKuFngw1YHH7x4hycoQHFnUgDUKSBfo0u
Qr/2eSBeH1hD5qHxIeIFvk9Du+ZgZUsdgJ8XFrvl8rBWOJNbZHqTTH31WIclrsn1BfPV4oLRU7j9
zARBghLqkMvJqX4ZrrI/AvH1ZPWL9PFhXhv3FkgLP8Xc7/Q6Q/j5wwmYxNB14d/xgA2GfX/gDW3W
d/2Obw+Gfm/ErMHQtelsZnfJD4A7j69YBOmBIbEVFTus5auAvuIJDzw90Bfvcvsqv1xbtYbLm9Cc
kxjZsTudrmXZeJJvcvjeEJUXfxGsNIEA4uZ0gruIssxoeMnRIXw+M2TUoAAuscw22QLgNX7szABq
3yjGh4Us/Mw2ELwwlbOO1l9EMqZ//xlFxOfyu9DqSVgUk0BpqUfKhUPzZuU3iFGP01WSxwIgT8DN
vVtzzg01EbLp6iCo8QrhvueFVMaSnH9hzvZ+IpaH6g5//vn/AQTnzo8=
===END CRASH DUMP===
