PocketMine-MP Crash Dump Wed Jun 2 04:43:02 +07 2021

Error: Undefined index: NuTaVN
File: plugins/SETVIP_v2.3.phar/src/MCPEVN/SetVip
Line: 191
Type: ErrorException

THIS CRASH WAS CAUSED BY A PLUGIN
BAD PLUGIN: SETVIP v2.3

Code:
[182] 				  
[183] 				  unset($all[$name]);
[184] 				  $this->time->setAll($all);
[185] 			  }
[186] 			  
[187] 			  if(!isset($all[$name])) {
[188] 				  unset($all[$name]);
[189] 			  }
[190] 			  
[191] 			  $st = $all[$name]["current-vip"];
[192] 			  
[193] 			  $i = explode(",", $st);
[194] 			  
[195] 			  $date1 = strtotime($i[0]);
[196] 	    $date2 = strtotime(date("y-m-d"));
[197] 	    $date3 = abs($date2 - $date1);
[198] 		$help = $date3/86400;
[199] 		$date4 = intval($help);
[200] 	    
[201] 		if($date4 >= 1) {

Backtrace:
#0 plugins/SETVIP_v2.3.phar/src/MCPEVN/SetVip(191): pocketmine\utils\Utils::errorExceptionHandler(integer 8, string[23] Undefined index: NuTaVN, string[89] phar://C:/Users/Administrator/Desktop/MSAI/plugins/SETVIP_v2.3.phar/src/MCPEVN/S, integer 191, array[3])
#1 plugins/SETVIP_v2.3.phar/src/MCPEVN/SetVip(26): MCPEVN\SetVip->tick()
#2 pmsrc/src/pocketmine/scheduler/TaskHandler(137): MCPEVN\TickTask->onRun(integer 1)
#3 pmsrc/src/pocketmine/scheduler/TaskScheduler(179): pocketmine\scheduler\TaskHandler->run(integer 1)
#4 pmsrc/src/pocketmine/plugin/PluginManager(654): pocketmine\scheduler\TaskScheduler->mainThreadHeartbeat(integer 1)
#5 pmsrc/src/pocketmine/Server(2389): pocketmine\plugin\PluginManager->tickSchedulers(integer 1)
#6 pmsrc/src/pocketmine/Server(2152): pocketmine\Server->tick()
#7 pmsrc/src/pocketmine/Server(1992): pocketmine\Server->tickProcessor()
#8 pmsrc/src/pocketmine/Server(1586): pocketmine\Server->start()
#9 pmsrc/src/pocketmine/PocketMine(291): pocketmine\Server->__construct(object BaseClassLoader, object pocketmine\utils\MainLogger, string[36] C:\Users\Administrator\Desktop\MSAI\, string[44] C:\Users\Administrator\Desktop\MSAI\plugins\)
#10 pmsrc/src/pocketmine/PocketMine(321): pocketmine\server()
#11 pmsrc(11): require(string[91] phar://C:/Users/Administrator/Desktop/MSAI/PocketMine-MP.phar/src/pocketmine/Poc)

PocketMine-MP version: 3.19.1 [Protocol 431]
Git commit: a7cd0810020af15fb3d79127c77cf576085cd4cc
uname -a: Windows NT DESKTOP-KF1VXGB 6.3 build 9600 (Windows Server 2012 R2 Standard Edition) AMD64
PHP Version: 7.3.21
Zend version: 3.3.21
OS : WINNT, win
Composer libraries: 
- adhocore/json-comment 1.1.2@fc2f76979f0a44a5f5bc2a2b600d0762fe0e78e7
- daverandom/callback-validator unknown@unknown
- pocketmine/binaryutils 0.1.13@0abee38d4e2861621f262c79a2a3d699d8a697f4
- pocketmine/callback-validator 1.0.3@64787469766bcaa7e5885242e85c23c25e8c55a2
- pocketmine/classloader 0.1.2@9757928424652393b178a3760073113aa7c9911b
- pocketmine/log 0.2.1@830b44a2cf96ef703c550abe64302f230231ca49
- pocketmine/log-pthreads 0.1.3@e477ecf6ec214fdd4415ea1da3fdd9d73bf699ea
- pocketmine/math 0.2.6@43057cb8c179a9859677b496a788db922fd5cfc3
- pocketmine/nbt 0.2.18@9f82ca4d7f97fcd9a566e44b63c4f18a7657ae82
- pocketmine/pocketmine-mp 3.19.1@a7cd0810020af15fb3d79127c77cf576085cd4cc
- pocketmine/raklib 0.12.11@9cce458b8bfde3e4dfdbf70c659fc7b7fe26b5c4
- pocketmine/snooze 0.1.5@70b5e7937a06878dd321a3182ceb76d56298f2cd
- pocketmine/spl 0.4.2@6b08b7cf8c4afa17139c9a1b3bf1b408531de161

Loaded plugins:
SocialSpy 2.1.0 by Crafter20162017 for API(s) 3.0.0, 4.0.0
TPAll 1.2 by matymare for API(s) 3.0.0
Farms 1.0-non-alpha by Dấu Tên for API(s) 3.0.0, 4.0.0
CustomAlerts 2.1 by EvolSoft for API(s) 3.0.0
PurePerms 1.4.2-c2a by 64FF00 & ProjectInfinity for API(s) 3.0.0
BlocksConverter 2.1.1 by matcracker for API(s) 3.0.0
VanillaEnchantments 4.0.0 by TheAz928 for API(s) 3.0.0, 3.1.0
DevTools 1.14.1 by PocketMine Team for API(s) 3.13.0
reyyogaWtrhit 1.1.6 by reyyogaMnelux for API(s) 3.0.0, 4.0.0
Slapper 1.6.1 by jojoe77777 for API(s) 3.13.0
PM-Beacons 2.0.0 by jasonwynn10 for API(s) 3.0.0
InvSee 1.0.0 by BlockHorizons for API(s) 3.0.0
Broadcaster 1.5 by EvolSoft for API(s) 3.0.0
WorldProtect 2.3.8 by aliuly for API(s) 3.0.0
AutoXP 1.1.0 by JackMD for API(s) 3.0.0
KygekRanksUI 1.3.0 by Kygekraqmak for API(s) 3.0.0
OnlineTime 1.3 by Zedstar16 for API(s) 3.0.0
MaxEnchants 1.2.1 by Xenophilicy for API(s) 3.0.0
BlockSniper 3.2.3 by BlockHorizons, Sandertv (@Sandertv), Chris-Prime (@PrimusLV) for API(s) 3.2.0
SETVIP 2.3 by MCPEVN TEAM for API(s) 3.0.0
MultiWorld 1.5.2 by CzechPMDevs, VixikCZ, fuyutsuki, kaliiks for API(s) 3.0.0
Trident 1.0.0 by brokiem for API(s) 3.15.0
PointAPI 1.0.3 by onebone | Fixed and Update by LamPocketVN for API(s) 3.9.0
Sponges 1.0.0 by  for API(s) 3.0.0
TimeCommander 1.0.2 by TheDeibo for API(s) 3.0.2
FormAPI 1.3.0 by jojoe77777 for API(s) 3.2.0
FactionsPro 1.3.20 by Tethered_ for API(s) 3.0.0
Worlds 3.0.7 by survanetwork for API(s) 3.0.0
Netherite 1.2.1 by Wertzui123 for API(s) 3.0.0
EconomyAPI 5.7.2 by onebone for API(s) 3.0.0
BangHoiUI 1 by JVN | JackVnKiller for API(s) 3.0.0
NoDrop 1.0.0 by Inaayat for API(s) 3.0.0
ec 1 by McLebt for API(s) 3.8.1
AutoInv 0.0.10 by JackNoordhuis for API(s) 3.0.0
BlazinFly 1.8.7 by iiFlamiinBlaze for API(s) 3.0.0
BuilderTools 1.2.0-beta2 by CzechPMDevs, VixikCZ for API(s) 3.0.0
InvCrashFix 0.0.1 by  for API(s) 3.14.0
OffHand 2.0.3 by alvin0319 for API(s) 3.0.0
PiggyShopUI 2.1.1 by DaPigGuy for API(s) 3.2.0
PiggyCustomEnchants 2.4.0 by DaPigGuy for API(s) 3.19.0
NoTP 1.0.7 by awzaw for API(s) 3.0.0
HideCommands 1.0.7 by Himbeer for API(s) 3.6.0
MSpawns 2.2 by EvolSoft for API(s) 3.0.0
KeepInventory 1.0 by KhoaGamingPro for API(s) 3.0.0
PureChat 1.4.11 by 64FF00 for API(s) 3.0.0
EconomyLand 2.1.2 by onebone for API(s) 3.0.0
Shield 1.0.0 by JavierLeon9966 for API(s) 3.7.0
AuctionHouse 1.2.4 by Shock95x for API(s) 3.0.0
Kho 6 by ItzFabb for API(s) 3.0.0
VanishV2 1.16 by superbobby for API(s) 3.0.0
CustomTags 0.0.1 by DaRealAqua for API(s) 3.0.0
HealFeed 2 by JackPlugin for API(s) 3.0.0, 3.1.0, 3.0.7, 4.0.0
help 1.0.0 by LetTIHL for API(s) 3.0.0
BuyFix 1 by FPVGAMER for API(s) 3.0.0, 3.7.1, 3.8.1, 3.9.3, 4.0.0
ShopMob 1.0.0 by LetTIHL for API(s) 3.0.0
shopvip 1.0.0 by LetTIHL for API(s) 3.0.0
BuydetuUI 1 by FurryJaki1992 for API(s) 3.0.0
SlapperRotation 1.2.1 by jojoe77777 for API(s) 3.0.0
Buyrank 1.0.0 by LetTIHL for API(s) 3.0.0
WarpGUI 1.0.0 by RockPanther for API(s) 3.0.0
capdao 1.0.0 by Nguyễn Công Danh (NCD) for API(s) 3.0.0
Joinkit 1.0.0 by LetTIHL for API(s) 3.0.0
thoikhong 1.0.0 by  for API(s) 3.0.0
PrisonMine 1.0.0 by LetTIHL for API(s) 3.0.0
AutoClearLagg 3.1.0 by Twisted for API(s) 3.0.0
AcidIsland 3.2.9 by GODSMineVn for API(s) 3.0.0
RPG 1.0.0 by LetTIHL for API(s) 3.0.0
LoadWorlds 1.1 by shin for API(s) 3.0.0
AutoSellUI 3.0.0 by LetTIHL for API(s) 3.8.2
detu 4.0.0 by CLADevs || GreenJajot for API(s) 3.0.0
cayphattai 2.0.0 by Lettihl for API(s) 3.0.0
BetterVoting 1.6 by Twisted for API(s) 3.0.0
level 2.0.0 by LetTIHL for API(s) 3.0.0
OreGenerator 2.0.0 by vividmemory, LetTIHL for API(s) 3.0.0
ScoreHud 3.0.0 by JackMD for API(s) 3.0.0
AntiToolBox 0.1 by NgLamVN for API(s) 3.19.0
luckyblock 1.0.0 by LetTIHL for API(s) 3.0.0
Rewards 3.0 by Wertzui123 for API(s) 3.0.0
KitUI 1.3.6 by Infernus101 for API(s) 3.4.0
essentialsTP 1.2.2 by  for API(s) 3.0.0
gem 1.0.0 by LetTIHL for API(s) 3.0.0
MuteTime 1.0.0 by LetTIHL for API(s) 3.0.0
giftcode 1.0.0 by LetTIHL for API(s) 3.0.0
TrashGUI 0.0.1 by Phuongaz for API(s) 3.0.0
CmdSnooper 1.0.0 by HotshotHD for API(s) 3.0.0
PiggyCrates 2.0.9 by DaPigGuy for API(s) 3.2.0
PureEntitiesX 0.7.0 by milk0417, RevivalPMMP for API(s) 3.19.0
QuestPlugin 3.1 by HmmHmmmmm for API(s) 3.11.0
MenuUI 1.0.0 by LetTIHL for API(s) 3.0.0
SizePlayer 1.0.3 by  for API(s) 3.0.0
luyendan 1.0.0 by LetTIHL for API(s) 3.0.0
freeze 2.1.0 by Bavfalcon9 for API(s) 3.0.0
TempBanUI 2.3 by SonsaYT for API(s) 3.0.0, 4.0.0
NganHang 1 by GreenJajot for API(s) 3.0.0
PickaxeFunction 1.0.0 by LetTIHL for API(s) 3.0.0
Item 1.0.0 by LetTIHL for API(s) 3.0.0
CustomItem 1.0.0 by Phuongaz for API(s) 3.0.0
PHP-Sell 1.2.7 by Muqsit for API(s) 3.0.0-ALPHA9, 3.0.0-ALPHA10, 3.0.0-ALPHA11, 3.0.0-ALPHA12, 3.0.0
restart_in 1.0.0 by LetTIHL for API(s) 3.0.0
SellExp 3.0.0 by EzMinh, LetTIHL for API(s) 3.0.0
UpGrade 1.0.0 by LetTIHL for API(s) 3.0.0
NapThe 1 by phuongaz for API(s) 3.0.0
MuaPoint 0.1.lpk by LamPocketVN for API(s) 3.9.0

----------------------REPORT THE DATA BELOW THIS LINE-----------------------

===BEGIN CRASH DUMP===
eNrtPWl33DaSfwUr+23kXfVB9q15zrMsyZYSyeqx2sdOmOcHkmA3I17h0VJ7kv++VQBIApQsdcsd
7X5IJhk1i0ChqlCoCyD57x0vTkOaf1myNPPjaGe/v7eT+yHb2TeGpjkY90Zjs20Mx/3RZG+nSMSt
QdsYDI1hb9LrjifmpA99Aprlx2kapzv7/97JVwm02uHXxzcOg26Aem8nZFlG53jrQ+Qyz4+YS3z4
dbNP3hUz+vEdtPGKIHjjB9goWdB0v9M53O98yIC8zoEb+pGf5SnN47RzxLKrPE4655cHp50kKOZ+
lHUuj2cfT6dflma718bunSx1OueH0+OP7zqXLP/oJwBOcBg5xNr9oE8ABINcJgaIKKUO/P5l51mX
rI9jF/q+2CdJ7FyxHHhhllXkfpBZ1gf8s7/PNImd0MgNWLrrRzmbs5SM9wgw70fzX8zer+QbIqza
jCe/km1LcI+UtKAUCE1Tuvql9+sLEM4zYxNBmEOQgwBZloC1fsx952qX4zJJEmIn/K+WVidzFswt
QCSdGc2uSvEYvZGCbAZI8G7rxzh6X0SV8AyOuLcO4svyatcYTRrzVbWEkWoaWj+mt4bq3z2UEFJn
yv+c0wjWQ7o7HPTvH6ciqfVjSP1otkgZdU8YTXOb0bwx8uDukS9ZCqt81+yNm0wJmixLI0rMRzVw
1hhkeP8gxsBsDCLuqLM8uheFMZnch2Kaxg6YkzgVuMb34xqMh9/AleUgRIFjcjeOKf95Dj93zVvr
t0Tz5YsTR7CwCiffje3fmJOT1zRjh2AXs7OYuizdIxJ+x/I/hzk9i+dzbCWXb2/4KzncB8uAC9ey
tJVrWXLpQk9Yu5ZV9er3N+gl16tlifXbfZD9ntlkPxPyFQgMgWDXwFYp+73wU7YrCZsYG1mjetDW
+bQ2IjpZL3Z+/XNvh23F63yPOwAiRMcvfrSMgyULWZQDNhf4d/Kd8i5ABF6AOLHLkGZjbALYysX/
CIFbxringYooY/nucxoEvzyPaMh+ffEP3qqvtXqeL/wMV0bIQKdZfhAEvI9sPKgaE/InhwwVCAeM
FIDv7f6HnzXHfUH+zVuO16Jv0hxy0m0MOTEUwPMsJy+JguYXa8cp0hRE2Vr6ibXzK0c7MZtIeioS
H3CwmyQA8e5aO3vwLyIWFE36za6qVJ67NGcGdAd9zGOU4+5z/5eu5GYixEWIbGhqDRECw61aYcu1
dl7ILiO9Sw+6UDvblf1bckTZuJTp8wULEhQE79IZD/vdrmhRypPf6UMTsMdLCrOMPTgWs9uthuSX
pXxhOmWvH1+C+YZp/PPvEObvEObvEObvEObvEOb/OoTZ25mziKU0wHgAPR8Yba0vEGbDPNQp+k6v
bUzaBsILP3AhBhn3Bns7fvbFZcudfY8GGYOgI43z2IkBbb8HGevcx5CEjhy3Oza6XbNLPWPg2T13
NDHMkTMaOd5gNOyOB47bdxzAXUhaPoFtjq8z8m5Gjo4vf55dTFs/vzE+fn77mgzbPcJJIJNht0t2
y6ZCowg4IJO8N8llDiaGpi45dn10Ci/IwfnRsI+BEeTi+zsjMLImsvOVRS5nT17D7S9xhjScvns3
AwC/uPYjHkGFSQxz8CXw7ZSmPstQftRdAM8p6/yWxVEL2shQzGgbbfOV55jeaDgZTbwu7ffpwBvY
jklNG4h3u6Oh6bEuG43ZCNC7FDgAsuOw40BMYlPnqgXe1ndxogFhEV1F8XX0Sv5FYuuJtf2Ipiu+
MKBpF8Y2eq+61GasN3b7zBwPjaFpeObQdEYTatKeO5xM3DEF0ry+jurOwY12t917NeyPxqM+9BkO
bYfSERuMxwOzbzKYQ7PnmAM2dgYDajYQ4nIO+HKWtJmvJqPBaGKO+2Z/ODB7k55tjMa0B9rQHfUM
owe4ncnEMGwdUxDPOQazbbwa97o2SNR0vMmQeaNuD0ZGhof9Xtf0TPi/nuHQ/uQWhlaSc0dQCqr3
ivVHI+Z4Q+aYRt9z3X7fGDBquLQHFxN31LM9kBajOqqQ5gtJzfAVDDoYOfbYAedHJ+PBZDga2f3J
kI7GY9eemKbnDhzP6ekoIjsv+Rm/mnhjEwh2Rx7MieNO6GA4ZP2+Pew5fc8Y09FwMKJs3BBu/bMV
JtVCfbXBqlOQpfQKdFvIBWgyXk0ch/UHY3tsey7rsb7ruTbI2hkOJp4zskceM4f2wGloUBbF8Vcm
xTt4NeraAzaa9Ea0OxyPxq4LFpH2IA9xmD0auoOhORl7puM2kCQBx9AHbRna3bENhI+dPvWoMTJ6
E2dCDRsmxrD7wEvPcJkxNHb+rBIjvjYvY8enwWWyUgxdDdvbqe0bcNvuAoQW+SJOMwxSD1Pq5SwF
kzKE/0ZoNmni450eLAZs3Od/Ac4iagcMDAm4MrCDLkvArCASuJfFXn6kAjAUgRGd0EU5JRisHIbu
pfiNSR6sFDTIF5ezTxfvz44AdM3szM+RegyjZ1NItRSOxLXKDawwnRfQ1VVIU3aLiUcSX+KzrDwB
cyF88Tq0v6FpmCm0i2ud9m4rAktKA3BgOhdHVmEwOijIzCq6XUajbc/JIrQsTpH8sw5Hh0WWx+EB
BHu5ypgGbmiaztUxJPCXQNC25kYdGVRLp0Oyczk7eD/7MNWYWeR5kkGkcX193WZAE+Jv51fI47RI
2ZTpM1fD9NmD9doCF6fzOOy/eQPu+j8JBKAYzp1GkIT5+WpbPH8RA0AwXlKl/HxoFkvGIV5ZFHYb
XHiH95WJWY0HJPE6AAuVHcYRsJyzVJFH807Tuhi3VqQD6fAVtNzempQYLatBjGWJaHodff5IIz8I
6HHkLGiUYzCjzvpdd1VO+3IZKpzOFuzgK/j6OxZrj1vdR/K7FKSAikP09Yg5Lunq3MUTCOKILWdx
HKjcVyBd5Y1+c3braJrMGA011o3e43kuCcCspCJljTWtqnZFWqfCAdymbLWK5/RTni4wbK9Y1uEN
vttDnW3Z+DxiQXGzbeMskQMZxvr+5jKgSaKt0xKiszJszuBv8W8xG+E/W5u8TIy8HvF3zFxNUqdk
Am3zees1o5hHq8a5Bup26Nbq/I1C2nK9iiKjuy1DpKC0LJuTARapIufBOTuNlpeMKdxIQCNKaHLC
bd5JnPpfcZwt8aIhtSxBySbm9HUKLRyaNZyFAtXZGvy1wYEyMMyJRsXjQoNPcRq44NVz3HeoGdTA
ugr22mOdR0gzi2BroYDAZlnXSEEiKGguuTVN5Xnhp57PAlfNssp6bZ4yzAFReB2NWxDKQZHHn6eK
OCSgaT4bGvwTeO/zo20JQmCzLDH2o62OQNORHABzP6/m7Oo9ja6yD6cKixpYZ7TXZJS3TenvIb3a
FrcKSstSaVnfV1xEuL824+dNKrYUYIMpnaV/MReLosZwWwxVCC2rpuHRs1hh6ygMAc/n9EbGPar7
UKGNvLLpJz+zKE4WfuA7W1vBCkrktyJFu1jL9qLxvoz85HagLqEqcz1grnefS4FogkZg9vMl2X1V
/sQi7uEi9bPWNAWZwh38W2RnH19o8jA3lcfO+WoaxNzw3+2LFD42cUhyQ1gJiModYs1I64IQ+0Rk
dnxwvq1Z1vex1qH8vAhyn5taVVVrYMORNmsgh1+Zs5ieQ9CLU/nRv/GvDv/Fj3+tijwrrnz4fQXe
w7/aWvTg4JBJ6MKQlhUipdwrgSKrVG+6lhVGOgoirAylvsurz3VtSEIeiJ3sNL7yWSNPGTyecYnP
suT4kI2f16Q8ONPT2I/yg+mptj8hQU1OGpoaR8yG/8gf5I1/w1wCy5R8SHArmtgrckZDkf98fKfx
Onk8q3JAy0qQQsAIvNa03hNw8MWYxNGcqaa3hNw/YVvSTwhnV4MBrEEx6PquEt3HYRyG3Aiq6qbB
mzyYtwoDR8y348ZqMx/LjTb4OiEfL0jGaahrWgl5IIb5RoJofkfeVGG0LElE9WO92qqDe10ZBKJa
hbWGNlkym6Uali9Yytwv32cAdw6i3L9MYK2lseK/FEqwvsov1lU4buKyZoKRNRx4tz3SGcqKdEkj
loPZ3VqkyXHK/AKWTEXIWmZcZg9tjqQNlHWeCUTI5Dsuft6h4rOGPRCIfYJo5GvhG2ZvW4zWGC2r
IuPREWiNrVPzBEwfO3EUhyt9DSpAle1Be9Q0ItL8bovnypozQQG35xo1D0edNJqfxL6WHNUwbRYb
6R9EWH8QzLc+Rj/7QfC9pWHFkikcKAkihl/rLsB38VEaJ6piCsADgcVpROmKbq18IdGBPvLR1yef
OQrpzLlvGs6dM2brFI9hsT02zOXYQJ/QKTkLluXrE405N7joRh0BISr5IM62cUcl4V0cp+6i8LPt
1fWcq6hEalkwHMQ5S1FgEEStkZHRr370Jlhp+VgJ03Vp3DTmvv8moKHvR9hjaytex4pplSRH+bkW
a3gqhaXNLQMN3DTh3ZbNcrpWnvJXZCS2oC0XOwoNSr8nK9FQiYruYUqzBYTkelm3gt5S6G+Gu0b/
O7bIit+BAcsCtXVwZM+/2SR1vvA8PLqoVockpFlk7zUrnEs/6vaMyfaKnBKhZQEJCyCh+rFWfuXP
56vLRZxoTkqFPrB7eUSh8dti9Z0lDs2x8lRWQhQvVQ4FaVVNn3bxCGUtkXYUNJ1KMmLP/I662F13
dUn1mw7wTkkZ35FvNuShU3Mn8Lvlo6PriHBgNtWCgdn0VijQMN/0+iu93toCQGSWFcV58uiIVBAE
zJz4bpk4qrOtgR9g7sQPbdYI2IaPZ0+isyyVhjUZFV3bsr4Ladi1tjVYQnS9Nf/abSc5KJ6hLUd/
3HbTz4wl4DdYlMepGkTo8MZkNTYfFjF9Cx4/msv0dCvbDypSy9LIWT/gw6MmhwuaN47ZcFDzlI1h
3HXEZiN+lDM8t20zX/llyr6z16gjfGZLPy6y6XGravKN0zhIfP1rC2dxOJo6cTzTPbIKbTqxLaSO
jUxq3TQy4B5ap+3hSv0C9x7V2qAAPJBy/USXPkvPWBxNJkN9O2r0EHdlPHPvtqKK3rIEUeXf9dIa
rjEnoD9My20UcDNS7us8gsd2riaDm+9MkLX4Qw1HlWqPHAnzHU7fAunDpEej9kGmwUCo5mqhF+Ma
52hO869vqG0/WjNvMfPNfFoMhLO3STaNJ6ayxUezcTCMgxp73MNmQS5hqR3b9mp75bgSo2WVRNS/
1j/BOaPz2+c3OfD+3AQCsveMBge/F3RbLLk0BYwUMK43Ja6fOZCWtwOGZ+JomxU8qgEcbxhTDUgF
0izj7dKBMLffPLC3V5Va+997QGEqH6JaV/PwyUOFIX75gD08Y/ns9ORsW5ODQ65P7+tipSe9EnBP
/enN9OPbg/Pj93eKf8S1T1Sk9vjGVe97p0FQtMGROjAV57Gt+SUBedqJyDYyWdh66au6U0Kenmp8
uHgTDXJZXujl5Ap2nx4Vabr6iV75+EzgtsjXkOI+Np0V7yAt3OScjTy8+D7OKX9e/tbZzOrOA1se
39iC+w72GgRsNEspja70OeKQp1UvHHJ9qj/RNHmraVYJeYDq9xAUTWmE2zjbohxRWhaOvz79Dk1c
qsZVEvAA9e/mxQofJXEGETnER0m8fjQnRzRakN13h0cvtsUSjsOiwziaI27LOmNLFpxmwZrx/0+x
H11ph7FLyNPq1JW/wZ4FEOFfLYBlhewa9iSnGqrhNki8Uz+Lo3P+eo069a6BTyvwhA8snhXeZK/o
MGA0PaPzeWPHqIbr2+W3SiOzaz/LmbstPnKBTmwVOUhEAESIDSOVpo2f3BB4D7JVUITnhx0dHwrD
8V25zhRJ1MDmsb+JLoa3F0eXOO0fo23ml/LBizhianlbnPKDeRan/daY6ffTtwpXePXE2rncwELj
5sqtsxsKsJEtNpLFhR9ti+p6zPXrxah1TrKM2nmclGvskgWB5jEVYPMwyhrzMH78cSeJbv25wJBR
IZxfPvDs1uHZAW7okT/+IG9TxqKf6G/x9h5UFMiBAT/aKNhy6CpZ0Dynvub6K+ADj7yA4HJ/EWxt
SzXZwD2+hrFZ+jHOfc1DauDGk0l/qYmelSZapUC/WoetACMbhR9x/fA8bNdrsiz35xv4zIuUveUv
wshj9RCjBn6Ah6W/9N2QhXG62iNbZkilw7Lkz7WKjZf4QoqTQqsdl6AHjNRf8wxKOfoG8UyU+3h+
4HWsVk9UqF6WM5oh/hkNG4d8v2fXVeKD2KWmYN2jA0rkUpKFS6ZwrlY2nuFX100NfFqnXg+8/hS9
Z9c01Rx7CWno2FMeVJQkbOOYokTF97t/9nP9aSd+3TxP2yzjRx5LoyIzuobGav97DsBVKC2LE7HB
GbgsY6C9NMi0vXsN3Ky4mH9FgqaOaFmN8R9kY85ChXq8etqlMsfnGtaV+XmRN58oq0BPS3ZY5Bu4
xrnv5eUbI0tJl6AnFrccdoOHE3DjSy9rVaAH9nKmiyKO5vTr1iwTeAp8CEaMLn+ttSdVvxFG2ZNS
XxNz7xycxHm2iPOTrTnyx7+tRpwgwsjl9kkqAW2GWJO/5KzZXQejvn2qilOmXXz/KSqOplOe8zgG
m5f7LPvcOOxRw3VdHTXnOPSDq27fwG249wziUBpMz8+nW4t4UoEzCUNI95MCsz9BmDjMUZK58UPV
Cq0dnV8QzD8LiOHl7mMtFhXaqGA11D4M4V/4R5fCQy8Zqd4Jce+rgcIFYras3wt+iJsT9QilKGns
qFyhp2CRvskjAU/sJWDQDXZy/K9sGtCV/oKNGnj/s3rb2rPB8c5wPMgzqt9rZa1YnndppAXgEvTU
4bcYdn3Re7Agv6ruWQIeeKnZa7r0aODE0daOItcYLUvQsIGnZmHyGjcPVVddwe59IvkyjjL6P7Nt
v2RGogVPXZKxwSMyc4pvH1brOhXonn3a7RfWaowb7ID4zhW9YW+KyGlsyjbvPHG1WYy+PiOnuZYf
8MunJRlo2SBDECFJg2oF+ADt245Y65E30J2TaQtL4KrSlKBmQtk4N33On8hoEt86OJueHEzkQSN5
aXQb10bj2iyvH734geATflJzXc6x5EjT/IsWrijAJ978FwNv4L+B4eMb9VBMCXmgSnj89dyPFluv
eAq0lnX8ebrZgcQPyduUatlqCXnaGSg2oPkdTWYL7VFfAbjHVSRbXuwlPssSY5d/16tsUP6eA62y
IUGN0mw7SK4aYn/kexiaO6ryPQv37ZLVI/HjSrxP/ethTvGNsjQFBnPWfLdf+ZZtPj5/AXU7STEv
5onR/s6zaXVFDuPI8+cEv/phpVb07JLm5JyuiGkSw9zvTfZ7PfLf3RExu6aBDcI4d1+eX5yRetsa
wWKYVhKn+UtjYvRMBF4vgNhW4Gf5yy5e0yiKwVvju6owFG5RZ+Ez8Y2Q7GUccTz4GEZLvh4LJkp0
DOmN7JO9NAcImVPc3HCZuO/FKWCtYLHnIRQk4GJ9v7xOlokcxfU9z3eKIF+95ITOy+2MVoZ7cNE8
e4lgvlvUQiV6GfCDvBUsY8xVmuD3Vl4eHb85+HA2Q6jQkxZkZOlKDilBKehJSQ/+bic0y67j1H35
X/wfEFKRx62MLpnsuPTZdcsFGVKQ3Msxgm7s+KaFWiubwCTMCzpnL1k0x2vthcXtVYgvLH5GcP0T
h093kfJjZHzWCQiPaLoDWkBgsWWMlNIgNGUkXzASR6Ay+QJ0xMHJzInNiB85QeHyL1eQW9qGuC7j
EHp6iKCJM6Me2yMxntfKECWxU0avyCouUomL+B6BSfU9n48A84lfkglWiPgdu67QdVzmUZjRjFzH
0Q85wcSZpgSlGQKz+PLwFVKIH4cRfF8vWESKZA7mGBC0rQi1WCDbtyJCnn1a8PcBkDyGUSKXAAr5
Zn6QQUojUP4ciOK3OalBDMMAq/CL5VxeLlv6DiML/mEJhISIWahrOWv7hL+mHm9kiyJ3Y1gA8kM9
+8TakW+Qd4I4Y661wyk7CIL4muDCAmLKL3WQpU/JP1HlsA3XvfKlcPsEDRbvesz1UPbhb6HBJUJg
xkAoiM1eESlKbC/VtrqtEPvskw8CiSOQK3VdAk5eiB/Fit90ICGjWZHy5U1A6DZDokE47PeCBii2
ub+EtksaFIzsykHB0LxA7GJEWDAMbUoLxI4fVNiH23zsd0Vog1RAqw6yVeTgVzUIvkwD9KjNG3wA
aXHVLjnFZosUrHQBswfNsz3C33BB5OKH9bBH8FX6wAi6CC4bMLgIC4sINAibCOSXfHqBJ9CyNL7x
QcMYiAFY4pobVcShbCVBpx7qKrZBndwjfv4DiC9PeTeXob3jKtPoTHaBhwLWjcnFwtloSU73Oaqm
rlKuHGkRRTidLhqoOOGTwJ+rztrkiC3lbxL68wUsZiz/7qmLTyoOSiRNiyQXUCEwFEwItEm++OTC
ouRfGHDFgqDL2HeB7LspQB1BnYtB0KBdbUXRoHFLNKo0Dcw/38cWi/ItWGLQHnSrRMBhHYR+jms7
ZHNqr3KQOLkUou5y4foZ4ubdZzhr1z6XPNcoWLTXLYGoVLKMc+j5QCJYJIZPyyEaLCKUQwolh9kq
cJmSeQwTFeMyRa3AgeaczBYnbZ90kQsYnZtg8Zb///ccYJxyH/3oXb+PfkjoEk6CNJ8VSRJdRsB8
oH8Eu1cShKOWVBldsy8J40bgE18Vkr7shy1QyNcFJwktBpEf4YKVzm6YU3DjGwuSxYpEZ1W1ZjcO
RAlZzZEwXBez430yOzm9JGen56czcjCdnp0eX5Lp8XsCcd7Px+/3CDQiswtodUw+nVycHZPp+4vD
48vLdtMEaPIwB0MpjilL/Zg7ZDTEGTLoLBg3yVwalbE1QPYQErjctvAmLdwNEGaWo4L4EPgEAw3a
hPx+S9mEkkHEhw4wwmZyMI5ZIAHTWxty4ZH4GBfoQ9DP8w7t261RF2TsDdOWMAfDASFZJFfMq+hb
8QDqxZKsZrXXlbxmL+4mSXLek5zPaWrDymg5cRCIWJQboLuly5cakiN7EdkLbHdIo4IHHyolEJgV
oIMv9kqf0FTCUg2Fe/U8wCX4Desl2CYXwuYLhYfoIS4Ct6LFBydyHZGa/kwgTjj5wOiw25W8wmhv
uLG45SS56ggMFW9eGoelsxW9ZYuWqprqDCM3ciZv6Qa5Q6U07bgsA0acshRGQjWUiuwWYSKiKxHC
EXmjhTfK+TrCRrIDp52TWXIAV+DmYbHTOwQMThscH4ywBCXLsoKhYcgXMGvzMtpEo4Wj1VTtlRMp
YgQZVLYFNdj0m3LCPMdZFNFVVtJ+SBOE+mERgo/Fd/WQMhfAiSQiKxJU1HLF9SJFyVfMbR2DYDuR
FPEBWxgFF+B0+9WMHcXiVlOnMTZCqyfwi8blEhK4ZEOVMx45tByKbxqq5gVI4bEKhI8oPaBOBBgC
S4LfDMBEA/sIDmvuoJuUp+CnHBkb19EuChDPX5d470d1nx5akXxb2750ERCaLeJAhJg2zSGTxUic
k5zhh/WIdDLctonMR94VrsVmVbAp3NszdZbKW2hW01WOyPdIy1AmkE8eH7iVl8RIF8Ctdh3H8hQV
Q0hXcI65DA/0sTMAJVltcgKxIOjSSx7ckcPphz3oCzTYsL6ufRfUnscKwnpW+Fsc/z4ZlmF3HZFn
XDpK2zY5cMFQLWjgdfBlmDxNcBnosBwKBiVY90AFUxZi7fYUZGoqcnyDVg1DTBq0CRLxYRpNy2C7
TgAxl0Ci8AAVdiySKGnJ60Z2cy5XXeZ/ZdV8YlheTiOeDipDJgjbhXoorrU/MUWnF20ylX0Cms55
ByozUakLfEQvpXNkAeYExJYlAY9YML0MKb51DUZOcZ4OAx8rJjxfxg+zsSwn57MPnNIMWEK27SIn
mJ/zqayHE8lFu7Q1YV60sNc+pxa13GV2Md8vE5YfiYGJigzXFrBU+X0i09NMJNSoyVEWC8cltcFA
ZMI4CWyHixgSWNTAMk9hZSbKLZhLc0oyuiwtJVZAyjoR3lNSWCCM199EwCLrEb/FfiSSYV4m+oF8
tuMb1PqUnB6R3c8fTo9eEPwUyQJogPbXYO6TVLwtAhQD85cUkpd2HQGCJsS8CRc2fvrn8+uzEr/M
bRTID3wwLBZxpwnRBya53A1z3uKyOiJdiFLE8Tw+LNzzvVXrpvBdRREpxClg3RjNS7sJ/IsP25Vp
AE8hJaWgN0y+XjaKncBPCO8LaoNVPYdiKhnGyzIrR5cm/QC3xa3ynhgyqy1gWfhSKyQzXuIQ+g6r
CMQrJoO3lcpdZLLU4sBKzoWtk31aos8+SSBIWvoBDiPsuLRRchR0RDSaV4lChN2Cpj/cK1tpFbM7
q1Jilg/CuMAl7AmHI1c0ilLOMTpYNFG8HgF6iL+5h4TO77m/VDpzxiMm8l+bCWQ283AB8qomd3GL
UuG5jvNip+Z5Bfs4UMU+GCJCm6Qm4oOZMBoDp3YXld27yaQpYAL9KNcdEFt2xr8VNT2+mLE60Cr4
a4ozRSf5M1N8IF7dVdfmER+Mn9jNuAVCebIUZ5qIrwgSyR2R1ZTSg/M+GuuAr0VM8ozMIQ/LavHU
FZtKQu3bIpK26Zr6PFEDOwlZjJibJE6KoFRGeYGujLeRFrHH7SGP8FuJtGLoTNAwgbeTsTOv1ooa
1b704lhS43mjAAsnKOcLH2Koih1uLTfU9xaeJmyAquWmg5MFhJterMwIrLKWONRTtVzEODOclDae
lmr7MacYLNkqxLwnw4eJM+Awq0nHZE7eJ/V9zgK3YnQ+TyGDFtUyWVoTFQT8iPJVkz9OH6zgi6ML
/IhoS9p84frQKFwzEVxTWDrXfMSME14zwGFtpZ4NnraSvFBNMTm3hAoTKu5LZQInjx/C5K5KjRE5
PFZFB2F3hHqilK72CP/w2x7BNyNy/5xXYRiYXo+lEGq30AJF6P/E3dJdCWdBtVKY3IlS/GsBISe4
cm7FSmMhEfKZF/fLMW7NtOBVnercD2tbLR0wIsX2uBLQNOPMosHEAXmNT3Yq67ntegB5Rx2hlOb9
Ll6abTG7YlUopROJA9DnUp5lkWQhgdxiYJYjA2dpMbDmDLmJyyNH36sQQfoBjIgNBrRAZeVA2DjA
J01k6dlo4NNMpiUQSdIwCcorjHmARjlX++WkiXugt1jC2ie/8GAF/Ocer2n9ikjF25MrN6lufHA2
MHDEF8+LqkG5/8TLAXd5LO7QuYfOeIDMs018MSHQKt2tSr4Yl9MgfhLcsUKvILxXPeI+eXN2MNs3
/zHaG0xujL3eTW/P/IfxDxcDIr7Od/GLMg4a15fjrjDF4qo/eCGiPLHHoCbrYoWjbwEZy1oaDz14
MQxmzVkR8X3lIi2NcpmhpNXuBLc4gAdclcN3f7JSYK1yZwN0QYSzz95wU8OH4u01JAWPFATkiwJp
8dhSCfpi/q12wm7A8GUyuXOu+PMWPJEBidg+BOYrEcTxdsgvkAKph3AjYs0ILjl+CEbSylbv7O2w
m5xFmS8/jcU/E6d8+td25BdcKwjuKuFngzVYHH5x4xyMoQbFnUgNUKSBeo0mQr32/IB/AaqGzEPt
Q8QLPBiuXPuwypYqAD8vzM8wiIPAoS22yNQmmfzqsQpLHJ3r98yTxQWtJzf7mQ6CACVUIZfTM/Uy
XGW/B/zryfIXGeCBehP3FkgLP8U86Pa7I/j5/BSWxMhx4N/JkA1HA2/ojkw2cLyuZw5HXn/MjOHI
Maltmz3yHHDn8RWLIDzQJLaifIe1PNX4Fd/mgg8ND/jbwb6KL9dWreHyJtTnJEZ2zG63ZxgmHi6a
Hl1oonLjL5yVJhBAvj6dYC6iLNMaXvpoED6fazJqUACXmGbrbAHwGl+GrgGVbxTjYXcDP7MNBC90
5ay99RcejKnff0YR+XPxXWj5tD+KiaM05DPv3KC5dvkNYtTjdJXkMQeI09Vz99ac+5qacNn0VBDk
eAU33/NCKGNJzr8wZruY8vJQ3eHPP/8XOsnOpg==
===END CRASH DUMP===
