PocketMine-MP Crash Dump Wed Jun 2 03:10:50 +07 2021

Error: Undefined index: NuTaVN
File: plugins/SETVIP_v2.3.phar/src/MCPEVN/SetVip
Line: 191
Type: ErrorException

THIS CRASH WAS CAUSED BY A PLUGIN
BAD PLUGIN: SETVIP v2.3

Code:
[182] 				  
[183] 				  unset($all[$name]);
[184] 				  $this->time->setAll($all);
[185] 			  }
[186] 			  
[187] 			  if(!isset($all[$name])) {
[188] 				  unset($all[$name]);
[189] 			  }
[190] 			  
[191] 			  $st = $all[$name]["current-vip"];
[192] 			  
[193] 			  $i = explode(",", $st);
[194] 			  
[195] 			  $date1 = strtotime($i[0]);
[196] 	    $date2 = strtotime(date("y-m-d"));
[197] 	    $date3 = abs($date2 - $date1);
[198] 		$help = $date3/86400;
[199] 		$date4 = intval($help);
[200] 	    
[201] 		if($date4 >= 1) {

Backtrace:
#0 plugins/SETVIP_v2.3.phar/src/MCPEVN/SetVip(191): pocketmine\utils\Utils::errorExceptionHandler(integer 8, string[23] Undefined index: NuTaVN, string[89] phar://C:/Users/Administrator/Desktop/MSAI/plugins/SETVIP_v2.3.phar/src/MCPEVN/S, integer 191, array[3])
#1 plugins/SETVIP_v2.3.phar/src/MCPEVN/SetVip(26): MCPEVN\SetVip->tick()
#2 pmsrc/src/pocketmine/scheduler/TaskHandler(137): MCPEVN\TickTask->onRun(integer 1)
#3 pmsrc/src/pocketmine/scheduler/TaskScheduler(179): pocketmine\scheduler\TaskHandler->run(integer 1)
#4 pmsrc/src/pocketmine/plugin/PluginManager(654): pocketmine\scheduler\TaskScheduler->mainThreadHeartbeat(integer 1)
#5 pmsrc/src/pocketmine/Server(2389): pocketmine\plugin\PluginManager->tickSchedulers(integer 1)
#6 pmsrc/src/pocketmine/Server(2152): pocketmine\Server->tick()
#7 pmsrc/src/pocketmine/Server(1992): pocketmine\Server->tickProcessor()
#8 pmsrc/src/pocketmine/Server(1586): pocketmine\Server->start()
#9 pmsrc/src/pocketmine/PocketMine(291): pocketmine\Server->__construct(object BaseClassLoader, object pocketmine\utils\MainLogger, string[36] C:\Users\Administrator\Desktop\MSAI\, string[44] C:\Users\Administrator\Desktop\MSAI\plugins\)
#10 pmsrc/src/pocketmine/PocketMine(321): pocketmine\server()
#11 pmsrc(11): require(string[91] phar://C:/Users/Administrator/Desktop/MSAI/PocketMine-MP.phar/src/pocketmine/Poc)

PocketMine-MP version: 3.19.1 [Protocol 431]
Git commit: a7cd0810020af15fb3d79127c77cf576085cd4cc
uname -a: Windows NT DESKTOP-KF1VXGB 6.3 build 9600 (Windows Server 2012 R2 Standard Edition) AMD64
PHP Version: 7.3.21
Zend version: 3.3.21
OS : WINNT, win
Composer libraries: 
- adhocore/json-comment 1.1.2@fc2f76979f0a44a5f5bc2a2b600d0762fe0e78e7
- daverandom/callback-validator unknown@unknown
- pocketmine/binaryutils 0.1.13@0abee38d4e2861621f262c79a2a3d699d8a697f4
- pocketmine/callback-validator 1.0.3@64787469766bcaa7e5885242e85c23c25e8c55a2
- pocketmine/classloader 0.1.2@9757928424652393b178a3760073113aa7c9911b
- pocketmine/log 0.2.1@830b44a2cf96ef703c550abe64302f230231ca49
- pocketmine/log-pthreads 0.1.3@e477ecf6ec214fdd4415ea1da3fdd9d73bf699ea
- pocketmine/math 0.2.6@43057cb8c179a9859677b496a788db922fd5cfc3
- pocketmine/nbt 0.2.18@9f82ca4d7f97fcd9a566e44b63c4f18a7657ae82
- pocketmine/pocketmine-mp 3.19.1@a7cd0810020af15fb3d79127c77cf576085cd4cc
- pocketmine/raklib 0.12.11@9cce458b8bfde3e4dfdbf70c659fc7b7fe26b5c4
- pocketmine/snooze 0.1.5@70b5e7937a06878dd321a3182ceb76d56298f2cd
- pocketmine/spl 0.4.2@6b08b7cf8c4afa17139c9a1b3bf1b408531de161

Loaded plugins:
WorldProtect 2.3.8 by aliuly for API(s) 3.0.0
FactionsPro 1.3.20 by Tethered_ for API(s) 3.0.0
Sponges 1.0.0 by  for API(s) 3.0.0
AutoXP 1.1.0 by JackMD for API(s) 3.0.0
Broadcaster 1.5 by EvolSoft for API(s) 3.0.0
VanillaEnchantments 4.0.0 by TheAz928 for API(s) 3.0.0, 3.1.0
SocialSpy 2.1.0 by Crafter20162017 for API(s) 3.0.0, 4.0.0
HideCommands 1.0.7 by Himbeer for API(s) 3.6.0
PurePerms 1.4.2-c2a by 64FF00 & ProjectInfinity for API(s) 3.0.0
BlocksConverter 2.1.1 by matcracker for API(s) 3.0.0
Slapper 1.6.1 by jojoe77777 for API(s) 3.13.0
KeepInventory 1.0 by KhoaGamingPro for API(s) 3.0.0
CustomAlerts 2.1 by EvolSoft for API(s) 3.0.0
Worlds 3.0.7 by survanetwork for API(s) 3.0.0
NoTP 1.0.7 by awzaw for API(s) 3.0.0
MultiWorld 1.5.2 by CzechPMDevs, VixikCZ, fuyutsuki, kaliiks for API(s) 3.0.0
reyyogaWtrhit 1.1.6 by reyyogaMnelux for API(s) 3.0.0, 4.0.0
PM-Beacons 2.0.0 by jasonwynn10 for API(s) 3.0.0
BlockSniper 3.2.3 by BlockHorizons, Sandertv (@Sandertv), Chris-Prime (@PrimusLV) for API(s) 3.2.0
TimeCommander 1.0.2 by TheDeibo for API(s) 3.0.2
PointAPI 1.0.3 by onebone | Fixed and Update by LamPocketVN for API(s) 3.9.0
PiggyCustomEnchants 2.4.0 by DaPigGuy for API(s) 3.19.0
MSpawns 2.2 by EvolSoft for API(s) 3.0.0
SETVIP 2.3 by MCPEVN TEAM for API(s) 3.0.0
ec 1 by McLebt for API(s) 3.8.1
DevTools 1.14.1 by PocketMine Team for API(s) 3.13.0
InvSee 1.0.0 by BlockHorizons for API(s) 3.0.0
KygekRanksUI 1.3.0 by Kygekraqmak for API(s) 3.0.0
InvCrashFix 0.0.1 by  for API(s) 3.14.0
BuilderTools 1.2.0-beta2 by CzechPMDevs, VixikCZ for API(s) 3.0.0
OnlineTime 1.3 by Zedstar16 for API(s) 3.0.0
BlazinFly 1.8.7 by iiFlamiinBlaze for API(s) 3.0.0
FormAPI 1.3.0 by jojoe77777 for API(s) 3.2.0
TPAll 1.2 by matymare for API(s) 3.0.0
NoDrop 1.0.0 by Inaayat for API(s) 3.0.0
Trident 1.0.0 by brokiem for API(s) 3.15.0
PureChat 1.4.11 by 64FF00 for API(s) 3.0.0
AutoInv 0.0.10 by JackNoordhuis for API(s) 3.0.0
MaxEnchants 1.2.1 by Xenophilicy for API(s) 3.0.0
EconomyAPI 5.7.2 by onebone for API(s) 3.0.0
Farms 1.0-non-alpha by Dấu Tên for API(s) 3.0.0, 4.0.0
AuctionHouse 1.2.4 by Shock95x for API(s) 3.0.0
Netherite 1.2.1 by Wertzui123 for API(s) 3.0.0
OffHand 2.0.3 by alvin0319 for API(s) 3.0.0
PiggyShopUI 2.1.1 by DaPigGuy for API(s) 3.2.0
Shield 1.0.0 by JavierLeon9966 for API(s) 3.7.0
EconomyLand 2.1.2 by onebone for API(s) 3.0.0
BangHoiUI 1 by JVN | JackVnKiller for API(s) 3.0.0
CmdSnooper 1.0.0 by HotshotHD for API(s) 3.0.0
OreGenerator 2.0.0 by vividmemory, LetTIHL for API(s) 3.0.0
shopvip 1.0.0 by LetTIHL for API(s) 3.0.0
cayphattai 2.0.0 by Lettihl for API(s) 3.0.0
AcidIsland 3.2.9 by GODSMineVn for API(s) 3.0.0
luyendan 1.0.0 by LetTIHL for API(s) 3.0.0
capdao 1.0.0 by Nguyễn Công Danh (NCD) for API(s) 3.0.0
AutoClearLagg 3.1.0 by Twisted for API(s) 3.0.0
SizePlayer 1.0.3 by  for API(s) 3.0.0
TrashGUI 0.0.1 by Phuongaz for API(s) 3.0.0
Buyrank 1.0.0 by LetTIHL for API(s) 3.0.0
CustomTags 0.0.1 by DaRealAqua for API(s) 3.0.0
PrisonMine 1.0.0 by LetTIHL for API(s) 3.0.0
Item 1.0.0 by LetTIHL for API(s) 3.0.0
giftcode 1.0.0 by LetTIHL for API(s) 3.0.0
detu 4.0.0 by CLADevs || GreenJajot for API(s) 3.0.0
VanishV2 1.16 by superbobby for API(s) 3.0.0
thoikhong 1.0.0 by  for API(s) 3.0.0
BetterVoting 1.6 by Twisted for API(s) 3.0.0
UpGrade 1.0.0 by LetTIHL for API(s) 3.0.0
SellExp 3.0.0 by EzMinh, LetTIHL for API(s) 3.0.0
AutoSellUI 3.0.0 by LetTIHL for API(s) 3.8.2
freeze 2.1.0 by Bavfalcon9 for API(s) 3.0.0
PHP-Sell 1.2.7 by Muqsit for API(s) 3.0.0-ALPHA9, 3.0.0-ALPHA10, 3.0.0-ALPHA11, 3.0.0-ALPHA12, 3.0.0
level 2.0.0 by LetTIHL for API(s) 3.0.0
MenuUI 1.0.0 by LetTIHL for API(s) 3.0.0
AntiToolBox 0.1 by NgLamVN for API(s) 3.19.0
MuaPoint 0.1.lpk by LamPocketVN for API(s) 3.9.0
gem 1.0.0 by LetTIHL for API(s) 3.0.0
PiggyCrates 2.0.9 by DaPigGuy for API(s) 3.2.0
NganHang 1 by GreenJajot for API(s) 3.0.0
help 1.0.0 by LetTIHL for API(s) 3.0.0
PureEntitiesX 0.7.0 by milk0417, RevivalPMMP for API(s) 3.19.0
Rewards 3.0 by Wertzui123 for API(s) 3.0.0
ShopMob 1.0.0 by LetTIHL for API(s) 3.0.0
BuydetuUI 1 by FurryJaki1992 for API(s) 3.0.0
PickaxeFunction 1.0.0 by LetTIHL for API(s) 3.0.0
TempBanUI 2.3 by SonsaYT for API(s) 3.0.0, 4.0.0
HealFeed 2 by JackPlugin for API(s) 3.0.0, 3.1.0, 3.0.7, 4.0.0
WarpGUI 1.0.0 by RockPanther for API(s) 3.0.0
KitUI 1.3.6 by Infernus101 for API(s) 3.4.0
Joinkit 1.0.0 by LetTIHL for API(s) 3.0.0
luckyblock 1.0.0 by LetTIHL for API(s) 3.0.0
BuyFix 1 by FPVGAMER for API(s) 3.0.0, 3.7.1, 3.8.1, 3.9.3, 4.0.0
restart_in 1.0.0 by LetTIHL for API(s) 3.0.0
ScoreHud 3.0.0 by JackMD for API(s) 3.0.0
MuteTime 1.0.0 by LetTIHL for API(s) 3.0.0
CustomItem 1.0.0 by Phuongaz for API(s) 3.0.0
RPG 1.0.0 by LetTIHL for API(s) 3.0.0
essentialsTP 1.2.2 by  for API(s) 3.0.0
SlapperRotation 1.2.1 by jojoe77777 for API(s) 3.0.0
QuestPlugin 3.1 by HmmHmmmmm for API(s) 3.11.0
Kho 6 by ItzFabb for API(s) 3.0.0
NapThe 1 by phuongaz for API(s) 3.0.0
LoadWorlds 1.1 by shin for API(s) 3.0.0

----------------------REPORT THE DATA BELOW THIS LINE-----------------------

===BEGIN CRASH DUMP===
eNrtPWt32zaWfwWr5GydXUsWqbfnpCeO7cRpbUcTK4+dsicHJEGJNV/lQ7Yy7X/fewGQBGjHlmzV
ux/aacfiJXBfuLgPACT/3fLiNKT51yVLMz+OWvv93Vbuh6y1bwxNczAam4Nupz8aDUej3VaRiFuD
znA4MHuDyWRo9oe93ni3FdAsP07TOG3t/7uVrxJo1eLXx9cOg26AercVsiyjc7z1MXKZ50fMJT78
ut4n58WMfjqHNl4RBG/8ABslC5ru7+0d7u99zIC9vQM39CM/y1Oax+neEcsu8zjZO7s4eLeXBMXc
j7K9i+PZp3fTr0uz0+tg970sdfbODqfHn873Llj+yU8AnCAZSWLtftAnAIZBLxMDVJRSB37/0nrW
Jevj2IG+L/ZJEjuXLAdZmGUVuR9klvUR/+zvM01jJzRyA5bu+FHO5iwl410CwvvR/Bez9yv5jgqr
NuPJr2TbGtwlJS+oBULTlK5+6f36ApTzzNhEEeYQ9CBAliVg7R9z37nc4bhMkoTYCf+rtbWXOQvm
FqCSvRnNLkv1GL2RgmwGSPBu+8c4+lBElfIMjri3DuKL8mrHGE0a41W1BEo1D+0f0xuk+reTEkra
m/I/ZzSC+ZDuDAf9u+lULLV/DKkfzRYpo+4Jo2luM5o3KA9up3zBUpjlO2Zv3BRK8GRZGlNiPCrC
WYPI8G4ixsBsEBF31FEe3YnCmEzuQjFNYwfcSZwKXOO7cQ3Gw+/gynJQosAxuR3HlP88g5875o35
W6L5+tWJI5hYhZPvxPZvzMnJa5qxQ/CL2WlMXZbuEgm/ZfqfwZiexvM5tpLTtzf8lRzug2fAiWtZ
2sy1LDl1oSfMXcuqevX7G/SS89WyxPzt3it+z2yKnwn9CgSGQLBjYKuU/V74KduRjE2MjbxRTbR9
Nq2diM7Wi9avf+622FaizmPCATAhOn71o2UcLFnIohywuSC/k7fKuwAReAHixC5Dno2xCWArF/8j
BG4Z454GKqKM5TvPaRD88jyiIfv1xT94q77W6nm+8DOcGSEDm2b5QRDwPrLxoGpMyJ8cMlQgHDBS
AL638x9+1qT7gvybtxyvxd+kSXLSbZCcGArgeZaTl0RB84vVcoo0BVW2l35itX7laCdmE0lPReID
DnadBKDeHau1C/8iYsHRpN/sqmrluUtzZkB3sMc8Rj3uPPd/6UppJkJdhMiGptYQIUBu1Q7brtV6
IbuM9C496ELtbEf2b0uKsnGp0+cLFiSoCN5lbzzsd7uiRalPfqcPTcAfLymMMvbgWMxutyLJL0v9
wnDKXj++BPcNw/jn3ynM3ynM3ynM3ynM3ynM/3UKs9uas4ilNMB8ACMfOG2tLzBmwzjUJXqr1zEm
HQPhhR+4kIOMe4Pdlp99ddmyte/RIGOQdKRxHjsxoO33oGKd+5iS0JHjdsdGt2t2qWcMPLvnjiaG
OXJGI8cbjIbd8cBx+44DuAvJy2fwzfFVRs5n5Oj44ufZ+2n75zfGpy9vX5Nhp0c4C2Qy7HbJTtlU
WBSBAGSSDya5yMHF0NQlx66PQeEFOTg7GvYxMYJafL81AidrojjfWORy8eQ13P4aZ8jDu/PzGQD4
xZUf8QwqTGIYg6+Bb6c09VmG+qPuAmRO2d5vWRy1oY1MxYyO0TFfeY7pjYaT0cTr0n6fDryB7ZjU
tIF5tzsamh7rstGYjQC9S0ECYDsO9xzISWzqXLYh2vouDjQgLKLLKL6KXsm/yGw9sLYf0XTFJwY0
7QJto/eqS23GemO3z8zx0BiahmcOTWc0oSbtucPJxB1TYM3r66huJW50up3eq2F/NB71oc9waDuU
jthgPB6YfZPBGJo9xxywsTMYULOBEKdzwKez5M18NRkNRhNz3Df7uKwz6dnGaEx7YA3dUc8weoDb
mUwMw9YxBfGcYzA7xqtxr2uDRk3HmwyZN+r2gDIKPOz3uqZnwv/1DIf2JzcwtJOcB4JSUb1XrD8a
MccbMsc0+p7r9vvGgFHDpT24mLijnu2BthjVUYU0X0huhq+A6GDk2GMHgh+djAeT4Whk9ydDOhqP
XXtimp47cDynp6OI7LyUZ/xq4o1NYNgdeTAmjjuhg+GQ9fv2sOf0PWNMR8PBiLJxQ7n1z3aYVBP1
1QazTkGW0kuwbaEX4Ml4NXEc1h+M7bHtuazH+q7n2qBrZziYeM7IHnnMHNoDp2FBWRTH35hU7+DV
qGsP2GjSG9HucDwauy54RNqDOsRh9mjoDobmZOyZjttAkgQcQx+sZWh3xzYwPnb61KPGyOhNnAk1
bBgYw+6DLD3DZcbQaP1ZFUZ8bn6O08CFmJdjUVT7Og2826q9HOZeY4DQIl/EaYapKsyBIlihz6SJ
j4AezIQuXrOI2gED7wHxC5yfyxLwJdgH7mWxlx+pAMw/0BlybJZ1hRwkggMRyLC6gymCFdvs4MPs
I/rgK2Znfo4cL/I8ySAKgEtdFHYHvMzeGQQKz2eBq5pAmUzmKUMDzXJIzjRpQT9vqIMuMQOQohMV
qqrEQM/Y1XUyY/mCpcz9+ji1tA6i3L9IaIg0ax0pnFiWvNA1NH1/Mfv8/sPpkaYjlO0iiaO58MtS
rhKiy4S8qiJtaXjfRcvVYAD5jSDaHNnv831Q5PGXqcK2BOhcGw2uWz+Bmz472pZxCmyQ/3Da6zF/
i2EKNHtSAhDudQoYHG6MioQqVBdzoAt5vIyDC2B5W2IqhC1L52KNGXh1ddVhwBFi7+SXKN8nGvlB
QI8jZ0GjHMO/aoC33VXl7d8wxtZswQ6+QXS8IfEuuveHS74UrFjWIeQrDxjZkq+922TC2Rc7Pg0u
kpU6/yqY7mhv2PJhSj0YBcjghvDf6BbZ+48ZdSd0MSwlOOiHoXshfq8zN098lx1CWkc5ykowDdz0
LiNdthM/hEws1WQaPlwWic6yVB7WnK+iawdEANGmRcqmLA1VuWqYLhTE4Takrrpgw/6bN5CG/ycB
Z41l2rvIg+Ik31q8/CoIQJFdcqX8fIAF874yRtZ40EcFEESzwzgCkRt+qnGnacaGrhHICp0UPGBj
tB+hgxojuCudGcsSVfJaoTGgSaJJVkL0cR42Jfot/i1mI/xHk8joPVykTFB+cIipWdorhQAJf2Ys
gQgM3ihOVRekwxtTVZf150VM31JIpeYyJ9nGAGpILUtjZ/0U4bDI8jg8CGDg1emqgRu2+dfGUZUy
+FSdj4dFUp6qZs1MXZerd9O9ZkUKoY3lkFVfbks6jlMm6iBexchapirT8A5H0gHO9p4JRCjkeTxT
Mz1+eU/8oFff6NXWahBEZllRnCcPnoCCIRDmrAhynytHEUkBNjK7jtkI+t+Ys5ieHbEl6vaTf+1f
Hv6LH8lYFXlWXPrw+xKKJv8y25b4DpJMQhdIWlaInPKhAVWoXG+qEEWQPQURaChlq1U8p5/zdOGr
RagObyb6Q11PsvFZxILietupkUQObBjru6PpWfs1o7h8q+YONVB3RTdS3N9oFkdXqygyutsaWAWl
ZdmcDQiYFTv3SsRj60XkJzfDv4Tqbsjs9HSZeNOTOPW/CYoXkJaBO1ySnVflT1zyPVykftaepn7I
4A7+LbLTTy80NZgb19Jnq2kQ50oZrXEjMwchxyZZwwy4lBmmphYd3nRf5o165oj5djOgmg8daY34
Ossn3GBjP8oPpu+0NW8JavLfGNg4Yjb8R/4gb/xr5hKgSz4muL1J7BU5paFYPP90rgk4ebgpS4KW
lSCHgBGy3prX+wT15/OVCMeyQNOm6C139bnab87VIwqd3hZ6Um88QrwSIUh1k5tbgQ/wyCWRvVvQ
7fHQdZHQK819lRBdH+Zfm0ZJori9VFJ/WPIkT3oo+X159ENb4NSlERvAZHZ8cLY1gbQN6nWcDHMU
rpmjT8cGv84ps3XdjyHRfSirHJtlMXQkzoJl+foBEEL9LI4D1X4qUCOa95upeL3ZRmaMhlurq0oG
cNOyYmWzZeWatb0KB0gLBcsFY4qsEnD3smojJG5rAU+PbIKTTYLaz6s5u/xAo8vsoxoONHBzDbxZ
KGLblP4e0q1VHApKKBIVXta3SVDFYUqzBYQpfagqqCoW8NowTM0O+49Ysih+B64sy4+WDlL2/OtN
xuc1bvCytDm9NLA+PpAvtW2W07XKi7+ikLAFb7mYfQ1OH1NMaKhAN+8jPAQ444fiK80owIbd6vr4
F3Px5IYx3JYOKoSWVfPw4KqywranCMQzc/rNj94EKy0vL2G6xONm7ez7bwIa+n6EPdi2BNexYnot
2VF+rmPqb+I01JPSEnKPA/rOqpz5iPqpwmhZkonqx1qlwvQgUE+UiOvGPL2xWLoKacq2uFTK8VlW
ntAgWN9xnsdHaZxoqzIccE94exdRuqJbSwUlOssS1Ndnf5b6Lj91UitfQu4RwE7jS581EpDBwyWQ
+CxL0odk/qxm5f5FhSJlhwuaN7YjOKi5G2EYt21FbDQUyl7HzYKalw3lXnRrt7FB/oUt/bjIpsft
qsl3di2Q+frXFvYsOBq5ZwyhvbFpjJAbQf6WbePzOE7dReFn21t+cS6jEqllATmoWJdiN1kwde/w
n9HrWypWFdqM+g0b+MKiOFn4ge9sbQdKQYnz8bouU3W+7hXu2ImjOFzpzl4BqqINOqOmq5RLAtsS
q1phYIIDvsagcXN/6KL6xqG4bjicdhRHbRoki8bG4ZFVGIwOCjKzim6X0Wjbi5qLEA+P8A3DkrE1
TmHwqXwCE5tp00oBNy2wr8t1sYDaZDK4fuTJGG0k1Pxd2aCQlHCqcf4WyB/ON43b+0MfP8zDr+vo
V8HumXCfIeX9VviG2duWYdYYIQyWbDw4o6yx7dUyYRbteXgIXU2hJaS5bt1rHgdb+lG3Z0y2dyJM
IoQM2vPAm7jVj7UiJkYpMLpEq2RV6D371bcu7pmPM1i+ASIhre8u+wn+tItHL/MJNHx572KBh+PU
5TABuCcj+okufZaesjiaTIZ6nTS6L50obejOM1YqessSTJV/N4gjp7r5qtDmiG8hkqjju0FUCbg5
67zdX/3TaH4S+5pB17A71gZ/+nRO/iCY3HyKfvaD4LFHMJRSTBe/HEtc5Vx7+74+c6Rs3qsHke40
y5M4B4efn2ztsN/Dz0O9T9lb/vhAHquyaOB7dv+W/tJ3QxbG6WqXnLJ89u7kdFuCqXxYlvy5ViQE
BSdLX60CS8g9g7NlCSTV9W3LoStIsPKc+grvCvCe0QD2c38RbM2ykg1W0Q8c332XBbozU4DNLdeJ
zvrb90cXuFb9KdpmwiXXwMGTqeFL7LCCaGKndQ3hgmIF+CG3rUWrQE9rUiXZTWwqcWms2RMH3MP3
+RziO6T2ziAih5jae/1oTo5otCA754dHL7YlENJh0WEczRG3ZZ2yJQsqm1nrvPVhwGh6SufzRgVd
w3Xju3FYbHblZzlztyVSLtCJ0tlBJgJgQhTQKk8bn9oVeA+yVVCEZ4d7Oj7MlPxvbBrQlX44sAbe
vTu+Jek5vVOkB8lQ9Xu9xS+ojd5q6UIFunu7ozVdFGBB9NvWipc4DnDtS1CXv9bb8VilNLrUNjsE
5Gn9BJLc9EjijM5vHkjkwHu0f0Q/MBoc/F7QbbHv0hQwUsC4nhCunzlx6nYChkfjaYcVvKZK/SyO
zvi7FuqSqgY+7ZAknLB4cHTtfcCcheoGIF4+LdfAS7g+v3Pfy8v3U0ieK9DT8l2SXZ93l+WFwje/
vOf5jsPTA9zbI3/8Qd6mjEU/0d/i7R3LFchBAD/y4w0iPj7UkS0+mY1nVziocaBh2Dx/C6WDHdv2
anunb0uMllUyUf9aRxpgzr9cgHdXxKlhT/I0WEVu/TF4Dak4Sz/Fua8xroEbx/X/0pxkVuYkKgf6
1TpifUzeplSb3iXkaWd3sUFRdcGC4PharQZLSPM0eoPn428w8xZbr2sFWss6/jLFVa7Nni1E1rUM
SQHeI85tYowffnZToluffQ885DfVdCTgnsfJXtOlRwOo6ra2UltjtCzBwwanpU+mbVS3mlCUoOYS
e+P8whk/S9MUon1wOj05mPAnAqtLo9u4NhrXZnn94CwdGD7hi3rrSh5gYaYWwPz6/hWJ7aZQLMv9
+QbjdcaiQpsvEvC07ioEohvM8yj38ZjQ61g9/KVC9XzcaFbupzRsHGF+zCFfiQ/q15qDdQ+BKdVr
yRZ/1oTyU9DakyYS1BCtEySXjaF54Cnt5sqQPIV9l4erKeFDJYLB+tda+bCWvs+fPHufb5K8i/PV
uMh685y5gDZn++Qv2YK67dj498+cc860i8efMedo+ObT+Zzii8jUHK4C3bGDsf1qoMa4/oDi290U
xvnl09ofktzAAIuUHYOTyX2WfWkcHarhuocYNSUI/eCy2zcw+H5gS39Jg+nZ2XRr3jAVOJMwBMGS
AkdFMCaOBpVsbnxcW+F1T5f3TxTkiqba85QlpJHzPeWmvmRhG1v6EpXc7o2Ts9jW9nsF5Ok3bzao
94oVLhjoe50V7A5P8aZI09VP9NLHF75ti3cNKY9Ys+IcHOkmR9CnvnNJr9mbIuLHULSIoN954mU0
QX2DM5UsTF6j7Oq6cgW786GaizjK6P/Mtn2kSaK1rIqN9aU5YTR4w5i6y1aBNFlunhQUZw+/+y6S
3eqJ7P5jXz4zlW9UXFeozzRN9IX/EnKPbX2A/GwKCcJie29pQJSWhfTX5/9nP9cfQOHXzYPfw+aZ
Y4+lUZEZXUPjvf+Yc8cVSsviTKwvw0+Q015qDzaXkKed35f+BhlOUDiXKxsfI9K2ZivgU2/OloQ3
Chz6Qz4ScFfImH56e3B2/OHWmTzqiLWCsfw74T7tUTNacLS+SFik0zT/6kfaU/IV8Il3wgThDdYL
8SWQJ4V24qwE3bPE9te8xqukvsGqR5E3nyyqQE+88lHkbNN9yMamlwK8h/dt7wLXlNcX4cP0rZqm
w9UTp0fLDeIWyzIsX2iQaW8y0cDNVU3zr9hhUSlaVoP+um9E+hDntJGqNu/ccwr6O89iPSbV0xlY
f2j+WYDfkhlbLY8KbRxqaRwzDEP4F/7RC9/73jlXvUrqzgP54QIxW9bvBX/QmjP1gAKw5HFPlQqz
qYV6XAmvVFGbWVT+7Q217Qcfgr1xKv+7uZUghCd8NykMz2kyW2hH8gXgjviebNmNlfgsS9Au/67D
Pi7z3niZkwJs7Cc3tpMXfrQtIWqa6y84oLk5yTLq5HEi3ihLU5AgZ82H98u3bPPx5y+g7iQpHqPl
Szn7rWfT6oocxpHnzwl+9cNKrejZBc3JGV0R0ySGud+b7Pd65L+7I2J2TQMbhHHuvjx7f0rqw5AI
FmTaSZzmL42J0TMReLUA5tuBn+Uvu3hNoyiGKhtfB4uHqNrUWfhMfCMkewneBPHguyba8g20MA6i
Y0ivZZ/spTlAyJziMV2XiftenALWChZ7HkJBAy7mGuU1xBJJxfU9z3eKIF+95IzOy4O57QzPnEbz
7CWC+Z5QG63kZcD3/CtYBvWp0gS/t/Ly6PjNwcfTGUKFRbTBoaQrSVKCUpiqJT/4u5PQLLuKU/fl
f/F/QElFHrczumSy49JnV20XdEhBcy/HCLq24+s2GqZsAoMwL+icvWTRHK+1FxZ3ViG+sPgZQTMj
Dh/uIuXum486AeURzXbACgjMp4yRUhuEpoxAVUriCEwmX4CNODiYObEZ8SMnKFz+5Qpyw9oQ10Uc
Qk8PETRxZtRjuyTGgjdDlMROGb0kq7hIJS7iewQG1fd8TgHGE78kE6wQ8Tm7qtDtucyjMKIZuYqj
H3KCfp+mBLUZgrD48vAVcogfhxFyXy1YRIpknlIXEHSsCK1YINu3IkKefV7wR3NIHgOVyCWAQr6Z
H3SQ0giMPwem+G3OKpRKFBCDPgOWc325bOk7jCz4hyUQEiJmYa7lqO0T/pp6vJEtityNYQLID/Xs
E6sl3yDvBHHGXKvFOTsIgviK4MQCZsovdZClT8k/0eSwDbe98r3L+wRdE+96zO1Q9uFvDMIpQmDE
QCmIzV4RqUpsL822uq0w++yzDwqJI9ArdV0ChYlQP6oVv+lAQkazIuXTm4DSbYZMg3LY7wUNUG1z
fwltlzQoGNmRRMHRvEDsgiJMGIY+pQ1qxw8q7MNtTvu8CG3QCljVQbaKHPyqBsHX7IEddXiDj6At
btqlpNhskUKgLGD0oHm2S/gL1oic/DAfdgm+Sh8EwQjAdQMOGGFhEYEFYROB/IIPL8gEVpbG1z5Y
GAM1gEjccqOKOdStZOidh7aKbdAmd4mf/wDqy1PezWXo77jJNDqTHZChgHljcrVwMdpS0n2Oqmmr
lBtHWkQRDqeLDipO+CDwl0FkHXLElvI3Cf35AiYzJgy76uSThoMaSdMiyQVUKAwVEwJvUi4+uDAp
+RcGXDEh6DL2XWD7dg7QRtDmYlA0WFdHMTRo3BaNKksD98+fyBCT8i14YrAejKtEwGEehH6Ocztk
c2qvctA4uRCq7nLl+hni5t1nOGpXPtc8tyiYtFdtgag0soxL6PnAIngkhm/ERDR4tqIkKYwcRqvA
aUrmMQxUjNMUrQIJzTmbbc7aPumiFECdu2Dxlv//9xJgonIX/xhdH8c/VKMJZ0G6z4oliS4j4D4w
PoLfKxlCqiVXRtfsS8a4E/jMZ4XkL/thCxzyecFZQo9B5Ee4YKaza+YU3PnGgmUxIzFYVa3ZtQNZ
QlZLJBzX+9nxPpmdvLsgp+/O3s3IwXR6+u74gkyPPxDI+34+/rBLoBGZvYdWx+TzyfvTYzL98P7w
+OKi03QBmj7MwVCqY8pSP+YBGR1xhgI6C8ZdMtdG5WwN0D2kBC73LbxJGzeLhZvlqCA/BDnBQYM1
obzfMzZhZJDxYQCMsJkkxjELJOB6a0cuIhKn8R5jCMZ53qFzszXagsyyYdgS5mA6IDSL7IpxFX0r
GcC8WJLVova6Utbsxe0sScl7UvI5TW2YGW0nDgKRi3IHdLt2+VRDdmQvInuB7w5pVPDkQ+UEErMC
bPDFbhkTmkZYmqEIr54HuIS8YT0FO+S98PnC4CF7iIvArXjxIYhcRaTmPxOIE84+CDrsdqWsQO0N
dxY3giQ3HYGhks1L47AMtqK3bNFWTVMdYZRGjuQN2yC3mJRmHRdlwohDlgIlNENpyG4RJiK7Eikc
kTfaeKMcryNsJDtw3jmbpQRwBWEeJju9RcEQtCHwAYUlGFmWQWEPjiFfwKjNy2wTnRZSq7naLQdS
5AgyqewIbrDpd/WEdY6zKKLLrOT9kCYI9cMihBiLr4MjZS2AA0lEVSS4qPWK80Wqks+YmzYGyXYi
OeIE25gFFxB0+9WIHcXiVtOmMTdCryfwi8blFBK4ZENVMp45tB2KL7OrxgVY4bkKpI+oPeBOJBgC
S4LvFsdCA/sICWvpoJvUp5CnpIyN62wXFYhPFJV470Z1lx1akXyP874MEZCaLeJApJg2zaGSxUyc
s5zhh/WIDDLct4nKR94VocVmVbIpwtszdZTKW+hW01WOyHdJ21AGkA8eJ9zOS2ZkCOBeu85jeYmK
KaQrJMdahif62BmAkq0OOYFcEGzpJU/uyOH04y70BR5smF9Xvgtmz3MF4T0r/G2Of58My7S7zsgz
rh2lbYccuOCoFjTw9vDFpbxMcBnYsCQFRAmug6CBKROxDnsKMrUUOb5Gr4YpJg06BJn4OI2mZbJd
F4BYSyBTeD4DOxZJlLTldaO6OZOzLvO/sWo8MS0vhxEXdcuUCdJ2YR5KaO1PTNHpRYdMZZ+ApnPe
gcpKVNoCp+ildI4iwJiA2rIk4BkLlpchxafGgXKK43QY+Lhiwutl/DAby3JyNvvIOc1AJBTbLnKC
9TkfypqcKC46pa8J86KNvfY5t2jlLrOL+X5ZsPxIDCxUZLq2gKnK7xNZnmaioEZLjrJYBC5pDQYi
E85JYDtcxFDAogWWdQorK1HuwVyaU5LRZekpcQWkXCfCe0oJC4zxlTaRsMj1iN9iPxLFMF8m+oF8
seNrtPqUvDsiO18+vjt6QfCTBQvgAdpfgbtPUvG2JDAMrF9SKF46dQYIlhDzJlzZ+L6YL69PS/yy
tlEgP3BiuFjEgyZkH1jk8jDMZYvL1REZQpRFHM/jZOGe763a14XvKoZIIU8B78ZoXvpNkF982K4s
A3gJKTkFu2HyVcBR7AR+QnhfMBtc1XMolpJhvCyrcgxpMg5wX9wu7wmSWe0By4UvdYVkxpc4hL3D
LAL1isHgbaVxF5lcanFgJufC18k+bdFnnySQJC39AMkIPy59lKSCgYhG86pQiLBb0IyHu2UrbcXs
1lUpMcoHYVzgFPZEwJEzGlUpxxgDLLoovh4Bdoi/eYSEzh94vFQ6c8EjJupfmwlkNvNwAvJVTR7i
FqXBcxvni51a5BXiI6FKfHBEhDZZTcQHM4Eag6B2G5fd29mkKWAC+yjnHTBbdsa/FTc9PplxdaBd
8FdKZ4pN8qeAOSG+uqvOzSNOjJ8ayLgHQn2yFEeaiK8IEikdkaspZQTnfTTRAV+bmOQZmUMdltXq
qVdsKg11bqpI+qYr6vNCDfwkVDFibJI4KYLSGOUFhjLeRnrEHveHPMNvJ9KLYTBBxwTRTubOfLVW
rFHtyyiOS2q8bhRgEQTleOFTStVih1vrDe29jc/3NUDVdNPByQLSTS9WRgRmWVvsSVUtFzGODGel
g+c7O37MOQZPtgqx7slwEy8DCbOadSzm5H1S3+cicC9G5/MUKmixWiaX1sQKAn5E+bIpH+cPZvD7
o/f4EdG29Pki9KFTuGIiuaYwda44xYwzXgvAYR1lPRsibaV5YZpicG4oFQZU3JfGBEEeP4TJQ5Wa
I3J4rKoO0u4I7URZutol/G1huwRf58rjc16lYeB6PZZCqt1GDxRh/BN3y3AlggXVlsLkRpMSXwtI
OSGUcy9WOguJkI+8uF/SuDHSQlZ1qHM/rH21DMCIFNvjTEDXjCOLDhMJ8jU+2alcz+3UBOQdlUKp
zbtDvHTbYnTFrFCWTiQOQJ9LfZaLJAsJ5B4DqxyZOEuPgWvOUJu4PHP0vQoRlB8giNhgQA9UrhwI
Hwf4pIssIxsNfJrJsgQySRomQXmFOQ/wKMdqvxw0cQ/sFpew9skvPFmB+LnL17R+RaTiuypVmFQ3
PrgYmDjiCyjFqkG5/8SXA26LWDyg8wid8QSZV5v4OivgVYZblX1Bl/MgfhLcscKoIKJXTXGfvDk9
mO2b/xjtDibXxm7vurdr/sP4h4sJEZ/nO/jRRged68txV7hicdUfvBBZnthjUIt1McMxtoCO5Voa
Tz34YhiMmrMi4vvKRVo65bJCSavdCe5xAA+EKofv/mSlwtrlzgbYgkhnn73hroaT4u01JAXPFATk
qwJp89xSSfpi/q12wq7B8WWyuHMu+XFuXsiARmwfEvOVSOJ4O5QXWIHSQ4QRMWeElBw/JCNp5atb
uy12nbMo8+U3SvhH75RP/9qO/IJrBcFdJfxssAaLw69unIMz1KC4E6kBijRQr9FFqNeeH/DPitWQ
eah9iHiBb4pQrn2YZUsVgJ8X5rvl4tGF0BZbZGqTTH71WIUlji71B+bJxQWtJ3f7mQ6CBCVUIRfT
U/UyXGW/B/zryfIXGeA7HkzcWyBt/BTzoNvvjuDn83cwJUaOA/9Ohmw4GnhDd2SygeN1PXM48vpj
ZgxHjklt2+yR54A7jy9ZBOmBprEV5Tus5cOe3/BVTXh6YMBfwvhNfLm2ag2X16E+JjGKY3a7PcMw
8Rmk6dF7TVVu/JWL0gQCyNeHE9xFlGVawwsfHcKXM01HDQ7gEstsXSwAXuF7CTWg8o1ifBbKwM9s
A8ML3TjraP2VJ2Pq959RRf5cfBdavr8G1cRRGvJNStyhuXb5DWK043SV5DEHiMNBc/fGmPuamXDd
9FQQ1HgFd9/zQhhjyc6/MGd7P+XLQ3WHP//8X5Quzqo=
===END CRASH DUMP===
