PocketMine-MP Crash Dump Wed Jun 2 01:30:31 +07 2021

Error: Undefined index: NuTaVN
File: plugins/SETVIP_v2.3.phar/src/MCPEVN/SetVip
Line: 191
Type: ErrorException

THIS CRASH WAS CAUSED BY A PLUGIN
BAD PLUGIN: SETVIP v2.3

Code:
[182] 				  
[183] 				  unset($all[$name]);
[184] 				  $this->time->setAll($all);
[185] 			  }
[186] 			  
[187] 			  if(!isset($all[$name])) {
[188] 				  unset($all[$name]);
[189] 			  }
[190] 			  
[191] 			  $st = $all[$name]["current-vip"];
[192] 			  
[193] 			  $i = explode(",", $st);
[194] 			  
[195] 			  $date1 = strtotime($i[0]);
[196] 	    $date2 = strtotime(date("y-m-d"));
[197] 	    $date3 = abs($date2 - $date1);
[198] 		$help = $date3/86400;
[199] 		$date4 = intval($help);
[200] 	    
[201] 		if($date4 >= 1) {

Backtrace:
#0 plugins/SETVIP_v2.3.phar/src/MCPEVN/SetVip(191): pocketmine\utils\Utils::errorExceptionHandler(integer 8, string[23] Undefined index: NuTaVN, string[89] phar://C:/Users/Administrator/Desktop/MSAI/plugins/SETVIP_v2.3.phar/src/MCPEVN/S, integer 191, array[3])
#1 plugins/SETVIP_v2.3.phar/src/MCPEVN/SetVip(26): MCPEVN\SetVip->tick()
#2 pmsrc/src/pocketmine/scheduler/TaskHandler(137): MCPEVN\TickTask->onRun(integer 1)
#3 pmsrc/src/pocketmine/scheduler/TaskScheduler(179): pocketmine\scheduler\TaskHandler->run(integer 1)
#4 pmsrc/src/pocketmine/plugin/PluginManager(654): pocketmine\scheduler\TaskScheduler->mainThreadHeartbeat(integer 1)
#5 pmsrc/src/pocketmine/Server(2389): pocketmine\plugin\PluginManager->tickSchedulers(integer 1)
#6 pmsrc/src/pocketmine/Server(2152): pocketmine\Server->tick()
#7 pmsrc/src/pocketmine/Server(1992): pocketmine\Server->tickProcessor()
#8 pmsrc/src/pocketmine/Server(1586): pocketmine\Server->start()
#9 pmsrc/src/pocketmine/PocketMine(291): pocketmine\Server->__construct(object BaseClassLoader, object pocketmine\utils\MainLogger, string[36] C:\Users\Administrator\Desktop\MSAI\, string[44] C:\Users\Administrator\Desktop\MSAI\plugins\)
#10 pmsrc/src/pocketmine/PocketMine(321): pocketmine\server()
#11 pmsrc(11): require(string[91] phar://C:/Users/Administrator/Desktop/MSAI/PocketMine-MP.phar/src/pocketmine/Poc)

PocketMine-MP version: 3.19.1 [Protocol 431]
Git commit: a7cd0810020af15fb3d79127c77cf576085cd4cc
uname -a: Windows NT DESKTOP-KF1VXGB 6.3 build 9600 (Windows Server 2012 R2 Standard Edition) AMD64
PHP Version: 7.3.21
Zend version: 3.3.21
OS : WINNT, win
Composer libraries: 
- adhocore/json-comment 1.1.2@fc2f76979f0a44a5f5bc2a2b600d0762fe0e78e7
- daverandom/callback-validator unknown@unknown
- pocketmine/binaryutils 0.1.13@0abee38d4e2861621f262c79a2a3d699d8a697f4
- pocketmine/callback-validator 1.0.3@64787469766bcaa7e5885242e85c23c25e8c55a2
- pocketmine/classloader 0.1.2@9757928424652393b178a3760073113aa7c9911b
- pocketmine/log 0.2.1@830b44a2cf96ef703c550abe64302f230231ca49
- pocketmine/log-pthreads 0.1.3@e477ecf6ec214fdd4415ea1da3fdd9d73bf699ea
- pocketmine/math 0.2.6@43057cb8c179a9859677b496a788db922fd5cfc3
- pocketmine/nbt 0.2.18@9f82ca4d7f97fcd9a566e44b63c4f18a7657ae82
- pocketmine/pocketmine-mp 3.19.1@a7cd0810020af15fb3d79127c77cf576085cd4cc
- pocketmine/raklib 0.12.11@9cce458b8bfde3e4dfdbf70c659fc7b7fe26b5c4
- pocketmine/snooze 0.1.5@70b5e7937a06878dd321a3182ceb76d56298f2cd
- pocketmine/spl 0.4.2@6b08b7cf8c4afa17139c9a1b3bf1b408531de161

Loaded plugins:
TPAll 1.2 by matymare for API(s) 3.0.0
Netherite 1.2.1 by Wertzui123 for API(s) 3.0.0
reyyogaWtrhit 1.1.6 by reyyogaMnelux for API(s) 3.0.0, 4.0.0
KeepInventory 1.0 by KhoaGamingPro for API(s) 3.0.0
SETVIP 2.3 by MCPEVN TEAM for API(s) 3.0.0
ec 1 by McLebt for API(s) 3.8.1
FormAPI 1.3.0 by jojoe77777 for API(s) 3.2.0
Farms 1.0-non-alpha by Dấu Tên for API(s) 3.0.0, 4.0.0
Trident 1.0.0 by brokiem for API(s) 3.15.0
BlazinFly 1.8.7 by iiFlamiinBlaze for API(s) 3.0.0
PointAPI 1.0.3 by onebone | Fixed and Update by LamPocketVN for API(s) 3.9.0
VanillaEnchantments 4.0.0 by TheAz928 for API(s) 3.0.0, 3.1.0
BlockSniper 3.2.3 by BlockHorizons, Sandertv (@Sandertv), Chris-Prime (@PrimusLV) for API(s) 3.2.0
OnlineTime 1.3 by Zedstar16 for API(s) 3.0.0
Sponges 1.0.0 by  for API(s) 3.0.0
NoDrop 1.0.0 by Inaayat for API(s) 3.0.0
OffHand 2.0.3 by alvin0319 for API(s) 3.0.0
HideCommands 1.0.7 by Himbeer for API(s) 3.6.0
SocialSpy 2.1.0 by Crafter20162017 for API(s) 3.0.0, 4.0.0
Slapper 1.6.1 by jojoe77777 for API(s) 3.13.0
InvCrashFix 0.0.1 by  for API(s) 3.14.0
EconomyAPI 5.7.2 by onebone for API(s) 3.0.0
BuilderTools 1.2.0-beta2 by CzechPMDevs, VixikCZ for API(s) 3.0.0
BlocksConverter 2.1.1 by matcracker for API(s) 3.0.0
MSpawns 2.2 by EvolSoft for API(s) 3.0.0
CustomAlerts 2.1 by EvolSoft for API(s) 3.0.0
PiggyCustomEnchants 2.4.0 by DaPigGuy for API(s) 3.19.0
NoTP 1.0.7 by awzaw for API(s) 3.0.0
PurePerms 1.4.2-c2a by 64FF00 & ProjectInfinity for API(s) 3.0.0
MaxEnchants 1.2.1 by Xenophilicy for API(s) 3.0.0
AutoXP 1.1.0 by JackMD for API(s) 3.0.0
InvSee 1.0.0 by BlockHorizons for API(s) 3.0.0
Broadcaster 1.5 by EvolSoft for API(s) 3.0.0
WorldProtect 2.3.8 by aliuly for API(s) 3.0.0
MultiWorld 1.5.2 by CzechPMDevs, VixikCZ, fuyutsuki, kaliiks for API(s) 3.0.0
AutoInv 0.0.10 by JackNoordhuis for API(s) 3.0.0
Shield 1.0.0 by JavierLeon9966 for API(s) 3.7.0
PM-Beacons 2.0.0 by jasonwynn10 for API(s) 3.0.0
FactionsPro 1.3.20 by Tethered_ for API(s) 3.0.0
DevTools 1.14.1 by PocketMine Team for API(s) 3.13.0
Worlds 3.0.7 by survanetwork for API(s) 3.0.0
KygekRanksUI 1.3.0 by Kygekraqmak for API(s) 3.0.0
TimeCommander 1.0.2 by TheDeibo for API(s) 3.0.2
BangHoiUI 1 by JVN | JackVnKiller for API(s) 3.0.0
EconomyLand 2.1.2 by onebone for API(s) 3.0.0
AuctionHouse 1.2.4 by Shock95x for API(s) 3.0.0
PiggyShopUI 2.1.1 by DaPigGuy for API(s) 3.2.0
PureChat 1.4.11 by 64FF00 for API(s) 3.0.0
help 1.0.0 by LetTIHL for API(s) 3.0.0
Kho 6 by ItzFabb for API(s) 3.0.0
PureEntitiesX 0.7.0 by milk0417, RevivalPMMP for API(s) 3.19.0
thoikhong 1.0.0 by  for API(s) 3.0.0
level 2.0.0 by LetTIHL for API(s) 3.0.0
freeze 2.1.0 by Bavfalcon9 for API(s) 3.0.0
PHP-Sell 1.2.7 by Muqsit for API(s) 3.0.0-ALPHA9, 3.0.0-ALPHA10, 3.0.0-ALPHA11, 3.0.0-ALPHA12, 3.0.0
KitUI 1.3.6 by Infernus101 for API(s) 3.4.0
capdao 1.0.0 by Nguyễn Công Danh (NCD) for API(s) 3.0.0
essentialsTP 1.2.2 by  for API(s) 3.0.0
PrisonMine 1.0.0 by LetTIHL for API(s) 3.0.0
HealFeed 2 by JackPlugin for API(s) 3.0.0, 3.1.0, 3.0.7, 4.0.0
restart_in 1.0.0 by LetTIHL for API(s) 3.0.0
AntiToolBox 0.1 by NgLamVN for API(s) 3.19.0
MuteTime 1.0.0 by LetTIHL for API(s) 3.0.0
SellExp 3.0.0 by EzMinh, LetTIHL for API(s) 3.0.0
gem 1.0.0 by LetTIHL for API(s) 3.0.0
OreGenerator 2.0.0 by vividmemory, LetTIHL for API(s) 3.0.0
SlapperRotation 1.2.1 by jojoe77777 for API(s) 3.0.0
CustomTags 0.0.1 by DaRealAqua for API(s) 3.0.0
SizePlayer 1.0.3 by  for API(s) 3.0.0
shopvip 1.0.0 by LetTIHL for API(s) 3.0.0
Rewards 3.0 by Wertzui123 for API(s) 3.0.0
AcidIsland 3.2.9 by GODSMineVn for API(s) 3.0.0
PickaxeFunction 1.0.0 by LetTIHL for API(s) 3.0.0
TrashGUI 0.0.1 by Phuongaz for API(s) 3.0.0
BuydetuUI 1 by FurryJaki1992 for API(s) 3.0.0
WarpGUI 1.0.0 by RockPanther for API(s) 3.0.0
luyendan 1.0.0 by LetTIHL for API(s) 3.0.0
CustomItem 1.0.0 by Phuongaz for API(s) 3.0.0
BetterVoting 1.6 by Twisted for API(s) 3.0.0
CmdSnooper 1.0.0 by HotshotHD for API(s) 3.0.0
giftcode 1.0.0 by LetTIHL for API(s) 3.0.0
TempBanUI 2.3 by SonsaYT for API(s) 3.0.0, 4.0.0
ShopMob 1.0.0 by LetTIHL for API(s) 3.0.0
MuaPoint 0.1.lpk by LamPocketVN for API(s) 3.9.0
Buyrank 1.0.0 by LetTIHL for API(s) 3.0.0
Item 1.0.0 by LetTIHL for API(s) 3.0.0
AutoSellUI 3.0.0 by LetTIHL for API(s) 3.8.2
detu 4.0.0 by CLADevs || GreenJajot for API(s) 3.0.0
NapThe 1 by phuongaz for API(s) 3.0.0
LoadWorlds 1.1 by shin for API(s) 3.0.0
Joinkit 1.0.0 by LetTIHL for API(s) 3.0.0
MenuUI 1.0.0 by LetTIHL for API(s) 3.0.0
UpGrade 1.0.0 by LetTIHL for API(s) 3.0.0
PiggyCrates 2.0.9 by DaPigGuy for API(s) 3.2.0
NganHang 1 by GreenJajot for API(s) 3.0.0
ScoreHud 3.0.0 by JackMD for API(s) 3.0.0
RPG 1.0.0 by LetTIHL for API(s) 3.0.0
luckyblock 1.0.0 by LetTIHL for API(s) 3.0.0
cayphattai 2.0.0 by Lettihl for API(s) 3.0.0
BuyFix 1 by FPVGAMER for API(s) 3.0.0, 3.7.1, 3.8.1, 3.9.3, 4.0.0
VanishV2 1.16 by superbobby for API(s) 3.0.0
QuestPlugin 3.1 by HmmHmmmmm for API(s) 3.11.0
AutoClearLagg 3.1.0 by Twisted for API(s) 3.0.0

----------------------REPORT THE DATA BELOW THIS LINE-----------------------

===BEGIN CRASH DUMP===
eNrtPWl33DaSfwXb9tvIu+qD7FvznGdZki0lktVjtY+dMM8PJMFuRrzCo6X2JP99qwCQBChZakkd
735IJhk1i0ChqlCoCyD575YXpyHNv6xYmvlx1Nob7LZyP2StPWNkmsOxafaNznTQM8b93VaRiFvD
zrAHd4bTac+cDgfGbiugWX6UpnHa2vt3K18n0KjFr4+uHQa9APNuK2RZRhd460PkMs+PmEt8+HW9
R94Vc/rxHbTxiiB44wfYKFnSdK/bPdjrfsiAuu6+G/qRn+UpzeO0e8iyyzxOumcX+yfdJCgWfpR1
L47mH09mX1Zmp9/B7t0sdbpnB7Ojj++6Fyz/6CcATnAYOcTG/aBPAASDWKbALtDgwO9fWs96ZHMc
O9D3xR5JYueS5cALs6wi94PMsj7gn709pknsmEZuwNIdP8rZgqVkskuAeT9a/GL2fyXfEGHVZjL9
lWxbgrukpAWlQGia0vUv/V9fgHCeGQ8RhDkCOQiQZQlY+8fcdy53OC6TJCF2wv9qaXUzZ8ncAkTS
ndPsshSP0R8ryOaABO+2f4yj90VUCc/giPubIL4or3aM8bQxX1VLGKmmof1jemOowe1DCSF1Z/zP
GY1gPaQ7o+Hg7nEqkto/htSP5suUUfeY0TS3Gc0bIw9vH/mCpbDId8z+pMmUoMmyNKLEfFQDZ41B
RncPYgzNxiDijjrL4ztRGNPpXShmaeyAOYlTgWtyN67hZPQNXFkOQhQ4prfjmPGfZ/Bzx7yxfks0
X744cQQLq3Dyndj+jTk5eU0zdgB2MTuNqcvSXSLhtyz/M5jT03ixwFZy+fZHv5KDPbAMuHAtS1u5
liWXLvSEtWtZVa/B4AG95Hq1LLF+e/ey3zeb7GdCvgKBIRDsGNgqZb8Xfsp2JGFT40HWqB60fTar
jYhO1ovWr3/utthWvM5T3AEQITp+8aNVHKxYyKIcsLnAv5O3yrsAEXgB4sQuQ5qNiQlgKxf/IwRu
GZO+BiqijOU7z2kQ/PI8oiH79cU/eKuB1up5vvQzXBkhA51m+X4Q8D6y8bBqTMifHDJSIBwwVgC+
t/MfftYc9wX5N2852Yi+aXPIaa8x5NRQAM+znLwkCppfrJZTpCmIsr3yE6v1K0c7NZtI+ioSH3Cw
6yQA8e5YrV34FxELiqaDZldVKs9dmjMDuoM+5jHKcee5/0tPcjMV4iJENjS1hgiB4dbtsO1arRey
y1jv0ocu1M52ZP+2HFE2LmX6fMmCBAXBu3Qno0GvJ1qU8uR3BtAE7PGKwixjD47F7PWqIfllKV+Y
Ttnrx5dgvmEa//w7hPk7hPk7hPk7hPk7hPm/DmF2WwsWsZQGGA+g5wOjrfUFwmyYhzpDb/U7xrRj
ILzwAxdikEl/uNvysy8uW7X2PBpkDIKONM5jJwa0gz5krAsfQxI6dtzexOj1zB71jKFn993x1DDH
znjseMPxqDcZOu7AcQB3IWn5BLY5vsrIuzk5PLr4eX4+a//8xvj4+e1rMur0CSeBTEe9HtkpmwqN
IuCATPLeJBc5mBiauuTI9dEpvCD7Z4ejAQZGkIvvtcZgZE1k5yuLXM6evIbbX+IMaTh5924OAH5x
5Uc8ggqTGObgS+DbKU19lqH8qLsEnlPW/S2Loza0kaGY0TE65ivPMb3xaDqeej06GNChN7Qdk5o2
EO/2xiPTYz02nrAxoHcpcABkx2HXgZjEps5lG7yt7+JEA8Iiuoziq+iV/IvE1hNr+xFN13xhQNMe
jG30X/WozVh/4g6YORkZI9PwzJHpjKfUpH13NJ26EwqkeQMd1a2DG51ep/9qNBhPxgPoMxrZDqVj
NpxMhubAZDCHZt8xh2ziDIfUbCDE5Rzw5SxpM19Nx8Px1JwMzMFoaPanfdsYT2gftKE37htGH3A7
06lh2DqmIF5wDGbHeDXp92yQqOl40xHzxr0+jIwMjwb9numZ8H99w6GD6Q0M7STnjqAUVP8VG4zH
zPFGzDGNgee6g4ExZNRwaR8upu64b3sgLUZ1VCHNl5Ka0SsYdDh27IkDzo9OJ8PpaDy2B9MRHU8m
rj01Tc8dOp7T11FEdl7yM3k19SYmEOyOPZgTx53S4WjEBgN71HcGnjGh49FwTNmkIdz6ZztMqoX6
6gGrTkGW0kvQbSEXoMl4NXUcNhhO7IntuazPBq7n2iBrZzSces7YHnvMHNlDp6FBWRTHX5kU7/DV
uGcP2XjaH9PeaDKeuC5YRNqHPMRh9njkDkfmdOKZjttAkgQcwwC0ZWT3JjYQPnEG1KPG2OhPnSk1
bJgYwx4AL33DZcbIaP1ZJUZ8bc5nkJQoRk5c77Zquwa6CNe0yJdxmmFoCrO6DmnK0ErSxEdQH3S/
h9csonbAwF6AxwJz57IErAf2gntZ7OWHKgAjDhigxGdZeQILS3gtTOVgPaDZPb+Yfzp/f3oIoCtm
Z36OdGKw/I7lS5by64r+GtbggZtmhYtPLM2/Fr5h9rfFR43RsioyNuNmmedJBi4M/MGysDtgIrs1
tm7NEzCdsvU6XtBPebpE51ExrsN15o3OSGdeNj6LWFBc3+B/tzV4ihwkciDD2Hwuf2YsOYlW4Bji
dK2wpcN1tno6Uz8vY/qWwspYQAy3rUnVkFqWRs7m3MkSQ81WVXOo+YGsRudHZB5kfrR/ti1u9Mxo
E8qZo1DNHH0GGvQ6pwystUrqBFbdY0nl2CwLbrAUkoUs31zcb+I03J+dKJSXEF2B+k0V+i3+LWZj
/Edjw3y8xGuMliWJqH5sxApNw0xlhF831kE7griKBhDO6uwcWoXB6LAgc6vo9RiNtr3UlyEwgxTJ
P5twNE99l8d/tc+RkAZXzcmx0/jSZ6HGgzF8PPESHyTCYnzIU89qUu7l43VAv/rRm0C1VjVM52XS
Geu8+P6bAKyKH2GPrXlSHatlVeQoPzdhbRZDTq4voArUnKSG0YojZsN/5A/yxr9mLoFonXxIsM5F
7DU5paHIoj6+03iePp5nOSBknUghYIRprGmVrF7M99/PP8xuMPqRRn4Q0KPIWdIox7REXWu33VXZ
H9zU0fmS7X+FqP2WhQbK+nguV4IUyzqAPOoR0URJV/c2nrgyw7RcRH7CUk2da6jKOFrExrzzpsdx
6n+NI5TSBUW7na/IzqvyJybzB8vUz9qz1A8Z3MG/RXb68cXTrG3rbD0LYu55pLg0alD5Kz4sS1RN
NlkG5xHuJsz55nolEwXYcCa6QP7FXCwBGaNtLe4KoWXVNDw6vKywdRWGMFJJ4mjB1FVQQu62zlti
EmKr9XAIAYoY9AG5QHyYxomaCAjAPT7lJKJ0TfPW1sjn6CD+56NvTv6552HJV9UzCdFDxBv2lgYr
P+r1jem2WKgQgpp5HhgJt/qxCSPH4D8P4jCkHG/FjQZuzknDNx77oc1ghaoMjR7PkERnWSoNG64b
0bUjl0bs+DS4SFSHX8P0ebqRnByk1MtZavaMEfw33nYg5oQulhS4gTsI3Qvxe6PUJKCJbvVLiD5N
o2YC/Y1Y2eg/notMjPxoo1aT1C2ZAA7BpoD0syUEJAqXKlTlFCahwanG3eAJdY7idyDdsvxo5eDI
nn/9EG905MRRHK71sEwBqkwMO+Nm1UbGSdsyE1XYxQQFPPDSqLk/gMYiNUvncRyopkIDN4s4vbbN
ctpg7eArc5azs0O2wg4f/Wv/8uBf22LUQeRJ6AJyy7IFbTnSBmGFTulDtVUhu6uhKuOx7CCOgP38
Zkym3GnaHeNGsQ6UDULudIvlOolRBlY1MQ9R57OLhF5F6sSXEJ2jxlwfreLgAijbWkVEDIpbV+Xo
d+QM5SxeXV11GFCCWDv5JfJzUGR5HO4HIAiVKQ3cmKu/ljN1ZHAKOh2P43HmLxZrgUkmECqrt93V
OR40veIhhU5vi7XuQZ6QDZYIIQm8Sc2twEcs3HKQ7i3ouiIYnc+0UHQ+uy/ooVdf6dXWYjhEZllR
nCeP9qWCIJz0ImUzplehapjO1qBjth2zUYUaDd686fXIf5JZGuNG9Unk+ZGfr7fF7RcxAMxuSZXy
8xGc877yyEmNB00Wvb5F7VXoPXsOn1kUJ0s/8J2tMa+gxKm+rnVdp+tee7xf5PFnVWsloLmT0FjB
P4EnODvcFjcCm2WJsR+tuwJNV3IgQsALxvToDwH3ZId6UWNLPDZqE4KSh3jO1ym0cGjWiAsUqM7W
8K/1M8rAEBBoVDzOy3yK08AFW5HjOc2aQQ3c2DjpTJpZsV8E6+2lxIjNsq6QgkRQ0NTNu3hUNPOs
8FPPZ4Gr7kqX59vylOGeOQqvq3GLtqcIcp8DVdNTAxtT3tkoRMYHO9ZFnhWXPvy+BD79y+wvCZxD
pJTLDwSnUv2UoFlBJA0YLKaGBUPIjfTuFhv2Lo5Td1n4W2P/N0AalUgtC4aLIfETpk0QdX9qvkRN
UTNzAbjHav1EVz5LT1kcTacjvfw4voefqup0p41W0VuWIKr8u9H2wln7NaN4rk0NKWpgs+TV3KSj
WRxdraPI6G1vsiqUkORxMsCWVeRssEvn4BmqDDee1b26GtrceDSbGwd8j5+5X57GUms/yn3IZEK5
BS75UyjBnTp+sWlpEpZaM0WvQI3gYNAMeOojc2TOaLi1QlFJAB49XDXy7w0tcU1at8JROp+s6Xay
xvbHjfA9K9IVjVgOJu5yW0rJcUqvA5xWhGxkMqVP6XAkHaCs+0wg4oct1gt2+Z5Gl9kHtZikge/Z
KedtU/p7SLfGr4LSslRaNi+j4y6GLPFqwZEOb9pP88Ye3iHz7eYREvOxfGmDbxI38CCPRovj2Nfm
p4bdcQrjp4/vyB8EXdrH6Gc/CJ5a+FGOTijlPcUd4HmSTedHYjjVtzpUaLOctYUqZoPuTSuaAd/6
0GnbIIvitvU4LjKmRSIKuJkkDnQWL5ZgmabD6ydOm1aLVYvdioGRI2F0wulbIn0YomjU3u/PsQwC
ZCeatqrQe4qUt5aBzKexzINDCWl9s0Ak6NMunlwQEmi6Ze3kYEnzRumEg5qVE8O4rWzyME2vyxU3
pcNpKwOB1m4jOvnMVj7M9+yoXTX5RoUFia9/baG+wtGAsPCRKUVQ/PKeUPeU5fOT49NteSAc8gFH
FpdqsIdXKrWNE5cn+dc31LYfbbhurOFvbkGLgTAef8gGNE7EEcSOuc+yzw11reF6JjVuTkfoB5e9
gYGx0XvQpxUNZmdns60Vd1OBMwlDYCwBwpgkTKhjSeaDQ0GF1q7OLz6Rt4z9y2UcLRSh1LDvciii
Gm7z6QzYiqnHusX1PYnVlldTkrIs9xdsc6o9mNKvqt+UgHv21l/TlUcDWCtbOwRRY7QsQcMDVtLx
rH3BtEP1Fajp+htZxBnfIW4y0d4/nR3vT/kRsurS6DWujca1WV4/VgZI8DGPgTY2iH6u5xP8uplI
NA1j5LE0KjKjZ2iMD55yCqdCCYkEErE5Dw5NXKradQm4xxG9W0BIURjMGUbkAA/beoNoQQ5ptCQ7
7w4OX2xLMXEcFh2ALUDclnWK6/okCzYMT1mWoc2kQaZtUGngpo6af4VJU0eEiFsf//4llvpZHJ3x
R/3rRVYDv2/UkPCBxXOLm6rZMaPBG8bULKgCadbuZqVShE7fPGC6W5UnBk/diZnJx3c3ZQrtPU3z
L4hAeS6lAn7faZEDb04+ls6wDvQ6Vs8JqVA9/DGaJuCUho1zzU+JdiQ+SMdqCjbdJlKCm5IsvoeQ
N0+zVqDvOzdhkT9gsaAnOrpWc4MS0qzKNag++grmYLlLtky9QGtZR59nDwuyFyxUmMCr7yv2BT7t
sPGR1JS95c9A57FaStPA9wSUEFb7bsjCOF1vfRJUOixL/mQPOPH4Ps4pfxnNjZOP1Z17tvO/cQLy
KTGXTsDmkyUOoczp4ubZIw68+4Rj65C+B++z/3tBt8WJS1PASAHjZky4fubEqduBRIVGPu2wgk+V
/5XNArrWz6fWwLsfRtnWpOB4pzgeJNXV701mJQPrsPJVw1VCvu+6l6Nurk7v2RVNtW2QEtKwuN/z
mVpJwjaeqJWoeI1u3/FdGUErXr8GNh98meo8vz0/vMCg82O0zYKt3J2KI6YWL8VzLiAA8bzLRqVZ
55JeszdF5DRsXfPOd46ZxegP2NnB0tdbLb2sQPcYt9mygHyJft2aTkIshg8NitHlr80OPK9dlhf6
nk4Fu2NP502Rpuuf6KWP767ZFhsaUjyVQefFuyWNHpItf6Jpok9KCblHnd6Dfs9ohHve2+IHUVoW
jv+AMhlm0y5V10UF+r4Lohz2oS7/JNdiSgV4D/3bXhX1yJuz8JrlOUs/xrmvlVc1cOMplMZW7ZWf
5czdFg8SHR79qCnQrzaamfoBHGVm1Kdy7pyZ4zgHh50fb+1U5eMfDlr4Xl6+FbHMWkrQd05d5LAP
8BgsTF6jOVNdRgW7880LF3GU0f+Zb/shLYkWPEZJxgNyYAjhzmJbOwwmIN8/lNycanAq/GFsreIg
QY1iSidILhuUP/Jh8WYkJR8Gv4MpZSTuCHmf+teGvj2l0aXu2TnkO1e9YMjN56fhPTbxG1um13+Q
w8DDk1j70Ra1ArynHnQb7ZPHH+yR6DYnHyM9hXB+ec8LBQ5O9/GsK/njD/IWNzx/or/F23tESCAH
BvzoQeWGdzSZL7XXLgnAHTFssuV4o8RnWWLs8u8m5GMR9cZBPwXYONbYOOq39KNtMVGPuXlWi0mt
k6yiTh4nyMxPYKIutVdBlZDvu5Iv/QfU2s9YpOdBEvCdy9Aw6OY0f0jeplSLhUrI96W6eMixDv6E
GlZGbz6pJ6DNEu70LzmadduDd99+ao9Tpl08/Sk9jkY8nbeg+ApkNeOoQHcYsO2b3xrjA+JAfJHm
caE9FVCC7vF+f82jWuXoDyguzt6qhUW4+s61p9WDKgTO5drGR7a0GkEF/N5VgnLgh5xoWCdLmufU
1041VMD7DwXl/jLYWi6aPEDZIYTWX9ogAXeVymYf3+6fHb2/dX983BGnZCby75Qnfk/K6QRFm7OE
71/Klh/NxmumOKgRdoyajxhA0m7Htr3e3gMGJUbLKomof23CzT8LluXyQELNkArVbVJjso7DEP6F
f/RN8/vek1W9oeTON9OFS8RsWb8X/N2BnKhHuJGSxq7KlUxFDgJG01O6WDSykRreYP/G68K2W7/K
y/oVPm3mIBEBECGeOVNpevDbwwTe/WwdFOHZQVfHx98oS1NgP2fNx37Kt2zzqeIvoO4kKVaf+EHN
vdazWXVFDuLI8xcEv/phpVb07ILm5IyuiWkSw9zrT/f6ffLfvTExe6aBDcI4d1+enZ+SerMGwWKY
dhKn+UtjavRNBF4tgbl2AGy87OE1jaK4iBx89hI389rUWfpMfCMkewmZEOLB90G05eOeMIOiY0iv
ZZ/spTlEyILiDrfLxH0vTgFrBYs9D6EgARf9ZHkNLkiO4vqe5ztFkK9fckIX5Z52O0PDGy2ylwjm
5zfbqGIvA75gK1jGmKs0we+tvDw8erP/4XSOUKFGbVgE6VoOKUGpAzxJevB3J6FZdhWn7sv/4v+A
kGCa2xldMdlx5bOrtgsypCC5lxMEXdvxdRsVWjaBSVgUdMFesmiB19oLizvrEF9Y/IygsSQOn+4i
5TvdfNYJCI9ougNaQCCnyxgppUFoyki+ZCSOQGVy8GHEwcnMic2IHzlB4fIvV5Ab2oa4LuIQenqI
oIkzox7bJTHuSGSIktgpo5dkHRepxEV8j8Ck+p7PR4D5xC/JBGtE/I5dVei6LvMozGhGruLoh5yg
raIpQWmGwCy+PHyNFOLHYQTfV0sWkSJZQDIBCDpWhFoskO1ZESHPPi3544Ekj2GUyCWAQr6ZH2SQ
0giUH9anuM1JhRCBAmKQZ8ByLi+XrXyHkSX/sARCQsQs1LWctT3CX1OPN7JlkbsxLAD5oZ49YrXk
G+SdIM7AyLQ4ZftBEF8RXFhATPmlDrLyKfknqhy24bpXPuS8R9Ce8a5HXA9lH/6iSFwiBGYMhILY
7DWRosT2Um2r2wqxzz75IJA4ArlS1yUpy4T4Uaz4TQcSMpoVKV/eBIRuMyQahMN+L2iAYlv4K2i7
okHByI4cFAzNC8QuRoQFw9CmtEHs+EGFPbjNx35XhDZIBbQK7GPk4Fc1CD4GCHrU4Q0+gLS4apec
YrNlGoMFgtmD5tku4c/mEbn4YT3sEnyVPjCCvoPLBgw0wsIiAg3CJgL5BZ9e4Am0LI2vfdAwBmIA
lrjmRhVxKFtJ0ImHuoptUCd3iZ//AOLLU97NZWjvuMo0OpMd4KGAdWNysXA22pLTPY6qqauUK0da
RBFOp4sGKk74JPAXKWUdcshW8jcJ/cUSFjNupu6qi08qDkokTYskF1AhMBRMCLRJvvjkwqLkXxhw
xYKgq9h3gezbKUAdQZ2LQdCgXR1F0aBxWzSqNA3MPz/MJBblW7DEoD3ojImAwzoI/RzXdsgW1F5D
xtkhF0LUPS5cP0PcvPscZ+3K55LnGgWL9qotEJVKlnEOPR9IBIvE8L3TiAaPpJdDCiWH2SpwmZJF
DBMV4zJFrcCBFpzMNidtj/SQCxidm2Dxlv//9xxgdHMX/ehdn0Z/lscJJ0Gaz4okiS4jYD7QP4Ld
KwnCUUuqjJ45kIRxI/CJrwpJX/bDFijk64KThBaDyI9wwUpn18wpuPGNBcliRaKzqlqzaweihKzm
SBiu8/nRHpkfn1yQ05OzkznZn81OT44uyOzoPYG48Oej97sEGpH5ObQ6Ip+Oz0+PyOz9+cHRxUWn
aQI0eZjDkRTHjKV+zB0yGuIMGXSWjJtkLo3K2BogewgJXG5beJM2lmyEmeWoID4EPsFAgzYhv99S
NqFkEPGhA4ywmRyMYxZIwPTWhlx4JD7GOfoQ9PO8Q+dma9QFGZrDtCXMwXBASBbJFfMq+lY8gHqx
JKtZ7fckr9mL20mSnPcl5wua2rAy2k4cBCIW5QbodunypYbkyF5E9gLbHdKo4MGHSgkEZgXo4Ivd
0ic0lbBUQ+FePQ9wCX7Degl2yLmw+ULhIXqIi8CtaPHBiVxFpKY/E4gTTj4wOur1JK8w2htuLG44
Sa46AkPFm5fGYelsRW/Zoq2qpjrDyI2cyRu6QW5RKU07LsqAEacshZFQDaUiu0WYiOhKhHBE3mjj
jXK+DrGR7MBp52SWHMAVuHlY7PQWAYPTBscHI6xAybIMklEwDPkSZm1RRptotHC0mqrdciJFjCCD
yo6gBpt+U06Y5zjLIrrMStoPaIJQPyxC8LH4LDspcwGcSCKyIkFFLVdcL1KUfMXc1DEIthNJER+w
jVFwAU53UM3YYSxuNXUaYyO0egK/aFwuIYFLNlQ545FD26H4TYFqXoAUHqtA+IjSA+pEgCGwJPi6
Q0w0sI/gsOYOukl5Cn7KkbFxHe2iADFjLvHejeouPbQi+Z6JPekiIDRbxoEIMW2aQyaLkTgnOcMP
6xHpZLhtE5mPvCtci82qYFO4t2fqLJW30Kym6xyR75K2oUwgnzw+cDsviZEugFvtOo7lKSqGkK7g
HHMZHuhjZwBKsjrkGGJB0KWXPLgjB7MPu9AXaLBhfV35Lqg9jxWE9azwtzn+PTIqw+46Is+4dJS2
HbLvgqFa0sDr4vvqeZrgMtBhORQMSrBOggqmLMTa7SnI1FTk6BqtGoaYNOgQJOLDLJqVwXadAGIu
gUThQVTsWCRR0pbXjezmTK66zP/KqvnEsLycRnx6qgyZIGwX6qG41sHUFJ1edMhM9glouuAdqMxE
pS7wEb2ULpAFmBMQW5YEPGLB9DKk+EoJGDnFeToIfKyY8HwZP8zGspyczT9wSjNgCdm2i5xgfs6n
sh5OJBed0taEedHGXnucWtRyl9nFYq9MWH4kBiYqMlxbwlLl94lMTzORUKMmR1ksHJfUBgORCeMk
sB0sY0hgUQPLPIWVmSi3YC7NKcnoqrSUWAEp60R4T0lhgTBenhMBi6xH/Bb7kUiGeZnoB/LZjq9R
61Nyckh2Pn84OXxB8C2qS6AB2l+BuU9S8fw9KAbmLykkL506AgRNiHkTLmz82Mfn16clfpnbKJAf
+GBYLOJOE6IPTHK5G+a8xWV1RLoQpYjjeXxYuOd76/Z14buKIlKIU8C6MZqXdhP4Fx+2K9MAnkJK
SkFvmPwCRBQ7gZ8Q3hfUBqt6DsVUMoxXZVaOLk36AW6L2+U9MWRWW8Cy8KVWSOa8xCH0HVYRiFdM
Bm8rlbvIZKnFgZWcC1sn+7RFnz2SQJC08gMcRthxaaPkKOiIaLSoEoUIuwVNf7hbttIqZrdWpcQs
74dxgUvYEw5HrmgUpZxjdLBoong9AvQQf3MPCZ3fc3+pdOaMR0zkvzYTyGzm4QLkVU3u4palwnMd
58VOzfMK9nGgin0wRIQ2SU3EBzNhNAZO7TYqe7eTSVPABPpRrjsgtuyMfytq+nwxY3WgXfAviWSK
TvIqNx+IV3fVtXnIB+O7ZRm3QChPluJME/EVQSK5I7KaUnpw3kdjHfC1iUmekQXkYVktnrpiU0mo
c1NE0jZdUZ8namAnIYsRc5PESRGUyigv0JXxNtIi9rk95BF+O5FWDJ0JGibwdjJ25tVaUaPak14c
S2o8bxRg4QTlfOHJ1qrY4dZyQ31v40nLBqhabjo4WUK46cXKjMAqa4s9hKrlMsaZ4aR08O0NHT/m
FIMlW4eY92T4vFMGHGY16ZjMyfukvs9Z4FaMLhYpZNCiWiZLa6KCgB9Rvmzyx+mDFXx+eI4fEW1L
my9cHxqFKyaCawpL54qPmHHCawY4rKPUs8HTVpIXqikm54ZQYULFfalM4OTxQ5jcVakxIofHqugg
7I5QT5TS1S7hn3raJfgqdO6f8yoMA9PrsRRC7TZaoAj9n7hbuivhLKhWCpNbVIp/LSDkBFfOrVhp
LCRCPvPifjnGjZkWvKpTnfthbaulA0ak2B5XAppmnFk0mDggr/HJTmU9t1MPIO+oI5TSvNvFS7Mt
ZlesCqV0InEA+lzKsyySLCWQWwzMcmTgLC0G1pwhN3F55Oh7FSJIP4ARscGAFqisHAgbB/ikiSw9
Gw18msm0BCJJGiZBeYUxD9Ao52qvnDRxD/QWS1h75BcerID/3OU1rV8RqXjvW+Um1Y0PzgYGjvjZ
K1E1KPefeDngNo/FHTr30BkPkHm2iS9bAlqlu1XJF+NyGsRPgjtW6BWE96pH3CNvTvfne+Y/xrvD
6bWx27/u75r/MP7hYkDE1/kOviHVQeP6ctITplhcDYYvRJQn9hjUZF2scPQtIGNZS+OhBy+Gwaw5
ayK+r1ykpVEuM5S02p3gFgfwgKty+O5PVgqsXe5sgC6IcPbZG25q+FC8vYak4JGCgHxRIG0eWypB
X8y/1U7YNRi+TCZ3ziV/bo0nMiAR24fAfC2CON4O+QVSIPUQbkSsGcElxw/BSFrZ6tZui13nLMp8
+SpO/nEp5dO/tiO/4FpBcFcJPxusweLwixvnYAw1KO5EaoAiDdRrNBHqtecH/I3GNWQRah8iXuJj
Vsq1D6tspQLw88L86IR4MVFoiy0ytUkmv3qswhJH5/o982RxQevJzX6mgyBACVXIxexUvQzX2e8B
/3qy/EWG+HiaiXsLpI2fYh72Br0x/Hx+Akti7Djw73TERuOhN3LHJhs6Xs8zR2NvMGHGaOyY1LbN
PnkOuPP4kkUQHmgSW1O+w1q+I+crPnuKR0mG/CVzX8WXa6vWcHkd6nMSIztmr9c3DBNPAs4OzzVR
ufEXzkoTCCBfn04wF1GWaQ0vfDQIn880GTUogEtMs3W2AHiF3z/VgMo3ivFEooGf2QaCl7py1t76
Cw/G1O8/o4j8hfgutDyfgWLiKA35pCc3aK5dfoMY9ThdJ3nMAeJAy8K9Mee+piZcNn0VBDlewc33
ohDKWJLzL4zZzme8PFR3+PPP/wWioc5U
===END CRASH DUMP===
