PocketMine-MP Crash Dump Wed Jun 2 01:18:29 +07 2021

Error: Undefined index: NuTaVN
File: plugins/SETVIP_v2.3.phar/src/MCPEVN/SetVip
Line: 191
Type: ErrorException

THIS CRASH WAS CAUSED BY A PLUGIN
BAD PLUGIN: SETVIP v2.3

Code:
[182] 				  
[183] 				  unset($all[$name]);
[184] 				  $this->time->setAll($all);
[185] 			  }
[186] 			  
[187] 			  if(!isset($all[$name])) {
[188] 				  unset($all[$name]);
[189] 			  }
[190] 			  
[191] 			  $st = $all[$name]["current-vip"];
[192] 			  
[193] 			  $i = explode(",", $st);
[194] 			  
[195] 			  $date1 = strtotime($i[0]);
[196] 	    $date2 = strtotime(date("y-m-d"));
[197] 	    $date3 = abs($date2 - $date1);
[198] 		$help = $date3/86400;
[199] 		$date4 = intval($help);
[200] 	    
[201] 		if($date4 >= 1) {

Backtrace:
#0 plugins/SETVIP_v2.3.phar/src/MCPEVN/SetVip(191): pocketmine\utils\Utils::errorExceptionHandler(integer 8, string[23] Undefined index: NuTaVN, string[89] phar://C:/Users/Administrator/Desktop/MSAI/plugins/SETVIP_v2.3.phar/src/MCPEVN/S, integer 191, array[3])
#1 plugins/SETVIP_v2.3.phar/src/MCPEVN/SetVip(26): MCPEVN\SetVip->tick()
#2 pmsrc/src/pocketmine/scheduler/TaskHandler(137): MCPEVN\TickTask->onRun(integer 1)
#3 pmsrc/src/pocketmine/scheduler/TaskScheduler(179): pocketmine\scheduler\TaskHandler->run(integer 1)
#4 pmsrc/src/pocketmine/plugin/PluginManager(654): pocketmine\scheduler\TaskScheduler->mainThreadHeartbeat(integer 1)
#5 pmsrc/src/pocketmine/Server(2389): pocketmine\plugin\PluginManager->tickSchedulers(integer 1)
#6 pmsrc/src/pocketmine/Server(2152): pocketmine\Server->tick()
#7 pmsrc/src/pocketmine/Server(1992): pocketmine\Server->tickProcessor()
#8 pmsrc/src/pocketmine/Server(1586): pocketmine\Server->start()
#9 pmsrc/src/pocketmine/PocketMine(291): pocketmine\Server->__construct(object BaseClassLoader, object pocketmine\utils\MainLogger, string[36] C:\Users\Administrator\Desktop\MSAI\, string[44] C:\Users\Administrator\Desktop\MSAI\plugins\)
#10 pmsrc/src/pocketmine/PocketMine(321): pocketmine\server()
#11 pmsrc(11): require(string[91] phar://C:/Users/Administrator/Desktop/MSAI/PocketMine-MP.phar/src/pocketmine/Poc)

PocketMine-MP version: 3.19.1 [Protocol 431]
Git commit: a7cd0810020af15fb3d79127c77cf576085cd4cc
uname -a: Windows NT DESKTOP-KF1VXGB 6.3 build 9600 (Windows Server 2012 R2 Standard Edition) AMD64
PHP Version: 7.3.21
Zend version: 3.3.21
OS : WINNT, win
Composer libraries: 
- adhocore/json-comment 1.1.2@fc2f76979f0a44a5f5bc2a2b600d0762fe0e78e7
- daverandom/callback-validator unknown@unknown
- pocketmine/binaryutils 0.1.13@0abee38d4e2861621f262c79a2a3d699d8a697f4
- pocketmine/callback-validator 1.0.3@64787469766bcaa7e5885242e85c23c25e8c55a2
- pocketmine/classloader 0.1.2@9757928424652393b178a3760073113aa7c9911b
- pocketmine/log 0.2.1@830b44a2cf96ef703c550abe64302f230231ca49
- pocketmine/log-pthreads 0.1.3@e477ecf6ec214fdd4415ea1da3fdd9d73bf699ea
- pocketmine/math 0.2.6@43057cb8c179a9859677b496a788db922fd5cfc3
- pocketmine/nbt 0.2.18@9f82ca4d7f97fcd9a566e44b63c4f18a7657ae82
- pocketmine/pocketmine-mp 3.19.1@a7cd0810020af15fb3d79127c77cf576085cd4cc
- pocketmine/raklib 0.12.11@9cce458b8bfde3e4dfdbf70c659fc7b7fe26b5c4
- pocketmine/snooze 0.1.5@70b5e7937a06878dd321a3182ceb76d56298f2cd
- pocketmine/spl 0.4.2@6b08b7cf8c4afa17139c9a1b3bf1b408531de161

Loaded plugins:
NoDrop 1.0.0 by Inaayat for API(s) 3.0.0
PointAPI 1.0.3 by onebone | Fixed and Update by LamPocketVN for API(s) 3.9.0
BlazinFly 1.8.7 by iiFlamiinBlaze for API(s) 3.0.0
AutoXP 1.1.0 by JackMD for API(s) 3.0.0
WorldProtect 2.3.8 by aliuly for API(s) 3.0.0
PurePerms 1.4.2-c2a by 64FF00 & ProjectInfinity for API(s) 3.0.0
MultiWorld 1.5.2 by CzechPMDevs, VixikCZ, fuyutsuki, kaliiks for API(s) 3.0.0
VanillaEnchantments 4.0.0 by TheAz928 for API(s) 3.0.0, 3.1.0
KeepInventory 1.0 by KhoaGamingPro for API(s) 3.0.0
Slapper 1.6.1 by jojoe77777 for API(s) 3.13.0
PiggyCustomEnchants 2.4.0 by DaPigGuy for API(s) 3.19.0
TPAll 1.2 by matymare for API(s) 3.0.0
SocialSpy 2.1.0 by Crafter20162017 for API(s) 3.0.0, 4.0.0
OffHand 2.0.3 by alvin0319 for API(s) 3.0.0
DevTools 1.14.1 by PocketMine Team for API(s) 3.13.0
Trident 1.0.0 by brokiem for API(s) 3.15.0
Farms 1.0-non-alpha by Dấu Tên for API(s) 3.0.0, 4.0.0
Sponges 1.0.0 by  for API(s) 3.0.0
ec 1 by McLebt for API(s) 3.8.1
BuilderTools 1.2.0-beta2 by CzechPMDevs, VixikCZ for API(s) 3.0.0
KygekRanksUI 1.3.0 by Kygekraqmak for API(s) 3.0.0
Worlds 3.0.7 by survanetwork for API(s) 3.0.0
FormAPI 1.3.0 by jojoe77777 for API(s) 3.2.0
CustomAlerts 2.1 by EvolSoft for API(s) 3.0.0
EconomyAPI 5.7.2 by onebone for API(s) 3.0.0
Broadcaster 1.5 by EvolSoft for API(s) 3.0.0
MaxEnchants 1.2.1 by Xenophilicy for API(s) 3.0.0
OnlineTime 1.3 by Zedstar16 for API(s) 3.0.0
InvSee 1.0.0 by BlockHorizons for API(s) 3.0.0
AutoInv 0.0.10 by JackNoordhuis for API(s) 3.0.0
PiggyShopUI 2.1.1 by DaPigGuy for API(s) 3.2.0
HideCommands 1.0.7 by Himbeer for API(s) 3.6.0
Netherite 1.2.1 by Wertzui123 for API(s) 3.0.0
reyyogaWtrhit 1.1.6 by reyyogaMnelux for API(s) 3.0.0, 4.0.0
NoTP 1.0.7 by awzaw for API(s) 3.0.0
FactionsPro 1.3.20 by Tethered_ for API(s) 3.0.0
InvCrashFix 0.0.1 by  for API(s) 3.14.0
MSpawns 2.2 by EvolSoft for API(s) 3.0.0
BlocksConverter 2.1.1 by matcracker for API(s) 3.0.0
TimeCommander 1.0.2 by TheDeibo for API(s) 3.0.2
SETVIP 2.3 by MCPEVN TEAM for API(s) 3.0.0
BlockSniper 3.2.3 by BlockHorizons, Sandertv (@Sandertv), Chris-Prime (@PrimusLV) for API(s) 3.2.0
PM-Beacons 2.0.0 by jasonwynn10 for API(s) 3.0.0
BangHoiUI 1 by JVN | JackVnKiller for API(s) 3.0.0
AuctionHouse 1.2.4 by Shock95x for API(s) 3.0.0
PureChat 1.4.11 by 64FF00 for API(s) 3.0.0
Shield 1.0.0 by JavierLeon9966 for API(s) 3.7.0
EconomyLand 2.1.2 by onebone for API(s) 3.0.0
SellExp 3.0.0 by EzMinh, LetTIHL for API(s) 3.0.0
RPG 1.0.0 by LetTIHL for API(s) 3.0.0
NapThe 1 by phuongaz for API(s) 3.0.0
luckyblock 1.0.0 by LetTIHL for API(s) 3.0.0
MuteTime 1.0.0 by LetTIHL for API(s) 3.0.0
cayphattai 2.0.0 by Lettihl for API(s) 3.0.0
PHP-Sell 1.2.7 by Muqsit for API(s) 3.0.0-ALPHA9, 3.0.0-ALPHA10, 3.0.0-ALPHA11, 3.0.0-ALPHA12, 3.0.0
Kho 6 by ItzFabb for API(s) 3.0.0
luyendan 1.0.0 by LetTIHL for API(s) 3.0.0
UpGrade 1.0.0 by LetTIHL for API(s) 3.0.0
giftcode 1.0.0 by LetTIHL for API(s) 3.0.0
KitUI 1.3.6 by Infernus101 for API(s) 3.4.0
detu 4.0.0 by CLADevs || GreenJajot for API(s) 3.0.0
PiggyCrates 2.0.9 by DaPigGuy for API(s) 3.2.0
NganHang 1 by GreenJajot for API(s) 3.0.0
thoikhong 1.0.0 by  for API(s) 3.0.0
Item 1.0.0 by LetTIHL for API(s) 3.0.0
PickaxeFunction 1.0.0 by LetTIHL for API(s) 3.0.0
PureEntitiesX 0.7.0 by milk0417, RevivalPMMP for API(s) 3.19.0
QuestPlugin 3.1 by HmmHmmmmm for API(s) 3.11.0
help 1.0.0 by LetTIHL for API(s) 3.0.0
BetterVoting 1.6 by Twisted for API(s) 3.0.0
AntiToolBox 0.1 by NgLamVN for API(s) 3.19.0
TrashGUI 0.0.1 by Phuongaz for API(s) 3.0.0
CmdSnooper 1.0.0 by HotshotHD for API(s) 3.0.0
TempBanUI 2.3 by SonsaYT for API(s) 3.0.0, 4.0.0
gem 1.0.0 by LetTIHL for API(s) 3.0.0
level 2.0.0 by LetTIHL for API(s) 3.0.0
MenuUI 1.0.0 by LetTIHL for API(s) 3.0.0
AcidIsland 3.2.9 by GODSMineVn for API(s) 3.0.0
CustomItem 1.0.0 by Phuongaz for API(s) 3.0.0
essentialsTP 1.2.2 by  for API(s) 3.0.0
HealFeed 2 by JackPlugin for API(s) 3.0.0, 3.1.0, 3.0.7, 4.0.0
WarpGUI 1.0.0 by RockPanther for API(s) 3.0.0
MuaPoint 0.1.lpk by LamPocketVN for API(s) 3.9.0
LoadWorlds 1.1 by shin for API(s) 3.0.0
capdao 1.0.0 by Nguyễn Công Danh (NCD) for API(s) 3.0.0
PrisonMine 1.0.0 by LetTIHL for API(s) 3.0.0
ScoreHud 3.0.0 by JackMD for API(s) 3.0.0
OreGenerator 2.0.0 by vividmemory, LetTIHL for API(s) 3.0.0
freeze 2.1.0 by Bavfalcon9 for API(s) 3.0.0
Rewards 3.0 by Wertzui123 for API(s) 3.0.0
ShopMob 1.0.0 by LetTIHL for API(s) 3.0.0
SlapperRotation 1.2.1 by jojoe77777 for API(s) 3.0.0
VanishV2 1.16 by superbobby for API(s) 3.0.0
BuyFix 1 by FPVGAMER for API(s) 3.0.0, 3.7.1, 3.8.1, 3.9.3, 4.0.0
AutoClearLagg 3.1.0 by Twisted for API(s) 3.0.0
shopvip 1.0.0 by LetTIHL for API(s) 3.0.0
BuydetuUI 1 by FurryJaki1992 for API(s) 3.0.0
AutoSellUI 3.0.0 by LetTIHL for API(s) 3.8.2
restart_in 1.0.0 by LetTIHL for API(s) 3.0.0
SizePlayer 1.0.3 by  for API(s) 3.0.0
CustomTags 0.0.1 by DaRealAqua for API(s) 3.0.0
Joinkit 1.0.0 by LetTIHL for API(s) 3.0.0
Buyrank 1.0.0 by LetTIHL for API(s) 3.0.0

----------------------REPORT THE DATA BELOW THIS LINE-----------------------

===BEGIN CRASH DUMP===
eNrtfWt327ay6F/BdbpOnXstWaTe3itdcWwndms52rHyOLvsygJJUGLNV/mQrezd/35nAJAEaMeW
bNXnfGh3uy0OgcHMYDAvgOS/d7w4DWn+dcnSzI+jnYPe3k7uh2znwBiYZn9o9Dvj9qjbH3e7eztF
Im712/3+qDsejQdmx+yMhtAnoFl+kqZxunPw7518lUCrHX59cuMw6Aao93ZClmV0jrc+Ri7z/Ii5
xIdfNwfkopjRTxfQxiuC4K0fYKNkQdOD/f2jg/2PGZC3f+iGfuRneUrzON0/ZtlVHif7k8vDs/0k
KOZ+lO1fnsw+nU2/Ls12t43d97PU2Z8cTU8+XexfsvyTnwA4wWHkEGv3gz4BEAxyGRsgopQ68PvX
nRcdsj6OXej78oAksXPFcuCFWVaR+0FmWR/xz8EB0yR2SiM3YOmuH+VszlIy2iPAvB/NfzW7v5Hv
iLBqMxr/RrYtwT1S0oJSIDRN6erX7m8vQTgvjE0EYQ5ADgJkWQLW+in3natdjsskSYid8L9aWvuZ
s2BuASLZn9HsqhSP0R0qyGaABO+2foqjD0VUCc/giLvrIL4sr3aN4bgxX1VLGKmmofVTemuo3t1D
CSHtT/mfCY1gPaS7g37v/nEqklo/hdSPZouUUfeU0TS3Gc0bI/fvHvmSpbDKd83uqMmUoMmyNKLE
fFQDZ41BBvcPYvTNxiDijjrLw3tRGOPxfSimaeyAOYlTgWt0P67+aPAdXFkOQhQ4xnfjmPKfE/i5
a95avyWar1+dOIKFVTj5bmz/zpycvKEZOwK7mJ3H1GXpHpHwO5b/BOb0PJ7PsZVcvt3Bb+ToACwD
LlzL0lauZcmlCz1h7VpW1avX26CXXK+WJdZv50H2u2aT/UzIVyAwBIJdA1ul7I/CT9muJGxsbGSN
6kFbk2ltRHSyXu789ufeDtuK13mKOwAiRMevfrSMgyULWZQDNhf4d/Kd8i5ABF6AOLHLkGZjZALY
ysX/CIFbxqirgYooY/nuDzQIfv0hoiH77eU/eKue1uqHfOFnuDJCBjrN8sMg4H1k437VmJA/OWSg
QDhgqAB8b/f/+Flz3Jfk37zlaC36xs0hx53GkGNDAfyQ5eQVUdD8au04RZqCKFtLP7F2fuNox2YT
SVdF4gMOdpMEIN5da2cP/kXEgqJxr9lVlcoPLs2ZAd1BH/MY5bj7g/9rR3IzFuIiRDY0tYYIgeFW
rbDlWjsvZZeh3qULXaid7cr+LTmibFzK9IcFCxIUBO+yPxr0Oh3RopQnv9ODJmCPlxRmGXtwLGan
Uw3JL0v5wnTKXj+9AvMN0/jn3yHM3yHM3yHM3yHM3yHM/3QIs7czZxFLaYDxAHo+MNpaXyDMhnmo
U/SdbtsYtw2EF37gQgwCCfrejp99ddly58CjQcYg6EjjPHZiQNvrQsY69zEkoUPH7YyMDqTt1DP6
nt11h2PDHDrDoeP1h4POqO+4PccB3IWk5TPY5vg6Ixczcnxy+cvs/bT1y1vj05d3b8ig3SWcBDIe
dDpkt2wqNIqAAzLJB5Nc5mBiaOqSE9dHp/CSHE6OBz0MjCAXP9gZgpE1kZ1vLHI5e/Iabn+NM6Th
7OJiBgB+ce1HPIIKkxjm4Gvg2ylNfZah/Ki7AJ5Ttv97FkctaCNDMaNttM3XnmN6w8F4OPY6tNej
fa9vOyY1bSDe7QwHpsc6bDhiQ0DvUuAAyI7DfQdiEps6Vy3wtr6LEw0Ii+gqiq+j1/IvEltPrO1H
NF3xhQFNOzC20X3doTZj3ZHbY+ZoYAxMwzMHpjMcU5N23cF47I4okOb1dFR3Dm60O+3u60FvOBr2
oM9gYDuUDll/NOqbPZPBHJpdx+yzkdPvU7OBEJdzwJezpM18PR72h2Nz1DN7g77ZHXdtYziiXdCG
zrBrGF3A7YzHhmHrmIJ4zjGYbeP1qNuxQaKm440HzBt2ujAyMjzodTumZ8L/dQ2H9sa3MLSSnDuC
UlDd16w3HDLHGzDHNHqe6/Z6Rp9Rw6VduBi7w67tgbQY1VGFNF9IagavYdD+0LFHDjg/Oh71x4Ph
0O6NB3Q4Grn22DQ9t+94TldHEdl5yc/o9dgbmUCwO/RgThx3TPuDAev17EHX6XnGiA4H/SFlo4Zw
65+tMKkW6usNVp2CLKVXoNtCLkCT8XrsOKzXH9kj23NZl/Vcz7VB1s6gP/acoT30mDmw+05Dg7Io
jr8xKd7+62HH7rPhuDukncFoOHJdsIi0C3mIw+zhwO0PzPHIMx23gSQJOIYeaMvA7oxsIHzk9KhH
jaHRHTtjatgwMYbdA166hsuMgbHzZ5UY8bV5ER+ncaJYOQnY26ktG2p2ByC0yBdxmmF4ehZRuqI5
Gkqa+Ajp8kZwzSJqBwxMBjgtsHguS8CAYCe4l8VefqwCMOiAESQ6yxKjC8eF2RwsCbS87y9nn99/
OD8G0DWzMz9HSjFensYQPRxOzzQzLUFNFro6C3HEbPiP/Ie89W8g2gW7Qj4mGJETe0XOaSjsPWSi
KpPjxzMpBwT/iBQCRgiMalolq5ezww+zj9NbjL4J6Dc/ehusFE5rmM7qqD3UWfX9twENfT/CHmxb
k6ZjtayKHOXnOnN4WOTxl6nClwToTBlNFfwZDPDkeFvMCGwQ2fCx11PARZ4nGQQe4MUXhd0Gx7Yv
0OxLDoC5z3EauBBT5lh0qFnUwCqjmNuMdEbBxxQgyS0xKrBZ1jVSkAgKmuzepYR3MDuBQMzzWeCq
JrZM1vKUoQPIckh+NG5x1RYpm7I0zNRlW8H0eQfj1oJ4QBfJoPf2LcQ2/0UAKca+ZxFkrH6+NSF9
FQPAAi2pUn4+Qi14XymYGg9IYlIEuc/Fo4hCAeqy6LdNXQ5H35izmE6O2RKp+uTf+FdH/+L7NRDo
ZMWVD7+vYMb9q2xbonFwyCSEoBZkEiKlXJNAhVSqNxWQwsi+gggk9IlGfhDQk8hZ0CjHyFHVmrvu
qjLr3XZdswU7/AaB1S2B7GFk8HjBLAUplnUEoe4jRFDStX8XTyCIXxhLzqIlXMap6gV0eMPp6az/
sojpOzDZ0RzWzbYUQkNqWRo56zvyy4AmCUsVvkqIztGAp1gKT7/Hv8dsiP9oDBndx3OUiZEf7QRq
kvZLJtDo+fP56qjI8jiUU6uZvzvu6n6h15zNYwqd3hW60TOeEKCUCMHW3abmTuAjhFMOsn8Hun2U
02x6GKhpt7jWtaBhBiHPWIU03VpkU+KzrDyBVG8DLY4dnwaXibo+a5g+n7dW51FKPfCWkKAP4L/h
Hfap9yTDHbqYdXDFPgrdS/F7Ha7eex7WIxWeSojO0a0QmwZLP+p0jfH2gheJ0LKABNAZt/qxDiPg
XmZxHKjrrgI1os1e087U1R8yYzTcmrEpCcAqWkXKZnFYTdp+hQMXUuq7vNBSLyUJeSC5s9P4ymcN
FvuPZ1Hisyw5PpiSSU3Kg7P2luqRorhu8NCK4qhFg2TRiBSPrcJgtF+QmVV0OoxG215WC+CLUyT/
rGUmkjiaM5WnEnL/zGwt216u+n3LkoOub96Yo5DMHJ1aXe4T55zZen1gBEvqkRQLbJYFN1jqLFiW
r0/0G6yFsrS58DVww7uAOtksp2sF239FWG0L2nJhFxqUPiW01lBhTLmas6sPNLrKPqolFA2sy6Z7
K6bEtin9I6RXW4soa5QQTyq0rD/pPH3Imgm3PtFIY6NQkhUphPEsh5Rma9xwnDLfhtmsCFlrHmU2
3eZI2kDZ/guBiBvGOA312lcJeWDOvhMzm49nssYIZlAQUf1YZ75EHHgYgNKrs6aBG+GTztLJMg4u
gbhtzZo6MsRLOh1ruOfr6+s2A5oQfzu/Qh5PnDiKw5U+YwpQ5a/fHjaDXFk+3BaDVTWSCQp4PVKj
5mHLmkILh5d4VMOqQBvli792ypSBwWhqVDxuwib05o5MTYU2/UZDKb+wKE4WfuA7W6tMKSjRGt7U
6ZlO18NBfYRHpWb86HAd19fAhgnRGfsXc3F/2xhsi60KIcTzFQ2PTsArbPsKQ8AzBD6XTOVXAh6I
h98EEGCfxqn/LY62VkfTkFqWoMSyxJ7+umVz6NWomyNEZQcobBt3VM4v4jh1F4W/NX5+B6RRidSy
YLjYj5aioC6IengzBysCl4s40YIRFdrMoI01KiIbezXdJvNqpITsfLdWIujTLp5cGxFoeE3kFJKl
ozgMaaQFNRq4qcSN0ObUD20GmqWKZvD46ZboLEulYc0FK7q2xZq8YPmCpfxOvQdZwR4wsJ/BIX8r
fMPsbkuNa4yWVZHxaENUY9uveQKmU7ZaxXP6OU8Xvpqg6/DmBthAZ142nkQsKG62ndZK5ECGsX7U
fRHPptpW8mz6kFrS62/0emvlIURmWVGcJ4+eMkEQLzs4eC4mw1K5Wnyooc0o22zuNPApZ+7Xp/G3
cxjl/mVCQ1m0l8wqlGDpgV+sO1FgkI9Smi3e+je6N6ygt3zIdwsRRu8JhdbiD6DKssBTODiy599s
4gInIJXrSAvOJER3FOZfG3jKQfH4Wzn64wJOHhNkR3EExDeC6sadBxxhSHOQp3PVsPdPK4lLjLi7
rxGzyYxhJCa9hcafDm/aDPPWDt4x8+3mDpb5WN60wdfZC+c1PPHUgFLCKx8j0DbzG1UxfpiYzE4O
J1tTPu2w81ppG07fZeQntzVMQvUqyS0u9HgYRMEFly/J7uvyJx7cPFqkftaapiBduIN/i+z808sn
BmeT1TSI853vBtIKH5so5nTSesMonrVVQ88a2NzpaFZUaBZH16soMjrbC6grlJZlczKAu4qch6eZ
RvPT2Ndi6Rp2T+n2Z9DQ/xBMEj5Fv/hB8FQjolSllMhaOXqD6ruu5zosuKM7jYuMaamPAm4GjT2d
P4irnatx/+aJXGlZguo6ldKfHAnTIU7fAunDnEij9mHlLFJ2tKB547gMBzVPyxjGXUdlNuJVOYtz
m22empSxx85eIyD6wpY+cDU9aVVNvnOqBomvf23hTA1Hg4Z5gUeSVMMsAA8k+T/Tpc/ScxZH4/FA
r2sMH5JXuR167/kyFT2Ya05U+XcdJZD6dq7vxKrQZlCwhQJiY8WuW0wM+M6sTtvDu2IsCE5u1LOo
JaRZtW9M3cm3iR8t9sg5y2dnp+fbMsACLbDxZYqp+Po26sP0ncIEXj2ge1smPFluQOwFTSCeUrM2
AbjHQSSLIo7m9NvW6JX4IOPmY5d/1yE/KJyrlY0+X2FBAT6v5OuB15+ASZE3y7AV6HmpD4t1Sx1I
t0NXCZjcnPoK5QrwgYgJaM/9RbC1/dNkgy3h6em0hbZF9aclqBk8NOoVE56xNqluHZ5PTw/H/Ahh
dWl0GtdG49osrx/LNBJ8yk3tupz/slCLGXil8tsoMJ3l395S2360w7gVFn33QIIYCL3hJnY2KFaA
ikbaypeg5173Ytj1af+YvEupqy76EvK8lBcbyHvue3n5jLwkugI9L9XlsBsovp/rRxz4dbOC11wA
kcfSqMiMjqFR3nvK2ZsKpWVxItbnwWV5obDALx847Hx0fogHP8h//kPepYxFP9Pf4+3tkQvkwIAf
+fEGyi+OfqY0Z7ePwApo03mM/5KNnrtOtH7/OCynTLt4+vFXjoZv8VzMKT6YP1cjsRJ0Tyy2/Vmt
Ma4/oUCOf7WINepr2LMcaquGW5/qs5yFavkbL5/XjgEt4SbLxrmiN+xtEfHUWls6+p1nzjfE6Bsw
Aun6SZT7uc+yL42iRg3XtyCGTSZCP7jq9AyMzz6wpb+kwXQymW7tMHwqcCZhCB4yKXBRCMJE0aIk
c+PDugqt+zq/IJh/FizLp/LFNJVYVKieCjeMwWkYwr/wjy6Fhx5qqR61uPeYa7hAzJb1R8GPX3Ki
HmEASxr3Va6AdXxhisIzv3xeNcYhNzhWCvkLSz/Fua9ZPQ3ceHSlsYtx7Wc5c7dFvUSHJeKaAv1q
rfoqqCMeD30TqzuDKlRflg0NvJif07DxyOxTVqHEZ1kKBeuW9RWlK8nip+IhH3mnxYIV6P5Nz53p
lusen4EfPBQvRpe/1jotWT++oZyVVJ/puHfdnMZ5tojz0609PPv4R0tmLEze0Eifjgp2717aZRxl
9L9n2z74INHCbJRkbJAgafHE/NnDifkm0UTAlkytgIjrh6s2W40cUvAB/nyD0GHCokLTFgl45koZ
DLrBnpXju2dZoBfuFWBzu7WR7Lx7f3yJD/d8ira5YyUfGoojph5rE7urwJrYZV375HYjlFaAD0zM
tm1qPfIGj7VkGQZ3NMi040sauFkWNP+KHEYd0bIa4z/IximjwVvGVCWrQNqyvn0aVIZh33sieq96
VqL31HcsTOUrwdZ+kIOmie6tS8gDivUB9HsKGf1ie2dgPvC6Po6/SXWf8pd8aNV9CWpEUu0guWpY
rUe+hKS50uVLRu5hTRkJn+QXBNa/1uEUg7Jbj90owMZpxsaDNws/2tY01WOufwgQcxQnWUbtPE7E
5kbi0ljb2OCAB5TuYl6s8IFDpx+RI3zg0OtFc3JMowXZvTg6frktFnEcFh2B5UTcEBCj7668ycP5
d+pncTThr0qtk+8a+MzlAz6weO/b2g9a4/vETgttm78EPbBb/Ne8N6YcfX0W3qfsHX/HXB6rYbwG
fiAaW/pL3w1ZGKerre9+q3RYlvy51paslzL2TdUsCXjg8fc3dOnRAAzX1p4WrzFalqBhgz18dk1T
zZSVkIZ6PeeBdEnCNo6jS1T74sRMnExiWzsyIyDPawiyjXb/ZNHqQ5zTRjW0eeeBhwi+8zTkU3JI
nYD1ecJXv2SLT2bjDTcc1PCfg+aTqzCgHdv2anvPrZYYLaskov613pPXK/2AuQTcs53xdvrp3eHk
5MOdoeiwLXbQR/LvmJcEnhSSCoo2OX6Yx0cBo+k5nc8bj17V8EaR9tYbiLZb+cvLyh8+c+UgEQEQ
IZ68Umna+IVEAu9htgqKcHK0r+MDYeB6Xfpq1baEPL/dwLeRb/BKgBVunupHYyvYfepZpOnqZ3rl
40uEt0W+hpTH3LPiYrFZ5QnnBk+DaCwpwAdiorsmZPT4A/US3frkYxmIpvlXbdtDAT6vPsmBN3BF
/jc2DehKf39VDbz/TZTbcjo43jmOB9Fo9Xv9Es6Mzm8/es+BD5TFj+kHRoPDPwq6rQlwaQoYKWBc
bw5cP4Pw220HDF/CRtusQLZ+hsz1Snu8roQ8rzpd+Ru9rWSV0uhKN0wc8sxrAIZcl2p8oyxNgdqc
Nd+VVL5lm9ce+Auo20mKmwN87/Rg58W0uiKQznr+nOBXP6zUil5c0pxM6IqYJjHMg+74oNsl/68z
JGbHNLBBGOfuq8n7c1KXUhEshmklcZq/MsZG10Tg9QKIbQXg0F518JpGUVxEDr6uEldJizoLn4lv
hGSvIGJDPPgsV0u+IRPELjqG9Eb2yV6ZfYTMKWZgLhP3vTgFrBUs9jyEggRcTBDL62SZyFFc3/N8
pwjy1StO6LzMuVoZHpCM5tkrBPPifAs14lXAQ7IKljHmKk3weyuvjk/eHn48nyFUzH3rj4KlKzmk
BKWQGJX04O92QrPsGpbRq//L/wEhgf9oZXTJZMelz65bsNZyCpJ7NULQjR3ftFALZROYhHlB5+wV
i+Z4rb2wuL0K8YXFLwiqFXH4dBcpD5H5rBMQHtF0B7SAzBYsY6SUBgHTQPIFI3EEKpMvQEccnMyc
2Iz4kRMULv9yBbmlbYjrMg6hp4cImjgz6rE9EmO9MEOUxAYbdEVWcZFKXMT3CEyq7/l8BJhP/JJM
sELEF+y6QrfvMo/CjGbkOo5+zAnmAjQlKM0QmMWXh6+QQvw4jOD7esEiUiTzlLqAoG1FqMUC2YEV
EfLi84I/SkryGEaJXAIo5Jv5QQawVEH5IVITtzmpQQzDAKvwi+VcXi5b+g4jC/5hCYSEiFmoazlr
B4S/ph5vZIsid2NYAPJDPQfE2pFvkHeCOINwc4dTdhgE8TXBhQXElF/qIEufkn+iymEbrnvle2EP
CBoh3vWE66Hsw1+/jEuEwIyBUBCbvSJSlNheqm11WyH2xWcfBBJHIFfqugT8txA/ihW/6UBCRrMi
5cubgNBthkSDcBi4mADFNveX0HZJg4KRXTkoGJqXiF2MCAuGoU1pgdjxgwoHcJuPfVGENkgFtAoi
5cjBr2oQfH8Q6FGbN/gI0uKqXXKKzRZpDBYIZg+aZ3uEv9SHyMUP62GP4Kv0gRE0+Fw2YHARFhYR
aBA2Ecgv+fQCT6BlaXzjg4YxEAOwxDU3qohD2UqCzjzUVWyDOrlH/PxHEF+e8m4QBOPHJFBlGp3J
LvBQwLoxuVg4Gy3J6QFH1dRVypUjLaIIp9NFAxUnfBL4G66yNjlmS/mbhP58AYsZ98D31MUnFQcl
kqZFkguoEBgKJgTaJF98cmFR8i8MuGJB0GXsu0D23RSgjqDOxSBo0K62omjQuCUaVZoG5p8X28Si
fAeWGLQHPSgRcFgHoZ/j2g7ZnNqrHCROLoWoO1y4foa4efcZztq1zyXPNQoW7XVLICqVLOMcej6Q
CBaJ4VtVEQ0Ws8ohhZLDbBW4TMk8homKcZmiVuBAc05mi5N2QDrIBYzOTbB4y///eg4wJLmPfvSu
T6MfQt2EkyDNZ0WSRJcRMB/oH8HulQThqCVVRsfsScK4EfjMV4WkL/txCxTydcFJQotB5Ee4YKWz
G+YU3PjGgmSxItFZVa3ZjQNRQlZzJAzX+9nJAZmdnl2S87PJ2YwcTqfnZyeXZHrygUCc98vJhz0C
jcjsPbQ6IZ9P35+fkOmH90cnl5ftpgnQ5GH2B1IcU5b6MXfIaIgzZNBZMG6SuTQqY2uA7CEkcLlt
4U1aWHAWZpajgvgQ+AQDDdqE/H5P2YSSQcSHDjDCZnIwjlkgAdNbG3LhkfgY79GHoJ/nHdq3W6Mu
yHgapi1hDoYDQrJIrphX0bfiAdSLJVnNarcjec1e3k2S5LwrOZ/T1IaV0XLiIBCxKDdAd0uXLzUk
R/YishfY7pBGBQ8+VEogMCtAB1/ulT6hqYSlGgr36nmAS/Ab1kuwTd4Lmy8UHqKHuAjcihYfnMh1
RGr6M4E44eQDo4NOR/IKo73lxuKWk+SqIzBUvHlpHJbOVvSWLVqqaqozjNzImbylG+QOldK047IM
GHHKUhgJ1VAqsluEiYiuRAhH5I0W3ijn6xgbyQ6cdk5myQFcgZuHxU7vEDA4bXB8MMISlCzLCoaG
IV/ArM3LaBONFo5WU7VXTqSIEWRQ2RbUYNPvygnzHGdRRFdZSfsRTRDqh0UIPhYf8ydlLoATSURW
JKio5YrrRYqSr5jbOgbBdiIp4gO2MAouwOn2qhk7jsWtpk5jbIRWT+AXjcslJHDJhipnPHJoORRf
I1rNC5DCYxUIH1F6QJ0IMASWBF98gYkG9hEc1txBNylPwU85Mjauo10UINZOS7z3o7pPD61IvqDy
QLoICM0WcSBCTJvmkMliJM5JzvDDekQ6GW7bROYj7wrXYrMq2BTu7YU6S+UtNKvpKkfke6RlKBPI
J48P3MpLYqQL4Fa7jmN5ioohpCs4x1yGB/rYGYCSrDY5hVgQdOkVD+7I0fTjHvQFGmxYX9e+C2rP
YwVhPSv8LY7/gAzKsLuOyDMuHaVtmxy6YKgWNPD28SswPE1wGeiwHAoGJVj3QAVTFmLt9hRkaipy
coNWDUNMGrQJEvFxGk3LYLtOADGXQKJwGw47FkmUtOR1I7uZyFWX+d9YNZ8YlpfTiOeEypAJwnah
Hopr7Y1N0ellm0xln4Cmc96BykxU6gIf0UvpHFmAOQGxZUnAIxZML0OKL4SAkVOcp6PAx4oJz5fx
w2wsy8lk9pFTmgFLyLZd5ATzcz6V9XAiuWiXtibMixb2OuDUopa7zC7mB2XC8hMxMFGR4doCliq/
T2R6momEGjU5ymLhuKQ2GIhMGCeB7WgRQwKLGljmKazMRLkFc2lOSUaXpaXECkhZJ8J7SgoLhPGa
mghYZD3i99iPRDLMy0Q/ki92fINan5KzY7L75ePZ8UuC79NZAA3Q/hrMfZKKFyeAYmD+kkLy0q4j
QNCEmDfhwsY3XX95c17il7mNAvmRD4bFIu40IfrAJJe7Yc5bXFZHpAtRijiex4eFe763at0Uvqso
IoU4Bawbo3lpN4F/8WG7Mg3gKaSkFPSGye8qRbET+AnhfUFtsKrnUEwlw3hZZuXo0qQf4La4Vd4T
Q2a1BSwLX2qFZMZLHELfYRWBeMVk8LZSuYtMllocWMm5sHWyT0v0OSAJBElLP8BhhB2XNkqOgo6I
RvMqUYiwW9D0h3tlK61idmdVSszyYRgXuIQ94XDkikZRyjlGB4smitcjQA/xN/eQ0PkD95dKZ854
xET+azOBzGYeLkBe1eQublEqPNdxXuzUPK9gHweq2AdDRGiT1ER8MBNGY+DU7qKyczeZNAVMoB/l
ugNiy874t6KmyxczVgdaBf8+V6boJN/v5APx6q66No/5YPxp/IxbIJQnS3GmifiKIJHcEVlNKT04
76OxDvhaxCQvyBzysKwWT12xqSTUvi0iaZuuqc8TNbCTkMWIuUnipAhKZZQX6Mp4G2kRu9we8gi/
lUgrhs4EDRN4Oxk782qtqFEdSC+OJTWeNwqwcIJyvvDpkKrY4dZyQ31v4bO1DVC13HRwsoBw04uV
GYFV1hK7yVXLRYwzw0lp4wNVbT/mFIMlW4WY92R4UCIDDrOadEzm5H1S3+cscCtG5/MUMmhRLZOl
NVFBwI8oXzX54/TBCn5//B4/ItqSNl+4PjQK10wE1xSWzjUfMeOE1wxwWFupZ4OnrSQvVFNMzi2h
woSK+1KZwMnjhzC5q1JjRA6PVdFB2B2hniilqz3Cv3OwR/Ad9dw/51UYBqbXYymE2i20QBH6P3G3
dFfCWVCtFCb3lRT/WkDICa6cW7HSWEiEfObF/XKMWzMteFWnOvfD2lZLB4xIsT2uBDTNOLNoMHFA
XuOTncp6brseQN5RRyileb+Ll2ZbzK5YFUrpROIA9LmUZ1kkWUggtxiY5cjAWVoMrDlDbuLyyNH3
KkSQfgAjYoMBLVBZORA2DvBJE1l6Nhr4NJNpCUSSNEyC8gpjHqBRztVBOWniHugtlrAOyK88WAH/
ucdrWr8hUvHC+MpNqhsfnA0MHPFrHKJqUO4/8XLAXR6LO3TuoTMeIPNsE1+SC7RKd6uSL8blNIif
BHes0CsI71WPeEDenh/ODsx/DPf64xtjr3vT3TP/YfzDxYCIr/Nd/Kicg8b11agjTLG46vVfiihP
7DGoybpY4ehbQMaylsZDD14Mg1lzVkR8X7lIS6NcZihptTvBLQ7gAVfl8N2frBRYq9zZAF0Q4eyL
t9zU8KF4ew1JwSMFAfmqQFo8tlSCvph/q52wGzB8mUzunCt+ao8nMiAR24fAfCWCON4O+QVSIPUQ
bkSsGcElxw/BSFrZ6p29HXaTsyjz5Wvv+JfLlE//2o78gmsFwV0l/GywBovDr26cgzHUoLgTqQGK
NFCv0USo154f8Hde1pB5qH2IeIFPxynXPqyypQrAzwvzzXHxrHBoiy0ytUkmv3qswhJH5/oD82Rx
QevJzX6mgyBACVXI5fRcvQxX2R8B/3qy/EX6eHzCxL0F0sJPMfc7vc4Qfv5wBkti6Djw73jABsO+
N3CHJus7XsczB0OvN2LGYOiY1LbNLvkBcOfxFYsgPNAktqJ8h7U8XfsND2fhYcE+fwfeN/Hl2qo1
XN6E+pzEyI7Z6XQNw8THkKbH7zVRufFXzkoTCCBfn04wF1GWaQ0vfTQIXyaajBoUwCWm2TpbALzG
VydrQOUbxfjQlIGf2QaCF7py1t76Kw/G1O8/o4j8ufgutDyph2LiKA35HBY3aK5dfoMY9ThdJXnM
AeIB7Ll7a859TU24bLoqCHK8gpvveSGUsSTnXxizvZ/y8lDd4c8//z+INc6i
===END CRASH DUMP===
