PocketMine-MP Crash Dump Wed Jun 2 05:17:09 +07 2021

Error: Undefined index: NuTaVN
File: plugins/SETVIP_v2.3.phar/src/MCPEVN/SetVip
Line: 191
Type: ErrorException

THIS CRASH WAS CAUSED BY A PLUGIN
BAD PLUGIN: SETVIP v2.3

Code:
[182] 				  
[183] 				  unset($all[$name]);
[184] 				  $this->time->setAll($all);
[185] 			  }
[186] 			  
[187] 			  if(!isset($all[$name])) {
[188] 				  unset($all[$name]);
[189] 			  }
[190] 			  
[191] 			  $st = $all[$name]["current-vip"];
[192] 			  
[193] 			  $i = explode(",", $st);
[194] 			  
[195] 			  $date1 = strtotime($i[0]);
[196] 	    $date2 = strtotime(date("y-m-d"));
[197] 	    $date3 = abs($date2 - $date1);
[198] 		$help = $date3/86400;
[199] 		$date4 = intval($help);
[200] 	    
[201] 		if($date4 >= 1) {

Backtrace:
#0 plugins/SETVIP_v2.3.phar/src/MCPEVN/SetVip(191): pocketmine\utils\Utils::errorExceptionHandler(integer 8, string[23] Undefined index: NuTaVN, string[89] phar://C:/Users/Administrator/Desktop/MSAI/plugins/SETVIP_v2.3.phar/src/MCPEVN/S, integer 191, array[3])
#1 plugins/SETVIP_v2.3.phar/src/MCPEVN/SetVip(26): MCPEVN\SetVip->tick()
#2 pmsrc/src/pocketmine/scheduler/TaskHandler(137): MCPEVN\TickTask->onRun(integer 1)
#3 pmsrc/src/pocketmine/scheduler/TaskScheduler(179): pocketmine\scheduler\TaskHandler->run(integer 1)
#4 pmsrc/src/pocketmine/plugin/PluginManager(654): pocketmine\scheduler\TaskScheduler->mainThreadHeartbeat(integer 1)
#5 pmsrc/src/pocketmine/Server(2389): pocketmine\plugin\PluginManager->tickSchedulers(integer 1)
#6 pmsrc/src/pocketmine/Server(2152): pocketmine\Server->tick()
#7 pmsrc/src/pocketmine/Server(1992): pocketmine\Server->tickProcessor()
#8 pmsrc/src/pocketmine/Server(1586): pocketmine\Server->start()
#9 pmsrc/src/pocketmine/PocketMine(291): pocketmine\Server->__construct(object BaseClassLoader, object pocketmine\utils\MainLogger, string[36] C:\Users\Administrator\Desktop\MSAI\, string[44] C:\Users\Administrator\Desktop\MSAI\plugins\)
#10 pmsrc/src/pocketmine/PocketMine(321): pocketmine\server()
#11 pmsrc(11): require(string[91] phar://C:/Users/Administrator/Desktop/MSAI/PocketMine-MP.phar/src/pocketmine/Poc)

PocketMine-MP version: 3.19.1 [Protocol 431]
Git commit: a7cd0810020af15fb3d79127c77cf576085cd4cc
uname -a: Windows NT DESKTOP-KF1VXGB 6.3 build 9600 (Windows Server 2012 R2 Standard Edition) AMD64
PHP Version: 7.3.21
Zend version: 3.3.21
OS : WINNT, win
Composer libraries: 
- adhocore/json-comment 1.1.2@fc2f76979f0a44a5f5bc2a2b600d0762fe0e78e7
- daverandom/callback-validator unknown@unknown
- pocketmine/binaryutils 0.1.13@0abee38d4e2861621f262c79a2a3d699d8a697f4
- pocketmine/callback-validator 1.0.3@64787469766bcaa7e5885242e85c23c25e8c55a2
- pocketmine/classloader 0.1.2@9757928424652393b178a3760073113aa7c9911b
- pocketmine/log 0.2.1@830b44a2cf96ef703c550abe64302f230231ca49
- pocketmine/log-pthreads 0.1.3@e477ecf6ec214fdd4415ea1da3fdd9d73bf699ea
- pocketmine/math 0.2.6@43057cb8c179a9859677b496a788db922fd5cfc3
- pocketmine/nbt 0.2.18@9f82ca4d7f97fcd9a566e44b63c4f18a7657ae82
- pocketmine/pocketmine-mp 3.19.1@a7cd0810020af15fb3d79127c77cf576085cd4cc
- pocketmine/raklib 0.12.11@9cce458b8bfde3e4dfdbf70c659fc7b7fe26b5c4
- pocketmine/snooze 0.1.5@70b5e7937a06878dd321a3182ceb76d56298f2cd
- pocketmine/spl 0.4.2@6b08b7cf8c4afa17139c9a1b3bf1b408531de161

Loaded plugins:
Slapper 1.6.1 by jojoe77777 for API(s) 3.13.0
EconomyAPI 5.7.2 by onebone for API(s) 3.0.0
reyyogaWtrhit 1.1.6 by reyyogaMnelux for API(s) 3.0.0, 4.0.0
VanillaEnchantments 4.0.0 by TheAz928 for API(s) 3.0.0, 3.1.0
FactionsPro 1.3.20 by Tethered_ for API(s) 3.0.0
PiggyCustomEnchants 2.4.0 by DaPigGuy for API(s) 3.19.0
InvSee 1.0.0 by BlockHorizons for API(s) 3.0.0
InvCrashFix 0.0.1 by  for API(s) 3.14.0
AutoInv 0.0.10 by JackNoordhuis for API(s) 3.0.0
Broadcaster 1.5 by EvolSoft for API(s) 3.0.0
KeepInventory 1.0 by KhoaGamingPro for API(s) 3.0.0
ec 1 by McLebt for API(s) 3.8.1
NoTP 1.0.7 by awzaw for API(s) 3.0.0
TPAll 1.2 by matymare for API(s) 3.0.0
Worlds 3.0.7 by survanetwork for API(s) 3.0.0
CustomAlerts 2.1 by EvolSoft for API(s) 3.0.0
DevTools 1.14.1 by PocketMine Team for API(s) 3.13.0
BlocksConverter 2.1.1 by matcracker for API(s) 3.0.0
PointAPI 1.0.3 by onebone | Fixed and Update by LamPocketVN for API(s) 3.9.0
MultiWorld 1.5.2 by CzechPMDevs, VixikCZ, fuyutsuki, kaliiks for API(s) 3.0.0
HideCommands 1.0.7 by Himbeer for API(s) 3.6.0
PiggyShopUI 2.1.1 by DaPigGuy for API(s) 3.2.0
AuctionHouse 1.2.4 by Shock95x for API(s) 3.0.0
BlazinFly 1.8.7 by iiFlamiinBlaze for API(s) 3.0.0
MSpawns 2.2 by EvolSoft for API(s) 3.0.0
Netherite 1.2.1 by Wertzui123 for API(s) 3.0.0
EconomyLand 2.1.2 by onebone for API(s) 3.0.0
MaxEnchants 1.2.1 by Xenophilicy for API(s) 3.0.0
WorldProtect 2.3.8 by aliuly for API(s) 3.0.0
FormAPI 1.3.0 by jojoe77777 for API(s) 3.2.0
KygekRanksUI 1.3.0 by Kygekraqmak for API(s) 3.0.0
OnlineTime 1.3 by Zedstar16 for API(s) 3.0.0
BuilderTools 1.2.0-beta2 by CzechPMDevs, VixikCZ for API(s) 3.0.0
PM-Beacons 2.0.0 by jasonwynn10 for API(s) 3.0.0
Trident 1.0.0 by brokiem for API(s) 3.15.0
Farms 1.0-non-alpha by Dấu Tên for API(s) 3.0.0, 4.0.0
NoDrop 1.0.0 by Inaayat for API(s) 3.0.0
TimeCommander 1.0.2 by TheDeibo for API(s) 3.0.2
Sponges 1.0.0 by  for API(s) 3.0.0
BlockSniper 3.2.3 by BlockHorizons, Sandertv (@Sandertv), Chris-Prime (@PrimusLV) for API(s) 3.2.0
SETVIP 2.3 by MCPEVN TEAM for API(s) 3.0.0
OffHand 2.0.3 by alvin0319 for API(s) 3.0.0
AutoXP 1.1.0 by JackMD for API(s) 3.0.0
SocialSpy 2.1.0 by Crafter20162017 for API(s) 3.0.0, 4.0.0
PurePerms 1.4.2-c2a by 64FF00 & ProjectInfinity for API(s) 3.0.0
BangHoiUI 1 by JVN | JackVnKiller for API(s) 3.0.0
Shield 1.0.0 by JavierLeon9966 for API(s) 3.7.0
PureChat 1.4.11 by 64FF00 for API(s) 3.0.0
TempBanUI 2.3 by SonsaYT for API(s) 3.0.0, 4.0.0
AutoClearLagg 3.1.0 by Twisted for API(s) 3.0.0
LoadWorlds 1.1 by shin for API(s) 3.0.0
luckyblock 1.0.0 by LetTIHL for API(s) 3.0.0
ScoreHud 3.0.0 by JackMD for API(s) 3.0.0
BuyFix 1 by FPVGAMER for API(s) 3.0.0, 3.7.1, 3.8.1, 3.9.3, 4.0.0
ShopMob 1.0.0 by LetTIHL for API(s) 3.0.0
CmdSnooper 1.0.0 by HotshotHD for API(s) 3.0.0
CustomTags 0.0.1 by DaRealAqua for API(s) 3.0.0
Item 1.0.0 by LetTIHL for API(s) 3.0.0
AutoSellUI 3.0.0 by LetTIHL for API(s) 3.8.2
PureEntitiesX 0.7.0 by milk0417, RevivalPMMP for API(s) 3.19.0
level 2.0.0 by LetTIHL for API(s) 3.0.0
MuaPoint 0.1.lpk by LamPocketVN for API(s) 3.9.0
Rewards 3.0 by Wertzui123 for API(s) 3.0.0
AcidIsland 3.2.9 by GODSMineVn for API(s) 3.0.0
QuestPlugin 3.1 by HmmHmmmmm for API(s) 3.11.0
detu 4.0.0 by CLADevs || GreenJajot for API(s) 3.0.0
NapThe 1 by phuongaz for API(s) 3.0.0
PiggyCrates 2.0.9 by DaPigGuy for API(s) 3.2.0
UpGrade 1.0.0 by LetTIHL for API(s) 3.0.0
BetterVoting 1.6 by Twisted for API(s) 3.0.0
gem 1.0.0 by LetTIHL for API(s) 3.0.0
AntiToolBox 0.1 by NgLamVN for API(s) 3.19.0
giftcode 1.0.0 by LetTIHL for API(s) 3.0.0
VanishV2 1.16 by superbobby for API(s) 3.0.0
Kho 6 by ItzFabb for API(s) 3.0.0
PickaxeFunction 1.0.0 by LetTIHL for API(s) 3.0.0
TrashGUI 0.0.1 by Phuongaz for API(s) 3.0.0
Joinkit 1.0.0 by LetTIHL for API(s) 3.0.0
HealFeed 2 by JackPlugin for API(s) 3.0.0, 3.1.0, 3.0.7, 4.0.0
BuydetuUI 1 by FurryJaki1992 for API(s) 3.0.0
thoikhong 1.0.0 by  for API(s) 3.0.0
MenuUI 1.0.0 by LetTIHL for API(s) 3.0.0
help 1.0.0 by LetTIHL for API(s) 3.0.0
SizePlayer 1.0.3 by  for API(s) 3.0.0
PrisonMine 1.0.0 by LetTIHL for API(s) 3.0.0
NganHang 1 by GreenJajot for API(s) 3.0.0
luyendan 1.0.0 by LetTIHL for API(s) 3.0.0
shopvip 1.0.0 by LetTIHL for API(s) 3.0.0
restart_in 1.0.0 by LetTIHL for API(s) 3.0.0
Buyrank 1.0.0 by LetTIHL for API(s) 3.0.0
WarpGUI 1.0.0 by RockPanther for API(s) 3.0.0
MuteTime 1.0.0 by LetTIHL for API(s) 3.0.0
CustomItem 1.0.0 by Phuongaz for API(s) 3.0.0
freeze 2.1.0 by Bavfalcon9 for API(s) 3.0.0
SlapperRotation 1.2.1 by jojoe77777 for API(s) 3.0.0
RPG 1.0.0 by LetTIHL for API(s) 3.0.0
cayphattai 2.0.0 by Lettihl for API(s) 3.0.0
PHP-Sell 1.2.7 by Muqsit for API(s) 3.0.0-ALPHA9, 3.0.0-ALPHA10, 3.0.0-ALPHA11, 3.0.0-ALPHA12, 3.0.0
OreGenerator 2.0.0 by vividmemory, LetTIHL for API(s) 3.0.0
capdao 1.0.0 by Nguyễn Công Danh (NCD) for API(s) 3.0.0
essentialsTP 1.2.2 by  for API(s) 3.0.0
SellExp 3.0.0 by EzMinh, LetTIHL for API(s) 3.0.0
KitUI 1.3.6 by Infernus101 for API(s) 3.4.0

----------------------REPORT THE DATA BELOW THIS LINE-----------------------

===BEGIN CRASH DUMP===
eNrtPWt32zaWfwWr5GydXUsWqbfnpCeO7cRu7URjK4+dsicHJEGJNV/lQ7Yy7X/fewGQBGjHlhzV
ux/aacfiJXBxX7gPACT/3fLiNKT5lyVLMz+OWvv93Vbuh6y1bwxNczAejM1Jp98dGhO4USTiVr8z
GJhjYzAx+sag3x30dlsBzfLjNI3T1v6/W/kqgVYtfn184zDoBqh3WyHLMjrHWx8il3l+xFziw6+b
ffKumNGP76CNVwTBGz/ARsmCpvt7e4f7ex8yIG/vwA39yM/ylOZxunfEsqs8TvbOLw9O95KgmPtR
tnd5PPt4Ov2yNDu9Dnbfy1Jn7/xwevzx3d4lyz/6CYATHEYOsXY/6BMAwSCXiQEiSqkDv39pPeuS
9XHsQN8X+ySJnSuWAy/MsorcDzLL+oB/9veZJrETGrkBS3f8KGdzlpLxLgHm/Wj+i9n7lXxDhFWb
8eRXsm0J7pKSFpQCoWlKV7/0fn0BwnlmbCIIcwhyECDLErD2j7nvXO1wXCZJQuyE/9XS2sucBXML
EMnejGZXpXiM3khBNgMkeLf9YxxdFFElPIMj7q2D+LK82jFGk4a+qpYwUk1D+8f01lD9u4cSQtqb
8j/nNIL5kO4MB/37x6lIav8YUj+aLVJG3RNG09xmNG+MPLh75EuWwizfMXvjJlOCJsvSiBL6qAbO
GoMM7x/EGJiNQcQdVcuje1EYk8l9KKZp7IA7iVOBa3w/rsF4+A1cWQ5CFDgmd+OY8p/n8HPHvDV/
SzRfvjhxBBOrcPKd2P6NOTl5TTN2CH4xO4upy9JdIuF3TP9z0OlZPJ9jKzl9e8NfyeE+eAacuJal
zVzLklMXesLctayqV7+/QS85Xy1LzN/ug+z3zCb7mZCvQGAIBDsGtkrZ74Wfsh1J2MTYyBvVg7bP
p7UT0cl60fr1z90W20rU+Z5wAESIjl/8aBkHSxayKAdsLvDv5K3yLkAEXoA4scuQZmNsAtjKxf8I
gVvGuKeBiihj+c5zGgS/PI9oyH598Q/eqq+1ep4v/AxnRsjApll+EAS8j2w8qBoT8ieHDBUIB4wU
gO/t/IefNcd9Qf7NW47Xom/SHHLSbQw5MRTA8ywnL4mC5her5RRpCqJsL/3Eav3K0U7MJpKeisQH
HOwmCUC8O1ZrF/5FxIKiSb/ZVZXKc5fmzIDuYI95jHLcee7/0pXcTIS4CJENTa0hQmC4VTtsu1br
hewy0rv0oAu1sx3Zvy1HlI1LmT5fsCBBQfAue+Nhv9sVLUp58jt9aAL+eElBy9iDYzG73WpIflnK
F9Qpe/34Etw3qPHPv1OYv1OYv1OYv1OYv1OY/+sUZrc1ZxFLaYD5AEY+cNpaXyDMBj3UJXqr1zEm
HQPhhR+4kIOMe4Pdlp99cdmyte/RIGOQdKRxHjsxoO33oGKd+5iS0JHjdsdGt2t2qWcMPLvnjiaG
OXJGI8cbjIbd8cBx+44DuAtJyyfwzfF1Rt7NyNHx5c+z99P2z2+Mj5/fvibDTo9wEshk2O2SnbKp
sCgCAcgkFya5zMHF0NQlx66PQeEFOTg/GvYxMYJafL81AidrIjtfWeRy9uQ13P4SZ0jD6bt3MwDw
i2s/4hlUmMSggy+Bb6c09VmG8qPuAnhO2d5vWRy1oY1MxYyO0TFfeY7pjYaT0cTr0n6fDryB7ZjU
tIF4tzsamh7rstGYjQC9S4EDIDsO9xzISWzqXLUh2vouKhoQFtFVFF9Hr+RfJLZWrO1HNF3xiQFN
uzC20XvVpTZjvbHbZ+Z4aAxNwzOHpjOaUJP23OFk4o4pkOb1dVR3Dm50up3eq2F/NB71oc9waDuU
jthgPB6YfZOBDs2eYw7Y2BkMqNlAiNM54NNZ0ma+mowGo4k57pv94cDsTXq2MRrTHlhDd9QzjB7g
diYTw7B1TEE85xjMjvFq3OvaIFHT8SZD5o26PRgZGR72e13TM+H/eoZD+5NbGNpJzgNBKajeK9Yf
jZjjDZljGn3Pdft9Y8Co4dIeXEzcUc/2QFqM6qhCmi8kNcNXMOhg5NhjB4IfnYwHk+FoZPcnQzoa
j117YpqeO3A8p6ejiOy85Gf8auKNTSDYHXmgE8ed0MFwyPp9e9hz+p4xpqPhYETZuCHc+mc7TKqJ
+mqDWacgS+kV2LaQC9BkvJo4DusPxvbY9lzWY33Xc22QtTMcTDxnZI88Zg7tgdOwoCyK469Minfw
atS1B2w06Y1odzgejV0XPCLtQR3iMHs0dAdDczL2TMdtIEkCjqEP1jK0u2MbCB87fepRY2T0Js6E
GjYoxrD7wEvPcJkxNFp/VoURn5uXAU0SlipuroTstmrfZnSG3LXRIl/EaYYJ6m/xbzEb4T/oLWni
IxBE2+t0EcAiagcMHAeELvB7LkvAjWBHuJfFXn6kAjD1gFEyMbIIW1jLwYRAv/v+cvbp/cXZEYCu
mZ35OZK5yPMkA68PLnRR2B3wKns1SXslE8DsMQTQOFwdTE8VJhWgyuegM+qYOp9xxGz4T2Oy+3ge
JTrLYoICwGlZGjX3co0MpWy1iuf0U54uMHxUPOlwXX2gQJ0t2fg8YkFxc4u53Vb/e5iUyIEMYz1l
IlsfaeQHAT2OnAWNcgwRmcLcXXdVFvuSboXF2YIdfAUPegd3YKeP524pSLGsQ4hpjzDTkq69u3gC
QbyhDgbkDDJRRQAqVNctxOUm5yxfsJS5X77PalsHUe5fJjTEMWv+FUosS16sq+SpP5+vDossj0PJ
tqrku+6qvJrg6hqsHlHo9LZY6U5o8njtlgiharlNzZ3AR5hAOcjeHej2UE6n0fKSMUU0EqBr/pbJ
vw4gOpzEqf8V9LMtl6UhtSxBiWWJ6mMdpUOPw5Rmizf+jc5RBVXZAkobsUZTbf/xjITF70CVZfnR
0sGRPf9mEzYOijwGohUWSsgt8htq+QlyxXdxnLqLwt+aWn4DpFGJ1LJguBgYg9qsIupBjl6n0MKh
Wa4lACpUt7eBztbxMg4ugbqtGVo9sGXpVEhWLmcHF7MP0zun1/X1dYcBRYi9k18hfz8zloAowLHG
6UrhUIc35pTO48+LmL6lkG7NpRPcBqMaUsvSyFk/YDJHYYk5Oh86F+fOGbN1PY1hkj2SfIENUpgI
Zo6zYFm+PtHv4tlUIZtfNp3aSCeeXn+l19sSPUdmWVGcJ4/OMwVBwMxsehCoKwTiWmenkU5CSbQK
abq1fLLEZ1l5AlXp+or4FKeBqwZfCVCp791WRlakkP+w/DpOr7bFA8dpWdecAMuqCFlLL7KW6XAk
HaBs75lAhEyKyHoQsFTLMzSwnmAYf62LU0eGBFKn43FO7ogtZ3EcqPxVoEYR0G+yVy9pkRmj4dYq
uZIAXBqsSFmDPWWS1aTtVTgwZGEykh3G4C7TRthq3Gnotck6TBxIAmCMdItTUWKE6KUTs0maMYUw
nuvVagVqesrenbUq+YNAUsVcQiOXfEhwk4nYK3IGiTwX6sd3GsuTLVSzCVLIa1mF1nsUjoyeF0Hu
88musKoAG7lH05MefmXOYnoOxoHG9dG/8a8O/8XPKq2KPCuufPh9RQPfv9payuXgkEnowpCWFSKl
3NWA01Wp3jScKIzsKYhAQie+yw7jMKSR5qk18APB88QPbdaw8eHjJSDRWZZKw5qBVHTtAAtlIXi5
iJMPp80CUEIfmL93Fn7mxiWutvTCpS8hrW+WhII+7eK7S0CBZk+UGbyiPomLjGm1hgJupBidvi4b
wOZcTQY331n+a7JRyzUldMuRsP7g9C2QPixCNGofrkQC+tWP3gQrzaGXMJ3dcdPGff9NANm0H2GP
rWVWOlZ06ZIc5ec6rJ1fJvQ6UudvCdEt3PxrMw85KO7RlaM/Lt94xxeXeLM6ja9gTctszNpPEA6/
Fr5h9rbFV43RsioyHp3a19j2ap7qReQzGrm3V5E5tOmutrCMrE7ADZaUAyCnWlOWtD1spfTmjgU5
FfqAZj+zKE4WfuA7q22pVkGJCr2pV+F0utardaDUzvHkV6PiKcG6/qA+bhShgV8EW+NMYJMlTyIo
aNrsmnnyeeGnns8CV93nKk/M5CnDXThcRNnTuMVl5jgN9TSzhDSXl7tr7fyY37GUVWG0LElE9WMd
/f68mrOrCxpdZVo2oYEfYIq3TenvId1aWaugtCyVlvWL9PcRnmec8fP9FVsKsMGUztK/mIuHUIzh
thiqEFpWTcOjXW2FbU9hCFMBPLvA0mZNq4GbvqjbtllO1yoQ/opSwBa05aLkbVD6PeWAhgqz5vP2
a0bxRJCaNNdA3Ynd2h74jWZxdL2KIqO7vVXoCiXIgZMBEqjIedDCZykUEpHqlUvIA1sddhpf+ayx
ZDF4PCMSn2XJ8SG/P69JeZCPNzQNM227Dq8bPLSjOGrTIFnQRi1jFQajg4LMrKLbZTTa9obsIsSd
OqBI/llvpfYojRNtrZYDHtDLaUTpim4tbZXoILfjo6/vOtGdyAJVWybS4U1mzFtbyEfMt5sL/+Zj
udEGXyfgIyeXSRzNmWpcJeR+VWxNA8vVYGBZctD1NcDXwC4jP7m9TCeh+lqz2Qxg+m4mCIKLLV+S
nVflTzwgeLhI/aw9TUG2cAf/FtnZxxffuTBwvpoGcd765jaowscmq3vyYQNFl+XTB1r62di+4WeQ
yez44Hxr5aB2RnqtXMTzTvTyp4Q0o06vmTov/ajbMybby54lQshDPG/Byx35Y9193M/Txjbu5+mt
EzN3bOKeH22LB4FN7NZ+nj46iRJo9iQHaF+x49PgMlEXUmpYs0htsHiYUg9KBbNrDOG/0bajkBO6
eO6Nz5jD0L0Uv9daEy9SNmV6hK1huuL6HbPtmI0IO+y/edPtkv8kUADhYenTyPMjP99aQfdFDABJ
Q0mV8vMReuV9ZRFX40GnSqP5SexrdU4Nu2cL+CdwIH8QtJeP0c9+EHzvvodSLerLFKWBo3dZN1Rc
LrCCVU1WAB7INX6iS5+lZyyOJpOhXuaMHlpbKZ3XvXNURQ++khNV/l3Xbg8XNG+YLQc1rdYw7jLZ
zRaMalO5rS++zlye3WrtNg6UfWZLPy6y6XG7avIN60bi619bsG2OBjM2FiZgyppp17B7A+Ql0Ev/
Z7ZthyXRQk1QkrG+SaNLPgwYTc/ofN4INjVcz4BuOeTZtZ/lzN2Wl8oFOnFYyEEiAiBCBCGVpo1P
NAq8B9kqKMLzwz0dHwgD86NbBw4UYCP0No4cLPxoWxKox1w/5CKvTrKMOjlUP8BMUDhXKxvTP4UZ
BfiA0zpj+ez05GxbHNUDb+Bu8WmMk0JzuCWoef7jSbKgcvQNiotipR8nlIB7IuCb6ce3B+fHF3ee
Bx5xqxPHonb5pnjve72HoGiTIBgn57GtRUEBeVqLyhab1NlKIqccsFGzu3tpP4lzGC8/2ZpJPT7J
FKdxZnR++6gQB95/SLV1RC8YDQ5+L+i2WHFpChgpYFxPHa6fwTxyOwHDI+q0wwp++jZnoXrsFi+f
1qCAunCzwHnJgkDLAxTgAw7qLtrHj1+xkejWJx8zmuMo93OfZZ8beV8N121p1GQi9IOrbt/Afe4L
SMyWNJien0+3dsY9FTiTMISJngBhTBIm8rqSzI33ohRa93R+MWyyJVMPS4rrB1ast2yJScqy3J+z
9dV5XlB+okk7oiRBuhKNTpBcNah/5Ikr/eRFdaLqPjOtR8LTSILA+tc6nF6wa5pqCVoJacy4p9zR
lyRsYz9fohJnbBzfPc0CfTlLATYXJic6z2/fH13iycSP0TZP2MgTj3HE1MNHYh0SBCDWI9dQ5D8L
MPKpfLtJxZ0KbVQdjYgchvAv/KO7m4cemKqeG7x3GyJcIGbL+r3gp8Y5UY9Qa0njnsrVn0hOXig8
88sHnhI7PDvArTbyxx/kLTrCn+hv8faO+wrkoD0/8nFnbO1j8jSZLbQTNgJwT3qbLIo4mtOvW/OV
Ep9libHLv+s/5pXSnN1+vEtAm35/8pec7rvraa1vP+rFKdMuvv/RLo6G+5wPyduUuqpOS8jTZmPF
Bsn9a5bnLP0Y536krmFo4MZzwn/pAsasXMBQKdCv1mFrrmXE8ydPiOcb5cOQROEBgNexWu6q0EYe
opP+bg65QSP/+J7cUeKzLIWCdTfAlGlSkoXa8L28fPVWqZIS9MR6kcNu9tBytvhoNp5U5qDGotaw
+SANBEs7tu3V9h6jKTFaVklE/Wutc1QL9YljvFJ5aDBwmn99Q2370Scabx0p/uYGtBgI1903WZiY
+s4VvWFvioivZ2txSL/ztEaWiNE3OMmAMnqrL4uXoAfWJKZbzgk+wXzHEzJidPlrHR5+girkSntb
QQl5WuFf+Rs8q3jCaPCGMbVGqEBa/nJ7iVSmpN9688Bu9Whd/3uXT6fyHVsbLJxiWqxvIFaw+5ZP
izRd/USvfHyB1rb0oSHl9eqseLfYbKcFKPSvFrGWodSwJzkjUw23wcICi3QlSMDTzocQBl2fZnyp
oUIxv3xaenHIDVbU/a9sGtCV/n6bGnj/43RbIpmPd4bjQQSrfq8VwVI/i6Nz/kbTOnjVwCeOW3xg
8Xq2tcvYOcW3TaozswLd42q2X4jXGNcnPihWgIdG2i6fBD31Hp8Ydn3acQ9n6auTtYQ8/V4Svih2
bcJxgZam+Rdt7UoBPi35cuCNomtKoys9tnLIExMOQ27wLgCaJnqCWUIeoPoihgSERvig1LYov+A7
2Tj+Jov0efMhiQr0xPG0yDdwj2JlqrFBpwAfoH3b2X098voseOBYv6qCl4AHThq+pkuPBlAMbu1Q
aI3RsgQNG+QJYun6Is5po1Rs3nngIbhvPBr1PdmDTsD6PF1M36pbOXD1xOnCcoMJ7NBVsqB5Tn2F
ZgX48C5h7i+CrR0hSDbw+NOTaRt3ptUUrQQ1raXx3PI5fx9Vk+r2wdn05GAia0R5aXQb10bj2iyv
H21oQPAJP0q99sNpKXvLX5Kbx2p+rYEfUNzSX/puyMI4Xe2SLRugSodlyZ9sPWtMXBprlsgBD0yg
d/NihQ/yOIOIHOKDPF4/mpMjGi3IzrvDoxfbYgzHYdEhuH7EbVlnuJFebVw+/NqoLMPtfhpk2puY
NHDTcM2/ojBSR7SsxvgP+2yw1+MbNcMtIQ8cEDn+CsXTYuvmJtBa1vHn6WbrlD/7uf7UKr9uPq7a
XHyNPJZGRWZ0DY2B/vc851OhtCxOxLo84BtlaQrU56z5WqHyLdt8fZe/gLqTpHggi58v2W89m1ZX
BCza8+cEv/phpVb07JLm5JyuiGkSw9zvTfZ7PfLf3RExu6aBDcI4d1+evz8j9cY9gsUw7SRO85fG
xOiZCLxeALHtwM/yl128plEUF5GDT0pjNd6mzsJn4hsh2UsIs4gHX5PQlg9ngyJEx5DeyD7ZS3OA
kDlFB+Yycd+LU8BawWLPQyhIwMUjjuU1BEc5iut7nu8UQb56yQmdly6rnWFQi+bZSwTzwzJttJCX
AV/hr2AZY67SBL+38vLo+M3Bh7MZQoUltH8vWLqSQ0pQCrlSSQ/+7iQ0y67j1H35X/wfEFKRx+2M
LpnsuPTZddsFGVKQ3Msxgm7s+KaNdimbgBLmBZ2zlyya47X2wuLOKsQXFj8jaFbE4eouUp7XcK0T
EB7RbAesgMwWLGOklAahKSNQb5A4ApPJIT8gDiozJzYjfuQEhcu/XEFuWRviuoxD6OkhgibOjHps
l8RYymSIktgpo1dkFRepxEV8j4BSfc/nI4A+8UsywQoRv2PXFbo9l3kUNJqR6zj6ISeYwNGUoDRD
YBZfHr5CCvHjMILv6wWLSJHMU+oCgo4VoRULZPtWRMizTwv+MgqSxzBK5BJAId/MDzKAWg+MPwei
+G1OahDDMMAq/GI5l5fLlr7DyIJ/WAIhIWIW5lpqbZ/w19TjjWxR5G4ME0B+qGefWC35BnkniDPm
Wi1O2UEQxNcEJxYQU36pgyx9Sv6JJodtuO2VryTYJ+iSeNdjboeyD39XFU4RAhoDoSA2e0WkKLG9
NNvqtkLss08+CCSOQK7UdQlU7UL8KFb8pgMJGc2KlE9vAkK3GRINwmG/FzRAsc39JbRd0qBgZEcO
Co7mBWIXI8KEYehT2iB2/KDCPtzmY78rQhukAlZ1kK0iB7+qQfDteGBHHd7gA0iLm3bJKTZbpDF4
INAeNM92CX8RBJGTH+bDLsFX6QMjGAK4bMDhIiwsIrAgbCKQX3L1Ak9gZWl844OFMRADsMQtN6qI
Q9lKgk49tFVsgza5S/z8BxBfnvJuLkN/x02m0ZnsAA8FzBuTi4Wz0Zac7nNUTVul3DjSIopQnS46
qDjhSuBPzGcdcsSW8jcJ/fkCJjPuKO2qk08aDkokTYskF1AhMBQMJI9M8sWVC5OSf2HAFROCLmPf
BbLvpgBtBG0uBkGDdXUUQ4PGbdGosjRw/zxXFZPyLXhisB6Mp0TAYR6Efo5zO2Rzaq9ykDi5FKLu
cuH6GeLm3WeotWufS55bFEza67ZAVBpZxjn0fCARPBLDV4QiGqxvyyGFkYO2CpymZB6DomKcpmgV
ONCck9nmpO2TLnIBo3MXLN7y//+eA0xQ7qMfo+v30Z/lccJJkO6zIkmiywi4D4yP4PdKgnDUkiqj
a/YlYdwJfOKzQtKX/bAFCvm84CShxyDyI1ww09kNcwrufGNBspiRGKyq1uzGgSwhqzkSjuv97Hif
zE5OL8nZ6fnpjBxMp2enx5dkenxBIM/7+fhil0AjMnsPrY7Jp5P3Z8dkevH+8PjystN0AZo8zMFQ
imPKUj/mARkdcYYMOgvGXTKXRuVsDZA9pAQu9y28SRvrNeFmOSrID4FPcNBgTcjvt4xNGBlkfBgA
I2wmB+OYBRJwvbUjFxGJj/EeYwjGed6hc7s12oLMrkFtCXMwHRCSRXKFXkXfigcwL5ZkNau9ruQ1
e3E3SZLznuR8TlMbZkbbiYNA5KLcAd0tXT7VkBzZi8he4LtDGhU8+VApgcSsABt8sVvGhKYRlmYo
wqvnAS7Bb1hPwQ55L3y+MHjIHuIicCtafAgi1xGp6c8E4oSTD4wOu13JK4z2hjuLW0GSm47AUPHm
pXFYBlvRW7Zoq6apahi5kZq8ZRvkDpPSrOOyTBhRZSmMhGYoDdktwkRkVyKFI/JGG2+U+jrCRrID
p52TWXIAVxDmYbLTOwQMQRsCH4ywBCPLsoKhY8gXoLV5mW2i08LRaqp2S0WKHEEmlR1BDTb9ppyw
znEWRXSVlbQf0gShfliEEGPx9QukrAVQkURURYKKWq44X6Qo+Yy5bWOQbCeSIj5gG7PgAoJuv9LY
USxuNW0acyP0egK/aFxOIYFLNlQ545lD26H44upKL0AKz1UgfUTpAXUiwRBYEnyrKxYa2EdwWHMH
3aQ8BT/lyNi4znZRgPhEZIn3flT32aEVydcv78sQAanZIg5EimnTHCpZzMQ5yRl+WI/IIMN9m6h8
5F0RWmxWJZsivD1TtVTeQrearnJEvkvahqJArjw+cDsviZEhgHvtOo/lJSqmkK7gHGsZnuhjZwBK
sjrkBHJBsKWXPLkjh9MPu9AXaLBhfl37Lpg9zxWE96zwtzn+fTIs0+46I8+4dJS2HXLggqNa0MDb
w1fm8jLBZWDDcigYlOC6BxqYMhHrsKcgU0uR4xv0aphi0qBDkIgP02haJtt1AYi1BBKFDyVgxyKJ
kra8blQ353LWZf5XVukT0/JSjbhyVqZMkLYL81BCa39iik4vOmQq+wQ0nfMOVFai0hb4iF5K58gC
6ATEliUBz1iwvAwpvjoARk5RT4eBjysmvF7GD7OxLCfnsw+c0gxYQrbtIidYn3NV1sOJ4qJT+pow
L9rYa59Ti1buMruY75cFy4/EwEJFpmsLmKr8PpHlaSYKarTkKItF4JLWYCAy4ZwEtsNFDAUsWmBZ
p7CyEuUezKU5JRldlp4SV0DKdSK8p5SwQBhfYRMJi1yP+C32I1EM82WiH8hnO75Bq0/J6RHZ+fzh
9OgFwZdFL4AGaH8N7j5JxfP3YBhYv6RQvHTqDBAsIeZNuLDxJVKfX5+V+GVto0B+4IPhYhEPmpB9
YJHLwzDnLS5XR2QIURZxPI8PC/d8b9W+KXxXMUQKeQp4N0bz0m8C/+LDdmUZwEtISSnYDZMvoY5i
J/ATwvuC2eCqnkOxlAzjZVmVY0iTcYD74nZ5TwyZ1R6wXPhSV0hmfIlD2DvMIhCvUAZvK427yORS
iwMzORe+TvZpiz77JIEkaekHOIzw49JHyVEwENFoXhUKEXYLmvFwt2ylrZjduSoltHwQxgVOYU8E
HDmjUZRSxxhg0UXx9QiwQ/zNIyR0vuDxUunMGY+YqH9tJpDZzMMJyFc1eYhblAbPbZwvdmqRV7CP
A1XsgyMitElqIj6YCaMxCGp3Udm9m0yaAiawj3LeAbFlZ/xbUdPjkxlXB9oFf5l5ptgkf4sBH4iv
7qpz84gPxh+Nz7gHQnmyFDVNxFcEieSOyNWUMoLzPhrrgK9NTPKMzKEOy2rx1Cs2lYQ6t0UkfdM1
9XmhBn4SqhihmyROiqA0RnmBoYy3kR6xx/0hz/DbifRiGEzQMUG0k7kzX60Va1T7MorjkhqvGwVY
BEGpL3xwolrscGu5ob238RB8A1RNNx2cLCDd9GJFIzDL2uK5mKrlIkbNcFI6+NBpx485xeDJViHW
PRnubmfAYVaTjsWcvE/q+5wF7sXofJ5CBS1Wy+TSmlhBwI8oXzX54/TBDH5/9B4/ItqWPl+EPnQK
10wk1xSmzjUfMeOE1wxwWEdZz4ZIW0lemKZQzi2hgkLFfWlMEOTxQ5g8VKk5IofHqugg7Y7QTpSl
q13CXyG4S/Cdlzw+51UaBq7XYymk2m30QBHGP3G3DFciWFBtKUzuNCnxtYCUE0I592Kls5AIuebF
/XKMW5oWvKqqzv2w9tUyACNSbI8zAV0zahYdJg7I1/hkp3I9t1MPIO+oI5TSvD/ES7cttCtmhbJ0
InEA+lzKs1wkWUgg9xhY5cjEWXoMXHOG2sTlmaPvVYig/ABGxAYDeqBy5UD4OMAnXWQZ2Wjg00yW
JZBJ0jAJyivMeYBGqav9UmniHtgtLmHtk194sgLxc5evaf2KSMXnUKowqW58cDYwccQXXYpVg3L/
iS8H3BWxeEDnETrjCTKvNvHF+UCrDLcq+WJcToP4SXDHCqOCiF71iPvkzdnBbN/8x2h3MLkxdns3
vV3zH8Y/XEyI+DzfwfcZO+hcX467whWLq/7ghcjyxB6DWqyLGY6xBWQs19J46sEXw0BrzoqI7ysX
aemUywolrXYnuMcBPBCqHL77k5UCa5c7G2ALIp199oa7Gj4Ub68hKXimICBfFEib55ZK0hfzb7UT
dgOOL5PFnXPFn2HmhQxIxPYhMV+JJI63Q36BFCg9RBgRc0ZwyfFDMpJWvrq122I3OYsyX75Qln/Q
UPn0r+3IL7hWENxVws8Ga7A4/OLGOThDDYo7kRqgSAP1Gl2Eeu35Af+gSw2Zh9qHiBf4rIly7cMs
W6oA/Lww3y4X71MIbbFFpjbJ5FePVVji6FxfME8uLmg9udvPdBAkKKEKuZyeqZfhKvs94F9Plr/I
AJ/RMXFvgbTxU8yDbr87gp/PT2FKjBwH/p0M2XA08IbuyGQDx+t65nDk9cfMGI4ck9q22SPPAXce
X7EI0gNNYivKd1jLA3df8QQwPns24F+I+Cq+XFu1hsubUNdJjOyY3W7PMEw8gjQ9eq+Jyo2/cFaa
QAD5ujrBXURZpjW89NEhfD7XZNSgAC6xzNbZAuA1volfAyrfKMZHgw38zDYQvNCNs47WX3gypn7/
GUXkz8V3oeX7t1BMHKUhn/rnDs21y28Qox2nqySPOUA8Oz93b+nc18yEy6angqDGK7j7nhfCGEty
/oU52/spXx6qO/z55/8ChSHOkg==
===END CRASH DUMP===
