PocketMine-MP Crash Dump Wed Jun 2 07:01:25 +07 2021

Error: Undefined index: NuTaVN
File: plugins/SETVIP_v2.3.phar/src/MCPEVN/SetVip
Line: 191
Type: ErrorException

THIS CRASH WAS CAUSED BY A PLUGIN
BAD PLUGIN: SETVIP v2.3

Code:
[182] 				  
[183] 				  unset($all[$name]);
[184] 				  $this->time->setAll($all);
[185] 			  }
[186] 			  
[187] 			  if(!isset($all[$name])) {
[188] 				  unset($all[$name]);
[189] 			  }
[190] 			  
[191] 			  $st = $all[$name]["current-vip"];
[192] 			  
[193] 			  $i = explode(",", $st);
[194] 			  
[195] 			  $date1 = strtotime($i[0]);
[196] 	    $date2 = strtotime(date("y-m-d"));
[197] 	    $date3 = abs($date2 - $date1);
[198] 		$help = $date3/86400;
[199] 		$date4 = intval($help);
[200] 	    
[201] 		if($date4 >= 1) {

Backtrace:
#0 plugins/SETVIP_v2.3.phar/src/MCPEVN/SetVip(191): pocketmine\utils\Utils::errorExceptionHandler(integer 8, string[23] Undefined index: NuTaVN, string[89] phar://C:/Users/Administrator/Desktop/MSAI/plugins/SETVIP_v2.3.phar/src/MCPEVN/S, integer 191, array[3])
#1 plugins/SETVIP_v2.3.phar/src/MCPEVN/SetVip(26): MCPEVN\SetVip->tick()
#2 pmsrc/src/pocketmine/scheduler/TaskHandler(137): MCPEVN\TickTask->onRun(integer 1)
#3 pmsrc/src/pocketmine/scheduler/TaskScheduler(179): pocketmine\scheduler\TaskHandler->run(integer 1)
#4 pmsrc/src/pocketmine/plugin/PluginManager(654): pocketmine\scheduler\TaskScheduler->mainThreadHeartbeat(integer 1)
#5 pmsrc/src/pocketmine/Server(2389): pocketmine\plugin\PluginManager->tickSchedulers(integer 1)
#6 pmsrc/src/pocketmine/Server(2152): pocketmine\Server->tick()
#7 pmsrc/src/pocketmine/Server(1992): pocketmine\Server->tickProcessor()
#8 pmsrc/src/pocketmine/Server(1586): pocketmine\Server->start()
#9 pmsrc/src/pocketmine/PocketMine(291): pocketmine\Server->__construct(object BaseClassLoader, object pocketmine\utils\MainLogger, string[36] C:\Users\Administrator\Desktop\MSAI\, string[44] C:\Users\Administrator\Desktop\MSAI\plugins\)
#10 pmsrc/src/pocketmine/PocketMine(321): pocketmine\server()
#11 pmsrc(11): require(string[91] phar://C:/Users/Administrator/Desktop/MSAI/PocketMine-MP.phar/src/pocketmine/Poc)

PocketMine-MP version: 3.19.1 [Protocol 431]
Git commit: a7cd0810020af15fb3d79127c77cf576085cd4cc
uname -a: Windows NT DESKTOP-KF1VXGB 6.3 build 9600 (Windows Server 2012 R2 Standard Edition) AMD64
PHP Version: 7.3.21
Zend version: 3.3.21
OS : WINNT, win
Composer libraries: 
- adhocore/json-comment 1.1.2@fc2f76979f0a44a5f5bc2a2b600d0762fe0e78e7
- daverandom/callback-validator unknown@unknown
- pocketmine/binaryutils 0.1.13@0abee38d4e2861621f262c79a2a3d699d8a697f4
- pocketmine/callback-validator 1.0.3@64787469766bcaa7e5885242e85c23c25e8c55a2
- pocketmine/classloader 0.1.2@9757928424652393b178a3760073113aa7c9911b
- pocketmine/log 0.2.1@830b44a2cf96ef703c550abe64302f230231ca49
- pocketmine/log-pthreads 0.1.3@e477ecf6ec214fdd4415ea1da3fdd9d73bf699ea
- pocketmine/math 0.2.6@43057cb8c179a9859677b496a788db922fd5cfc3
- pocketmine/nbt 0.2.18@9f82ca4d7f97fcd9a566e44b63c4f18a7657ae82
- pocketmine/pocketmine-mp 3.19.1@a7cd0810020af15fb3d79127c77cf576085cd4cc
- pocketmine/raklib 0.12.11@9cce458b8bfde3e4dfdbf70c659fc7b7fe26b5c4
- pocketmine/snooze 0.1.5@70b5e7937a06878dd321a3182ceb76d56298f2cd
- pocketmine/spl 0.4.2@6b08b7cf8c4afa17139c9a1b3bf1b408531de161

Loaded plugins:
SocialSpy 2.1.0 by Crafter20162017 for API(s) 3.0.0, 4.0.0
AutoInv 0.0.10 by JackNoordhuis for API(s) 3.0.0
TimeCommander 1.0.2 by TheDeibo for API(s) 3.0.2
KeepInventory 1.0 by KhoaGamingPro for API(s) 3.0.0
BlockSniper 3.2.3 by BlockHorizons, Sandertv (@Sandertv), Chris-Prime (@PrimusLV) for API(s) 3.2.0
FactionsPro 1.3.20 by Tethered_ for API(s) 3.0.0
PiggyCustomEnchants 2.4.0 by DaPigGuy for API(s) 3.19.0
PointAPI 1.0.3 by onebone | Fixed and Update by LamPocketVN for API(s) 3.9.0
FormAPI 1.3.0 by jojoe77777 for API(s) 3.2.0
KygekRanksUI 1.3.0 by Kygekraqmak for API(s) 3.0.0
Trident 1.0.0 by brokiem for API(s) 3.15.0
BlocksConverter 2.1.1 by matcracker for API(s) 3.0.0
SETVIP 2.3 by MCPEVN TEAM for API(s) 3.0.0
Sponges 1.0.0 by  for API(s) 3.0.0
CustomAlerts 2.1 by EvolSoft for API(s) 3.0.0
DevTools 1.14.1 by PocketMine Team for API(s) 3.13.0
AutoXP 1.1.0 by JackMD for API(s) 3.0.0
NoDrop 1.0.0 by Inaayat for API(s) 3.0.0
InvSee 1.0.0 by BlockHorizons for API(s) 3.0.0
OffHand 2.0.3 by alvin0319 for API(s) 3.0.0
BlazinFly 1.8.7 by iiFlamiinBlaze for API(s) 3.0.0
Broadcaster 1.5 by EvolSoft for API(s) 3.0.0
Shield 1.0.0 by JavierLeon9966 for API(s) 3.7.0
Slapper 1.6.1 by jojoe77777 for API(s) 3.13.0
Netherite 1.2.1 by Wertzui123 for API(s) 3.0.0
ec 1 by McLebt for API(s) 3.8.1
VanillaEnchantments 4.0.0 by TheAz928 for API(s) 3.0.0, 3.1.0
Worlds 3.0.7 by survanetwork for API(s) 3.0.0
MultiWorld 1.5.2 by CzechPMDevs, VixikCZ, fuyutsuki, kaliiks for API(s) 3.0.0
NoTP 1.0.7 by awzaw for API(s) 3.0.0
MSpawns 2.2 by EvolSoft for API(s) 3.0.0
EconomyAPI 5.7.2 by onebone for API(s) 3.0.0
InvCrashFix 0.0.1 by  for API(s) 3.14.0
WorldProtect 2.3.8 by aliuly for API(s) 3.0.0
PurePerms 1.4.2-c2a by 64FF00 & ProjectInfinity for API(s) 3.0.0
TPAll 1.2 by matymare for API(s) 3.0.0
HideCommands 1.0.7 by Himbeer for API(s) 3.6.0
Farms 1.0-non-alpha by Dấu Tên for API(s) 3.0.0, 4.0.0
PM-Beacons 2.0.0 by jasonwynn10 for API(s) 3.0.0
AuctionHouse 1.2.4 by Shock95x for API(s) 3.0.0
BuilderTools 1.2.0-beta2 by CzechPMDevs, VixikCZ for API(s) 3.0.0
reyyogaWtrhit 1.1.6 by reyyogaMnelux for API(s) 3.0.0, 4.0.0
OnlineTime 1.3 by Zedstar16 for API(s) 3.0.0
MaxEnchants 1.2.1 by Xenophilicy for API(s) 3.0.0
PiggyShopUI 2.1.1 by DaPigGuy for API(s) 3.2.0
BangHoiUI 1 by JVN | JackVnKiller for API(s) 3.0.0
PureChat 1.4.11 by 64FF00 for API(s) 3.0.0
EconomyLand 2.1.2 by onebone for API(s) 3.0.0
NapThe 1 by phuongaz for API(s) 3.0.0
AutoSellUI 3.0.0 by LetTIHL for API(s) 3.8.2
CustomTags 0.0.1 by DaRealAqua for API(s) 3.0.0
AntiToolBox 0.1 by NgLamVN for API(s) 3.19.0
freeze 2.1.0 by Bavfalcon9 for API(s) 3.0.0
MenuUI 1.0.0 by LetTIHL for API(s) 3.0.0
UpGrade 1.0.0 by LetTIHL for API(s) 3.0.0
PickaxeFunction 1.0.0 by LetTIHL for API(s) 3.0.0
LoadWorlds 1.1 by shin for API(s) 3.0.0
TrashGUI 0.0.1 by Phuongaz for API(s) 3.0.0
level 2.0.0 by LetTIHL for API(s) 3.0.0
BetterVoting 1.6 by Twisted for API(s) 3.0.0
giftcode 1.0.0 by LetTIHL for API(s) 3.0.0
HealFeed 2 by JackPlugin for API(s) 3.0.0, 3.1.0, 3.0.7, 4.0.0
OreGenerator 2.0.0 by vividmemory, LetTIHL for API(s) 3.0.0
CustomItem 1.0.0 by Phuongaz for API(s) 3.0.0
Joinkit 1.0.0 by LetTIHL for API(s) 3.0.0
BuydetuUI 1 by FurryJaki1992 for API(s) 3.0.0
PHP-Sell 1.2.7 by Muqsit for API(s) 3.0.0-ALPHA9, 3.0.0-ALPHA10, 3.0.0-ALPHA11, 3.0.0-ALPHA12, 3.0.0
SellExp 3.0.0 by EzMinh, LetTIHL for API(s) 3.0.0
ScoreHud 3.0.0 by JackMD for API(s) 3.0.0
VanishV2 1.16 by superbobby for API(s) 3.0.0
KitUI 1.3.6 by Infernus101 for API(s) 3.4.0
capdao 1.0.0 by Nguyễn Công Danh (NCD) for API(s) 3.0.0
Item 1.0.0 by LetTIHL for API(s) 3.0.0
Kho 6 by ItzFabb for API(s) 3.0.0
RPG 1.0.0 by LetTIHL for API(s) 3.0.0
shopvip 1.0.0 by LetTIHL for API(s) 3.0.0
WarpGUI 1.0.0 by RockPanther for API(s) 3.0.0
SlapperRotation 1.2.1 by jojoe77777 for API(s) 3.0.0
PureEntitiesX 0.7.0 by milk0417, RevivalPMMP for API(s) 3.19.0
thoikhong 1.0.0 by  for API(s) 3.0.0
gem 1.0.0 by LetTIHL for API(s) 3.0.0
NganHang 1 by GreenJajot for API(s) 3.0.0
help 1.0.0 by LetTIHL for API(s) 3.0.0
restart_in 1.0.0 by LetTIHL for API(s) 3.0.0
luyendan 1.0.0 by LetTIHL for API(s) 3.0.0
PrisonMine 1.0.0 by LetTIHL for API(s) 3.0.0
luckyblock 1.0.0 by LetTIHL for API(s) 3.0.0
AutoClearLagg 3.1.0 by Twisted for API(s) 3.0.0
BuyFix 1 by FPVGAMER for API(s) 3.0.0, 3.7.1, 3.8.1, 3.9.3, 4.0.0
SizePlayer 1.0.3 by  for API(s) 3.0.0
ShopMob 1.0.0 by LetTIHL for API(s) 3.0.0
Buyrank 1.0.0 by LetTIHL for API(s) 3.0.0
AcidIsland 3.2.9 by GODSMineVn for API(s) 3.0.0
detu 4.0.0 by CLADevs || GreenJajot for API(s) 3.0.0
Rewards 3.0 by Wertzui123 for API(s) 3.0.0
CmdSnooper 1.0.0 by HotshotHD for API(s) 3.0.0
cayphattai 2.0.0 by Lettihl for API(s) 3.0.0
TempBanUI 2.3 by SonsaYT for API(s) 3.0.0, 4.0.0
PiggyCrates 2.0.9 by DaPigGuy for API(s) 3.2.0
QuestPlugin 3.1 by HmmHmmmmm for API(s) 3.11.0
MuteTime 1.0.0 by LetTIHL for API(s) 3.0.0
MuaPoint 0.1.lpk by LamPocketVN for API(s) 3.9.0
essentialsTP 1.2.2 by  for API(s) 3.0.0

----------------------REPORT THE DATA BELOW THIS LINE-----------------------

===BEGIN CRASH DUMP===
eNrtfWl33Day6F/Bk3Nu5PfUrSZ71xznWNZiK5HsHqu93AlzfEAS7EbELVwktWfy318VAJIAJUst
qeN7PySTjJpFoFBVKNQGkPz3VpBkES2+XLIs50m8tTfY2Sp4xLb2rJFtD6d2bzLsDuDPYLyzVaby
1rDbG/WG/UGv1+tPR2N7MtzZCmleHGVZkm3t/XurWKXQbEtcH117DPoB7p2tiOU5XeCtD7HPAh4z
n3D4db1H3pZz+vEttAnKMDzmITZKlzTb29092Nv9kAN9u/t+xGOeFxktkmz3kOUXRZLunp3vn+ym
Ybngcb57fjT/eDL7cml3+13svptn3u7Zwezo49vdc1Z85CmAUxxGDbF2P+gTAsEgmKkFMsqoB79/
3XrWI+vj2Ia+z/dImngXrABemOOUBQ9zx/mAf/b2mCGxNzT2Q5Zt87hgC5aRyQ4B5nm8+NXu/0a+
IcK6zWT6G9m0BHdIRQtKgdAso6tf+789B+E8sx4iCHsEcpAgx5Gwzk8F9y62BS6bpBF2wv8aae3m
3pL5JYhkd07zi0o8Vn+sIZsDErzb+SmJ35dxLTxLIO6vg/i8utq2xtPWfNUtYaSGhs5P2Y2hBrcP
JYW0OxN/zmgM6yHbHg0Hd49Tk9T5KaI8ni8zRv03jGaFy2jRGnl4+8jnLINlvm33J22mJE2OYxAl
56MeOG8NMrp7EGtotwaRd/RZHt+JwppO70IxyxIPzEmSSVyTu3ENJ6Nv4MoLEKLEMb0dx0z8PIOf
2/aN9Vuh+fLFS2JYWKVXbCfu78wryCuaswOwi/lpQn2W7RAFv2X5n8GcniaLBbZSy7c/+o0c7IFl
wIXrOMbKdRy1dKEnrF3HqXsNBg/opdar48j127uX/b7dZj+X8pUILIlg28JWGfuj5BnbVoRNrQdZ
o2bQztmsMSImWc+3fvtzZ4ttxOs8xR0AEbLjFx5fJuEli1hcADYf+PeKreouQCRegHiJz5Bma2ID
2Cnk/wiBW9akb4DKOGfF9g80DH/9IaYR++35P0SrgdHqh2LJc1wZEQOdZsV+GIo+qvGwbkzInwIy
0iACMNYAPNj+Pzxvj/uc/Fu0nKxF37Q95LTXGnJqaYAf8oK8IBqaX50tr8wyEGXnkqfO1m8C7dRu
I+nrSDjgYNdpCOLddrZ24F9ELCmaDtpddan84NOCWdAd9LFIUI7bP/Bfe4qbqRQXIaqhbTRECAy3
6kQd39l6rrqMzS596ELdfFv176gRVeNKpj8sWZiiIESX3ckIoizZopKnuDOAJmCPLynMMvYQWOxe
rx5SXFbyhelUvX56AeYbpvHPv0OYv0OYv0OYv0OYv0OY/+kQZmdrwWKW0RDjAfR8YLSNvkCYC/PQ
5Ohb/a417VoIL3noQwwy6UMKzvMvPrvc2gtomDMIOrKkSLwE0A76kLEuOIYkdOz5vYnV69k9GljD
wO3746llj73x2AuG4xGk+54/8DzAXSpaPoFtTq5y8nZODo/Of5m/m3V+ObY+fn79ioy6fSJIINNR
r0e2q6ZSowg4IJu8t8l5ASaGZj458jk6hedk/+xwNMDACHLxva0xGFkb2fnKYl+wp67h9pckRxpO
3r6dA0BcXPFYRFBRmsAcfAm5m9GMsxzlR/0l8Jyx3d/zJO5AGxWKWV2ra78MPDsYj6bjadCjgwEd
BkPXs6ntAvF+bzyyA9Zj4wkbA3qfAgdAdhLtehCTuNS76IC35T5ONCAs44s4uYpfqr9IbDOxLo9p
thILA5r2YGyr/7JHXcb6E3/A7MnIGtlWYI9sbzylNu37o+nUn1AgLRiYqG4d3Or2uv2Xo8F4Mh5A
n9HI9Sgds+FkMrQHNoM5tPuePWQTbzikdgshLudQLGdFm/1yOh6Op/ZkYA9GQ7s/7bvWeEL7oA29
cd+y+oDbm04tyzUxhclCYLC71stJv+eCRG0vmI5YMO71YWRkeDTo9+zAhv/rWx4dTG9g6KSFcASV
oPov2WA8Zl4wYp5tDQLfHwysIaOWT/twMfXHfTcAaTFqooposVTUjF7CoMOx5048cH50OhlOR+Ox
O5iO6Hgy8d2pbQf+0Au8vokidouKn8nLaTCxgWB/HMCceP6UDkcjNhi4o743CKwJHY+GY8omLeE2
PztRWi/Ulw9YdRqyjF6Abku5AE3Wy6nnscFw4k7cwGd9NvAD3wVZe6PhNPDG7jhg9sgdei0NyuMk
+cqUeIcvxz13yMbT/pj2RpPxxPfBItI+5CEec8cjfziyp5PA9vwWkjQUGAagLSO3N3GB8Ik3oAG1
xlZ/6k2p5cLEWO4AeOlbPrNG1tafdWIk1uZ54nEanqcrzdA1sJ2txr4Bt90eQGhZLJMsxyD1IKNB
wTIwKSP4b4xmk6Yc7/RhMWDjgfgLcBZTN2RgSMCVgR30WQpmBZHAvTwJikMdgKEIjOhFPsopxWDl
IPLP5W9M8mCloEF+dz7/9O796SGArpib8wKpxzB6vyySk/hS46mC6BwBaV2rxdLPsKzfJknmL0ue
32DokYz8DkjjCqnjwHAJJKXgRmui7uVoDinNAVhOsH4s0/gy4Tp3aI9sk7n5kh0y7iYtvuzH8mUM
LqONhpfz+f77+YfZDU5+YSwFpsEFJJmudSa8xYnJxy/LhL6msAYWEK1tapIMpI5jkNPm7dvz9CqE
9Xke89SYJR2qcwYutds3eRNN3yQZ/wpxH9w6F8ItLsn2y+onRkUHy4znnVkGMwB38G+Zn358bgjD
fqgwts5WszApthqhGNQ4jsaH48jwcx2hHFMPQ4wcZ6sRig41pxtIb834nBVLljH/y9Nme2s/Lvh5
SiOlN4pLjRLHURfrTviMLxargzIvkugo9pY0LnI9ZrzlrmlUB23lPqTQ6XW5MjgFj/Voxa4QQh52
k5pbgffxvSyKNIeIG8LXZel2IaLbrQbZvQXdrpATmLxif3ZiBNQK1DZbrSWRxMyF/8h/yDG/Zj6B
ZUA+pFg7Ie6KnMJsCp/48a0hsidITA0ImQxSCBhBSg2t99i34ySLTD4rSFvJWxP/e/J7wsb4z9NW
seZ3aoyg1pKI+sc6uv3LasEu3tP4Iv+g82OA72FKtM3oHxG92JihblCCmdZoWd9KzzPuixyk8aMK
0lbFFjtullxwFplrc/h4XhQ+x1Hjg6KdNaSs523ygwT8VFbc9DjanXYkZ5l8QaTuZRClQMsNzVKD
UbmNhpiHuA5VnNeC06par/PTMhiyZkfmR/tnm2LHrCmuRXmaxAumO4MKcreObYhgiF1WwyEQLAdd
f21I270fwlTpxBvgljaZ0j+6TMJzoGpTotdHhkTApOMOY1x5qaurqy4DmhB/t7hAHg/Z5TxJQp2/
GmTOjjVos9eUgcic0ZYp6D/BTSsCsJxWk7IGe5oTbkjbrXGobOjzrJUMfZ61Oe3ekgqdHW5qFiU2
mfN8nq2njrewKNHsKg6AubfJYZakGnMKcI8hP4kpXdGN6ahC5zhy9PVXGyzTc8Y08hXgHvLNLGFD
TLSCfUnJQ4z1uyDAjQuNmwpiGowbER4NL3nc61vTTbFSI3QcIAGiUL/+sZ5fpV95fByuDI9awcy5
mXTHJjOcH4eQR/IYe7BNcWRiRZ+qyNF+rsVaBi08mrfCBQ1qsjf8a427NjAwYlDxONN+vuQs1FVQ
Ae5ZUD/TS86yU5bE0+loZHA3voe7WsnvtH46evDKgqjq71rhREhTs6hQQUzORm1/9Y204imuKpcj
P9qINyTtVkygJRc5vujUGPMaZnJ5I+j4BPHA15Jbdn9TmtlgBKtekfFolhtsuw1PeFDG07hlnslm
K6r1TplrLrwJiOGxAa3A5jgMa0rekuXF+k7rI415GFKV3+Nujh5J3XZXZ2twc/XNl2z/69Se3FJB
7ovA5JFMXkpSIGpMMvaIWavo2r2NJxDEpyQLfZ13BTBrfL22h8jLDChjxVWSbSwrFjgd50oQ4Dg1
IWuxrDYEugJJFyjbfSYRIZNnZVhwgU9jVAO2/EW76HzwlXnL2RkEpEjOR37NLw7+Jc4Ur8oiLy84
/L6gIecXGwtkPBwyjXwY0nEipFRwAwquU/1QZdAY2dUQiRh0PjMi0Pnshr9pqQC9+kqvNhbtIDLH
iZMifbSBkgThdJ+n9CrWlbqCmEGc/dcGBmpQPFNQjf64gODIS+IkWpklOQ2oczUEZ2/fWnzcFFt1
aZFJCkRx0aBmnZThIKP58phfm3lDDb2xyfXNAoM1eEKFp/wDqHIcHl96OHLArx+SLIjVM8uSAo9j
tixoBW5VebqTdtrAy3C1uZwBsSkTmkoK1tnUumUxnZU8CzCy0zefq2NsRcZwaxyj3F2DW6ySlxmb
sSwy9hBqmGlTBl2749nUFMlocHzc65H/IoAUTwWdxAGPebExIX2RAzhOTZX28xFmR/RVgmnwYIl2
th/qp2/kdSsKvFHEXEU0YxssYQp8jlOkNAzXj4/ecL/aF9Un0gDf4x/e8MhlrWrs6PGsKHSOo9Ow
pq+QXbsRk1t5pnLK6xYznTiJOzRMly3lPHRKi9FhSeZO2esxGm/6xMAywv07oZQVYfdv4J11XjGK
p+z0NdcA26WL9q4NzZP4ahXHVm9zxwVqlI7jCjIgN67JWeP0g9jBfJOUOTOqfhq4nU4NTK7Ol2C3
psPrJ263Go5N91Ba3KpGwmMRgr4l0od1QoPa++saeOSNZe2yrgFuM93ruKyga8Wrf0Vk6kraCln1
bVH6lOjUQAWyydhqlSzopyJbct3XmvB2OXhkykU1PotZWF5veuEq5ECGtb6ZfRfj0x5z8fhjU3Fs
gK2tSZOdfzEfj+hao01NbY3QcRoaHh2O19h2NYYwOqfXtxwz0KH3FEo+szhJlzzk3sZiAg0l8nvd
nC0w6VrvLAWYntTYbtah92xj3np2wn6a2RKpnoJsffNUhaTPuHjyKQqJRpyeeEXjxZuEG3JpYHcU
jX7++Jb8h+Cuycf4Fx6GT93g1Q4zaFLSCp24Sbr22RkI+A6WtGgFuwLUjnUt67ZA90HMaJH0Tb6E
xKuDQFs7rdNJn9klB080O+rUTb4REyPxza8NRMQCTZPHnpobLDq0vTg2kMm2JnndrDYUGy4mbfdq
w1uazpdG8VcC7tDudFkm8YJ+3ZQlq/A5jhy7+rvumdNzFobGGtWA7ZpgK448ZcX85M1pq7z76KOZ
Ct1Dt/3ndHFz018A764pgDl8z2i4/0dJNzUXPmReNKSAcT0mfJ57SeZ3Q4ZVX9plpZiVuOAYB71K
9GKJDjUZa7H1dnFKo9bBsqecxVP4ILxtKFi3aKLZiIosYDDIGPuqrxoFuOfo9it6GdAQFujGtlwb
jI4jaVhf+c5YXBrrRgHu2bS7bc08Jd+HQden+UP6OqO+LvkK8n2pLh9w2mDGvQt6zY7LWDgxI8gy
73xfHlI5+vqM4Iq5sfmiAVu5TGv7ZcnjTVHejLl+qI/+3ksv426RpPI0ImTFrw39r0H3mN3Zhh3g
JzBJeBhRjq5+rTMhYHWZXq6T1/fUTjatRRnLC754gBq9YkXBso9JweOFHlnr4Nb2emvj8ornBfM3
xYFCh9WehgLzah22FjwoqpcZKJZq0Pdd2NWwD6idgtM/ZkyPcWuQoU43D6vJqPmbe8g79Vbs4KkH
2Wbqwea1KxUZey2eJy0S/QSHAb5nrVzyS+5HLEqy1Q7Z8CzpdDiO+snWjxpPChbdiBoF8B5t27T5
akZef25+Tnh8YZTFKsj3XSoX/AEnMF6VK58VZszUwO7ImI7LLFv9TC84Pga/KdINpLjLTufl2yWN
H3Ikf/Zm1sFMSY9JKlC7pNXaKzkTG5FtZjr7p7M3+1O17NWl1WtdW61ru7p+rCyQ4Dci/V2Xc+xx
dK0fYa0g96SMR1/PeLzcuDWQaCF9/zzDCtQDGMGHvN+UxuG7CnQPK3/NWeNq9IedbMqXH+3WcSYB
asWUo/aZnpRlbuK6q82d6KkwOk5FRPNrred3eGE+uCOu20/sjNonowOWxWVu9SyDk8FTTkfXKB1H
ELH+jHg09an+2KAC3GOc3y7KFe42esOYHOBuYzCIF+SQxkuy/fbg8PmmJgnHYfEBeDHEDak8xr0n
ebhmzavlOdfxmRte7fxBzvKXpT4VeKVT29ak4usxdd1HFxxvbBl+U7/kQHic9iH26v3stcYMXn3n
rPfyAcTmwNol171EBfm+RKtR1yf8E81SM7mtIPcQ/j6BQJvGeFh2U8QjSsfB8R/g1eQJ5fdJQVs1
k/ade3bevnEQ+ymxhknAwzZejuKCF5zln1u7Lw3crD2M2/MT8fCiN7AwGHvPID2h4ezsbLaxUmkm
caZRBJOVAmFMESZ3VyoyH3w2S6N11+QX37+2TPjFMjGqAQ3suzy4Vw+3/nQuDCey+O4+ZPEQF/J2
QfENdLqEa9AdictrVICf6e/Jxk6YNhjXJx5f66cRLi6/r6xxyPXpxYoYzYovPDaOfdTA70u7Gnh9
8kMMrnyqE1+Dvi/p1bAPsLEZz5P4TLyPtDGwDfA7xxpiYPlytfWl712sXHwo0JB/DfzeM1ANvD4H
uP16EDKandLForUt28DN3PTGVtmGa7xFVePF1wB5SEQIRMgHY3WaHvysisS7n6/CMjo72DXxyZqR
eWRcAe6qFs0+vt4/O3p/a0113JXFk4n6OxVHrJ5UW5UUPSA241/ZLKQr87m4Bnj3i0U2FYXheKc4
HiQg9e+1yIdY+ixxjYcVJeT7x/QPqj1mNL4wFUlAvrM3gSEfYAo87qu8XLMDDbD9WqZpK/x4d3iO
ZvtjvMkjseqB/SRm+tEy+RYmYE2+jWkN5rDuq7ElLu955O7gdB/PipL//IdsPrRSyIEFHj8oMXnP
rmhmbOpWkFYB8Xs+/alI2MSznwqVONOnvdJO2zvR33N352p6kxSwbos3G6uaPv51ex5dpUtaFJQb
dboaeP82cMGX4cb4SB8QYc5ZlL7CnQp9872G3fmWmfMkzul/zzd9FFqhdZyajIec78CXb+Hm3c2X
kEloeyqmf8kB2tveKfbtF5IJyoyLp7+ATKARy+yfJWQdamu4kYkObcV/rWUWRfAv/GMWNu57KLl+
Ov/Op1WiJWJ2nD9K8fy1IOoRvFc07upciSd3i/bx+Br0nY9WlcVDjoOVVLxvzaBbgVrH9bphetGi
/JHvg2t7ZvW+t7vO/jQjiU1P0af5tQ6nLM+xrEXD3HiC2AC3y4r2XxHE6iM6Tmv8e9jAN8rSDCgv
WPsVSdVbtoUYxQuou2mGbkWU7va2ns3qK3KQxAFfEPzqh5M58bNzWpAzuiK2TSx7rz/d6/fJ/+uN
id2zLWwQJYX/4uzdKWmiOATLYTppkhUvrKnVtxF4tQRiOyFkSC96eE3jOCljDx/KxGC9Q70lZ/Ib
IfkLCFgQDz523FHPgYL0ZceIXqs++Qt7iJAFxVMZPpP3gyQDrDUsCQKEggR83IusrtPLVI3i8yDg
XhkWqxeC0EV1DqOTo1eMF/kLBIvjVB3Ujheh2BGsYTljvtYEv7fy4vDoeP/D6RyhUhc6YGCylRpS
gTJQ94oe/N1NaZ5fJZn/4v+Kf0BIkEF2cnrJVMdLzq46PsiQguReTBB07SbXHVRG1QQmYVHSBXvB
4gVeGy8s7q4ifGHxM4J2gHhiustMlK7FrBMQHjF0B7SAzJcsZ6SSBqEZI8WSEYiZc/gBOuLhZBbE
ZYTHXlj64ssV5Ia2Ia7zJIKeASJo48xpwHZIgrsNOaIkbsboBVklZaZwER4QmFQecDECzCd+SSZc
IeK37KpGt+uzgMKM5uQqiX8sCPoBmhGUZgTM4svDV0ghfhxG8n21ZDEp00VGfUDQdWLUYolsz4kJ
efZpKd4ZQooERol9AijUm/lBBpAHgfJD6i9vC1LDBIYBVuEXK4S8fHbJPUaW4sMSCIkQs1TXatb2
iHhNPd7Il2XhJ7AA1Id69oizpd4g74VJznxnS1C2H4bJFcGFBcRUX+ogl5ySf6LKYRuhe9XTz3sE
jZLoeiT0UPURL/XEJUJgxkAoiM1dESVKbK/Utr6tEfvsEweBJDHIlfo+yVguxY9ixW86kIjRvMzE
8iYgdJch0SAc9kdJQxTbgl9C20saloxsq0HB0DxH7HJEWDAMbUoHxI4fVNiD22Lst2XkglRAq/bz
VezhVzUIvtgD9KgrGnwAaQnVrjjFZssMnE0JswfN8x0injknavHDetgh+Cp9YATtvpANGFyERWUM
GoRNJPJzMb3AE2hZllxz0DAGYgCWhObGNXEoW0XQSYC6im1QJ3cIL34E8RWZ6Aa5I35MAlWm1Zls
Aw8lrBtbiEWw0VGc7glUbV2lQjmyMo5xOn00UEkqJkE8+ph3CWSJ6jeJ+GIJixm3e3f0xacUByWS
ZWVaSKgUGAomAtoUX2JyYVGKLwz4ckHQy4T7QPbtFKCOoM4lIGjQrq6maNC4IxvVmgbmXxzAk4vy
NVhi0B70qETCYR1EvMC1HbEFdVcQgnbJuRR1TwiX54hbdJ/jrF1xIXmhUbBorzoSUaVkueAw4EAi
WCSGb6NGNHi8vhpSKjnMVonLlCwSmKgElylqBQ60EGR2BGl7pIdcwOjCBMu3/P+v5wBDlLvoR+/6
NPohUUkFCcp81iQpdDkB84H+EexeRRCOWlFl9eyBIkwYgU9iVSj68h83QKFYF4IktBhEfYQLVjq7
Zl4pjG8iSZYrEp1V3ZpdexAl5A1H0nC9mx/tkfmbk3NyenJ2Mif7s9npydE5mR29JxDn/XL0fodA
IzJ/B62OyKc3706PyOz9u4Oj8/Nu2wQY8rCHIyWOGct4IhwyGuIcGfSWTJhkIY3a2FogewgJfGFb
RJMO5nDSzApUEB8Cn2CgQZuQ328pm1QyiPjQAcbYTA0mMEskYHobQy49khjjHfoQ9POiQ/dma9QF
FV/DtKXMw3BAShbJlfMq+9Y8gHqxNG9Y7fcUr/nz20lSnPcV5wuaubAyOl4ShjIWFQbodumKpYbk
qF5E9QLbHdG4FMGHTgkEZpCb5c93Kp/QVsJKDaV7DQLAJfmNmiXYJe+kzZcKD9FDUoZ+TQsHJ3IV
k4b+XCJOBfnA6KjXU7zCaMfCWNxwkkJ1JIaatyBLosrZyt6qRUdXTX2GkRs1kzd0g9yiUoZ2nFcB
I05ZBiOhGipF9ssoldGVDOGIutHBG9V8HWIj1UHQLsisOIArcPOw2OktAganDY4PRrgEJctzSPTB
MBRLmLVFFW2i0cLRGqp2qomUMYIKKruSGmz6TTlhnuMty/gir2g/oClCeVRG4GPxrXGkygVwIonM
iiQVjVxxvShRihVzU8cg2E4VRWLADkbBJTjdQT1jh4m81dZpjI3Q6kn8snG1hCQu1VDnTEQOHY/i
O+/qeQFSRKwC4SNKD6iTAYbEkuJ7rDHRwD6Sw4Y76KbkKfmpRsbGTbSLAsTNuArv3aju0kMnVm+O
21MuAkKzZRLKENOlBWSyGIkLknP8sB5RTkbYNpn5qLvStbisDjale3umz1J1C81qtioQ+Q7pWNoE
iskTA3eKihjlAoTVbuJYkaJiCOlLzjGXEYE+dgagIqtL3kAsCLr0QgR35GD2YQf6Ag0urK8r7oPa
i1hBWs8af0fg3yOjKuxuIvJcSEdr2yX7PhiqJQ2DXfy2gEgTfAY6rIaCQQnWPVDBtIXYuD0NmZ6K
HF2jVcMQk4ZdgkR8mMWzKthuEkDMJZAo3A/AjmUapx113cpuztSqy/lXVs8nhuXVNGKxpgqZIGyX
6qG51sHUlp2ed8lM9QlpthAdqMpElS6IEYOMLpAFmBMQW56GImLB9DKi+A4BGDnDeToIOVZMRL6M
H2ZjeUHO5h8EpTmwhGy7ZUEwPxdT2Qwnk4tuZWuiouxgrz1BLWq5z9xysVclLD8RCxMVFa4tYamK
+0Slp7lMqFGT4zyRjktpg4XIpHGS2A6WCSSwqIFVnsKqTFRYMJ8WlOT0srKUWAGp6kR4T0thgTBR
Y5MBi6pH/J7wWCbDokz0I/nsJteo9Rk5OSTbnz+cHD4n+Hr8JdAA7a/A3KeZfMEAKAbmLxkkL90m
AgRNSEQTIWx8udLnV6cVfpXbaJAfxWBYLBJOE6IPTHKFGxa8JVV1RLkQrYgTBGJYuMeDVee65L6m
iBTiFLBujBaV3QT+5YftqjRApJCKUtAbpr7WESdeyFMi+oLaYFXPo5hKRslllZWjS1N+QNjiTnVP
Dpk3FrAqfOkVkrkocUh9h1UE4pWTIdoq5S5zVWrxYCUX0tapPh3ZZ4+kECRd8hCHkXZc2Sg1Cjoi
Gi/qRCHGbmHbH+5UrYyK2a1VKTnL+1FS4hIOpMNRKxpFqeYYHSyaKFGPAD3E38JDQuf3wl9qnQXj
MZP5r8skMpcFuABFVVO4uGWl8ELHRbHT8LySfRyoZh8MEaFtUlP5wUwYjYFTu43K3u1k0gwwgX5U
6w6IrTrj35qavljMWB3olOKrL7mmk+IAjRhIVHf1tXkoBhMnhnJhgVCeLMOZJvIrgkRxR1Q1pfLg
oo/BOuDrEJs8IwvIw/JGPE3FppZQ96aIlG26olwkamAnIYuRc5MmaRlWyqgu0JWJNsoi9oU9FBF+
J1VWDJ0JGibwdip2FtVaWaPaU14cS2oib5Rg6QTVfOGDpXWxw2/khvrewUc2W6B6uZngdAnhZpBo
MwKrrCP3qOqWywRnRpDSxfO8XZ4IisGSrSLMe3I8wJwDh3lDOiZz6j5p7gsWhBWji0UGGbSslqnS
mqwg4EeUL9r8CfpgBb87fIcfEe0omy9dHxqFKyaDawpL50qMmAvCGwYErKvVs8HT1pKXqikn54ZQ
YULlfaVM4OTxQ5jCVekxooAnuugg7I5RT7TS1Q4Rr9bbIfjyMuGfizoMA9MbsAxC7Q5aoBj9n7xb
uSvpLKhRClPbS5p/LSHkBFcurFhlLBRCMfPyfjXGjZmWvOpTXfCosdXKASNSbI8rAU0zziwaTBxQ
1PhUp6qe220GUHf0ESpp3u3ildmWsytXhVY6UTgAfaHkWRVJlgooLAZmOSpwVhYDa86Qm/gicuRB
jQjSD2BEbjCgBaoqB9LGAT5lIivPRkNOc5WWQCRJozSsrjDmARrVXO1Vkybvgd5iCWuP/CqCFfCf
O6Km9RsilW9yrt2kvvEh2MDAET85JKsG1f6TKAfc5rGEQxceOhcBssg28R1ZQKtytzr5clxBg/xJ
cMcKvYL0Xs2Ie+T4dH++Z/9jvDOcXls7/ev+jv0P6x8+BkRinW/jq1M9NK4vJj1piuXVYPhcRnly
j0FP1uUKR98CMla1NBF6iGIYzJq3IvL7ymVWGeUqQ8nq3QlhcQAPuCpP7P7klcA61c4G6IIMZ58d
C1MjhhLtDSSliBQk5IsG6YjYUgv6EvGtdsKuwfDlKrnzLsTxIZHIgERcDoH5SgZxoh3yC6RA6iHd
iFwzkkuBH4KRrLbVWztb7Lpgcc7Vyy/FW9K1T/+6nvqCaw3BXSX8bLABS6IvflKAMTSguBNpAMos
1K/RROjXAQ/FNykayCIyPkS8xFdRaNccVtmlDsDPC4s9cvmoSuTKLTK9Sa6+eqzDUs/k+j0LVHHB
6CnMfm6CIECJdMj57FS/jFb5H6H4erL6RYb4Cg8b9xZIBz/FPOwNemP4+cMJLImx58G/0xEbjYfB
yB/bbOgFvcAejYPBhFmjsWdT17X75AfAXSQXLIbwwJDYiood1up9P1/xeTF8VnUo3u/5VX65tm4N
l9eROScJsmP3en3LsvFo0OzwnSEqP/kiWGkDAcTN6QRzEee50fCco0H4fGbIqEUBXGKabbIFwCv8
YIIB1L5RjEeULPzMNhC8NJWz8dZfRDCmf/8ZRcQX8rvQ6ug3ikmgtNQRUGHQfLf6BjHqcbZKi0QA
5GGhhX9jzrmhJkI2fR0EOV4pzPeilMpYkfMvjNnezUR5qOnw55//H82Pzr0=
===END CRASH DUMP===
