PocketMine-MP Crash Dump Wed Jun 2 01:24:30 +07 2021

Error: Undefined index: NuTaVN
File: plugins/SETVIP_v2.3.phar/src/MCPEVN/SetVip
Line: 191
Type: ErrorException

THIS CRASH WAS CAUSED BY A PLUGIN
BAD PLUGIN: SETVIP v2.3

Code:
[182] 				  
[183] 				  unset($all[$name]);
[184] 				  $this->time->setAll($all);
[185] 			  }
[186] 			  
[187] 			  if(!isset($all[$name])) {
[188] 				  unset($all[$name]);
[189] 			  }
[190] 			  
[191] 			  $st = $all[$name]["current-vip"];
[192] 			  
[193] 			  $i = explode(",", $st);
[194] 			  
[195] 			  $date1 = strtotime($i[0]);
[196] 	    $date2 = strtotime(date("y-m-d"));
[197] 	    $date3 = abs($date2 - $date1);
[198] 		$help = $date3/86400;
[199] 		$date4 = intval($help);
[200] 	    
[201] 		if($date4 >= 1) {

Backtrace:
#0 plugins/SETVIP_v2.3.phar/src/MCPEVN/SetVip(191): pocketmine\utils\Utils::errorExceptionHandler(integer 8, string[23] Undefined index: NuTaVN, string[89] phar://C:/Users/Administrator/Desktop/MSAI/plugins/SETVIP_v2.3.phar/src/MCPEVN/S, integer 191, array[3])
#1 plugins/SETVIP_v2.3.phar/src/MCPEVN/SetVip(26): MCPEVN\SetVip->tick()
#2 pmsrc/src/pocketmine/scheduler/TaskHandler(137): MCPEVN\TickTask->onRun(integer 1)
#3 pmsrc/src/pocketmine/scheduler/TaskScheduler(179): pocketmine\scheduler\TaskHandler->run(integer 1)
#4 pmsrc/src/pocketmine/plugin/PluginManager(654): pocketmine\scheduler\TaskScheduler->mainThreadHeartbeat(integer 1)
#5 pmsrc/src/pocketmine/Server(2389): pocketmine\plugin\PluginManager->tickSchedulers(integer 1)
#6 pmsrc/src/pocketmine/Server(2152): pocketmine\Server->tick()
#7 pmsrc/src/pocketmine/Server(1992): pocketmine\Server->tickProcessor()
#8 pmsrc/src/pocketmine/Server(1586): pocketmine\Server->start()
#9 pmsrc/src/pocketmine/PocketMine(291): pocketmine\Server->__construct(object BaseClassLoader, object pocketmine\utils\MainLogger, string[36] C:\Users\Administrator\Desktop\MSAI\, string[44] C:\Users\Administrator\Desktop\MSAI\plugins\)
#10 pmsrc/src/pocketmine/PocketMine(321): pocketmine\server()
#11 pmsrc(11): require(string[91] phar://C:/Users/Administrator/Desktop/MSAI/PocketMine-MP.phar/src/pocketmine/Poc)

PocketMine-MP version: 3.19.1 [Protocol 431]
Git commit: a7cd0810020af15fb3d79127c77cf576085cd4cc
uname -a: Windows NT DESKTOP-KF1VXGB 6.3 build 9600 (Windows Server 2012 R2 Standard Edition) AMD64
PHP Version: 7.3.21
Zend version: 3.3.21
OS : WINNT, win
Composer libraries: 
- adhocore/json-comment 1.1.2@fc2f76979f0a44a5f5bc2a2b600d0762fe0e78e7
- daverandom/callback-validator unknown@unknown
- pocketmine/binaryutils 0.1.13@0abee38d4e2861621f262c79a2a3d699d8a697f4
- pocketmine/callback-validator 1.0.3@64787469766bcaa7e5885242e85c23c25e8c55a2
- pocketmine/classloader 0.1.2@9757928424652393b178a3760073113aa7c9911b
- pocketmine/log 0.2.1@830b44a2cf96ef703c550abe64302f230231ca49
- pocketmine/log-pthreads 0.1.3@e477ecf6ec214fdd4415ea1da3fdd9d73bf699ea
- pocketmine/math 0.2.6@43057cb8c179a9859677b496a788db922fd5cfc3
- pocketmine/nbt 0.2.18@9f82ca4d7f97fcd9a566e44b63c4f18a7657ae82
- pocketmine/pocketmine-mp 3.19.1@a7cd0810020af15fb3d79127c77cf576085cd4cc
- pocketmine/raklib 0.12.11@9cce458b8bfde3e4dfdbf70c659fc7b7fe26b5c4
- pocketmine/snooze 0.1.5@70b5e7937a06878dd321a3182ceb76d56298f2cd
- pocketmine/spl 0.4.2@6b08b7cf8c4afa17139c9a1b3bf1b408531de161

Loaded plugins:
DevTools 1.14.1 by PocketMine Team for API(s) 3.13.0
OnlineTime 1.3 by Zedstar16 for API(s) 3.0.0
FactionsPro 1.3.20 by Tethered_ for API(s) 3.0.0
MultiWorld 1.5.2 by CzechPMDevs, VixikCZ, fuyutsuki, kaliiks for API(s) 3.0.0
CustomAlerts 2.1 by EvolSoft for API(s) 3.0.0
TPAll 1.2 by matymare for API(s) 3.0.0
BlockSniper 3.2.3 by BlockHorizons, Sandertv (@Sandertv), Chris-Prime (@PrimusLV) for API(s) 3.2.0
PM-Beacons 2.0.0 by jasonwynn10 for API(s) 3.0.0
Worlds 3.0.7 by survanetwork for API(s) 3.0.0
BuilderTools 1.2.0-beta2 by CzechPMDevs, VixikCZ for API(s) 3.0.0
Netherite 1.2.1 by Wertzui123 for API(s) 3.0.0
Sponges 1.0.0 by  for API(s) 3.0.0
PiggyCustomEnchants 2.4.0 by DaPigGuy for API(s) 3.19.0
Slapper 1.6.1 by jojoe77777 for API(s) 3.13.0
ec 1 by McLebt for API(s) 3.8.1
KeepInventory 1.0 by KhoaGamingPro for API(s) 3.0.0
HideCommands 1.0.7 by Himbeer for API(s) 3.6.0
InvSee 1.0.0 by BlockHorizons for API(s) 3.0.0
BlazinFly 1.8.7 by iiFlamiinBlaze for API(s) 3.0.0
WorldProtect 2.3.8 by aliuly for API(s) 3.0.0
TimeCommander 1.0.2 by TheDeibo for API(s) 3.0.2
InvCrashFix 0.0.1 by  for API(s) 3.14.0
Farms 1.0-non-alpha by Dấu Tên for API(s) 3.0.0, 4.0.0
KygekRanksUI 1.3.0 by Kygekraqmak for API(s) 3.0.0
BlocksConverter 2.1.1 by matcracker for API(s) 3.0.0
SocialSpy 2.1.0 by Crafter20162017 for API(s) 3.0.0, 4.0.0
NoDrop 1.0.0 by Inaayat for API(s) 3.0.0
AutoInv 0.0.10 by JackNoordhuis for API(s) 3.0.0
reyyogaWtrhit 1.1.6 by reyyogaMnelux for API(s) 3.0.0, 4.0.0
OffHand 2.0.3 by alvin0319 for API(s) 3.0.0
AutoXP 1.1.0 by JackMD for API(s) 3.0.0
NoTP 1.0.7 by awzaw for API(s) 3.0.0
FormAPI 1.3.0 by jojoe77777 for API(s) 3.2.0
SETVIP 2.3 by MCPEVN TEAM for API(s) 3.0.0
EconomyAPI 5.7.2 by onebone for API(s) 3.0.0
Broadcaster 1.5 by EvolSoft for API(s) 3.0.0
PurePerms 1.4.2-c2a by 64FF00 & ProjectInfinity for API(s) 3.0.0
PiggyShopUI 2.1.1 by DaPigGuy for API(s) 3.2.0
MSpawns 2.2 by EvolSoft for API(s) 3.0.0
Trident 1.0.0 by brokiem for API(s) 3.15.0
PointAPI 1.0.3 by onebone | Fixed and Update by LamPocketVN for API(s) 3.9.0
MaxEnchants 1.2.1 by Xenophilicy for API(s) 3.0.0
VanillaEnchantments 4.0.0 by TheAz928 for API(s) 3.0.0, 3.1.0
AuctionHouse 1.2.4 by Shock95x for API(s) 3.0.0
PureChat 1.4.11 by 64FF00 for API(s) 3.0.0
BangHoiUI 1 by JVN | JackVnKiller for API(s) 3.0.0
EconomyLand 2.1.2 by onebone for API(s) 3.0.0
Shield 1.0.0 by JavierLeon9966 for API(s) 3.7.0
gem 1.0.0 by LetTIHL for API(s) 3.0.0
Rewards 3.0 by Wertzui123 for API(s) 3.0.0
CmdSnooper 1.0.0 by HotshotHD for API(s) 3.0.0
TrashGUI 0.0.1 by Phuongaz for API(s) 3.0.0
BetterVoting 1.6 by Twisted for API(s) 3.0.0
VanishV2 1.16 by superbobby for API(s) 3.0.0
PiggyCrates 2.0.9 by DaPigGuy for API(s) 3.2.0
SellExp 3.0.0 by EzMinh, LetTIHL for API(s) 3.0.0
cayphattai 2.0.0 by Lettihl for API(s) 3.0.0
MuaPoint 0.1.lpk by LamPocketVN for API(s) 3.9.0
LoadWorlds 1.1 by shin for API(s) 3.0.0
RPG 1.0.0 by LetTIHL for API(s) 3.0.0
TempBanUI 2.3 by SonsaYT for API(s) 3.0.0, 4.0.0
freeze 2.1.0 by Bavfalcon9 for API(s) 3.0.0
Kho 6 by ItzFabb for API(s) 3.0.0
restart_in 1.0.0 by LetTIHL for API(s) 3.0.0
luckyblock 1.0.0 by LetTIHL for API(s) 3.0.0
capdao 1.0.0 by Nguyễn Công Danh (NCD) for API(s) 3.0.0
SizePlayer 1.0.3 by  for API(s) 3.0.0
KitUI 1.3.6 by Infernus101 for API(s) 3.4.0
CustomItem 1.0.0 by Phuongaz for API(s) 3.0.0
luyendan 1.0.0 by LetTIHL for API(s) 3.0.0
MuteTime 1.0.0 by LetTIHL for API(s) 3.0.0
help 1.0.0 by LetTIHL for API(s) 3.0.0
ScoreHud 3.0.0 by JackMD for API(s) 3.0.0
BuydetuUI 1 by FurryJaki1992 for API(s) 3.0.0
PrisonMine 1.0.0 by LetTIHL for API(s) 3.0.0
detu 4.0.0 by CLADevs || GreenJajot for API(s) 3.0.0
ShopMob 1.0.0 by LetTIHL for API(s) 3.0.0
level 2.0.0 by LetTIHL for API(s) 3.0.0
shopvip 1.0.0 by LetTIHL for API(s) 3.0.0
NapThe 1 by phuongaz for API(s) 3.0.0
UpGrade 1.0.0 by LetTIHL for API(s) 3.0.0
SlapperRotation 1.2.1 by jojoe77777 for API(s) 3.0.0
QuestPlugin 3.1 by HmmHmmmmm for API(s) 3.11.0
Item 1.0.0 by LetTIHL for API(s) 3.0.0
BuyFix 1 by FPVGAMER for API(s) 3.0.0, 3.7.1, 3.8.1, 3.9.3, 4.0.0
Buyrank 1.0.0 by LetTIHL for API(s) 3.0.0
AcidIsland 3.2.9 by GODSMineVn for API(s) 3.0.0
PickaxeFunction 1.0.0 by LetTIHL for API(s) 3.0.0
OreGenerator 2.0.0 by vividmemory, LetTIHL for API(s) 3.0.0
PHP-Sell 1.2.7 by Muqsit for API(s) 3.0.0-ALPHA9, 3.0.0-ALPHA10, 3.0.0-ALPHA11, 3.0.0-ALPHA12, 3.0.0
CustomTags 0.0.1 by DaRealAqua for API(s) 3.0.0
thoikhong 1.0.0 by  for API(s) 3.0.0
giftcode 1.0.0 by LetTIHL for API(s) 3.0.0
PureEntitiesX 0.7.0 by milk0417, RevivalPMMP for API(s) 3.19.0
Joinkit 1.0.0 by LetTIHL for API(s) 3.0.0
AutoClearLagg 3.1.0 by Twisted for API(s) 3.0.0
NganHang 1 by GreenJajot for API(s) 3.0.0
MenuUI 1.0.0 by LetTIHL for API(s) 3.0.0
AutoSellUI 3.0.0 by LetTIHL for API(s) 3.8.2
AntiToolBox 0.1 by NgLamVN for API(s) 3.19.0
HealFeed 2 by JackPlugin for API(s) 3.0.0, 3.1.0, 3.0.7, 4.0.0
WarpGUI 1.0.0 by RockPanther for API(s) 3.0.0
essentialsTP 1.2.2 by  for API(s) 3.0.0

----------------------REPORT THE DATA BELOW THIS LINE-----------------------

===BEGIN CRASH DUMP===
eNrtfWt327ay6F/BVbJOnXslWaTe3itdcf2I3dqJdqw8zi67skASlFjzVT5kK3v3v98ZACQB2rEl
R805H9rdbotDYDAzmCcIgv9ueXEa0vzziqWZH0etg0G7lfshax0YI9Mcjo3JuNcd9IeTfrtVJOLO
sNsfj0xj2usPjOlgOhi1WwHN8pM0jdPWwb9b+TqBVi1+fXLrMOgGmNutkGUZXeCt95HLPD9iLvHh
1+0BeVPM6Yc30MYrguDUD7BRsqTpwf7+0cH++wyo2z90Qz/yszyleZzuH7PsOo+T/curw/P9JCgW
fpTtX53MP5zPPq/Mbr+L3fez1Nm/PJqdfHizf8XyD34C4ASHkUNs3A/6BEAwiGVqgIRS6sDvX1vP
emRzHHvQ98UBSWLnmuXAC7OsIveDzLLe45+DA6ZJ7IxGbsDSPT/K2YKlZNImwLwfLX41+7+Rr4iw
ajOZ/kZ2LcE2KWlBKRCapnT9a/+3FyCcZ8Y2gjBHIAcBsiwB6/yY+871HsdlkiTETvhfLa39zFky
twCR7M9pdl2Kx+iPFWRzQIJ3Oz/G0bsiqoRncMT9TRBflVd7xnjamK+qJYxU09D5Mb0z1OD+oYSQ
9mf8zyWNwB7SvdFw8PA4FUmdH0PqR/Nlyqh7xmia24zmjZGH9498xVIw8j2zP2kyJWiyLI0oMR/V
wFljkNHDgxhDszGIuKPO8vhBFMZ0+hCKWRo74E7iVOCaPIxrOBl9BVeWgxAFjun9OGb85yX83DPv
2G+J5vNnJ47AsAon34vt35mTk59oxo7AL2YXMXVZ2iYSfo/5X8KcXsSLBbaS5tsf/UaODsAzoOFa
lma5liVNF3qC7VpW1Wsw2KKXtFfLEvbbe5T9vtlkPxPyFQgMgWDPwFYp+6PwU7YnCZsaW3mjetDO
5ax2IjpZL1q//dlusZ1EnW8JB0CE6PjZj1ZxsGIhi3LA5gL/Tt4q7wJE4AWIE7sMaTYmJoCtXPyP
ELhlTPoaqIgylu89p0Hw6/OIhuy3F//grQZaq+f50s/QMkIGOs3ywyDgfWTjYdWYkD85ZKRAOGCs
AHxv7//4WXPcF+TfvOVkI/qmzSGnvcaQU0MBPM9y8pIoaH61Wk6RpiDKzspPrNZvHO3UbCLpq0h8
wMFukwDEu2e12vAvIhYUTQfNrqpUnrs0ZwZ0B33MY5Tj3nP/157kZirERYhsaGoNEQLDrTthx7Va
L2SXsd6lD12one3J/h05omxcyvT5kgUJCoJ32Z+MBr2eaFHKk98ZQBPwxysKs4w9OBaz16uG5Jel
fGE6Za8fX4L7hmn88+8U5u8U5u8U5u8U5u8U5n86hWm3FixiKQ0wH8DIB05b6wuE2TAPdYXe6neN
addAeOEHLuQgk/6w3fKzzy5btQ48GmQMko40zmMnBrSDPlSsCx9TEjp23N7E6PXMHvWMoWf33fHU
MMfOeOx4w/GoNxk67sBxAHchafkIvjm+ycibOTk+ufpl/nbW+eXU+PDp9U9k1O0TTgKZjno9slc2
FRpFIACZ5J1JrnJwMTR1yYnrY1B4QQ4vj0cDTIygFj9ojcHJmsjOFxa5nD15Dbc/xxnScP7mzRwA
/OLGj3gGFSYxzMHnwLdTmvosQ/lRdwk8p2z/9yyOOtBGpmJG1+iarzzH9Maj6Xjq9ehgQIfe0HZM
atpAvNsbj0yP9dh4wsaA3qXAAZAdh/sO5CQ2da47EG19FycaEBbRdRTfRK/kXyS2nljbj2i65oYB
TXswttF/1aM2Y/2JO2DmZGSMTMMzR6YznlKT9t3RdOpOKJDmDXRU9w5udHvd/qvRYDwZD6DPaGQ7
lI7ZcDIZmgOTwRyafcccsokzHFKzgRDNOeDmLGkzX03Hw/HUnAzMwWho9qd92xhPaB+0oTfuG0Yf
cDvTqWHYOqYgXnAMZtd4Nen3bJCo6XjTEfPGvT6MjAyPBv2e6Znwf33DoYPpHQydJOeBoBRU/xUb
jMfM8UbMMY2B57qDgTFk1HBpHy6m7rhveyAtRnVUIc2XkprRKxh0OHbsiQPBj04nw+loPLYH0xEd
TyauPTVNzx06ntPXUUR2XvIzeTX1JiYQ7I49mBPHndLhaMQGA3vUdwaeMaHj0XBM2aQh3PpnJ0wq
Q321hdUpyFJ6Dbot5AI0Ga+mjsMGw4k9sT2X9dnA9VwbZO2MhlPPGdtjj5kje+g0NCiL4vgLk+Id
vhr37CEbT/tj2htNxhPXBY9I+1CHOMwej9zhyJxOPNNxG0iSgGMYgLaM7N7EBsInzoB61Bgb/akz
pYYNE2PYA+Clb7jMGBmtP6vCiNvmMVvN4zjIFD9Xgdqt2ruBtQy4d6NFvozTDHPU2iGSOaMhek2a
+HgHRNzv9hDAImoHDBwIhDDwfy5LwJ1gb7iXxV5+rAIwBVEIwMBSkYLWgcXa/PDd/D263xtmZ36O
BC/zPMkgAIA3XRZ2FxyM4uf3KxzA+NsI68M5Xy+t+FWAOsd9nd1/MReDujHSGO09nc8KoWXVNIig
XTM8e3s1//j23cXxYyxX2PYVhoDnU+qgf88gsVGYVqENrrtmT2d8zvIlS5n7+dsYbx1GuX+V0BDH
rKWgUGJZ8mITESBvl0WQ+x/jFONtxZoC1Dkbdk2dsaMvzFnOLkFDUMM++Lf+9dG/+HI3xImsuPbh
9zW4eP8629WcOzhkEkJOAOodIqU3SCnMukr1tnOvMLKvIAIJHRVZHoeHkGjnqo1rYFVKZtPIT1Zx
cAXM7EoA6siW1aBjAyO/ubnpMqAJ8Xfza+RxPjsM1ERNXOtz35h5iEzrkKZsV1yV+CwrTyA52MyI
kfafAvBUV5GfsFThQIWqfIBtNr0Sb3oWp/4XsCG4dQX5EUhzRfZelT8xiz5apn7WmaXgFOAO/i2y
iw8vNP7NrS36cj0L4lwxZo0ay1L4sCxRrmwilNll5ydGsfBR0+8aqCssTpsmkt8p5Jk36ygyerua
XwWlZdmcDOCuIudRjrg9qtxIgD65ve5Y5yQr0hWNWA4+4npXrHCclsXdDkxRRchGPkdmDl2OpAuU
7T8TiLguY9XB0mY+oYEbVtntdWyW04388l/hgW1BWy7SjQal3+KFNVQgmzc8hvKulWBqWFMqDR/8
ESj8UviG2d+VEGqMllWR8eTUo8a2X/METF8lcbRgqi6UEJ3hpgXviMnzaLUeDi1LDrq5U575i8Va
hKaTyFnSSIud993VPdKg6ZGOKXR6Xaz1FHn6DSmyRGhZ91BzL/AJ01oOsn8Pun0+vwFN9MBVQvT5
HTUV+vf495iN8Z+dFQ2ZGPnJOlyTtF8ygc+xHIU55uh86TxdOhfM1tOkCfD9RHYENstiGMKdJcvy
zdX3F8YS0H0W5XG6VujX4Q0T1Jn5ZRnT1xSqzIVM1ndhjxpSy9LI2Zy7M99lR3EY0kgLqBq46V4a
YfXMD20GE6zyNXo6XxKdZak0bKiIomtXlGogjSumRggJeNhbNlLAHU1WI5MTlGyTxP0U0C9+dBqs
tby2hOksTZoz5PunAWiKH2GPnWXpOlZMTyU5ys+NsznQ4RyfJDdyuhKsRwTwBTqDUFUWwXpXjAls
MqlLBAVNBdxw5eSy8FPPZ4GrrpuVT+DylOGqXpazdF/jFqswKC2k8mshQYc3VbmR+c2X7Jj5dtPl
mE8VjDb4JhKRZniU0mx56t/qtlhBVS5g2hrhTQtpg28oKos/gCrL8qOVgyN7/u02BnhK0zDTlnzw
ujEBnSiOOjRIlrSRsViFweiwIHOr6PUYje6oars1+BaVXYa42gMUyT8bBbb1gl2/o9F19v5cjWsq
uLmY1Qxs2Dalf4R0ZwWVghKCmkLLlqsA2VEM0TDN764EKHcaazXNxCqkOagK2G26w5UNiVGW8zUx
2yjjVez4NLhK1GhQw5pcNSYN7M6D8cyeMYL/xrtWRSd0cT2eZ49HoXslfm/C1Zv4OI0TtaQTgEcC
9nlE6ZrubElNooNKjo++udodFnkMbk2hv4TccXANDn4GjXgTx6m7LPxsd4ssznVUIrUsGC4G12dZ
NVGPcpSy9Tpe0I95uvTV0KzDGw82uiOdOdn4MmJBcbtrZZPIgQxj84l663m4I0R9aCEhzaWwfjPN
WPlRr29Md5dpSISWBSRAKehWPzbVuE+zhsJ9mt2ZkXvU7fJ4VzwIbEKvPs2eXDEKNPuSA+4N5jPN
F8xnj1Ui9OYLvdnZ3CAyy4riPHkyU4IgzB7iNDycqWG2hDwSYb9S25vf4BcqjJArCCKqHxvFHrHB
Uwk85Y5PLUVvlPN83xeZnxxe7mp+9H1pm1B+4sRRHK71eVCAKgfD7riZTccRs+G/XdEv0VkWExQA
TsvSqHk80UmhhcMLCDXJUaCNR3Z/7cMoZWDIbjQqnvYoalakbMb0vLuG6bwNumbHMRt592hwetrr
kf8iUFnhrq7zyPMjP99ZpfhZDGBZFVXKzyf4C95XVoc1nnIN9WoZJ1qqrkIfSWXvXTPd/hGVpp/8
2aiEtL66miro0y6+efVUoOGrppdXCb3RHm2VEF0i5l+r+3JQ3LRXjv7Ex6+p7/INXXXJLyGPpMF2
Gl/7rLFvZPh0jiQ+y5Ljwwxe1qQ8vuoP2Wauu9oK1OSkf6+jJf8hp/4tcwlkQ+R9gru7ib0mFzQU
+1E+vNF4ne7AFSdIIXfECq2PrG9c0tt7Hmuo0EeeR31iUZws/cB3duaXFJSYu9zWzzJ0uh6dxQ80
8oOAyi6401Bl8r67KrODu1o6X7LDL1Nzck8h0OeZ6hM5XglSoOSMU/YE/1LStX8fTzzV5ltpzuIi
Y1rCrYCb8zzQWQen5VxPh7ffuO9Hc8HqMpry9EaOhFUfp2+J9GGKrlH7uA1DCDpa0rwRfjmoGX0N
477QuxWvSmy/yzb3++Xupla7seXqE1v5wNXspFM1+UqURuLrXzuI0RwNJmM0WpzFvhaga9gDj7p+
hsT4PwTrnw/RL6B737rapJQWiq4oBRtmzZvWyhLDhV4vq9Bm4rGDrLlB96YZdMDrZ522x8uZJS7P
q+WMADwSbX+mK5+lFyyOptORvodx/Bh35WrDg0W1ih6KHE5U+XcTvhaQCtRM4dUjHF2wfH5+drGr
ELTA1GFTLXvHbmiqPYAsIY0tPd9zJ4ckYRf7OCQqnrAqa6LKDkJ1ofTBaTqLc3Dv+dnO1m+evl47
x8jzWnN4FejhZzqt2bKIowX9srN5i+MAM1Uxuvy1UQnNcqhQP8S5Hy1Ux62CG9svGgnNjQ81rrsr
RiQ63A5XU6BfbZq3ZcsPZiNZ46DG6uCouUkOZt+ObXu9uy1yJUbLKomof22+gyiFAuDuziEBbS7c
Tv+S6ve+jUBf30XEKdMuvn3XEEcjdguxIDi5VZ+WlJDmLsiGAzn5culHyzbZsb8XaCH8fpphdb65
73foOoEUKqe+wosCfGR7KrCR+8tgZ94w2WJr0GVBeZ2obZeXIN0BGt0guW4Q/sQ6Vi8Aqjr1AZ6U
kXBnvCCw/rUJp/ho8s6uWwXY8CkNl7L0o13NTz3m5nEZLcpJVlE3jxOebcxeq5kGXH3f1ChZbWEe
cxYmUEboUbaCPbjofgVlEP3v+a6fuUm0EGRLMjbnxksZ+6IW0BLwyCPrn+jKowHo/c6evNUYLUvQ
sMWOwKX67g9eqeQ34ul5/uWU2vaT6587Nf5Xn1uLgbBG2Mb9poy/W/0ZcSgPeCvg9zUNOfDm5AeF
c722cSeFQr4C/L7k1wNvE/8Sl8Za7OOARyh/s4BMozCYM4zIEe4q8gbRghzTaEn23hwdv9gVSzgO
i44gW0fclnXBViw4z4JNy2v/C5sFdK3va66BDy8F74gHPt4FjgfWUf3eyNT9XN8cxa+bz2ybJh95
LI2KzOgZ2iwMvmVTSoXSsjgRmyuYSFjPc21BQAE+omi7LtXqkbexctBBl0aajUvQ97ZwMew2SWLe
fEe2An1f2sMi3yLK4Zk7Cs388vvSi0NuTu8VHopwVmhLeSXokZLor9kQU46+xcbFYu2yvNCXkCvY
A0vIp0Warn+m1z4ex7IrPjSkvFyYF2+W2+V7s9TP4uiSHyNWF+418Dsn3nxgcSbKphyg8BXa+eUj
z7iOLg7xrTXyn/+Q15BaRj/T3+PdvfErkAMDfuTHW/ghTAsvY1tb6RaQ7zsJ2VbpaYDphur2+fXj
awK7VRvISv3FFkqDPK581X2WkO8vazxZbmPC39BkvtTeqhSAB3xPsuP8oMRnWWLs8u8m5L9PXqfU
VekvId9X7sU2cUu8H/cuzik/zfHO63/VnUf2EXxlq+C35M06AZvz9M8CLGYmj4Ss+FGhekRucHIW
hvAv/KNvZnlse0D1vuSDL0qES8RsWX8U/DVATtQTFmZLGvdVrvB1Fz3P3iTD3rHy+Vul1pBf6G/m
SMBD2cbsw+vDy5N39+7hGPPJFG9rtvlyZv9bF5wERVuxlNLoWueJQ77zYgYMucXrA47vyrpa2V9S
A5snVzQecbx+e3yFKdWHaJf7S+TJP3HE1B1+4qAKYE0cWLHRExznmt6y0yJyGk6ueec7Z4Ri9C3e
HUjZa36WXR6rKxoa+JHsZOWvfDdkYZyud/4URqXDsuTPzfb6nM06+ARJnZoS1Aw8jW33l/zNuiYL
ncOL2dnhlDuB6tLoNa6NxrVZXj85ZgHBZ3wjyHbrI3O6uHukDwc+8ij7mL5jNDj8o6C7mkSXpoCR
AsbNmHD9DEpNtwu5MY182mUFP/x2GfvXy1h7rF3DvsuREdVwm0/Gwvfy8uTocu9KCfrOG1jksFsU
u0XKTqLcz32WfWrsmavhujqNm1yEfnDdGxhoYu8YuAoazC4vZzs76iIVOJMwhBQ1KbA8FYSJPXEl
mVu/6KzQuq/zC4L5Ofaja+0NshLyfaf02s+3e53vKGA0vaCLReMdqxreyGPvbHfd7e6QvNwdgm/z
OUhEAESId69Umrbe/SrwHmbroAgvj/Z1fFgXLigedK3KoQI9kCnufvmjxrjFCiyL9DU1CfjOq68w
6Hbah6FMo1sBPrKieR/tk6e/+C/RbUE+mD+e1vRTrJYWKrSxP6L5cOuCho19Ed/i9SQ+MJSagk3f
t1bMpCQLz02BCH3KmJqrVyAt/7u70ixrxa9tgG9XR5cNvnUVeiZPDN901j7SNNH385WQR0zlHZQJ
MxrhYVW7Mpd3/CEqjr85/SzLMJzRINNeHdXAzVzW/CsSH3VEy2qM/wgbeKIsTYHynDUPhi1P2eYL
HPwA6m6S4m5NHrIPWs9m1RU5iiPPXxD86oeVWtGzK5qTS7ompkkM86A/Pej3yf/rjYnZMw1sEMa5
+/Ly7QWpS04Ei2E6SZzmL42p0TcReLMEYjsBxIyXPbymURRD/YYnm+CD1Q51lj4T3wjJXsYRx4Nv
RXXkYSogfdExpLeyT/bSHCJkQbEycpm478UpYK1gsechFCTg4rOV8jpZJXIU1/c83ymCfP2SE7oo
a6FOhtvEokX2EsF8EbmD2vEy4PsSK1gG9qs0we+tvDw+OT18fzFHqNCFzh8FS9dySAlKoWou6cHf
3YRm2Q1k5S//L/8HhATOu5PRFZMdVz676UDqnlOQ3MsJgm7t+LaDyiibwCQsCrpgLxmk0HCtHVjc
XYd4YPEzgtZBHD7dRcoX6visExAe0XQHtIDMlyxjpJQGgUqDgNUSKPAz+AE64uBk5sRmxI+coHD5
lyvIHW1DXFdxCD09RNDEmVGPtUmMDiFDlMSGkuaarOMilbiI7xGYVN/z+Qgwn/glmWCNiN+wmwrd
vss8CjOakZs4+iEnuMJHU4LSDIFZPDx8jRTix2EE3zdLFpEiWaTUBQRdK0ItFsgOrIiQZx+X/Fg9
kscwSuQSQCFP5gcZpDQC5YdkSNzmpAYxDAOswi+Wc3m5kO46jCz5hyUQEiJmoa7lrB0Qfkw93siW
Re7GYADyQz0HxGrJE+SdIM4go2txyg6DIL4haFhATPmlDrLyKfknqhy24bpXHiF0QNAp8a4nXA9l
H/7KHJoIgRkDoSA2e02kKLG9VNvqtkLss48+CCSOQK7UdUnKMiF+FCt+04GEjGaQ4qN5ExC6zZBo
EA6DijVAsS38FbSFcqBgZE8OCo7mBWIXI4LBMPQpHRA7flDhAG7zsd8UoQ1SAa2CZDRy8KsaBM/r
BD3q8gbvQVpctUtOsdkyjcEDwexB86xN+MFNRBo/2EOb4FH6wAj6fS4bcLgIC4sINAibCORXfHqB
J9CyNL71QcMYiAFY4pobVcShbCVB5x7qKrZBnWwTP/8BxJenvJvL0N9xlWl0JnvAQwF2Y3KxcDY6
ktMDjqqpq5QrR1pEEU6niw4qTvgk8HM3sy45Ziv5m4T+YgnGjPvG2qrxScVBiaRpkeQCKgSGggmB
NskXn1wwSv6FAVcYBF3Fvgtk308B6gjqXAyCBu3qKooGjTuiUaVp4P75IpgwytfgiUF7MKISAQc7
CP0cbTtkC2qvc5A4uRKi7nHh+hni5t3nOGs3Ppc81ygw2puOQFQqWcY59HwgETwSw7PyEA1u/yuH
FEoOs1WgmZJFDBMVo5miVuBAC05mh5N2QHrIBYzOXbA45f9/PQeYojxEP0bXb6M/y+OEkyDdZ0WS
RJcRcB8YH8HvlQThqCVVRs8cSMK4E/jIrULSl/2wAwq5XXCS0GMQ+REusHR2y5yCO99YkCwsEoNV
1ZrdOpAlZDVHwnG9nZ8ckPnZ+RW5OL88n5PD2ezi/OSKzE7eEcjzfjl51ybQiMzfQqsT8vHs7cUJ
mb17e3RyddVtugBNHuZwJMUxY6kf84CMjjhDBp0l4y6ZS6NytgbIHlICl/sW3qSDC8HCzXJUkB8C
n+CgQZuQ368pm1AyyPgwAEbYTA7GMQsk4HprRy4iEh/jLcYQjPO8Q/dua9QFmV/DtCXMwXRASBbJ
FfMq+lY8gHqxJKtZ7fckr9mL+0mSnPcl5wua2mAZHScOApGLcgd0v3S5qSE5sheRvcB3hzQqePKh
UgKJWQE6+KJdxoSmEpZqKMKr5wEuwW9Ym2CXvBU+Xyg8ZA9xEbgVLT4EkZuI1PRnAnHCyQdGR72e
5BVGO+XO4k6Q5KojMFS8eWkclsFW9JYtOqpqqjOM3MiZvKMb5B6V0rTjqkwYccpSGAnVUCqyW4SJ
yK5ECkfkjQ7eKOfrGBvJDpx2TmbJAVxBmAdjp/cIGII2BD4YYQVKlmUFQ8eQL2HWFmW2iU4LR6up
apcTKXIEmVR2BTXY9KtywjrHWRbRdVbSfkQThPphEUKMxfMUSVkL4EQSURUJKmq5or1IUXKLuatj
kGwnkiI+YAez4AKC7qCaseNY3GrqNOZG6PUEftG4NCGBSzZUOeOZQ8eheKhuNS9ACs9VIH1E6QF1
IsEQWBI8/w4LDewjOKy5g25SnoKfcmRsXGe7KEBcnizxPozqIT20Inkg/IEMEZCaLeNApJg2zaGS
xUyck5zhh/WIDDLct4nKR94VocVmVbIpwtszdZbKW+hW03WOyNukYygTyCePD9zJS2JkCOBeu85j
eYmKKaQrOMdahif62BmAkqwuOYNcEHTpJU/uyNHsfRv6Ag022NeN74La81xBeM8Kf4fjPyCjMu2u
M/KMS0dp2yWHLjiqJQ28fTy5g5cJLgMdlkPBoATXPVDBFEOsw56CTC1FTm7Rq2GKSYMuQSLez6JZ
mWzXBSDWEkgUvmaLHYskSjryulHdXEqry/wvrJpPTMvLacTFmjJlgrRdqIcSWgdTU3R60SUz2Seg
6YJ3oLISlbrAR/RSukAWYE5AbFkS8IwFy8uQ4uv+MHKK83QU+Lhiwutl/DAby3JyOX/PKc2AJWTb
LnKC9Tmfyno4UVx0S18T5kUHex1walHLXWYXi4OyYPmRGFioyHRtCabK7xNZnmaioEZNjrJYBC6p
DQYiE85JYDtaxlDAogaWdQorK1HuwVyaU5LRVekpcQWkXCfCe0oJC4TxNTaRsMj1iN9jPxLFMF8m
+oF8suNb1PqUnB+TvU/vz49fEDxWcwk0QPsbcPdJKo6DAMXA+iWF4qVbZ4CgCTFvwoWNJ7Z++umi
xC9rGwXyAx8MF4t40ITsA4tcHoY5b3G5OiJDiLKI43l8WLjne+vObeG7iiJSyFPAuzGal34T+Bcf
tivLAF5CSkpBb5g8CyeKncBPCO8LaoOreg7FUjKMV2VVjiFNxgHuizvlPTFkVnvAcuFLXSGZ8yUO
oe9gRSBeMRm8rVTuIpNLLQ5Yci58nezTEX0OSAJJ0soPcBjhx6WPkqNgIKLRoioUIuwWNONhu2yl
rZjduyolZvkwjAs0YU8EHGnRKEo5xxhg0UXx9QjQQ/zNIyR0fsfjpdKZMx4xUf/aTCCzmYcGyFc1
eYhblgrPdZwvdmqRV7CPA1XsgyMitElqIj6YCaMxCGr3Udm7n0yaAibQj9LugNiyM/6tqOlzY8bV
gU7Bz1TKFJ3kjxT5QHx1V7XNYz4Yf7cp4x4I5clSnGkiviJIJHdErqaUEZz30VgHfB1ikmdkAXVY
VounXrGpJNS9KyLpm26ozws18JNQxYi5SeKkCEpllBcYyngb6RH73B/yDL+TSC+GwQQdE0Q7mTvz
1VqxRnUgozguqfG6UYBFEJTzhS/pV4sdbi031PcO7iJogCpz08HJEtJNL1ZmBKysIx7YVi2XMc4M
J6WLz/G7fswpBk+2DrHuyXC7ZgYcZjXpWMzJ+6S+z1ngXowuFilU0GK1TC6tiRUE/IjydZM/Th9Y
8Nvjt/gR0Y70+SL0oVO4YSK5pmA6N3zEjBNeM8BhXWU9GyJtJXmhmmJy7ggVJlTcl8oEQR4/hMlD
lZojcnisig7S7gj1RFm6ahN+Xneb4JdzeHzOqzQMXK/HUki1O+iBIox/4m4ZrkSwoNpSmHy8pMTX
AlJOCOXci5XOQiLkMy/ul2PcmWnBqzrVuR/WvloGYESK7dES0DXjzKLDxAH5Gp/sVK7ndusB5B11
hFKaD4d46bbF7AqrUJZOJA5An0t5loskSwnkHgOrHJk4S4+Ba85Qm7g8c/S9ChGUH8CIeMCAHqhc
ORA+DvBJF1lGNhr4NJNlCWSSNEyC8gpzHqBRztVBOWniHugtLmEdkF95sgLxs83XtH5DpOIDTVWY
VB98cDYwccRT8sSqQfn8iS8H3BexeEDnETrjCTKvNvFcRaBVhluVfDEup0H8JPjECqOCiF71iAfk
9OJwfmD+Y9weTm+Ndv+23zb/YfzDxYSI2/kefn/AQef6ctITrlhcDYYvRJYnnjGoxbqwcIwtIGO5
lsZTD74YBrPmrIn4vnKRlk65rFDS6ukE9ziAB0KVw5/+ZKXAOuWTDdAFkc4+O+Wuhg/F22tICp4p
CMhnBdLhuaWS9MX8W+2E3YLjy2Rx51zzU3l4IQMSsX1IzNciiePtkF8gBUoPEUaEzQguOX5IRtLK
V7faLXabsyjz5ZfW+El0yqd/bUd+wbWC4FMl/GywBovDz26cgzPUoPgkUgMUaaBeo4tQrz0/4KfC
1pBFqH2IeIkH5CjXPljZSgXg54X5M3KxRS20xSMytUkmv3qswhJH5/od8+TigtaTu/1MB0GCEqqQ
q9mFehmusz8C/vVk+YsMcTemic8WSAc/xTzsDXpj+Pn8HExi7Djw73TERuOhN3LHJhs6Xs8zR2Nv
MGHGaOyY1LbNPnkOuPP4mkWQHmgSW1P+hLU8j+ALvtCDp1sM+cl+X8SXa6vWcHkb6nMSIztmr9c3
DBM3ws6O32qicuPPnJUmEEC+Pp3gLqIs0xpe+egQPl1qMmpQAJdYZutsAfAGvymmAZVvFOPmcgM/
sw0EL3XlrKP1Z56Mqd9/RhH5C/FdaLkZDsXEURpyvzp3aK5dfoMY9ThdJ3nMAeI1kIV7Z859TU24
bPoqCGq8grvvRSGUsSTnX5izvZ3x5aG6w59//n/ous5j
===END CRASH DUMP===
