PocketMine-MP Crash Dump Wed Jun 2 03:22:51 +07 2021

Error: Undefined index: NuTaVN
File: plugins/SETVIP_v2.3.phar/src/MCPEVN/SetVip
Line: 191
Type: ErrorException

THIS CRASH WAS CAUSED BY A PLUGIN
BAD PLUGIN: SETVIP v2.3

Code:
[182] 				  
[183] 				  unset($all[$name]);
[184] 				  $this->time->setAll($all);
[185] 			  }
[186] 			  
[187] 			  if(!isset($all[$name])) {
[188] 				  unset($all[$name]);
[189] 			  }
[190] 			  
[191] 			  $st = $all[$name]["current-vip"];
[192] 			  
[193] 			  $i = explode(",", $st);
[194] 			  
[195] 			  $date1 = strtotime($i[0]);
[196] 	    $date2 = strtotime(date("y-m-d"));
[197] 	    $date3 = abs($date2 - $date1);
[198] 		$help = $date3/86400;
[199] 		$date4 = intval($help);
[200] 	    
[201] 		if($date4 >= 1) {

Backtrace:
#0 plugins/SETVIP_v2.3.phar/src/MCPEVN/SetVip(191): pocketmine\utils\Utils::errorExceptionHandler(integer 8, string[23] Undefined index: NuTaVN, string[89] phar://C:/Users/Administrator/Desktop/MSAI/plugins/SETVIP_v2.3.phar/src/MCPEVN/S, integer 191, array[3])
#1 plugins/SETVIP_v2.3.phar/src/MCPEVN/SetVip(26): MCPEVN\SetVip->tick()
#2 pmsrc/src/pocketmine/scheduler/TaskHandler(137): MCPEVN\TickTask->onRun(integer 1)
#3 pmsrc/src/pocketmine/scheduler/TaskScheduler(179): pocketmine\scheduler\TaskHandler->run(integer 1)
#4 pmsrc/src/pocketmine/plugin/PluginManager(654): pocketmine\scheduler\TaskScheduler->mainThreadHeartbeat(integer 1)
#5 pmsrc/src/pocketmine/Server(2389): pocketmine\plugin\PluginManager->tickSchedulers(integer 1)
#6 pmsrc/src/pocketmine/Server(2152): pocketmine\Server->tick()
#7 pmsrc/src/pocketmine/Server(1992): pocketmine\Server->tickProcessor()
#8 pmsrc/src/pocketmine/Server(1586): pocketmine\Server->start()
#9 pmsrc/src/pocketmine/PocketMine(291): pocketmine\Server->__construct(object BaseClassLoader, object pocketmine\utils\MainLogger, string[36] C:\Users\Administrator\Desktop\MSAI\, string[44] C:\Users\Administrator\Desktop\MSAI\plugins\)
#10 pmsrc/src/pocketmine/PocketMine(321): pocketmine\server()
#11 pmsrc(11): require(string[91] phar://C:/Users/Administrator/Desktop/MSAI/PocketMine-MP.phar/src/pocketmine/Poc)

PocketMine-MP version: 3.19.1 [Protocol 431]
Git commit: a7cd0810020af15fb3d79127c77cf576085cd4cc
uname -a: Windows NT DESKTOP-KF1VXGB 6.3 build 9600 (Windows Server 2012 R2 Standard Edition) AMD64
PHP Version: 7.3.21
Zend version: 3.3.21
OS : WINNT, win
Composer libraries: 
- adhocore/json-comment 1.1.2@fc2f76979f0a44a5f5bc2a2b600d0762fe0e78e7
- daverandom/callback-validator unknown@unknown
- pocketmine/binaryutils 0.1.13@0abee38d4e2861621f262c79a2a3d699d8a697f4
- pocketmine/callback-validator 1.0.3@64787469766bcaa7e5885242e85c23c25e8c55a2
- pocketmine/classloader 0.1.2@9757928424652393b178a3760073113aa7c9911b
- pocketmine/log 0.2.1@830b44a2cf96ef703c550abe64302f230231ca49
- pocketmine/log-pthreads 0.1.3@e477ecf6ec214fdd4415ea1da3fdd9d73bf699ea
- pocketmine/math 0.2.6@43057cb8c179a9859677b496a788db922fd5cfc3
- pocketmine/nbt 0.2.18@9f82ca4d7f97fcd9a566e44b63c4f18a7657ae82
- pocketmine/pocketmine-mp 3.19.1@a7cd0810020af15fb3d79127c77cf576085cd4cc
- pocketmine/raklib 0.12.11@9cce458b8bfde3e4dfdbf70c659fc7b7fe26b5c4
- pocketmine/snooze 0.1.5@70b5e7937a06878dd321a3182ceb76d56298f2cd
- pocketmine/spl 0.4.2@6b08b7cf8c4afa17139c9a1b3bf1b408531de161

Loaded plugins:
Worlds 3.0.7 by survanetwork for API(s) 3.0.0
Sponges 1.0.0 by  for API(s) 3.0.0
SETVIP 2.3 by MCPEVN TEAM for API(s) 3.0.0
Netherite 1.2.1 by Wertzui123 for API(s) 3.0.0
MultiWorld 1.5.2 by CzechPMDevs, VixikCZ, fuyutsuki, kaliiks for API(s) 3.0.0
EconomyAPI 5.7.2 by onebone for API(s) 3.0.0
BlazinFly 1.8.7 by iiFlamiinBlaze for API(s) 3.0.0
TimeCommander 1.0.2 by TheDeibo for API(s) 3.0.2
AutoInv 0.0.10 by JackNoordhuis for API(s) 3.0.0
reyyogaWtrhit 1.1.6 by reyyogaMnelux for API(s) 3.0.0, 4.0.0
Broadcaster 1.5 by EvolSoft for API(s) 3.0.0
Trident 1.0.0 by brokiem for API(s) 3.15.0
HideCommands 1.0.7 by Himbeer for API(s) 3.6.0
BlocksConverter 2.1.1 by matcracker for API(s) 3.0.0
CustomAlerts 2.1 by EvolSoft for API(s) 3.0.0
FactionsPro 1.3.20 by Tethered_ for API(s) 3.0.0
SocialSpy 2.1.0 by Crafter20162017 for API(s) 3.0.0, 4.0.0
PurePerms 1.4.2-c2a by 64FF00 & ProjectInfinity for API(s) 3.0.0
PiggyShopUI 2.1.1 by DaPigGuy for API(s) 3.2.0
DevTools 1.14.1 by PocketMine Team for API(s) 3.13.0
BuilderTools 1.2.0-beta2 by CzechPMDevs, VixikCZ for API(s) 3.0.0
PiggyCustomEnchants 2.4.0 by DaPigGuy for API(s) 3.19.0
OffHand 2.0.3 by alvin0319 for API(s) 3.0.0
InvSee 1.0.0 by BlockHorizons for API(s) 3.0.0
NoTP 1.0.7 by awzaw for API(s) 3.0.0
AutoXP 1.1.0 by JackMD for API(s) 3.0.0
TPAll 1.2 by matymare for API(s) 3.0.0
BlockSniper 3.2.3 by BlockHorizons, Sandertv (@Sandertv), Chris-Prime (@PrimusLV) for API(s) 3.2.0
FormAPI 1.3.0 by jojoe77777 for API(s) 3.2.0
NoDrop 1.0.0 by Inaayat for API(s) 3.0.0
KeepInventory 1.0 by KhoaGamingPro for API(s) 3.0.0
OnlineTime 1.3 by Zedstar16 for API(s) 3.0.0
VanillaEnchantments 4.0.0 by TheAz928 for API(s) 3.0.0, 3.1.0
ec 1 by McLebt for API(s) 3.8.1
WorldProtect 2.3.8 by aliuly for API(s) 3.0.0
Slapper 1.6.1 by jojoe77777 for API(s) 3.13.0
EconomyLand 2.1.2 by onebone for API(s) 3.0.0
MaxEnchants 1.2.1 by Xenophilicy for API(s) 3.0.0
PM-Beacons 2.0.0 by jasonwynn10 for API(s) 3.0.0
KygekRanksUI 1.3.0 by Kygekraqmak for API(s) 3.0.0
MSpawns 2.2 by EvolSoft for API(s) 3.0.0
Farms 1.0-non-alpha by Dấu Tên for API(s) 3.0.0, 4.0.0
PointAPI 1.0.3 by onebone | Fixed and Update by LamPocketVN for API(s) 3.9.0
InvCrashFix 0.0.1 by  for API(s) 3.14.0
Shield 1.0.0 by JavierLeon9966 for API(s) 3.7.0
PureChat 1.4.11 by 64FF00 for API(s) 3.0.0
BangHoiUI 1 by JVN | JackVnKiller for API(s) 3.0.0
AuctionHouse 1.2.4 by Shock95x for API(s) 3.0.0
RPG 1.0.0 by LetTIHL for API(s) 3.0.0
freeze 2.1.0 by Bavfalcon9 for API(s) 3.0.0
PHP-Sell 1.2.7 by Muqsit for API(s) 3.0.0-ALPHA9, 3.0.0-ALPHA10, 3.0.0-ALPHA11, 3.0.0-ALPHA12, 3.0.0
Kho 6 by ItzFabb for API(s) 3.0.0
MuteTime 1.0.0 by LetTIHL for API(s) 3.0.0
ScoreHud 3.0.0 by JackMD for API(s) 3.0.0
gem 1.0.0 by LetTIHL for API(s) 3.0.0
Buyrank 1.0.0 by LetTIHL for API(s) 3.0.0
AntiToolBox 0.1 by NgLamVN for API(s) 3.19.0
Rewards 3.0 by Wertzui123 for API(s) 3.0.0
AutoSellUI 3.0.0 by LetTIHL for API(s) 3.8.2
SizePlayer 1.0.3 by  for API(s) 3.0.0
PiggyCrates 2.0.9 by DaPigGuy for API(s) 3.2.0
OreGenerator 2.0.0 by vividmemory, LetTIHL for API(s) 3.0.0
WarpGUI 1.0.0 by RockPanther for API(s) 3.0.0
TrashGUI 0.0.1 by Phuongaz for API(s) 3.0.0
PureEntitiesX 0.7.0 by milk0417, RevivalPMMP for API(s) 3.19.0
BuydetuUI 1 by FurryJaki1992 for API(s) 3.0.0
CustomTags 0.0.1 by DaRealAqua for API(s) 3.0.0
SellExp 3.0.0 by EzMinh, LetTIHL for API(s) 3.0.0
CustomItem 1.0.0 by Phuongaz for API(s) 3.0.0
PrisonMine 1.0.0 by LetTIHL for API(s) 3.0.0
QuestPlugin 3.1 by HmmHmmmmm for API(s) 3.11.0
Item 1.0.0 by LetTIHL for API(s) 3.0.0
luyendan 1.0.0 by LetTIHL for API(s) 3.0.0
help 1.0.0 by LetTIHL for API(s) 3.0.0
level 2.0.0 by LetTIHL for API(s) 3.0.0
MenuUI 1.0.0 by LetTIHL for API(s) 3.0.0
NganHang 1 by GreenJajot for API(s) 3.0.0
UpGrade 1.0.0 by LetTIHL for API(s) 3.0.0
BetterVoting 1.6 by Twisted for API(s) 3.0.0
cayphattai 2.0.0 by Lettihl for API(s) 3.0.0
giftcode 1.0.0 by LetTIHL for API(s) 3.0.0
PickaxeFunction 1.0.0 by LetTIHL for API(s) 3.0.0
Joinkit 1.0.0 by LetTIHL for API(s) 3.0.0
capdao 1.0.0 by Nguyễn Công Danh (NCD) for API(s) 3.0.0
MuaPoint 0.1.lpk by LamPocketVN for API(s) 3.9.0
CmdSnooper 1.0.0 by HotshotHD for API(s) 3.0.0
shopvip 1.0.0 by LetTIHL for API(s) 3.0.0
luckyblock 1.0.0 by LetTIHL for API(s) 3.0.0
thoikhong 1.0.0 by  for API(s) 3.0.0
detu 4.0.0 by CLADevs || GreenJajot for API(s) 3.0.0
AcidIsland 3.2.9 by GODSMineVn for API(s) 3.0.0
SlapperRotation 1.2.1 by jojoe77777 for API(s) 3.0.0
BuyFix 1 by FPVGAMER for API(s) 3.0.0, 3.7.1, 3.8.1, 3.9.3, 4.0.0
essentialsTP 1.2.2 by  for API(s) 3.0.0
NapThe 1 by phuongaz for API(s) 3.0.0
TempBanUI 2.3 by SonsaYT for API(s) 3.0.0, 4.0.0
LoadWorlds 1.1 by shin for API(s) 3.0.0
VanishV2 1.16 by superbobby for API(s) 3.0.0
HealFeed 2 by JackPlugin for API(s) 3.0.0, 3.1.0, 3.0.7, 4.0.0
ShopMob 1.0.0 by LetTIHL for API(s) 3.0.0
AutoClearLagg 3.1.0 by Twisted for API(s) 3.0.0
restart_in 1.0.0 by LetTIHL for API(s) 3.0.0
KitUI 1.3.6 by Infernus101 for API(s) 3.4.0

----------------------REPORT THE DATA BELOW THIS LINE-----------------------

===BEGIN CRASH DUMP===
eNrtfft327aS8L+CdXq2zq4li9Tb96Qnju3Ebm1HGyuPvWVPDkSCEmq+yods5d7+7zsDgCRAO7Zs
q/6+H9rbXotDYDAzGMwLIPmvLT9OQ5p/XbI043G0tdfb2cp5yLb2rIFt94ej8dBqD/rjTme0s1Uk
8lavPbSG/fGw0xkO+1Zv0N/ZCmiWH6VpnG7t/WsrXyXQaktcH127DLoB6p2tkGUZneOtj5HHfB4x
j3D4db1Hzosp/XQObfwiCN7yABslC5ru7e4e7O1+zIC83X0v5BHP8pTmcbp7yLLLPE52zy72T3aT
oJjzKNu9OJp+Opl8Xdrtbhu772apu3t2MDn6dL57wfJPPAFwgsOoIdbuB30CIBjkMrZARCl14fev
Wy86ZH0c29D35R5JYveS5cALc5wi50HmOB/xz94eMyR2TCMvYOk2j3I2ZykZ7RBgnkfzX+3ub+Q7
IqzajMa/kU1LcIeUtKAUCE1Tuvq1+9tLEM4L6yGCsAcgBwlyHAlr/ZRz93Jb4LJJEmIn/K+W1m7m
LphXgEh2pzS7LMVjdYcasikgwbutn+LoQxFVwrME4u46iC/Kq21rOG7MV9USRqppaP2U3hiqd/tQ
Uki7E/HnjEawHtLtQb939zgVSa2fQsqj6SJl1DtmNM1njOaNkfu3j3zBUljl23Z31GRK0uQ4BlFy
PqqBs8Ygg7sHsfp2YxB5R5/l4Z0orPH4LhSTNHbBnMSpxDW6G1d/NPgOriwHIUoc49txTMTPM/i5
bd9YvyWar1/dOIKFVbj5djz7nbk5eUMzdgB2MTuNqcfSHaLgtyz/M5jT03g+x1Zq+XYHv5GDPbAM
uHAdx1i5jqOWLvSEtes4Va9e7wG91Hp1HLl+O/ey37Wb7GdSvhKBJRFsW9gqZX8UPGXbirCx9SBr
VA/aOpvURsQk6+XWb3/ubLGNeJ2nuAMgQnb8yqNlHCxZyKIcsHnAv5tvlXcBIvECxI09hjRbIxvA
Ti7/RwjcskZdA1REGcu3f6BB8OsPEQ3Zby//IVr1jFY/5Aue4coIGeg0y/eDQPRRjftVY0L+FJCB
BhGAoQbg/vZ/8Kw57kvyL9FytBZ94+aQ405jyLGlAX7IcvKKaGh+dbbcIk1BlK0lT5yt3wTasd1E
0tWRcMDBrpMAxLvtbO3Av4hYUjTuNbvqUvnBozmzoDvoYx6jHLd/4L92FDdjKS5CVEPbaIgQGG7V
Clues/VSdRmaXbrQhc6ybdW/pUZUjUuZ/rBgQYKCEF12R4NepyNblPIUd3rQBOzxksIsYw+Bxe50
qiHFZSlfmE7V66dXYL5hGv/8O4T5O4T5O4T5O4T5O4T5fx3C7GzNWcRSGmA8gJ4PjLbRFwibwTzU
KfpWt22N2xbCCx54EIOMupCC8+yrx5Zbez4NMgZBRxrnsRsD2l4XMtY5x5CEDl2vM7I6HbtDfavv
z7recGzZQ3c4dP3+cNAZ9V2v57qAu1C0fAbbHF9l5HxKDo8ufpm+n7R+eWt9+vLuDRm0u0SQQMaD
Todsl02lRhFwQDb5YJOLHEwMTT1y5HF0Ci/J/tnhoIeBEeTie1tDMLI2svONRZ5gT13D7a9xhjSc
nJ9PASAurngkIqgwiWEOvgZ8ltKUswzlR70F8Jyy3d+zOGpBGxWKWW2rbb/2XdsfDsbDsd+hvR7t
+/2Za1N7BsR7neHA9lmHDUdsCOg9ChwA2XG460JMMqPuZQu8LfdwogFhEV1G8VX0Wv1FYuuJnfGI
piuxMKBpB8a2uq87dMZYd+T1mD0aWAPb8u2B7Q7H1KZdbzAeeyMKpPk9E9Wtg1vtTrv7etAbjoY9
6DMYzFxKh6w/GvXtns1gDu2ua/fZyO33qd1AiMs5EMtZ0Wa/Hg/7w7E96tm9Qd/ujrszaziiXdCG
zrBrWV3A7Y7HljUzMQXxXGCw29brUbczA4narj8eMH/Y6cLIyPCg1+3Yvg3/17Vc2hvfwNBKcuEI
SkF1X7PecMhcf8Bc2+r5ntfrWX1GLY924WLsDbszH6TFqIkqpPlCUTN4DYP2h+5s5ILzo+NRfzwY
Dme98YAORyNvNrZt3+u7vts1UUSzvORn9Hrsj2wg2Bv6MCeuN6b9wYD1erNB1+351ogOB/0hZaOG
cOufrTCpFurrB6w6DVlKL0G3pVyAJuv12HVZrz+ajWa+x7qs5/neDGTtDvpj3x3Ohj6zB7O+29Cg
LIrjb0yJt/962Jn12XDcHdLOYDQceR5YRNqFPMRls+HA6w/s8ci3Xa+BJAkEhh5oy2DWGc2A8JHb
oz61hlZ37I6pNYOJsWY94KVrecwaWFt/VomRWJuf4zTwMs3KKcDOlm7ZOm1cfrTIF3GaYXiaFemS
Riy/itNLtJY04QjGlh28ZhGdBQzsBnguMHseS8CKYE+4l8V+fqgDMPKAYQROx7kSBDhORQiuCzS/
7y+mn99/OD0E0BWbZTxHchd5nmRg/BVLbYGkDZTtvpCIMKq+SOJoznQuS4jOpiWI19ncEGMn0XLV
74NPl4NKt3wfY4JumZlqZJepak01BMPm1MiAlUyP9s82NTNmQL0O5ecsX7BUXFfE1zBT6rbwmhoH
n1mafyu4ZXc3xUCN0XEqMtabh1LBwFUvilkbvNdujW235gmYPiuCnAu11bjWgCbb/bZtsn3wjbmL
ydkhW6JefuLX/PLgn6L4Dl4rKy45/L4Eh8Mvs03JxcUhkxAiFNDKECkViwYko1P9UPlojOxqiEBC
RxDMxuFqf3KiSUgD6hLqt4dNCcURm8F/m+JeoXMcJikAnI5jUHOvnr8J6DcevQ1WGj81zJzwUdOI
cv42oCHnEfbYGFcmVsepyNF+rsPalIfsAGI1iLdYqrFnwpsGtDFj0wU7ZHwWN5izH8ucMXhzAV9M
9z9MP05ucLJf5DHYYI2HEqJTDyJvW6b93/oZgrzzOE69RcE3tuh+B6RRidRxYLiYR0tIqiqi7p2b
lK1W8Zx+ztMFZhAVXybcnBurPTCZU43PIhYU1zeY29nqPYVJhRzIsNb3d29SaOHSLDcUToc2TKjJ
0NEyDi6Ank1NlDYwrB2Dijs0rjSIV1dXbQYUIfZ2fimWVMo9kfrUi0lB7o5DtmZpfMlZaDBm9R/P
mcLnOGp8x5mc1aTcO0/H0FKtQj2oMsBNjhq275iHkHmlBkeDxzOk0DmOTsOaDl52bYdMGnSIr7OD
OALqG2rYuGMGYVYziIHcx01hpTd4fII61hjRkhvEOI6sBa0zeQdFlsfhfgAd9ckzwA3e/tplpo/s
OA06HrfQ3lIXaxrZJI01FnWoqZ7dtt1YcVMR2DHv69O43NqPcn6R0BDHrFnWKHEcdbF2UhC7nAYX
iR5y1LCmVjbYOkipD/pid6wB/DfctNV3Qw8z2wQ18iD0LuTvdbiaFCmbsDTUVbKGmbMF+W7LtanJ
2aD39m2nQ/6TgEyxHHoS+Tzi+WpTWvpVDgCWsqRK+/mIIFn0VRsbNR6UBJ/PVxeLOPmoB8k69B7L
c0ih8bvC5Nx+sOYagbAI4xVE0+NyKBBFTZ9x8QjJlEh3NTS7KBlIKKZxHOgqUoEasU6vKZS6eEum
jDY8affxalESgEXwipQ1jJauCRVpuxUO9ERYw2Vpk2MD3EykO60Zy+laeeVfkUHOJG25FEiD0qdk
kQaqco1IT3EUuQsaGa7strvmmuk17eKta8YaP0EvzJVhUnMr8MkrxUQnVsx738edRE02JcSUR6dZ
RKLBkkedrjXelJ5UCB0HSAAKverHOu4B8qILpheTFOCeuFmEScdxyr+Bs91YWqAjdRxJyUMisPN4
qhf1xOU94TK9+kavNjYXiMxxojhPHl0DkwSp5PrLpJFbf5ncSD5vyazPDjfFkcQmU+gvk0czJdHs
Kg4wYZvsB/oWoLxuWN0bcf8qpCnbYNQv8DlOntAgeEAyjWp6EfHkZhajoGaN/0Yh2Vw8EHiKoku+
JNuvy5+4P3uwSHnWmqQ8ZHAH/xbZ6aeXT4w+zlaTIM63vrvqND4esvTexmloVh9LSDMhaOjr7/Hv
MRviP09jTCsDVRghBZBEVD/WsyKHaZwYdkQA7jGJJxGlK7qx5E2hcxw5+vrq+QtjCZhOFuVxqqcy
JrzBjMnKL4uYvqMhj+Yqu9oEQwZSxzHIWZ+79xEeRJyKg/m1762BDW0z+fon8/D0iDXYFE8VQvC5
FQ2PtpIVtl2NIeD5E414EFAVgOAevx6U3XZXl0LvpqpOF2z/29ge3ZKldoVHeaQ4lpIUSFHjlD1C
ACVdu7fxhIdfXY1v5pqT3disc0/ZzFyMI0hdHrtPJ7A5DkPr7C5Ylq+vsWKPBlQ+x9Oxje3gEtzY
d2yPmkEjL4LV5iJGxKb2gxNJwToV/1sm7Kzgqc9Z4OlnAcpThXnK8KQCFnZ3DW6x1hLQxPSfJcRc
wINmuvkdd/GUTDOTIz962dYk7ZZM1Dtyp2aWoEOb1YYN7MnptYUH7M8FImswabtXr8/o9S0pog69
Zzf6C4viZMED7m5MtTWUOJ3XdV5o0nV/1eys9YZRPCGop781sJnlNYMamsXR1SqKrM7mNrcqlI4z
E2RAsFaRc39YsJqzyw80usyM8pcBvidUE21T+kdIN3Y0RUMJIYFGy/r29ewioVfGPJUQc5Lsv7bY
rgbFo5rl6I8tsZvFWnndiNdaURy1aJAsGsXaQ6ewGO0XZOoUnQ6j0aYL0YsQ6+qiSFsSdv9iinmU
m8lBBWoG1d1bjSD5N3nLr5lHwDaRjwme7iezFTmloazxfTo3+Bxv4OhCghSKgwsarffsh0M8e5DS
bAG0mhWVCnpjX/y7x6Ks3hNS2+IPoMpxeLR0cWSfXz8kl7tYoEvXfbME3JMA/UyXnKWnLI7G44EZ
Yg/v81tl9ezOUoSO3nEkUeXfdbdCDhY0b+yECFBzI8SybtsFeZgzrncfbqbhorBY7lZt7TS20L6w
JY+LbHLUqpp8Z8MEia9/bWC7RKDBKgeN5scxN5xFDbsj8v750zksV6z4fIp+gSj+qfu0WiHBjG5K
vcADdOs6i/1CiPMYhMuM0poGboYtPZO/iwWYnHH/+olcGbtAuonQAlM1Eh5lEfQtkD4sxhnU3sv0
h8k7jVe8umcln7J8enJ8uinXmCwfUL7wIWv4ps+NAtyz//qGLn0agEw3VlivMTqOpGF9JibHk9YF
MyqcFaipXo2C9Jmw3U0mWvunk+P9sUjQq0ur07i2Gtd2ef1YGSDBxyI5WLv6tNAPBuCVzm/joNRJ
/u0tnc0eneLcWDjfLabJgdBZPKSUdlbkzVJTBXreJRQW+QPU7wIfCjkuDBdegprnz59l+6AcfX0W
5izUqMer5xX4HA9xrb0jUKxSSFuMzWQJeV6iccgH+MIo57jx+ybWo1UdakarDT9/PofwuxF4P2Vj
V+ED91ZTsG7UqsUzJVno99gVTY2DdCWksQie85S8ImETZ+QVqt1ytxCttRGvacB7lv1tijh6/Gli
he4BFot/gyiUrsySYA28O03c0DSJ8U5xPLBY1e+1/L04JpBCWnrzuISENgtG47/kaNFtpx++f3RC
UGZcPP2ohEAjj0ik7J141DOP9Uk1wPeU0ZZ8yb2QhXG62iEbtpU6HY6jfq4VTn+mafLOWGcl5B5r
/wHC+QnMyWJzR1cRpePg+OuvtSkGTCYDFeju+sTWZFHE0Zx+25hhBDOPZ6Xl6OrXuqn8EfiJnLPs
SyOfr+EmN8PmfIQ8uOz0LAzAP0DCvaTB5OxssjGHlkqcSRjC5CRAGFOEyXy9JPPBmy4arbsmvzIU
8VhemGl7BbsjbX9bpOnqZ3rJ8TH+Tc2vgRQffqLT4hzM0kPqu9KcTen85qFqAbxHZQ/pB0aD/T8K
uimmPJoCRgoY12PC4xmEv147YLg/StusEB4P/PLRtX7MoITc46qPvp3xaLFxeyjROs7Rl8nDkiQ5
FSe5EbBrwHuM4qZNSj3yA9L1lGdxdCbecFSbkhr4zOUSMbB8XcO6HPxPwbJ8ol68VLGgQ02taiyS
4zCEf+Ef0/jddxSg2rS9c8MgXCBmx/mjEPvmgqhHBBoljbs6V1h0NzVvHZ3b8ITxBylbUKwAA9Xn
qQI9L93lsOvTji9f0ugWl89LMw75AFmzJdOLcPL6nqhz48sZ1JXPH7CYz1hkOnAFeOaSEwy6Ps3n
c4qvv5rrx+ZK0B1RxzuMin6mv8cb24etMa5P/MfkXUo93fiXkOcVefEA1X7D8pyln+KcG0I3wI2z
NI1DYFc8y5m3KdoVOjyTUFNgXq3DlktXyYLmOeUaUxrw/rWb80WwsYcwkgdo0Zz7efmmw7JuWYKe
uXiphn1ABMTdS3rN3haR2FoyihjmnWeOheTo6zPyc8yjS+PR7RLyvIRf8gdojksTj8aGwgvAPSSf
z4sVnvdw+xE5wPMefi+ak0MaLcj2+cHhy03xguOw6ADCdMTtOKfoRU+yYN2DYgUVRyiMXRQFalSY
20Fy2ZiWRx7xMLeJqiMcd9Us65FEpir61L/WSoXqJzO1VEh/XPPO+TyO82wR58cb2355/FOjQEey
5HqsV0KedxmpUR8SXbuXqxk+w2DE1xXwuSPscuD1OQBa+OUiNrx6DXuW9ypVw61PNRaYNILF5T2n
0A9O9/EZRPLvf5PNh4EKOTDAIx4/IMXZd7mnbJu2kVIDm8/2NAr5794fXmDN4FO0yfMh6knWOGL6
Q8LyUR5gTT7Ss842i8zXP8Q5bbj55p17zu5+5xj2UzZfTAIetPlqnrdTgLtqnZNP7/bPjj7c+vzD
sC2PUYzU37HYbHrSoUlJ0fossSzDWjENMuN5RgPcnCD7rzAE+oiO0xj//pyQJtOF8aIyCbhjZpIN
VwNLfI4jxy7/rrVPwsLkDdaq9Y2SCnbnq+Iu4iij/zvd9OFbhdZxKjLW1yncSL/xTkIN2HistPFW
wgWPNjUl9Zjr74FjJdBNllE7j5Pyiahs8cluPAYlQA1GBs33K4KRmcWz2Wpzb1csMTpOSUT9a623
/jAavGVMdzgVyFCzm0d1VBn0e89x7VSvmOw99RjPRL1yeu0dfYjczuKZcYpYQp4/gnzI+dA8PggY
TU/pfN44SVHDG7X0G4/XbbaykpeVFXyhmYtEBECEfCZbp+nBT9tJvPvZKijCs4NdE594GZp41/ZX
Y09BAz7z4SY58AOOIvLcfNRFXDefcWkeSYx8lkZFZnUsg/DeU57krVA6jiBiXR7wjbI0Bepz1nzZ
SvmWbZHRihdQt5MUszuxpby39WJSXRHI3H0+J/jVDyd1ohcXNCdndEVsm1j2Xne81+2S/+4Mid2x
LWwQxrn36uz9KanDXgTLYVpJnOavrLHVtRF4tQBiWwFo0qsOXtMoiovIxacA8fBMi7oLzuQ3QrJX
ENYhHnw+pqUePISJkB1Deq36ZK/sPkLmFI9+eEze9+MUsFaw2PcRChLw8GxheZ0sEzWKx32fu0WQ
r14JQuflYY9WhjXCaJ69QrDYEWihhrwKhA2vYBmYX60Jfm/l1eHR2/2Pp1OESk1o/VGwdKWGVKAU
IveSHvzdTmiWXcWp9+q/xD8gJFhprYwumeq45Oyq5YEMKUju1QhB17P4uoV6qZrAJMwLOmevGGRl
cG28sLi9CvGFxS8IqhVxxXQXqYijxawTEB4xdAe0gEAYlDFSSoPQlJF8wQgkGRn8AB1xcTJzMmOE
R25QeOLLFeSGtiGuiziEnj4iaOLMqM92SIynXjJESWYpo5dkFRepwkW4T2BSuc/FCDCf+CWZYIWI
z9lVhW7XYz6FGc3IVRz9mBNMGGhKUJohMIsvD18hhfhxGMn31YJFpEjmKfUAQduJUIslsj0nIuTF
54V4HRnJYxgl8gigUG/mBxmkNALlBxMpbwtSIZengBjkGbBcyMtjS+4yshAflkBIiJilupaztkfE
a+rxRrYoci+GBaA+1LNHnC31Bnk3iDOw81uCsv0giK8ILiwgpvxSB1lySv4HVQ7bCN0rH7fdI2iS
RNcjoYeqj3hkCpcIgRkDoSC22YooUWJ7pbbVbY3YF585CCSOQK7U8wiYYCl+FCt+04GEjGZFKpY3
AaHPGBINwmF/FDRAsc35EtouaVAwsq0GBUPzErHLEWHBMLQpLRA7flBhD26Lsc+LcAZSAa0CFxW5
+FUNgq/FBj1qiwYfQVpCtUtOsdkihby5gNmD5tkOEQ85E7X4YT3sEHyVPjCCLkDIBgwuwsIiAg3C
JhL5hZhe4Am0LI2vOWgYAzEAS0Jzo4o4lK0i6MRHXcU2qJM7hOc/gvjyVHTzGNo7oTKNzmQbeChg
3dhCLIKNluJ0T6Bq6ioVypEWUYTT6aGBihMxCeJNUVmbHLKl+k1CPl/AYsajVTv64lOKgxJJ0yLJ
JVQKDAUTAm2KLzG5sCjFFwY8uSDoMuYekH07BagjqHMxCBq0q60pGjRuyUaVpoH5F6f85KJ8B5YY
tAf9KZFwWAchz3Fth2xOZ6scJE4upKg7Qrg8Q9yi+xRn7YoLyQuNgkV71ZKISiXLBIc+BxLBIjF8
DQWiwec8yiGlksNsFbhMyTyGiYpxmaJW4EBzQWZLkLZHOsgFjC5MsHzL///3HGCAchf96F2fRn8G
CZsgQZnPiiSFLiNgPtA/gt0rCcJRS6qsjt1ThAkj8FmsCkVf9uMGKBTrQpCEFoOoj3DBSmfXzC2E
8Y0lyXJForOqWrNrF6KErOZIGq7306M9Mj0+uSCnJ2cnU7I/mZyeHF2QydEHAnHeL0cfdgg0ItP3
0OqIfD5+f3pEJh/eHxxdXLSbJsCQh90fKHFMWMpj4ZDREGfIoLtgwiQLaVTG1gLZQ0jgCdsimrTw
pKs0swIVxIfAJxho0Cbk93vKJpUMIj50gBE2U4MJzBIJmN7akEuPJMZ4jz4E/bzo0L7ZGnVBRdcw
bQlzMRyQkkVy5bzKvhUPoF4syWpWux3Fa/bydpIU513F+ZymM1gZLTcOAhmLCgN0u3TFUkNyVC+i
eoHtDmlUiOBDpwQCswJ08OVO6ROaSliqoXSvvg+4JL9hvQTb5L20+VLhIXqIi8CraOHgRK4iUtOf
ScSJIB8YHXQ6ilcY7a0wFjecpFAdiaHizU/jsHS2srdq0dJVU59h5EbN5A3dILeolKEdF2XAiFOW
wkiohkqRvSJMZHQlQziibrTwRjlfh9hIdRC0CzJLDuAK3DwsdnqLgMFpg+ODEZagZFlWMDQM+QJm
bV5Gm2i0cLSaqp1yImWMoILKtqQGm35XTpjnuIsiusxK2g9oglAeFiH4WHzDDClzAZxIIrMiSUUt
V1wvSpRixdzUMQi2E0WRGLCFUXABTrdXzdhhLG81dRpjI7R6Er9sXC4hiUs11DkTkUPLpfh+nGpe
gBQRq0D4iNID6mSAIbEk+NZlTDSwj+Sw5g66KXlKfsqRsXEd7aIAsWhR4r0b1V166ETquyt7ykVA
aLaIAxlizmgOmSxG4oLkDD+sR5STEbZNZj7qrnQtM1YFm9K9vdBnqbyFZjVd5Yh8h7QsbQLF5ImB
W3lJjHIBwmrXcaxIUTGE9CTnmMuIQB87A1CR1SbHEAuCLr0SwR05mHzcgb5AwwzW1xX3QO1FrCCt
Z4W/JfDvkUEZdtcReSako7Vtk30PDNWCBv4uvrlBpAkeAx1WQ8GgBOseqGDaQqzdnoZMT0WOrtGq
YYhJgzZBIj5OokkZbNcJIOYSSBQ+G4UdiyRKWuq6kd2cqVWX8W+smk8My8tpxP2OMmSCsF2qh+Za
e2NbdnrZJhPVJ6DpXHSgKhNVuiBG9FM6RxZgTkBsWRKIiAXTy5Dio/IwcorzdBBwrJiIfBk/zMay
nJxNPwpKM2AJ2Z4VOcH8XExlPZxMLtqlrQnzooW99gS1qOUemxXzvTJh+YlYmKiocG0BS1XcJyo9
zWRCjZocZbF0XEobLEQmjZPEdrCIIYFFDSzzFFZmosKCeTSnJKPL0lJiBaSsE+E9LYUFwkSFTQYs
qh7xe8wjmQyLMtGP5MssvkatT8nJIdn+8vHk8CXBl7kvgAZofwXmPknlqxRAMTB/SSF5adcRIGhC
LJoIYeM7Vb68OS3xq9xGg/woBsNikXCaEH1gkivcsOAtLqsjyoVoRRzfF8PCPe6vWtcF9zRFpBCn
gHVjNC/tJvAvP2xXpgEihVSUgt4w9S6UKHYDnhDRF9QGq3ouxVQyjJdlVo4uTfkBYYtb5T05ZFZb
wLLwpVdIpqLEIfUdVhGIV06GaKuUu8hUqcWFlZxLW6f6tGSfPZJAkLTkAQ4j7biyUWoUdEQ0mleJ
QoTdgqY/3ClbGRWzW6tScpb3w7jAJexLh6NWNIpSzTE6WDRRoh4Beoi/hYeEzh+Ev9Q6C8YjJvPf
GZPIZszHBSiqmsLFLUqFFzouip2G55Xs40AV+2CICG2SmsgPZsJoDJzabVR2bieTpoAJ9KNcd0Bs
2Rn/VtR0xWLG6kCrEO/UyTSdFBsNYiBR3dXX5qEYTBxryYQFQnmyFGeayK8IEsUdUdWU0oOLPgbr
gK9FbPKCzCEPy2rx1BWbSkLtmyJStumKcpGogZ2ELEbOTRInRVAqo7pAVybaKIvYFfZQRPitRFkx
dCZomMDbqdhZVGtljWpPeXEsqYm8UYKlE1Tzhcdeq2KHV8sN9b2FpzIboGq5meBkAeGmH2szAqus
JbdxqpaLGGdGkNLG58zaPBYUgyVbhZj3ZHiaIgMOs5p0TObUfVLfFywIK0bn8xQyaFktU6U1WUHA
jyhfNvkT9MEKfn/4Hj8i2lI2X7o+NApXTAbXFJbOlRgxE4TXDAhYW6tng6etJC9VU07ODaHChMr7
SpnAyeOHMIWr0mNEAY910UHYHaGeaKWrHSLeqLVD8F3vwj/nVRgGptdnKYTaLbRAEfo/ebd0V9JZ
UKMUpnaaNP9aQMgJrlxYsdJYKIRi5uX9cowbMy151ac652Ftq5UDRqTYHlcCmmacWTSYOKCo8alO
ZT23XQ+g7ugjlNK828Ursy1nV64KrXSicAD6XMmzLJIsFFBYDMxyVOCsLAbWnCE38UTkyP0KEaQf
wIjcYEALVFYOpI0DfMpElp6NBpxmKi2BSJKGSVBeYcwDNKq52isnTd4DvcUS1h75VQQr4D93RE3r
N0Qqv4NYuUl940OwgYEjfvtHVg3K/SdRDrjNYwmHLjx0JgJkkW3i5yGAVuVudfLluIIG+ZPgjhV6
Bem96hH3yNvT/eme/Y/hTn98be10r7s79j+sf3gYEIl1vo3v6nTRuL4adaQplle9/ksZ5ck9Bj1Z
lyscfQvIWNXSROghimEwa+6KyO8rF2lplMsMJa12J4TFATzgqlyx+5OVAmuVOxugCzKcffFWmBox
lGhvIClEpCAhXzVIS8SWWtAXi2+1E3YNhi9TyZ17KV6lIBIZkMiMQ2C+kkGcaIf8AimQekg3IteM
5FLgh2AkrWz11s4Wu85ZlHH1AknxPlzt078zV33BtYLgrhJ+NtiAxeFXL87BGBpQ3Ik0AEUa6Ndo
IvRrnwfig0s1ZB4aHyJe4EPX2jWHVbbUAfh5YbFdLh+hDmdyi0xvkqmvHuuwxDW5/sB8VVwwegqz
n5kgCFBCHXIxOdUvw1X2RyC+nqx+kT4++Wvj3gJp4aeY+51eZwg/fziBJTF0Xfh3PGCDYd8feEOb
9V2/49uDod8bMWswdG06m9ld8gPgzuNLFkF4YEhsRcUOa/niqW94NBpPF/XF28G+yS/XVq3h8jo0
5yRGduxOp2tZNh4ZnRy+N0TlxV8FK00ggLg5nWAuoiwzGl5wNAhfzgwZNSiAS0yzTbYAeIUf2TSA
2jeK8YCrhZ/ZBoIXpnLW3vqrCMb07z+jiPhcfhdaHZFBMQmUljozKwyaNyu/QYx6nK6SPBYA+YDq
3Lsx59xQEyGbrg6CHK8Q5nteSGUsyfknxmzvJ6I8VHf488//Aw56zqM=
===END CRASH DUMP===
