PocketMine-MP Crash Dump Wed Jun 2 03:38:53 +07 2021

Error: Undefined index: NuTaVN
File: plugins/SETVIP_v2.3.phar/src/MCPEVN/SetVip
Line: 191
Type: ErrorException

THIS CRASH WAS CAUSED BY A PLUGIN
BAD PLUGIN: SETVIP v2.3

Code:
[182] 				  
[183] 				  unset($all[$name]);
[184] 				  $this->time->setAll($all);
[185] 			  }
[186] 			  
[187] 			  if(!isset($all[$name])) {
[188] 				  unset($all[$name]);
[189] 			  }
[190] 			  
[191] 			  $st = $all[$name]["current-vip"];
[192] 			  
[193] 			  $i = explode(",", $st);
[194] 			  
[195] 			  $date1 = strtotime($i[0]);
[196] 	    $date2 = strtotime(date("y-m-d"));
[197] 	    $date3 = abs($date2 - $date1);
[198] 		$help = $date3/86400;
[199] 		$date4 = intval($help);
[200] 	    
[201] 		if($date4 >= 1) {

Backtrace:
#0 plugins/SETVIP_v2.3.phar/src/MCPEVN/SetVip(191): pocketmine\utils\Utils::errorExceptionHandler(integer 8, string[23] Undefined index: NuTaVN, string[89] phar://C:/Users/Administrator/Desktop/MSAI/plugins/SETVIP_v2.3.phar/src/MCPEVN/S, integer 191, array[3])
#1 plugins/SETVIP_v2.3.phar/src/MCPEVN/SetVip(26): MCPEVN\SetVip->tick()
#2 pmsrc/src/pocketmine/scheduler/TaskHandler(137): MCPEVN\TickTask->onRun(integer 1)
#3 pmsrc/src/pocketmine/scheduler/TaskScheduler(179): pocketmine\scheduler\TaskHandler->run(integer 1)
#4 pmsrc/src/pocketmine/plugin/PluginManager(654): pocketmine\scheduler\TaskScheduler->mainThreadHeartbeat(integer 1)
#5 pmsrc/src/pocketmine/Server(2389): pocketmine\plugin\PluginManager->tickSchedulers(integer 1)
#6 pmsrc/src/pocketmine/Server(2152): pocketmine\Server->tick()
#7 pmsrc/src/pocketmine/Server(1992): pocketmine\Server->tickProcessor()
#8 pmsrc/src/pocketmine/Server(1586): pocketmine\Server->start()
#9 pmsrc/src/pocketmine/PocketMine(291): pocketmine\Server->__construct(object BaseClassLoader, object pocketmine\utils\MainLogger, string[36] C:\Users\Administrator\Desktop\MSAI\, string[44] C:\Users\Administrator\Desktop\MSAI\plugins\)
#10 pmsrc/src/pocketmine/PocketMine(321): pocketmine\server()
#11 pmsrc(11): require(string[91] phar://C:/Users/Administrator/Desktop/MSAI/PocketMine-MP.phar/src/pocketmine/Poc)

PocketMine-MP version: 3.19.1 [Protocol 431]
Git commit: a7cd0810020af15fb3d79127c77cf576085cd4cc
uname -a: Windows NT DESKTOP-KF1VXGB 6.3 build 9600 (Windows Server 2012 R2 Standard Edition) AMD64
PHP Version: 7.3.21
Zend version: 3.3.21
OS : WINNT, win
Composer libraries: 
- adhocore/json-comment 1.1.2@fc2f76979f0a44a5f5bc2a2b600d0762fe0e78e7
- daverandom/callback-validator unknown@unknown
- pocketmine/binaryutils 0.1.13@0abee38d4e2861621f262c79a2a3d699d8a697f4
- pocketmine/callback-validator 1.0.3@64787469766bcaa7e5885242e85c23c25e8c55a2
- pocketmine/classloader 0.1.2@9757928424652393b178a3760073113aa7c9911b
- pocketmine/log 0.2.1@830b44a2cf96ef703c550abe64302f230231ca49
- pocketmine/log-pthreads 0.1.3@e477ecf6ec214fdd4415ea1da3fdd9d73bf699ea
- pocketmine/math 0.2.6@43057cb8c179a9859677b496a788db922fd5cfc3
- pocketmine/nbt 0.2.18@9f82ca4d7f97fcd9a566e44b63c4f18a7657ae82
- pocketmine/pocketmine-mp 3.19.1@a7cd0810020af15fb3d79127c77cf576085cd4cc
- pocketmine/raklib 0.12.11@9cce458b8bfde3e4dfdbf70c659fc7b7fe26b5c4
- pocketmine/snooze 0.1.5@70b5e7937a06878dd321a3182ceb76d56298f2cd
- pocketmine/spl 0.4.2@6b08b7cf8c4afa17139c9a1b3bf1b408531de161

Loaded plugins:
HideCommands 1.0.7 by Himbeer for API(s) 3.6.0
VanillaEnchantments 4.0.0 by TheAz928 for API(s) 3.0.0, 3.1.0
PM-Beacons 2.0.0 by jasonwynn10 for API(s) 3.0.0
NoDrop 1.0.0 by Inaayat for API(s) 3.0.0
Broadcaster 1.5 by EvolSoft for API(s) 3.0.0
InvCrashFix 0.0.1 by  for API(s) 3.14.0
reyyogaWtrhit 1.1.6 by reyyogaMnelux for API(s) 3.0.0, 4.0.0
KygekRanksUI 1.3.0 by Kygekraqmak for API(s) 3.0.0
NoTP 1.0.7 by awzaw for API(s) 3.0.0
TPAll 1.2 by matymare for API(s) 3.0.0
BlazinFly 1.8.7 by iiFlamiinBlaze for API(s) 3.0.0
MaxEnchants 1.2.1 by Xenophilicy for API(s) 3.0.0
Sponges 1.0.0 by  for API(s) 3.0.0
SETVIP 2.3 by MCPEVN TEAM for API(s) 3.0.0
FormAPI 1.3.0 by jojoe77777 for API(s) 3.2.0
Worlds 3.0.7 by survanetwork for API(s) 3.0.0
InvSee 1.0.0 by BlockHorizons for API(s) 3.0.0
Netherite 1.2.1 by Wertzui123 for API(s) 3.0.0
BuilderTools 1.2.0-beta2 by CzechPMDevs, VixikCZ for API(s) 3.0.0
FactionsPro 1.3.20 by Tethered_ for API(s) 3.0.0
Farms 1.0-non-alpha by Dấu Tên for API(s) 3.0.0, 4.0.0
Slapper 1.6.1 by jojoe77777 for API(s) 3.13.0
EconomyAPI 5.7.2 by onebone for API(s) 3.0.0
AuctionHouse 1.2.4 by Shock95x for API(s) 3.0.0
AutoXP 1.1.0 by JackMD for API(s) 3.0.0
BlockSniper 3.2.3 by BlockHorizons, Sandertv (@Sandertv), Chris-Prime (@PrimusLV) for API(s) 3.2.0
KeepInventory 1.0 by KhoaGamingPro for API(s) 3.0.0
SocialSpy 2.1.0 by Crafter20162017 for API(s) 3.0.0, 4.0.0
AutoInv 0.0.10 by JackNoordhuis for API(s) 3.0.0
PointAPI 1.0.3 by onebone | Fixed and Update by LamPocketVN for API(s) 3.9.0
PurePerms 1.4.2-c2a by 64FF00 & ProjectInfinity for API(s) 3.0.0
Trident 1.0.0 by brokiem for API(s) 3.15.0
MSpawns 2.2 by EvolSoft for API(s) 3.0.0
OnlineTime 1.3 by Zedstar16 for API(s) 3.0.0
BlocksConverter 2.1.1 by matcracker for API(s) 3.0.0
ec 1 by McLebt for API(s) 3.8.1
MultiWorld 1.5.2 by CzechPMDevs, VixikCZ, fuyutsuki, kaliiks for API(s) 3.0.0
TimeCommander 1.0.2 by TheDeibo for API(s) 3.0.2
DevTools 1.14.1 by PocketMine Team for API(s) 3.13.0
CustomAlerts 2.1 by EvolSoft for API(s) 3.0.0
PiggyCustomEnchants 2.4.0 by DaPigGuy for API(s) 3.19.0
OffHand 2.0.3 by alvin0319 for API(s) 3.0.0
WorldProtect 2.3.8 by aliuly for API(s) 3.0.0
BangHoiUI 1 by JVN | JackVnKiller for API(s) 3.0.0
Shield 1.0.0 by JavierLeon9966 for API(s) 3.7.0
PiggyShopUI 2.1.1 by DaPigGuy for API(s) 3.2.0
PureChat 1.4.11 by 64FF00 for API(s) 3.0.0
EconomyLand 2.1.2 by onebone for API(s) 3.0.0
AntiToolBox 0.1 by NgLamVN for API(s) 3.19.0
level 2.0.0 by LetTIHL for API(s) 3.0.0
shopvip 1.0.0 by LetTIHL for API(s) 3.0.0
CustomItem 1.0.0 by Phuongaz for API(s) 3.0.0
Joinkit 1.0.0 by LetTIHL for API(s) 3.0.0
LoadWorlds 1.1 by shin for API(s) 3.0.0
PureEntitiesX 0.7.0 by milk0417, RevivalPMMP for API(s) 3.19.0
MuaPoint 0.1.lpk by LamPocketVN for API(s) 3.9.0
PHP-Sell 1.2.7 by Muqsit for API(s) 3.0.0-ALPHA9, 3.0.0-ALPHA10, 3.0.0-ALPHA11, 3.0.0-ALPHA12, 3.0.0
luyendan 1.0.0 by LetTIHL for API(s) 3.0.0
BuydetuUI 1 by FurryJaki1992 for API(s) 3.0.0
help 1.0.0 by LetTIHL for API(s) 3.0.0
VanishV2 1.16 by superbobby for API(s) 3.0.0
TempBanUI 2.3 by SonsaYT for API(s) 3.0.0, 4.0.0
AcidIsland 3.2.9 by GODSMineVn for API(s) 3.0.0
giftcode 1.0.0 by LetTIHL for API(s) 3.0.0
Item 1.0.0 by LetTIHL for API(s) 3.0.0
MuteTime 1.0.0 by LetTIHL for API(s) 3.0.0
luckyblock 1.0.0 by LetTIHL for API(s) 3.0.0
PiggyCrates 2.0.9 by DaPigGuy for API(s) 3.2.0
WarpGUI 1.0.0 by RockPanther for API(s) 3.0.0
Rewards 3.0 by Wertzui123 for API(s) 3.0.0
PickaxeFunction 1.0.0 by LetTIHL for API(s) 3.0.0
AutoSellUI 3.0.0 by LetTIHL for API(s) 3.8.2
SizePlayer 1.0.3 by  for API(s) 3.0.0
gem 1.0.0 by LetTIHL for API(s) 3.0.0
ScoreHud 3.0.0 by JackMD for API(s) 3.0.0
BuyFix 1 by FPVGAMER for API(s) 3.0.0, 3.7.1, 3.8.1, 3.9.3, 4.0.0
Kho 6 by ItzFabb for API(s) 3.0.0
NapThe 1 by phuongaz for API(s) 3.0.0
freeze 2.1.0 by Bavfalcon9 for API(s) 3.0.0
AutoClearLagg 3.1.0 by Twisted for API(s) 3.0.0
RPG 1.0.0 by LetTIHL for API(s) 3.0.0
TrashGUI 0.0.1 by Phuongaz for API(s) 3.0.0
MenuUI 1.0.0 by LetTIHL for API(s) 3.0.0
restart_in 1.0.0 by LetTIHL for API(s) 3.0.0
KitUI 1.3.6 by Infernus101 for API(s) 3.4.0
HealFeed 2 by JackPlugin for API(s) 3.0.0, 3.1.0, 3.0.7, 4.0.0
cayphattai 2.0.0 by Lettihl for API(s) 3.0.0
ShopMob 1.0.0 by LetTIHL for API(s) 3.0.0
essentialsTP 1.2.2 by  for API(s) 3.0.0
CustomTags 0.0.1 by DaRealAqua for API(s) 3.0.0
PrisonMine 1.0.0 by LetTIHL for API(s) 3.0.0
QuestPlugin 3.1 by HmmHmmmmm for API(s) 3.11.0
detu 4.0.0 by CLADevs || GreenJajot for API(s) 3.0.0
UpGrade 1.0.0 by LetTIHL for API(s) 3.0.0
SellExp 3.0.0 by EzMinh, LetTIHL for API(s) 3.0.0
capdao 1.0.0 by Nguyễn Công Danh (NCD) for API(s) 3.0.0
OreGenerator 2.0.0 by vividmemory, LetTIHL for API(s) 3.0.0
NganHang 1 by GreenJajot for API(s) 3.0.0
thoikhong 1.0.0 by  for API(s) 3.0.0
BetterVoting 1.6 by Twisted for API(s) 3.0.0
CmdSnooper 1.0.0 by HotshotHD for API(s) 3.0.0
Buyrank 1.0.0 by LetTIHL for API(s) 3.0.0
SlapperRotation 1.2.1 by jojoe77777 for API(s) 3.0.0

----------------------REPORT THE DATA BELOW THIS LINE-----------------------

===BEGIN CRASH DUMP===
eNrtPWt327aSfwXr5GydXUsWqbd70hPHdmK3tqMbK4+9ZU8ORIISar7Kh2zl3v73nQFAEqAdW7bV
7H5ob3stDoHBzGAwL4Dkv7b8OA1p/mXJ0ozH0dZeb2cr5yHb2rMGtt0fjsfdbrtvdzvD/s5Wkchb
/bY16nS6PWvQGVi9jgV9AprlR2kap1t7/9rKVwm02hLXR9cug26AemcrZFlG53jrQ+Qxn0fMIxx+
Xe+R82JKP55DG78Igjc8wEbJgqZ7u7sHe7sfMiBvd98LecSzPKV5nO4esuwyj5Pds4v9k90kKOY8
ynYvjqYfTyZflna728buu1nq7p4dTI4+nu9esPwjTwCc4DBqiLX7QZ8ACAa5jC0QUUpd+P3r1rMO
WR/HNvR9sUeS2L1kOfDCHKfIeZA5zgf8s7fHDIkd08gLWLrNo5zNWUpGOwSY59H8V7v7G/mGCKs2
o/FvZNMS3CElLSgFQtOUrn7t/vYChPPMeogg7AHIQYIcR8JaP+XcvdwWuGyShNgJ/6ultZu5C+YV
IJLdKc0uS/FY3aGGbApI8G7rpzh6X0SV8CyBuLsO4ovyatsajhvzVbWEkWoaWj+lN4bq3T6UFNLu
RPw5oxGsh3R70O/dPU5FUuunkPJoukgZ9Y4ZTfMZo3lj5P7tI1+wFFb5tt0dNZmSNDmOQZScj2rg
rDHI4O5BrL7dGETe0Wd5eCcKazy+C8UkjV0wJ3EqcY3uxtUfDb6BK8tBiBLH+HYcE/HzDH5u2zfW
b4nmyxc3jmBhFW6+Hc9+Z25OXtOMHYBdzE5j6rF0hyj4Lcv/DOb0NJ7PsZVavt3Bb+RgDywDLlzH
MVau46ilCz1h7TpO1avXe0AvtV4dR67fzr3sd+0m+5mUr0RgSQTbFrZK2R8FT9m2ImxsPcga1YO2
zia1ETHJerH12587W2wjXucp7gCIkB2/8GgZB0sWsigHbB7w7+Zb5V2ASLwAcWOPIc3WyAawk8v/
EQK3rFHXABVRxvLt5zQIfn0e0ZD99uJH0apntHqeL3iGKyNkoNMs3w8C0Uc17leNCflTQAYaRACG
GoD72//Bs+a4L8i/RMvRWvSNm0OOO40hx5YGeJ7l5CXR0PzqbLlFmoIoW0ueOFu/CbRju4mkqyPh
gINdJwGId9vZ2oF/EbGkaNxrdtWl8tyjObOgO+hjHqMct5/zXzuKm7EUFyGqoW00RAgMt2qFLc/Z
eqG6DM0uXehCZ9m26t9SI6rGpUyfL1iQoCBEl93RoNfpyBalPMWdHjQBe7ykMMvYQ2CxO51qSHFZ
yhemU/X66SWYb5jGP/8OYf4OYf4OYf4OYf4OYf6vQ5idrTmLWEoDjAfQ84HRNvoCYTOYhzpF3+q2
rXHbQnjBAw9ikFEXsnOeffHYcmvPp0HGIOhI4zx2Y0Db60LGOucYktCh63VGVqdjd6hv9f1Z1xuO
LXvoDoeu3x8OOqO+6/VcF3AXipZPYJvjq4ycT8nh0cUv03eT1i9vrI+f374mg3aXCBLIeNDpkO2y
qdQoAg7IJu9tcpGDiaGpR448jk7hBdk/Oxz0MDCCXHxvawhG1kZ2vrLIE+ypa7j9Jc6QhpPz8ykA
xMUVj0QEFSYxzMGXgM9SmnKWofyotwCeU7b7exZHLWijQjGrbbXtV75r+8PBeDj2O7TXo32/P3Nt
as+AeK8zHNg+67DhiA0BvUeBAyA7DnddiElm1L1sgbflHk40ICyiyyi+il6pv0hsPbEzHtF0JRYG
NO3A2Fb3VYfOGOuOvB6zRwNrYFu+PbDd4ZjatOsNxmNvRIE0v2eiunVwq91pd18NesPRsAd9BoOZ
S+mQ9Uejvt2zGcyh3XXtPhu5/T61GwhxOQdiOSva7FfjYX84tkc9uzfo291xd2YNR7QL2tAZdi2r
C7jd8diyZiamIJ4LDHbbejXqdmYgUdv1xwPmDztdGBkZHvS6Hdu34f+6lkt74xsYWkkuHEEpqO4r
1hsOmesPmGtbPd/zej2rz6jl0S5cjL1hd+aDtBg1UYU0XyhqBq9g0P7QnY1ccH50POqPB8PhrDce
0OFo5M3Gtu17fdd3uyaKaJaX/Ixejf2RDQR7Qx/mxPXGtD8YsF5vNui6Pd8a0eGgP6Rs1BBu/bMV
JtVCffWAVachS+kl6LaUC9BkvRq7Luv1R7PRzPdYl/U835uBrN1Bf+y7w9nQZ/Zg1ncbGpRFcfyV
KfH2Xw07sz4bjrtD2hmMhiPPA4tIu5CHuGw2HHj9gT0e+bbrNZAkgcDQA20ZzDqjGRA+cnvUp9bQ
6o7dMbVmMDHWrAe8dC2PWQNr688qMRJr85h77ABWJKyqTLN1Bnhnq7ZyqOW4FGmRL+I0w1D1mIew
iFI0mjThCOm2B+0OXrOIzgIG5gMcGFg/jyVMjPMr3MtiPz/UARiAiKEFOsfRaZCuDPM7WCRoi99d
TD+9e396CKArNst4jlQvZNc2sABcfqQRDwJ6FLkLGuVoc3QOb7urM9oDRjsmo9MF2/8KS9LgVLYC
nXo8x0tJiuMcgJG8l8c8TzLwduA6FsWsDdZ0t6Rr9zaeQBCTs9ZrRjGO0L1ZDdTZtm+y/TsFs321
iiKrc4PzR3KsoXScmSDDcWpy7hQAcnQeH6ZxonGjAE1NbXByElG6ovmmuFDoHEeOvp6OIvmvU2jh
0ixnqcaDDjUZ6ZtsHC3j4AJo2hQf2sAwCwYVipWL6f776YfJrYp4dXXVZkARYm/nl8jfSbQ8SGm2
eMOvNf50qM4fUC7ipppDnS+r93jGwuIPINZxeLR0cWSfXzuOjJrXmaaUrVbxnH7K0wXGaRUjJtyc
Kqs9MCdLNT6LWFBc32I5ek+ZOYUcyLDW175fVnN2+Z5Gl9mHE40rA2wy1W0uJNE2pX+E9HJTSqih
dBydlvUZO4+nE8MmTCf3+S569ZVebYoFgcxxojhf0xbcYsslQcDMdLIf6NmHvDbZsU1mINxahRRc
yIb4KfE5Tp5AxPsA+xbQrzx6E6x061bBTB5GzSnh/E1AQ84j7LExXkysYOZKcrSf67B2Rq+Ve9Wd
qQ5tTFHDtG19ZlGcLHjA3dWmeNNQ4hxVpBgX6zB3kcTRnOmMlZC7HevG/Oly1e87jhp0fX1TFXyN
7LKkrwc2XXMiZGGPTI/2zzY1EWbhcR3K38RpuD/RzXAJuccC/x7/HrMh/mMQbz8hJqswOo4iovqx
Diuf4jQwcggF0Bnp3rTAWZFC/MvyqzjdmC8ROB3nShDgOBUhaxljlRy1BZI2ULb7TCJSkc0FY2ZQ
g4B7As/XAWRtx3HKv2KAu6mwTUfqOJKSh8Q35yxfsFRc106zgt1jxz6xNP9acMvuboqfGiNE1CUZ
j3akNbbdmif0TVgaY+k0jgNdWQ1wk/VOa8Zy2vC2B1+Zu5icHbIldvjIr/nlwT83JQsXkSehB8gh
QZK05UgbuCuT0ofKRSN710CF1oi6WArMJmmsWyQN2rRKdjNFFqJm3penCWJrP8r5RUJDHLOWikYJ
mCZ5sa6PeEPTMDO4wuvGum1FcdSiQbKgJluHTmEx2i/I1Ck6HUajTQfyixAZAorUn7W8XkCTxMgg
S4jJ1aC5dL/hO6zuEyyuHPnRq7UmabdkAjg8cuMoDlemg9SAOp/99rAZD8cRm8F/m1qTCp3jMEkB
4HQcg5p7p2y/EDp7HBeZbnQNcNP49EymLhZg9cf96ycuMINuPTPX5lSN5DhU0rdA+hynQe0aTOfx
54nBrgA0E+eGKfmZupdnh5uaPIkNicexH62nEs2u4kCkOiCki4ibC1GHmvHPjTDUDA1gVdMIbf2S
bL8qf+Iu2MEi5VlrkvKQwR38W2SnH188LfjbOltNgjjf+mZMofHxkMDiF8YS0CkW5XGq54AmvGF7
GxWGRUzfQsIWzZUL2EiNQUfqOAY5D8g2YpfT4CLROathZs5xgy9YZ37OUrtjDeC/4ab9iBt6uLUg
5usg9C7k73VXKQijsUwRcqNWd8tCPY/j1FsUPNtchdi9jEqkaIHymEdLuX4lUfdyNIEeuek7KlAz
Xu/e6jnIvwmYROYRWIjkQ4KndchsRU4hLhG7MB/PDXbHG/AtCVIoPItG6x1VWMFokbIJM8ObGmay
2mvbLdduhDeD3ps3nQ75TwLLAo8SnEQ+j3i+sQLFFzkA8FRSpf18hBUWfdWhoBoPFs1S7om95bps
piD3JGizNL7kLDTjof7jOVb4HEeND/ye1aTcX2WC2PfK2K4pIaZ5sf/ajQE1KJ7rKEd/3IbAuwjP
ZU7FcwoVSxqwkVaYXP2TeXiYxhpsiq0KoePUNDw6JKiw7WoMlZFBdhCDg0nzm9GBdqfpMqwbZV03
BXPY2GJ9WmFXYVQuvibmIW6euRpTzDVnsVFsc0/ZzNTLEfD5WL0U2CAQx/jIXbAsX997nxVBzkVF
SF9dNbCx89ZeK+vHJ2RWRZ4Vlxx+X9KA88vsL6kFhEipqEcByzrVT6kDaIjQiIICq313Q21NeNOg
2jf2yg8ZnzVDN/uxQjAGb872txwjMNes81SgRvbRa666+rQXmTIabixTLgnAU3PLRhHnLququ7+K
tN0KB3B7UGR5HO4HsI51jg1ww9T8te5DHxnCUZOOxzmSCZ/PVxLTLdswt901Oe41Hf8hhU5vCzPU
sZ4QyZUIwePfpOZW4CMWbznI7i3odoXD9X08Qqx7WwVpHvZoOFsaLHnU6VrjjW2KlgjB2fo+UOhV
P9beVYCwNMeHNhp7CyW4sc3THjVZ4kWw2hw/iE1tLiSSgnXs0S2zeFbw1Ocs8PQjauVh9zxleIAO
z2HsGtxiaEGj+XHMje37GnaHG/754znkNJiwfYx+4UHw1JBC263SCkpa1QV3w9bOqxcoCz2ploB7
Qvef6ZKz9JTF0Xg8MGPE4T38VIvizsKRjt5xJFHl37XyUFyjF4s4MeZLh94TAN5qo+ynlfyEy1eQ
rW9aL0mfcfFkayXR7JaJ68GC5o28VYCaaatl3ZazPkh9taT4pnQEbeUGw9ZOY9fjM1vyuMgmR62q
yTfSWyS+/rWB5FagqYvhp6ZZ16FNNdpAObyxrNctjQfCzJu03V+BinKOwczrWD81pkPNSlRDIc7n
pzRsVGSe4sgVPsfRKFg3O9KmsyQLGAzYkulHeuT1PacvT1k+PTk+3ZT7SlLIlvicrW+WM1ivS64f
tiwh9xjmDVOuRl2fcBkWneQsvBENC+A95E8WRRzN6dfNRsM48vos/Bzz6NI4e1hCvq/sL/kDMmxc
IjcOg2jARubVOA6y4NGmqK7HXL+4g7bYTZZRO4+T0kUdgQHIOcs+N/xUDTcN07A5GyEPLjs9C0++
vAdHsqTB5OxssjFLlUqcSRjC6kiAMKYIk36oJPPB8alG667Jr6ijUFGhNqooCtSw0+0guWyo5yMr
6GYMU1XI79KBeiQsmEgC619rxW/Hk9YFMw5jVqDmZm3jcNOZOIDc1OfW/unkeH8sHhuoLq1O49pq
XNvl9WPVBAk+Fo553ZUcFCvAQiPdZ5Wg72uAymEfcAa1WHksL8wcqYLdkSO9KdJ09TO95Pig6Kbo
N5AK9ZsW55ADP+R4Mz5SrjEjLr/vLOCQ69OLT6Nki49246EbAWr4gEHzTGDC0lk8m602dyKwxOg4
JRH1r3W4mbIweY0TpldEK9idJ00vIF2g/zPd9F6vQus4FRnrz82+y72TLDBzCQ3YPLQwNjl6++7w
AuuPH6NNHkNRdU1IJPSUVJ5RANbkWYU1mJtzPy/f5aFYq0Dfd8GUw64/MY1wdZ1AdcM08wdFqGdF
3tzXq0Dfl+6wyNlDXJt7uZrh3pfh3Crg93Zv5cDrcyBLvynN2c0SuIQ2M8vxX1JWuq2i/e1yuKDM
uHh6+VugEQWlTzRN3homuoTcM5/vQfQTIH2xuU3W92I2cfz15/Q9u6KpkTeVkMYp+u95FluRsImT
2AqVLP5x95JeszdFJApqhg6bd77vWkzk6A/wpUUeY2xt6J0GbD4AsQb5o8dvlCp0Dyi7869sEtCV
eZK4Bt59VGpDQhfjneJ4jlP/XsvZG/5y/t3d5fwh3vICX4NxXBibHCXoHjX5a47DlqM/KK8yH+tV
gLsyqsnHt/tnR+9vfW5+2JaJ7kj9HQsFe1JgLCl6wAOxC/1xB7zSmWnkJif51zd0Nnt0Ff3Gaetv
Pg0nB8Kdpoc8W35Ok+nCeKJHAu6Yn2TDlc4Sn+PIscu/65Dvp4x91clXgHuO1b6mS58GIOWN7VvX
GB1H0vAwj3AQMJqe0vm84RRquLngb7A0veJZzrxN8ZNLdPIorYtEBECEPFCr0/Tgl09IvPvZKijC
s4NdEx/GNJO3ejwDV9/Zny8fsHqmuDDNCLIC3f3Ogo3vF3yK4wDPj8rR1a+1UjIWmWUvBfjO6RgM
ur7ccVeKpvkXHhnvWaiA35d2NfADPAjPzXcpiOvmw3JNTxL5LI2KzOpYBuG9pzxBXaF0HEHE+jwc
Mxq8YUyPTSqQYX1vxiVyu/qbr8XZqZ777T01ZpmoNwquy5RLV8mC5jnlGlsa8P7N15wvgo2d5Ezy
hxyHiZOzeGach5GQ77/vuj7VLMtw94kGmfEuDgPc3DSx/4qMQh/RcRrjr7l3PKXzmycpBfAeX3BI
38PS2f+joJuaBY+mgJECxvXmwuMZhPZeO2D4dinaZoXIuVOexdGZeEdynW7XwO/smcXA8oWP6+rX
Pwqwzcre1Czo0EZY1XhXWRjCv/CPufl638u7qidr73yEN1wgZsf5oxAn0gVRj4ioShp3da7+RHLy
QuNZXN7zxrKD03084E3+/W/yFreFf6a/x5s73iuRw9zxiMcPMMofkrcpNcrzJeT76l/xALuGtZyj
a33/rYTck7cffQXxLHbIhmmXaB3n6PPkYfmhSxOPxoY3FIB7RH8+L1b4ELzbj8gBPgTv96I5OaTR
gmyfHxy+2BRfOA6LDiCSRtyOc4pnpKpNqXu5e5eyt+LFrXmsl7MM8D0+f8mX3AtZGKerjc+aTofj
qJ9r5cXnc4rv7dazyQp0R2q/+VVfY1xf54AcfrmIDepr2Hd5t1A13AMqXRD8sfRjnHODcAPceNPC
X5rBT8sMXqfAvFortKkfC9ZCG/1Z4TsNwXGcQ0SYH2+sFPn4R5ZfF6uURpdmLVJAvnO6CEM+wJPI
UOJ9nNPGvkfzzj1v4PnGazyeUoU3CViXJ3yjLE2BB9DDxrNT5Vu2ReAkXkDdTlKcX3EgbW/r2aS6
ImD0fT4n+NUPJ3WiZxc0J2d0RWybWPZed7zX7ZL/7gyJ3bEtbBDGuffy7N0pqc8tIFgO00riNH9p
ja2ujcCrBRDbCmABvezgNY2iuIhcfNwCNxpa1F1wJr8Rkr0EzhEPPvLaUk94gDRkx5Beqz7ZS7uP
kDlFZ+Exed+PU8BawWLfRyhIwMNKe3mdLBM1isd9n7tFkK9eCkLnpXtoZZh7RvPsJYLFUeEW6snL
QJxiqWAZ5OdaE/zeysvDozf7H06nCJVq0IKQNF2pIRUodYEnRQ/+bic0y64gZ3j5X+IfEFKRx62M
LpnquOTsqgWJRU5Bci9HCLqexdct1EnVBCZhXtA5e8nANMG18cLi9irEFxY/I6hWxBXTXaRC1cSs
ExAeMXQHtIBMFyxjpJQGgTyI5AtG4ghUJoc0nrg4mTmZMcIjNyg88eUKckPbENdFHEJPHxE0cWbU
Zzskxh3gDFGSGSRcl2QVF6nCRbhPYFK5z8UIMJ/4JZlghYjP2VWFbtdjPoUZzchVHP2QE1xTNCUo
zRCYxZeHr5BC/DiM5PtqwSJSJHOIgQFB24lQiyWyPSci5NmnhXivEsljGCXyCKBQb+YHGYD5AeUH
zyBvC1KDGIYBVuEXy4W8PLbkLiML8WEJhISIWaprOWt7RLymHm9kiyL3YlgA6kM9e8TZUm+Qd4M4
Aze0JSjbD4L4iuDCAmLKL3WQJafkH6hy2EboXvlc0x5BeyS6Hgk9VH3EKxZwiRCYMRAKYputiBIl
tldqW93WiH32iYNA4gjkSj2PpCyT4kex4jcdSMhoVqRieRMQ+owh0SAcBvl0gGKb8yW0XdKgYGRb
DQqG5gVilyPCgmFoU1ogdvygwh7cFmOfF+EMpAJatZ+tIhe/qkHwZXagR23R4ANIS6h2ySk2W6Qx
WCCYPWie7RDxNBlRix/Www7BV+kDI2j+hWzA4CIsLCLQIGwikV+I6QWeQMvS+JqDhjEQA7AkNDeq
iEPZKoJOfNRVbIM6uUN4/gOIL09FN0gr8WMSqDKNzmQbeChg3dhCLIKNluJ0T6Bq6ioVypEWUYTT
6aGBihMxCeKVZlmbQAKpfpOQzxewmLHKvaMvPqU4KJE0LZJcQqXAUDAQqDPFl5hcWJTiCwOeXBB0
GXMPyL6dAtQR1LkYBA3a1dYUDRq3ZKNK08D8i7xALsq3YIlBe9CZEgmHdRDyHNd2yOZ0tspB4uRC
irojhMszxC26T3HWrriQvNAoWLRXLYmoVLJMcOhzIBEsEsNX1SAa3I8qh5RKDrNV4DIl8xgmKsZl
ilqBA80FmS1B2h7pIBcwujDB8i3//+85wOjkLvrRuz6N/iyPE0GCMp8VSQpdRsB8oH8Eu1cShKOW
VFkdu6cIE0bgk1gVir7shw1QKNaFIAktBlEf4YKVzq6ZWwjjG0uS5YpEZ1W1ZtcuRAlZzZE0XO+m
R3tkenxyQU5Pzk6mZH8yOT05uiCTo/cE4rxfjt7vEGhEpu+g1RH5dPzu9IhM3r87OLq4aDdNgCEP
uz9Q4piwlMfCIaMhzpBBd8GESRbSqIytBbKHkMATtkU0aWFuLM2sQAXxIfAJBhq0Cfn9lrJJJYOI
Dx1ghM3UYAKzRAKmtzbk0iOJMd6hD0E/Lzq0b7ZGXVChNUxbwlwMB6RkkVw5r7JvxQOoF0uymtVu
R/GavbidJMV5V3E+p+kMVkbLjYNAxqLCAN0uXbHUkBzVi6heYLtDGhUi+NApgcCsAB18sVP6hKYS
lmoo3avvAy7Jb1gvwTZ5J22+VHiIHuIi8CpaODiRq4jU9GcScSLIB0YHnY7iFUZ7I4zFDScpVEdi
qHjz0zgsna3srVq0dNXUZxi5UTN5QzfILSplaMdFGTDilKUwEqqhUmSvCBMZXckQjqgbLbxRztch
NlIdBO2CzJIDuAI3D4ud3iJgcNrg+GCEJShZlhUMDUO+gFmbl9EmGi0craZqp5xIGSOooLItqcGm
35QT5jnuoogus5L2A5oglIdFCD4WX8NBylwAJ5LIrEhSUcsV14sSpVgxN3UMgu1EUSQGbGEUXIDT
7VUzdhjLW02dxtgIrZ7ELxuXS0jiUg11zkTk0HIpvjemmhcgRcQqED6i9IA6GWBILAm+KwcTDewj
Oay5g25KnpKfcmRsXEe7KEA8FVHivRvVXXroROptyXvKRUBotogDGWLOaA6ZLEbiguQMP6xHlJMR
tk1mPuqudC0zVgWb0r0902epvIVmNV3liHyHtCxtAsXkiYFbeUmMcgHCatdxrEhRMYT0JOeYy4hA
HzsDUJHVJscQC4IuvRTBHTmYfNiBvkDDDNbXFfdA7UWsIK1nhb8l8O+RQRl21xF5JqSjtW2TfQ8M
1YIG/i6+6U2kCR4DHVZDwaAE6x6oYNpCrN2ehkxPRY6u0aphiEmDNkEiPkyiSRls1wkg5hJIFB6I
xY5FEiUtdd3Ibs7Uqsv4V1bNJ4bl5TTi3mYZMkHYLtVDc629sS07vWiTieoT0HQuOlCViSpdECP6
KZ0jCzAnILYsCUTEgullSPGtETByivN0EHCsmIh8GT/MxrKcnE0/CEozYAnZnhU5wfxcTGU9nEwu
2qWtCfOihb32BLWo5R6bFfO9MmH5iViYqKhwbQFLVdwnKj3NZEKNmhxlsXRcShssRCaNk8R2sIgh
gUUNLPMUVmaiwoJ5NKcko8vSUmIFpKwT4T0thQXCRHlNBiyqHvF7zCOZDIsy0Q/k8yy+Rq1Pyckh
2f784eTwBcFXcC2ABmh/BeY+SeULBkAxMH9JIXlp1xEgaEIsmghh4zuKP78+LfGr3EaD/CAGw2KR
cJoQfWCSK9yw4C0uqyPKhWhFHN8Xw8I97q9a1wX3NEWkEKeAdWM0L+0m8C8/bFemASKFVJSC3jD1
7sQodgOeENEX1Aarei7FVDKMl2VWji5N+QFhi1vlPTlkVlvAsvClV0imosQh9R1WEYhXToZoq5S7
yFSpxYWVnEtbp/q0ZJ89kkCQtOQBDiPtuLJRahR0RDSaV4lChN2Cpj/cKVsZFbNbq1JylvfDuMAl
7EuHo1Y0ilLNMTpYNFGiHgF6iL+Fh4TO74W/1DoLxiMm898Zk8hmzMcFKKqawsUtSoUXOi6KnYbn
lezjQBX7YIgIbZKayA9mwmgMnNptVHZuJ5OmgAn0o1x3QGzZGf9W1HTFYsbqQKsQ7+DMNJ0UJxnF
QKK6q6/NQzGYeKomExYI5clSnGkivyJIFHdEVVNKDy76GKwDvhaxyTMyhzwsq8VTV2wqCbVvikjZ
pivKRaIGdhKyGDk3SZwUQamM6gJdmWijLGJX2EMR4bcSZcXQmaBhAm+nYmdRrZU1qj3lxbGkJvJG
CZZOUM0X7h1VxQ6vlhvqewufWWuAquVmgpMFhJt+rM0IrLKWPNVQtVzEODOClDY+pd7msaAYLNkq
xLwnww2HDDjMatIxmVP3SX1fsCCsGJ3PU8igZbVMldZkBQE/onzZ5E/QByv43eE7/IhoS9l86frQ
KFwxGVxTWDpXYsRMEF4zIGBtrZ4NnraSvFRNOTk3hAoTKu8rZQInjx/CFK5KjxEFPNZFB2F3hHqi
la52iHhD/Q7BjxII/5xXYRiYXp+lEGq30AJF6P/k3dJdSWdBjVKY2mXS/GsBISe4cmHFSmOhEIqZ
l/fLMW7MtORVn+qch7WtVg4YkWJ7XAlomnFm0WDigKLGpzqV9dx2PYC6o49QSvNuF6/MtpxduSq0
0onCAehzJc+ySLJQQGExMMtRgbOyGFhzhtzEE5Ej9ytEkH4AI3KDAS1QWTmQNg7wKRNZejYacJqp
tAQiSRomQXmFMQ/QqOZqr5w0eQ/0FktYe+RXEayA/9wRNa3fEKn8eknlJvWND8EGBo74alpZNSj3
n0Q54DaPJRy68NCZCJBFtolvkwJalbvVyZfjChrkT4I7VugVpPeqR9wjb073p3v2j8Od/vja2ule
d3fsH60fPQyIxDrfxpeiuWhcX4460hTLq17/hYzy5B6DnqzLFY6+BWSsamki9BDFMJg1d0Xk95WL
tDTKZYaSVrsTwuIAHnBVrtj9yUqBtcqdDdAFGc4+eyNMjRhKtDeQFCJSkJAvGqQlYkst6IvFt9oJ
uwbDl6nkzr0Uz8+JRAYkMuMQmK9kECfaIb9ACqQe0o3INSO5FPghGEkrW721s8WucxZlXH0aUnx/
Uvv078xVX3CtILirhJ8NNmBx+MWLczCGBhR3Ig1AkQb6NZoI/drngXhNbg2Zh8aHiBd4/l275rDK
ljoAPy8stsrlC1jCmdwi05tk6qvHOixxTa7fM18VF4yewuxnJggClFCHXExO9ctwlf0RiK8nq1+k
j2dFbdxbIC38FHO/0+sM4efzE1gSQ9eFf8cDNhj2/YE3tFnf9Tu+PRj6vRGzBkPXprOZ3SXPAXce
X7IIwgNDYisqdljLB2S+4mub8P0KffEVia/yy7VVa7i8Ds05iZEdu9PpWpaNjwtPDt8ZovLiL4KV
JhBA3JxOMBdRlhkNLzgahM9nhowaFMAlptkmWwC8wu/3GEDtG8X42LKFn9kGghemctbe+osIxvTv
P6OI+Fx+F1o9g4NiEigt9dIDYdC8WfkNYtTjdJXksQDI46Vz78acc0NNhGy6OghyvEKY73khlbEk
558Ys72biPJQ3eHPP/8XMl3OfQ==
===END CRASH DUMP===
