PocketMine-MP Crash Dump Wed Jun 2 03:20:51 +07 2021

Error: Undefined index: NuTaVN
File: plugins/SETVIP_v2.3.phar/src/MCPEVN/SetVip
Line: 191
Type: ErrorException

THIS CRASH WAS CAUSED BY A PLUGIN
BAD PLUGIN: SETVIP v2.3

Code:
[182] 				  
[183] 				  unset($all[$name]);
[184] 				  $this->time->setAll($all);
[185] 			  }
[186] 			  
[187] 			  if(!isset($all[$name])) {
[188] 				  unset($all[$name]);
[189] 			  }
[190] 			  
[191] 			  $st = $all[$name]["current-vip"];
[192] 			  
[193] 			  $i = explode(",", $st);
[194] 			  
[195] 			  $date1 = strtotime($i[0]);
[196] 	    $date2 = strtotime(date("y-m-d"));
[197] 	    $date3 = abs($date2 - $date1);
[198] 		$help = $date3/86400;
[199] 		$date4 = intval($help);
[200] 	    
[201] 		if($date4 >= 1) {

Backtrace:
#0 plugins/SETVIP_v2.3.phar/src/MCPEVN/SetVip(191): pocketmine\utils\Utils::errorExceptionHandler(integer 8, string[23] Undefined index: NuTaVN, string[89] phar://C:/Users/Administrator/Desktop/MSAI/plugins/SETVIP_v2.3.phar/src/MCPEVN/S, integer 191, array[3])
#1 plugins/SETVIP_v2.3.phar/src/MCPEVN/SetVip(26): MCPEVN\SetVip->tick()
#2 pmsrc/src/pocketmine/scheduler/TaskHandler(137): MCPEVN\TickTask->onRun(integer 1)
#3 pmsrc/src/pocketmine/scheduler/TaskScheduler(179): pocketmine\scheduler\TaskHandler->run(integer 1)
#4 pmsrc/src/pocketmine/plugin/PluginManager(654): pocketmine\scheduler\TaskScheduler->mainThreadHeartbeat(integer 1)
#5 pmsrc/src/pocketmine/Server(2389): pocketmine\plugin\PluginManager->tickSchedulers(integer 1)
#6 pmsrc/src/pocketmine/Server(2152): pocketmine\Server->tick()
#7 pmsrc/src/pocketmine/Server(1992): pocketmine\Server->tickProcessor()
#8 pmsrc/src/pocketmine/Server(1586): pocketmine\Server->start()
#9 pmsrc/src/pocketmine/PocketMine(291): pocketmine\Server->__construct(object BaseClassLoader, object pocketmine\utils\MainLogger, string[36] C:\Users\Administrator\Desktop\MSAI\, string[44] C:\Users\Administrator\Desktop\MSAI\plugins\)
#10 pmsrc/src/pocketmine/PocketMine(321): pocketmine\server()
#11 pmsrc(11): require(string[91] phar://C:/Users/Administrator/Desktop/MSAI/PocketMine-MP.phar/src/pocketmine/Poc)

PocketMine-MP version: 3.19.1 [Protocol 431]
Git commit: a7cd0810020af15fb3d79127c77cf576085cd4cc
uname -a: Windows NT DESKTOP-KF1VXGB 6.3 build 9600 (Windows Server 2012 R2 Standard Edition) AMD64
PHP Version: 7.3.21
Zend version: 3.3.21
OS : WINNT, win
Composer libraries: 
- adhocore/json-comment 1.1.2@fc2f76979f0a44a5f5bc2a2b600d0762fe0e78e7
- daverandom/callback-validator unknown@unknown
- pocketmine/binaryutils 0.1.13@0abee38d4e2861621f262c79a2a3d699d8a697f4
- pocketmine/callback-validator 1.0.3@64787469766bcaa7e5885242e85c23c25e8c55a2
- pocketmine/classloader 0.1.2@9757928424652393b178a3760073113aa7c9911b
- pocketmine/log 0.2.1@830b44a2cf96ef703c550abe64302f230231ca49
- pocketmine/log-pthreads 0.1.3@e477ecf6ec214fdd4415ea1da3fdd9d73bf699ea
- pocketmine/math 0.2.6@43057cb8c179a9859677b496a788db922fd5cfc3
- pocketmine/nbt 0.2.18@9f82ca4d7f97fcd9a566e44b63c4f18a7657ae82
- pocketmine/pocketmine-mp 3.19.1@a7cd0810020af15fb3d79127c77cf576085cd4cc
- pocketmine/raklib 0.12.11@9cce458b8bfde3e4dfdbf70c659fc7b7fe26b5c4
- pocketmine/snooze 0.1.5@70b5e7937a06878dd321a3182ceb76d56298f2cd
- pocketmine/spl 0.4.2@6b08b7cf8c4afa17139c9a1b3bf1b408531de161

Loaded plugins:
SETVIP 2.3 by MCPEVN TEAM for API(s) 3.0.0
EconomyAPI 5.7.2 by onebone for API(s) 3.0.0
BlazinFly 1.8.7 by iiFlamiinBlaze for API(s) 3.0.0
WorldProtect 2.3.8 by aliuly for API(s) 3.0.0
VanillaEnchantments 4.0.0 by TheAz928 for API(s) 3.0.0, 3.1.0
NoDrop 1.0.0 by Inaayat for API(s) 3.0.0
NoTP 1.0.7 by awzaw for API(s) 3.0.0
AutoInv 0.0.10 by JackNoordhuis for API(s) 3.0.0
PointAPI 1.0.3 by onebone | Fixed and Update by LamPocketVN for API(s) 3.9.0
Trident 1.0.0 by brokiem for API(s) 3.15.0
OffHand 2.0.3 by alvin0319 for API(s) 3.0.0
OnlineTime 1.3 by Zedstar16 for API(s) 3.0.0
reyyogaWtrhit 1.1.6 by reyyogaMnelux for API(s) 3.0.0, 4.0.0
Slapper 1.6.1 by jojoe77777 for API(s) 3.13.0
Worlds 3.0.7 by survanetwork for API(s) 3.0.0
Broadcaster 1.5 by EvolSoft for API(s) 3.0.0
PiggyCustomEnchants 2.4.0 by DaPigGuy for API(s) 3.19.0
KeepInventory 1.0 by KhoaGamingPro for API(s) 3.0.0
BlockSniper 3.2.3 by BlockHorizons, Sandertv (@Sandertv), Chris-Prime (@PrimusLV) for API(s) 3.2.0
PM-Beacons 2.0.0 by jasonwynn10 for API(s) 3.0.0
TimeCommander 1.0.2 by TheDeibo for API(s) 3.0.2
SocialSpy 2.1.0 by Crafter20162017 for API(s) 3.0.0, 4.0.0
BuilderTools 1.2.0-beta2 by CzechPMDevs, VixikCZ for API(s) 3.0.0
MultiWorld 1.5.2 by CzechPMDevs, VixikCZ, fuyutsuki, kaliiks for API(s) 3.0.0
Sponges 1.0.0 by  for API(s) 3.0.0
Farms 1.0-non-alpha by Dấu Tên for API(s) 3.0.0, 4.0.0
EconomyLand 2.1.2 by onebone for API(s) 3.0.0
KygekRanksUI 1.3.0 by Kygekraqmak for API(s) 3.0.0
ec 1 by McLebt for API(s) 3.8.1
FormAPI 1.3.0 by jojoe77777 for API(s) 3.2.0
TPAll 1.2 by matymare for API(s) 3.0.0
BlocksConverter 2.1.1 by matcracker for API(s) 3.0.0
InvSee 1.0.0 by BlockHorizons for API(s) 3.0.0
CustomAlerts 2.1 by EvolSoft for API(s) 3.0.0
PurePerms 1.4.2-c2a by 64FF00 & ProjectInfinity for API(s) 3.0.0
FactionsPro 1.3.20 by Tethered_ for API(s) 3.0.0
Netherite 1.2.1 by Wertzui123 for API(s) 3.0.0
MSpawns 2.2 by EvolSoft for API(s) 3.0.0
AutoXP 1.1.0 by JackMD for API(s) 3.0.0
InvCrashFix 0.0.1 by  for API(s) 3.14.0
DevTools 1.14.1 by PocketMine Team for API(s) 3.13.0
HideCommands 1.0.7 by Himbeer for API(s) 3.6.0
PiggyShopUI 2.1.1 by DaPigGuy for API(s) 3.2.0
MaxEnchants 1.2.1 by Xenophilicy for API(s) 3.0.0
Shield 1.0.0 by JavierLeon9966 for API(s) 3.7.0
AuctionHouse 1.2.4 by Shock95x for API(s) 3.0.0
BangHoiUI 1 by JVN | JackVnKiller for API(s) 3.0.0
PureChat 1.4.11 by 64FF00 for API(s) 3.0.0
ScoreHud 3.0.0 by JackMD for API(s) 3.0.0
Buyrank 1.0.0 by LetTIHL for API(s) 3.0.0
giftcode 1.0.0 by LetTIHL for API(s) 3.0.0
PHP-Sell 1.2.7 by Muqsit for API(s) 3.0.0-ALPHA9, 3.0.0-ALPHA10, 3.0.0-ALPHA11, 3.0.0-ALPHA12, 3.0.0
MenuUI 1.0.0 by LetTIHL for API(s) 3.0.0
AntiToolBox 0.1 by NgLamVN for API(s) 3.19.0
VanishV2 1.16 by superbobby for API(s) 3.0.0
ShopMob 1.0.0 by LetTIHL for API(s) 3.0.0
AutoSellUI 3.0.0 by LetTIHL for API(s) 3.8.2
TrashGUI 0.0.1 by Phuongaz for API(s) 3.0.0
SizePlayer 1.0.3 by  for API(s) 3.0.0
CmdSnooper 1.0.0 by HotshotHD for API(s) 3.0.0
BetterVoting 1.6 by Twisted for API(s) 3.0.0
AutoClearLagg 3.1.0 by Twisted for API(s) 3.0.0
QuestPlugin 3.1 by HmmHmmmmm for API(s) 3.11.0
PureEntitiesX 0.7.0 by milk0417, RevivalPMMP for API(s) 3.19.0
detu 4.0.0 by CLADevs || GreenJajot for API(s) 3.0.0
AcidIsland 3.2.9 by GODSMineVn for API(s) 3.0.0
Joinkit 1.0.0 by LetTIHL for API(s) 3.0.0
NganHang 1 by GreenJajot for API(s) 3.0.0
PickaxeFunction 1.0.0 by LetTIHL for API(s) 3.0.0
PrisonMine 1.0.0 by LetTIHL for API(s) 3.0.0
essentialsTP 1.2.2 by  for API(s) 3.0.0
CustomTags 0.0.1 by DaRealAqua for API(s) 3.0.0
level 2.0.0 by LetTIHL for API(s) 3.0.0
freeze 2.1.0 by Bavfalcon9 for API(s) 3.0.0
luckyblock 1.0.0 by LetTIHL for API(s) 3.0.0
CustomItem 1.0.0 by Phuongaz for API(s) 3.0.0
restart_in 1.0.0 by LetTIHL for API(s) 3.0.0
cayphattai 2.0.0 by Lettihl for API(s) 3.0.0
shopvip 1.0.0 by LetTIHL for API(s) 3.0.0
TempBanUI 2.3 by SonsaYT for API(s) 3.0.0, 4.0.0
SlapperRotation 1.2.1 by jojoe77777 for API(s) 3.0.0
thoikhong 1.0.0 by  for API(s) 3.0.0
HealFeed 2 by JackPlugin for API(s) 3.0.0, 3.1.0, 3.0.7, 4.0.0
Rewards 3.0 by Wertzui123 for API(s) 3.0.0
KitUI 1.3.6 by Infernus101 for API(s) 3.4.0
OreGenerator 2.0.0 by vividmemory, LetTIHL for API(s) 3.0.0
RPG 1.0.0 by LetTIHL for API(s) 3.0.0
MuteTime 1.0.0 by LetTIHL for API(s) 3.0.0
BuydetuUI 1 by FurryJaki1992 for API(s) 3.0.0
UpGrade 1.0.0 by LetTIHL for API(s) 3.0.0
MuaPoint 0.1.lpk by LamPocketVN for API(s) 3.9.0
BuyFix 1 by FPVGAMER for API(s) 3.0.0, 3.7.1, 3.8.1, 3.9.3, 4.0.0
WarpGUI 1.0.0 by RockPanther for API(s) 3.0.0
SellExp 3.0.0 by EzMinh, LetTIHL for API(s) 3.0.0
luyendan 1.0.0 by LetTIHL for API(s) 3.0.0
capdao 1.0.0 by Nguyễn Công Danh (NCD) for API(s) 3.0.0
help 1.0.0 by LetTIHL for API(s) 3.0.0
Kho 6 by ItzFabb for API(s) 3.0.0
LoadWorlds 1.1 by shin for API(s) 3.0.0
NapThe 1 by phuongaz for API(s) 3.0.0
gem 1.0.0 by LetTIHL for API(s) 3.0.0
PiggyCrates 2.0.9 by DaPigGuy for API(s) 3.2.0
Item 1.0.0 by LetTIHL for API(s) 3.0.0

----------------------REPORT THE DATA BELOW THIS LINE-----------------------

===BEGIN CRASH DUMP===
eNrtfWt327ay6F/BdbpOnXstWaTe3itdcWwndms72rbzOLvsyoJIUELNV/mQrezd/35nAJAEaMeW
bDXnfGh3uy0OgcHMYDAvgOS/t/w4DWn+ZcHSjMfR1l5vZyvnIdvaswa23R+ORn2rDf837A53topE
3uq37d7I7vfHg1Fn3B0N7Z2tgGb5UZrG6dbev7fyZQKttsT10a3LoBug3tkKWZbRGd76EHnM5xHz
CIdft3vkvLiiH8+hjV8EwVseYKNkTtO93d2Dvd0PGZC3u++FPOJZntI8TncPWXadx8nu2eX+yW4S
FDMeZbuXR1cfTyZfFna728buu1nq7p4dTI4+nu9esvwjTwCc4DBqiJX7QZ8ACAa5jC0QUUpd+P3r
1osOWR3HNvR9uUeS2L1mOfDCHKfIeZA5zgf8s7fHDIkd08gLWLrNo5zNWEpGOwSY59HsV7v7G/mG
CKs2o/FvZNMS3CElLSgFQtOULn/t/vYShPPCWkcQ9gDkIEGOI2Gtn3LuXm8LXDZJQuyE/9XS2s3c
OfMKEMnuFc2uS/FY3aGG7AqQ4N3WT3F0UUSV8CyBuLsK4svyatsajhvzVbWEkWoaWj+ld4bq3T+U
FNLuRPw5oxGsh3R70O89PE5FUuunkPLoap4y6h0zmuZTRvPGyP37R75kKazybbs7ajIlaXIcgyg5
H9XAWWOQwcODWH27MYi8o8/y8EEU1nj8EIpJGrtgTuJU4ho9jKs/GnwDV5aDECWO8f04JuLnGfzc
tu+s3xLNly9uHMHCKtx8O57+ztycvKEZOwC7mJ3G1GPpDlHwe5b/GczpaTybYSu1fLuD38jBHlgG
XLiOY6xcx1FLF3rC2nWcqlevt0YvtV4dR67fzqPsd+0m+5mUr0RgSQTbFrZK2R8FT9m2ImxsrWWN
6kFbZ5PaiJhkvdz67c+dLbYRr/McdwBEyI5feLSIgwULWZQDNg/4d/Ot8i5AJF6AuLHHkGZrZAPY
yeX/CIFb1qhrgIooY/n2DzQIfv0hoiH77eU/RKue0eqHfM4zXBkhA51m+X4QiD6qcb9qTMifAjLQ
IAIw1ADc3/4/PGuO+5L8W7QcrUTfuDnkuNMYcmxpgB+ynLwiGppfnS23SFMQZWvBE2frN4F2bDeR
dHUkHHCw2yQA8W47WzvwLyKWFI17za66VH7waM4s6A76mMcox+0f+K8dxc1YiosQ1dA2GiIEhlu2
wpbnbL1UXYZmly50odNsW/VvqRFV41KmP8xZkKAgRJfd0aDX6cgWpTzFnR40AXu8oDDL2ENgsTud
akhxWcoXplP1+ukVmG+Yxj//DmH+DmH+DmH+DmH+DmH+p0OYna0Zi1hKA4wH0POB0Tb6AmFTmIc6
Rd/qtq1x20J4wQMPYpBRt7+zxbMvHlts7fk0yBgEHWmcx24MaHtdyFhnHEMSOnS9zsjqdOwO9a2+
P+16w7FlD93h0PX7w0Fn1He9nusC7kLR8glsc3yTkfMrcnh0+cvV+0nrl7fWx8/v3pBBu0sECWQ8
6HTIdtlUahQBB2STC5tc5mBiaOqRI4+jU3hJ9s8OBz0MjCAX39sagpG1kZ2vLPIEe+oabn+JM6Th
5Pz8CgDi4oZHIoIKkxjm4EvApylNOctQftSbA88p2/09i6MWtFGhmNW22vZr37X94WA8HPsd2uvR
vt+fuja1p0C81xkObJ912HDEhoDeo8ABkB2Huy7EJFPqXrfA23IPJxoQFtF1FN9Er9VfJLae2CmP
aLoUCwOadmBsq/u6Q6eMdUdej9mjgTWwLd8e2O5wTG3a9QbjsTeiQJrfM1HdO7jV7rS7rwe94WjY
gz6DwdSldMj6o1Hf7tkM5tDuunafjdx+n9oNhLicA7GcFW326/GwPxzbo57dG/Tt7rg7tYYj2gVt
6Ay7ltUF3O54bFlTE1MQzwQGu229HnU7U5Co7frjAfOHnS6MjAwPet2O7dvwf13Lpb3xHQytJBeO
oBRU9zXrDYfM9QfMta2e73m9ntVn1PJoFy7G3rA79UFajJqoQprPFTWD1zBof+hORy44Pzoe9ceD
4XDaGw/ocDTypmPb9r2+67tdE0U0zUt+Rq/H/sgGgr2hD3PiemPaHwxYrzcddN2eb43ocNAfUjZq
CLf+2QqTaqG+XmPVachSeg26LeUCNFmvx67Lev3RdDT1PdZlPc/3piBrd9Af++5wOvSZPZj23YYG
ZVEcf2VKvP3Xw860z4bj7pB2BqPhyPPAItIu5CEumw4HXn9gj0e+7XoNJEkgMPRAWwbTzmgKhI/c
HvWpNbS6Y3dMrSlMjDXtAS9dy2PWwNr6s0qMxNpUyU9t5apsqLZsEG/BNS3yeZxmGJzKmIhcHe2f
oamkCUdoFxZAB69ZRKcBA6MBbgtsnscSMCHYEe5lsZ8f6gAMO2AMM2bDRA5WAxrd95dXn95fnB4C
6IZNM54jkRgqH4FjjMPl/uREo14D6hz028O2bfIQR2wK/22KfoXOcZikAHA6jkHNowy9CehXHr0N
lho/NUxnx2qP2kOTHc7fBjTkPMIeG+PKxOo4FTnaz1VY+xSngQeRVY6pd82dAW5oXHtkMgiWtoDB
NsSYxOY4N0hBIimQ4VLNzuXV/sXVh4nBzDzPkwxiDXDc82LaBl+2ewbhiM9Z4OmGpkxZ8pShGcxy
SAEMbkEoH2nEg4AeRe6cRjn6xEyTzX13dRH1BPuGiK7mbP8ruIw7QtpBm/d0YS0kKY5zAE78sem+
R0IlXbv38QSCOI8P0zjReFcAU+XvsHsSUbqk+aZUQqFzHDl6Uxu+rdzn8dXEIP5qcof0xmqlN1/p
zcZ0GZE5ThTnKxJ9zxRJgoCZ/SKPT6KFxk8J0VkCattWYzp+hoDoPI5Tb17wbFO8/Q5IoxKp48Bw
MY8WkIBURD06PRPokZteogI1p6l7r48g/yFv+S3zCISe5EOCRRsyXZJTGsqU4OO5we54A14kQQqF
D9FofcAuIaNXKfdEYF3xWUIeWUjTNL7mLDSYsPpP50Lhcxw1PjBxVpPy6IS9930sf2h8lBDTRdyZ
LhoseNTpWuPNeQmF0HGABLBZXvVjJUYirEZfid3ZmpcaaE5Lg5l/MQ9LCNZgU8xUCIGHioYnG4wK
267GEPCcsuUyntFPeTrnuiqacJNzqz0weVeNzyIWFLf3eLPec+SgkAMZ1uo2/jKgScJSPU5WEJOV
gagAaKz8Hv8esyH+Yy6v7tMZyOTIT566mqTdkokyRMuawZkZc3TverKsSCE8YDkEUteb0lSBU8Vm
YPQrQlZiVEVebYGkDZTtvpCIRIidAgpXhGN6kK1Bzensm8weLeLgEojeFKPawBBQG1SsEIPe3Ny0
GVCE2Nv5tfB1fDZbHhRZHocqyNJn9L67pkntNV3DIYVO7woz7rae4eFKhOAT7lJzL/AJGl4OsnsP
ul2U0y+MJRA+gEOKUz3dMuENt2lK5pd5TN9BbhTNIKTflEIYSB3HIGd1Y/UmgLDkMuKmwdKh5qK+
k9+Lpsdxyr/GEcr/EhweS/MF2X5d/sTK7ME85VlrkoLphzv4t8hOP740hGGvK4yts+UkiMUSK1eJ
Tg0mnhUfjiNL4CuFgWetN4xiMV1fETWwGVs0pvt3msXRzTKKrM7mYtsKpeNMBRnAXUXOoxyhyz2I
w1DMiB71GfBm7GffyRkPGZ82Ndh+KlPG4Ktk1MK7xi6nwWWiL8UaZs7MnYV4kFIfbKbdsQbw33DT
4YIbelisE9p2EHqX8vdKyxCL8Cy9iuNA1zkDbM4O6F1rynLamKODr8ydT84O2QI7fOS3/PrgX5vS
QheRJ6EHyEELJW050ga6aFK6rhXWyN41UIFszoog58Kxa5LRgA033F5JInhOcVnkWXHN4fc1DTi/
zv4SOYVIqQgrQMV1qp8jIw0RrokkjmZMV5wS8nA2t7FqyGLZ7zuOGnR15/OWpqFOtbxu0NyK4qhF
g2ROG+GGU1iM9gty5RSdDqPRplfzHLJSQZH6s0ah+dTMSXVo00JtoNSsV7LXKDsHIkc1aXuUwV+W
M3Z9QaPr7INeJTHAjVz1TjSEbVP6R0g3lgVoKCES0mhZXReZq7HDXJOJxpaGe8qmZmA/glzuqbsZ
AhvMCnpBd86yfI0FFKehWa4qIY/MwTdSTfsZEUqFEZaLJKL6sVKEMtkP9B10ed3weSYTIc2XIU03
toNR4nOcPKFBsGYQnR3EEH6n+d1AWrvTXP3WHY7clLrX0HJzPCmMKhquiVknIgYTf8n00pQCPFIt
NJODTWXCZowvKVmHGZnk7QcgBd37GODGRP21ub0+MkSOJh1PzO6LlE2Y6V5rmDltvbbdcu2Gex30
3r7tdMh/Ecgu8cjQSeTziOcb21X7IgeANL6kSvv5hOhI9FU7aTUeEWS4eGYlw9RbDzVqaNNW2s29
MpbPWcq8L8/jfWs/yvllQkNVBFCC0CjBQENcrLydJCgT1/WeUgVrJgwNLf4ECva14Jbd3dSc1hgd
pyLjybXHGttuzRPmAyDDGyM1LyHmorX/2kWrBsWDbOXoT1uquD/1edLYRfs8uVP4vmcP7exwU9xI
bHKz7PPkyXMm0ewqDqTjgKQ7m7/lt6b3qKB39gq/maJYvWf4weIPoNpxeLRwcWSf367jMiDpaubm
FagxT73mOqvPApIrRsON1fZLAvBM5aKReK94HqEmbbfCAdwec68szOgcG+BHdq2PeThljTBm8HRe
FTrH0WlYUUtl17bccxJV3st5nBjpiw59JES7t8q9fuXSOO4jsnkF2fpm/VvSZ1w8u94t0Yg69xm9
vWcfQIc+4k8+syhO5jzg7saCBA0lTvZtXfw36Xp8T26Op270AokEPBK//kwXnKWnLI7G44G5uzp8
LCkvN6IfNLo6eseRRJV/V+FrvxDxwnFcZMzwIBq4OW09k0dQAfd63L99ZnBjKLRu37W9OjUSns0Q
9M2RPvQ5BrWPp1s0mh3H3FjBNeyBxP3nj+fkPwR91MfoFx4Ez02ztGzbLMGU84unFFeN5TBoPZjT
vBGwC1AzXres+4L19YpGdZB8ly9hG8rAdGunES1/ZgsOczU5alVNvhHXI/H1rw1E9QINrmc8I35c
GCu6BDV3ob9L3FSOvkbRoFimNLo2qv0S8ohROmX51cnx6aY4wCFXp3rG/bx89lGRXYG+L93lsGus
sONJ65IZVaYK1DSSjXDmTISPTdJb+6eT4/2xODNZXVqdxrXVuLbL66dyjgQfi+LtqpyfsagwzKUC
fN8ZC2HQ1WnGbBkj0jexnjnoUDNzaJjE89kpDRun7Z5zGEHhA29VU7BqBqEZtJIsdaY3m3+0Gwd5
BaiRUwyaB2kSlk7j6XS5uWM0JUbHKYmof60WYcXJWTw1QiwJ+b5KBkHGGudxMVHF5WQsDg34iC+5
j/bR0zfEFbrVyb/CIOudQXwFejiv3prMizia0a8bq/3AksBTnHJ09WslxeFfwcXTpXlirgY+fO52
Q9SL8U5xPHDl1e+Visn1Pr9WStY3/x/U/uM4B43NjzcWkDzjDALLc5Z+jHMezfSoRAc3TjA26qQ3
PMuZtylOFDo851JTYF6tusQPAkbTUzqbNVZ5DTcX+p1i24ZZy0vW8JC6i0QEQISsvuk0rf30hMS7
ny2DIjw72DXxgTD+WbAsn6i3WVSi0KENQTS0NQzhX/jHdKuPPS9SHYB9cLc9nCNmx/mjEHuggqgn
yKCkcVfnSuVXR+C7c86yz40kq4abVnPY1IOQB9ednoXR4QVkQQsaTM7OJhsLMlKJMwlD8GEJEMYU
YTKJKslcu86n0bpr8vsnUpYXmjzE5SNPDx2c7uMxFPKf/5B3SOTP9Pd4c7thEjl4QR5xPOe2sjN3
uXeSBebZCw3YPMk4Npl69/7wEkuhH6NNlkJUiTWOmF7akwcXgTV5gHEF5n6OeXRtHJMvId83vrrm
a5xPOJ9RfIOIbnYr0AN1ms3rVI1xjXSRu9f0lr0tIlHkMMrF5p3vOwOJHH0NRlKexdGZeNtRzUMN
/M7ki4HlqxtWPpyTZWgJaZAZj88Z4GYGb/8VcaI+ouM0xl/x4MEVnd09diCAj4Tsh/SC0WD/j4Ju
ai48mgJGChhXmwuPZ26ceu2A4XOetM0KZAuumF5UkdePHJLeuFaBs+ezNXTKB5PwVV8RCvDIEeI3
dOHTACz8xp4cqzE6jqRhdSaCwr1eTvFAjC7/Gvh9l3Y98OocSPU/yVl4Z00I4CMcbDqNrUdenQVU
PZrmX4yYWgN+53quHHh18l26TOY0zynXyNeAjy/knM+DjeWvyRqkY7FnwfXHwUvI9y864TvuVi/c
sDB5QyOzclPBHnyhxmUcZfS/rzZ92lmhdZyKjLWfeLyIc9qIlJp3HtlC/sax1OewZRKwOk9AE7+e
x0bsWsO+y7n6arjVqT4Gd/6WMT0BqkCGVt3dE1OZ8rfeB7FTPdHZe+5+2US96m1Vpi7YDU2Nkygl
pFGe/Z7n2xQJmzjdplDJpw15bh6sF9fNE4qD5tstfJZGRWZ1LIPV3nOe6ahQOo4gYvX5ep+yd+KN
aHmsF0UN8CNOZcEX3AtZGKfLHbJhY63T4Tjq50oHDy4m73QlhKvvnDot1nAxZ0XefJ9ABfrO+35F
ztbaF8cSlHm6o4I9UDV4W6Tp8md6zfGtjZui3UCKD3DRq+J8vp57/JC8S6mxZV5Cvu88FGtpDxVv
EzG0R4Ea+67tILlu0P3Et500K2fqbSYP7ZjVI4nJEX3qXyvqm3k4VQEe0rTJx3f7Z0cX9zrLYVtu
+I/U37EI4J7lNCVFq0/eJ5om5q5gCXlE4S5AlhMa4WHrTSndhcgGcfw14kkWBEe3elhfQh7Zjz36
esaj+cY9hkTrOEefJ5drbS8HxRKQ0chIzhXoe6fmcth10sLEo7GREgrAI3Sfz4olPpnp9iNygE9m
+r1oRg5pNCfb5weHLzfFEI7DogOIjhG345xi0akq9D/KHb5zW+NNXH7fGcEhV5+NX+b6VOCVTm0z
Hsy/vqXT6ZMfIr1zgPObUaIcCE+srrMs8NTMnXfIaMDG6ZfG4Zc5jzY1B/WYq8fxGMa7ySJq53Ei
9jhocjU3HsCRgAf8R7LholWJz3Hk2OXflQ70GYW32eMVt00f41un0ibf0YLh+t131UhoM68Y/yWn
9+979cy331sjKDMunv+eGoFGZIyN0ukqRdMNTyFfo1qKb5SlKZCas+bTMeVbtoXBES+gbicpHl4R
W957Wy8m1RUBu+/zGcGvfjipE724pDk5o0ti28Sy97rjvW6X/L/OkNgd28IGYZx7r87en5J6OxjB
cphWEqf5K2tsdW0E3syB2FbAs/xVB69pFMVF5OKLOvFQUIu6c87kN0KyV3Ek8OATYC31blAQu+wY
0lvVJ3tl9xEyo5jTekze9+MUsFaw2PcRChLw8DBxeQ1JnxrF477P3SLIl68EobMyi21lWIONZtkr
BIvtlxaqw6tAnOirYBljntYEv7fy6vDo7f6H0yuEyrlv/VGwdKmGVKAUfENJD/5uJzTLbuLUe/V/
xT8gpCKPWxldMNVxwdlNywMZUpDcqxGCbqfxbQu1UDWBSZgVdMZesWiG18YLi9vLEF9Y/IKgWhFX
THeRihqemHUCwiOG7oAWELB5GSOlNAhNGYFYlsQRqEw+Bx1xcTJzMmWER25QeOLLFeSOtiGuyziE
nj4iaOLMqM92SIxhcoYoyTRl9Jos4yJVuAj3CUwq97kYAeYTvyQTLBHxObup0O16zKcwoxm5iaMf
c4LFSpoSlGYIzOLLw5dIIX4cRvJ9M2cRKZIZ5I+AoO1EqMUS2Z4TEfLi01w8LEnyGEaJPAIo1Jv5
QQYpjUD5cyBK3BakBjEMA6zCL5YLeXlswV1G5uLDEggJEbNU13LW9oh4TT3eyOZF7sWwANSHevaI
s6XeIO8GccY8Z0tQth8E8Q3BhQXElF/qIAtOyT9R5bCN0L3yjbh7BI2Q6Hok9FD1Ee/WxCVCYMZA
KIhtuiRKlNheqW11WyP2xScOAokjkCv1PJKyTIofxYrfdCAho1mRiuVNQOhThkSDcNgfBQ1QbDO+
gLYLGhSMbKtBwdC8ROxyRFgwDG1KC8SOH1TYg9ti7PMinIJUQKv2s2Xk4lc1CL4ND/SoLRp8AGkJ
1S45xWbzFCKzAmYPmmc7RLxLhqjFD+thh+Cr9IERNPhCNmBwERYWEWgQNpHIL8X0Ak+gZWl8y0HD
GIgBWBKaG1XEoWwVQSc+6iq2QZ3cITz/EcSXp6Kbx9DeCZVpdCbbwEMB68YWYhFstBSnewJVU1ep
UI60iCKcTg8NVJyISRAvGsra5JAt1G8S8tkcFjNGqDv64lOKgxJJ0yLJJVQKDAUTAm2KLzG5sCjF
FwY8uSDoIuYekH0/BagjqHMxCBq0q60pGjRuyUaVpoH5F+VLuSjfgSUG7UEPSiQc1kHIc1zbIZvR
6RLceZtcSlF3hHB5hrhF9yuctRsuJC80ChbtTUsiKpUsExz6HEgEi8TwTXCIBneUyyGlksNsFbhM
ySyGiYpxmaJW4EAzQWZLkLZHOsgFjC5MsHzL//96DjAkeYh+9K7Pox+CvkSQoMxnRZJClxEwH+gf
we6VBOGoJVVWx+4pwoQR+CRWhaIv+3EDFIp1IUhCi0HUR7hgpbNb5hbC+MaSZLki0VlVrdmtC1FC
VnMkDdf7q6M9cnV8cklOT85Orsj+ZHJ6cnRJJkcXBOK8X44udgg0IlfvodUR+XT8/vSITC7eHxxd
XrabJsCQh90fKHFMWMpj4ZDREGfIoDtnwiQLaVTG1gLZQ0jgCdsimrQwHpZmVqCC+BD4BAMN2oT8
fkvZpJJBxIcOMMJmajCBWSIB01sbcumRxBjv0Yegnxcd2ndboy6oeBqmLWEuhgNSskiunFfZt+IB
1IslWc1qt6N4zV7eT5LivKs4n9F0Ciuj5cZBIGNRYYDul65YakiO6kVUL7DdIY0KEXzolEBgVoAO
vtwpfUJTCUs1lO7V9wGX5Desl2CbvJc2Xyo8RA9xEXgVLRycyE1EavoziTgR5AOjg05H8QqjvRXG
4o6TFKojMVS8+Wkcls5W9lYtWrpq6jOM3KiZvKMb5B6VMrTjsgwYccpSGAnVUCmyV4SJjK5kCEfU
jRbeKOfrEBupDoJ2QWbJAVyBm4fFTu8RMDhtcHwwwgKULMsKhoYhn8OszcpoE40WjlZTtVNOpIwR
VFDZltRg02/KCfMcd15E11lJ+wFNEMrDIgQfiy+2ImUugBNJZFYkqajliutFiVKsmLs6BsF2oigS
A7YwCi7A6faqGTuM5a2mTmNshFZP4peNyyUkcamGOmcicmi5FF/LVc0LkCJiFQgfUXpAnQwwJJYE
X7aEiQb2kRzW3EE3JU/JTzkyNq6jXRQgHtov8T6M6iE9dCL1uuU95SIgNJvHgQwxpzSHTBYjcUFy
hh/WI8rJCNsmMx91V7qWKauCTeneXuizVN5Cs5ouc0S+Q1qWNoFi8sTArbwkRrkAYbXrOFakqBhC
epJzzGVEoI+dAajIapNjiAVBl16J4I4cTD7sQF+gYQrr64Z7oPYiVpDWs8LfEvj3yKAMu+uIPBPS
0dq2yb4HhmpOA38XX/Ev0gSPgQ6roWBQgnUPVDBtIdZuT0OmpyJHt2jVMMSkQZsgER8m0aQMtusE
EHMJJAqPCWDHIomSlrpuZDdnatVl/Cur5hPD8nIa8cRqGTJB2C7VQ3OtvbEtO71sk4nqE9B0JjpQ
lYkqXRAj+imdIQswJyC2LAlExILpZUjxEXsYOcV5Ogg4VkxEvowfZmNZTs6uPghKM2AJ2Z4WOcH8
XExlPZxMLtqlrQnzooW99gS1qOUemxazvTJh+YlYmKiocG0OS1XcJyo9zWRCjZocZbF0XEobLEQm
jZPEdjCPIYFFDSzzFFZmosKCeTSnJKOL0lJiBaSsE+E9LYUFwkRNTQYsqh7xe8wjmQyLMtGP5PM0
vkWtT8nJIdn+/OHk8CXBd7jNgQZofwPmPknl8/egGJi/pJC8tOsIEDQhFk2EsPHdmZ/fnJb4VW6j
QX4Ug2GxSDhNiD4wyRVuWPAWl9UR5UK0Io7vi2HhHveXrduCe5oiUohTwLoxmpd2E/iXH7Yr0wCR
QipKQW+Y+mhGFLsBT4joC2qDVT2XYioZxosyK0eXpvyAsMWt8p4cMqstYFn40iskV6LEIfUdVhGI
V06GaKuUu8hUqcWFlZxLW6f6tGSfPZJAkLTgAQ4j7biyUWoUdEQ0mlWJQoTdgqY/3ClbGRWze6tS
cpb3w7jAJexLh6NWNIpSzTE6WDRRoh4Beoi/hYeEzhfCX2qdBeMRk/nvlElkU+bjAhRVTeHi5qXC
Cx0XxU7D80r2caCKfTBEhDZJTeQHM2E0Bk7tPio795NJU8AE+lGuOyC27Ix/K2q6YjFjdaBViI+v
ZJpOigftxECiuquvzUMxmDi6nAkLhPJkKc40kV8RJIo7oqoppQcXfQzWAV+L2OQFmUEeltXiqSs2
lYTad0WkbNMN5SJRAzsJWYycmyROiqBURnWBrky0URaxK+yhiPBbibJi6EzQMIG3U7GzqNbKGtWe
8uJYUhN5owRLJ6jmC5+7rIodXi031PcWvoOhAaqWmwlO5hBu+rE2I7DKWnKvo2o5j3FmBCltfA6u
zWNBMViyZYh5T4YnOTPgMKtJx2RO3Sf1fcGCsGJ0Nkshg5bVMlVakxUE/IjydZM/QR+s4PeH7/Ej
oi1l86XrQ6Nww2RwTWHp3IgRM0F4zYCAtbV6NnjaSvJSNeXk3BEqTKi8r5QJnDx+CFO4Kj1GFPBY
Fx2E3RHqiVa62iHizck7BF8VLvxzXoVhYHp9lkKo3UILFKH/k3dLdyWdBTVKYWpfSfOvBYSc4MqF
FSuNhUIoZl7eL8e4M9OSV32qcx7Wtlo5YESK7XEloGnGmUWDiQOKGp/qVNZz2/UA6o4+QinNh128
MttyduWq0EonCgegz5U8yyLJXAGFxcAsRwXOymJgzRlyE09EjtyvEEH6AYzIDQa0QGXlQNo4wKdM
ZOnZaMBpptISiCRpmATlFcY8QKOaq71y0uQ90FssYe2RX0WwAv5zR9S0fkOk8vMnlZvUNz4EGxg4
4teZZNWg3H8S5YD7PJZw6MJDZyJAFtkmvuwMaFXuVidfjitokD8J7lihV5Deqx5xj7w93b/as/8x
3OmPb62d7m13x/6H9Q8PAyKxzrfxc3ouGtdXo440xfKq138pozy5x6An63KFo28BGatamgg9RDEM
Zs1dEvl95SItjXKZoaTV7oSwOIAHXJUrdn+yUmCtcmcDdEGGsy/eClMjhhLtDSSFiBQk5IsGaYnY
Ugv6YvGtdsJuwfBlKrlzr8WpYpHIgESmHALzpQziRDvkF0iB1EO6EblmJJcCPwQjaWWrt3a22G3O
ooyrr2KI7/tpn/6duuoLrhUEd5Xws8EGLA6/eHEOxtCA4k6kASjSQL9GE6Ff+zwQ71muIbPQ+BDx
HF8+oV1zWGULHYCfFxab4/IR73Aqt8j0Jpn66rEOS1yT6wvmq+KC0VOY/cwEQYAS6pDLyal+GS6z
PwLx9WT1i/TxCUAb9xZICz/F3O/0OkP4+cMJLImh68K/4wEbDPv+wBvarO/6Hd8eDP3eiFmDoWvT
6dTukh8Adx5fswjCA0NiSyp2WMtH3L7iYzR42qYvXhD3VX65tmoNl7ehOScxsmN3Ol3LsvGYxeTw
vSEqL/4iWGkCAcTN6QRzEWWZ0fCSo0H4fGbIqEEBXGKabbIFwBt8U6wB1L5RjMc9LPzMNhA8N5Wz
9tZfRDCmf/8ZRcRn8rvQ6hURKCaB0lLPkguD5k3LbxCjHqfLJI8FQL5LYebdmXNuqImQTVcHQY5X
CPM9K6QyluT8C2O29xNRHqo7/Pnn/wd2Lc6y
===END CRASH DUMP===
