PocketMine-MP Crash Dump Wed Jun 2 00:10:15 +07 2021

Error: Undefined index: NuTaVN
File: plugins/SETVIP_v2.3.phar/src/MCPEVN/SetVip
Line: 191
Type: ErrorException

THIS CRASH WAS CAUSED BY A PLUGIN
BAD PLUGIN: SETVIP v2.3

Code:
[182] 				  
[183] 				  unset($all[$name]);
[184] 				  $this->time->setAll($all);
[185] 			  }
[186] 			  
[187] 			  if(!isset($all[$name])) {
[188] 				  unset($all[$name]);
[189] 			  }
[190] 			  
[191] 			  $st = $all[$name]["current-vip"];
[192] 			  
[193] 			  $i = explode(",", $st);
[194] 			  
[195] 			  $date1 = strtotime($i[0]);
[196] 	    $date2 = strtotime(date("y-m-d"));
[197] 	    $date3 = abs($date2 - $date1);
[198] 		$help = $date3/86400;
[199] 		$date4 = intval($help);
[200] 	    
[201] 		if($date4 >= 1) {

Backtrace:
#0 plugins/SETVIP_v2.3.phar/src/MCPEVN/SetVip(191): pocketmine\utils\Utils::errorExceptionHandler(integer 8, string[23] Undefined index: NuTaVN, string[89] phar://C:/Users/Administrator/Desktop/MSAI/plugins/SETVIP_v2.3.phar/src/MCPEVN/S, integer 191, array[3])
#1 plugins/SETVIP_v2.3.phar/src/MCPEVN/SetVip(26): MCPEVN\SetVip->tick()
#2 pmsrc/src/pocketmine/scheduler/TaskHandler(137): MCPEVN\TickTask->onRun(integer 1)
#3 pmsrc/src/pocketmine/scheduler/TaskScheduler(179): pocketmine\scheduler\TaskHandler->run(integer 1)
#4 pmsrc/src/pocketmine/plugin/PluginManager(654): pocketmine\scheduler\TaskScheduler->mainThreadHeartbeat(integer 1)
#5 pmsrc/src/pocketmine/Server(2389): pocketmine\plugin\PluginManager->tickSchedulers(integer 1)
#6 pmsrc/src/pocketmine/Server(2152): pocketmine\Server->tick()
#7 pmsrc/src/pocketmine/Server(1992): pocketmine\Server->tickProcessor()
#8 pmsrc/src/pocketmine/Server(1586): pocketmine\Server->start()
#9 pmsrc/src/pocketmine/PocketMine(291): pocketmine\Server->__construct(object BaseClassLoader, object pocketmine\utils\MainLogger, string[36] C:\Users\Administrator\Desktop\MSAI\, string[44] C:\Users\Administrator\Desktop\MSAI\plugins\)
#10 pmsrc/src/pocketmine/PocketMine(321): pocketmine\server()
#11 pmsrc(11): require(string[91] phar://C:/Users/Administrator/Desktop/MSAI/PocketMine-MP.phar/src/pocketmine/Poc)

PocketMine-MP version: 3.19.1 [Protocol 431]
Git commit: a7cd0810020af15fb3d79127c77cf576085cd4cc
uname -a: Windows NT DESKTOP-KF1VXGB 6.3 build 9600 (Windows Server 2012 R2 Standard Edition) AMD64
PHP Version: 7.3.21
Zend version: 3.3.21
OS : WINNT, win
Composer libraries: 
- adhocore/json-comment 1.1.2@fc2f76979f0a44a5f5bc2a2b600d0762fe0e78e7
- daverandom/callback-validator unknown@unknown
- pocketmine/binaryutils 0.1.13@0abee38d4e2861621f262c79a2a3d699d8a697f4
- pocketmine/callback-validator 1.0.3@64787469766bcaa7e5885242e85c23c25e8c55a2
- pocketmine/classloader 0.1.2@9757928424652393b178a3760073113aa7c9911b
- pocketmine/log 0.2.1@830b44a2cf96ef703c550abe64302f230231ca49
- pocketmine/log-pthreads 0.1.3@e477ecf6ec214fdd4415ea1da3fdd9d73bf699ea
- pocketmine/math 0.2.6@43057cb8c179a9859677b496a788db922fd5cfc3
- pocketmine/nbt 0.2.18@9f82ca4d7f97fcd9a566e44b63c4f18a7657ae82
- pocketmine/pocketmine-mp 3.19.1@a7cd0810020af15fb3d79127c77cf576085cd4cc
- pocketmine/raklib 0.12.11@9cce458b8bfde3e4dfdbf70c659fc7b7fe26b5c4
- pocketmine/snooze 0.1.5@70b5e7937a06878dd321a3182ceb76d56298f2cd
- pocketmine/spl 0.4.2@6b08b7cf8c4afa17139c9a1b3bf1b408531de161

Loaded plugins:
Worlds 3.0.7 by survanetwork for API(s) 3.0.0
SocialSpy 2.1.0 by Crafter20162017 for API(s) 3.0.0, 4.0.0
NoTP 1.0.7 by awzaw for API(s) 3.0.0
MultiWorld 1.5.2 by CzechPMDevs, VixikCZ, fuyutsuki, kaliiks for API(s) 3.0.0
BlocksConverter 2.1.1 by matcracker for API(s) 3.0.0
VanillaEnchantments 4.0.0 by TheAz928 for API(s) 3.0.0, 3.1.0
PiggyCustomEnchants 2.4.0 by DaPigGuy for API(s) 3.19.0
MaxEnchants 1.2.1 by Xenophilicy for API(s) 3.0.0
WorldProtect 2.3.8 by aliuly for API(s) 3.0.0
AutoInv 0.0.10 by JackNoordhuis for API(s) 3.0.0
reyyogaWtrhit 1.1.6 by reyyogaMnelux for API(s) 3.0.0, 4.0.0
TimeCommander 1.0.2 by TheDeibo for API(s) 3.0.2
OffHand 2.0.3 by alvin0319 for API(s) 3.0.0
OnlineTime 1.3 by Zedstar16 for API(s) 3.0.0
PM-Beacons 2.0.0 by jasonwynn10 for API(s) 3.0.0
NoDrop 1.0.0 by Inaayat for API(s) 3.0.0
BlockSniper 3.2.3 by BlockHorizons, Sandertv (@Sandertv), Chris-Prime (@PrimusLV) for API(s) 3.2.0
HideCommands 1.0.7 by Himbeer for API(s) 3.6.0
PurePerms 1.4.2-c2a by 64FF00 & ProjectInfinity for API(s) 3.0.0
InvCrashFix 0.0.1 by  for API(s) 3.14.0
DevTools 1.14.1 by PocketMine Team for API(s) 3.13.0
Broadcaster 1.5 by EvolSoft for API(s) 3.0.0
FormAPI 1.3.0 by jojoe77777 for API(s) 3.2.0
TPAll 1.2 by matymare for API(s) 3.0.0
KygekRanksUI 1.3.0 by Kygekraqmak for API(s) 3.0.0
Sponges 1.0.0 by  for API(s) 3.0.0
AutoXP 1.1.0 by JackMD for API(s) 3.0.0
MSpawns 2.2 by EvolSoft for API(s) 3.0.0
InvSee 1.0.0 by BlockHorizons for API(s) 3.0.0
EconomyAPI 5.7.2 by onebone for API(s) 3.0.0
KeepInventory 1.0 by KhoaGamingPro for API(s) 3.0.0
FactionsPro 1.3.20 by Tethered_ for API(s) 3.0.0
BlazinFly 1.8.7 by iiFlamiinBlaze for API(s) 3.0.0
BuilderTools 1.2.0-beta2 by CzechPMDevs, VixikCZ for API(s) 3.0.0
Slapper 1.6.1 by jojoe77777 for API(s) 3.13.0
Netherite 1.2.1 by Wertzui123 for API(s) 3.0.0
AuctionHouse 1.2.4 by Shock95x for API(s) 3.0.0
CustomAlerts 2.1 by EvolSoft for API(s) 3.0.0
SETVIP 2.3 by MCPEVN TEAM for API(s) 3.0.0
EconomyLand 2.1.2 by onebone for API(s) 3.0.0
Trident 1.0.0 by brokiem for API(s) 3.15.0
PointAPI 1.0.3 by onebone | Fixed and Update by LamPocketVN for API(s) 3.9.0
PureChat 1.4.11 by 64FF00 for API(s) 3.0.0
Farms 1.0-non-alpha by Dấu Tên for API(s) 3.0.0, 4.0.0
ec 1 by McLebt for API(s) 3.8.1
Shield 1.0.0 by JavierLeon9966 for API(s) 3.7.0
BangHoiUI 1 by JVN | JackVnKiller for API(s) 3.0.0
PiggyShopUI 2.1.1 by DaPigGuy for API(s) 3.2.0
QuestPlugin 3.1 by HmmHmmmmm for API(s) 3.11.0
RPG 1.0.0 by LetTIHL for API(s) 3.0.0
NapThe 1 by phuongaz for API(s) 3.0.0
capdao 1.0.0 by Nguyễn Công Danh (NCD) for API(s) 3.0.0
HealFeed 2 by JackPlugin for API(s) 3.0.0, 3.1.0, 3.0.7, 4.0.0
AutoSellUI 3.0.0 by LetTIHL for API(s) 3.8.2
luckyblock 1.0.0 by LetTIHL for API(s) 3.0.0
CustomTags 0.0.1 by DaRealAqua for API(s) 3.0.0
TempBanUI 2.3 by SonsaYT for API(s) 3.0.0, 4.0.0
gem 1.0.0 by LetTIHL for API(s) 3.0.0
Rewards 3.0 by Wertzui123 for API(s) 3.0.0
level 2.0.0 by LetTIHL for API(s) 3.0.0
BetterVoting 1.6 by Twisted for API(s) 3.0.0
Joinkit 1.0.0 by LetTIHL for API(s) 3.0.0
freeze 2.1.0 by Bavfalcon9 for API(s) 3.0.0
WarpGUI 1.0.0 by RockPanther for API(s) 3.0.0
essentialsTP 1.2.2 by  for API(s) 3.0.0
cayphattai 2.0.0 by Lettihl for API(s) 3.0.0
VanishV2 1.16 by superbobby for API(s) 3.0.0
thoikhong 1.0.0 by  for API(s) 3.0.0
Kho 6 by ItzFabb for API(s) 3.0.0
ShopMob 1.0.0 by LetTIHL for API(s) 3.0.0
AntiToolBox 0.1 by NgLamVN for API(s) 3.19.0
BuyFix 1 by FPVGAMER for API(s) 3.0.0, 3.7.1, 3.8.1, 3.9.3, 4.0.0
AutoClearLagg 3.1.0 by Twisted for API(s) 3.0.0
CmdSnooper 1.0.0 by HotshotHD for API(s) 3.0.0
luyendan 1.0.0 by LetTIHL for API(s) 3.0.0
PHP-Sell 1.2.7 by Muqsit for API(s) 3.0.0-ALPHA9, 3.0.0-ALPHA10, 3.0.0-ALPHA11, 3.0.0-ALPHA12, 3.0.0
CustomItem 1.0.0 by Phuongaz for API(s) 3.0.0
shopvip 1.0.0 by LetTIHL for API(s) 3.0.0
PickaxeFunction 1.0.0 by LetTIHL for API(s) 3.0.0
AcidIsland 3.2.9 by GODSMineVn for API(s) 3.0.0
TrashGUI 0.0.1 by Phuongaz for API(s) 3.0.0
SellExp 3.0.0 by EzMinh, LetTIHL for API(s) 3.0.0
restart_in 1.0.0 by LetTIHL for API(s) 3.0.0
detu 4.0.0 by CLADevs || GreenJajot for API(s) 3.0.0
MenuUI 1.0.0 by LetTIHL for API(s) 3.0.0
NganHang 1 by GreenJajot for API(s) 3.0.0
LoadWorlds 1.1 by shin for API(s) 3.0.0
PrisonMine 1.0.0 by LetTIHL for API(s) 3.0.0
giftcode 1.0.0 by LetTIHL for API(s) 3.0.0
KitUI 1.3.6 by Infernus101 for API(s) 3.4.0
UpGrade 1.0.0 by LetTIHL for API(s) 3.0.0
SlapperRotation 1.2.1 by jojoe77777 for API(s) 3.0.0
BuydetuUI 1 by FurryJaki1992 for API(s) 3.0.0
PureEntitiesX 0.7.0 by milk0417, RevivalPMMP for API(s) 3.19.0
MuteTime 1.0.0 by LetTIHL for API(s) 3.0.0
PiggyCrates 2.0.9 by DaPigGuy for API(s) 3.2.0
Buyrank 1.0.0 by LetTIHL for API(s) 3.0.0
help 1.0.0 by LetTIHL for API(s) 3.0.0
OreGenerator 2.0.0 by vividmemory, LetTIHL for API(s) 3.0.0
Item 1.0.0 by LetTIHL for API(s) 3.0.0
ScoreHud 3.0.0 by JackMD for API(s) 3.0.0
MuaPoint 0.1.lpk by LamPocketVN for API(s) 3.9.0
SizePlayer 1.0.3 by  for API(s) 3.0.0

----------------------REPORT THE DATA BELOW THIS LINE-----------------------

===BEGIN CRASH DUMP===
eNrtfWt327ay6F/BdbJOnXstWaTe3itdcW0ndmvH2rbzOLvsyoJIUELNV/mQrezd/35nAJAEaMeW
bDXnfGh3uy0OgcHMYDAvgOS/t/w4DWn+ZcHSjMfR1l5vZyvnIdvaswa23R8Me1a/PR4OOgO4USTy
Vr/d73Xs8bDTteBvfzTa2Qpolh+laZxu7f17K18m0GpLXB/dugy6AeqdrZBlGZ3hrQ+Rx3weMY9w
+HW7R94XV/Tje2jjF0HwlgfYKJnTdG9392Bv90MG5O3ueyGPeJanNI/T3UOWXedxsnt2uX+ymwTF
jEfZ7uXR1ceTyZeF3e62sftulrq7ZweTo4/vdy9Z/pEnAE5wGDXEyv2gTwAEg1zGFogopS78/nXr
RYesjmMb+r7aI0nsXrMceGGOU+Q8yBznA/7Z22OGxI5p5AUs3eZRzmYsJaMdAszzaPar3f2NfEOE
VZvR+DeyaQnukJIWlAKhaUqXv3Z/ewXCeWGtIwh7AHKQIMeRsNaPOXevtwUumyQhdsL/amntZu6c
eQWIZPeKZteleKzuUEN2BUjwbuvHOLoookp4lkDcXQXxZXm1bQ3HjfmqWsJINQ2tH9M7Q/XuH0oK
aXci/pzRCNZDuj3o9x4epyKp9WNIeXQ1Txn1jhlN8ymjeWPk/v0jX7IUVvm23R01mZI0OY5BlJyP
auCsMcjg4UGsvt0YRN7RZ3n4IAprPH4IxSSNXTAncSpxjR7G1R8NvoEry0GIEsf4fhwT8fMMfm7b
d9ZviebLFzeOYGEVbr4dT39nbk5+ohk7ALuYncbUY+kOUfB7lv8ZzOlpPJthK7V8u4PfyMEeWAZc
uI5jrFzHUUsXesLadZyqV6+3Ri+1Xh1Hrt/Oo+x37Sb7mZSvRGBJBNsWtkrZHwVP2bYibGytZY3q
QVtnk9qImGS92vrtz50tthGv8xx3AETIjl94tIiDBQtZlAM2D/h3863yLkAkXoC4sceQZmtkA9jJ
5f8IgVvWqGuAiihj+fZLGgS/voxoyH579Q/Rqme0epnPeYYrI2Sg0yzfDwLRRzXuV40J+VNABhpE
AIYagPvb/4dnzXFfkX+LlqOV6Bs3hxx3GkOOLQ3wMsvJa6Kh+dXZcos0BVG2Fjxxtn4TaMd2E0lX
R8IBB7tNAhDvtrO1A/8iYknRuNfsqkvlpUdzZkF30Mc8Rjluv+S/dhQ3YykuQlRD22iIEBhu2Qpb
nrP1SnUZml260IVOs23Vv6VGVI1Lmb6csyBBQYguu6NBr9ORLUp5ijs9aAL2eEFhlrGHwGJ3OtWQ
4rKUL0yn6vXjazDfMI1//h3C/B3C/B3C/B3C/B3C/E+HMDtbMxaxlAYYD6DnA6Nt9AXCpjAPdYq+
1W1b47aF8IIHHsQgo25/Z4tnXzy22NrzaZAxCDrSOI/dGND2upCxzjiGJHToep2R1enYHepbfX/a
9YZjyx66w6Hr9yHNH/Vdr+e6gLtQtHwC2xzfZOT9FTk8uvzl6nzS+uWt9fHzu5/IoN0lggQyHnQ6
ZLtsKjWKgAOyyYVNLnMwMTT1yJHH0Sm8Ivtnh4MeBkaQi+9tDcHI2sjOVxZ5gj11Dbe/xBnScPL+
/RUAxMUNj0QEFSYxzMGXgE9TmnKWofyoNweeU7b7exZHLWijQjGrbbXtN75r+8PBeDj2O7TXo32/
P3Vtak+BeK8zHNg+67DhiA0BvUeBAyA7DnddiEmm1L1ugbflHk40ICyi6yi+id6ov0hsPbFTHtF0
KRYGNO3A2Fb3TYdOGeuOvB6zRwNrYFu+PbDd4ZjatOsNxmNvRIE0v2eiundwq91pd98MesPRsAd9
BoOpS+mQ9Uejvt2zGcyh3XXtPhu5/T61GwhxOQdiOSva7DfjYX84tkc9uzfo291xd2oNR7QL2tAZ
di2rC7jd8diypiamIJ4JDHbbejPqdqYgUdv1xwPmDztdGBkZHvS6Hdu34f+6lkt74zsYWkkuHEEp
qO4b1hsOmesPmGtbPd/zej2rz6jl0S5cjL1hd+qDtBg1UYU0nytqBm9g0P7QnY5ccH50POqPB8Ph
tDce0OFo5E3Htu17fdd3uyaKaJqX/IzejP2RDQR7Qx/mxPXGtD8YsF5vOui6Pd8a0eGgP6Rs1BBu
/bMVJtVCfbPGqtOQpfQadFvKBWiy3oxdl/X6o+lo6nusy3qe701B1u6gP/bd4XToM3sw7bsNDcqi
OP7KlHj7b4adaZ8Nx90h7QxGw5HngUWkXchDXDYdDrz+wB6PfNv1GkiSQGDogbYMpp3RFAgfuT3q
U2todcfumFpTmBhr2gNeupbHrIG19WeVGIm1+SlOAy/TrJwC7Gzplq3TxuVHi3wepxmGp1mRLmjE
8ps4vUZrSROOYGzZwWsW0WnAwG6A5wKz57EErAj2hHtZ7OeHOgAjDxhG4HScG0GA41SE4LpA83t+
efXp/OL0EEA3bJrxHMmd53mSgfFXLLUFkjZQtvtCIsKo+jJ2OQ0uk6XGZw3TWYUpBQYMVg9S6ucs
Bbs5gP+Gd7jd2eo9h2s39FAZEozIDkLvUv5+jG3k6n18NdEYEpc6L9bdaaM3X+nNpuZLIHOcKM4T
GWmsOlfg9ebFtA2OYFcSBMycFUHOxZRrLGlAk7F+225M0lfmzidnh2yBGvOR3/Lrg3+JwjVY/Ky4
5vD7Gow1v842xb6LQyYheHdQ1hApFQoHotCpXlcgGiO7GiKQ0E8BrPzsII5AEDlLNTE17zQV2jJl
BVbZhTTzGlpuSBQ1RsdpEOM4MkpdRaE/0ogHAT2K3DmNcgwSdMN0312d055ajRqnV3O2/xV86D1r
tisW+hP5XUhSYMFCVPOESS7p2r2PJxDEhM9my4Miy+NQ3dIFcd9dc8p7TUEcUuj0rlgaggAv+GQJ
lAght7tLzb3AJ4ipHGT3HnS7wmjQ23vko0NNs2E3l8JnFsXJnAfcXW5qLWgo0Sre1kIx6Xp0NYiF
D9lojuXKhn8uwea0d9ujhrkPeBFsjDOJTTnoRFLQNPyXV/sXVx8mj83sGaRwPmeBpwdnZZknTxmG
jhlYj12DWxDKfpHHJ9FCk0cJ0UUBTLatxhL4GezT+zhOvXnBN+YDfgekUYnUcWC4mEcLyI8roh6d
5pQtl/GMfsrTOdfn2YSbemy1ByZzqvFZxILidtMRikIOZFir+Xlk64qH7AAyPcjWDF9lwpvhin3H
fh8yPo0bHNlP5cQYfBXVRU7OfR+rcRoPJcRcfZD9NVffgkedrjXe3AJUCB0HSABD4lU/VpmS8wg3
R67EYYGalxpoTkaDmX8xDyta1mBTzFQIgYeKhifHkRW2XY0h9KRnrZ8YxRKa7kBrYHMKG0bjd5rF
0c0yiqzO5kxGhdJxpoIMCJoqclaI+g/TODHifgFoLqUGJycRpUuab4oLhc5x5Oir2wURHl5GPLkb
wSqomXnaTUUUTY/jlH+VArsUizlfkO035U+sGh7MU561JinoAdzBv0V2+vGVwb+9Lv9bZ8tJEAsh
KjkY1KjgV/KxTuB7zL3SLul6aoAfyeyOeThljYh+8PT5VegcR6dhxdUpu7bVAixSNmFpaKy/CmYy
1WvbLdemJmOD3tu3nQ75LwJRAJa5TyKfRzzfWFTzRQ4AMWtJlfbzCZZI9FWRTI0HJAHxwEFKs/lb
fqvJQofeCWEMSRihe+8ZyVrxB1DvOBCouDiyz2/X0VXITK/iONDnswI1opReM9yuK+jkitHQzEa6
z8hGFAG4E1GRsl5EWpO2W+FAc5UCFlfEorq50qCNwoTJ8NEiDi6B6E0pqzYwGBuDihXYvbm5aTOg
CLG382vk722chvuTE423EtKIBu54xvj3mA3xn+eZVM0xVhgdRxFR/Vgp4pzsB/p2jbxuJIB3KiHL
kEIKv7k6iMDnOHlCg2B1r/jLcsauL2h0nX3Q58IAPzIhom1K/wjpxgqyGkrH0WlZnbHLJI5mTDcW
JeTheGVjYcpi2e87jhp0dboxgfs8aaSZnyd38rB7ksyzw03JX2KT2eTnyZNjY4lmV3GAZZPLhN4Y
EXEJMcNh+681ZmpQ3DUuR3+aEYNZvmTMdKoIeCQkNiPJTVloMyCUlKzjX48gEYjDpWmUNaDOVL89
bE5SHLEp/LcpdhQ6x2GSAsDpOAY1j9s2xhIQA4vyONU3YEx4Y64atm0e03c05NEMgsCNWTcdKdg3
nZzVDcVb6uLueYaEaU5Ugzbttt0sUrN8zlLmfXkeY1v7Uc5hIYVKRIpLjRLwpvJi9VyNfuXR22Bp
ZGolzORr1ExIOH8bgHR5hD02po8mVky4FDnaz5VYwwMSLG1Gsga4WTvutKYspyttPP0VW0xTSVsu
A90Gpc/ZZjJQoc8OaGKm5yXElMigGd5/IyZ8TmSfyZGf7PtqknZLJrCGIpac6FSXUSrYI3sGn2AO
vhbcsrubmuYao+NUZDyZ5Rrbbs2TCGnE4j+Oi4wZgY0GbrLeM1m/nINzG/dvn2mpDP+hJ8DavKuR
sKYu6JsjfRgKGdQ+us7lptF+ADLR17kBbmyX/rVBjz6y4zToeFr4o86va8u1PNBubA6ZfMljreTq
aP9sY/Gccex2jVjn1Cyv69DmVvYGoh1d/daIfAJRbjdpezwnTbknzrrVWamCPBKbTtP4mrNGhaT/
9LlR+BxHje84k7OalEf5mMQ8ys2QtAI1OeneO0XkPwRWOPMISI58SPDgO5kuySnEK6Ly8vG9wet4
AyFrghSKgFWj9ZHNHqzYHcxp3qhWClCzWGlZ91Uq19PFukJ410yKXe8yftvaaQSVn9mCgxWcHLWq
Jt8oaiLx9a8NlDQFGhH7mnVded3Qh1YURy0aJPNGXffQKSxG+wW5copOh9Fo09uW8xADXlHPLQl7
VM+Zq7HDXJOXhgF1T9nUdAsjcB5PtZ0CGxgb3MFw5yzL16ixzHEnXbf/EvCIifmZLjhLT1kcjccD
c1tv+JjaljugDxYvdPTgFQRR5d+VYnQazY5jblTEatgDU/MzOLb/ECx7fIx+4UHw3INOWk3U9B0l
q+j1Vp0tsaohkEoMvnToI8e37j3LYz8vCBMnzRRk65unfCR9xsWzT/VINOI0zz8LUPuJeiqvkowO
NbcGG3I5DkP4F/4xneZjx7yq5OZBUxLOEbPj/FGIpSmIegLvJY27OlfA+sXkncYyXj2yeE9ZfnVy
fLqp0C1ZrLGF+54mV3MjdZKAB1ZkMi/iaEa/boxehQ/yJTF2+XcV8l0K0YderFGARyT+fgbrAFyW
24/IAbosvxfNyCGN5mT7/cHhq02xhuOw6ADYQ9yOc8oWLDjJghUjzmNGg7eM6e6gAhmG5W7hWqnj
t85K7lTnwHvPLWpP1HNh61TjL1kQGCZTAzYPq6+wWEZPP0Wk0K1OflC418spFoY18jXg913r9cCr
cyDz1Cs6u5tEC+DDO9fgRy5AB/f/KOimmPBoChgpYFyNCY9nbpx67YDh2V3aZoVIz1iYQERhqFUN
ezB/voSAm/731aaDVoUW8rSSjNUnaQb5Ys0HXn1fxZphfrkqsRfshqbGaZcS0ljM37P4pkjYROlN
oRKBTYAmXF/64vqRo2eb9vApBBx8xtY4qcXynKUf45xHMz0C18GNgnBjY+OGZznzNsWBQoeH5WoK
zKtV2Po55tG1cdK2hHzf1XLN10jx/JSxr3rIpQCPPLr0E134NICwfmNHUGuMjiNpWJ2JTzRN3hm2
toQ8IvkL8FUTGmEte1N8XAj3h+OvTj/LMhblnAaZ8dyVAW4W0O2/4lSDPqLjNMZfIf5dJnOa55Qb
MXAFfNwu5XwebGyLK1ljGeDjMtn8o914KkiAGiczBs3nFSHFm8bT6XJzTyuWGB2nJKL+tQo3QBy/
nseGda1h3+V8TDXcGkeV5nruhFc6pQ2xn+Rf39Lp9Mn1+TvbQ9886CMHwvLSOqeRsfVZPDVqZxLy
fZ1BthbVuNOPu7U/xfpJUh1qxuNWM5M9pWGj3v6cZ8EUPsfRKFj1xIsWPJVkid35pXlKVgEeqDC8
nXx8t392dHFv+joUIpAF2h2xu9B9bqAuKVovhT0IGE1P6WzWyGJreKPAded5xs1GVHkZUeFzSy4S
EQAR8ryZTtPajzdKvPvZMijCs4NdEx+mk/Vzzlo6qT/8/ODiO45zWDD58cYO2j39GewAizUejYzE
XoG+d1ovh12jEn08aWEBRS9Dl6BmHNM43HMmzpA3SW/tn06O98eqUqQurU7j2mpc2+X1k3NmIPhY
7M6uV844yY2EWQM+MnOTDVcz65FXZwE9xoLrzwGVkO/vufBNcGvsf7jX9Ja9LSKxa2nsgZh3vnMJ
XI6+hkV3uafqspo5r4HN55jGJvnvzg8v8XGDj9EmT9OoxxjiiOn7OPKxJWBNPr600sEFiLnMZK0C
PVLs2/Tq+AQRBZ5bkKOrXysFd2AXjm71JVJCHqkXH32FiZnvkA1rmETrOEefJ+tFqVi6oWn+xdgX
04Dfd6GogVcn32N5oREuLh95ccPB6T4eTST/+Q95lzIW/Ux/jzd3BEsiBwZ4xOM1HOYZiwpjSSjA
95V/CIOusVk3o/i+Rz3krEAPhNObl3qNcXXiMYe484IiDdjI+Rsp/5xHmyK+HnP12jDGxG6yiNp5
nAjHl/Isjs7E+2lrn1cDv7O7EwPLl+2tvMHA/bx8R265y1CCvvNWgxp2jbIFz81Hq8R182x+s3wR
+SyNiszqWAblvec8kVShdBxBxOo8fEjepdQQfwn5vtIv1qmwyNMVF3FOG+Fe884jx66/cbj8OXmD
ScAaOyPFEp2YeTCpgj1UpCjSdPkzveb4DtJNsWEgxbdP0avi/Xy9rUM81XcU5TznLPvcOPtYw83A
b9jUspAH152ehaniBVvwBQ0mZ2eTjZWZUokzCUNQv6RAdyIJk2cbSzLXfvJXo3XX5Fe8lixvvjGj
An1nt1/kbM1TZgcpzdndN0dJaLPMP/5LTpnd9yKob79FSlBmXDz/rVECza5atimNrs1FKyDfOYCG
IVefSXyRuEayuPy+9OKQq9N7nrJ34tW5eaxX9wzwI1tMsB65F7IwTpcbT8J0OhxH/Vzp3FijXLRK
oWjDtPO1KkSX+Mrd48I4GFyCHkmA/5rHmMvR10i4CiqO7hvWV4EaWxztILluCP+JjxY0Cyrq0YGH
soN6JOF/RZ/610qTxb+ySUCX5mN3NfDhhyw2FRDheKc4HkxW9ftx8vGNsjQFmnPWfM9H+ZZtIT7x
Aup2kmJxXbjqva0Xk+qKHMSRz2cEv/rhpE704pLm5IwuiW0Ty97rjve6XfL/OkNid2wLG4Rx7r0+
Oz8lddENwXKYVhKn+WtrbHVtBN7MgdhWwLP8dQevaRTFReTiS+eQxxZ155zJb4RkryEWRDz4UHpL
vecOJC87hvRW9cle232EzCiaKo/J+36cAtYKFvs+QkECHmp/eZ0sEjWKx32fu0WQL18LQmelcWpl
uNEezbLXCBZHhlqoF68DsedcwTLGPK0Jfm/l9eHR2/0Pp1cIlXrQ+qNg6VINqUApqHlJD/5uJzTL
buLUe/1/xT8gpCKPWxldMNVxwdlNywMZUpDc6xGCbqfxbQsVUTWBSZgVdMZes2iG18YLi9vLEF9Y
/ILg+ieumO4iFcG3mHUCwiOG7oAWkKs5yxgppUFoykg+ZySOQGXyOeiIi5OZkykjPHKDwhNfriB3
tA1xXcYh9PQRQRNnRn22Q2I8ZJIhSjJNGb0my7hIFS7CfQKTyn0uRoD5xC/JBEtE/J7dVOh2PeZT
mNGM3MTRDznBLIOmBKUZArP48vAlUogfh5F838xZRIpkBrkcIGg7EWqxRLbnRIS8+DQXT3KSPIZR
Io8ACvVmfpABxBOg/DkQJW4LUoMYhgFW4RfLhbw8CHNdRubiwxIICRGzVNdy1vaIeE093sjmRe7F
sADUh3r2iLOl3iDvBnHGPGdLULYfBPENwYUFxJRf6iALTsk/UeWwjdC98u2OewQNkuh6JPRQ9RHP
heESITBjIBTENl0SJUpsr9S2uq0R++ITB4HEEciVeh5JWSbFj2LFbzqQkNEMQntc3gSEPmVINAiH
/VHQAMU24wtoC2lAwci2GhQMzSvELkeEBcPQprRA7PhBhT24LcZ+X4RTkApo1X62jFz8qgbB12KD
HrVFgw8gLaHaJafYbJ6Ckylg9qB5tkPEOzWJWvywHnYIvkofGEGbL2QDBhdhYRGBBmETifxSTC/w
BFqWxrccNIyBGIAloblRRRzKVhF04qOuYhvUyR3C8x9AfHkqukEWix+TQJVpdCbbwEMB68YWYhFs
tBSnewJVU1epUI60iCKcTg8NVJyISRAPs2dtcsgW6jcJ+WwOixmr+zv64lOKgxJJ0yLJJVQKDAUD
YSJTfInJhUUpvjDgyQVBFzH3gOz7KUAdQZ2LQdCgXW1N0aBxSzaqNA3Mv4hK5aJ8B5YYtAe9KZFw
WAchz3Fth2xGp0vIPNrkUoq6I4TLM8Qtul/hrN1wIXmhUbBob1oSUalkmeDQ50AiWCSGb6dANHjy
rhxSKjnMVoHLlMximKgYlylqBQ40E2S2BGl7pINcwOjCBMu3/P+v5wDDk4foR+/6PPohP00ECcp8
ViQpdBkB84H+EexeSRCOWlJldeyeIkwYgU9iVSj6sh82QKFYF4IktBhEfYQLVjq7ZW4hjG8sSZYr
Ep1V1ZrduhAlZDVH0nCdXx3tkavjk0tyenJ2ckX2J5PTk6NLMjm6IBDn/XJ0sUOgEbk6h1ZH5NPx
+ekRmVycHxxdXrabJsCQh90fKHFMWMpj4ZDREGfIoDtnwiQLaVTG1gLZQ0jgCdsimrQwM5NmVqCC
+BD4BAMN2oT8fkvZpJJBxIcOMMJmajCBWSIB01sbcumRxBjn6EPQz4sO7butURdUbA3TljAXwwEp
WSRXzqvsW/EA6sWSrGa121G8Zq/uJ0lx3lWcz2g6hZXRcuMgkLGoMED3S1csNSRH9SKqF9jukEaF
CD50SiAwK0AHX+2UPqGphKUaSvfq+4BL8hvWS7BNzqXNlwoP0UNcBF5FCwcnchORmv5MIk4E+cDo
oNNRvMJob4WxuOMkhepIDBVvfhqHpbOVvVWLlq6a+gwjN2om7+gGuUelDO24LANGnLIURkI1VIrs
FWEioysZwhF1o4U3yvk6xEaqg6BdkFlyAFfg5mGx03sEDE4bHB+MsAAly7KCoWHI5zBrszLaRKOF
o9VU7ZQTKWMEFVS2JTXY9JtywjzHnRfRdVbSfkAThPKwCMHH4nPKpMwFcCKJzIokFbVccb0oUYoV
c1fHINhOFEViwBZGwQU43V41Y4exvNXUaYyN0OpJ/LJxuYQkLtVQ50xEDi2X4lPW1bwAKSJWgfAR
pQfUyQBDYknw2waYaGAfyWHNHXRT8pT8lCNj4zraRQHiEbgS78OoHtJDJ1LfXdlTLgJCs3kcyBBz
SnPIZDESFyRn+GE9opyMsG0y81F3pWuZsirYlO7thT5L5S00q+kyR+Q7pGVpEygmTwzcyktilAsQ
VruOY0WKiiGkJznHXEYE+tgZgIqsNjmGWBB06bUI7sjB5MMO9AUaprC+brgHai9iBWk9K/wtgX+P
DMqwu47IMyEdrW2b7HtgqOY08Hfx9RQiTfAY6LAaCgYlWPdABdMWYu32NGR6KnJ0i1YNQ0watAkS
8WESTcpgu04AMZdAovAxIexYJFHSUteN7OZMrbqMf2XVfGJYXk4jPgBQhkwQtkv10Fxrb2zLTq/a
ZKL6BDSdiQ5UZaJKF8SIfkpnyALMCYgtSwIRsWB6GVJ8nh5GTnGeDgKOFRORL+OH2ViWk7OrD4LS
DFhCtqdFTjA/F1NZDyeTi3Zpa8K8aGGvPUEtarnHpsVsr0xYfiQWJioqXJvDUhX3iUpPM5lQoyZH
WSwdl9IGC5FJ4ySxHcxjSGBRA8s8hZWZqLBgHs0pyeiitJRYASnrRHhPS2GBMFFfkwGLqkf8HvNI
JsOiTPQD+TyNb1HrU3JySLY/fzg5fEXwkylzoAHa34C5T1L5Og9QDMxfUkhe2nUECJoQiyZC2PhC
jc8/nZb4VW6jQX4Qg2GxSDhNiD4wyRVuWPAWl9UR5UK0Io7vi2HhHveXrduCe5oiUohTwLoxmpd2
E/iXH7Yr0wCRQipKQW+YeuFLFLsBT4joC2qDVT2XYioZxosyK0eXpvyAsMWt8p4cMqstYFn40isk
V6LEIfUdVhGIV06GaKuUu8hUqcWFlZxLW6f6tGSfPZJAkLTgAQ4j7biyUWoUdEQ0mlWJQoTdgqY/
3ClbGRWze6tScpb3w7jAJexLh6NWNIpSzTE6WDRRoh4Beoi/hYeEzhfCX2qdBeMRk/nvlElkU+bj
AhRVTeHi5qXCCx0XxU7D80r2caCKfTBEhDZJTeQHM2E0Bk7tPio795NJU8AE+lGuOyC27Ix/K2q6
YjFjdaBViBcHZZpOimPrYiBR3dXX5qEYTDzpnAkLhPJkKc40kV8RJIo7oqoppQcXfQzWAV+L2OQF
mUEeltXiqSs2lYTad0WkbNMN5SJRAzsJWYycmyROiqBURnWBrky0URaxK+yhiPBbibJi6EzQMIG3
U7GzqNbKGtWe8uJYUhN5owRLJ6jmCx+erIodXi031PcWnq1pgKrlZoKTOYSbfqzNCKyyltyWrVrO
Y5wZQUob9+/bPBYUgyVbhpj3ZHgEIwMOs5p0TObUfVLfFywIK0ZnsxQyaFktU6U1WUHAjyhfN/kT
9MEKPj88x4+ItpTNl64PjcINk8E1haVzI0bMBOE1AwLW1urZ4GkryUvVlJNzR6gwofK+UiZw8vgh
TOGq9BhRwGNddBB2R6gnWulqh4jXKe0QfB2l8M95FYaB6fVZCqF2Cy1QhP5P3i3dlXQW1CiFqa0l
zb8WEHKCKxdWrDQWCqGYeXm/HOPOTEte9anOeVjbauWAESm2x5WAphlnFg0mDihqfKpTWc9t1wOo
O/oIpTQfdvHKbMvZlatCK50oHIA+V/IsiyRzBRQWA7McFTgri4E1Z8hNPBE5cr9CBOkHMCI3GNAC
lZUDaeMAnzKRpWejAaeZSksgkqRhEpRXGPMAjWqu9spJk/dAb7GEtUd+FcEK+M8dUdP6DZHK7yBW
blLf+BBsYOCIr4KTVYNy/0mUA+7zWMKhCw+diQBZZJv4/iCgVblbnXw5rqBB/iS4Y4VeQXqvesQ9
8vZ0/2rP/sdwpz++tXa6t90d+x/WPzwMiMQ638ZPQ7loXF+POtIUy6te/5WM8uQeg56syxWOvgVk
rGppIvQQxTCYNXdJ5PeVi7Q0ymWGkla7E8LiAB5wVa7Y/clKgbXKnQ3QBRnOvngrTI0YSrQ3kBQi
UpCQLxqkJWJLLeiLxbfaCbsFw5ep5M69Fm8VEIkMSGTKITBfyiBOtEN+gRRIPaQbkWtGcinwQzCS
VrZ6a2eL3eYsyrj6Po74nJ326d+pq77gWkFwVwk/G2zA4vCLF+dgDA0o7kQagCIN9Gs0Efq1zwPx
lYUaMguNDxHP8dy/ds1hlS10AH5eWOyPy6Np4VRukelNMvXVYx2WuCbXF8xXxQWjpzD7mQmCACXU
IZeTU/0yXGZ/BOLryeoX6ePzEjbuLZAWfoq53+l1hvDz5QksiaHrwr/jARsM+/7AG9qs7/od3x4M
/d6IWYOha9Pp1O6Sl4A7j69ZBOGBIbElFTus5asAvuIDQngyui/e5PpVfrm2ag2Xt6E5JzGyY3c6
Xcuy8UTY5PDcEJUXfxGsNIEA4uZ0grmIssxoeMnRIHw+M2TUoAAuMc022QLgDb7G1gBq3yjGk2kW
fmYbCJ6byll76y8iGNO//4wi4jP5XWj1wCWKSaC01BM7wqB50/IbxKjH6TLJYwGQ7yCbeXfmnBtq
ImTT1UGQ4xXCfM8KqYwlOf/CmO18IspDdYc///z/1+jOkg==
===END CRASH DUMP===
