PocketMine-MP Crash Dump Wed Jun 2 00:14:15 +07 2021

Error: Undefined index: NuTaVN
File: plugins/SETVIP_v2.3.phar/src/MCPEVN/SetVip
Line: 191
Type: ErrorException

THIS CRASH WAS CAUSED BY A PLUGIN
BAD PLUGIN: SETVIP v2.3

Code:
[182] 				  
[183] 				  unset($all[$name]);
[184] 				  $this->time->setAll($all);
[185] 			  }
[186] 			  
[187] 			  if(!isset($all[$name])) {
[188] 				  unset($all[$name]);
[189] 			  }
[190] 			  
[191] 			  $st = $all[$name]["current-vip"];
[192] 			  
[193] 			  $i = explode(",", $st);
[194] 			  
[195] 			  $date1 = strtotime($i[0]);
[196] 	    $date2 = strtotime(date("y-m-d"));
[197] 	    $date3 = abs($date2 - $date1);
[198] 		$help = $date3/86400;
[199] 		$date4 = intval($help);
[200] 	    
[201] 		if($date4 >= 1) {

Backtrace:
#0 plugins/SETVIP_v2.3.phar/src/MCPEVN/SetVip(191): pocketmine\utils\Utils::errorExceptionHandler(integer 8, string[23] Undefined index: NuTaVN, string[89] phar://C:/Users/Administrator/Desktop/MSAI/plugins/SETVIP_v2.3.phar/src/MCPEVN/S, integer 191, array[3])
#1 plugins/SETVIP_v2.3.phar/src/MCPEVN/SetVip(26): MCPEVN\SetVip->tick()
#2 pmsrc/src/pocketmine/scheduler/TaskHandler(137): MCPEVN\TickTask->onRun(integer 1)
#3 pmsrc/src/pocketmine/scheduler/TaskScheduler(179): pocketmine\scheduler\TaskHandler->run(integer 1)
#4 pmsrc/src/pocketmine/plugin/PluginManager(654): pocketmine\scheduler\TaskScheduler->mainThreadHeartbeat(integer 1)
#5 pmsrc/src/pocketmine/Server(2389): pocketmine\plugin\PluginManager->tickSchedulers(integer 1)
#6 pmsrc/src/pocketmine/Server(2152): pocketmine\Server->tick()
#7 pmsrc/src/pocketmine/Server(1992): pocketmine\Server->tickProcessor()
#8 pmsrc/src/pocketmine/Server(1586): pocketmine\Server->start()
#9 pmsrc/src/pocketmine/PocketMine(291): pocketmine\Server->__construct(object BaseClassLoader, object pocketmine\utils\MainLogger, string[36] C:\Users\Administrator\Desktop\MSAI\, string[44] C:\Users\Administrator\Desktop\MSAI\plugins\)
#10 pmsrc/src/pocketmine/PocketMine(321): pocketmine\server()
#11 pmsrc(11): require(string[91] phar://C:/Users/Administrator/Desktop/MSAI/PocketMine-MP.phar/src/pocketmine/Poc)

PocketMine-MP version: 3.19.1 [Protocol 431]
Git commit: a7cd0810020af15fb3d79127c77cf576085cd4cc
uname -a: Windows NT DESKTOP-KF1VXGB 6.3 build 9600 (Windows Server 2012 R2 Standard Edition) AMD64
PHP Version: 7.3.21
Zend version: 3.3.21
OS : WINNT, win
Composer libraries: 
- adhocore/json-comment 1.1.2@fc2f76979f0a44a5f5bc2a2b600d0762fe0e78e7
- daverandom/callback-validator unknown@unknown
- pocketmine/binaryutils 0.1.13@0abee38d4e2861621f262c79a2a3d699d8a697f4
- pocketmine/callback-validator 1.0.3@64787469766bcaa7e5885242e85c23c25e8c55a2
- pocketmine/classloader 0.1.2@9757928424652393b178a3760073113aa7c9911b
- pocketmine/log 0.2.1@830b44a2cf96ef703c550abe64302f230231ca49
- pocketmine/log-pthreads 0.1.3@e477ecf6ec214fdd4415ea1da3fdd9d73bf699ea
- pocketmine/math 0.2.6@43057cb8c179a9859677b496a788db922fd5cfc3
- pocketmine/nbt 0.2.18@9f82ca4d7f97fcd9a566e44b63c4f18a7657ae82
- pocketmine/pocketmine-mp 3.19.1@a7cd0810020af15fb3d79127c77cf576085cd4cc
- pocketmine/raklib 0.12.11@9cce458b8bfde3e4dfdbf70c659fc7b7fe26b5c4
- pocketmine/snooze 0.1.5@70b5e7937a06878dd321a3182ceb76d56298f2cd
- pocketmine/spl 0.4.2@6b08b7cf8c4afa17139c9a1b3bf1b408531de161

Loaded plugins:
PointAPI 1.0.3 by onebone | Fixed and Update by LamPocketVN for API(s) 3.9.0
KygekRanksUI 1.3.0 by Kygekraqmak for API(s) 3.0.0
BlocksConverter 2.1.1 by matcracker for API(s) 3.0.0
MSpawns 2.2 by EvolSoft for API(s) 3.0.0
PiggyCustomEnchants 2.4.0 by DaPigGuy for API(s) 3.19.0
HideCommands 1.0.7 by Himbeer for API(s) 3.6.0
InvCrashFix 0.0.1 by  for API(s) 3.14.0
MaxEnchants 1.2.1 by Xenophilicy for API(s) 3.0.0
BuilderTools 1.2.0-beta2 by CzechPMDevs, VixikCZ for API(s) 3.0.0
SocialSpy 2.1.0 by Crafter20162017 for API(s) 3.0.0, 4.0.0
PM-Beacons 2.0.0 by jasonwynn10 for API(s) 3.0.0
OnlineTime 1.3 by Zedstar16 for API(s) 3.0.0
Worlds 3.0.7 by survanetwork for API(s) 3.0.0
BlazinFly 1.8.7 by iiFlamiinBlaze for API(s) 3.0.0
FactionsPro 1.3.20 by Tethered_ for API(s) 3.0.0
CustomAlerts 2.1 by EvolSoft for API(s) 3.0.0
Slapper 1.6.1 by jojoe77777 for API(s) 3.13.0
PurePerms 1.4.2-c2a by 64FF00 & ProjectInfinity for API(s) 3.0.0
Broadcaster 1.5 by EvolSoft for API(s) 3.0.0
WorldProtect 2.3.8 by aliuly for API(s) 3.0.0
SETVIP 2.3 by MCPEVN TEAM for API(s) 3.0.0
NoTP 1.0.7 by awzaw for API(s) 3.0.0
reyyogaWtrhit 1.1.6 by reyyogaMnelux for API(s) 3.0.0, 4.0.0
TPAll 1.2 by matymare for API(s) 3.0.0
VanillaEnchantments 4.0.0 by TheAz928 for API(s) 3.0.0, 3.1.0
DevTools 1.14.1 by PocketMine Team for API(s) 3.13.0
PureChat 1.4.11 by 64FF00 for API(s) 3.0.0
Netherite 1.2.1 by Wertzui123 for API(s) 3.0.0
KeepInventory 1.0 by KhoaGamingPro for API(s) 3.0.0
MultiWorld 1.5.2 by CzechPMDevs, VixikCZ, fuyutsuki, kaliiks for API(s) 3.0.0
Trident 1.0.0 by brokiem for API(s) 3.15.0
BlockSniper 3.2.3 by BlockHorizons, Sandertv (@Sandertv), Chris-Prime (@PrimusLV) for API(s) 3.2.0
Farms 1.0-non-alpha by Dấu Tên for API(s) 3.0.0, 4.0.0
ec 1 by McLebt for API(s) 3.8.1
TimeCommander 1.0.2 by TheDeibo for API(s) 3.0.2
AutoInv 0.0.10 by JackNoordhuis for API(s) 3.0.0
FormAPI 1.3.0 by jojoe77777 for API(s) 3.2.0
InvSee 1.0.0 by BlockHorizons for API(s) 3.0.0
NoDrop 1.0.0 by Inaayat for API(s) 3.0.0
EconomyAPI 5.7.2 by onebone for API(s) 3.0.0
EconomyLand 2.1.2 by onebone for API(s) 3.0.0
Sponges 1.0.0 by  for API(s) 3.0.0
AutoXP 1.1.0 by JackMD for API(s) 3.0.0
OffHand 2.0.3 by alvin0319 for API(s) 3.0.0
AuctionHouse 1.2.4 by Shock95x for API(s) 3.0.0
BangHoiUI 1 by JVN | JackVnKiller for API(s) 3.0.0
PiggyShopUI 2.1.1 by DaPigGuy for API(s) 3.2.0
Shield 1.0.0 by JavierLeon9966 for API(s) 3.7.0
SlapperRotation 1.2.1 by jojoe77777 for API(s) 3.0.0
SizePlayer 1.0.3 by  for API(s) 3.0.0
RPG 1.0.0 by LetTIHL for API(s) 3.0.0
UpGrade 1.0.0 by LetTIHL for API(s) 3.0.0
Buyrank 1.0.0 by LetTIHL for API(s) 3.0.0
MuteTime 1.0.0 by LetTIHL for API(s) 3.0.0
BuydetuUI 1 by FurryJaki1992 for API(s) 3.0.0
BetterVoting 1.6 by Twisted for API(s) 3.0.0
LoadWorlds 1.1 by shin for API(s) 3.0.0
Joinkit 1.0.0 by LetTIHL for API(s) 3.0.0
AcidIsland 3.2.9 by GODSMineVn for API(s) 3.0.0
help 1.0.0 by LetTIHL for API(s) 3.0.0
freeze 2.1.0 by Bavfalcon9 for API(s) 3.0.0
capdao 1.0.0 by Nguyễn Công Danh (NCD) for API(s) 3.0.0
PureEntitiesX 0.7.0 by milk0417, RevivalPMMP for API(s) 3.19.0
AntiToolBox 0.1 by NgLamVN for API(s) 3.19.0
level 2.0.0 by LetTIHL for API(s) 3.0.0
shopvip 1.0.0 by LetTIHL for API(s) 3.0.0
NapThe 1 by phuongaz for API(s) 3.0.0
BuyFix 1 by FPVGAMER for API(s) 3.0.0, 3.7.1, 3.8.1, 3.9.3, 4.0.0
ShopMob 1.0.0 by LetTIHL for API(s) 3.0.0
restart_in 1.0.0 by LetTIHL for API(s) 3.0.0
VanishV2 1.16 by superbobby for API(s) 3.0.0
KitUI 1.3.6 by Infernus101 for API(s) 3.4.0
WarpGUI 1.0.0 by RockPanther for API(s) 3.0.0
Item 1.0.0 by LetTIHL for API(s) 3.0.0
ScoreHud 3.0.0 by JackMD for API(s) 3.0.0
luyendan 1.0.0 by LetTIHL for API(s) 3.0.0
giftcode 1.0.0 by LetTIHL for API(s) 3.0.0
Kho 6 by ItzFabb for API(s) 3.0.0
SellExp 3.0.0 by EzMinh, LetTIHL for API(s) 3.0.0
NganHang 1 by GreenJajot for API(s) 3.0.0
cayphattai 2.0.0 by Lettihl for API(s) 3.0.0
MuaPoint 0.1.lpk by LamPocketVN for API(s) 3.9.0
PickaxeFunction 1.0.0 by LetTIHL for API(s) 3.0.0
AutoClearLagg 3.1.0 by Twisted for API(s) 3.0.0
gem 1.0.0 by LetTIHL for API(s) 3.0.0
CustomItem 1.0.0 by Phuongaz for API(s) 3.0.0
TrashGUI 0.0.1 by Phuongaz for API(s) 3.0.0
CustomTags 0.0.1 by DaRealAqua for API(s) 3.0.0
OreGenerator 2.0.0 by vividmemory, LetTIHL for API(s) 3.0.0
thoikhong 1.0.0 by  for API(s) 3.0.0
CmdSnooper 1.0.0 by HotshotHD for API(s) 3.0.0
luckyblock 1.0.0 by LetTIHL for API(s) 3.0.0
PHP-Sell 1.2.7 by Muqsit for API(s) 3.0.0-ALPHA9, 3.0.0-ALPHA10, 3.0.0-ALPHA11, 3.0.0-ALPHA12, 3.0.0
AutoSellUI 3.0.0 by LetTIHL for API(s) 3.8.2
Rewards 3.0 by Wertzui123 for API(s) 3.0.0
QuestPlugin 3.1 by HmmHmmmmm for API(s) 3.11.0
HealFeed 2 by JackPlugin for API(s) 3.0.0, 3.1.0, 3.0.7, 4.0.0
MenuUI 1.0.0 by LetTIHL for API(s) 3.0.0
TempBanUI 2.3 by SonsaYT for API(s) 3.0.0, 4.0.0
essentialsTP 1.2.2 by  for API(s) 3.0.0
detu 4.0.0 by CLADevs || GreenJajot for API(s) 3.0.0
PiggyCrates 2.0.9 by DaPigGuy for API(s) 3.2.0
PrisonMine 1.0.0 by LetTIHL for API(s) 3.0.0

----------------------REPORT THE DATA BELOW THIS LINE-----------------------

===BEGIN CRASH DUMP===
eNrtfWl33Day6F/Bk3Nu5PfUrSZ71xznWJZkW4lk91jycifM8QFJsBsRt3BpqT2T//6qAJAEKFlq
SR3d+yGZZNQsAoWqQqE2gOS/t4Iki2jxdcmynCfx1t5gZ6vgEdvas0a2PRyNR8Nhd2JNrel0Z6tM
5a1htz8ZDqejXn80tayeZe1shTQvjrIsybb2/r1VrFJotSWuj648Bt0A9c5WxPKczvHWx9hnAY+Z
Tzj8utoj78pz+ukdtAnKMHzNQ2yULmi2t7t7sLf7MQfydvf9iMc8LzJaJNnuIcsviiTdPT3bP95N
w3LO43z37Oj80/Hs69Lu9rvYfTfPvN3Tg9nRp3e7Z6z4xFMApziMGmLtftAnBIJBLlNgF2jw4Pev
W896ZH0c29D3+R5JE++CFcALc5yy4GHuOB/xz94eMyT2lsZ+yLJtHhdszjIy2SHAPI/nv9r938h3
RFi3mUx/I5uW4A6paEEpEJpldPVr/7fnIJxn1n0EYY9ADhLkOBLW+ang3sW2wGWTNMJO+F8jrd3c
WzC/BJHsntP8ohKP1R9ryM4BCd7t/JTEH8q4Fp4lEPfXQXxWXW1b42lrvuqWMFJDQ+en7NpQg5uH
kkLanYk/pzSG9ZBtj4aD28epSer8FFEeny8yRv23jGaFy2jRGnl488hnLINVvm33J22mJE2OYxAl
56MeOG8NMrp9EGtotwaRd/RZHt+KAizObShmWeKBOUkyiWtyO67hZPQdXHkBQpQ4pjfjmImfp/Bz
2762fis0X796SQwLq/SK7cT9nXkFeUVzdgB2MT9JqM+yHaLgNyz/U5jTk2Q+x1Zq+fZHv5GDPbAM
uHAdx1i5jqOWLvSEtes4da/B4B691Hp1HLl+e3ey37fb7OdSvhKBJRFsW9gqY3+UPGPbirCpdS9r
1AzaOZ01RsQk6/nWb3/ubLGNeJ3HuAMgQnb8yuNlEi5ZxOICsPnAv1dsVXcBIvECxEt8hjRbExvA
TiH/RwjcsiZ9A1TGOSu2f6Bh+OsPMY3Yb8//IVoNjFY/FAue48qIGOg0K/bDUPRRjYd1Y0L+FJCR
BhGAsQbgwfb/4Xl73Ofk36LlZC36pu0hp73WkFNLA/yQF+QF0dD86mx5ZZaBKDtLnjpbvwm0U7uN
pK8j4YCDXaUhiHfb2dqBfxGxpGg6aHfVpfKDTwtmQXfQxyJBOW7/wH/tKW6mUlyEqIa20RAhMNyq
E3V8Z+u56jI2u/ShC3XzbdW/o0ZUjSuZ/rBgYYqCEF12J6NBrydbVPIUdwbQBOzxksIsYw+Bxe71
6iHFZSVfmE7V66cXYL5hGv/8O4T5O4T5O4T5O4T5O4T5nw5hdrbmLGYZDTEeQM8HRtvoC4S5MA9N
ir7V71rTroXwkoc+xCCT/nBni+dffbbc2gtomDMIOrKkSLwE0A76kLHOOYYkdOz5vYnV69k9GljD
wO3746llj73x2AuG41FvMvT8gecB7lLR8hlsc3KZk3fn5PDo7Jfz97POL6+tT1/evCKjbp8IEsh0
1OuR7aqp1CgCDsgmH2xyVoCJoZlPjnyOTuE52T89HA0wMIJcfG9rDEbWRna+sdgX7KlruP01yZGG
43fvzgEgLi55LCKoKE1gDr6G3M1oxlmO8qP+AnjO2O7veRJ3oI0Kxayu1bVfBp4djEfT8TTo0cGA
DoOh69nUdoF4vzce2QHrsfGEjQG9T4EDIDuJdj2ISVzqXXTA23IfJxoQlvFFnFzGL9VfJLaZWJfH
NFuJhQFNezC21X/Zoy5j/Yk/YPZkZI1sK7BHtjeeUpv2/dF06k8okBYMTFQ3Dm51e93+y9FgPBkP
oM9o5HqUjtlwMhnaA5vBHNp9zx6yiTccUruFEJdzKJazos1+OR0Px1N7MrAHo6Hdn/ZdazyhfdCG
3rhvWX3A7U2nluWamMJkLjDYXevlpN9zQaK2F0xHLBj3+jAyMjwa9Ht2YMP/9S2PDqbXMHTSQjiC
SlD9l2wwHjMvGDHPtgaB7w8G1pBRy6d9uJj6474bgLQYNVFFtFgoakYvYdDh2HMnHjg/Op0Mp6Px
2B1MR3Q8mfju1LYDf+gFXt9EEbtFxc/k5TSY2ECwPw5gTjx/SoejERsM3FHfGwTWhI5HwzFlk5Zw
m5+dKK0X6st7rDoNWUYvQLelXIAm6+XU89hgOHEnbuCzPhv4ge+CrL3RcBp4Y3ccMHvkDr2WBuVx
knxjSrzDl+OeO2TjaX9Me6PJeOL7YBFpH/IQj7njkT8c2dNJYHt+C0kaCgwD0JaR25u4QPjEG9CA
WmOrP/Wm1HJhYix3ALz0LZ9ZI2vrzzoxEmtzloD73Z8dG3ZOgXa2GusmtBsgtCwWSZZjiJrEzIX/
yH/Ia34F4SIsTPIxxZCWuCtyQiNpMCGVA3NKU459+t1pt4fXLKZuyMCwgGsDu+izFMwMooV7eRIU
hzoAQxOgQQ0IDgYpBIwQWTS04vLBbO58/8P5R7TPl8zNeYEcYWT9y2rOLj7Q+CL/qDNrgE2G+0Cp
wbBom9E/InphsNR7OEsaSsfRaZG+u2Fr9v7s/PP7DyeH1xh7FYKY84MkBtoLlmm8te/o7Nlo/0z2
YLV6kH5cQMsNcddgdJwWMY4jo5d1ODw9S+mlVFfFWQUxObJNfo4g7T8DyjbFjRoUo5xq9Ft0blEU
aQ5RyeXlZZcBJYi1W1wgPzM+n68OyrxIoqPYW9C40Hm76a7J56CtmIcUOr0pVwan1iNWWoUQFth1
am4E3jWPlTgg4lmUbheCgN1qkN0b0O2inN5ynx1AtEAFebWADHDbRo1NybzlETh4U6FHD5eLQuc4
Og3rLdWF7NoFFoC143h5kNF8AZZT40yH6oyB0rYWqzHRg0es0PIPoM9xeLz0cOSAX91rZdKrGzRY
h5rzY7dtzhcWJ+mCh9xbbWqZaihxZq4atTXputuwYhDNsvMkCXXuDHCbvV7HZQVtGaKDb8xbzE4P
2RI7fOJX/OLgX5ti10PkaQRJBnDoStoKpA1MrknpfdenRvaugQpkc5Z4nIZn6UoTTANrO5qWuQId
D8AFQCYygv/G1ySxszV4lEQiH8OrFNfpQeSfyd/rzPjstPOKUUy4dXvcAE2+em2+fqeQ31yu4tjq
bWp2NZQwu4IMmNeanDs5eh9jQfxcbBDXHGnAVsRj8vMv5mMVwxptipsaoeM0NKxpPq/rZ41tV2MI
eP6cZKHhMBRA57V/3VXkZbakMSsuk2xj4Z3A6TiXggDHqQlZi1UVpXcFki5QtvtMIpJRH/3G49fh
yoj3Kpg5rZM2q5y/DmnEeYw92KaYNbFixKfI0X6uo7OvqYcFiXyWJRpzOrQdp9uthXjOigXLmP/1
caxt7ccFh1gvwjEbPjVKHEddrBusyyhnPwQbrWuoAW5Zz782qNVHBnNp0vGw8PYspGlqJCIVxJy3
UZu335PfEzbGf8xAtv+IBShHfrCNaUjarZhAP1FmbMayyHATNczkEpLzjmdTk9PR4PXrXo/8FwEd
wtrtcRzwmBcbi4G+ygEgUq+o0n4+QAyir9qFafCgGcoAk0fzVuKpQU1pDP9abdYGBqNjUPEwXRYW
GyapwD3jlkepwOZ67XcnJo805GW4sZmV2JRLSSUFbe2+jUdtUk9LngWchb5eIav22oqMYf0Ohbdr
cIsLXG6Ya+u72kE3BGGKQe6jkfOj/dONJeTGPt865vddcq7TLS7vyCDp5Td6ubHZQ2SOEydF+mCT
JAkCZjK2WiVz+rnIFlxXThNusgdW12RPNT6NWVhebToSV8iBDGv9etb5bD/Ut13kdSvRula5WkU0
YxusWwl8jlOkNAzXp/0TjXkYUpVl4jaH7iJuuqvzNbieUpwv2P63qT25YWb6IrF6IIdLSQp4/CRj
D1DCiq7dm3gCQUDS2M6ba1BLIwftMKDZZyPnjEYbiwUqAnC/ctlKitc0mQ1puzUOFQ8cLGjRCgcE
qB0NWNZNocC9NFeLNa7HrKKYVoWoWzutuPkLW/KkzGdHnbrJd6IGJL75tYGYQaBBGyyCc9GtMcQ1
7I560WeITL+V3LL7m1rrDUbHqcl4sHFusO02POHuA2PpcbyE5ZFkespmwluuqLX7sEjoG8iv4rlK
Rzay/6AjdRyDnPXN3mkZFlxECXoVsAG2YsDuWvUxPHW+Kou8vODw+wICH36R/yVVswgpFQEVsKxT
/ZiKmYYInVrGfbHp3bg1BWmHH61Zd7PkgrOWERw+nHGFz3HU+LDETxtS1ttsOot5en2jSUHNKsu1
MFA0fZtk/Js0T2c0xoLlkmy/rH7ioY+DRcbzzizjEYM7+LfMTz49N8Rg3zufP13NwqTQLJ5Bjdqj
knzcpwr+mpqpoLxuTWwnTuIODdNFKxU8dEqL0WFJzp2y12M03nQQtoiwSiFSwIqwOzlinsYO80xe
WnG9d8JcM4GbgNV+aEgvsDkOQ1XwFiwv7hE4grKoPRlDO014e73Z1wKuQ8bdtoG1H8qQMfg6iRpy
sl8WCZhhjYcKcm1XqGUufqbexbskyfxFyfPNFaG9i7hC6jgwXMLjpeM0RN29RJIsMk8ZVJA79ty/
UxOyH8FNjREWhCSi/rEOK8DxGWPmrh0C7jDkpuHbVL3DtF+SkvuYrnfJYZakRkosAHcwcxxTuqIb
K9sodBCAidHXX/JHXhIn0crULA2oszHsjtuLXR0o2RQb9fkUJikQJ1QMatZl6ITG/nWOBLS9t7YB
lnSJ3YO9EMip+VO03cngWZrEc6Z7ywpyu8ptTNOWq+HQcdSg62sa2rovs5ZF/jK7Vl65wR6fHm5K
wSQ2aXi/zB6cpEg0u4oD3CUMgremxlWQ9o5nv13bXPK417emmytvKoSOAyQshIapH+vNkkhq30KK
y4y50sDtDHNgsnS2AJM6HV49cuvIWPb6uQ5tb0KNhB5V0LdA+nB2DWrvjslpPH+bcONYWwO7JXT7
+dM78h+C2vAp/oWH4WMPfmk+3bQolfpisXbdBSfqGDAZqcGXDr3jONuNh6Lsx02kSOoUZOu7x6Uk
fcbFo49HSTTiWNTZAov2ugWVgDt89s90yVl2wpJ4Oh2ZW/rjuxxEZQ5utU06erCwgqjq71quQW6w
fUgKKh4SvLZ/WN+5o0j0nZjxEWapRcD6WnzGv7FZSFfmdmgDvP2I7aaox/FOcDyYjvr3OuR/mL3R
6MarO5TshBXnx29PNiX3dHmPYPBj+iajvm73K8jTEl3eg+ZX5Sqj8YVxvExCnpZmHPI+9b6ifaao
Bj0t3VG5brFWSdtnRWl6yhp2i6d8XWbZ6md6wfHhsU3RbiDFyiM9L99BpHOvw9+sKFj2KSl4PNeZ
0sGtUxetesclzwvmb4onhQ7PqDUUmFfrsIUJ7LVjXBqwFXW3DnIteLwpfpox14+20Y176TLuFpBI
AzM/Jzy+MHZoK8jTrpULfo9i2r7H/eM8NLMCDdgu805N0t+8PzzDbbJP8SbjaLX9BkmoHn3Jqi6w
Jqu7azCHD2drbInLp50LHHL9yQgyxr7p1lYB7jhn+4ouAxqCADeWnjUYHUfSsD4THk19qp/oU4A7
BP9uDnF1aTFvGJMDLJEHg3hODmm8INvvDg6fb4o1HIfFB0k8R9yOc8KWLKyV/e50pczYUVzwgrP8
S2sfuIGb5dtxm9eIhxe9gYUnUD6wJV/ScHZ6OtvYUx2ZxJlGEeheCoQxRZjc563IvPeuuEbrrskv
GhK4wI3yV4n+pIMONYVitaf/hEatR8geIwOFD7LshoJ1C6YayxVZwGCIiqKxJq/vOCq+6Tg5Y3nB
5/dYjTnkk0uuW8EK8rSGUI26PuHvaHq+MM4OSMAt0Vu6KGFZ028bk7bC5zhy7OrvmiGo+cyPAtwW
fM4+vdk/Pfpw4xmgsVgwcs9tRzxe2X/shqGk6B45LkzhaeIaBQkJeXpVWp9qXDE0K77y2Dg6VwOf
OP+SA9/vpFm++GS3jpcJUCs6HrWfc0hZ5iauu9rcUw4VRsepiGh+rcPNL7wwn8oV1+2twVF7Eypg
WVzmVs8yOBk8ZnugRuk4goj1Z+QzzdI3BhcV5A5V+gBR7YzGeFpoUzOCKB0Hx1+f/uOCRfquJl4+
7SIAWqJ7mB18pcTb0iiEVqD2oz5PsitTjb4+CyGGnD7VLVANelrRV8OuT/ucB0X1wjRFew16Wtqr
Yden/ZeFnofglU5x28wU315T133wjuq17Z/vGh85EJbM7+PIzlgYHl3pkVwFuWMVHH2DDH2xQzY8
HRKt4xx9md2PkXdziq8m0+tYNeiW8OgN5jE/09+TjR1HaDDeJ7tdpQtaFJQbGW4NvDsfKPgi3Njx
xrS4TzWXitdoGNVcBWrlZt0wvWgR/sDXfLQLO+o1HreV4pqRRLFU9Gl+rben6F3QK/a6jL3WDlP7
zhNvc8jR73ca4SBkNDuh83nrUEIDN9f/tfLQhku/RVX6xfNhHhIRAhHysIJO070fNZB49/NVWEan
B7smPvRERtwyf/KwZX6fqEU+YdmKtTTgHaTPNpzKNiPf45wl+jIz0q1Bt7+1YuPkf06SEI8yy9HV
r/Wn4ZzOrz+FK4B38HFIPzAa7v9R0k1x4tMMMFLAuN5E+DyHcNPvhgwf5aFdVoqDPBl7I95bVyT6
hrMBvsMTLfmS+xGLkmy18dBAp8Nx1M+1yiZAHr9YJEZw0MCe5OhYPdw9Fnvz9glNy/RXUty62N8m
Rb5Iircby1Qe/maMsPQuVi6eNjVylRr41NlKNfA9zhO9nXUwMNadfgVqnydpPQJ6Kl6S0ya+s38y
e7s/FVW3+tLqta6t1rVdXT/4MAcQ/Faci7tPsIC9DIutAe9IE26au8nDD8QrdOuT/4Fd0szYCK4g
LcKf8kkxRcImnhNTqMTRrn+WLC9m6sXkNb86tBXTtQxGFMG/8I+5XXLXc6L1+xlufYokWiBmx/mj
FE9lCKIewHlF467OFb7sC9zfa8b0ck4NMlzW9VKOQvK9R2R36re9DB5b5pmpFxqvnVqx2DxtogBP
fEgGBr1HeMei9BWeQtHjuxp26zP+Z0mc0/8+3/QTTAothHcVGetzw/IcdzlpmBtP/hvgtvm3/4rw
QR/RcVrj38kGHlHSyBeXdzw6fnCyjw8ikv/8h2y+RKKQwzzw+F4HIuW7/jDsu/7OQwltx6fTv+RY
702vMPz++w8FZcbF4993KNAIqz/LeJ7Ep+LLFY1IGuATFyPEwPI13OvNKr5RlmZAdsHaT/BXb9kW
rkW8gLqbZhh0ioMGe1vPZvUVOUjigM8JfvXDyZz42RktyCldEdsmlr3Xn+71++T/9cbE7tkWNoiS
wn9x+v6ENMeSECyH6aRJVrywplbfRuDlAojthDwvXvTwmsZxUsYevu8Ez8J2qLfgTH4jJH8B+ox4
8CWfHfWKFRC+7BjRK9Unf2EPETKnmC35TN4Pkgyw1rAkCBAKEvBxd6C6TpepGsXnQcC9MixWLwSh
8yo/6uRYEozn+QsEi0MFHVSNF6HYaKthOThIrQl+b+XF4dHr/Y8n5wiVGtABp52t1JAKlHnAk6IH
f3dTmueXkFO++L/iHxASxIidnC6Z6rjk7LIDiWdBQXIvJgi6cpOrDuqiagKTMC/pnL1gkCfBtfHC
4u4qwhcWPyOoVsQT011m4kS1mHUCwiOG7oAWkPMFyxmppEEgTybFgpEkBpUpFqAjHk5mQVxGeOyF
pS++XEGuaRviOksi6BkggjbOnAZshyS4C5cjSuJCQn5BVkmZKVyEBwQmlQdcjADziV+SCVeI+B27
rNHt+iygMKM5uUziHwuCsRXNCEozAmbx5eErpBA/DiP5vlywmJTpPKM+IOg6MWqxRLbnxIQ8+7wQ
LxMgRQKjxD4BFOrN/CCDjMag/AUQJW4LUiE3ooAY5BmyQsjLZ0vuMbIQH5ZASISYpbpWs7ZHxGvq
8Ua+KAs/gQWgPtSzR5wt9QZ5L0xy5jtbgrL9MEwuCS4sIKb6UgdZckr+iSqHbYTuVS8W2iNoikTX
I6GHqo94ezQuEQIzBkJBbO6KKFFie6W29W2N2GefOQgkiUGu1PdJxnIpfhQrftOBRIzmZSaWNwGh
uwyJBuGwP0oaotjmfAltlzQsGdlWg4KheY7Y5YiwYBjalA6IHT+osAe3xdjvysgFqYBW7eer2MOv
ahB8hyDoUVc0+AjSEqpdcYrNFlkCFghmD5rnO0S8fYCoxQ/rYYfgq/SBETT7QjZgcBEWlTFoEDaR
yM/E9AJPoGVZcsVBwxiIAVgSmhvXxKFsFUHHAeoqtkGd3CG8+BHEV2SiG4QW+DEJVJlWZ7INPJSw
bmwhFsFGR3G6J1C1dZUK5cjKOMbp9NFAJamYBPGi0rxLIIhQv0nE5wtYzFjB29EXn1IclEiWlWkh
oVJgKJgIaFN8icmFRSm+MODLBUGXCfeB7JspQB1BnUtA0KBdXU3RoHFHNqo1Dcy/KIzJRfkGLDFo
D/pRIuGwDiJe4NqO2Jy6K3DwXXImRd0TwuU54hbdz3HWLrmQvNAoWLSXHYmoUrJccBhwIBEsEsMX
cyAaPHpZDSmVHGarxGVK5glMVILLFLUCB5oLMjuCtD3SQy5gdGGC5Vv+/9dzgIHJbfSjd30c/RAG
poIEZT5rkhS6nID5QP8Idq8iCEetqLJ69kARJozAZ7EqFH35jxugUKwLQRJaDKI+wgUrnV0xrxTG
N5EkyxWJzqpuza48iBLyhiNpuN6fH+2R87fHZ+Tk+PT4nOzPZifHR2dkdvSBQJz3y9GHHQKNyPl7
aHVEPr99f3JEZh/eHxydnXXbJsCQhz0cKXHMWMYT4ZDREOfIoLdgwiQLadTG1gLZQ0jgC9simnQw
QpZmVqCC+BD4BAMN2oT8fk/ZpJJBxIcOMMZmajCBWSIB09sYcumRxBjv0Yegnxcdutdboy6oqBqm
LWUehgNSskiunFfZt+YB1IulecNqv6d4zZ/fTJLivK84n9PMhZXR8ZIwlLGoMEA3S1csNSRH9SKq
F9juiMalCD50SiAwK0EHn+9UPqGthJUaSvcaBIBL8hs1S7BL3kubLxUeooekDP2aFg5O5DImDf25
RJwK8oHRUa+neIXRXgtjcc1JCtWRGGregiyJKmcre6sWHV019RlGbtRMXtMNcoNKGdpxVgWMOGUZ
jIRqqBTZL6NURlcyhCPqRgdvVPN1iI1UB0G7ILPiAK7AzcNipzcIGJw2OD4YYQlKluclQ8NQLGDW
5lW0iUYLR2uo2qkmUsYIKqjsSmqw6XflhHmOtyjji7yi/YCmCOVRGYGPxdeZkCoXwIkkMiuSVDRy
xfWiRClWzHUdg2A7VRSJATsYBZfgdAf1jB0m8lZbpzE2Qqsn8cvG1RKSuFRDnTMROXQ8im+XqecF
SBGxCoSPKD2gTgYYEkuK37DARAP7SA4b7qCbkqfkpxoZGzfRLgoQN60rvLejuk0PnVi9pHpPuQgI
zRZJKENMlxaQyWIkLkjO8cN6RDkZYdtk5qPuStfisjrYlO7tmT5L1S00q9mqQOQ7pGNpEygmTwzc
KSpilAsQVruJY0WKiiGkLznHXEYE+tgZgIqsLnkLsSDo0gsR3JGD2ccd6As0uLC+LrkPai9iBWk9
a/wdgX+PjKqwu4nIcyEdrW2X7PtgqBY0DHbxIzYiTfAZ6LAaCgYlWPdABdMWYuP2NGR6KnJ0hVYN
Q0wadgkS8XEWz6pgu0kAMZdAorD4jx3LNE476rqV3ZyqVZfzb6yeTwzLq2nEWmIVMkHYLtVDc62D
qS07Pe+SmeoT0mwuOlCViSpdECMGGZ0jCzAnILY8DUXEgullRPE9ATByhvN0EHKsmIh8GT/MxvKC
nJ5/FJTmwBKy7ZYFwfxcTGUznEwuupWtiYqyg732BLWo5T5zy/lelbD8RCxMVFS4toClKu4TlZ7m
MqFGTY7zRDoupQ0WIpPGSWI7WCSQwKIGVnkKqzJRYcF8WlCS02VlKbECUtWJ8J6WwgJhorImAxZV
j/g94bFMhkWZ6EfyxU2uUOszcnxItr98PD58TvDTOAugAdpfgrlPM/liRlAMzF8ySF66TQQImpCI
JkLY+CKxL69OKvwqt9EgP4rBsFgknCZEH5jkCjcseEuq6ohyIVoRJwjEsHCPB6vOVcl9TREpxClg
3RgtKrsJ/MsP21VpgEghFaWgN0x9FipOvJCnRPQFtcGqnkcxlYySZZWVo0tTfkDY4k51Tw6ZNxaw
KnzpFZJzUeKQ+g6rCMQrJ0O0Vcpd5qrU4sFKLqStU306ss8eSSFIWvIQh5F2XNkoNQo6IhrP60Qh
xm5h2x/uVK2MitmNVSk5y/tRUuISDqTDUSsaRanmGB0smihRjwA9xN/CQ0LnD8Jfap0F4zGT+a/L
JDKXBbgARVVTuLhFpfBCx0Wx0/C8kn0cqGYfDBGhbVJT+cFMGI2BU7uJyt7NZNIMMIF+VOsOiK06
49+amr5YzFgd6JTi82K5ppPioJkYSFR39bV5KAYTxwRyYYFQnizDmSbyK4JEcUdUNaXy4KKPwTrg
6xCbPCNzyMPyRjxNxaaWUPe6iJRtuqRcJGpgJyGLkXOTJmkZVsqoLtCViTbKIvaFPRQRfidVVgyd
CRom8HYqdhbVWlmj2lNeHEtqIm+UYOkE1Xzhc9l1scNv5Ib63sHj1C1QvdxMcLqAcDNItBmBVdaR
ux91y0WCMyNI6eLTh12eCIrBkq0izHtyfK9GDhzmDemYzKn7pLkvWBBWjM7nGWTQslqmSmuygoAf
Ub5o8yfogxX8/vA9fkS0o2y+dH1oFC6ZDK4pLJ1LMWIuCG8YELCuVs8GT1tLXqqmnJxrQoUJlfeV
MoGTxw9hClelx4gCnuiig7A7Rj3RSlc7RLxGcofgp4aEfy7qMAxMb8AyCLU7aIFi9H/ybuWupLOg
RilM7S5p/rWEkBNcubBilbFQCMXMy/vVGNdmWvKqT3XBo8ZWKweMSLE9rgQ0zTizaDBxQFHjU52q
em63GUDd0UeopHm7i1dmW86uXBVa6UThAPSFkmdVJFkooLAYmOWowFlZDKw5Q27ii8iRBzUiSD+A
EbnBgBaoqhxIGwf4lImsPBsNOc1VWgKRJI3SsLrCmAdoVHO1V02avAd6iyWsPfKrCFbAf+6ImtZv
iFR+NKZ2k/rGh2ADA0d8A6ysGlT7T6IccJPHEg5deOhcBMgi28T3IgGtyt3q5MtxBQ3yJ8EdK/QK
0ns1I+6R1yf753v2P8Y7w+mVtdO/6u/Y/7D+4WNAJNb5Nn6VwEPj+mLSk6ZYXg2Gz2WUJ/cY9GRd
rnD0LSBjVUsToYcohsGseSsiv69cZpVRrjKUrN6dEBYH8ICr8sTuT14JrFPtbIAuyHD22WthasRQ
or2BpBSRgoR81SAdEVtqQV8ivtVO2BUYvlwld96FOCskEhmQiMshMF/JIE60Q36BFEg9pBuRa0Zy
KfBDMJLVtnprZ4tdFSzOufrilXgZvPbpX9dTX3CtIbirhJ8NNmBJ9NVPCjCGBhR3Ig1AmYX6NZoI
/TrgofiKSAOZR8aHiBd4tle75rDKljoAPy8stsjlg/WRK7fI9Ca5+uqxDks9k+sPLFDFBaOnMPu5
CYIAJdIhZ7MT/TJa5X+E4uvJ6hcZ4lliG/cWSAc/xTzsDXpj+PnDMSyJsefBv9MRG42Hwcgf22zo
Bb3AHo2DwYRZo7FnU9e1++QHwF0kFyyG8MCQ2IqKHdbqXRDf8AFvfAR0KN5y901+ubZuDZdXkTkn
CbJj93p9y7Lx4MXs8L0hKj/5KlhpAwHEzekEcxHnudHwjKNB+HJqyKhFAVximm2yBcBLfJO6AdS+
UYwHQCz8zDYQvDCVs/HWX0Uwpn//GUXE5/K70OoRCRSTQGmpd5oIg+a71TeIUY+zVVokAiAP4M39
a3PODTURsunrIMjxSmG+56VUxoqcf2HM9n4mykNNhz///P9mnc6d
===END CRASH DUMP===
