PocketMine-MP Crash Dump Wed Jun 2 01:16:29 +07 2021

Error: Undefined index: NuTaVN
File: plugins/SETVIP_v2.3.phar/src/MCPEVN/SetVip
Line: 191
Type: ErrorException

THIS CRASH WAS CAUSED BY A PLUGIN
BAD PLUGIN: SETVIP v2.3

Code:
[182] 				  
[183] 				  unset($all[$name]);
[184] 				  $this->time->setAll($all);
[185] 			  }
[186] 			  
[187] 			  if(!isset($all[$name])) {
[188] 				  unset($all[$name]);
[189] 			  }
[190] 			  
[191] 			  $st = $all[$name]["current-vip"];
[192] 			  
[193] 			  $i = explode(",", $st);
[194] 			  
[195] 			  $date1 = strtotime($i[0]);
[196] 	    $date2 = strtotime(date("y-m-d"));
[197] 	    $date3 = abs($date2 - $date1);
[198] 		$help = $date3/86400;
[199] 		$date4 = intval($help);
[200] 	    
[201] 		if($date4 >= 1) {

Backtrace:
#0 plugins/SETVIP_v2.3.phar/src/MCPEVN/SetVip(191): pocketmine\utils\Utils::errorExceptionHandler(integer 8, string[23] Undefined index: NuTaVN, string[89] phar://C:/Users/Administrator/Desktop/MSAI/plugins/SETVIP_v2.3.phar/src/MCPEVN/S, integer 191, array[3])
#1 plugins/SETVIP_v2.3.phar/src/MCPEVN/SetVip(26): MCPEVN\SetVip->tick()
#2 pmsrc/src/pocketmine/scheduler/TaskHandler(137): MCPEVN\TickTask->onRun(integer 1)
#3 pmsrc/src/pocketmine/scheduler/TaskScheduler(179): pocketmine\scheduler\TaskHandler->run(integer 1)
#4 pmsrc/src/pocketmine/plugin/PluginManager(654): pocketmine\scheduler\TaskScheduler->mainThreadHeartbeat(integer 1)
#5 pmsrc/src/pocketmine/Server(2389): pocketmine\plugin\PluginManager->tickSchedulers(integer 1)
#6 pmsrc/src/pocketmine/Server(2152): pocketmine\Server->tick()
#7 pmsrc/src/pocketmine/Server(1992): pocketmine\Server->tickProcessor()
#8 pmsrc/src/pocketmine/Server(1586): pocketmine\Server->start()
#9 pmsrc/src/pocketmine/PocketMine(291): pocketmine\Server->__construct(object BaseClassLoader, object pocketmine\utils\MainLogger, string[36] C:\Users\Administrator\Desktop\MSAI\, string[44] C:\Users\Administrator\Desktop\MSAI\plugins\)
#10 pmsrc/src/pocketmine/PocketMine(321): pocketmine\server()
#11 pmsrc(11): require(string[91] phar://C:/Users/Administrator/Desktop/MSAI/PocketMine-MP.phar/src/pocketmine/Poc)

PocketMine-MP version: 3.19.1 [Protocol 431]
Git commit: a7cd0810020af15fb3d79127c77cf576085cd4cc
uname -a: Windows NT DESKTOP-KF1VXGB 6.3 build 9600 (Windows Server 2012 R2 Standard Edition) AMD64
PHP Version: 7.3.21
Zend version: 3.3.21
OS : WINNT, win
Composer libraries: 
- adhocore/json-comment 1.1.2@fc2f76979f0a44a5f5bc2a2b600d0762fe0e78e7
- daverandom/callback-validator unknown@unknown
- pocketmine/binaryutils 0.1.13@0abee38d4e2861621f262c79a2a3d699d8a697f4
- pocketmine/callback-validator 1.0.3@64787469766bcaa7e5885242e85c23c25e8c55a2
- pocketmine/classloader 0.1.2@9757928424652393b178a3760073113aa7c9911b
- pocketmine/log 0.2.1@830b44a2cf96ef703c550abe64302f230231ca49
- pocketmine/log-pthreads 0.1.3@e477ecf6ec214fdd4415ea1da3fdd9d73bf699ea
- pocketmine/math 0.2.6@43057cb8c179a9859677b496a788db922fd5cfc3
- pocketmine/nbt 0.2.18@9f82ca4d7f97fcd9a566e44b63c4f18a7657ae82
- pocketmine/pocketmine-mp 3.19.1@a7cd0810020af15fb3d79127c77cf576085cd4cc
- pocketmine/raklib 0.12.11@9cce458b8bfde3e4dfdbf70c659fc7b7fe26b5c4
- pocketmine/snooze 0.1.5@70b5e7937a06878dd321a3182ceb76d56298f2cd
- pocketmine/spl 0.4.2@6b08b7cf8c4afa17139c9a1b3bf1b408531de161

Loaded plugins:
InvCrashFix 0.0.1 by  for API(s) 3.14.0
KeepInventory 1.0 by KhoaGamingPro for API(s) 3.0.0
MultiWorld 1.5.2 by CzechPMDevs, VixikCZ, fuyutsuki, kaliiks for API(s) 3.0.0
reyyogaWtrhit 1.1.6 by reyyogaMnelux for API(s) 3.0.0, 4.0.0
Trident 1.0.0 by brokiem for API(s) 3.15.0
SETVIP 2.3 by MCPEVN TEAM for API(s) 3.0.0
MSpawns 2.2 by EvolSoft for API(s) 3.0.0
PiggyCustomEnchants 2.4.0 by DaPigGuy for API(s) 3.19.0
Netherite 1.2.1 by Wertzui123 for API(s) 3.0.0
EconomyAPI 5.7.2 by onebone for API(s) 3.0.0
HideCommands 1.0.7 by Himbeer for API(s) 3.6.0
NoTP 1.0.7 by awzaw for API(s) 3.0.0
Farms 1.0-non-alpha by Dấu Tên for API(s) 3.0.0, 4.0.0
MaxEnchants 1.2.1 by Xenophilicy for API(s) 3.0.0
VanillaEnchantments 4.0.0 by TheAz928 for API(s) 3.0.0, 3.1.0
WorldProtect 2.3.8 by aliuly for API(s) 3.0.0
SocialSpy 2.1.0 by Crafter20162017 for API(s) 3.0.0, 4.0.0
Sponges 1.0.0 by  for API(s) 3.0.0
BlockSniper 3.2.3 by BlockHorizons, Sandertv (@Sandertv), Chris-Prime (@PrimusLV) for API(s) 3.2.0
PM-Beacons 2.0.0 by jasonwynn10 for API(s) 3.0.0
BlocksConverter 2.1.1 by matcracker for API(s) 3.0.0
BlazinFly 1.8.7 by iiFlamiinBlaze for API(s) 3.0.0
TPAll 1.2 by matymare for API(s) 3.0.0
OffHand 2.0.3 by alvin0319 for API(s) 3.0.0
NoDrop 1.0.0 by Inaayat for API(s) 3.0.0
FormAPI 1.3.0 by jojoe77777 for API(s) 3.2.0
TimeCommander 1.0.2 by TheDeibo for API(s) 3.0.2
ec 1 by McLebt for API(s) 3.8.1
Worlds 3.0.7 by survanetwork for API(s) 3.0.0
BuilderTools 1.2.0-beta2 by CzechPMDevs, VixikCZ for API(s) 3.0.0
AutoXP 1.1.0 by JackMD for API(s) 3.0.0
CustomAlerts 2.1 by EvolSoft for API(s) 3.0.0
KygekRanksUI 1.3.0 by Kygekraqmak for API(s) 3.0.0
Shield 1.0.0 by JavierLeon9966 for API(s) 3.7.0
PiggyShopUI 2.1.1 by DaPigGuy for API(s) 3.2.0
Broadcaster 1.5 by EvolSoft for API(s) 3.0.0
AutoInv 0.0.10 by JackNoordhuis for API(s) 3.0.0
PurePerms 1.4.2-c2a by 64FF00 & ProjectInfinity for API(s) 3.0.0
PointAPI 1.0.3 by onebone | Fixed and Update by LamPocketVN for API(s) 3.9.0
InvSee 1.0.0 by BlockHorizons for API(s) 3.0.0
AuctionHouse 1.2.4 by Shock95x for API(s) 3.0.0
DevTools 1.14.1 by PocketMine Team for API(s) 3.13.0
OnlineTime 1.3 by Zedstar16 for API(s) 3.0.0
FactionsPro 1.3.20 by Tethered_ for API(s) 3.0.0
Slapper 1.6.1 by jojoe77777 for API(s) 3.13.0
EconomyLand 2.1.2 by onebone for API(s) 3.0.0
PureChat 1.4.11 by 64FF00 for API(s) 3.0.0
BangHoiUI 1 by JVN | JackVnKiller for API(s) 3.0.0
PureEntitiesX 0.7.0 by milk0417, RevivalPMMP for API(s) 3.19.0
TempBanUI 2.3 by SonsaYT for API(s) 3.0.0, 4.0.0
ScoreHud 3.0.0 by JackMD for API(s) 3.0.0
BuydetuUI 1 by FurryJaki1992 for API(s) 3.0.0
SellExp 3.0.0 by EzMinh, LetTIHL for API(s) 3.0.0
SlapperRotation 1.2.1 by jojoe77777 for API(s) 3.0.0
Item 1.0.0 by LetTIHL for API(s) 3.0.0
VanishV2 1.16 by superbobby for API(s) 3.0.0
OreGenerator 2.0.0 by vividmemory, LetTIHL for API(s) 3.0.0
detu 4.0.0 by CLADevs || GreenJajot for API(s) 3.0.0
essentialsTP 1.2.2 by  for API(s) 3.0.0
PrisonMine 1.0.0 by LetTIHL for API(s) 3.0.0
WarpGUI 1.0.0 by RockPanther for API(s) 3.0.0
CustomItem 1.0.0 by Phuongaz for API(s) 3.0.0
giftcode 1.0.0 by LetTIHL for API(s) 3.0.0
AutoClearLagg 3.1.0 by Twisted for API(s) 3.0.0
CmdSnooper 1.0.0 by HotshotHD for API(s) 3.0.0
UpGrade 1.0.0 by LetTIHL for API(s) 3.0.0
PickaxeFunction 1.0.0 by LetTIHL for API(s) 3.0.0
level 2.0.0 by LetTIHL for API(s) 3.0.0
CustomTags 0.0.1 by DaRealAqua for API(s) 3.0.0
PiggyCrates 2.0.9 by DaPigGuy for API(s) 3.2.0
ShopMob 1.0.0 by LetTIHL for API(s) 3.0.0
BetterVoting 1.6 by Twisted for API(s) 3.0.0
TrashGUI 0.0.1 by Phuongaz for API(s) 3.0.0
MuteTime 1.0.0 by LetTIHL for API(s) 3.0.0
LoadWorlds 1.1 by shin for API(s) 3.0.0
AutoSellUI 3.0.0 by LetTIHL for API(s) 3.8.2
Kho 6 by ItzFabb for API(s) 3.0.0
shopvip 1.0.0 by LetTIHL for API(s) 3.0.0
Rewards 3.0 by Wertzui123 for API(s) 3.0.0
restart_in 1.0.0 by LetTIHL for API(s) 3.0.0
MuaPoint 0.1.lpk by LamPocketVN for API(s) 3.9.0
help 1.0.0 by LetTIHL for API(s) 3.0.0
SizePlayer 1.0.3 by  for API(s) 3.0.0
luyendan 1.0.0 by LetTIHL for API(s) 3.0.0
NganHang 1 by GreenJajot for API(s) 3.0.0
PHP-Sell 1.2.7 by Muqsit for API(s) 3.0.0-ALPHA9, 3.0.0-ALPHA10, 3.0.0-ALPHA11, 3.0.0-ALPHA12, 3.0.0
AcidIsland 3.2.9 by GODSMineVn for API(s) 3.0.0
HealFeed 2 by JackPlugin for API(s) 3.0.0, 3.1.0, 3.0.7, 4.0.0
Buyrank 1.0.0 by LetTIHL for API(s) 3.0.0
thoikhong 1.0.0 by  for API(s) 3.0.0
luckyblock 1.0.0 by LetTIHL for API(s) 3.0.0
KitUI 1.3.6 by Infernus101 for API(s) 3.4.0
MenuUI 1.0.0 by LetTIHL for API(s) 3.0.0
RPG 1.0.0 by LetTIHL for API(s) 3.0.0
Joinkit 1.0.0 by LetTIHL for API(s) 3.0.0
cayphattai 2.0.0 by Lettihl for API(s) 3.0.0
gem 1.0.0 by LetTIHL for API(s) 3.0.0
BuyFix 1 by FPVGAMER for API(s) 3.0.0, 3.7.1, 3.8.1, 3.9.3, 4.0.0
AntiToolBox 0.1 by NgLamVN for API(s) 3.19.0
NapThe 1 by phuongaz for API(s) 3.0.0
capdao 1.0.0 by Nguyễn Công Danh (NCD) for API(s) 3.0.0
freeze 2.1.0 by Bavfalcon9 for API(s) 3.0.0
QuestPlugin 3.1 by HmmHmmmmm for API(s) 3.11.0

----------------------REPORT THE DATA BELOW THIS LINE-----------------------

===BEGIN CRASH DUMP===
eNrtPWl33DaSfwXb9tvIu+qD7Ft5zrOsw1YiyT2WfOyEeX4gCXYz4hUeLbVn8t+3CgBJgJKlbrmj
3Q/JJKNmEShUFeoEQPJfLS9OQ5p/WbI08+OotTfYbeV+yFp7xsg0h2OjP5l2zHF/APAiEXdGHaPX
7xuTqTkdjU1zYOy2AprlR2kap629f7XyVQKtWvz66MZh0A0w77ZClmV0jrc+RC7z/Ii5xIdfN3vk
vLikH8+hjVcEwbEfYKNkQdO9bvdgr/shA+q6+27oR36WpzSP0+4hy67yOOmeXeyfdJOgmPtR1r04
uvx4MvuyNDv9DnbvZqnTPTuYHX08716w/KOfADjBYeQQa/eDPgEQDGKZArtAgwO/f20965H1cexA
3xd7JImdK5YDL8yyitwPMsv6gH/29pgmsbc0cgOW7vhRzuYsJZNdAsz70fxXs/8b+YYIqzaT6W9k
2xLcJSUtKAVC05Sufu3/9gKE88zYRBDmCOQgQJYlYO2fct+52uG4TJKE2An/q6XVzZwFcwsQSfeS
ZleleIz+WEF2CUjwbvunOHpfRJXwDI64vw7ii/JqxxhPG/NVtYSRahraP6W3hhrcPZQQUnfG/5zR
COwh3RkNB/ePU5HU/imkfnS5SBl13zKa5jajeWPk4d0jX7AUjHzHBINuDCZosiyNKDEf1cBZY5DR
/YMYQ7MxiLijzvL4XhTGdHofilkaO+BO4lTgmtyPazgZfQNXloMQBY7p3Thm/OcZ/Nwxb9lviebL
FyeOwLAKJ9+J7d+Zk5PXNGMH4Bez05i6LN0lEn6H+Z/BnJ7G8zm2kubbH/1GDvbAM6DhWpZmuZYl
TRd6gu1aVtVrMNigl7RXyxL223uQ/b7ZZD8T8hUIDIFgx8BWKfuj8FO2IwmbGht5o3rQ9tmsdiI6
WS9av/2522JbiTrfEw6ACNHxix8t42DJQhblgM0F/p28Vd4FiMALECd2GdJsTEwAW7n4HyFwy5j0
NVARZSzfeU6D4NfnEQ3Zby9+5K0GWqvn+cLP0DJCBjrN8v0g4H1k42HVmJA/OWSkQDhgrAB8b+c/
/Kw57gvyL95yshZ90+aQ015jyKmhAJ5nOXlJFDS/Wi2nSFMQZXvpJ1brN452ajaR9FUkPuBgN0kA
4t2xWrvwLyIWFE0Hza6qVJ67NGcGdAd9zGOU485z/9ee5GYqxEWIbGhqDRECw63aYdu1Wi9kl7He
pQ9dqJ3tyP5tOaJsXMr0+YIFCQqCd+lORoNeT7Qo5cnvDKAJ+OMlhVnGHhyL2etVQ/LLUr4wnbLX
Ty/BfcM0/vl3CvN3CvN3CvN3CvN3CvN/ncLstuYsYikNMB/AyAdOW+sLhNkwD3WF3up3jGnHQHjh
By7kIJP+cLflZ19ctmzteTTIGCQdaZzHTgxoB32oWOc+piR07Li9idHrmT3qGUPP7rvjqWGOnfHY
8YbjUW8ydNyB4wDuQtLyCXxzfJ2R80tyeHTxy+W7WfuXY+Pj5zevyajTJ5wEMh31emSnbCo0ikAA
Msl7k1zk4GJo6pIj18eg8ILsnx2OBpgYQS2+1xqDkzWRna8scjl78hpuf4kzpOHk/PwSAPzi2o94
BhUmMczBl8C3U5r6LEP5UXcBPKes+3sWR21oI1Mxo2N0zFeeY3rj0XQ89Xp0MKBDb2g7JjVtIN7t
jUemx3psPGFjQO9S4ADIjsOuAzmJTZ2rNkRb38WJBoRFdBXF19Er+ReJrSfW9iOarrhhQNMejG30
X/WozVh/4g6YORkZI9PwzJHpjKfUpH13NJ26EwqkeQMd1Z2DG51ep/9qNBhPxgPoMxrZDqVjNpxM
hubAZDCHZt8xh2ziDIfUbCBEcw64OUvazFfT8XA8NScDczAamv1p3zbGE9oHbeiN+4bRB9zOdGoY
to4piOccg9kxXk36PRskajredMS8ca8PIyPDo0G/Z3om/F/fcOhgegtDO8l5ICgF1X/FBuMxc7wR
c0xj4LnuYGAMGTVc2oeLqTvu2x5Ii1EdVUjzhaRm9AoGHY4de+JA8KPTyXA6Go/twXREx5OJa09N
03OHjuf0dRSRnZf8TF5NvYkJBLtjD+bEcad0OBqxwcAe9Z2BZ0zoeDQcUzZpCLf+2Q6TylBfbWB1
CrKUXoFuC7kATcarqeOwwXBiT2zPZX02cD3XBlk7o+HUc8b22GPmyB46DQ3Kojj+yqR4h6/GPXvI
xtP+mPZGk/HEdcEj0j7UIQ6zxyN3ODKnE8903AaSJOAYBqAtI7s3sYHwiTOgHjXGRn/qTKlhw8QY
9gB46RsuM0ZG68+qMOK2eRItD1KaLY79G8XVqdDdVu3jeqDj6ANokS/iFBD8Cp6SJj5mrCDWQaeH
rpNF1A4YOA0IW+DzXJaAC5GNs9jLD1UAph2AOSz+yPzcsqBYc3Bkz7+xLBHgsKqDH+iB311cfnr3
/vQQQNfMhg5ILObNvzCWANHgV+J0pTCiw1VWwFw1Rlq/LGL6hoJg55ACtFS+eo9nS0NqWRo5Ijyv
w91ZEeT+pzjFsFKxpgB1voYdU+fs4CtzFrOzQ7bM4MZH/8a/OvgnX9UFd5gVVz78vgJP5l9l2+Lb
wSGTEEIfpAEhUnqNlALLKtX3Mr7I8ySDsA4xclHYHQgbXYWRroIIJJSy1Sqe0095usCQWglJh+ty
MjojXU6y8VnEguLmliR2W4PvkYhEDmQY60/8Zeq7PFZWDJWQhio3ldlO4yufhRoTxvDx1Et8UDSI
8SGnP6tJeZAPucRSs1GtudRcQFWn8yAqL3J5tH+2LbXUK8O1TO8iodfCVZZ2JyE67Q2TO1rGwQUQ
sTXCxaCYYZejS9IvLvffX36Y3Wk619fXHQaUINZOfoX8zPz5fHVQZHkcHkXOgka5yttdd3U+B01N
O6TQ6U2x0lVt+nhWS4SgYrepuRP4CE9SDtK9A10X5XTO8gVLef9KOjVMtz6zERNbn1iafy18w+xv
a/5rjJZVkbGeH7mD+xpbt+YJmD6CWjMOV/uzE4VrBaiyPeyMm0ofR8yG/7bFs0RnWUxQADgtS6Pm
Qet9Cx7qAOoNynFXLGngpicd60y99UMoEVKNqdHjmZLoLEulYc2JFF07IZ+r8/hSdaj88gFW6PVX
er2t2eHILCuK8+TReigIAmaOaRqqEySuG+y0I6geaQBFe8MDWYXB6LAgl1bR6zEabTt0LyDucYrk
n7XiBr25w7+q0Ad8yGcWxcnCD3xnta0pU1DilN3UTlWn60HmPtLIDwIqu2A1rzJ5112V2cHtdOVy
wfa/QrF7x8xBMHk8x0tBimUdxCl7hIKWdHXv4gkEwfNPyOxz3FKqJaCBGzlOZ9IwysAvgq1NscBm
WTzbTgQFTfO8L2NQeD8r/NTzWeCqBXS5FJ+nDMv7LGdpV+MWk73Y8Wlwkah1WA3TxXGrCoOy0wOk
Zs8YwX/jbZuyE7pYeifogQ9C90L8XiuFTeJozlQ9LyH3p+JbmlioGlfDIWSuYtD1S4jXAczeReQj
mzXtKlSlv9+5lYbzpm/j1P8a87zzAiIW5A9LsvOq/InLtAeL1M/as9QPGdzBv0V2+vGFNoHmpvy3
zlazIOZZtJSDRo1lKXxsslwwO2u/ZhRX1tXktwbqSnrLXf1Oszi6XkWR0duW4SooLcvmZAB3FTnr
TXN2EEdAeH57qpU7TQNsxJ2Q5k5KweDTbbFWY5TzVROzyZy9DuhXPzoOVhpvJUw3wkkz9fH944CG
vh9hj61lqDpW5E6So/xcq8yf7QfqToO4biQIt6ZpFdKUbXGSOD7LyhMaBOv7l3eeh5uVCvUlpGlE
/WbgW/pRr29Mtxf7JELLAhIgTrvVj3UYOY8P0zjRUmoOeGCl5SSidEW3VuhLdFDl8dHXn4fjOA31
wq2E6Az0bzmz+PeYjfGf7/PVii+rMELCLIiofqxlDhBDZGmkeTId3pwX81ZKech8u7mSaz6WKW3w
dVIq5IQ5CvnM0WlurHY5p8zW1WgCvvmx60UcG5TOSK2zYFm+vibxfC5rprNZI0+4VV1mRQrpNssh
9bzaljVwnDKbhWhfEbJWHi9z1Q5H0gHKus8EIh5NcIeUpZdxHKisauBmhdZr2yynay2u/xXL6Lag
LUfaIMDolH7PUrqGCmSzX+TxZ3VxQQKay+cNR/IzxPizw22xLrBZlhj70UsMAk1XcgDMibW+/QAE
qU68Bm6kSH/t0q46MhQlOh2PW+T9ZTVnV+9pdJV9UAOCBn4gKvC2Kf0jpFszZgWlZam0rO+aLhZY
kKo1mAA8EKN/pkufpacsjqbT0UjjZ/wAP1U2c6+qquihRuNElX/XqkdwFfpiESfafKnQB7L2O1fh
Ny+3tNVVvsMmIa1vrs8L+rSL716PF2j4OvzrFDA5fKFBddMKtLH5+dcaqzIwuGCNiseZKjomqO0b
zhYht/bd73C353GcuovCz7ZXhjpXUYnUsmC42I+WwgsLoh7W5SJlM6av59YwfbYGHbPtmI313NHg
+LjXI/9JZmmMB9tOIs+P/Hxra2RfxACgsiVVys9H6C7vK9fFajwoCZBdrufkFajpsfp3bqWQf5Nj
/4a5BDwQ+ZDgcWFir8gpDcVhtI/nmlCmW9hsSZBCvtWi0PpAmguaccGYfn4EAQ+4ZX1laVsWqi8Q
CUo2WWfYLxx+SDouMqaZpQJuZoYDnTHwX87VdHjzfTzp3lg9kqMkyHIkNFVO3wLpQ3vVqH2QacgD
m6lwBWqkfYNm7KnPRZJLRhtnDvrfsREsCcDzpctGnrvmGnZNWrfCgWsWET4mcskfm6yXLWpgIzfS
2f0nc/FsrzHalsZWCC2rpuHRCW+FraswxLfYuEZkeLhJ3Wiroc2M0Gxu0vCtYuZ++U613o9y/yIB
FyaOWUkpKJTgNhu/WDstDGiir2+XEJ2nUVN1v7H28T1am4mRHz1/NUndkol6Z/5UX2lToc0EcQt7
86oD2mCfPuArbzpta2UNBwuaN5IGDmrmDIZxV8KwGWt1oL6toDwHLfWxtdswks9s6YNbnR21qybf
yC2Q+PrXFjILjgaTYhrN38a+VizUsHsWmX7+eA4pBWaOH6Nf/CD43kV+ZY1R15WyMsLDVutaMXJ4
BL4h91n2uaEHNVxPi8fNnCL0g6vewMC1qfcwUUsazM7OZls7nJQKnEkYJpAqAWFMEibmuSRz40Cl
0NrV+cX1UBYmML3adNewe8/QXYB60v+53PY2qkRrWRUZG9Tw+CjA20Kr4ktQc4nxSVaYytE32FMt
Vi7LC93+Ktg99ndcpOnqZ3rl40NI2+JDQ4onbOllcb7YcFJYEBzdqLsfJeSBKTn6CtnVYpecsvzy
5O3ptngSaCGKfJ7hYsAGjIiY+T7OKX/S+FZKUN154PzNN1KD7zEanYD1eTrJWagWV3j5QGm15ekA
WsL16cXDMtnio9k4E8RBjWJi1NxDAAHZsW2vtreDUGK0rJKI+tdaG5wpe8OfBctjNcPUwA+cFwDf
7rshC+N0tXVLUemwLPlzrZoP3ZXCEL984JzWwek+7hiQf/+bvMHY9zP9Pd7eQrhADnrmRxvZB8sy
DMM0yLQjkRq4ae3mX3FIRx0R0mF9/Ifzn9TPoObhLzCok58a+LQmn/CBxdOYa+8c0jR5o0XFEvIA
7e+hTp/RCOvLbdGPKC0Lx1+ffrH50nC3CvABLmaLIo7m9Ot2d4ZONvK9c9/Ly/dYSAYq0NMqUDns
+rTjIvNBwGh6Sufzxop4DdcTklu7kJfXfpYzd1tc5AKdWAp3kIgAiBAL4ipNG58sFXj3s1VQhGcH
XR0f6mJ9OlHRRfXI4r2T+TbOs0Wcv91atvz4k5Mfkjcp1TSyhDytQhYbeIKZ71zRG3ZcRE4jjWze
eWKvLEZfn5GALZl6tExcP5CvbD2UsCz352xTR3xJ57e36Dnw/mdSW4f0PaPB/h8F3RYLLk0BIwWM
6zHh+hlUlW4HxA2pJu2won74CvOz2w9dCWhzYqZ/yTbvXc9QffsBLE6ZdvH9D1xxNF2xpR8nZ7Gt
7ekLyNNaVrZRmfma5TlLP8a5H6mRSgM31p7/0jB1WYYplQL9ar3nTWm20DO4CvSAzW07+fkUxwE+
bipGl7/We1g6b27tVKCnVamwyDfwebhDeevonQJsVM6NwnnhR9siux5z/U0MNHYnWUadPE7KVA5X
kDRVUoAPrCrdNRGTx5/dlOjWn4tfFuomGV6pBDdM+ST/ekxt+9FbK7f2dr95NlgMhAeLNvFV6NmW
vrq2V0Ke3sPiS+PWJvw9u6apZg4lpKE+T/n0rSRhG8/eSlRd8QID/sKoL36kvb2gAj7tVMmBN3lD
BeXHRTSnK0F64DA6QXLVIP6Rx1l0I6qOq9znCOqR+EI571P/WodTfLGfwiW/fNrJwSE3WBD3v7JZ
QFf69ngNvP8g0raWvnG8UxwPnFf1e636pVgBNqpaRQV6WrGXw64v+vM5xXctqgliBbpnk2j7K6s1
xg0q4LezNgZrtVApQc3F1MaTAGf8XT5N4tv7p7O3+1P+SG91afQa10bj2iyvH616QPBbfiJh7WUo
x3dPskA/aqEAm89LNmq0N+8OL3C99mO0zeNf8iRTHDH1LK54PBJYE49JrvNGBChjjxlTWatAWvF5
e+dVnET45iPau9VDIYPv3ZWdyfdGbrAfm9LoSt+N5ZAnDpsw5PpUAxX+1SLW/EMNe5KniqvhNlhQ
KpyrlY2HLDWXXAGf2imXA2+Q3Pu5/lgEv26efmsm+ZHH0qjIjJ6h0T74nkf9KpSWxYnYIN9ikX78
QAKeuMCFQTdI52dv1FQerp547XS5Qdr0M+SDV9qrxErI0xJ95W8Qsx26ShY0z6mv0K0AH172zf1F
sLUdg2QD0ufantv8yU84zDfZZIPoor8vUQLuO/kz+/hm/+zo/Z3hc9wRac9E/p3yLPy7wqigaIOk
J8p9PB/9Olb5UqGNMk5n73wOpVWjfPuec3YSn2UpFKx7iF8ptkuyMBmnyeVCe5uXANwzZ8mWlzRL
fJYlxi7/rmfaiUtjzaw54AErOZ8XK3w9kjOMyAG+HskbRHNySKMF2Tk/OHyxLdZwHBYdAHuIG2YK
t5mqfPlB7jwoUL6qkyMBD7ws5jVdejSANHlr7xCoMVqWoGF9E/pHwbJcJsk1Jyq0sXXd2LENQ/gX
/tGN6KG3H1VH3e99gVW4QMyW9UfBHwXnRD1i8aqksatyxd8oS1NgN2fNJ0LKt2xz6vgLqDtJihvH
/JTsXuvZrLoioD2ePyf41Q8rtaJnFzQnZ3RFTJMY5l5/utfvk//ujYnZMw1sEMa5+/Ls3SmpazME
i2HaSZzmL42p0TcReL0AntqBn+Uve3hNoyguIgdfaIQrEW3qLHwmvhGSvYwjjgdftNiW71CCORMd
Q3oj+2QvzSFC5hRPdrlM3PfiFLBWsNjzEAoScPGUaXkNqYgcxfU9z3eKIF+95ITOy7Nc7QyjcTTP
XiKYb9u2UaVeBvwwWwXLoHJTmuD3Vl4eHh3vfzi9RKjQmzbMe7qSQ0pQClpe0oO/OwnNsus4dV/+
F/8HhFTkcTujSyY7Ln123XZBhhQk93KCoBs7vmmjEssmMAnzgs7ZSwY1BVxrLyzurEJ8YfEzghZF
HD7dRcoPQ/JZJyA8oukOaAEBB5kxUkqD0JSRfMEIVMIZ/AAdcXAyc2Iz4kdOULj8yxXklrYhros4
hJ4eImjizKjHdkmMR5AyREnslNErsoqLVOIivkdgUn3P5yPAfOKXZIIVIj5n1xW6rss8CjOakes4
+iEnaJ40JSjNEJjFl4evkEL8OIzg+3rBIlIk85S6gKBjRajFAtmeFRHy7NOCP3tD8hhGiVwCKOSb
+UEGUHWC8udAFL/NSYWKiAJikGfAci4vly19h5EF/7AEQkLELNS1nLU9wl9TjzeyRZG7MRiA/FDP
HrFa8g3yThBnzLVanLL9IIivCRoWEFN+qYMsfUr+gSqHbbjulW8O2yPowHjXI66Hsg9/whFNhMCM
gVAQm70iUpTYXqptdVsh9tknHwQSRyBX6rokZZkQP4oVv+lAQkazIuXmTUDoNkOiQTjsj4IGKLa5
v4S2SxoUjOzIQcHRvEDsYkQwGIY+pQ1ixw8q7MFtPvZ5EdogFdCq/WwVOfhVDYLvwAA96vAGH0Ba
XLVLTrHZIo3BA8HsQfNsl/AXUxBp/GAPuwRfpQ+MYLTgsgG/jLCwiECDsIlAfsGnF3gCLUvjGx80
jIEYgCWuuVFFHMpWEnTioa5iG9TJXeLnP4D48pR3cxn6O64yjc5kB3gowG5MLhbORltyusdRNXWV
cuVIiyjC6XTRQcUJnwT+LousQw7ZUv4moT9fgDHjPtiuanxScVAiaVokuYAKgaFgQqBN8sUnF4yS
f2HAFQZBl7HvAtl3U4A6gjoXg6BBuzqKokHjtmhUaRq4f36IVxjlG/DEoD0YdImAgx2Efo62HbI5
tVc5SJxcCFH3uHD9DHHz7pc4a9c+lzzXKDDa67ZAVCpZxjn0fCARPBLDF4cjGsxMyiGFksNsFWim
ZB7DRMVopqgVONCck9nmpO2RHnIBo3MXLN7y//+eA8xi7qMfo+v30Z/lccJJkO6zIkmiywi4D4yP
4PdKgnDUkiqjZw4kYdwJfOJWIenLftgChdwuOEnoMYj8CBdYOrthTsGdbyxIFhaJwapqzW4cyBKy
miPhuN5dHu2Ry7cnF+T05OzkkuzPZqcnRxdkdvSeQDr4y9H7XQKNyOU7aHVEPr19d3pEZu/fHRxd
XHSaLkCThzkcSXHMWOrHPCCjI86QQWfBuEvm0qicrQGyh5TA5b6FN2njISHhZjkqyA+BT3DQoE3I
77eUTSgZZHwYACNsJgfjmAUScL21IxcRiY/xDmMIxnneoXO7NeqCzMVh2hLmYDogJIvkinkVfSse
QL1YktWs9nuS1+zF3SRJzvuS8zlNbbCMthMHgchFuQO6W7rc1JAc2YvIXuC7QxoVPPlQKYHErAAd
fLFbxoSmEpZqKMKr5wEuwW9Ym2CHvBM+Xyg8ZA9xEbgVLT4EkeuI1PRnAnHCyQdGR72e5BVGO+bO
4laQ5KojMFS8eWkclsFW9JYt2qpqqjOM3MiZvKUb5A6V0rTjokwYccpSGAnVUCqyW4SJyK5ECkfk
jTbeKOfrEBvJDpx2TmbJAVxBmAdjp3cIGII2BD4YYQlKlmVQf4FjyBcwa/My20SnhaPVVO2WEyly
BJlUdgQ12PSbcsI6x1kU0VVW0n5AE4T6YRFCjMX3ipGyFsCJJKIqElTUckV7kaLkFnNbxyDZTiRF
fMA2ZsEFBN1BNWOHsbjV1GnMjdDrCfyicWlCApdsqHLGM4e2Q/GtaNW8ACk8V4H0EaUH1IkEQ2BJ
8O2VWGhgH8FhzR10k/IU/JQjY+M620UB4vHuEu/9qO7TQyuSL1nbkyECUrNFHIgU06Y5VLKYiXOS
M/ywHpFBhvs2UfnIuyK02KxKNkV4e6bOUnkL3Wq6yhH5LmkbygTyyeMDt/OSGBkCuNeu81heomIK
6QrOsZbhiT52BqAkq0PeQi4IuvSSJ3fkYPZhF/oCDTbY17XvgtrzXEF4zwp/m+PfI6My7a4z8oxL
R2nbIfsuOKoFDbwuvmiFlwkuAx2WQ8GgBJdHUMEUQ6zDnoJMLUWObtCrYYpJgw5BIj7MolmZbNcF
INYSSBQeAcKORRIlbXndqG7OpNVl/ldWzSem5eU04nNGZcoEabtQDyW0Dqam6PSiQ2ayT0DTOe9A
ZSUqdYGP6KV0jizAnIDYsiTgGQuWlyHFp8Zh5BTn6SDwccWE18v4YTaW5eTs8gOnNAOWkG27yAnW
53wq6+FEcdEpfU2YF23stcepRS13mV3M98qC5SdiYKEi07UFmCq/T2R5momCGjU5ymIRuKQ2GIhM
OCeB7WARQwGLGljWKaysRLkHc2lOSUaXpafEFZBynQjvKSUsEMbX40TCItcjfo/9SBTDfJnoB/LZ
jm9Q61Nyckh2Pn84OXxB8KW4C6AB2l+Du09S8VYBUAysX1IoXjp1BgiaEPMmXNj4GvzPr09L/LK2
USA/8MFwsYgHTcg+sMjlYZjzFperIzKEKIs4nseHhXu+t2rfFL6rKCKFPAW8G6N56TeBf/Fhu7IM
4CWkpBT0hslXF0WxE/gJ4X1BbXBVz6FYSobxsqzKMaTJOMB9cbu8J4bMag9YLnypKySXfIlD6DtY
EYhXTAZvK5W7yORSiwOWnAtfJ/u0RZ89kkCStPQDHEb4cemj5CgYiGg0rwqFCLsFzXi4W7bSVszu
XJUSs7wfxgWasCcCjrRoFKWcYwyw6KL4egToIf7mERI6v+fxUunMGY+YqH9tJpDZzEMD5KuaPMQt
SoXnOs4XO7XIK9jHgSr2wRER2iQ1ER/MhNEYBLW7qOzdTSZNARPoR2l3QGzZGf9W1PS5MePqQLvg
r8DKFJ3kj2Txgfjqrmqbh3wwfjgg4x4I5clSnGkiviJIJHdErqaUEZz30VgHfG1ikmdkDnVYVoun
XrGpJNS5LSLpm66pzws18JNQxYi5SeKkCEpllBcYyngb6RH73B/yDL+dSC+GwQQdE0Q7mTvz1Vqx
RrUnozguqfG6UYBFEJTzhc8HVIsdbi031Pc2PrfXAFXmpoOTBaSbXqzMCFhZW2wdVC0XMc4MJ6WD
r87o+DGnGDzZKsS6J8NH4jPgMKtJx2JO3if1fc4C92J0Pk+hgharZXJpTawg4EeUr5r8cfrAgt8d
vsOPiLalzxehD53CNRPJNQXTueYjZpzwmgEO6yjr2RBpK8kL1RSTc0uoMKHivlQmCPL4IUweqtQc
kcNjVXSQdkeoJ8rS1S7hH0HZJfg2Wh6f8yoNA9frsRRS7TZ6oAjjn7hbhisRLKi2FCY3pZT4WkDK
CaGce7HSWUiEfObF/XKMWzMteFWnOvfD2lfLAIxIsT1aArpmnFl0mDggX+OTncr13E49gLyjjlBK
8/4QL922mF1hFcrSicQB6HMpz3KRZCGB3GNglSMTZ+kxcM0ZahOXZ46+VyGC8gMYERsM6IHKlQPh
4wCfdJFlZKOBTzNZlkAmScMkKK8w5wEa5VztlZMm7oHe4hLWHvmVJysQP3f5mtZviFS89LgKk+rG
B2cDE0f8lJtYNSj3n/hywF0Riwd0HqEzniDzahNfFQq0ynCrki/G5TSInwR3rDAqiOhVj7hHjk/3
L/fMH8e7w+mNsdu/6e+aPxo/upgQcTvfwc+OOOhcX056whWLq8HwhcjyxB6DWqwLC8fYAjKWa2k8
9eCLYTBrzoqI7ysXaemUywolrXYnuMcBPBCqHL77k5UCa5c7G6ALIp19dsxdDR+Kt9eQFDxTEJAv
CqTNc0sl6Yv5t9oJuwHHl8nizrniTwzwQgYkYvuQmK9EEsfbIb9ACpQeIowImxFccvyQjKSVr27t
tthNzqLMlx/C4F/JUT79azvyC64VBHeV8LPBGiwOv7hxDs5Qg+JOpAYo0kC9RhehXnt+wF/yWkPm
ofYh4gU+AKZc+2BlSxWAnxfmxyDEW6FCW2yRqU0y+dVjFZY4OtfvmScXF7Se3O1nOggSlFCFXMxO
1ctwlf0R8K8ny19kiA/Ombi3QNr4KeZhb9Abw8/nJ2ASY8eBf6cjNhoPvZE7NtnQ8XqeORp7gwkz
RmPHpLZt9slzwJ3HVyyC9ECT2IryHdbyqMRXfOoHHxYb8jdUfhVfrq1aw+VNqM9JjOyYvV7fMEw8
1zw7fKeJyo2/cFaaQAD5+nSCu4iyTGt44aND+HymyahBAVxima2zBcBr/EadBlS+UYynsA38zDYQ
vNCVs47WX3gypn7/GUXkz8V3oeXLBFBMHKUhD3Zzh+ba5TeIUY/TVZLHHCDOcMzdW3Pua2rCZdNX
QVDjFdx9zwuhjCU5/8Sc7d2MLw/VHf78838BPhbOXA==
===END CRASH DUMP===
