PocketMine-MP Crash Dump Wed Jun 2 02:30:43 +07 2021

Error: Undefined index: NuTaVN
File: plugins/SETVIP_v2.3.phar/src/MCPEVN/SetVip
Line: 191
Type: ErrorException

THIS CRASH WAS CAUSED BY A PLUGIN
BAD PLUGIN: SETVIP v2.3

Code:
[182] 				  
[183] 				  unset($all[$name]);
[184] 				  $this->time->setAll($all);
[185] 			  }
[186] 			  
[187] 			  if(!isset($all[$name])) {
[188] 				  unset($all[$name]);
[189] 			  }
[190] 			  
[191] 			  $st = $all[$name]["current-vip"];
[192] 			  
[193] 			  $i = explode(",", $st);
[194] 			  
[195] 			  $date1 = strtotime($i[0]);
[196] 	    $date2 = strtotime(date("y-m-d"));
[197] 	    $date3 = abs($date2 - $date1);
[198] 		$help = $date3/86400;
[199] 		$date4 = intval($help);
[200] 	    
[201] 		if($date4 >= 1) {

Backtrace:
#0 plugins/SETVIP_v2.3.phar/src/MCPEVN/SetVip(191): pocketmine\utils\Utils::errorExceptionHandler(integer 8, string[23] Undefined index: NuTaVN, string[89] phar://C:/Users/Administrator/Desktop/MSAI/plugins/SETVIP_v2.3.phar/src/MCPEVN/S, integer 191, array[3])
#1 plugins/SETVIP_v2.3.phar/src/MCPEVN/SetVip(26): MCPEVN\SetVip->tick()
#2 pmsrc/src/pocketmine/scheduler/TaskHandler(137): MCPEVN\TickTask->onRun(integer 1)
#3 pmsrc/src/pocketmine/scheduler/TaskScheduler(179): pocketmine\scheduler\TaskHandler->run(integer 1)
#4 pmsrc/src/pocketmine/plugin/PluginManager(654): pocketmine\scheduler\TaskScheduler->mainThreadHeartbeat(integer 1)
#5 pmsrc/src/pocketmine/Server(2389): pocketmine\plugin\PluginManager->tickSchedulers(integer 1)
#6 pmsrc/src/pocketmine/Server(2152): pocketmine\Server->tick()
#7 pmsrc/src/pocketmine/Server(1992): pocketmine\Server->tickProcessor()
#8 pmsrc/src/pocketmine/Server(1586): pocketmine\Server->start()
#9 pmsrc/src/pocketmine/PocketMine(291): pocketmine\Server->__construct(object BaseClassLoader, object pocketmine\utils\MainLogger, string[36] C:\Users\Administrator\Desktop\MSAI\, string[44] C:\Users\Administrator\Desktop\MSAI\plugins\)
#10 pmsrc/src/pocketmine/PocketMine(321): pocketmine\server()
#11 pmsrc(11): require(string[91] phar://C:/Users/Administrator/Desktop/MSAI/PocketMine-MP.phar/src/pocketmine/Poc)

PocketMine-MP version: 3.19.1 [Protocol 431]
Git commit: a7cd0810020af15fb3d79127c77cf576085cd4cc
uname -a: Windows NT DESKTOP-KF1VXGB 6.3 build 9600 (Windows Server 2012 R2 Standard Edition) AMD64
PHP Version: 7.3.21
Zend version: 3.3.21
OS : WINNT, win
Composer libraries: 
- adhocore/json-comment 1.1.2@fc2f76979f0a44a5f5bc2a2b600d0762fe0e78e7
- daverandom/callback-validator unknown@unknown
- pocketmine/binaryutils 0.1.13@0abee38d4e2861621f262c79a2a3d699d8a697f4
- pocketmine/callback-validator 1.0.3@64787469766bcaa7e5885242e85c23c25e8c55a2
- pocketmine/classloader 0.1.2@9757928424652393b178a3760073113aa7c9911b
- pocketmine/log 0.2.1@830b44a2cf96ef703c550abe64302f230231ca49
- pocketmine/log-pthreads 0.1.3@e477ecf6ec214fdd4415ea1da3fdd9d73bf699ea
- pocketmine/math 0.2.6@43057cb8c179a9859677b496a788db922fd5cfc3
- pocketmine/nbt 0.2.18@9f82ca4d7f97fcd9a566e44b63c4f18a7657ae82
- pocketmine/pocketmine-mp 3.19.1@a7cd0810020af15fb3d79127c77cf576085cd4cc
- pocketmine/raklib 0.12.11@9cce458b8bfde3e4dfdbf70c659fc7b7fe26b5c4
- pocketmine/snooze 0.1.5@70b5e7937a06878dd321a3182ceb76d56298f2cd
- pocketmine/spl 0.4.2@6b08b7cf8c4afa17139c9a1b3bf1b408531de161

Loaded plugins:
Farms 1.0-non-alpha by Dấu Tên for API(s) 3.0.0, 4.0.0
FactionsPro 1.3.20 by Tethered_ for API(s) 3.0.0
AutoXP 1.1.0 by JackMD for API(s) 3.0.0
TimeCommander 1.0.2 by TheDeibo for API(s) 3.0.2
OffHand 2.0.3 by alvin0319 for API(s) 3.0.0
InvSee 1.0.0 by BlockHorizons for API(s) 3.0.0
HideCommands 1.0.7 by Himbeer for API(s) 3.6.0
BlazinFly 1.8.7 by iiFlamiinBlaze for API(s) 3.0.0
PurePerms 1.4.2-c2a by 64FF00 & ProjectInfinity for API(s) 3.0.0
BuilderTools 1.2.0-beta2 by CzechPMDevs, VixikCZ for API(s) 3.0.0
Worlds 3.0.7 by survanetwork for API(s) 3.0.0
reyyogaWtrhit 1.1.6 by reyyogaMnelux for API(s) 3.0.0, 4.0.0
PiggyCustomEnchants 2.4.0 by DaPigGuy for API(s) 3.19.0
Broadcaster 1.5 by EvolSoft for API(s) 3.0.0
BlockSniper 3.2.3 by BlockHorizons, Sandertv (@Sandertv), Chris-Prime (@PrimusLV) for API(s) 3.2.0
OnlineTime 1.3 by Zedstar16 for API(s) 3.0.0
Slapper 1.6.1 by jojoe77777 for API(s) 3.13.0
MultiWorld 1.5.2 by CzechPMDevs, VixikCZ, fuyutsuki, kaliiks for API(s) 3.0.0
MSpawns 2.2 by EvolSoft for API(s) 3.0.0
NoDrop 1.0.0 by Inaayat for API(s) 3.0.0
KeepInventory 1.0 by KhoaGamingPro for API(s) 3.0.0
ec 1 by McLebt for API(s) 3.8.1
SETVIP 2.3 by MCPEVN TEAM for API(s) 3.0.0
SocialSpy 2.1.0 by Crafter20162017 for API(s) 3.0.0, 4.0.0
Netherite 1.2.1 by Wertzui123 for API(s) 3.0.0
InvCrashFix 0.0.1 by  for API(s) 3.14.0
EconomyAPI 5.7.2 by onebone for API(s) 3.0.0
WorldProtect 2.3.8 by aliuly for API(s) 3.0.0
Shield 1.0.0 by JavierLeon9966 for API(s) 3.7.0
AutoInv 0.0.10 by JackNoordhuis for API(s) 3.0.0
NoTP 1.0.7 by awzaw for API(s) 3.0.0
VanillaEnchantments 4.0.0 by TheAz928 for API(s) 3.0.0, 3.1.0
FormAPI 1.3.0 by jojoe77777 for API(s) 3.2.0
Trident 1.0.0 by brokiem for API(s) 3.15.0
BlocksConverter 2.1.1 by matcracker for API(s) 3.0.0
KygekRanksUI 1.3.0 by Kygekraqmak for API(s) 3.0.0
TPAll 1.2 by matymare for API(s) 3.0.0
PointAPI 1.0.3 by onebone | Fixed and Update by LamPocketVN for API(s) 3.9.0
AuctionHouse 1.2.4 by Shock95x for API(s) 3.0.0
PM-Beacons 2.0.0 by jasonwynn10 for API(s) 3.0.0
MaxEnchants 1.2.1 by Xenophilicy for API(s) 3.0.0
DevTools 1.14.1 by PocketMine Team for API(s) 3.13.0
Sponges 1.0.0 by  for API(s) 3.0.0
CustomAlerts 2.1 by EvolSoft for API(s) 3.0.0
PiggyShopUI 2.1.1 by DaPigGuy for API(s) 3.2.0
PureChat 1.4.11 by 64FF00 for API(s) 3.0.0
EconomyLand 2.1.2 by onebone for API(s) 3.0.0
BangHoiUI 1 by JVN | JackVnKiller for API(s) 3.0.0
restart_in 1.0.0 by LetTIHL for API(s) 3.0.0
shopvip 1.0.0 by LetTIHL for API(s) 3.0.0
HealFeed 2 by JackPlugin for API(s) 3.0.0, 3.1.0, 3.0.7, 4.0.0
LoadWorlds 1.1 by shin for API(s) 3.0.0
CustomItem 1.0.0 by Phuongaz for API(s) 3.0.0
AntiToolBox 0.1 by NgLamVN for API(s) 3.19.0
cayphattai 2.0.0 by Lettihl for API(s) 3.0.0
CmdSnooper 1.0.0 by HotshotHD for API(s) 3.0.0
TempBanUI 2.3 by SonsaYT for API(s) 3.0.0, 4.0.0
essentialsTP 1.2.2 by  for API(s) 3.0.0
CustomTags 0.0.1 by DaRealAqua for API(s) 3.0.0
BuydetuUI 1 by FurryJaki1992 for API(s) 3.0.0
OreGenerator 2.0.0 by vividmemory, LetTIHL for API(s) 3.0.0
BuyFix 1 by FPVGAMER for API(s) 3.0.0, 3.7.1, 3.8.1, 3.9.3, 4.0.0
NganHang 1 by GreenJajot for API(s) 3.0.0
KitUI 1.3.6 by Infernus101 for API(s) 3.4.0
AutoSellUI 3.0.0 by LetTIHL for API(s) 3.8.2
PiggyCrates 2.0.9 by DaPigGuy for API(s) 3.2.0
WarpGUI 1.0.0 by RockPanther for API(s) 3.0.0
PickaxeFunction 1.0.0 by LetTIHL for API(s) 3.0.0
Kho 6 by ItzFabb for API(s) 3.0.0
luyendan 1.0.0 by LetTIHL for API(s) 3.0.0
Joinkit 1.0.0 by LetTIHL for API(s) 3.0.0
Item 1.0.0 by LetTIHL for API(s) 3.0.0
RPG 1.0.0 by LetTIHL for API(s) 3.0.0
giftcode 1.0.0 by LetTIHL for API(s) 3.0.0
Buyrank 1.0.0 by LetTIHL for API(s) 3.0.0
PHP-Sell 1.2.7 by Muqsit for API(s) 3.0.0-ALPHA9, 3.0.0-ALPHA10, 3.0.0-ALPHA11, 3.0.0-ALPHA12, 3.0.0
BetterVoting 1.6 by Twisted for API(s) 3.0.0
ShopMob 1.0.0 by LetTIHL for API(s) 3.0.0
AutoClearLagg 3.1.0 by Twisted for API(s) 3.0.0
freeze 2.1.0 by Bavfalcon9 for API(s) 3.0.0
MuaPoint 0.1.lpk by LamPocketVN for API(s) 3.9.0
ScoreHud 3.0.0 by JackMD for API(s) 3.0.0
PureEntitiesX 0.7.0 by milk0417, RevivalPMMP for API(s) 3.19.0
VanishV2 1.16 by superbobby for API(s) 3.0.0
MenuUI 1.0.0 by LetTIHL for API(s) 3.0.0
Rewards 3.0 by Wertzui123 for API(s) 3.0.0
gem 1.0.0 by LetTIHL for API(s) 3.0.0
UpGrade 1.0.0 by LetTIHL for API(s) 3.0.0
MuteTime 1.0.0 by LetTIHL for API(s) 3.0.0
SlapperRotation 1.2.1 by jojoe77777 for API(s) 3.0.0
QuestPlugin 3.1 by HmmHmmmmm for API(s) 3.11.0
PrisonMine 1.0.0 by LetTIHL for API(s) 3.0.0
TrashGUI 0.0.1 by Phuongaz for API(s) 3.0.0
AcidIsland 3.2.9 by GODSMineVn for API(s) 3.0.0
capdao 1.0.0 by Nguyễn Công Danh (NCD) for API(s) 3.0.0
SellExp 3.0.0 by EzMinh, LetTIHL for API(s) 3.0.0
luckyblock 1.0.0 by LetTIHL for API(s) 3.0.0
help 1.0.0 by LetTIHL for API(s) 3.0.0
thoikhong 1.0.0 by  for API(s) 3.0.0
level 2.0.0 by LetTIHL for API(s) 3.0.0
NapThe 1 by phuongaz for API(s) 3.0.0
SizePlayer 1.0.3 by  for API(s) 3.0.0
detu 4.0.0 by CLADevs || GreenJajot for API(s) 3.0.0

----------------------REPORT THE DATA BELOW THIS LINE-----------------------

===BEGIN CRASH DUMP===
eNrtffl33DaS8L+Clf028q76IPvWPOdZ0WEp0dFrtY+dMM8PJMFuRrzCo6X2TP73rQJAEqBkqVvu
+Pt+SCYZNYtAoapQqAsg+a8dL05Dmn9esjTz42hnv7+3k/sh29k3hqY5GA3G/V67Ox53h4O9nSIR
t/rtsTnuDyeTiTEc9ybDvZ2AZvlxmsbpzv6/dvJVAo12+PXxncOgF2De2wlZltE53nofuczzI+YS
H37d7ZPLYkY/XEIbrwiCEz/ARsmCpvudzuF+530G1HUO3NCP/CxPaR6nnSOW3eRx0rm4PjjrJEEx
96Osc308+3A2/bw02702du9kqdO5OJwef7jsXLP8g58AOMFh5BBr94M+ARAMYpkYIKGUOvD7150X
XbI+jl3o+2qfJLFzw3LghVlWkftBZlnv8c/+PtMkdkojN2Dprh/lbM5SMt4jwLwfzX81e7+Rr4iw
ajOe/Ea2LcE9UtKCUiA0Tenq195vr0A4L4xNBGEOQQ4CZFkC1vox952bXY7LJEmInfC/WlqdzFkw
twCRdGY0uynFY/RGCrIZIMG7rR/j6F0RVcIzOOLeOoivy6tdYzRpzFfVEkaqaWj9mN4bqv/wUEJI
nSn/c0EjWA/p7nDQf3yciqTWjyH1o9kiZdQ9ZTTNbUbzxsiDh0e+Ziks8l2zN24yJWiyLI0oMR/V
wFljkOHjgxgDszGIuKPO8uhRFMZk8hiKaRo7YE7iVOAaP45rMB5+BVeWgxAFjsnDOKb85wX83DXv
rd8SzefPThzBwiqcfDe2f2dOTn6iGTsEu5idx9Rl6R6R8AeW/wXM6Xk8n2MruXx7w9/I4T5YBly4
lqWtXMuSSxd6wtq1rKpXv79BL7leLUus3+6T7PfMJvuZkK9AYAgEuwa2StkfhZ+yXUnYxNjIGtWD
ti6mtRHRyXq189ufeztsK17nW9wBECE6fvajZRwsWciiHLC5wL+T75R3ASLwAsSJXYY0G2MTwFYu
/kcI3DLGPQ1URBnLd1/SIPj1ZURD9turf/BWfa3Vy3zhZ7gyQgY6zfKDIOB9ZONB1ZiQPzlkqEA4
YKQAfG/3P/ysOe4r8i/ecrwWfZPmkJNuY8iJoQBeZjl5TRQ0v1o7TpGmIMrW0k+snd842onZRNJT
kfiAg90lAYh319rZg38RsaBo0m92VaXy0qU5M6A76GMeoxx3X/q/diU3EyEuQmRDU2uIEBhu1Qpb
rrXzSnYZ6V160IXa2a7s35IjysalTF8uWJCgIHiXznjY73ZFi1Ke/E4fmoA9XlKYZezBsZjdbjUk
vyzlC9Mpe/34Gsw3TOOff4cwf4cwf4cwf4cwf4cw/69DmL2dOYtYSgOMB9DzgdHW+gJhNsxDnaHv
9NrGpG0gvPADF2KQcQ+Scz/77LLlzr5Hg4xB0JHGeezEgLbfg4x17mNIQkeO2x0b3a7ZpZ4x8Oye
O5oY5sgZjRxvMBp2xwPH7TsO4C4kLR/BNse3GbmckaPj619mV9PWLyfGh09vfyLDdo9wEshk2O2S
3bKp0CgCDsgk70xynYOJoalLjl0fncIrcnBxNOxjYAS5+P7OCIysiex8YZHL2ZPXcPtznCENZ5eX
MwDwi1s/4hFUmMQwB58D305p6rMM5UfdBfCcss7vWRy1oI0MxYy20TbfeI7pjYaT0cTr0n6fDryB
7ZjUtIF4tzsamh7rstGYjQC9S4EDIDsOOw7EJDZ1blrgbX0XJxoQFtFNFN9Gb+RfJLaeWNuPaLri
CwOadmFso/emS23GemO3z8zx0BiahmcOTWc0oSbtucPJxB1TIM3r66geHNxod9u9N8P+aDzqQ5/h
0HYoHbHBeDww+yaDOTR7jjlgY2cwoGYDIS7ngC9nSZv5ZjIajCbmuG/2hwOzN+nZxmhMe6AN3VHP
MHqA25lMDMPWMQXxnGMw28abca9rg0RNx5sMmTfq9mBkZHjY73VNz4T/6xkO7U/uYWglOXcEpaB6
b1h/NGKON2SOafQ91+33jQGjhkt7cDFxRz3bA2kxqqMKab6Q1AzfwKCDkWOPHXB+dDIeTIajkd2f
DOloPHbtiWl67sDxnJ6OIrLzkp/xm4k3NoFgd+TBnDjuhA6GQ9bv28Oe0/eMMR0NByPKxg3h1j9b
YVIt1DcbrDoFWUpvQLeFXIAm483EcVh/MLbHtueyHuu7nmuDrJ3hYOI5I3vkMXNoD5yGBmVRHH9h
UryDN6OuPWCjSW9Eu8PxaOy6YBFpD/IQh9mjoTsYmpOxZzpuA0kScAx90Jah3R3bQPjY6VOPGiOj
N3Em1LBhYgy7D7z0DJcZQ2Pnzyox4mvzhKZhphg5cb23U9s10OtWBOuWBmAu4Q4t8kWcZhikHlmF
weigIDOr6HYZjdBw0sTHez1YDl1o3ud/Ac4iagcMTAk4M7CELkvAsCAauJfFXn6kAjAYgbEXoWVx
iuQfTPBglaAxvrqefbx6d34EoFtmZ36O1GMIfUIdtGcZOHKNrxqqcwdmrauzNWP5gqXM/XyPnY3Y
2DmIcv86oSGOWfOkUIJc8Qv00+vwdlDk8aepwpYE6BwZ7QZDP4Otujj6Nm5qBgQ2CAL42CLIeIr4
RZ4nGfhocHiLwm6DD+gINB3JATA3g6ztEJwDGHiWKjzq8IZqts3G3C3YEfPtuMGs+VxmtcGbvF7P
Dt7N3k/vTdOV52EAr/BQQlTqTXQYOvU0WPpRt2dMtjVXFULLAhIWQEL1Yx19O4uW14wpfEhAcxIa
+vZTAEbqNE79L6Dn22JFQ2pZghLLEkHwOsyc+m45larF08BNxkY6Y6d+CPFCqrE0fD5LEp1lqTSs
uaBE1zawAKz9FNAvfnQSrBS+apjO1LjJlO+fBDT0/Qh7sG1Nl47VsipylJ/rzNq0SNmU6U6qhums
gSNsQeyoszfsn5xAHPyfBAwu5klnkQfZQb7aFqOfxQCQ5ZZUKT+fYRd5X1nxqPHgJGNQz9JZHAeq
MDSwLg+wMC2b5bRhIw+/MGcxvThiS+zwwb/zbw7/uS1xOIg8CSHpATnYgrYcaYN51yndVDAK2R0N
FcjmY5wG2qqWAFUevfvrOSvSJY1YfhunN9sSAMdpWbecAMuqCFmLXRmZtTmSNlDWeSEQIZMpW63i
Of2YpwvMGytedXgzFhjqLMvGFxELirttx2sSOZBhrGfG+Ar35/PVYZHlcXgcOeCacm2tP3BX96L9
pvs5otDpbaGvcIj5n81WiRAW9n1qHgQ+Q73LQToPoOvw9Z8CRodmuRYdqVB96ge6VI6XcXANDG7N
H9cDw9LWqHgkPCoZv729bTOgCLG38xvhxMDBX0d+ovOnQPXVbDajJz3s2Nu55kFbviS7b8qfWFA6
XKR+1pqmENnBHfxbZOcfXmlyMTcO9i9W0yDOd74aryh8bBK0XEW4ozXjBzzqaLIGNnIZXSD/ZC6W
IY3htua8QghRZEXDszOACltHYQh4vg5ooitBCdG5HfJym8Lv7/HvMRvhP/rS732DNRcjP5vHmqRO
yQRweFEEuc89g8KkAmws5PZaDhyP6ayKPCtufPh9QwPfv8n+ErceIqXcL4FcVKq/xaUriFBCkDjf
RqojKCG68Tf/WiMnB8XKdjn684zbZXyUxonCjgQ8kUmdRZSu6NbYkegsS4y+vo/+hbEEMi4W5XGq
Jhk6vMGMzsovi5i+hYwgmst6yDYY0pBalkbO+twxR2GJOTofOhcXzjmz9fkYgxl6rnpxbJbF0Ds5
C5bl6xMtjy0oRrI8x6Cuj4ZHELuZZHZ8cLG1JaLttq5Feez4NLhOVEWqYTr999ToMKUeRBlm1xjC
f6NtR7BO6GJtlpv8w9C9Fr/X4eqSVw35db3IK1gzMWuo1UcITr4UvmH2tjUtNUZY7SUZz3ZjNbZO
zZMoEMGEZIsT/06vElVQlXFgp8G45qb7z+c2LP4A4i3Lj5YOjuz5d5tEWcdOHMXh6mB6pnChAFUm
Bu1R0+vEEbPhv21NnUQHZkFQADgtS6PmSYa4HwWTmONZp0ZWXIIbhqI9btYi/SJYba8QidhkWpwI
CtYppz6gixeFn3o+C1x1Z6c8I5KnDPedMBHpaNyi3VlgL9XoCMATPvhnuvRZes7iaDIZ6qH06AmB
VHXfR8vpKnqwo5yo8u+6uwKw5BrbAgi5t/ge2Bi4jOPUXRT+1kLF3wFpVCK1LBguhmUp9gsEUU/b
0ng21WKl2fSp0iy9/UJvt6atiMyyojhPnm0yBUHAzAca+UFAZS6Pe99qWPvQXZXV/n2FnC3YwZeJ
OX7A9/W4w3wm10tBCji+OGXP4Likq/MQT7gzF6ehbmJLSHNHrrtWXmd+g45WGC1LElH9WEdBZ6nv
8kMM9S6VhDxhTOw0vvFZqOeng+czIvFZlhzfsqYXNSlP8sGrEtlhDDFzmt+vuyh3mmFZI4AJaQ6O
F8xxuq01WGOUxZOamE1c+y+rObt5R6Ob7L2qeRr4CfXjbVP6R0i3ViRWUELWotCyfvw/mx4E6vEk
cd2IM+9N0iqkKdviFHF8lpUnNAg2KPmCR8h1U1CBmguo92CsRf5NILpkLgHvSt4neJCW2CtyTkNx
TOvDpcbkZAvRWIIU8lhMofWJneCDgu/vn8ZFxjT/rICbqUFfZ/h6AQxNBnffeBhBix/VAF2pdcmR
0Gdz+hZIHzpujdqnZ/ei9ROjeG5Rnd8a2NwEb1p7msXR7SqKjO72QpIKpWXZnAwwKhU5T3J0Qe8e
2JpQoU/kd59YFCcLP/CdrUXUCkpceHf1foRO15PMHbFlc0+xAjU2k/pNvuozkWTGaLi1smtJAJ4t
XTY2DNdME2rSOhUOTAKSOJozldkS8rjn3loFbrkaDCC6F4OubzLFhtBBAA5QJV4DN3z0X1saVUeG
kFGn43lFUr7zBfYu0Vy1Cn0iCnlw58/8NlvJ69ISsvPVPUFBn3bxzXuAAk2nPAVxuKB54xAEBzXP
QBjGQwcgNpp25YTFfelw2spTbDt7jaN1n9jSB0cxPW5VTb5yVgKJr39t4aQER1NXc871I1gqtKlG
W6jnqEqzQW0n4EeydNqejtppND+NfW2V1LBHqtc/f7iEwAmz/g/RL5CifWu0riRwOvtlbQMLw+ta
uJTxZyY+Y0/lbEMFfCKzOmf57Oz0fFvmTQ68PvkQPSVLX93iKSHfl3A56vqEnzIanDCmrpUKpC2U
+7Ujsfq+WofYq87c9L/1wOlUPkq0LlOYIN47FKQAG4FN41jQ4gGmnkl8Peb6lSQ0c06yjNp5nNS+
/yxn4T3Pz4FPKNh0UUCwQb9s1/PjyOvPB56Fxhjsp1jdKFCheq2yMSOXc8jsGjndt5zokfggt6kp
WLeqoHigkixg0KGrBPxPTn2FPwX4RNIDRiD3F8HWtuuTDSyXss+lqJe6+fWoep3GOdic/HRrB8yf
vwc3Y2ECjlBzjDXs0Z3Ra4hU6P/Otr2fKNFaVkXGBtvSWcZAPWmQadVwDdzMO82/ImlRR4TIRR9/
zcxlRuf38xYOfHyHEALtd+CNDv4o6Lb0y6UpYKSAcb25cP3MiVO3HTCskNM2K8Rx3JXL8kIPwirY
I0HYSZGmq5/pjY9Pom6LJw0pnsqhs+JysZm+XaXsLX/qMY9VS6CBnzBjS3/puyEL43S1R7Yc2Kh0
WJb8uVZBCqZF36CWgMcmafrh7cHF8bsHY5sR11Fx8mOPVxd732onBEXrz9XlnOJz/HN1l6wEPcLW
25Sx6Gf6e7y1MkCNcYPTRH6uF+P5dbMKP2wehfJYGhWZ0TU02vvfUoypUFoWJ2KDgKbI42sWBBoj
CrB58nyNoH/8/MeUJLpND13jArp/2FpAmyt98peUWh46O/31g9ecMu3i2w9aczS8yPKRpslbbT5L
yBMR0LsYEhQgfbG93S9EaVk4/iZz6tzQO3ZSRLzwos2rfuf7ZqSJGH0D+7BQH93EK5Xgpl3Iv5xQ
2352sebebshXrYUYCE9mbHJ0MihWgIqq01GBvu88lMOuT/vPsR/daM+alJDvS/mNv4F3aeTJ62TI
WybX3yg1fjd9q5CLV995eS430Oa57+Xle7IkxRXo+5JdDrs+7RBjpTS60eNADvnOpUUYcgOrfjpt
YUyhmvMS1Mz+GmeiLvipyCbZrYPz6enBRFbn5KXRbVwbjWuzvH52JgwEn/Jq99rzxfKcpR/i3Nfi
XA3ceCKkcVDq1s9y5m5r3iQ63DmuKdCv1jr+DO7jIra1c4gC8v0LxZvFu4cBo+k5nc8bIW8N16Pe
e4e3tzwheTkheMbQQSICIEKcNFRp2vggm8B7kK2CIrw47Oj4QBgeJD1fVBsoAU+cXf+JLj0aQOix
tef7a4yWJWhYf0YvCsoPsmiPIElQoxjbDpKbhi4+86CNHnlVB2keS23qkXhdg/epf6214vDtQ6eF
dvS3BD2Rp/01r84oR9/ACxQpO45yP/dZ9qmxC1zD9WkbNZkJ/eCm2zfQS7xjS39Jg+nFxXRrRfVU
4EzCEOxKUmBhQBAmdnlLMjc+yaHQ2tH5ladrs8UHs3GkloMamzzD5sPfCUvt2LZX23v0u8RoWSUR
9a+11iSL9IqiBHxfzxDCoBvEr+yWpto+WwlprK3v+ciLJGEbD7xIVLxEMNdSi/l3zyzmmyQW75O3
KdVC9RLyfYkukk2cUt582rkCfedFUOQbOFP5cO+7OKeN2kvzzhMnBb9y1v1bAm+dgPV5+p+CZbnc
4q/5UaGNcK+xLxiG8C/8ozuYpx5QqB72fvS9YOECMVvWHwV/aJIT9YxlXtLYUblCd5v6WRxd8JdJ
1762Bn7nDJ0PLN6MufbxcKxo6dXMCvTEjtu2zwt8jOMAH1AQo8tfa+Ucju+eZYF+jksBNt8H0ShR
v706usbZ+hBt8+y0PFcaR0w9Dihe/wDTI14DsQZzDk1cGmuHBTjgCdW6nBcrfO2eM4jIIb52z+tH
c3JEowXZvTw8erWtScNxWHQIioC4LeucLVlQyf1pewjZ/vGdehqqhDwRcB9/gSlbbH3zUKC1rONP
003Lt87NysbnT7QCbgX83iXccuD1OcBXkSu088vvSzUOuT69QIV/s4i1mk8N+y6ntKvhNtATXB+q
ivDrp0/9bNdPgBPz5xt4iUuazBbaE+sC8MgWcrJl71Disywxdvl3LSvjf2HTgK70l8XUwMefJdpW
fIXjneN4kNhXv9chH8+KKITzyyee/Tw8P8C3pZB//5tsfy9fIgf18aMNIkV8oyxNgYecNZ8KKd+y
zYM5/gLqdpLiaS5eCNjfeTGtrgj4Gs+fE/zqh5Va0YtrmpMLuiKmSQxzvzfZ7/XIf3dHxOyaBjYI
49x9fXF1TuqIAMFimFYSp/lrY2L0TATeLoDYVuBn+esuXtMoiovIwefGcbJa1Fn4THwjJHsNnCMe
fOFLSz6qDtIQHUN6J/tkr80BQuYUz7u4TNz34hSwVrDY8xAKEnCx5FNeJ8tEjuL6nuc7RZCvXnNC
5+UJl1aGJwKjefYawdyatFBPXge8vlDBMsZcpQl+b+X10fHJwfvzGUKFGrQgTE5XckgJSiGoKenB
3+2EZtltnLqv/4v/A0Iq8riV0SWTHZc+u225IEMKkns9RtCdHd+1UD1lE5iEeUHn7DUD2wnX2guL
26sQX1j8gqBaEYdPd5HypITPOgHhEU13QAsImIKMkVIahKaM5AtGIP7K4AfoiIOTmRObET9ygsLl
X64g97QNcV3HIfT0EEETZ0Y9tkdi3MPPECWxU0ZvyCouUomL+B6BSfU9n48A84lfkglWiPiS3Vbo
Oi7zKMxoRm7j6IecYDZDU4LSDIFZfHn4CinEj8MIvm8XLCJFMofcHBC0rQi1WCDbtyJCXnxc8Jdu
kDyGUSKXAAr5Zn6QQUojUP4ciOK3OakQIVBADPIMWM7l5bKl7zCy4B+WQEiImIW6lrO2T/hr6vFG
tihyN4YFID/Us0+sHfkGeSeIM+ZaO5yygyCIbwkuLCCm/FIHWfqU/A+qHLbhule+oGGfoD3iXY+5
Hso+/DlOXCIEZgyEgtjsFZGixPZSbavbCrEvPvogkDgCuVLXJeAFhfhRrPhNBxIymhUpX94EhG4z
JBqEw/4oaIBim/tLaLukQcHIrhwUDM0rxC5GhAXD0Ka0QOz4QYV9uM3HvixCG6QCWnWQrSIHv6pB
8H2SoEdt3uA9SIurdskpNlukkFIUMHvQPNsj/LUYRC5+WA97BF+lD4ygJ+CyAYOLsLCIQIOwiUB+
zacXeAItS+M7HzSMgRiAJa65UUUcylYSdOahrmIb1Mk94uc/gPjylHcDJ4Qfk0CVaXQmu8BDAevG
5GLhbLQkp/scVVNXKVeOtIginE4XDVSc8EngLwbN2gTcjfxNQn++gMWMueGeuvik4qBE0rRIcgEV
AkPBhECb5ItPLixK/oUBVywIuox9F8h+mALUEdS5GAQN2tVWFA0at0SjStPA/POjjWJRvgVLDNqD
zpQIOKyD0M9xbYdsTu1VDhIn10LUXS5cP0PcvPsMZ+3W55LnGgWL9rYlEJVKlnEOPR9IBIvE8MVW
iAZ3esohhZLDbBW4TMk8homKcZmiVuBAc05mi5O2T7rIBYzOTbB4y///9xxgdPIY/ehdv43+LI8T
ToI0nxVJEl1GwHygfwS7VxKEo5ZUGV2zLwnjRuAjXxWSvuyHLVDI1wUnCS0GkR/hgpXO7phTcOMb
C5LFikRnVbVmdw5ECVnNkTBcV7PjfTI7Pbsm52cXZzNyMJ2enx1fk+nxOwJx3i/H7/YINCKzK2h1
TD6eXp0fk+m7q8Pj6+t20wRo8jAHQymOKUv9mDtkNMQZMugsGDfJXBqVsTVA9hASuNy28CYtPJkn
zCxHBfEh8AkGGrQJ+f2asgklg4gPHWCEzeRgHLNAAqa3NuTCI/ExrtCHoJ/nHdr3W6MuyNAapi1h
DoYDQrJIrphX0bfiAdSLJVnNaq8rec1ePUyS5LwnOZ/T1IaV0XLiIBCxKDdAD0uXLzUkR/YishfY
7pBGBQ8+VEogMCtAB1/tlT6hqYSlGgr36nmAS/Ab1kuwTa6EzRcKD9FDXARuRYsPTuQ2IjX9mUCc
cPKB0WG3K3mF0U64sbjnJLnqCAwVb14ah6WzFb1li5aqmuoMIzdyJu/pBnlApTTtuC4DRpyyFEZC
NZSK7BZhIqIrEcIReaOFN8r5OsJGsgOnnZNZcgBX4OZhsdMHBAxOGxwfjLAEJcuygqFhyBcwa/My
2kSjhaPVVO2VEyliBBlUtgU12PSrcsI8x1kU0U1W0n5IE4T6YRGCj8UXFpIyF8CJJCIrElTUcsX1
IkXJV8x9HYNgO5EU8QFbGAUX4HT71YwdxeJWU6cxNkKrJ/CLxuUSErhkQ5UzHjm0HIqvW6zmBUjh
sQqEjyg9oE4EGAJLgq+hwUQD+wgOa+6gm5Sn4KccGRvX0S4KEE+QlHgfR/WYHlqRfGH5vnQREJot
4kCEmDbNIZPFSJyTnOGH9Yh0Mty2icxH3hWuxWZVsCnc2wt1lspbaFbTVY7I90jLUCaQTx4fuJWX
xEgXwK12HcfyFBVDSFdwjrkMD/SxMwAlWW1yCrEg6NJrHtyRw+n7PegLNNiwvm59F9SexwrCelb4
Wxz/PhmWYXcdkWdcOkrbNjlwwVAtaOB18HUyPE1wGeiwHAoGJVj3QAVTFmLt9hRkaipyfIdWDUNM
GrQJEvF+Gk3LYLtOADGXQKJwbxk7FkmUtOR1I7u5kKsu87+waj4xLC+nEZ/HKkMmCNuFeiiutT8x
RadXbTKVfQKaznkHKjNRqQt8RC+lc2QB5gTEliUBj1gwvQwpPjUOI6c4T4eBjxUTni/jh9lYlpOL
2XtOaQYsIdt2kRPMz/lU1sOJ5KJd2powL1rYa59Ti1ruMruY75cJy4/EwERFhmsLWKr8PpHpaSYS
atTkKIuF45LaYCAyYZwEtsNFDAksamCZp7AyE+UWzKU5JRldlpYSKyBlnQjvKSksEMbLayJgkfWI
32M/EskwLxP9QD7Z8R1qfUrOjsjup/dnR68Ivt1qATRA+1sw90kqXpsAioH5SwrJS7uOAEETYt6E
Cxs/xvTpp/MSv8xtFMgPfDAsFnGnCdEHJrncDXPe4rI6Il2IUsTxPD4s3PO9Veuu8F1FESnEKWDd
GM1Luwn8iw/blWkATyElpaA3TL6gKYqdwE8I7wtqg1U9h2IqGcbLMitHlyb9ALfFrfKeGDKrLWBZ
+FIrJDNe4hD6DqsIxCsmg7eVyl1kstTiwErOha2TfVqizz5JIEha+gEOI+y4tFFyFHRENJpXiUKE
3YKmP9wrW2kVswerUmKWD8K4wCXsCYcjVzSKUs4xOlg0UbweAXqIv7mHhM7vuL9UOnPGIybyX5sJ
ZDbzcAHyqiZ3cYtS4bmO82Kn5nkF+zhQxT4YIkKbpCbig5kwGgOn9hCV3YfJpClgAv0o1x0QW3bG
vxU1Pb6YsTrQKviLvjJFJ/mpTz4Qr+6qa/OID8Y3yzJugVCeLMWZJuIrgkRyR2Q1pfTgvI/GOuBr
EZO8IHPIw7JaPHXFppJQ+76IpG26pT5P1MBOQhYj5iaJkyIolVFeoCvjbaRF7HF7yCP8ViKtGDoT
NEzg7WTszKu1oka1L704ltR43ijAwgnK+cKjy1Wxw63lhvrewnP1DVC13HRwsoBw04uVGYFV1hIn
LaqWixhnhpPSxtOBbT/mFIMlW4WY92R4NCUDDrOadEzm5H1S3+cscCtG5/MUMmhRLZOlNVFBwI8o
3zT54/TBCr46usKPiLakzReuD43CLRPBNYWlc8tHzDjhNQMc1lbq2eBpK8kL1RSTc0+oMKHivlQm
cPL4IUzuqtQYkcNjVXQQdkeoJ0rpao/wT/HtEfy0D/fPeRWGgen1WAqhdgstUIT+T9wt3ZVwFlQr
hckNJ8W/FhBygivnVqw0FhIhn3lxvxzj3kwLXtWpzv2wttXSASNSbI8rAU0zziwaTByQ1/hkp7Ke
264HkHfUEUppPu7ipdkWsytWhVI6kTgAfS7lWRZJFhLILQZmOTJwlhYDa86Qm7g8cvS9ChGkH8CI
2GBAC1RWDoSNA3zSRJaejQY+zWRaApEkDZOgvMKYB2iUc7VfTpq4B3qLJax98isPVsB/7vGa1m+I
VHxAqHKT6sYHZwMDR3xjqKgalPtPvBzwkMfiDp176IwHyDzbxHdkAa3S3arki3E5DeInwR0r9ArC
e9Uj7pOT84PZvvmP0d5gcmfs9e56e+Y/jH+4GBDxdb6Lb3d20Li+HneFKRZX/cErEeWJPQY1WRcr
HH0LyFjW0njowYthMGvOiojvKxdpaZTLDCWtdie4xQE84KocvvuTlQJrlTsboAsinH1xwk0NH4q3
15AUPFIQkM8KpMVjSyXoi/m32gm7A8OXyeTOueFHUXkiAxKxfQjMVyKI4+2QXyAFUg/hRsSaEVxy
/BCMpJWt3tnbYXc5izJfvqqRv/dX+fSv7cgvuFYQ3FXCzwZrsDj87MY5GEMNijuRGqBIA/UaTYR6
7fkBfwNtDZmH2oeIF3hqTLn2YZUtVQB+Xphv9IuD76EttsjUJpn86rEKSxyd63fMk8UFrSc3+5kO
ggAlVCHX03P1MlxlfwT868nyFxngaTsT9xZICz/FPOj2uyP4+fIMlsTIceDfyZANRwNv6I5MNnC8
rmcOR15/zIzhyDGpbZs98hJw5/ENiyA80CS2onyHtXz05Au+jgpPvg/4S0W/iC/XVq3h8i7U5yRG
dsxut2cYJp6mmx5daaJy48+clSYQQL4+nWAuoizTGl77aBA+XWgyalAAl5hm62wB8Ba/OKABlW8U
49k/Az+zDQQvdOWsvfVnHoyp339GEflz8V1o+bwSiomjNORxQm7QXLv8BjHqcbpK8pgDxJHXuXtv
zn1NTbhseioIcryCm+95IZSxJOefGLNdTXl5qO7w55//B9MFzn4=
===END CRASH DUMP===
