PocketMine-MP Crash Dump Wed Jun 2 06:37:23 +07 2021

Error: Undefined index: NuTaVN
File: plugins/SETVIP_v2.3.phar/src/MCPEVN/SetVip
Line: 191
Type: ErrorException

THIS CRASH WAS CAUSED BY A PLUGIN
BAD PLUGIN: SETVIP v2.3

Code:
[182] 				  
[183] 				  unset($all[$name]);
[184] 				  $this->time->setAll($all);
[185] 			  }
[186] 			  
[187] 			  if(!isset($all[$name])) {
[188] 				  unset($all[$name]);
[189] 			  }
[190] 			  
[191] 			  $st = $all[$name]["current-vip"];
[192] 			  
[193] 			  $i = explode(",", $st);
[194] 			  
[195] 			  $date1 = strtotime($i[0]);
[196] 	    $date2 = strtotime(date("y-m-d"));
[197] 	    $date3 = abs($date2 - $date1);
[198] 		$help = $date3/86400;
[199] 		$date4 = intval($help);
[200] 	    
[201] 		if($date4 >= 1) {

Backtrace:
#0 plugins/SETVIP_v2.3.phar/src/MCPEVN/SetVip(191): pocketmine\utils\Utils::errorExceptionHandler(integer 8, string[23] Undefined index: NuTaVN, string[89] phar://C:/Users/Administrator/Desktop/MSAI/plugins/SETVIP_v2.3.phar/src/MCPEVN/S, integer 191, array[3])
#1 plugins/SETVIP_v2.3.phar/src/MCPEVN/SetVip(26): MCPEVN\SetVip->tick()
#2 pmsrc/src/pocketmine/scheduler/TaskHandler(137): MCPEVN\TickTask->onRun(integer 1)
#3 pmsrc/src/pocketmine/scheduler/TaskScheduler(179): pocketmine\scheduler\TaskHandler->run(integer 1)
#4 pmsrc/src/pocketmine/plugin/PluginManager(654): pocketmine\scheduler\TaskScheduler->mainThreadHeartbeat(integer 1)
#5 pmsrc/src/pocketmine/Server(2389): pocketmine\plugin\PluginManager->tickSchedulers(integer 1)
#6 pmsrc/src/pocketmine/Server(2152): pocketmine\Server->tick()
#7 pmsrc/src/pocketmine/Server(1992): pocketmine\Server->tickProcessor()
#8 pmsrc/src/pocketmine/Server(1586): pocketmine\Server->start()
#9 pmsrc/src/pocketmine/PocketMine(291): pocketmine\Server->__construct(object BaseClassLoader, object pocketmine\utils\MainLogger, string[36] C:\Users\Administrator\Desktop\MSAI\, string[44] C:\Users\Administrator\Desktop\MSAI\plugins\)
#10 pmsrc/src/pocketmine/PocketMine(321): pocketmine\server()
#11 pmsrc(11): require(string[91] phar://C:/Users/Administrator/Desktop/MSAI/PocketMine-MP.phar/src/pocketmine/Poc)

PocketMine-MP version: 3.19.1 [Protocol 431]
Git commit: a7cd0810020af15fb3d79127c77cf576085cd4cc
uname -a: Windows NT DESKTOP-KF1VXGB 6.3 build 9600 (Windows Server 2012 R2 Standard Edition) AMD64
PHP Version: 7.3.21
Zend version: 3.3.21
OS : WINNT, win
Composer libraries: 
- adhocore/json-comment 1.1.2@fc2f76979f0a44a5f5bc2a2b600d0762fe0e78e7
- daverandom/callback-validator unknown@unknown
- pocketmine/binaryutils 0.1.13@0abee38d4e2861621f262c79a2a3d699d8a697f4
- pocketmine/callback-validator 1.0.3@64787469766bcaa7e5885242e85c23c25e8c55a2
- pocketmine/classloader 0.1.2@9757928424652393b178a3760073113aa7c9911b
- pocketmine/log 0.2.1@830b44a2cf96ef703c550abe64302f230231ca49
- pocketmine/log-pthreads 0.1.3@e477ecf6ec214fdd4415ea1da3fdd9d73bf699ea
- pocketmine/math 0.2.6@43057cb8c179a9859677b496a788db922fd5cfc3
- pocketmine/nbt 0.2.18@9f82ca4d7f97fcd9a566e44b63c4f18a7657ae82
- pocketmine/pocketmine-mp 3.19.1@a7cd0810020af15fb3d79127c77cf576085cd4cc
- pocketmine/raklib 0.12.11@9cce458b8bfde3e4dfdbf70c659fc7b7fe26b5c4
- pocketmine/snooze 0.1.5@70b5e7937a06878dd321a3182ceb76d56298f2cd
- pocketmine/spl 0.4.2@6b08b7cf8c4afa17139c9a1b3bf1b408531de161

Loaded plugins:
Netherite 1.2.1 by Wertzui123 for API(s) 3.0.0
BlocksConverter 2.1.1 by matcracker for API(s) 3.0.0
SocialSpy 2.1.0 by Crafter20162017 for API(s) 3.0.0, 4.0.0
NoDrop 1.0.0 by Inaayat for API(s) 3.0.0
PurePerms 1.4.2-c2a by 64FF00 & ProjectInfinity for API(s) 3.0.0
InvSee 1.0.0 by BlockHorizons for API(s) 3.0.0
Sponges 1.0.0 by  for API(s) 3.0.0
Slapper 1.6.1 by jojoe77777 for API(s) 3.13.0
Broadcaster 1.5 by EvolSoft for API(s) 3.0.0
DevTools 1.14.1 by PocketMine Team for API(s) 3.13.0
ec 1 by McLebt for API(s) 3.8.1
FormAPI 1.3.0 by jojoe77777 for API(s) 3.2.0
Worlds 3.0.7 by survanetwork for API(s) 3.0.0
TimeCommander 1.0.2 by TheDeibo for API(s) 3.0.2
EconomyAPI 5.7.2 by onebone for API(s) 3.0.0
CustomAlerts 2.1 by EvolSoft for API(s) 3.0.0
reyyogaWtrhit 1.1.6 by reyyogaMnelux for API(s) 3.0.0, 4.0.0
BlazinFly 1.8.7 by iiFlamiinBlaze for API(s) 3.0.0
TPAll 1.2 by matymare for API(s) 3.0.0
BuilderTools 1.2.0-beta2 by CzechPMDevs, VixikCZ for API(s) 3.0.0
PiggyCustomEnchants 2.4.0 by DaPigGuy for API(s) 3.19.0
PM-Beacons 2.0.0 by jasonwynn10 for API(s) 3.0.0
FactionsPro 1.3.20 by Tethered_ for API(s) 3.0.0
KeepInventory 1.0 by KhoaGamingPro for API(s) 3.0.0
InvCrashFix 0.0.1 by  for API(s) 3.14.0
EconomyLand 2.1.2 by onebone for API(s) 3.0.0
MultiWorld 1.5.2 by CzechPMDevs, VixikCZ, fuyutsuki, kaliiks for API(s) 3.0.0
AutoInv 0.0.10 by JackNoordhuis for API(s) 3.0.0
AutoXP 1.1.0 by JackMD for API(s) 3.0.0
VanillaEnchantments 4.0.0 by TheAz928 for API(s) 3.0.0, 3.1.0
MSpawns 2.2 by EvolSoft for API(s) 3.0.0
NoTP 1.0.7 by awzaw for API(s) 3.0.0
SETVIP 2.3 by MCPEVN TEAM for API(s) 3.0.0
Farms 1.0-non-alpha by Dấu Tên for API(s) 3.0.0, 4.0.0
HideCommands 1.0.7 by Himbeer for API(s) 3.6.0
PointAPI 1.0.3 by onebone | Fixed and Update by LamPocketVN for API(s) 3.9.0
WorldProtect 2.3.8 by aliuly for API(s) 3.0.0
Trident 1.0.0 by brokiem for API(s) 3.15.0
BlockSniper 3.2.3 by BlockHorizons, Sandertv (@Sandertv), Chris-Prime (@PrimusLV) for API(s) 3.2.0
AuctionHouse 1.2.4 by Shock95x for API(s) 3.0.0
MaxEnchants 1.2.1 by Xenophilicy for API(s) 3.0.0
OffHand 2.0.3 by alvin0319 for API(s) 3.0.0
BangHoiUI 1 by JVN | JackVnKiller for API(s) 3.0.0
KygekRanksUI 1.3.0 by Kygekraqmak for API(s) 3.0.0
OnlineTime 1.3 by Zedstar16 for API(s) 3.0.0
PureChat 1.4.11 by 64FF00 for API(s) 3.0.0
PiggyShopUI 2.1.1 by DaPigGuy for API(s) 3.2.0
Shield 1.0.0 by JavierLeon9966 for API(s) 3.7.0
CustomItem 1.0.0 by Phuongaz for API(s) 3.0.0
help 1.0.0 by LetTIHL for API(s) 3.0.0
PrisonMine 1.0.0 by LetTIHL for API(s) 3.0.0
PureEntitiesX 0.7.0 by milk0417, RevivalPMMP for API(s) 3.19.0
SlapperRotation 1.2.1 by jojoe77777 for API(s) 3.0.0
CmdSnooper 1.0.0 by HotshotHD for API(s) 3.0.0
PickaxeFunction 1.0.0 by LetTIHL for API(s) 3.0.0
QuestPlugin 3.1 by HmmHmmmmm for API(s) 3.11.0
MuteTime 1.0.0 by LetTIHL for API(s) 3.0.0
capdao 1.0.0 by Nguyễn Công Danh (NCD) for API(s) 3.0.0
WarpGUI 1.0.0 by RockPanther for API(s) 3.0.0
SellExp 3.0.0 by EzMinh, LetTIHL for API(s) 3.0.0
gem 1.0.0 by LetTIHL for API(s) 3.0.0
freeze 2.1.0 by Bavfalcon9 for API(s) 3.0.0
cayphattai 2.0.0 by Lettihl for API(s) 3.0.0
essentialsTP 1.2.2 by  for API(s) 3.0.0
AcidIsland 3.2.9 by GODSMineVn for API(s) 3.0.0
OreGenerator 2.0.0 by vividmemory, LetTIHL for API(s) 3.0.0
shopvip 1.0.0 by LetTIHL for API(s) 3.0.0
TrashGUI 0.0.1 by Phuongaz for API(s) 3.0.0
luyendan 1.0.0 by LetTIHL for API(s) 3.0.0
ScoreHud 3.0.0 by JackMD for API(s) 3.0.0
BetterVoting 1.6 by Twisted for API(s) 3.0.0
detu 4.0.0 by CLADevs || GreenJajot for API(s) 3.0.0
AutoSellUI 3.0.0 by LetTIHL for API(s) 3.8.2
AntiToolBox 0.1 by NgLamVN for API(s) 3.19.0
CustomTags 0.0.1 by DaRealAqua for API(s) 3.0.0
Buyrank 1.0.0 by LetTIHL for API(s) 3.0.0
luckyblock 1.0.0 by LetTIHL for API(s) 3.0.0
PHP-Sell 1.2.7 by Muqsit for API(s) 3.0.0-ALPHA9, 3.0.0-ALPHA10, 3.0.0-ALPHA11, 3.0.0-ALPHA12, 3.0.0
Joinkit 1.0.0 by LetTIHL for API(s) 3.0.0
RPG 1.0.0 by LetTIHL for API(s) 3.0.0
Item 1.0.0 by LetTIHL for API(s) 3.0.0
restart_in 1.0.0 by LetTIHL for API(s) 3.0.0
BuydetuUI 1 by FurryJaki1992 for API(s) 3.0.0
SizePlayer 1.0.3 by  for API(s) 3.0.0
BuyFix 1 by FPVGAMER for API(s) 3.0.0, 3.7.1, 3.8.1, 3.9.3, 4.0.0
TempBanUI 2.3 by SonsaYT for API(s) 3.0.0, 4.0.0
MenuUI 1.0.0 by LetTIHL for API(s) 3.0.0
NapThe 1 by phuongaz for API(s) 3.0.0
UpGrade 1.0.0 by LetTIHL for API(s) 3.0.0
KitUI 1.3.6 by Infernus101 for API(s) 3.4.0
giftcode 1.0.0 by LetTIHL for API(s) 3.0.0
ShopMob 1.0.0 by LetTIHL for API(s) 3.0.0
VanishV2 1.16 by superbobby for API(s) 3.0.0
Rewards 3.0 by Wertzui123 for API(s) 3.0.0
PiggyCrates 2.0.9 by DaPigGuy for API(s) 3.2.0
NganHang 1 by GreenJajot for API(s) 3.0.0
MuaPoint 0.1.lpk by LamPocketVN for API(s) 3.9.0
AutoClearLagg 3.1.0 by Twisted for API(s) 3.0.0
HealFeed 2 by JackPlugin for API(s) 3.0.0, 3.1.0, 3.0.7, 4.0.0
Kho 6 by ItzFabb for API(s) 3.0.0
thoikhong 1.0.0 by  for API(s) 3.0.0
level 2.0.0 by LetTIHL for API(s) 3.0.0
LoadWorlds 1.1 by shin for API(s) 3.0.0

----------------------REPORT THE DATA BELOW THIS LINE-----------------------

===BEGIN CRASH DUMP===
eNrtPWt327aSfwWr5GydXUsWqbfvSU8c24nd2o5urDz2lj05IAlKrPkqH7KV2/73nQFAEqAdW7LV
7H5ob3stDoHBzGAwL4Dkv1tenIY0/7JkaebHUWu/v9vK/ZC19o2haQ4m3WG/1+mOxsYAbhSJuDXo
jLpds29OJkPTGIzN3VZAs/w4TeO0tf/vVr5KoFGLXx/fOAx6AebdVsiyjM7x1ofIZZ4fMZf48Otm
n1wUM/rxAtp4RRC88QNslCxour+3d7i/9yED6vYO3NCP/CxPaR6ne0csu8rjZO/88uB0LwmKuR9l
e5fHs4+n0y9Ls9PrYPe9LHX2zg+nxx8v9i5Z/tFPAJzgMHKItftBnwAIBrFMDJBQSh34/UvrWZes
j2MH+r7YJ0nsXLEceGGWVeR+kFnWB/yzv880iZ3QyA1YuuNHOZuzlIx3CTDvR/NfzN6v5BsirNqM
J7+SbUtwl5S0oBQITVO6+qX36wsQzjNjE0GYQ5CDAFmWgLV/zH3naofjMkkSYif8r5bWXuYsmFuA
SPZmNLsqxWP0RgqyGSDBu+0f4+h9EVXCMzji3jqIL8urHWM0acxX1RJGqmlo/5jeGqp/91BCSHtT
/uecRrAe0p3hoH//OBVJ7R9D6kezRcqoe8JomtuM5o2RB3ePfMlSWOQ7Zm/cZErQZFkaUWI+qoGz
xiDD+wcxBmZjEHFHneXRvSiMyeQ+FNM0dsCcxKnANb4f12A8/AauLAchChyTu3FM+c9z+Llj3lq/
JZovX5w4goVVOPlObP/GnJy8phk7BLuYncXUZekukfA7lv85zOlZPJ9jK7l8e8NfyeE+WAZcuJal
rVzLkksXesLatayqV7+/QS+5Xi1LrN/ug+z3zCb7mZCvQGAIBDsGtkrZ74Wfsh1J2MTYyBrVg7bP
p7UR0cl60fr1z90W24rXeYo7ACJExy9+tIyDJQtZlAM2F/h38lZ5FyACL0Cc2GVIszE2AWzl4n+E
wC1j3NNARZSxfOc5DYJfnkc0ZL+++Adv1ddaPc8XfoYrI2Sg0yw/CALeRzYeVI0J+ZNDhgqEA0YK
wPd2/sPPmuO+IP/mLcdr0TdpDjnpNoacGArgeZaTl0RB84vVcoo0BVG2l35itX7laCdmE0lPReID
DnaTBCDeHau1C/8iYkHRpN/sqkrluUtzZkB30Mc8RjnuPPd/6UpuJkJchMiGptYQITDcqh22Xav1
QnYZ6V160IXa2Y7s35YjysalTJ8vWJCgIHiXvfGw3+2KFqU8+Z0+NAF7vKQwy9iDYzG73WpIflnK
F6ZT9vrxJZhvmMY//w5h/g5h/g5h/g5h/g5h/q9DmN3WnEUspQHGA+j5wGhrfYEwG+ahztBbvY4x
6RgIL/zAhRhk3Bvstvzsi8uWrX2PBhmDoCON89iJAW2/Bxnr3MeQhI4ctzs2IHnvUs8YeHbPHU0M
c+SMRo43GA2744Hj9h0HcBeSlk9gm+PrjFzMyNHx5c+zd9P2z2+Mj5/fvibDTo9wEshk2O2SnbKp
0CgCDsgk701ymYOJoalLjl0fncILcnB+NOxjYAS5+H5rBEbWRHa+ssjl7MlruP0lzpCG04uLGQD4
xbUf8QgqTGKYgy+Bb6c09VmG8qPuAnhO2d5vWRy1oY0MxYyO0TFfeY7pjYaT0cTr0n6fDryB7ZjU
tIF4tzsamh7rstGYjQC9S4EDIDsO9xyISWzqXLXB2/ouTjQgLKKrKL6OXsm/SGw9sbYf0XTFFwY0
7cLYRu9Vl9qM9cZun5njoTE0Dc8cms5oQk3ac4eTiTumQJrX11HdObjR6XZ6r4b90XjUhz7Doe1Q
OmKD8Xhg9k0Gc2j2HHPAxs5gQM0GQlzOAV/Okjbz1WQ0GE3Mcd/sDwdmb9KzjdGY9kAbuqOeYfQA
tzOZGIatYwriOcdgdoxX417XBomajjcZMm/U7cHIyPCw3+uangn/1zMc2p/cwtBOcu4ISkH1XrH+
aMQcb8gc0+h7rtvvGwNGDZf24GLijnq2B9JiVEcV0nwhqRm+gkEHI8ceO+D86GQ8mAxHI7s/GdLR
eOzaE9P03IHjOT0dRWTnJT/jVxNvbALB7siDOXHcCR0Mh6zft4c9p+8ZYzoaDkaUjRvCrX+2w6Ra
qK82WHUKspRegW4LuQBNxquJ47D+YGyPbc9lPdZ3PdcGWTvDwcRzRvbIY+bQHjgNDcqiOP7KpHgH
r0Zde8BGk96Idofj0dh1wSLSHuQhDrNHQ3cwNCdjz3TcBpIk4Bj6oC1Duzu2gfCx06ceNUZGb+JM
qGHDxBh2H3jpGS4zhkbrzyox4mvzguULlvo5UwxdDdtt1fbNwDkACC3yRZxmGKR+Ymn+tfANs4cW
kyY+AnuwDrp4zSJqBwxsB3gvMH0uS8CSYD+4l8VefqQCMPpAm1JhtKyKDOHHMLmDFYKG+N3l7NO7
92dHALpmdsapby3yPMnADYBNXRR2B8zMXo1tr+YJ+H8dgBCzwzgC7nKWKqw376gCMNFk6AIABXcg
Yr+CllsSQI3RshrEWJZw+A8JAjm8jB2fBpfJSuGthjW56upcHabUg/HAUwzhv9Et1nZb/aew6IQu
qn+CHB2G7qX4vQ5XF/FRGieqpgqArqbdJj+nEaUrmm9riiQ6UFA++nraieRPi5RNWRpmalBRwXQm
YE23wQ3qjAz7b96AS/9PAkEqhnynESRqfr7aFmdfxAAQsJdUKT8fsf54X5m81XhAEqfR8pKpJkcC
HphIviBO4tT/CjHxtpjWkFqWoGSjtZbE0Zypk1pC7mdna+q4XA0GkDGIQddXx8uAJolm/UqITvew
afV+i3+L2Qj/0ebA6D2eiUyM/GhLX5O0VzKBdj4FNA7NGjZegeqcDnQ+j5dxcAkEb03T6oHBuGtU
SH4vZwfvZx+md3J7fX3dYUARYu/kV8jfEVvO4jhQVa8C6ZwZ/eYk1tkMmTEabm0mSwIwK6xIWYM9
1WxUpO1VOLCm7Ch8MkfnUGfu3Dljtj5vYxDAI1kS2CwLbrDUWbAsX3+RvYnT8GB6qlBeQvQJ6jVt
3TcWmfn4makxWpYkovqxDiuf4jRwVV2TAJURXB8jnZGsSJc0Yvl1nF5tayVxnJZ1zQmwrIqQtcyG
jH47HEkHKNt7JhAhkzM/ZIeQodLI1YyGDm8adlNnebZgR8y34wa75mPZ1QZv6t5diwo5OXbiKA5X
uvIpQJWHQWfU5CGOmA3/bWvGJDpYRIICwGlZGjUP6t9hkeVxeBBAMKxqoQZuRLZ/rT1XR4ZQVqfj
cRY9ZatVPKef8nSBpaGKSR3esO2doc6nbHwesaC42Xb0LpEDGcb6VvB1QL/60ZtgpaVaJUxnZ9w0
IL7/JqCh70fYY2sKqWPFZEuSo/xch7XZ9CBQq4TiupE438oaVyFN2RZzRo7PsvKEBsEG04JlQpY2
YwgN3CwBdNs2y2mDo8OvzFlMz8FbY4eP/o1/dfivbbHnIPIkdAG5ZdmCtlyEGA1KN40aFbL3NFSY
rPnz+Uqs6ePIWdBIMzp33dVtT7/p0I8odHpb6MmaMXlCpCURQo52m5o7gY8QUTnI3h3o9ricztuv
GcVNClU8NVCXyq2U7jeaxdH1KoqM7rb0RUEJ+sLJAE2pyHk4ZKMOFsQzSLLVsE2BNkM3s8HUjBeb
mPvlaSy1DqLcv0xoiGPW/CmUQPwmLtZd8T8zlkDCyKI8TlVjrMMb4Y3O3M+LmL4FyxnNJVnbmDMN
qWVp5Kxvz6DLYUqzxRv/Rq8tVFCVMyC3ESFoK7P/BINc/A5UWZYfLR0c2fNvNikoyLDojOLGSzN0
49BmAW8LsZsaGm4QxwVAThXISdoeZPC8CHKfB+0KfwqwkZV31vI2eEp1VeRZceXD7ysa+P5V9pf4
oBAp5SkDqKZK9VP8j4IIJHRQ5DHorSKeEnJLgxvL8yfqXF3EceouCj/bnkl1rqISqWXBcDHotmXV
RD0459j087TB0OfprVj2DnbOj7bFh8Am6P48fXS1SaDZkxwAcx9p5AcBlY4RtzdVb3jXXZXt/m23
CBnkwdeJOb4jeu9xIT1SAEtBCmQrccoewXlJ195dPOHKBnd1rYUCJUQ3WeZfm5nJQfFAQjn64/Kx
i3g21fYbZtNbyX8jXaHXX+n1thjhyCwrivPk0doqCMKCrzjoqNR7y5OP6tT0GqU0fv6JzI4Pzrc2
O9r5rPVCMn3XRFw3JqIdxVGbBsmisWtyZBUGo4OCzKyi22U02nZKvAgxDuO7JSVhD3J04rtlSUdl
TAM/oGgnfmizxs7j8PFcSHSWpdKwptKJrp2Q765OwTfketmpAjVZ6t0ZuJA/CARrzCVAAvmQ4ClJ
Yq/IGUTCvDT88UJjerKFslSCFPKilELrAxU27q0hXs3xQHGjLFqCG2urM24Yi8Avgq3t3wlssi6a
CArWKRfeYTTOCz/1fBa46vGJ8iBmnjI83IF7F3sat1gPSUF9IlUeJeSBzT07ja981tiIGDxeGBKf
ZcnxYWbPa1LWKFkB35eRn9w+HyChet37luHUNyvB+vLqbb4kO6/Kn3i87XCR+ll7mvohgzv4t8jO
Pr54WtG/db6aBnHe+uYup8LHJpnJQcGzzZO4yJgWyingZsGor4vlcgEjTwY3T0yNtdKxmuEpmwRy
JIxXOX0LpA+DP43ah7MVenNHBUiFPnBM5jOL4mThB76ztZWuoMQFflOXfXS6HmTuneed6HlmCWkW
bnpNy7X0o27PmGzPeEmElgUkLHheKX+stV5pND+J/Q+q26lh9+wV/gTRzR8EQ/qP0c8Q0z71LI+y
waen1GUOgqHP2vWa1ZxdvafRVaYxpoEf2EjkbVP6e0i3tv2moLQslZb1GXsX4ZM6M/7gaq16NbDB
lM7Sv5iLx6uN4bYYqhCCylU0PDrgrrDtKQzJ8z+HC5o3jv9wUPP0j2HcdfRns4pOfeTmtpLycm5Z
SWztNsqbn9nSB/M4PW5XTb5xSgiJr39t4YwQR1PW38FZJJriq9AHzubdWW83n+ZoeJFGQlrfrMQL
+rSLJ1feBRpecb9cYFympnEC8EB89RNd+iw9Y3E0mQz1lTN6SJNKn3BvaUVFD8kdJ6r8u/7+7mkO
MWBzd5cDH+BvuijiaE6/bnd3F0de36rhU18K8fzyAbLPWD47PTnbFtU45AYnEiH2jKNz/sxkvcZq
4PelPeEDiwdANjlTeRzlfu6z7HPDsNZwvWg6avIR+sFVt29gfv0eLN+SBtPz8+nWNupSgTMJQ5ia
BAhjkjBhOEsyN87RFFr3dH7r033v45zyR25vnfKr7jwQvX7jINIT5rlBwPqTrZwWViyEeoT4XnU9
iXPICfKTrZWTH3+Seeo7V/SGvSkipzE7zTvfeQmK0defkn8WLMun8lHqigkVqqfJDeU6CUP4F/7R
F9tDFe7qpOq9VblwgZgt6/eCH9njRD3CEZc07qlc8V2svBnAVqDvO2thkW8wZQ5NXKpubUvAAzRf
zCHAKQzmDCJyiJVUrx/NyRGNFmTn4vDoxbaYwXFYdAi+HHFb1hlbsuA0C9bMAz/RNHmrxYwl5AH+
3sfO1RTS5sX2HuZAlJaF429wKpsFwfGNGkWUkOY5ywb9x1/BZS92yZZ1S6C1rOPPU4xB12dkrsVx
84cDuC0TPt8kcPPAKX9VV7IEPPCkzGu69GgA+cDWqiA1RssSNGyysFcJZE859bXFXQEfOIoD8s/9
RbA155hscEyaZRkGRTTItP02DdyMU8y/4mkKdUTLaoz/cH3U8V1pqpTqaA1slown+gy8fXd0iXH3
x2ib1VF5nD6OmJqzigoxzJCoFK9TsknZW/5QdB6r8ZcGfkDFIF713ZCFcbrauqFS6bAs+XOtAi8E
hcnSV01uCfm+FkuOuv6qmWHRW3d2Fej+k05bz5Y/xXGAWy1idPlrHR4C9PYuVaPHCvR9xV8Ou4Gv
xqfaTwqtFlOCHvDWf825lnL0DY4Ag9Fn6cc496O5WjlXwY3HwRonVa79LGfutjiR6PDAZk2BfrUO
Wy7LC4UdfvnAkZvDswM8iEX++IO8xRT9J/pbvL1HBQRymBc/2ijlxTNGGABqi1wBPqBmdy2R8eMf
RJHoNiAfvCceqX4dqycyVahup4xmznFGw8Zu/1MqMRKfZSkUrLv/qWSEJVlV0XJG57cfSeHAB8zw
EX3PaHDwe0G3pWkuTQEjBYzrzZLrZ2A03E7A8GwY7bBCPBmwSml0pT0UICDf1ybjkOtrW1A4Vysb
t7Y1b1IBv7c/KQfeoJx5Mm3jylYLQiWoGf82jgOd80PHTeLbB2fTk4MJPzdYXRrdxrXRuDbL60eX
+IDgE76Fuy7nP8V+dKU981RCvu+sXfkbpC3vp28VgvHqO5frlhtEi42dlXX2VLZMrr/RZkrK+Du0
vmiVRQX4nS2RGHiTh6tWGHboBxIq2D0HEt4Uabr6iV75+KaybZGvIcVj63RWXCxotMme/aX/lU0D
utLfGVAD7z/ct63NAxzvDMeDcLf6veaE6A+GSMB9UzH9+Pbg/Pj9ncewRx1hNsfy74Qz/KSTpIKi
DRJAFiavcRLVDLCC3Xuu9zKOMvo/s22fhZVoIQEsyVifm3MW6ctFAr5zMR0GXZ/mC5rMFtrLkwTg
HqVKtpx6l/gsS4xd/l2H/A/J25S6Kv0l5PsKvdjAj/3s5/phKH7dPAU1bL4DyGNpVGRG19Bo7j/l
xSsVSsviRGxQHPe9vHzdcFkhL0HfuUwuh93ADSzi5Dy2tQMoAvL9y2XrU40PrGSLj2bjuRwOajyD
NGy+wCJhqR3b9mp7r68oMVpWSUT9a63Ak13TVHtyoIQ0CgLf84VtkoRtvK5Notqrn8TGYu7tJ7AF
tFl1nvwlJ8HueqD6209jc8q0i6c/fc3RcJlczCm+xlkt2VWge1zP9gtbNcYN/HxB+UMW2sa5BDXK
QZ0guWoYkUc+BNLcE5EPedxX7KpH4gEz71P/Wrd6dxgwmp7R+bxRwKvhjRMSt54F3G6FNS8rrPgU
p4NEBECEeCZSpWnjRwMF3oNsFRTh+eGejg8feWI0eMOYWi2vQNoKvl0pl4cuvvUw5G713qH+U6vo
U/nK6rWDkYV6kgKvVFaaQUj+9Q217Uc/l33rSYdvhiZiIDx9uYmPBEL9q0WsmZUa9l3eZlcNt0HV
Dw+IqAU/fv3wZvd2jy6yLPfnG0RRWHS+9UYtBdiISRohycKPtkV6Peb6jhtXvpMso04eJ+KNsjQF
DnLWfLdc+ZZtrqz8BdSdJMVDcvzA437r2bS6Iodx5Plzgl/9sFIrenZJc3JOV8Q0iWHu9yb7vR75
7+6ImF3TwAZhnLsvz9+dkXqDHcFimHYSp/lLY2L0TAReL4D4dgAW6mUXr2kUxUXk4CNtWD5oU2fh
M/GNkOxlHHE8+ORwWz5FB/MgOob0RvbJXpoDhMwpbmi7TNz34hSwVrDY8xAKEnBxa668TpaJHMX1
Pc93iiBfveSEzsst7HaGxzGiefYSwVyn26glLwMeN1awDMyn0gS/t/Ly6PjNwYezGUKFRrR/L1i6
kkNKUAp2paQHf3cSmmXXceq+/C/+DwgJLHg7o0smOy59dt12QYYUJPdyjKAbO75po2LKJjAJ84LO
2UsGKxiutRcWd1YhvrD4GUE1Iw6f7iLlZ0D5rBMQHtF0B7SAQCabMVJKg9CUkXzBSByByuQL0BEH
JzMnNiN+5ASFy79cQW5pG+K6jEPo6SGCJs6MemyXxHj8K0OUxE4ZvSKruEglLuJ7BCbV93w+Aswn
fkkmWCHiC3ZdodtzmUdhRjNyHUc/5ARPKtKUoDRDYBZfHr5CCvHjMILv6wWLSJHMIfEGBB0rQi0W
yPatiJBnnxb8jTIkj2GUyCWAQr6ZH2SQ0giUH1yvuM1JDWIYBliFXyzn8nLZ0ncYWfAPSyAkRMxC
XctZ2yf8NfV4I1sUuRvDApAf6tknVku+Qd4J4gzihxan7CAI4muCCwuIKb/UQZY+Jf9ElcM2XPfK
Z0f3CZom3vWY66Hswx/1xSVCYMZAKIjNXhEpSmwv1ba6rRD77JMPAokjkCt1XQK2WIgfxYrfdCAh
o1mR8uVNQOg2Q6JBOOz3ggYotrm/hLZLGhSM7MhBwdC8QOxiRFgwDG1KG8SOH1TYh9t87IsitEEq
oFUQ+kQOflWD4LsOQY86vMEHkBZX7ZJTbLZIwasXMHvQPNsl/IldIhc/rIddgq/SB0bQA3DZgAFG
WFhEoEHYRCC/5NMLPIGWpfGNDxrGQAzAEtfcqCIOZSsJOvVQV7EN6uQu8fMfQHx5yru5DO0dV5lG
Z7IDPBSwbkwuFs5GW3K6z1E1dZVy5UiLKMLpdNFAxQmfBP4ar6xDjthS/iahP1/AYsboZlddfFJx
UCJpWiS5gAqBoWBCoE3yxScXFiX/woArFgRdxr4LZN9NAeoI6lwMggbt6iiKBo3bolGlaWD++dkl
sSjfgiUG7UG/SgQc1kHo57i2Qzan9gqytQ65FKLucuH6GeLm3Wc4a9c+lzzXKFi0122BqFSyjHPo
+UAiWCSGL0RCNHgwsBxSKDnMVoHLlMxjmKgYlylqBQ4052S2OWn7pItcwOjcBIu3/P+/5wADlfvo
R+/6NPohp084CdJ8ViRJdBkB84H+EexeSRCOWlJldM2+JIwbgU98VUj6sh+2QCFfF5wktBhEfoQL
Vjq7YU7BjW8sSBYrEp1V1ZrdOBAlZDVHwnC9mx3vk9nJ6SU5Oz0/nZGD6fTs9PiSTI/fE4j7fj5+
v0ugEZm9g1bH5NPJu7NjMn3/7vD48rLTNAGaPMzBUIpjylI/5g4ZDXGGDDoLxk0yl0ZlbA2QPYQE
LrctvEkbyx3CzHJUEB8Cn2CgQZuQ328pm1AyiPjQAUbYTA7GMQskYHprQy48Eh/jHfoQ9PO8Q+d2
a9QFGWXDtCXMwXBASBbJFfMq+lY8gHqxJKtZ7XUlr9mLu0mSnPck53Oa2rAy2k4cBCIW5Qbobuny
pYbkyF5E9gLbHdKo4MGHSgkEZgXo4Ivd0ic0lbBUQ+FePQ9wCX7Degl2yDth84XCQ/QQF4Fb0eKD
E7mOSE1/JhAnnHxgdNjtSl5htDfcWNxyklx1BIaKNy+Nw9LZit6yRVtVTXWGkRs5k7d0g9yhUpp2
XJYBI05ZCiOhGkpFdoswEdGVCOGIvNHGG+V8HWEj2YHTzsksOYArcPOw2OkdAganDY4PRliCkmVZ
wdAw5AuYtXkZbaLRwtFqqnbLiRQxggwqO4IabPpNOWGe4yyK6CoraT+kCUL9sAjBx+ILLEiZC+BE
EpEVCSpqueJ6kaLkK+a2jkGwnUiK+IBtjIILcLr9asaOYnGrqdMYG6HVE/hF43IJCVyyocoZjxza
DsUXeVfzAqTwWAXCR5QeUCcCDIElwQ9yYKKBfQSHNXfQTcpT8FOOjI3raBcFiMWwEu/9qO7TQyuS
L9Pely4CQrNFHIgQ06Y5ZLIYiXOSM/ywHpFOhts2kfnIu8K12KwKNoV7e6bOUnkLzWq6yhH5Lmkb
ygTyyeMDt/OSGOkCuNWu41ieomII6QrOMZfhgT52BqAkq0NOIBYEXXrJgztyOP2wC32BBhvW17Xv
gtrzWEFYzwp/m+PfJ8My7K4j8oxLR2nbIQcuGKoFDbw9fOMQTxNcBjosh4JBCdZBUMGUhVi7PQWZ
mooc36BVwxCTBh2CRHyYRtMy2K4TQMwlkCjc58CORRIlbXndyG7O5arL/K+smk8My8tpxIcUypAJ
wnahHopr7U9M0elFh0xln4Cmc96BykxU6gIf0UvpHFmAOQGxZUnAIxZML0OKb8iAkVOcp8PAx4oJ
z5fxw2wsy8n57AOnNAOWkG27yAnm53wq6+FEctEpbU2YF23stc+pRS13mV3M98uE5UdiYKIiw7UF
LFV+n8j0NBMJNWpylMXCcUltMBCZME4C2+EihgQWNbDMU1iZiXIL5tKckowuS0uJFZCyToT3lBQW
COOVNhGwyHrEb7EfiWSYl4l+IJ/t+Aa1PiWnR2Tn84fToxcEv/OzABqg/TWY+yQVb1wAxcD8JYXk
pVNHgKAJMW/ChY2vOfv8+qzEL3MbBfIDHwyLRdxpQvSBSS53w5y3uKyOSBeiFHE8jw8L93xv1b4p
fFdRRApxClg3RvPSbgL/4sN2ZRrAU0hJKegNk+/wimIn8BPC+4LaYFXPoZhKhvGyzMrRpUk/wG1x
u7wnhsxqC1gWvtQKyYyXOIS+wyoC8YrJ4G2lcheZLLU4sJJzYetkn7bos08SCJKWfoDDCDsubZQc
BR0RjeZVohBht6DpD3fLVlrF7M6qlJjlgzAucAl7wuHIFY2ilHOMDhZNFK9HgB7ib+4hofN77i+V
zpzxiIn812YCmc08XIC8qsld3KJUeK7jvNipeV7BPg5UsQ+GiNAmqYn4YCaMxsCp3UVl924yaQqY
QD/KdQfElp3xb0VNjy9mrA60C/4uuEzRSb6BxQfi1V11bR7xwfgB3IxbIJQnS3GmifiKIJHcEVlN
KT0476OxDvjaxCTPyBzysKwWT12xqSTUuS0iaZuuqc8TNbCTkMWIuUnipAhKZZQX6Mp4G2kRe9we
8gi/nUgrhs4EDRN4Oxk782qtqFHtSy+OJTWeNwqwcIJyvvCxiqrY4dZyQ31v44GQBqhabjo4WUC4
6cXKjMAqa4vtwarlIsaZ4aR08C0IHT/mFIMlW4WY92T4JoAMOMxq0jGZk/dJfZ+zwK0Ync9TyKBF
tUyW1kQFAT+ifNXkj9MHK/jd0Tv8iGhb2nzh+tAoXDMRXFNYOtd8xIwTXjPAYR2lng2etpK8UE0x
ObeEChMq7ktlAiePH8LkrkqNETk8VkUHYXeEeqKUrnYJf8nlLsEX8XP/nFdhGJhej6UQarfRAkXo
/8Td0l0JZ0G1UpjcaFL8awEhJ7hybsVKYyER8pkX98sxbs204FWd6twPa1stHTAixfa4EtA048yi
wcQBeY1PdirruZ16AHlHHaGU5v0uXpptMbtiVSilE4kD0OdSnmWRZCGB3GJgliMDZ2kxsOYMuYnL
I0ffqxBB+gGMiA0GtEBl5UDYOMAnTWTp2Wjg00ymJRBJ0jAJyiuMeYBGOVf75aSJe6C3WMLaJ7/w
YAX85y6vaf2KSMXHbSo3qW58cDYwcMT3IoqqQbn/xMsBd3ks7tC5h854gMyzTXwvEtAq3a1KvhiX
0yB+EtyxQq8gvFc94j55c3Yw2zf/MdodTG6M3d5Nb9f8h/EPFwMivs538MWTDhrXl+OuMMXiqj94
IaI8scegJutihaNvARnLWhoPPXgxDGbNWRHxfeUiLY1ymaGk1e4EtziAB1yVw3d/slJg7XJnA3RB
hLPP3nBTw4fi7TUkBY8UBOSLAmnz2FIJ+mL+rXbCbsDwZTK5c674sSieyIBEbB8C85UI4ng75BdI
gdRDuBGxZgSXHD8EI2llq1u7LXaTsyjz5dcb+EuhlU//2o78gmsFwV0l/GywBovDL26cgzHUoLgT
qQGKNFCv0USo154f8O+01ZB5qH2IeIFPlCrXPqyypQrAzwvz3XLxgp/QFltkapNMfvVYhSWOzvV7
5snigtaTm/1MB0GAEqqQy+mZehmust8D/vVk+YsM8BEwE/cWSBs/xTzo9rsj+Pn8FJbEyHHg38mQ
DUcDb+iOTDZwvK5nDkdef8yM4cgxqW2bPfIccOfxFYsgPNAktqJ8h7V8U8FXfKgZTw8M+Fs4v4ov
11at4fIm1OckRnbMbrdnGCaeopsevdNE5cZfOCtNIIB8fTrBXERZpjW89NEgfD7XZNSgAC4xzdbZ
AuA1frtVAyrfKMbTfAZ+ZhsIXujKWXvrLzwYU7//jCLy5+K70PLoFYqJozTk0/ncoLl2+Q1i1ON0
leQxB4jX2czdW3Pua2rCZdNTQZDjFdx8zwuhjCU5/8KY7d2Ul4fqDn/++b9NpM5Z
===END CRASH DUMP===
