PocketMine-MP Crash Dump Wed Jun 2 05:45:13 +07 2021

Error: Undefined index: NuTaVN
File: plugins/SETVIP_v2.3.phar/src/MCPEVN/SetVip
Line: 191
Type: ErrorException

THIS CRASH WAS CAUSED BY A PLUGIN
BAD PLUGIN: SETVIP v2.3

Code:
[182] 				  
[183] 				  unset($all[$name]);
[184] 				  $this->time->setAll($all);
[185] 			  }
[186] 			  
[187] 			  if(!isset($all[$name])) {
[188] 				  unset($all[$name]);
[189] 			  }
[190] 			  
[191] 			  $st = $all[$name]["current-vip"];
[192] 			  
[193] 			  $i = explode(",", $st);
[194] 			  
[195] 			  $date1 = strtotime($i[0]);
[196] 	    $date2 = strtotime(date("y-m-d"));
[197] 	    $date3 = abs($date2 - $date1);
[198] 		$help = $date3/86400;
[199] 		$date4 = intval($help);
[200] 	    
[201] 		if($date4 >= 1) {

Backtrace:
#0 plugins/SETVIP_v2.3.phar/src/MCPEVN/SetVip(191): pocketmine\utils\Utils::errorExceptionHandler(integer 8, string[23] Undefined index: NuTaVN, string[89] phar://C:/Users/Administrator/Desktop/MSAI/plugins/SETVIP_v2.3.phar/src/MCPEVN/S, integer 191, array[3])
#1 plugins/SETVIP_v2.3.phar/src/MCPEVN/SetVip(26): MCPEVN\SetVip->tick()
#2 pmsrc/src/pocketmine/scheduler/TaskHandler(137): MCPEVN\TickTask->onRun(integer 1)
#3 pmsrc/src/pocketmine/scheduler/TaskScheduler(179): pocketmine\scheduler\TaskHandler->run(integer 1)
#4 pmsrc/src/pocketmine/plugin/PluginManager(654): pocketmine\scheduler\TaskScheduler->mainThreadHeartbeat(integer 1)
#5 pmsrc/src/pocketmine/Server(2389): pocketmine\plugin\PluginManager->tickSchedulers(integer 1)
#6 pmsrc/src/pocketmine/Server(2152): pocketmine\Server->tick()
#7 pmsrc/src/pocketmine/Server(1992): pocketmine\Server->tickProcessor()
#8 pmsrc/src/pocketmine/Server(1586): pocketmine\Server->start()
#9 pmsrc/src/pocketmine/PocketMine(291): pocketmine\Server->__construct(object BaseClassLoader, object pocketmine\utils\MainLogger, string[36] C:\Users\Administrator\Desktop\MSAI\, string[44] C:\Users\Administrator\Desktop\MSAI\plugins\)
#10 pmsrc/src/pocketmine/PocketMine(321): pocketmine\server()
#11 pmsrc(11): require(string[91] phar://C:/Users/Administrator/Desktop/MSAI/PocketMine-MP.phar/src/pocketmine/Poc)

PocketMine-MP version: 3.19.1 [Protocol 431]
Git commit: a7cd0810020af15fb3d79127c77cf576085cd4cc
uname -a: Windows NT DESKTOP-KF1VXGB 6.3 build 9600 (Windows Server 2012 R2 Standard Edition) AMD64
PHP Version: 7.3.21
Zend version: 3.3.21
OS : WINNT, win
Composer libraries: 
- adhocore/json-comment 1.1.2@fc2f76979f0a44a5f5bc2a2b600d0762fe0e78e7
- daverandom/callback-validator unknown@unknown
- pocketmine/binaryutils 0.1.13@0abee38d4e2861621f262c79a2a3d699d8a697f4
- pocketmine/callback-validator 1.0.3@64787469766bcaa7e5885242e85c23c25e8c55a2
- pocketmine/classloader 0.1.2@9757928424652393b178a3760073113aa7c9911b
- pocketmine/log 0.2.1@830b44a2cf96ef703c550abe64302f230231ca49
- pocketmine/log-pthreads 0.1.3@e477ecf6ec214fdd4415ea1da3fdd9d73bf699ea
- pocketmine/math 0.2.6@43057cb8c179a9859677b496a788db922fd5cfc3
- pocketmine/nbt 0.2.18@9f82ca4d7f97fcd9a566e44b63c4f18a7657ae82
- pocketmine/pocketmine-mp 3.19.1@a7cd0810020af15fb3d79127c77cf576085cd4cc
- pocketmine/raklib 0.12.11@9cce458b8bfde3e4dfdbf70c659fc7b7fe26b5c4
- pocketmine/snooze 0.1.5@70b5e7937a06878dd321a3182ceb76d56298f2cd
- pocketmine/spl 0.4.2@6b08b7cf8c4afa17139c9a1b3bf1b408531de161

Loaded plugins:
PointAPI 1.0.3 by onebone | Fixed and Update by LamPocketVN for API(s) 3.9.0
BlocksConverter 2.1.1 by matcracker for API(s) 3.0.0
MaxEnchants 1.2.1 by Xenophilicy for API(s) 3.0.0
BlazinFly 1.8.7 by iiFlamiinBlaze for API(s) 3.0.0
Farms 1.0-non-alpha by Dấu Tên for API(s) 3.0.0, 4.0.0
InvCrashFix 0.0.1 by  for API(s) 3.14.0
TPAll 1.2 by matymare for API(s) 3.0.0
MultiWorld 1.5.2 by CzechPMDevs, VixikCZ, fuyutsuki, kaliiks for API(s) 3.0.0
FormAPI 1.3.0 by jojoe77777 for API(s) 3.2.0
SocialSpy 2.1.0 by Crafter20162017 for API(s) 3.0.0, 4.0.0
AutoXP 1.1.0 by JackMD for API(s) 3.0.0
AutoInv 0.0.10 by JackNoordhuis for API(s) 3.0.0
BuilderTools 1.2.0-beta2 by CzechPMDevs, VixikCZ for API(s) 3.0.0
CustomAlerts 2.1 by EvolSoft for API(s) 3.0.0
FactionsPro 1.3.20 by Tethered_ for API(s) 3.0.0
WorldProtect 2.3.8 by aliuly for API(s) 3.0.0
EconomyAPI 5.7.2 by onebone for API(s) 3.0.0
VanillaEnchantments 4.0.0 by TheAz928 for API(s) 3.0.0, 3.1.0
InvSee 1.0.0 by BlockHorizons for API(s) 3.0.0
DevTools 1.14.1 by PocketMine Team for API(s) 3.13.0
Trident 1.0.0 by brokiem for API(s) 3.15.0
Slapper 1.6.1 by jojoe77777 for API(s) 3.13.0
ec 1 by McLebt for API(s) 3.8.1
SETVIP 2.3 by MCPEVN TEAM for API(s) 3.0.0
NoDrop 1.0.0 by Inaayat for API(s) 3.0.0
Netherite 1.2.1 by Wertzui123 for API(s) 3.0.0
KeepInventory 1.0 by KhoaGamingPro for API(s) 3.0.0
KygekRanksUI 1.3.0 by Kygekraqmak for API(s) 3.0.0
PurePerms 1.4.2-c2a by 64FF00 & ProjectInfinity for API(s) 3.0.0
HideCommands 1.0.7 by Himbeer for API(s) 3.6.0
OffHand 2.0.3 by alvin0319 for API(s) 3.0.0
PiggyCustomEnchants 2.4.0 by DaPigGuy for API(s) 3.19.0
NoTP 1.0.7 by awzaw for API(s) 3.0.0
PureChat 1.4.11 by 64FF00 for API(s) 3.0.0
PM-Beacons 2.0.0 by jasonwynn10 for API(s) 3.0.0
Worlds 3.0.7 by survanetwork for API(s) 3.0.0
Sponges 1.0.0 by  for API(s) 3.0.0
Broadcaster 1.5 by EvolSoft for API(s) 3.0.0
AuctionHouse 1.2.4 by Shock95x for API(s) 3.0.0
OnlineTime 1.3 by Zedstar16 for API(s) 3.0.0
TimeCommander 1.0.2 by TheDeibo for API(s) 3.0.2
Shield 1.0.0 by JavierLeon9966 for API(s) 3.7.0
reyyogaWtrhit 1.1.6 by reyyogaMnelux for API(s) 3.0.0, 4.0.0
EconomyLand 2.1.2 by onebone for API(s) 3.0.0
MSpawns 2.2 by EvolSoft for API(s) 3.0.0
BlockSniper 3.2.3 by BlockHorizons, Sandertv (@Sandertv), Chris-Prime (@PrimusLV) for API(s) 3.2.0
BangHoiUI 1 by JVN | JackVnKiller for API(s) 3.0.0
PiggyShopUI 2.1.1 by DaPigGuy for API(s) 3.2.0
luckyblock 1.0.0 by LetTIHL for API(s) 3.0.0
restart_in 1.0.0 by LetTIHL for API(s) 3.0.0
BuydetuUI 1 by FurryJaki1992 for API(s) 3.0.0
LoadWorlds 1.1 by shin for API(s) 3.0.0
KitUI 1.3.6 by Infernus101 for API(s) 3.4.0
MuteTime 1.0.0 by LetTIHL for API(s) 3.0.0
AutoSellUI 3.0.0 by LetTIHL for API(s) 3.8.2
BuyFix 1 by FPVGAMER for API(s) 3.0.0, 3.7.1, 3.8.1, 3.9.3, 4.0.0
cayphattai 2.0.0 by Lettihl for API(s) 3.0.0
SlapperRotation 1.2.1 by jojoe77777 for API(s) 3.0.0
Kho 6 by ItzFabb for API(s) 3.0.0
essentialsTP 1.2.2 by  for API(s) 3.0.0
luyendan 1.0.0 by LetTIHL for API(s) 3.0.0
ShopMob 1.0.0 by LetTIHL for API(s) 3.0.0
TempBanUI 2.3 by SonsaYT for API(s) 3.0.0, 4.0.0
OreGenerator 2.0.0 by vividmemory, LetTIHL for API(s) 3.0.0
gem 1.0.0 by LetTIHL for API(s) 3.0.0
PickaxeFunction 1.0.0 by LetTIHL for API(s) 3.0.0
Joinkit 1.0.0 by LetTIHL for API(s) 3.0.0
AutoClearLagg 3.1.0 by Twisted for API(s) 3.0.0
NapThe 1 by phuongaz for API(s) 3.0.0
HealFeed 2 by JackPlugin for API(s) 3.0.0, 3.1.0, 3.0.7, 4.0.0
RPG 1.0.0 by LetTIHL for API(s) 3.0.0
BetterVoting 1.6 by Twisted for API(s) 3.0.0
giftcode 1.0.0 by LetTIHL for API(s) 3.0.0
SellExp 3.0.0 by EzMinh, LetTIHL for API(s) 3.0.0
CustomItem 1.0.0 by Phuongaz for API(s) 3.0.0
help 1.0.0 by LetTIHL for API(s) 3.0.0
PiggyCrates 2.0.9 by DaPigGuy for API(s) 3.2.0
detu 4.0.0 by CLADevs || GreenJajot for API(s) 3.0.0
NganHang 1 by GreenJajot for API(s) 3.0.0
PureEntitiesX 0.7.0 by milk0417, RevivalPMMP for API(s) 3.19.0
capdao 1.0.0 by Nguyễn Công Danh (NCD) for API(s) 3.0.0
thoikhong 1.0.0 by  for API(s) 3.0.0
freeze 2.1.0 by Bavfalcon9 for API(s) 3.0.0
CustomTags 0.0.1 by DaRealAqua for API(s) 3.0.0
AcidIsland 3.2.9 by GODSMineVn for API(s) 3.0.0
shopvip 1.0.0 by LetTIHL for API(s) 3.0.0
level 2.0.0 by LetTIHL for API(s) 3.0.0
PrisonMine 1.0.0 by LetTIHL for API(s) 3.0.0
MenuUI 1.0.0 by LetTIHL for API(s) 3.0.0
SizePlayer 1.0.3 by  for API(s) 3.0.0
ScoreHud 3.0.0 by JackMD for API(s) 3.0.0
MuaPoint 0.1.lpk by LamPocketVN for API(s) 3.9.0
Buyrank 1.0.0 by LetTIHL for API(s) 3.0.0
VanishV2 1.16 by superbobby for API(s) 3.0.0
UpGrade 1.0.0 by LetTIHL for API(s) 3.0.0
Item 1.0.0 by LetTIHL for API(s) 3.0.0
PHP-Sell 1.2.7 by Muqsit for API(s) 3.0.0-ALPHA9, 3.0.0-ALPHA10, 3.0.0-ALPHA11, 3.0.0-ALPHA12, 3.0.0
QuestPlugin 3.1 by HmmHmmmmm for API(s) 3.11.0
CmdSnooper 1.0.0 by HotshotHD for API(s) 3.0.0
WarpGUI 1.0.0 by RockPanther for API(s) 3.0.0
Rewards 3.0 by Wertzui123 for API(s) 3.0.0
TrashGUI 0.0.1 by Phuongaz for API(s) 3.0.0
AntiToolBox 0.1 by NgLamVN for API(s) 3.19.0

----------------------REPORT THE DATA BELOW THIS LINE-----------------------

===BEGIN CRASH DUMP===
eNrtPWt327aSfwXr5GydXUsWqbfvSU8c24nd2rFurDz2lj05IAlKqPkqH7KV2/73nQFAEaAdW7bV
7H5ob3stDoHBzGBeGIDkv7eCJIto8WXBspwn8dZeb2er4BHb2rMGtt0fDftWt90djvsde2erTOWt
fnvc6Qysbmcw7nd7XbwV0rw4yrIk29r791axTKHVlrg+uvYYdAPUO1sRy3M6w1sfYp8FPGY+4fDr
eo+8K6f04ztoE5Rh+IaH2Cid02xvd/dgb/dDDuTt7vsRj3leZLRIst1Dll8WSbp7drF/spuG5YzH
+e7F0fTjyeTLwm5329h9N8+83bODydHHd7sXrPjIUwCnOIwaYu1+0CcEgkEuYwtElFEPfv+y9axD
1sexDX1f7JE08S5ZAbwwxykLHuaO8wH/7O0xQ2LHNPZDlm3zuGAzlpHRDgHmeTz7xe7+Sr4hwlWb
0fhXsmkJ7pCKFpQCoVlGl790f30BwnlmPUQQ9gDkIEGOI2GtHwvuXW4LXDZJI+yE/9XS2s29OfNL
EMnulOaXlXis7lBDNgUkeLf1YxK/L+OV8CyBuLsO4ovqatsajhvztWoJI9U0tH7MbgzVu30oKaTd
ifhzRmOwh2x70O/dPc6KpNaPEeXxdJ4x6h8zmhUuo0Vj5P7tI1+wDKx82+6OmkxJmhzHIErOx2rg
vDHI4O5BrL7dGETe0Wd5eCcKazy+C8UkSzxwJ0kmcY3uxtUfDb6BKy9AiBLH+HYcE/HzDH5u2zfs
t0Lz5YuXxGBYpVdsJ+5vzCvIa5qzA/CL+WlCfZbtEAW/xfzPYE5Pk9kMWynz7Q5+JQd74BnQcB3H
sFzHUaYLPcF2HWfVq9d7QC9lr44j7bdzL/tdu8l+LuUrEVgSwbaFrTL2e8kztq0IG1sP8kb1oK2z
Se1ETLJebP36584W20jUeUo4ACJkxy88XiThgkUsLgCbD/x7xVZ1FyASL0C8xGdIszWyAewU8n+E
wC1r1DVAZZyzYvs5DcNfnsc0Yr+++Ido1TNaPS/mPEfLiBjoNCv2w1D0UY37q8aE/CkgAw0iAEMN
wIPt/+B5c9wX5N+i5Wgt+sbNIcedxpBjSwM8zwvykmhofnG2vDLLQJStBU+drV8F2rHdRNLVkXDA
wa7TEMS77WztwL+IWFI07jW76lJ57tOCWdAd9LFIUI7bz/kvHcXNWIqLENXQNhoiBIZbtqKW72y9
UF2GZpcudKFuvq36t9SIqnEl0+dzFqYoCNFldzTodTqyRSVPcacHTcAfLyjMMvYQWOxOZzWkuKzk
C9Opev34Etw3TOOff6cwf6cwf6cwf6cwf6cw/9cpzM7WjMUsoyHmAxj5wGkbfYEwF+ahXqJvddvW
uG0hvOShDznIqNvf2eL5F58ttvYCGuYMko4sKRIvAbS9LqxYZxxTEjr0/M7I6nTsDg2sfuB2/eHY
sofecOgF/eGgM+p7fs/zAHepaPkEvjm5ysm7KTk8uvh5ej5p/fzG+vj57WsyaHeJIIGMB50O2a6a
So0iEIBs8t4mFwW4GJr55MjnGBRekP2zw0EPEyNYi+9tDcHJ2sjOVxb7gj11Dbe/JDnScPLu3RQA
4uKKxyKDitIE5uBLyN2MZpzlKD/qz4HnjO3+lidxC9qoVMxqW237VeDZwXAwHo6DDu31aD/ou55N
bReI9zvDgR2wDhuO2BDQ+xQ4ALKTaNeDnMSl3mULoi33caIBYRlfxslV/Er9RWLriXV5TLOlMAxo
2oGxre6rDnUZ6478HrNHA2tgW4E9sL3hmNq06w/GY39EgbSgZ6K6dXCr3Wl3Xw16w9GwB30GA9ej
dMj6o1Hf7tkM5tDuenafjbx+n9oNhGjOoTBnRZv9ajzsD8f2qGf3Bn27O+661nBEu6ANnWHXsrqA
2xuPLcs1MYXJTGCw29arUbfjgkRtLxgPWDDsdGFkZHiA1aHAhv/rWh7tjW9gaKWFCASVoLqvWG84
ZF4wYJ5t9QLf7/WsPqOWT7twMfaHXTcAaTFqoopoMVfUDF7BoP2h5448CH50POqPB8Oh2xsP6HA0
8t2xbQd+3wu8rokidouKn9GrcTCygWB/GMCceP6Y9gcD1uu5g67XC6wRHQ76Q8pGDeHWP1tRujLU
Vw+wOg1ZRi9Bt6VcgCbr1djzWK8/ckdu4LMu6/mB74KsvUF/HHhDdxgwe+D2vYYG5XGSfGVKvP1X
w47bZ8Nxd0g7g9Fw5PvgEWkX1iEec4cDvz+wx6PA9vwGkjQUGHqgLQO3M3KB8JHXowG1hlZ37I2p
5cLEWG4PeOlaPrMG1tafq4WRsM1JAuF3f3Ji+DkF2tmqvZvQboDQspgnWY4pahIzF/4jf5A3/BrS
RTBM8iHFlJa4S3JKI+kwYSkH7pSmHPt02+N2B69ZTN2QgWOB0AZ+0WcpuBlEC/fyJCgOdQCmJkCD
GhACDFIIGCGzqGlF88HV3HT//fQD+ucr5ua8QI4ws34dAjX5QRIDTwXLNH6bd3S2bXQTJtug1B5k
6ZfQUuer83i+aoyO0yDGcWSQr/mbnF9MP52/Pz28weEZvT6KvTmNi1zjToeaE2o3OfvM4iSd85B7
y02xpqHEbGRFinGxDnOvQ/qVx2/CpTFxFcxkbNQemoxx/iakEecx9mCb4s3EilOnyNF+rsPaG5pF
+ozJ64bxtWIInTSEjMVk7dApLUb7JZk6ZafDaHyDu52t3lO4nEeOIyhSf9bh6CReHGQ0n4Nf0PjS
oTp3QFxDE3UWrN4TDKv8HahyHB4vPBw54NcPMajpZD/UE0B53TCiG85hGdGMbdA1CHyOU6SQdMiM
fi1nUIYF/5RkmInWvqAGmlz0m3wcfGXefHJ2yBY44R/5Nb88+JfYCIIMKi8vOfy+hOSHX+abYtXD
IdMIsmVQtQgpvUJKgWWd6jsZnxdFmsNKANLqeem2IdPc1RjZ1RCh2SVZZAa+CmLKpitsSJPNb8lv
CRviPwbr9uNZrzGCkUkiVj/WmeyLxOM0vEh151jDmvGswQ7YZACRBtYFA/hvuGn/4UU+JjspxrKD
yL+Qv9fhar8sks8TjSUFMKfnBj8/QSQ9O9yUVkpssOIVY69nf7eooUSzqzhQzIFDbHCHkBuu8Rb+
3iVJ5s9LvjHj+w2QxhVSx4HhILFaSLYlUfdHaFxzsmyaJKEezQxwMwHptFxW0LV8z1/hZVxJW4G0
QdA2KX2KpzFQgWwOyrxIov0QxtJlY4AbZmrK5GiRhBfA0qbEoI8MdmnScUcmXfF9dXXVZkAT4m8X
lzKN8bCOkE+yxEhmamjTr9oNzZ6yYs4y5n95Gpdb+3HBL1JYf8CYNcsaJZjKiIt1o6kIGtCxwK2j
mjkDbM5ftz0ymYNgWYYby6slNscRITKVFDSd013zp+ntWcmzgLPQ1xfKVcm9yBgu43MIELsGtyCU
Iy+Jk2hpxlANqAuk3x42Uwy1mtuURFaLQyYpEMtDg5p7Z/kjjXkYUrUswSKVbqy33dVZ7KloqSv0
nO1/HdujW2JqVwSuR/K6kKSA4SaQaj7cVVV07d7Gk8zfLxgzU3cENAsCDXbF2vU4yfhXMLNNzauB
1HEkJQ/J4sEhN2PSCtRIJXpNt1uXfMmU0cjgyeo+nqmKACydLxoBZ02zrUnbXeHANUvGfVFdrVct
CnLP5LlZcslZg8X+41lU+BxHje84k7OalPtT2pCmqVGmqSAmH4PmlH0jO3/KbOVy5EcnfzVJuxUT
eETC05hjnsmXydOZd8pcM/aPgO9HsiOxgaOMwYK8OcuL9ZeV6qyENivV4Qkj+DXIF1uoZHq0f7Yp
r2Bu8a5D+bvkMEtSjXIFuMcsTmJKl3RjeZdC5zhy9PUF/07kRuK65mAFu6ew9wkSu68lt+zupvio
MQIrFRmPNpAa227NEzD9M2MpOHxwGUmmr21NeGMGTdZ/nif0LYWcZqaywU1wbyB1HIOc9af05+WM
Xb6n8WX+Qc+gDPA9pQjRNqO/R/RyY7zVKIEzjZb1GZuUGZsws6hZw0yWem275dmNouag9+ZNp0P+
k4B4cWv7JA54zIuNZc9f5AAQkiqqtJ+P0F/RV2XMNR6QxDHEu4MkiqigYCUMA9x0QI3a9TGPXNbY
axg8nnWFznF0GtY0XNm1HQnbPA8CPKSicVVBzFhwY9uIhgsed7rWeHNrIYXQcYAESGT91Y+1tJXP
Zku5Ar5l++S2uyaDvaZRHlLo9LY0tdV6wr5XhRCU9CY1twIfocPVILu3oNuVAXQ6McLndHKf7tKr
r/RqY9OMyBwnTor00YFGEqRc1MGcFg0PJUBNB2VZt3mnB7Glub+b5Qoh8Ko6sbXTKJl8ZguelPnk
qLVq8g1HhsTXvzbgxgQaFNZZ6zWjeA5JF1cNbBp8s15O8yS+Wsax1dlcuXKF0nFcQYbj1OSsV8/J
m5Uck5PuTX3OywyW3qy4SrKNxVuBUxVywJhXhKw1eapM0xZI2kDZ7jOJSOTqaRLPmM5lBbk7591Y
qrtY9vuQostB108fXmfQwhM1J72OrEEbm1d/balUGxh0zKDicYXS/VLY8TFYNTPq/xq4mdD3TB4v
5rD6H/evn1goNcpj+vaspp5qJNwTEPTNkT7cGDCovXdSz2M8mT8VT6rVGUMNbCS6Jrv/Yj4ep7QG
m5rTFULIFFY0PDqqrLDtagxhLQb+qhTLUGUT3jRG+0YN8ZBxt7l2sR/LujH4OiVj4UrmWCDWPYkE
3LN4/okuOMtOWRKPxwNz8ob3Rcwqm7xzb05HD55GEFX9XUcrM7ZcJjP6qcjmXM8FTHhzw3Fgcqka
n8UsLK83vX2qkAMZ1voeVNn1qZmf69DmnvAGavO6N3lAnT4U+bpJ2/2nGy5SemWkIxXEZMz+a0OD
GhTPPVejPy4kiCL3RczTmwfTFNTMTG6U2MzSOxisMO9iQbZfVT/xLPXBPON5a5KBD4A7+LfMTz++
eNo5hq2z5SRMiq1v1uw1Ph5SuH9N49lxwo3iSA27o1z608d35A+C++Qf4595GD71pJ52MMTU8coP
YSVy7eIIZvsQv1ODLx16z/nDW5eX9tNivzgZoyBb31x4SvqMiycvNCUascAMS+9y6aKuaILRgPcE
m1NWTE+OTzdl2/XA689txsRTH18QgRZLVsDvy4Ea+AGJd7n0WVGaBreC3WFwb8osW/5ELzk+W7Mp
8g2keAqMTst3cxo/pBKJzubGWk8DNiJ7Y7U35/GmmKnHXD/LRLPx0kXcLpJU1It5YRaKxXWzQjxo
7l8ELIvL3OpYBi+9pyzsVigdRxDxkGOJRXMRsAJ9X+uIynU3LKrjWhcsDI0J0IDNwsEatI8en8Mr
dA+ybPMsrgLcZdOTj2/3z47e33p2YShsRe5C7ohD/d2nJrqSovVZ8ugyndOioFxjSwPeU5QCERZ8
Hm7sWFn6kE1UuQn8PimoeBr+xh736s49+3rf2Ot+Ah8NAh6wmTXXT33hlU570ykVX99Q13308uJG
seKbrkoOhEvCh2y2sjxnccFpmBslbwPcnBr7r6ih6SPCiskc/142wnIJGGlspFMK9L2TKTnsA2wE
JuwscY2Sg4R8X8rzBynOlEXpa0xR9GrPCnbnIYkLWCrR/5luun6g0DrOioz1uTnP2FvxFGyR6MtS
A3yPm13wBfcjFiXZcodseGp0OhxH/VyrGDljkcYPXn1fpZrhuaj1F4zeJb1mb8rYa0SL5p3vy0Qq
R1+fkZ8SHl8aZbYK8n0Jv+TFwxK/g5DR7JTOZo3cr4ab6d+NQyjTK54XzN8UA4VEJ4/pe0hECETI
w/o6TQ8+Firx7ufLsIzODnZNfLgFTNPp3DiBJAF3pJHpvEziGf26Ma1T+BxHjl39XWcujxkN3zCm
10RXIMOP3XzgQm6LfvMc785qt7D31IdNJuqdGesq6PvJW40fvPrObmDxgPj4GrJuln1MCh7rxmSA
G+c7/1JLmlaWpFNgXq0VT3hQVC+PqoJKBfrOkUUN+4BECxawR9f6wcgKcs+a9ujrGY/nG4/qEq3j
HH2ePCxpl0dWTgojtmvAeyZismFHVY+8Pgv40iiNeHH5ffUHh3xgLfsAs66bR6YktJkejv+SWvZt
J6C+fXxKUGZcPP24lEAjqthYLdWEIS7veUzk4HQfnxojf/xB3maMxT/R35LNPeklkcOk8vhBK/p3
M4pvCtP99Ap0R8DfPAc1xocdQT2CtXLBWf65ccirhpuPWg6b8xLx8LLTszCsv2ewkqHh5OxssrFj
fZnEmUYRmFxaIpeSMHmIqyLzwU+GaLTumvyKslnq08QomQnAPW7m3Qzsp7SY14/JAb5pIOjFM3JI
4znZfndw+GJTc43jsPgAPDHidpxTtmDhSR6uuS8M9PLLeWIobQ37LseeVsOtr6wBTP1XPXlQgHse
3H5NFwENvSTe2EnaGqPjSBoeGn6ndHbzAVcBvPuND+Ck30Mqvv97STfFjE8zwEgB43pM+Dz3ksxv
hwwfr6NtVor1n8d9pX/a4q8GNvflGwHu7fnhBT6j9THe5FEt9exXEjN9t1ZuwwOzcjt+jTnD4taC
6ylHBfn+RTZ8nejayhaiW9DLmuL6/pL/Rhc+uL/KZw8wkUnG8yQ+E2+orSNSDfzOCzcxsHzd3trb
dyw2t4cV4Dtv3cGgD1jg8K9sEtKl+TBhDbz7LVeb2lfB8U5xPMepf69FPr4577g0Dt9VoHtWaH/N
mzCq0R+y6UvFe7qMTV8FMsOC1Q7Ty4buPPI9Yk2Pqd4Tdteuaj2SOG4g+tS/1txnzWh8aW60Csh3
PvoBQ64/P/gUeD7/aDcedhegxgmJQfNAfMoyN3Hd5eaOw1cYHaciov61Djcf0rcZNWoxFeT7zkH5
gHjWqFqsU6/YMLX8QYWKyfGkhWUiPY5VoObGaOMZijPxTq4m2a3908nx/lgVUtWl1WlcW41ru7p+
tFsGgo/FAdR1Of9nCVFfVYNr5nVoYy+g8TRfFMG/8I+5irzvXRCrh9/vfFFbNEfMjvN7KZ7pFkQ9
orRR0birc4UZfv32Ji3D11/pdKfCHicF5HnF8cYC0uPfLPWJZulbI4+pIPfw8B7iw4TG+Ijyprh4
L04Y4vgPqPmzK5oZZ9oqSCMj+J6PgSsSNvEQuEK1K19oQfO5OVkr0D1ryk2XdD8lSYjvs5Cjq19r
bSLGBcc3dLxO9DNYOrSRBjWLL5CaNNKfpxSeFD7H0ShY92C2NmEVWeKNsjQDpgrWfG1K9ZZt4bjE
C6jbaYZmKipbe1vPJqsrcpDEAZ8R/OqHkznxswtakDO6JLZNLHuvO97rdsl/d4bE7tgWNoiSwn95
dn5K6uU4guUwrTTJipfW2OraCLyaA/mtkOfFyw5e0zhOytjDFx1hIt6i3pwz+Y2Q/GUSCzx4pL+l
3q0EMyM7RvRa9clf2n2EzCieb/CZvB8kGWBdwZIgQChIwMe0ubpOF6kaxedBwL0yLJYvBaGz6kRD
K8cTavEsf4lgscBtoeK8DEVytILljPlaE/zeysvDozf7H06nCJX60YKQkC3VkAqUQX5c0YO/2ynN
86sk81/+l/gHhFQWSSunC6Y6Lji7avkgQwqSezlC0LWbXLdQVVUTmIRZSWfsJYtneG28sLi9jPCF
xc8IegjiiekuM3HQTMw6AeERQ3dAC8h0znJGKmkQmjEC/pckMahMMQcd8XAyC+IywmMvLH3x5Qpy
Q9sQ10USQc8AETRx5jRgOyRB154jSuJmjF6SZVJmChfhAYFJ5QEXI8B84pdkwiUifseuVuh2fRZQ
mNGcXCXxDwXByE0zgtKMgFl8efgSKcSPw0i+r+YsJmU6gywVELSdGLVYIttzYkKefZqL12KQIoFR
Yp8ACvVmfpABJPug/AUQJW4LUsMEhgFW4RcrhLx8tuAeI3PxYQmERIhZqms1a3tEvKYeb+TzsvAT
MAD1oZ494mypN8h7YZIz39kSlO2HYXJF0LCAmOpLHWTBKfknqhy2EbpXvVFsj6CjEl2PhB6qPuLt
0WgiBGYMhILY3CVRosT2Sm1XtzVin33iIJAkBrlS3ycZy6X4Uaz4TQcSMZqXmTBvAkJ3GRINwmG/
lzREsc34AtouaFgysq0GBUfzArHLEcFgGPqUFogdP6iwB7fF2O/KyAWpgFbt58vYw69qEHxAGPSo
LRp8AGkJ1a44xWbzDFanJcweNM93iHhqlyjjB3vYIfgqfWAEY4KQDbhghEVlDBqETSTyCzG9wBNo
WZZcc9AwBmIAloTmxiviULaKoJMAdRXboE7uEF78AOIrMtHNZ+jvhMo0OpNt4KEEu7GFWAQbLcXp
nkDV1FUqlCMr4xin00cHlaRiEsSbF/M2OWQL9ZtEfDYHY8aYuqMbn1IclEiWlWkhoVJgKJgIaFN8
ickFoxRfGPClQdBFwn0g+3YKUEdQ5xIQNGhXW1M0aNySjVaaBu5fHGWTRvkWPDFoD0ZZIuFgBxEv
0LYjNqPusgCJkwsp6o4QLs8Rt+g+xVm74kLyQqPAaK9aElGlZLngMOBAIngkhq+YQTRYm6+GlEoO
s1WimZJZAhOVoJmiVuBAM0FmS5C2RzrIBYwuXLB8y///ew4wbbmLfoyuT6M/L5JUkKDc54okhS4n
4D4wPoLfqwjCUSuqrI7dU4QJJ/BJWIWiL/9hAxQKuxAkoccg6iNcYOnsmnmlcL6JJFlaJAarVWt2
7UGWkNccScd1Pj3aI9PjkwtyenJ2MiX7k8npydEFmRy9J5D5/Xz0fodAIzI9h1ZH5NPx+ekRmbw/
Pzi6uGg3XYAhD7s/UOKYsIwnIiCjI86RQW/OhEsW0lg5WwtkDymBL3yLaNLCTXXpZgUqyA+BT3DQ
oE3I77eUTSoZZHwYAGNspgYTmCUScL21I5cRSYxxjjEE47zo0L7ZGnVB5dwwbSnzMB2QkkVy5bzK
viseQL1YmtesdjuK1/zF7SQpzruK8xnNXLCMlpeEocxFhQO6XbrC1JAc1YuoXuC7IxqXIvnQKYHE
rAQdfLFTxYSmElZqKMNrEAAuyW9Um2CbnEufLxUesoekDP0VLRyCyFVMavpziTgV5AOjg05H8Qqj
vRHO4kaQFKojMax4C7IkqoKt7K1atHTV1GcYuVEzeUM3yC0qZWjHRZUw4pRlMBKqoVJkv4xSmV3J
FI6oGy28Uc3XITZSHQTtgsyKA7iCMA/GTm8RMARtCHwwwgKULM9Lho6hmMOszapsE50WjlZTtVNN
pMwRVFLZltRg02/KCdc53ryML/OK9gOaIpRHZQQxFp8pJtVaACeSyFWRpKKWK9qLEqWwmJs6Bsl2
qigSA7YwCy4h6PZWM3aYyFtNncbcCL2exC8bVyYkcamGOmcic2h5FN98uJoXIEXkKpA+ovSAOplg
SCwpfpwDFxrYR3JYcwfdlDwlP9XI2LjOdlGAeJS2wns3qrv00InVG2j2VIiA1GyehDLFdGkBK1nM
xAXJOX5Yj6ggI3ybXPmouzK0uGyVbMrw9kyfpeoWutVsWSDyHdKytAkUkycGbhUVMSoECK9d57Fi
iYoppC85x7WMSPSxMwAVWW1yDLkg6NJLkdyRg8mHHegLNLhgX1fcB7UXuYL0niv8LYF/jwyqtLvO
yHMhHa1tm+z74KjmNAx28SM2YpngM9BhNRQMSrASggqmGWId9jRk+lLk6Bq9GqaYNGwTJOLDJJ5U
yXa9AMS1BBKFlS7sWKZx2lLXjdXNmbK6nH9lq/nEtLyaRnwsqEqZIG2X6qGF1t7Ylp1etMlE9Qlp
NhMdqFqJKl0QIwYZnSELMCcgtjwNRcaCy8uI4vP0MHKG83QQcqyYiPUyfpiN5QU5m34QlObAErLt
lgXB9bmYyno4ubhoV74mKsoW9toT1KKW+8wtZ3vVguVHYuFCRaVrczBVcZ+o5WkuF9SoyXGeyMCl
tMFCZNI5SWwH8wQWsKiB1TqFVStR4cF8WlCS00XlKbECUtWJ8J62hAXCRN1NJiyqHvFbwmO5GBZl
oh/IZze5Rq3PyMkh2f784eTwBcFv/syBBmh/Be4+zeRrvkAxcP2SweKlXWeAoAmJaCKEjV+C+fz6
tMKv1jYa5AcxGBaLRNCE7AMXuSIMC96SqjqiQohWxAkCMSzc48GydV1yX1NECnkKeDdGi8pvAv/y
w3bVMkAsIRWloDdMfRYqTryQp0T0BbXBqp5HcSkZJYtqVY4hTcUB4Ytb1T05ZF57wKrwpVdIpqLE
IfUdrAjEKydDtFXKXeaq1OKBJRfS16k+Ldlnj6SQJC14iMNIP658lBoFAxGNZ6uFQozdwmY83Kla
GRWzW6tScpb3o6REEw5kwFEWjaJUc4wBFl2UqEeAHuJvESGh83sRL7XOgvGYyfWvyyQylwVogKKq
KULcvFJ4oeOi2GlEXsk+DrRiHxwRoU1SU/nBTBiNQVC7jcrO7WTSDDCBflR2B8RWnfHvipquMGas
DrRK8XmxXNNJ8fiLGEhUd3XbPBSDiVc45MIDoTxZhjNN5FcEieKOqGpKFcFFH4N1wNciNnlGZrAO
y2vx1BWblYTaN0WkfNMV5WKhBn4SVjFybtIkLcNKGdUFhjLRRnnErvCHIsNvpcqLYTBBxwTRTuXO
olora1R7KopjSU2sGyVYBkE1X/igw6rY4ddyQ31v4SMEDdDK3ExwOod0M0i0GQEra8ntnVXLeYIz
I0hp43HXNk8ExeDJlhGue3J83DgHDvOadFzMqfukvi9YEF6MzmYZrKBltUyV1mQFAT+ifNnkT9AH
Fnx+eI4fEW0pny9DHzqFKyaTawqmcyVGzAXhNQMC1tbq2RBpV5KXqikn54ZQYULlfaVMEOTxQ5gi
VOk5ooAnuugg7Y5RT7TS1Q4R3wHbIfjtFBGfi1UaBq43YBmk2i30QDHGP3m3ClcyWFCjFKa2nrT4
WkLKCaFceLHKWSiEYubl/WqMGzMtedWnuuBR7atVAEak2B4tAV0zziw6TBxQ1PhUp6qe264HUHf0
ESpp3h3ilduWsyutQiudKByAvlDyrIokcwUUHgNXOSpxVh4Da86wNvFF5siDFSJYfgAjcoMBPVBV
OZA+DvApF1lFNhpymqtlCWSSNErD6gpzHqBRzdVeNWnyHugtlrD2yC8iWYH4uSNqWr8iUvlGyFWY
1Dc+BBuYOOKL+WXVoNp/EuWA2yKWCOgiQuciQRarTXx/ENCqwq1OvhxX0CB/Etyxwqggo1c94h55
c7o/3bP/Mdzpj6+tne51d8f+h/UPHxMiYefb+DkSD53ry1FHumJ51eu/kFme3GPQF+vSwjG2gIxV
LU2kHqIYBrPmLYn8vnKZVU65WqFkq90J4XEAD4QqT+z+5JXAWtXOBuiCTGefvRGuRgwl2htISpEp
SMgXDdISuaWW9CXiW+2EXYPjy9XizrsUG+NiIQMScTkk5kuZxIl2yC+QAksPGUakzUguBX5IRrKV
r97a2WLXBYtzrl7tKj4non361/XUF1xXENxVws8GG7Ak+uInBThDA4o7kQagzEL9Gl2Efh3wULzx
s4bMIuNDxHPcbdeuOVjZQgfg54XFuQ35JEfkyi0yvUmuvnqsw1LP5Po9C1Rxwegp3H5ugiBBiXTI
xeRUv4yW+e+h+Hqy+kX6eErBxr0F0sJPMfc7vc4Qfj4/AZMYeh78Ox6wwbAfDPyhzfpe0AnswTDo
jZg1GHo2dV27S54D7iK5ZDGkB4bEllTssFYPC3zFs914bK8vXiD6VX65dtUaLq8jc04SZMfudLqW
ZeNprMnhuSEqP/kiWGkCAcTN6QR3Eee50fCCo0P4fGbIqEEBXOIy22QLgFf4TQADqH2jGA/eW/iZ
bSB4bipnHa2/iGRM//4ziojP5Heh1YPbKCaB0lJn+YVD893qG8Sox9kyLRIBkMe7Zv6NOeeGmgjZ
dHUQrPFK4b5npVTGipx/Yc52PhHlobrDn3/+L8cIzoY=
===END CRASH DUMP===
