PocketMine-MP Crash Dump Wed Jun 2 00:52:22 +07 2021

Error: Undefined index: NuTaVN
File: plugins/SETVIP_v2.3.phar/src/MCPEVN/SetVip
Line: 191
Type: ErrorException

THIS CRASH WAS CAUSED BY A PLUGIN
BAD PLUGIN: SETVIP v2.3

Code:
[182] 				  
[183] 				  unset($all[$name]);
[184] 				  $this->time->setAll($all);
[185] 			  }
[186] 			  
[187] 			  if(!isset($all[$name])) {
[188] 				  unset($all[$name]);
[189] 			  }
[190] 			  
[191] 			  $st = $all[$name]["current-vip"];
[192] 			  
[193] 			  $i = explode(",", $st);
[194] 			  
[195] 			  $date1 = strtotime($i[0]);
[196] 	    $date2 = strtotime(date("y-m-d"));
[197] 	    $date3 = abs($date2 - $date1);
[198] 		$help = $date3/86400;
[199] 		$date4 = intval($help);
[200] 	    
[201] 		if($date4 >= 1) {

Backtrace:
#0 plugins/SETVIP_v2.3.phar/src/MCPEVN/SetVip(191): pocketmine\utils\Utils::errorExceptionHandler(integer 8, string[23] Undefined index: NuTaVN, string[89] phar://C:/Users/Administrator/Desktop/MSAI/plugins/SETVIP_v2.3.phar/src/MCPEVN/S, integer 191, array[3])
#1 plugins/SETVIP_v2.3.phar/src/MCPEVN/SetVip(26): MCPEVN\SetVip->tick()
#2 pmsrc/src/pocketmine/scheduler/TaskHandler(137): MCPEVN\TickTask->onRun(integer 1)
#3 pmsrc/src/pocketmine/scheduler/TaskScheduler(179): pocketmine\scheduler\TaskHandler->run(integer 1)
#4 pmsrc/src/pocketmine/plugin/PluginManager(654): pocketmine\scheduler\TaskScheduler->mainThreadHeartbeat(integer 1)
#5 pmsrc/src/pocketmine/Server(2389): pocketmine\plugin\PluginManager->tickSchedulers(integer 1)
#6 pmsrc/src/pocketmine/Server(2152): pocketmine\Server->tick()
#7 pmsrc/src/pocketmine/Server(1992): pocketmine\Server->tickProcessor()
#8 pmsrc/src/pocketmine/Server(1586): pocketmine\Server->start()
#9 pmsrc/src/pocketmine/PocketMine(291): pocketmine\Server->__construct(object BaseClassLoader, object pocketmine\utils\MainLogger, string[36] C:\Users\Administrator\Desktop\MSAI\, string[44] C:\Users\Administrator\Desktop\MSAI\plugins\)
#10 pmsrc/src/pocketmine/PocketMine(321): pocketmine\server()
#11 pmsrc(11): require(string[91] phar://C:/Users/Administrator/Desktop/MSAI/PocketMine-MP.phar/src/pocketmine/Poc)

PocketMine-MP version: 3.19.1 [Protocol 431]
Git commit: a7cd0810020af15fb3d79127c77cf576085cd4cc
uname -a: Windows NT DESKTOP-KF1VXGB 6.3 build 9600 (Windows Server 2012 R2 Standard Edition) AMD64
PHP Version: 7.3.21
Zend version: 3.3.21
OS : WINNT, win
Composer libraries: 
- adhocore/json-comment 1.1.2@fc2f76979f0a44a5f5bc2a2b600d0762fe0e78e7
- daverandom/callback-validator unknown@unknown
- pocketmine/binaryutils 0.1.13@0abee38d4e2861621f262c79a2a3d699d8a697f4
- pocketmine/callback-validator 1.0.3@64787469766bcaa7e5885242e85c23c25e8c55a2
- pocketmine/classloader 0.1.2@9757928424652393b178a3760073113aa7c9911b
- pocketmine/log 0.2.1@830b44a2cf96ef703c550abe64302f230231ca49
- pocketmine/log-pthreads 0.1.3@e477ecf6ec214fdd4415ea1da3fdd9d73bf699ea
- pocketmine/math 0.2.6@43057cb8c179a9859677b496a788db922fd5cfc3
- pocketmine/nbt 0.2.18@9f82ca4d7f97fcd9a566e44b63c4f18a7657ae82
- pocketmine/pocketmine-mp 3.19.1@a7cd0810020af15fb3d79127c77cf576085cd4cc
- pocketmine/raklib 0.12.11@9cce458b8bfde3e4dfdbf70c659fc7b7fe26b5c4
- pocketmine/snooze 0.1.5@70b5e7937a06878dd321a3182ceb76d56298f2cd
- pocketmine/spl 0.4.2@6b08b7cf8c4afa17139c9a1b3bf1b408531de161

Loaded plugins:
FactionsPro 1.3.20 by Tethered_ for API(s) 3.0.0
reyyogaWtrhit 1.1.6 by reyyogaMnelux for API(s) 3.0.0, 4.0.0
VanillaEnchantments 4.0.0 by TheAz928 for API(s) 3.0.0, 3.1.0
CustomAlerts 2.1 by EvolSoft for API(s) 3.0.0
OffHand 2.0.3 by alvin0319 for API(s) 3.0.0
NoTP 1.0.7 by awzaw for API(s) 3.0.0
Shield 1.0.0 by JavierLeon9966 for API(s) 3.7.0
BlocksConverter 2.1.1 by matcracker for API(s) 3.0.0
BuilderTools 1.2.0-beta2 by CzechPMDevs, VixikCZ for API(s) 3.0.0
TimeCommander 1.0.2 by TheDeibo for API(s) 3.0.2
KygekRanksUI 1.3.0 by Kygekraqmak for API(s) 3.0.0
Worlds 3.0.7 by survanetwork for API(s) 3.0.0
MultiWorld 1.5.2 by CzechPMDevs, VixikCZ, fuyutsuki, kaliiks for API(s) 3.0.0
Broadcaster 1.5 by EvolSoft for API(s) 3.0.0
PointAPI 1.0.3 by onebone | Fixed and Update by LamPocketVN for API(s) 3.9.0
PM-Beacons 2.0.0 by jasonwynn10 for API(s) 3.0.0
FormAPI 1.3.0 by jojoe77777 for API(s) 3.2.0
InvCrashFix 0.0.1 by  for API(s) 3.14.0
ec 1 by McLebt for API(s) 3.8.1
SETVIP 2.3 by MCPEVN TEAM for API(s) 3.0.0
Slapper 1.6.1 by jojoe77777 for API(s) 3.13.0
HideCommands 1.0.7 by Himbeer for API(s) 3.6.0
EconomyAPI 5.7.2 by onebone for API(s) 3.0.0
KeepInventory 1.0 by KhoaGamingPro for API(s) 3.0.0
TPAll 1.2 by matymare for API(s) 3.0.0
EconomyLand 2.1.2 by onebone for API(s) 3.0.0
MSpawns 2.2 by EvolSoft for API(s) 3.0.0
DevTools 1.14.1 by PocketMine Team for API(s) 3.13.0
InvSee 1.0.0 by BlockHorizons for API(s) 3.0.0
PurePerms 1.4.2-c2a by 64FF00 & ProjectInfinity for API(s) 3.0.0
BlockSniper 3.2.3 by BlockHorizons, Sandertv (@Sandertv), Chris-Prime (@PrimusLV) for API(s) 3.2.0
Netherite 1.2.1 by Wertzui123 for API(s) 3.0.0
MaxEnchants 1.2.1 by Xenophilicy for API(s) 3.0.0
NoDrop 1.0.0 by Inaayat for API(s) 3.0.0
AutoXP 1.1.0 by JackMD for API(s) 3.0.0
BlazinFly 1.8.7 by iiFlamiinBlaze for API(s) 3.0.0
OnlineTime 1.3 by Zedstar16 for API(s) 3.0.0
WorldProtect 2.3.8 by aliuly for API(s) 3.0.0
Farms 1.0-non-alpha by Dấu Tên for API(s) 3.0.0, 4.0.0
AutoInv 0.0.10 by JackNoordhuis for API(s) 3.0.0
Sponges 1.0.0 by  for API(s) 3.0.0
SocialSpy 2.1.0 by Crafter20162017 for API(s) 3.0.0, 4.0.0
Trident 1.0.0 by brokiem for API(s) 3.15.0
PiggyCustomEnchants 2.4.0 by DaPigGuy for API(s) 3.19.0
BangHoiUI 1 by JVN | JackVnKiller for API(s) 3.0.0
AuctionHouse 1.2.4 by Shock95x for API(s) 3.0.0
PureChat 1.4.11 by 64FF00 for API(s) 3.0.0
PiggyShopUI 2.1.1 by DaPigGuy for API(s) 3.2.0
freeze 2.1.0 by Bavfalcon9 for API(s) 3.0.0
Item 1.0.0 by LetTIHL for API(s) 3.0.0
essentialsTP 1.2.2 by  for API(s) 3.0.0
LoadWorlds 1.1 by shin for API(s) 3.0.0
giftcode 1.0.0 by LetTIHL for API(s) 3.0.0
CustomTags 0.0.1 by DaRealAqua for API(s) 3.0.0
UpGrade 1.0.0 by LetTIHL for API(s) 3.0.0
thoikhong 1.0.0 by  for API(s) 3.0.0
VanishV2 1.16 by superbobby for API(s) 3.0.0
BetterVoting 1.6 by Twisted for API(s) 3.0.0
OreGenerator 2.0.0 by vividmemory, LetTIHL for API(s) 3.0.0
TempBanUI 2.3 by SonsaYT for API(s) 3.0.0, 4.0.0
PickaxeFunction 1.0.0 by LetTIHL for API(s) 3.0.0
ScoreHud 3.0.0 by JackMD for API(s) 3.0.0
CmdSnooper 1.0.0 by HotshotHD for API(s) 3.0.0
BuyFix 1 by FPVGAMER for API(s) 3.0.0, 3.7.1, 3.8.1, 3.9.3, 4.0.0
AntiToolBox 0.1 by NgLamVN for API(s) 3.19.0
ShopMob 1.0.0 by LetTIHL for API(s) 3.0.0
PrisonMine 1.0.0 by LetTIHL for API(s) 3.0.0
TrashGUI 0.0.1 by Phuongaz for API(s) 3.0.0
Buyrank 1.0.0 by LetTIHL for API(s) 3.0.0
luyendan 1.0.0 by LetTIHL for API(s) 3.0.0
NapThe 1 by phuongaz for API(s) 3.0.0
SellExp 3.0.0 by EzMinh, LetTIHL for API(s) 3.0.0
BuydetuUI 1 by FurryJaki1992 for API(s) 3.0.0
PHP-Sell 1.2.7 by Muqsit for API(s) 3.0.0-ALPHA9, 3.0.0-ALPHA10, 3.0.0-ALPHA11, 3.0.0-ALPHA12, 3.0.0
level 2.0.0 by LetTIHL for API(s) 3.0.0
Rewards 3.0 by Wertzui123 for API(s) 3.0.0
KitUI 1.3.6 by Infernus101 for API(s) 3.4.0
cayphattai 2.0.0 by Lettihl for API(s) 3.0.0
WarpGUI 1.0.0 by RockPanther for API(s) 3.0.0
NganHang 1 by GreenJajot for API(s) 3.0.0
RPG 1.0.0 by LetTIHL for API(s) 3.0.0
MuteTime 1.0.0 by LetTIHL for API(s) 3.0.0
gem 1.0.0 by LetTIHL for API(s) 3.0.0
PureEntitiesX 0.7.0 by milk0417, RevivalPMMP for API(s) 3.19.0
capdao 1.0.0 by Nguyễn Công Danh (NCD) for API(s) 3.0.0
SlapperRotation 1.2.1 by jojoe77777 for API(s) 3.0.0
detu 4.0.0 by CLADevs || GreenJajot for API(s) 3.0.0
QuestPlugin 3.1 by HmmHmmmmm for API(s) 3.11.0
HealFeed 2 by JackPlugin for API(s) 3.0.0, 3.1.0, 3.0.7, 4.0.0
AcidIsland 3.2.9 by GODSMineVn for API(s) 3.0.0
restart_in 1.0.0 by LetTIHL for API(s) 3.0.0
AutoClearLagg 3.1.0 by Twisted for API(s) 3.0.0
SizePlayer 1.0.3 by  for API(s) 3.0.0
AutoSellUI 3.0.0 by LetTIHL for API(s) 3.8.2
Joinkit 1.0.0 by LetTIHL for API(s) 3.0.0
luckyblock 1.0.0 by LetTIHL for API(s) 3.0.0
Kho 6 by ItzFabb for API(s) 3.0.0
MuaPoint 0.1.lpk by LamPocketVN for API(s) 3.9.0
shopvip 1.0.0 by LetTIHL for API(s) 3.0.0
CustomItem 1.0.0 by Phuongaz for API(s) 3.0.0
PiggyCrates 2.0.9 by DaPigGuy for API(s) 3.2.0
help 1.0.0 by LetTIHL for API(s) 3.0.0
MenuUI 1.0.0 by LetTIHL for API(s) 3.0.0

----------------------REPORT THE DATA BELOW THIS LINE-----------------------

===BEGIN CRASH DUMP===
eNrtfWt327ay6F/BdbJOnXstWaTe3itdcW0ndms72rHzOLvsyoJIUELNV/mQrezd/35nAJAEaMeW
bNXnfGh3uy0OgcHMYDAvgOS/t/w4DWn+dcHSjMfR1l5vZyvnIdvaswa23R+Mxz27PR52h/ZwZ6tI
5K1+2+qNxv2+1RkMu33bHvd3tgKa5UdpGqdbe//eypcJNNsS10c3LoN+gHtnK2RZRmd462PkMZ9H
zCMcft3skfPikn46hzZ+EQRveYCNkjlN93Z3D/Z2P2ZA3+6+F/KIZ3lK8zjdPWTZVR4nu2cX+ye7
SVDMeJTtXhxdfjqZfF3Y7W4bu+9mqbt7djA5+nS+e8HyTzwBcILDqCFW7gd9AiAYBDO2QEYpdeH3
r1svOmR1HNvQ99UeSWL3iuXAC3OcIudB5jgf8c/eHjMkdkwjL2DpNo9yNmMpGe0QYJ5Hs1/t7m/k
OyKs2ozGv5FNS3CHlLSgFAhNU7r8tfvbKxDOC2sdQdgDkIMEOY6EtX7MuXu1LXDZJAmxE/5XS2s3
c+fMK0Aku5c0uyrFY3WHGrJLQIJ3Wz/G0YciqoRnCcTdVRBflFfb1nDcmK+qJYxU09D6Mb01VO/u
oaSQdifizxmNYD2k24N+7/5xKpJaP4aUR5fzlFHvmNE0nzKaN0bu3z3yBUthmW/b3VGTKUmT4xhE
yfmoBs4agwzuH8Tq241B5B19lof3orDG4/tQTNLYBXMSpxLX6H5c/dHgO7iyHIQocYzvxjERP8/g
57Z9a/2WaL5+deMIFlbh5tvx9Hfm5uQnmrEDsIvZaUw9lu4QBb9j+Z/BnJ7Gsxm2Usu3O/iNHOyB
ZcCF6zjGynUctXShJ6xdx6l69Xpr9FLr1XHk+u08yH7XbrKfSflKBJZEsG1hq5T9UfCUbSvCxtZa
1qgetHU2qY2ISdarrd/+3NliG/E6T3EHQITs+JVHizhYsJBFOWDzgH833yrvAkTiBYgbewxptkY2
gJ1c/o8QuGWNugaoiDKWb7+kQfDry4iG7LdX/xCtekarl/mcZ7gyQgY6zfL9IBB9VON+1ZiQPwVk
oEEEYKgBuL/9f3jWHPcV+bdoOVqJvnFzyHGnMeTY0gAvs5y8JhqaX50tt0hTEGVrwRNn6zeBdmw3
kXR1JBxwsJskAPFuO1s78C8ilhSNe82uulReejRnFnQHfcxjlOP2S/5rR3EzluIiRDW0jYYIgeGW
rbDlOVuvVJeh2aULXeg021b9W2pE1biU6cs5CxIUhOiyOxr0Oh3ZopSnuNODJmCPFxRmGXsILHan
Uw0pLkv5wnSqXj++BvMN0/jn3yHM3yHM3yHM3yHM3yHM/3QIs7M1YxFLaYDxAHo+MNpGXyBsCvNQ
5+hb3bY1blsIL3jgQQwy6kIKzrOvHlts7fk0yBgEHWmcx24MaHtdyFhnHEMSOnS9zsjqdOwO9a2+
P+16w7FlD93h0PX7w0Fn1He9nusC7kLR8hlsc3ydkfNLcnh08cvl+0nrl7fWpy/vfiKDdpcIEsh4
0OmQ7bKp1CgCDsgmH2xykYOJoalHjjyOTuEV2T87HPQwMIJcfG9rCEbWRna+scgT7KlruP01zpCG
k/PzSwCIi2seiQgqTGKYg68Bn6Y05SxD+VFvDjynbPf3LI5a0EaFYlbbattvfNf2h4PxcOx3aK9H
+35/6trUngLxXmc4sH3WYcMRGwJ6jwIHQHYc7roQk0ype9UCb8s9nGhAWERXUXwdvVF/kdh6Yqc8
oulSLAxo2oGxre6bDp0y1h15PWaPBtbAtnx7YLvDMbVp1xuMx96IAml+z0R15+BWu9Puvhn0hqNh
D/oMBlOX0iHrj0Z9u2czmEO769p9NnL7fWo3EOJyDsRyVrTZb8bD/nBsj3p2b9C3u+Pu1BqOaBe0
oTPsWlYXcLvjsWVNTUxBPBMY7Lb1ZtTtTEGituuPB8wfdrowMjI86HU7tm/D/3Utl/bGtzC0klw4
glJQ3TesNxwy1x8w17Z6vuf1elafUcujXbgYe8Pu1AdpMWqiCmk+V9QM3sCg/aE7Hbng/Oh41B8P
hsNpbzygw9HIm45t2/f6ru92TRTRNC/5Gb0Z+yMbCPaGPsyJ641pfzBgvd500HV7vjWiw0F/SNmo
Idz6ZytMqoX6Zo1VpyFL6RXotpQL0GS9Gbsu6/VH09HU91iX9Tzfm4Ks3UF/7LvD6dBn9mDadxsa
lEVx/I0p8fbfDDvTPhuOu0PaGYyGI88Di0i7kIe4bDoceP2BPR75tus1kCSBwNADbRlMO6MpED5y
e9Sn1tDqjt0xtaYwMda0B7x0LY9ZA2vrzyoxEmvzLXVx9Wfg9jRTp0N3tmobZ6ER6ACIFvk8TjOM
VC9ZPmcp876i1aQJR1gX1kIHr1lEpwED+wEeDMyfxxKwJtgN7mWxnx9WgK39KOcXCQ1xTLiL4YhJ
ieOoC/RqmOrBekGz/P7i8vP7D6eHALpm04znyAEG0ylbLuMZ/Zync7SzFXcm3OTPag9M9lTjs4gF
xc0tFne2euuzWnOnkAMZlnTWq7D1iUY8COhR5M5plKMtzTTm7rqrs9hTdOszOGf738DU3MEdrJXH
c7eQpDjOARj/hzib53mSgRcHlzgvpm3wErslXbt38QSCOCiyPA73IYg0JGCAddZt4Z41xo8WcXAB
xD9Nc2uG9ZGBa5MOxf3F5f6Hy4+TO3m/vr5uM6AJ8bfzK+Txve9jLqCxV0JMzsD3mLzRYMGjTtca
b4q5CqHjAAkwEV71YxWtPY8vJxoX4tJcep32sMHC9Td6vTHyEZnjRHGerLbU7lBISRAwczHnLNAn
RQGaDDUW2s90wVl6yuJoPB4MDM6GD3BWTfs9LJroIYcQRJV/V5mknwLwLtlBHAEbOUs1Bpt3Guuq
ubLA87spREjQckPzV2N0nAYxjiMzoZU4xMiYpZdxHOg2wwCbswhrqzVluQjZNA4PvjF3Pjk7ZAvs
8Inf8KuDf22KWReRJyFkDmBHppK2HGkD3k1K11VhjexdAxXI5pKH7ACic1AzY+5NeFPH7VvO5JDx
adwQhf1YURiDN1fuXcYUOfllOWNXH2h0lX080RgxwM24prFWRduU/hHSq03NqobScXRaVvf9n+M0
8HTFVQCdme5tS5oVKThjll/H6ca4ETgd51oQ4DgVIStppIpA2wJJGyjbfSERIZNnRZBzgU9jVAOa
M9dvr7QycRMbsr+suOLw+woSN36V/SXrNURKBTcwrzrVT1mrGiK0YimgcmnWsNEatCGjvzbu0QYG
A2VQ8bioZxLzKN+fnBjVFwVq2p9G3BNHbAr/kf+Qt/yGeQTsBvmYYKGdTJfkFPILkUB9OjeYHz+e
eTWg4yRIIWB0HI3WBwzV5Kz1E6NY4tNZrYHNIK9hpH6nWRxdL6PI6mxqLjWU4HoEGTCnFTkPWqi3
cRqaM1dCHjC4v8e/x2yI/xis2E9gpcIIqaMkovqxCisn0eIgpdkcFEljR4fqLIHMG1GQzobVe0Lo
U/wBVDkOjxYujuzzm3VCHuZq1DPXnAdzDs7cUzY1zcIImHok3RKb4zB03e6cZfnqjk5tymoRdrlL
qy+IxtqXezXk8mj/bFPLwdxLWonygCaJYZdLiLkABs2Y+TsLwOo+wUfLkR+d8NQk7ZZMAIfH3CtD
Mt1sGeAHUrtjHk5ZIzkYPJ5Phc5xdBpW5Fp2bQMLwNoRmLk4XJoGTAPqbPUhabPvdD6bUr7KtTBJ
gXAuBjUPauMvjCVgsViUx+lSD4UNeGO2GpHwPKbvaMijmSrNbSQW1pFCNKyTs7qVuJzsB/oWjbxu
5G+3MtNlSFO2wbxU4HOcPKFBsDrtah5PzeqODm3m2BtQNl2X11C8QFR7TNoeZPDsIqHXRmBTQkzG
7L82OFWD4uZkOfrjglKIw5tlgwrUKCL3mra93jskl4yGGzPwJQG4B7to1ATuY0+z8TVpuxUOGfxc
MGbGPQh4oMQlSjPHccq/Yby4qfxCR+o4kpJ1QqBJkbIJS0Mjyq5gJku9tt1ybWqyNei9fdvpkP8i
YK1ws/0k8nnE8+WmOPwqB4DUoaRK+/kIxy36qmMzNZ6ywncR8eR2dU9BzVLCrRjLnGAId0RhJl+Q
7TflT9y1P5inPGtNUh4yuIN/i+z006unhfZbZ8tJEOdb39UMjY911ONcbGGJ67pAXcGa5cDG0v4M
LH8ruGV3N6UMNUbHqch4dAxXY9uteULzTG/UhophojXoA4x/YVGczHnA3Y0tAw0l8luRYlystttw
mMaJsd8gAA9Yr5OI0iXdmOtR6GAWxeirxwb7RR5/0bMfBWjuVd7aX3Cvzg43Rb3E5jhy7Efrn0Sz
qzgQJoh+49HbYGkYoBJmsjhqJg6cvw0gbOQR9thYEGdiRTuiyNF+rjJv7yM8f3wpHsipN+xqYKME
YrL2L+bhoTFrsCmuKoSOU9Pw6HmssO1qDJUlaXCLOR6rbhSmS3Aja2+PmnuVvAiWm9uoRGyqMp1I
ClbZOLiD57OCpz5unumHSMrjqHnK8IgLFjp3DW6xCkbNYENeN6xPK4qjFg2SeSPYOHQKi9F+QS6d
otNhNNr0sYN5iGcpRJBREraSSYLAq2GTEHKrCHaHVTqP49SbFzzbXJnSvYpKpI4Dw8U8WkhjJYl6
uFCTxNGM6bNUQu73EhtzDotlv+84atA1SmOxy2lwkej2s4Y1k8bGZByk1AeFtTvWAP4bblqz3NDD
o00i/joIvQv5e6VUPuWeOBZYJ/MK8oDPnqbxFWeNlKr/eBYUPsdR40MgflaT8nCqwWezpTz6cUd4
ddddc8Z6Tf4OKXR6V5jm0XrChkWJEBi7Tc2dwEd4i3KQ3TvQ7YoogEaz45gb+7M17J4a9c+fzsl/
CBqVT9EvPAieesRA258wiyNlGITl39UDN3FC7TguMmaYSg3cDKt7Jn8Xc3A14/7NE7kyyoT6noVW
HVYjofkU9M2RPrShBrUrZdcHc5o3kmsBaubWlnVXYr1eDatOaG+zLdStPDS4tdM4yfiFLThwNTlq
VU2+k4Mj8fWvDWTgAk1pH2COE0PzdegDR2vutAf20/RD7C4ryNZ3LYWkz7h4smWQaIRF8CGe+qav
GgV4wKP9RBc+DYD2jZ10qzE6jqRhdQNwkoMr0opmePmAAztl+eXJ8enGcpkcndeq9LIsA8cGsUNm
HM8zwE2DZf8V4ZA+ouM0xn+QDaz13DobowEbiXPjdMycR5uSfj3m6okWrg83WUTtPE6QmRn38/JZ
VMVKBXpeXSqHXV2fpKe/pLPbJ3IF8P4dc7A4HxgN9v8o6KZY8GgKGClgXI0Jj2cupBXtgOHxZdpm
BbL1MXmXUmNGSsjzTkixRhEJaOBXc0guNKpr2LPkONVw651uz+af7MaRdgFqrOJB85AbpBrTeDpd
bu6IW4nRcUoi6l8rHTdlOWRbn+KcG9NggBvHAhrHKa95ljNvUxwpdHiip6bAvFqpzpWyd+L5uDzW
txEM8ANHlxZ8wb2QhXG63CEbXiU6HY6jfq4Uyl6yMIEsxIjNati9h08uIJqk/3256YxaoYV0tCRj
9bU04e4VvWFvi0gEu0a8ad55XiuWyNHXKHng44PHhXHivgQ1j74+S028HH0Nx1hXQzTHqJdI7p2B
4ziHdC0/3hgnj6/U/FQszRNxCnBPzv528und/tnRhzufMBqKIECeNNsRZzG7T100kqI10naINXHn
+6dY50uHmnFLg73z2SkNGydKn1KhUfggE68pWHU/U8u0SrLEAytxchZPjSdWJOR5Vz7o8BoRzCTl
WRydiVe61KarBj6z1RIDy+fTVz6ghFWXd6Y7KUEPhMKTeQGBE/22sV1l0CMsasrR1a8V13tKoytz
wQvI88ofh1xd8kGxBAxUd3oV6HnpLoddnfZzmlzOjcMIEnCPhU02rC0lPseRY5d/V/LWLAiObvTd
9xLygK8++gbLer7xcFCidZyjL5OLtewP6LnH8sKsUVew+/xdkabLn+kVx5eNbIoNAyk+WkIvi/P5
mhHh8aSFk6Hb0xLULPM0dt7PxCn0JjOt/dPJ8f5YOO7q0uo0rq3GtV1ePzoqBoKPxaHEle0BWzCd
bXn9QJKycQ/CspzP1vAfH9g1TY2iVglpLKXnPJOkSNjEiSSFStR/f+G5+bSeuG4+NTJontjxWRoV
mdWxDFZ7T9mYrVA6jiBi9fly6TKZ0zynXGNEAz6sbzmfBxuL8ZM1nrj4TNPEjFRKyAPu8kPsXk1o
hEfLNkU4onQcHH8Npzmj+GYzvcxSge4x1e9SxqKf6e/xxk591RjXWOeTd/oah6tnjm0Xa0j6rMib
Z5wq0POSHRb5GsZ0ZmzNzJ59Z2a2zsYM7hkeQfqXc5Z9aeys1nAzhxg2GQh5cNXpWejJP7AFX9Bg
cnY22ViemkqcSRiC9iQF6r0kTO6clmSufexKo3XX5FeY2MSjsWFeBeCBuTyfFUs8V+X2I3KA56r8
XjQjhzSak+3zg8NXm5pkHIdFBxA8I27I2jHOOMmCFR+aUI9ZfYhz2ijZNe88cDr3O0+TPSXmMglY
XZUxXtYYEZcPvJLm4HQfH3sm//kP2byBVsiBAR6txcg/C4jfJuq9sRU/OtSMyhpTchyG8C/8Yy7A
h96wUz0/eO+JvnCOmB3nj0I8ZymIekRsVtK4q3OFz/wxGrxlTK/AViAjqLldfVVIvvdyoZ3qhQW9
p1ZmJ+p9kyuX/VzuqaWpVf1qYPNRiHEjdHh/eIF1qE/RJs/qqOdx4ojpRzHkkw/AmnwCYqW3X4lX
UH41dFUDPnPxRg683hH4g4DR9JTOZo1TpzW8sd5uvdlqs7tnebl7hsdNXSQiACLkoVOdprVfdCXx
7mfLoAjPDnZNfOgV+Dc2CejSfKy4Bt7/ToRN2X8c7xTHc5z696pziRm7kV1owAfKQnep4ujxb5RR
6FZXxZ9jHl0Zb5ArIc+7hq54vk79071aTvF5KKMCWgGfuwZaDrw6B7/M9SgPr3Sam3WA/NtbOp0+
+mHYW2ckv1sdkAPhW7XitXImKt4KYuRMCtTYW2oHyVVjMh751pKmY1FvJblvbdQjiQqj6FP/WoVT
3OJZcL36W0Kef6sJ31G/5tGlxgE+DfgA+Zver6lHXmfDHw9b42GH24fOJbRZgBr/JYdL7zpD/v0D
6IIy4+LpB84FGlFWxDfxa8IQl8+riTjkGpaCReaOgwI8c2UFBl2VZnyjLE2B2Jw1n3Yv37ItbI54
AXU7SfGggagL7G29mFRXBHJmn88IfvXDSZ3oxQXNyRldEtsmlr3XHe91u+T/dYbE7tgWNgjj3Ht9
9v6U1BE7guUwrSRO89fW2OraCLyeA7GtAMKs1x28plEUF5GLD3NhENOi7pwz+Y2Q7DWkhIgH3xbQ
Us+Pgdhlx5DeqD7Za7uPkBnFU0wek/f9OAWsFSz2fYSCBDw8MVJeJ4tEjeJx3+duEeTL14LQWXlu
qZVhLTiaZa8RLHYrWqgQrwNxHq2CZZCBaU3weyuvD4/e7n88vUSonPsWZIXpUg2pQCn4hpIe/N1O
aJZdx6n3+v+Kf0BIEKG1MrpgquOCs+uWBzKkILnXIwTdTOObFmqhagKTMCvojL1m0QyvjRcWt5ch
vrD4BUG1Iq6Y7iIVxQQx6wSERwzdAS0gl3OWMVJKg9CUkXzOCORHGfwAHXFxMnMyZYRHblB44ssV
5Ja2Ia6LOISePiJo4syoz3ZIjFXsDFGSacroFVnGRapwEe4TmFTuczECzCd+SSZYIuJzdl2h2/WY
T2FGM3IdRz/kBJN3mhKUZgjM4svDl0ghfhxG8n09ZxEpkllKPUDQdiLUYolsz4kIefF5Lp7cJnkM
o0QeARTqzfwgg5RGoPyQP8jbglSItCggBnkGLBfy8tiCu4zMxYclEBIiZqmu5aztEfGaeryRzYvc
i2EBqA/17BFnS71B3g3iDJKgLUHZfhDE1wQXFhBTfqmDLDgl/0SVwzZC98qnJvcIGiHR9Ujooeoj
3tOGS4TAjIFQENt0SZQosb1S2+q2RuyLzxwEEkcgV+p5BHJNKX4UK37TgYSMZkUqljcBoU8ZEg3C
YX8UNECxzfgC2i5oUDCyrQYFQ/MKscsRYcEwtCktEDt+UGEPbouxz4twClIBrYL8LXLxqxoE37MI
etQWDT6CtIRql5xis3kKkVkBswfNsx0inlUlavHDetgh+Cp9YAQNvpANGFyEhUUEGoRNJPILMb3A
E2hZGt9w0DAGYgCWhOZGFXEoW0XQiY+6im1QJ3cIz38A8eWp6OYxtHdCZRqdyTbwUMC6sYVYBBst
xemeQNXUVSqUIy2iCKfTQwMVJ2ISxDtNszY5ZAv1m4R8NofFjCH4jr74lOKgRNK0SHIJlQJDwYRA
m+JLTC4sSvGFAU8uCLqIuQdk300B6gjqXAyCBu1qa4oGjVuyUaVpYP7FgVW5KN+BJQbtQQ9KJBzW
QchzXNshm9HpEkKQNrmQou4I4fIMcYvulzhr11xIXmgULNrrlkRUKlkmOPQ5kAgWieH7kRANPpRS
DimVHGarwGVKZjFMVIzLFLUCB5oJMluCtD3SQS5gdGGC5Vv+/9dzgCHJffSjd30a/RCoJoIEZT4r
khS6jID5QP8Idq8kCEctqbI6dk8RJozAZ7EqFH3ZDxugUKwLQRJaDKI+wgUrnd0wtxDGN5YkyxWJ
zqpqzW5ciBKymiNpuN5fHu2Ry+OTC3J6cnZySfYnk9OTowsyOfpAIM775ejDDoFG5PI9tDoin4/f
nx6RyYf3B0cXF+2mCTDkYfcHShwTlvJYOGQ0xBky6M6ZMMlCGpWxtUD2EBJ4wraIJi2M4aWZFagg
PgQ+wUCDNiG/31M2qWQQ8aEDjLCZGkxglkjA9NaGXHokMcZ79CHo50WH9u3WqAsqnoZpS5iL4YCU
LJIr51X2rXgA9WJJVrPa7Shes1d3k6Q47yrOZzSdwspouXEQyFhUGKC7pSuWGpKjehHVC2x3SKNC
BB86JRCYFaCDr3ZKn9BUwlINpXv1fcAl+Q3rJdgm76XNlwoP0UNcBF5FCwcnch2Rmv5MIk4E+cDo
oNNRvMJob4WxuOUkhepIDBVvfhqHpbOVvVWLlq6a+gwjN2omb+kGuUOlDO24KANGnLIURkI1VIrs
FWEioysZwhF1o4U3yvk6xEaqg6BdkFlyAFfg5mGx0zsEDE4bHB+MsAAly7KCoWHI5zBrszLaRKOF
o9VU7ZQTKWMEFVS2JTXY9LtywjzHnRfRVVbSfkAThPKwCMHH4pueSJkL4EQSmRVJKmq54npRohQr
5raOQbCdKIrEgC2Mggtwur1qxg5jeaup0xgbodWT+GXjcglJXKqhzpmIHFouxReSVvMCpIhYBcJH
lB5QJwMMiSXB985jooF9JIc1d9BNyVPyU46MjetoFwWIFf0S7/2o7tNDJ1Iv8t5TLgJCs3kcyBBz
SnPIZDESFyRn+GE9opyMsG0y81F3pWuZsirYlO7thT5L5S00q+kyR+Q7pGVpEygmTwzcyktilAsQ
VruOY0WKiiGkJznHXEYE+tgZgIqsNjmGWBB06bUI7sjB5OMO9AUaprC+rrkHai9iBWk9K/wtgX+P
DMqwu47IMyEdrW2b7HtgqOY08HfxddEiTfAY6LAaCgYlWPdABdMWYu32NGR6KnJ0g1YNQ0watAkS
8XESTcpgu04AMZdAovD8G3YskihpqetGdnOmVl3Gv7FqPjEsL6cRn5UtQyYI26V6aK61N7Zlp1dt
MlF9AprORAeqMlGlC2JEP6UzZAHmBMSWJYGIWDC9DCm+cQFGTnGeDgKOFRORL+OH2ViWk7PLj4LS
DFhCtqdFTjA/F1NZDyeTi3Zpa8K8aGGvPUEtarnHpsVsr0xYfiQWJioqXJvDUhX3iUpPM5lQoyZH
WSwdl9IGC5FJ4ySxHcxjSGBRA8s8hZWZqLBgHs0pyeiitJRYASnrRHhPS2GBMFFTkwGLqkf8HvNI
JsOiTPQD+TKNb1DrU3JySLa/fDw5fEXwcxZzoAHaX4O5T1L5ZgJQDMxfUkhe2nUECJoQiyZC2PjW
oC8/nZb4VW6jQX4Qg2GxSDhNiD4wyRVuWPAWl9UR5UK0Io7vi2HhHveXrZuCe5oiUohTwLoxmpd2
E/iXH7Yr0wCRQipKQW+YegF7FLsBT4joC2qDVT2XYioZxosyK0eXpvyAsMWt8p4cMqstYFn40isk
l6LEIfUdVhGIV06GaKuUu8hUqcWFlZxLW6f6tGSfPZJAkLTgAQ4j7biyUWoUdEQ0mlWJQoTdgqY/
3ClbGRWzO6tScpb3w7jAJexLh6NWNIpSzTE6WDRRoh4Beoi/hYeEzh+Ev9Q6C8YjJvPfKZPIpszH
BSiqmsLFzUuFFzouip2G55Xs40AV+2CICG2SmsgPZsJoDJzaXVR27iaTpoAJ9KNcd0Bs2Rn/VtR0
xWLG6kCrEC/yzzSdFLvwYiBR3dXX5qEYTGw6ZsICoTxZijNN5FcEieKOqGpK6cFFH4N1wNciNnlB
ZpCHZbV46opNJaH2bREp23RNuUjUwE5CFiPnJomTIiiVUV2gKxNtlEXsCnsoIvxWoqwYOhM0TODt
VOwsqrWyRrWnvDiW1ETeKMHSCar5wud+q2KHV8sN9b2Fz/w3QNVyM8HJHMJNP9ZmBFZZS+7PVC3n
Mc6MIKWNhwXbPBYUgyVbhpj3ZHikLAMOs5p0TObUfVLfFywIK0ZnsxQyaFktU6U1WUHAjyhfNfkT
9MEKfn/4Hj8i2lI2X7o+NArXTAbXFJbOtRgxE4TXDAhYW6tng6etJC9VU07OLaHChMr7SpnAyeOH
MIWr0mNEAY910UHYHaGeaKWrHSLeGbdD8KtEwj/nVRgGptdnKYTaLbRAEfo/ebd0V9JZUKMUpvaV
NP9aQMgJrlxYsdJYKIRi5uX9coxbMy151ac652Ftq5UDRqTYHlcCmmacWTSYOKCo8alOZT23XQ+g
7ugjlNK838Ursy1nV64KrXSicAD6XMmzLJLMFVBYDMxyVOCsLAbWnCE38UTkyP0KEaQfwIjcYEAL
VFYOpI0DfMpElp6NBpxmKi2BSJKGSVBeYcwDNKq52isnTd4DvcUS1h75VQQr4D93RE3rN0QqP6xT
uUl940OwgYEjvt9MVg3K/SdRDrjLYwmHLjx0JgJkkW3i+4OAVuVudfLluIIG+ZPgjhV6Bem96hH3
yNvT/cs9+x/Dnf74xtrp3nR37H9Y//AwIBLrfBtfueiicX096khTLK96/VcyypN7DHqyLlc4+haQ
saqlidBDFMNg1twlkd9XLtLSKJcZSlrtTgiLA3jAVbli9ycrBdYqdzZAF2Q4++KtMDViKNHeQFKI
SEFCvmqQlogttaAvFt9qJ+wGDF+mkjv3SjwuIxIZkMiUQ2C+lEGcaIf8AimQekg3IteM5FLgh2Ak
rWz11s4Wu8lZlHH1/RnxnUbt079TV33BtYLgrhJ+NtiAxeFXL87BGBpQ3Ik0AEUa6NdoIvRrnwfi
c0Y1ZBYaHyKe4/Oq2jWHVbbQAfh5YbE5Ls/Bh1O5RaY3ydRXj3VY4ppcf2C+Ki4YPYXZz0wQBCih
DrmYnOqX4TL7IxBfT1a/SB+f87Vxb4G08FPM/U6vM4SfL09gSQxdF/4dD9hg2PcH3tBmfdfv+PZg
6PdGzBoMXZtOp3aXvATceXzFIggPDIktqdhhLd+S9Q2P4eCbUvriJXPf5Jdrq9ZweROacxIjO3an
07UsG4+GTA7fG6Ly4q+ClSYQQNycTjAXUZYZDS84GoQvZ4aMGhTAJabZJlsAvMbXVhtA7RvFeETF
ws9sA8FzUzlrb/1VBGP6959RRHwmvwutzo+imARKSx33FQbNm5bfIEY9TpdJHguAPOE9827NOTfU
RMimq4MgxyuE+Z4VUhlLcv6FMdv7iSgP1R3+/PP/A9Mezto=
===END CRASH DUMP===
