PocketMine-MP Crash Dump Wed Jun 2 05:29:11 +07 2021

Error: Undefined index: NuTaVN
File: plugins/SETVIP_v2.3.phar/src/MCPEVN/SetVip
Line: 191
Type: ErrorException

THIS CRASH WAS CAUSED BY A PLUGIN
BAD PLUGIN: SETVIP v2.3

Code:
[182] 				  
[183] 				  unset($all[$name]);
[184] 				  $this->time->setAll($all);
[185] 			  }
[186] 			  
[187] 			  if(!isset($all[$name])) {
[188] 				  unset($all[$name]);
[189] 			  }
[190] 			  
[191] 			  $st = $all[$name]["current-vip"];
[192] 			  
[193] 			  $i = explode(",", $st);
[194] 			  
[195] 			  $date1 = strtotime($i[0]);
[196] 	    $date2 = strtotime(date("y-m-d"));
[197] 	    $date3 = abs($date2 - $date1);
[198] 		$help = $date3/86400;
[199] 		$date4 = intval($help);
[200] 	    
[201] 		if($date4 >= 1) {

Backtrace:
#0 plugins/SETVIP_v2.3.phar/src/MCPEVN/SetVip(191): pocketmine\utils\Utils::errorExceptionHandler(integer 8, string[23] Undefined index: NuTaVN, string[89] phar://C:/Users/Administrator/Desktop/MSAI/plugins/SETVIP_v2.3.phar/src/MCPEVN/S, integer 191, array[3])
#1 plugins/SETVIP_v2.3.phar/src/MCPEVN/SetVip(26): MCPEVN\SetVip->tick()
#2 pmsrc/src/pocketmine/scheduler/TaskHandler(137): MCPEVN\TickTask->onRun(integer 1)
#3 pmsrc/src/pocketmine/scheduler/TaskScheduler(179): pocketmine\scheduler\TaskHandler->run(integer 1)
#4 pmsrc/src/pocketmine/plugin/PluginManager(654): pocketmine\scheduler\TaskScheduler->mainThreadHeartbeat(integer 1)
#5 pmsrc/src/pocketmine/Server(2389): pocketmine\plugin\PluginManager->tickSchedulers(integer 1)
#6 pmsrc/src/pocketmine/Server(2152): pocketmine\Server->tick()
#7 pmsrc/src/pocketmine/Server(1992): pocketmine\Server->tickProcessor()
#8 pmsrc/src/pocketmine/Server(1586): pocketmine\Server->start()
#9 pmsrc/src/pocketmine/PocketMine(291): pocketmine\Server->__construct(object BaseClassLoader, object pocketmine\utils\MainLogger, string[36] C:\Users\Administrator\Desktop\MSAI\, string[44] C:\Users\Administrator\Desktop\MSAI\plugins\)
#10 pmsrc/src/pocketmine/PocketMine(321): pocketmine\server()
#11 pmsrc(11): require(string[91] phar://C:/Users/Administrator/Desktop/MSAI/PocketMine-MP.phar/src/pocketmine/Poc)

PocketMine-MP version: 3.19.1 [Protocol 431]
Git commit: a7cd0810020af15fb3d79127c77cf576085cd4cc
uname -a: Windows NT DESKTOP-KF1VXGB 6.3 build 9600 (Windows Server 2012 R2 Standard Edition) AMD64
PHP Version: 7.3.21
Zend version: 3.3.21
OS : WINNT, win
Composer libraries: 
- adhocore/json-comment 1.1.2@fc2f76979f0a44a5f5bc2a2b600d0762fe0e78e7
- daverandom/callback-validator unknown@unknown
- pocketmine/binaryutils 0.1.13@0abee38d4e2861621f262c79a2a3d699d8a697f4
- pocketmine/callback-validator 1.0.3@64787469766bcaa7e5885242e85c23c25e8c55a2
- pocketmine/classloader 0.1.2@9757928424652393b178a3760073113aa7c9911b
- pocketmine/log 0.2.1@830b44a2cf96ef703c550abe64302f230231ca49
- pocketmine/log-pthreads 0.1.3@e477ecf6ec214fdd4415ea1da3fdd9d73bf699ea
- pocketmine/math 0.2.6@43057cb8c179a9859677b496a788db922fd5cfc3
- pocketmine/nbt 0.2.18@9f82ca4d7f97fcd9a566e44b63c4f18a7657ae82
- pocketmine/pocketmine-mp 3.19.1@a7cd0810020af15fb3d79127c77cf576085cd4cc
- pocketmine/raklib 0.12.11@9cce458b8bfde3e4dfdbf70c659fc7b7fe26b5c4
- pocketmine/snooze 0.1.5@70b5e7937a06878dd321a3182ceb76d56298f2cd
- pocketmine/spl 0.4.2@6b08b7cf8c4afa17139c9a1b3bf1b408531de161

Loaded plugins:
WorldProtect 2.3.8 by aliuly for API(s) 3.0.0
Farms 1.0-non-alpha by Dấu Tên for API(s) 3.0.0, 4.0.0
Slapper 1.6.1 by jojoe77777 for API(s) 3.13.0
MultiWorld 1.5.2 by CzechPMDevs, VixikCZ, fuyutsuki, kaliiks for API(s) 3.0.0
VanillaEnchantments 4.0.0 by TheAz928 for API(s) 3.0.0, 3.1.0
OnlineTime 1.3 by Zedstar16 for API(s) 3.0.0
InvCrashFix 0.0.1 by  for API(s) 3.14.0
FormAPI 1.3.0 by jojoe77777 for API(s) 3.2.0
SocialSpy 2.1.0 by Crafter20162017 for API(s) 3.0.0, 4.0.0
MaxEnchants 1.2.1 by Xenophilicy for API(s) 3.0.0
EconomyAPI 5.7.2 by onebone for API(s) 3.0.0
reyyogaWtrhit 1.1.6 by reyyogaMnelux for API(s) 3.0.0, 4.0.0
TimeCommander 1.0.2 by TheDeibo for API(s) 3.0.2
AutoInv 0.0.10 by JackNoordhuis for API(s) 3.0.0
NoDrop 1.0.0 by Inaayat for API(s) 3.0.0
KygekRanksUI 1.3.0 by Kygekraqmak for API(s) 3.0.0
DevTools 1.14.1 by PocketMine Team for API(s) 3.13.0
PM-Beacons 2.0.0 by jasonwynn10 for API(s) 3.0.0
Trident 1.0.0 by brokiem for API(s) 3.15.0
PiggyShopUI 2.1.1 by DaPigGuy for API(s) 3.2.0
BlockSniper 3.2.3 by BlockHorizons, Sandertv (@Sandertv), Chris-Prime (@PrimusLV) for API(s) 3.2.0
AutoXP 1.1.0 by JackMD for API(s) 3.0.0
EconomyLand 2.1.2 by onebone for API(s) 3.0.0
SETVIP 2.3 by MCPEVN TEAM for API(s) 3.0.0
Worlds 3.0.7 by survanetwork for API(s) 3.0.0
MSpawns 2.2 by EvolSoft for API(s) 3.0.0
NoTP 1.0.7 by awzaw for API(s) 3.0.0
HideCommands 1.0.7 by Himbeer for API(s) 3.6.0
BlazinFly 1.8.7 by iiFlamiinBlaze for API(s) 3.0.0
Broadcaster 1.5 by EvolSoft for API(s) 3.0.0
Netherite 1.2.1 by Wertzui123 for API(s) 3.0.0
ec 1 by McLebt for API(s) 3.8.1
PiggyCustomEnchants 2.4.0 by DaPigGuy for API(s) 3.19.0
Sponges 1.0.0 by  for API(s) 3.0.0
KeepInventory 1.0 by KhoaGamingPro for API(s) 3.0.0
BuilderTools 1.2.0-beta2 by CzechPMDevs, VixikCZ for API(s) 3.0.0
FactionsPro 1.3.20 by Tethered_ for API(s) 3.0.0
PurePerms 1.4.2-c2a by 64FF00 & ProjectInfinity for API(s) 3.0.0
InvSee 1.0.0 by BlockHorizons for API(s) 3.0.0
CustomAlerts 2.1 by EvolSoft for API(s) 3.0.0
TPAll 1.2 by matymare for API(s) 3.0.0
AuctionHouse 1.2.4 by Shock95x for API(s) 3.0.0
OffHand 2.0.3 by alvin0319 for API(s) 3.0.0
PointAPI 1.0.3 by onebone | Fixed and Update by LamPocketVN for API(s) 3.9.0
BlocksConverter 2.1.1 by matcracker for API(s) 3.0.0
BangHoiUI 1 by JVN | JackVnKiller for API(s) 3.0.0
Shield 1.0.0 by JavierLeon9966 for API(s) 3.7.0
PureChat 1.4.11 by 64FF00 for API(s) 3.0.0
CmdSnooper 1.0.0 by HotshotHD for API(s) 3.0.0
BuyFix 1 by FPVGAMER for API(s) 3.0.0, 3.7.1, 3.8.1, 3.9.3, 4.0.0
MuteTime 1.0.0 by LetTIHL for API(s) 3.0.0
TrashGUI 0.0.1 by Phuongaz for API(s) 3.0.0
ShopMob 1.0.0 by LetTIHL for API(s) 3.0.0
detu 4.0.0 by CLADevs || GreenJajot for API(s) 3.0.0
CustomTags 0.0.1 by DaRealAqua for API(s) 3.0.0
gem 1.0.0 by LetTIHL for API(s) 3.0.0
QuestPlugin 3.1 by HmmHmmmmm for API(s) 3.11.0
OreGenerator 2.0.0 by vividmemory, LetTIHL for API(s) 3.0.0
Buyrank 1.0.0 by LetTIHL for API(s) 3.0.0
help 1.0.0 by LetTIHL for API(s) 3.0.0
BetterVoting 1.6 by Twisted for API(s) 3.0.0
level 2.0.0 by LetTIHL for API(s) 3.0.0
BuydetuUI 1 by FurryJaki1992 for API(s) 3.0.0
AutoSellUI 3.0.0 by LetTIHL for API(s) 3.8.2
Joinkit 1.0.0 by LetTIHL for API(s) 3.0.0
LoadWorlds 1.1 by shin for API(s) 3.0.0
shopvip 1.0.0 by LetTIHL for API(s) 3.0.0
giftcode 1.0.0 by LetTIHL for API(s) 3.0.0
NapThe 1 by phuongaz for API(s) 3.0.0
NganHang 1 by GreenJajot for API(s) 3.0.0
MenuUI 1.0.0 by LetTIHL for API(s) 3.0.0
AcidIsland 3.2.9 by GODSMineVn for API(s) 3.0.0
VanishV2 1.16 by superbobby for API(s) 3.0.0
ScoreHud 3.0.0 by JackMD for API(s) 3.0.0
Rewards 3.0 by Wertzui123 for API(s) 3.0.0
capdao 1.0.0 by Nguyễn Công Danh (NCD) for API(s) 3.0.0
essentialsTP 1.2.2 by  for API(s) 3.0.0
PrisonMine 1.0.0 by LetTIHL for API(s) 3.0.0
SellExp 3.0.0 by EzMinh, LetTIHL for API(s) 3.0.0
PickaxeFunction 1.0.0 by LetTIHL for API(s) 3.0.0
UpGrade 1.0.0 by LetTIHL for API(s) 3.0.0
PHP-Sell 1.2.7 by Muqsit for API(s) 3.0.0-ALPHA9, 3.0.0-ALPHA10, 3.0.0-ALPHA11, 3.0.0-ALPHA12, 3.0.0
thoikhong 1.0.0 by  for API(s) 3.0.0
Kho 6 by ItzFabb for API(s) 3.0.0
Item 1.0.0 by LetTIHL for API(s) 3.0.0
PureEntitiesX 0.7.0 by milk0417, RevivalPMMP for API(s) 3.19.0
TempBanUI 2.3 by SonsaYT for API(s) 3.0.0, 4.0.0
luckyblock 1.0.0 by LetTIHL for API(s) 3.0.0
restart_in 1.0.0 by LetTIHL for API(s) 3.0.0
freeze 2.1.0 by Bavfalcon9 for API(s) 3.0.0
HealFeed 2 by JackPlugin for API(s) 3.0.0, 3.1.0, 3.0.7, 4.0.0
SizePlayer 1.0.3 by  for API(s) 3.0.0
KitUI 1.3.6 by Infernus101 for API(s) 3.4.0
CustomItem 1.0.0 by Phuongaz for API(s) 3.0.0
cayphattai 2.0.0 by Lettihl for API(s) 3.0.0
RPG 1.0.0 by LetTIHL for API(s) 3.0.0
AntiToolBox 0.1 by NgLamVN for API(s) 3.19.0
PiggyCrates 2.0.9 by DaPigGuy for API(s) 3.2.0
SlapperRotation 1.2.1 by jojoe77777 for API(s) 3.0.0
luyendan 1.0.0 by LetTIHL for API(s) 3.0.0
MuaPoint 0.1.lpk by LamPocketVN for API(s) 3.9.0
WarpGUI 1.0.0 by RockPanther for API(s) 3.0.0
AutoClearLagg 3.1.0 by Twisted for API(s) 3.0.0

----------------------REPORT THE DATA BELOW THIS LINE-----------------------

===BEGIN CRASH DUMP===
eNrtfft327aS8L+CdXK2zq4li9Tb96Qnju3Ebu1EGztp9pY9OSAJSqj5Kh+ylXv7v+8MAJIA7diy
o/r7fmhvey0OgcHMYDAvgOS/toIki2jxZcmynCfx1t5gZ6vgEdvas0a2PZyMhkOrOxoNJhO4Uaby
1rBrTazBpN+D/1lT24JbIc2LoyxLsq29f20VqxRabYnro2uPQTdAvbMVsTync7z1MfZZwGPmEw6/
rvfIu/KCfnoHbYIyDN/wEBulC5rt7e4e7O1+zIG83X0/4jHPi4wWSbZ7yPLLIkl3z873T3bTsJzz
ON89P7r4dDL7srS7/S52380zb/fsYHb06d3uOSs+8RTAKQ6jhli7H/QJgWCQy9QCEWXUg9+/bj3r
kfVxbEPfF3skTbxLVgAvzHHKgoe543zEP3t7zJDYMY39kGXbPC7YnGVkskOAeR7Pf7X7v5FviLBu
M5n+RjYtwR1S0YJSIDTL6OrX/m8vQDjPrIcIwh6BHCTIcSSs82PBvcttgcsmaYSd8L9GWru5t2B+
CSLZvaD5ZSUeqz/WkF0AErzb+TGJP5RxLTxLIO6vg/i8utq2xtPWfNUtYaSGhs6P2Y2hBrcPJYW0
OxN/zmgM6yHbHg0Hd49Tk9T5MaI8vlhkjPrHjGaFy2jRGnl4+8jnLINVvm33J22mJE2OYxAl56Me
OG8NMrp7EGtotwaRd/RZHt+JwppO70IxyxIPzEmSSVyTu3GBIfsGrrwAIUoc09txzMTPM/i5bd9Y
vxWaL1+8JIaFVXrFduL+zryCvKY5OwC7mJ8m1GfZDlHwW5b/GczpaTKfYyu1fPuj38jBHlgGXLiO
Y6xcx1FLF3rC2nWcutdg8IBear06jly/vXvZ79tt9nMpX4nAkgi2LWyVsT9KnrFtRdjUepA1agbt
nM0aI2KS9WLrtz93tthGvM73uAMgQnb8wuNlEi5ZxOICsPnAv1dsVXcBIvECxEt8hjRbExvATiH/
RwjcsiZ9A1TGOSu2n9Mw/PV5TCP224t/iFYDo9XzYsFzXBkRA51mxX4Yij6q8bBuTMifAjLSIAIw
1gA82P4PnrfHfUH+JVpO1qJv2h5y2msNObU0wPO8IC+JhuZXZ8srswxE2Vny1Nn6TaCd2m0kfR0J
BxzsOg1BvNvO1g78i4glRdNBu6sulec+LZgF3UEfiwTluP2c/9pT3EyluAhRDW2jIUJguFUn6vjO
1gvVZWx26UMX6ubbqn9HjagaVzJ9vmBhioIQXXYno0GvJ1tU8hR3BtAE7PGSwixjD4HF7vXqIcVl
JV+YTtXrx5dgvmEa//w7hPk7hPk7hPk7hPk7hPl/HcLsbM1ZzDIaYjyAng+MttEXCHNhHpoUfavf
taZdC+ElD32IQSb94c4Wz7/4bLm1F9AwZxB0ZEmReAmgHfQhY51zDEno2PN7E6vXs3s0sIaB2/fH
U8see+OxFwzHo95k6PkDzwPcpaLlF7DNyVVO3l2Qw6Pzny/ezzo/v7E+fX77moy6fSJIINNRr0e2
q6ZSowg4IJt8sMl5ASaGZj458jk6hRdk/+xwNMDACHLxva0xGFkb2fnKYl+wp67h9pckRxpO3r27
AIC4uOKxiKCiNIE5+BJyN6MZZznKj/oL4Dlju7/nSdyBNioUs7pW134VeHYwHk3H06BHBwM6DIau
Z1PbBeL93nhkB6zHxhM2BvQ+BQ6A7CTa9SAmcal32QFvy32caEBYxpdxchW/Un+R2GZiXR7TbCUW
BjTtwdhW/1WPuoz1J/6A2ZORNbKtwB7Z3nhKbdr3R9OpP6FAWjAwUd06uNXtdfuvRoPxZDyAPqOR
61E6ZsPJZGgPbAZzaPc9e8gm3nBI7RZCXM6hWM6KNvvVdDwcT+3JwB6MhnZ/2net8YT2QRt6475l
9QG3N51almtiCpO5wGB3rVeTfs8FidpeMB2xYNzrw8jI8GjQ79mBDf/Xtzw6mN7A0EkL4QgqQfVf
scF4zLxgxDzbGgS+PxhYQ0Ytn/bhYuqP+24A0mLURBXRYqGoGb2CQYdjz5144PzodDKcjsZjdzAd
0fFk4rtT2w78oRd4fRNF7BYVP5NX02BiA8H+OIA58fwpHY5GbDBwR31vEFgTOh4Nx5RNWsJtfnai
tF6orx6w6jRkGb0E3ZZyAZqsV1PPY4PhxJ24gc/6bOAHvguy9kbDaeCN3XHA7JE79FoalMdJ8pUp
8Q5fjXvukI2n/THtjSbjie+DRaR9yEM85o5H/nBkTyeB7fktJGkoMAxAW0Zub+IC4RNvQANqja3+
1JtSy4WJsdwB8NK3fGaNrK0/68RIrM1fkiz0wecVmBQ1ts4A72w1Vg5jrwlAaFkskizHUBXWQBmu
0GbSlCOgDyuhh9cspm7IwHqA/wLj57MUbAn2gXt5EhSHOgDjDzSGApvjXCEFqaRAOjLM7mCJYMZ2
sf/h4iPa4Cvm5rxAihdFkebgBcCkLkq3C1Zm9wwcRcBZ6OsqUAWTRcZQQfMCgjODW5DPG5pFuSYN
ea2LARZ7JwZjRkPwIaY4Dp3SYnRYkgun7PUYjW9IZmdr8D0SWkSOIyhSfxq5zN6fX/zy/sPpoSEZ
5Og8pGnKMo2nCmJyNRIeTOPm9+T3hI3xH4MNq/94+nM5cntSbyf+lmltSNqtmAAOz8qw4GIiNSY1
oMnnsGubfB58Zd5idnbIlijPT/yaXx78U1S+wWXk5SWH35egm/wy35SmezhkGkF4ADMZIaVC50Eu
OtUPlY7GyK6GCCT0icY8DOlR7C1oXKAP1nX8tru6zAZKdTWZXSzY/ldwUbcoOGjI4wWzlKQ4zgEE
DY8QQUXX7m08gSDex1gluhC7JjX/GtBUlb7J9D+Zj6G9NdqUGtQIHaeh4dGLo8a2qzEEPJ/Ey4OM
5os3/FpjWofqXAM7LUNgLP7B47mNyj+AeMfh8dLDkQN+7TgykVnHjr1Jsmh/dqLbZgVpTVpbV79h
x+zHc9JgBDssiah/rGWSE4/T8Dxd6Ua5hpk+12qzA7MWgOeCYH4E/4037WK8yMcIRVjpg8g/l7/X
4eqMXqvlphsXHWpOlN12OJ9ZnKQLHnJvYyGFhhLXVU2KcbEOc0eQiyfRylRADaizNuyO2z4miZkL
/22KLYXOcZikAHA6jkHNvQxlbLVK5vSXIltwPfwz4eaMQZBgsqUan8UsLK83rYkKOZBhrWcTkS00
egeQZkKqaMQ8JrwVz7VnC7zIIeNu0uLIfiwnxuDrRLTIyX5ZJGCkNR4qyA1z3bIQP0F++i5JMn9R
8o2FLL8D0rhC6jgwXAKG3HEaou6dm3fJYZakGkMK0J6NFjsnMaUrWmyKEYXOceTo66vWz6s5u/xA
48v8o24EDPA9rki0zegfEb3cFDsaSsfRaVmfMQgYL5Ik1K12DWoZgEHbZjeVMXLBaLSxTKEiACuM
NSkPywEb0nZrHMDt7KzzmlEsreoFvgZout8b2vg7zZP4ahXHVm9zS6tG6TiuIMNxGnLut3kZ90VZ
rbF2CnLPynKz5JKz1qQNH8+Iwuc4anzHmZ01pNzLx4zP56vzRZIa60uHtkOjljIeUmj8tlx9X5xn
unWRSCnIlqafaihgsaHPuHhEBF8h3dXQ7KJkXoegy+cxN/N4HapLBnlupS6i6XGS8a9Sp86FKyqW
ZPtV9RML7geLjOedWQb+Cu7g3zI//fTiO+V5tpqFSaEJz6AGVL3h4yEJAXqez7OWf/w8uxGz3OId
zw43tXYlNukGP88enbtJNLuKgybePKWxfzPgFND2WthAxKlr/gOizxDIqcNPRdv9OZA8eqElQNVZ
DKPiaDIld2TJxdH+2aYm0NwxXodyUVXJ2xXTvLUEe92xSXteZksas+IqyTbm/AVOVTCFhVQTspb6
qXJoVyDpAmW7zyQikcydp/TKcJEVxJygltYdLZPwHIjd2OzIQXF7sRp9jSDg6uqqy4ASxNotLmXs
eTEzIs+L2Q3v2JowevWVXm2sto3IHCdOivTRRkISBMwcg0tV+YQ+Qwb4HuaOeeQysLM6e6PHs6fQ
OY5Ow5qMyq5dWax6HdKvPH4Trgw/V8FMpiZtpjh/E9KI8xh7bCzZNrGiu1LkaD/XsRuvM2jhiW0H
nTkN2ipU/7VLSxsYGDGoeOQSY8WCZaJZs85q2D21n18gBPlacsvub4q/BiOkehUZj157Dbbdhic8
7ehp3DLPZLPlvLxT5prTNwExPNYyCmzggzF68xYsL9ZP+ER4eVDmRRLdUrG77a5p9AftmOrWwNua
fkf6Z4bXJjW3Ar873DbRibD7PE3iOdNlU0HuTqw2VqlYroZDCE3koA+oVDCWQmdIu5JMN6QmvMVD
q1KxSOhbsHrxfJYlG6tV6EgdxyBnfe5e4wkXlrVLFga4bW16HZcVdK2Nv79ii8+VtBWyotGi9Hu2
+QxUYvvawxM9OU6avondQNsVKru9syesG/O/fJ8gtvbjgkPMFin1UVLRKMEtbHGxttUqMzZj5vZ8
AzP5GnTtjme3tudHgzdvej3ynwRGx2NzJ3HAY15sbLPhixwAzFNFlfbzERMt+qozCw0euaN3zpi5
mYeAe8o9ZhFgU2GEmctLSh6Sxku7ux/C8tBn1gC3ct2/NjDSR3acFh2PC40uZvuhfp5QXreMlMlV
RItVRLONRbEVPscpUhqG65vb/VKs0uOkzJlRbNHAbXM7MHk5X4COTIfX32lSjLqcvn+tJcRqJNyg
EPQtkD4szxjU3sv0+yA4NksvFaRdHu63T0QteYxPYW7uUJRC6DhAwkKUWtSPtYxmwuPC3LWsQW1z
0b+1gkT+TUDGzCcwIvmY4nMLxF2RUzDtosD+6Z3B6nQDu5opUij2NDVa79kuE3YoP0ggnsiKm2VS
7c49RWRYKF5GgbNsg0tPYVS1zoaYhxjK1zSeHyfcKI43sDsSj58+vYNJxBLjp/hnHobfy5l28MIs
GFY1UaynrWtezhd4TE8PsSXgHl/2E11ylp2yJJ5OR+aBnPF9Vc5qKd9Z1tXRQwguiKr+rhutHCxo
0QpWBKgdq1jWbYHKw0q3TYBwc75EflOFXls7rXjwM1tysIuzo07d5BsxDRLf/NpARCPQYAzQHDTR
IgD99MmdynCcFGD4i+ONVfUffwjmdbkyz1kpwB3L883s09v9s6MPt56lGwvzJCsFO8K89r/3XIWk
aP0VelYW7RNzNeieiTllxcXJ8enGDGm5bgVHbotCePDWMJc16O4Tb1uzRQkpN/26sVoU5Ge4KypH
V7/Ws45Jepa4hnmUkKeVPCyvB5yU8FlRaiSLy3sOlB6c7mNCS/79b/I2Yyz+if6ebC6il8iBAcj3
cHN9XUZk8H9B5zczEwG8R40O6QdGw/0/SropTnyI4GlIAeN6TPg895LM74YMT9bSLiuRrTmLNH7w
6mm1aY5nBNadg/8pWV7M1BPbNdE61Nx4a83BcRTBv/CPWZu874xyfUj+ztP40QIxO84fpai/CqIe
4RYrGnd1rjALydhb8SxakeiO0QDfc1xlyZfcj1iUZKsdsuFp1OlwHPWTreklMxpfmm5SQJ5WEXHI
9TURH+zWSBaXT0svDvmAQikrIMX4lBQ8nuui1sGtZ0BatcArnhfM3xT1Ch2ebWooMK/WYQtsGdOL
KfL6nnWw4YlIM1iofM4eUrVeoR80s7cadld4WGbZ6id6yfHp5U3RbyDFx07oRfluQeOHHBvEwyrn
LAwNljRg+zzEGjMyefwZW4VuffJ/Snh8aRx9riBPu6Yv+QN27rBacOP8iQZsnX1qnUBZ8HhTVDdj
rr+lik7PS5dxt0hSZAaDyiXXTWoFefrgFl9psvYszHlQVG+MqYKoCvTEkZQadn3a39H0YmFs0UvA
HRYo3XA2VOFzHDl29Xct8ucUX2Ki+7MadAcLm88pGowPyKRZbDoABXjiLBoGfYCV97h/kodmMVwD
tg+eTluCf394jkewP8WbLP6ro91JzPQzufKcKbAmz5uuwRw+JZgvPtmthyEFqGVKR+3TfJAcuInr
rjZ3lq/C6DgVEc2vtYoF+KaF49Ioplage5zxX3Mothp9fW37wK5oZji3CtJi4ClPDykSNnF2SKES
p0s8mvpU36ZXgHuswbt5ucLnzL1hTA7wOfNgEM/JIY0XZPvdweGLTUkAx2HxAVhqxO04pxhm14v+
3plkec7igtMwNw5eGuD2tqH9V5yi0Ud0nNb495fxM54n8Zl4tVxTyG+AT2u6UzGwfE/O2hssEI0f
XetRVgW5xyYcfQUOFxuvGki0jnP0eXb+oKrijHuX9Jq9KWOxS2GcWDPvPPGkyNHXZ+Rj+jajRvRY
QZ6W8PIhwj+edVBvdKlXoPYybp3KPRPPfbeJ7uyfzo73p2JTo760eq1rq3VtV9eP5RkJPhab6Oty
Dnzwy0VihJwN7EkOAtbDPeAI4EL3LHilU9oKZk6Kr2+o6z76WZEbpzG+eaJRDoT7qA9Z+SeFUbAW
l0+7VICWB5SscWvzCLxMwVn+ubUB3MDNzYNxm4OIh5e9gYWL6QNb8iUNZ2dns42dsM0kzjSKYCLS
ErMZSZjc4K3IfPBTlxqtuya/uCXHovQ1Vpn0PbkaduejP+dJnNP/vdj0Q+YKrePUZKw/zWHpXa5c
PNChVyMb4NOqaDPw+hxgFZNmxRdja0UDPnE1Xg68PvkBaO1X3Y8qwD1v0HhNlwENwXxt7JBWg9Fx
JA3rM3HMaPiGMT1rq0EGIzczNrVT9K138OzUj6ENvjebm6nXea4ddPKvbBbSlfneqQZ499GzDc2K
GO8UxwOHU/9ey3vywnzGX1y3j063vWgcsCwuc6tnGVMy+J4nAGqUjiOIeOjedct1asB71vamj0A0
I6/PgkdX6YIWBeVGllwD79/zKfgi3NihoPQBpunD7K1exICrJ05Klg+Ir/CsPj5C8DrRTy7pUDNW
sdoViVMatY6Bfk9oovA5jkbBugcltUikIqt+4Al3p28+6CShbVWa/iVvFrjtuaVvP/QkKDMuvv8h
J4FmV3sv4IekoK10un3nnkf3vvF+re8x3CYBD4nIVoCMxkY8pkBPHY3JYR9yzI6K087GMTsFai2/
bphetqh/5Gnsdlldnba+a+OvGUnsG4s+za+1HqCnWWqey6sg98zRBxh4Botmsbmz2R9EvIzjP2zj
+yBkNDul83lr77uBt04l3XiD4mbPVhTV2Qp8MZOHRIRAhHwvhU7Tg1+oKPHu56uwjM4Odk184o2y
NAP2C9Z+H1D1lm2hTOIF1N00w2O0Iq3c23o2q6/IQRIHfE7wqx9O5sTPzmlBzuiK2Dax7L3+dK/f
J//dGxO7Z1vYIEoK/+XZ+1PSbEQhWA7TSZOseGlNrb6NwKsFMNcJgY2XPbymcZyUsYevg8VwsEO9
BWfyGyH5SzA2iAffNdBRb6CFGZQdI3qt+uQv7SFC5hRPVvlM3g+SDLDWsCQIEAoS8HEbpLoGx6xG
8XkQcK8Mi9VLQei8OkvVyTFwief5SwSL4y0dVLGXodgdqmE5pAhaE/zeysvDozf7H08vECrVqPNH
ybKVGlKBMlj0FT34u5vSPL9KMv/lf4l/QEgwzZ2cLpnquOTsquODDClI7uUEQdduct1BhVZNYBLm
JZ2zlyye47XxwuLuKsIXFj8juMaIJ6a7zIR1F7NOQHjE0B3QAnKxYDkjlTQIzRiBtU+SGFSmgBiQ
eDiZBXEZ4bEXlr74cgW5oW2I6zyJoGeACNo4cxqwHZKgWckRJXEzRi/JKikzhYvwgMCk8oCLEWA+
8Usy4QoRv2NXNbpdnwUUZjQnV0n8Q0HQjdGMoDQjYBZfHr5CCvHjMJLvqwWLSZnOM+oDgq4ToxZL
ZHtOTMizXxbigUxSJDBK7BNAod7MDzLIaAzKD+tT3hakhgkMA6zCL1YIeflsyT1GFuLDEgiJELNU
12rW9oh4TT3eyBdl4SewANSHevaIs6XeIO+FSQ5GZktQth+GyRXBhQXEVF/qIEtOyf+gymEboXvV
e5f3CNoz0fVI6KHqIx4swiVCYMZAKIjNXRElSmyv1La+rRH77BcOAklikCv1fZKxXIofxYrfdCAR
o3mZieVNQOguQ6JBOOyPkoYotjlfQtslDUtGttWgYGheIHY5IiwYhjalA2LHDyrswW0x9rsyckEq
oFVgH2MPv6pB8PUuoEdd0eAjSEuodsUpNltk4HJLmD1onu8Q8c4VohY/rIcdgq/SB0bQdwjZgIFG
WFTGoEHYRCI/F9MLPIGWZck1Bw1jIAZgSWhuXBOHslUEnQSoq9gGdXKH8OIHEF+RiW4+Q3snVKbV
mWwDDyWsG1uIRbDRUZzuCVRtXaVCObIyjnE6fTRQSSomQTwLnXfJIVuq3yTi8wUsZiwg7+iLTykO
SiTLyrSQUCkwFEwEtCm+xOTCohRfGPDlgqDLhPtA9u0UoI6gziUgaNCurqZo0LgjG9WaBuZfHKKV
i/ItWGLQHnTGRMJhHUS8wLUdsTl1VxBld8m5FHVPCJfniFt0v8BZu+JC8kKjYNFedSSiSslywWHA
gUSwSAyfkkc0WF2qhpRKDrNV4jIl8wQmKsFlilqBA80FmR1B2h7pIRcwujDB8i3//99zgNHNXfSj
d/0++iEXSwUJynzWJCl0OQHzgf4R7F5FEI5aUWX17IEiTBiBX8SqUPTlP2yAQrEuBEloMYj6CBes
dHbNvFIY30SSLFckOqu6Nbv2IErIG46k4Xp/cbRHLo5PzsnpydnJBdmfzU5Pjs7J7OgDgbjw56MP
OwQakYv30OqI/HL8/vSIzD68Pzg6P++2TYAhD3s4UuKYsYwnwiGjIc6RQW/BhEkW0qiNrQWyh5DA
F7ZFNOlgmirNrEAF8SHwCQYatAn5/ZaySSWDiA8dYIzN1GACs0QCprcx5NIjiTHeow9BPy86dG+2
Rl1QoTlMW8o8DAekZJFcOa+yb80DqBdL84bVfk/xmr+4nSTFeV9xPqeZCyuj4yVhKGNRYYBul65Y
akiO6kVUL7DdEY1LEXzolEBgVoIOvtipfEJbCSs1lO41CACX5DdqlmCXvJc2Xyo8RA9JGfo1LRyc
yFVMGvpziTgV5AOjo15P8QqjvRHG4oaTFKojMdS8BVkSVc5W9lYtOrpq6jOM3KiZvKEb5BaVMrTj
vAoYccoyGAnVUCmyX0apjK5kCEfUjQ7eqObrEBupDoJ2QWbFAVyBm4fFTm8RMDhtcHwwwhKULM9L
hoahWMCszatoE40WjtZQtVNNpIwRVFDZldRg02/KCfMcb1HGl3lF+wFNEcqjMgIfiy8cIlUugBNJ
ZFYkqWjkiutFiVKsmJs6BsF2qigSA3YwCi7B6Q7qGTtM5K22TmNshFZP4peNqyUkcamGOmcicuh4
FF+XVM8LkCJiFQgfUXpAnQwwJJYUn9vGRAP7SA4b7qCbkqfkpxoZGzfRLgoQM+YK792o7tJDJ1bv
D9xTLgJCs0USyhDTpQVkshiJC5Jz/LAeUU5G2DaZ+ai70rW4rA42pXt7ps9SdQvNarYqEPkO6Vja
BIrJEwN3iooY5QKE1W7iWJGiYgjpS84xlxGBPnYGoCKrS44hFgRdeimCO3Iw+7gDfYEGF9bXFfdB
7UWsIK1njb8j8O+RURV2NxF5LqSjte2SfR8M1YKGwS6+30CkCT4DHVZDwaAE6ySoYNpCbNyehkxP
RY6u0aphiEnDLkEiPs7iWRVsNwkg5hJIFB4FxI5lGqcddd3Kbs7Uqsv5V1bPJ4bl1TTiabYqZIKw
XaqH5loHU1t2etElM9UnpNlcdKAqE1W6IEYMMjpHFmBOQGx5GoqIBdPLiOKrA2DkDOfpIORYMRH5
Mn6YjeUFObv4KCjNgSVk2y0Lgvm5mMpmOJlcdCtbExVlB3vtCWpRy33mlvO9KmH5kViYqKhwbQFL
VdwnKj3NZUKNmhzniXRcShssRCaNk8R2sEgggUUNrPIUVmWiwoL5tKAkp8vKUmIFpKoT4T0thQXC
RHlOBiyqHvF7wmOZDIsy0Q/ks5tco9Zn5OSQbH/+eHL4guDrIBZAA7S/AnOfZvL5e1AMzF8ySF66
TQQImpCIJkLY+N2hz69PK/wqt9EgP4jBsFgknCZEH5jkCjcseEuq6ohyIVoRJwjEsHCPB6vOdcl9
TREpxClg3RgtKrsJ/MsP21VpgEghFaWgN0y9MSROvJCnRPQFtcGqnkcxlYySZZWVo0tTfkDY4k51
Tw6ZNxawKnzpFZILUeKQ+g6rCMQrJ0O0Vcpd5qrU4sFKLqStU306ss8eSSFIWvIQh5F2XNkoNQo6
IhrP60Qhxm5h2x/uVK2MitmtVSk5y/tRUuISDqTDUSsaRanmGB0smihRjwA9xN/CQ0LnD8Jfap0F
4zGT+a/LJDKXBbgARVVTuLhFpfBCx0Wx0/C8kn0cqGYfDBGhbVJT+cFMGI2BU7uNyt7tZNIMMIF+
VOsOiK0649+amr5YzFgd6JTizTO5ppOiyi0GEtVdfW0eisHEYZhcWCCUJ8twpon8iiBR3BFVTak8
uOhjsA74OsQmz8gc8rC8EU9Tsakl1L0pImWbrigXiRrYSchi5NykSVqGlTKqC3Rloo2yiH1hD0WE
30mVFUNngoYJvJ2KnUW1Vtao9pQXx5KayBslWDpBNV/41GVd7PAbuaG+d/BpohaoXm4mOF1AuBkk
2ozAKuvIPYS65SLBmRGkdPGsWZcngmKwZKsI854c9/hy4DBvSMdkTt0nzX3BgrBidD7PIIOW1TJV
WpMVBPyI8mWbP0EfrOD3h+/xI6IdZfOl60OjcMVkcE1h6VyJEXNBeMOAgHW1ejZ42lryUjXl5NwQ
KkyovK+UCZw8fghTuCo9RhTwRBcdhN0x6olWutoh4qtzOwTfZij8c1GHYWB6A5ZBqN1BCxSj/5N3
K3clnQU1SmFqi0rzryWEnODKhRWrjIVCKGZe3q/GuDHTkld9qgseNbZaOWBEiu1xJaBpxplFg4kD
ihqf6lTVc7vNAOqOPkIlzbtdvDLbcnblqtBKJwoHoC+UPKsiyUIBhcXALEcFzspiYM0ZchNfRI48
qBFB+gGMyA0GtEBV5UDaOMCnTGTl2WjIaa7SEogkaZSG1RXGPECjmqu9atLkPdBbLGHtkV9FsAL+
c0fUtH5DpPJ93rWb1Dc+BBsYOOL3GWTVoNp/EuWA2zyWcOjCQ+ciQBbZJn4fAWhV7lYnX44raJA/
Ce5YoVeQ3qsZcY+8Od2/2LP/Md4ZTq+tnf51f8f+h/UPHwMisc638aONHhrXl5OeNMXyajB8IaM8
ucegJ+tyhaNvARmrWpoIPUQxDGbNWxH5feUyq4xylaFk9e6EsDiAB1yVJ3Z/8kpgnWpnA3RBhrPP
3ghTI4YS7Q0kpYgUJOSLBumI2FIL+hLxrXbCrsHw5Sq58y7Fk0MikQGJuBwC85UM4kQ75BdIgdRD
uhG5ZiSXAj8EI1ltq7d2tth1weKcq++giO/taZ/+dT31BdcagrtK+NlgA5ZEX/ykAGNoQHEn0gCU
Wahfo4nQrwMeile2NZB5ZHyIeIGvy9GuOayypQ7AzwuLMwPyGHXkyi0yvUmuvnqsw1LP5PoDC1Rx
wegpzH5ugiBAiXTI+exUv4xW+R+h+Hqy+kWG+H4YG/cWSAc/xTzsDXpj+Pn8BJbE2PPg3+mIjcbD
YOSPbTb0gl5gj8bBYMKs0dizqevaffIccBfJJYshPDAktqJih7U67voVn6vG5xaH4mWMX+WXa+vW
cHkdmXOSIDt2r9e3LBtPP80O3xui8pMvgpU2EEDcnE4wF3GeGw3PORqEz2eGjFoUwCWm2SZbALzC
d20bQO0bxXgKy8LPbAPBC1M5G2/9RQRj+vefUUR8Lr8Lrc5noJgESks9xSoMmu9W3yBGPc5WaZEI
gHzPzNy/MefcUBMhm74OghyvFOZ7XkplrMj5J8Zs72eiPNR0+PPP/wNlZs6O
===END CRASH DUMP===
