PocketMine-MP Crash Dump Wed Jun 2 01:12:27 +07 2021

Error: Undefined index: NuTaVN
File: plugins/SETVIP_v2.3.phar/src/MCPEVN/SetVip
Line: 191
Type: ErrorException

THIS CRASH WAS CAUSED BY A PLUGIN
BAD PLUGIN: SETVIP v2.3

Code:
[182] 				  
[183] 				  unset($all[$name]);
[184] 				  $this->time->setAll($all);
[185] 			  }
[186] 			  
[187] 			  if(!isset($all[$name])) {
[188] 				  unset($all[$name]);
[189] 			  }
[190] 			  
[191] 			  $st = $all[$name]["current-vip"];
[192] 			  
[193] 			  $i = explode(",", $st);
[194] 			  
[195] 			  $date1 = strtotime($i[0]);
[196] 	    $date2 = strtotime(date("y-m-d"));
[197] 	    $date3 = abs($date2 - $date1);
[198] 		$help = $date3/86400;
[199] 		$date4 = intval($help);
[200] 	    
[201] 		if($date4 >= 1) {

Backtrace:
#0 plugins/SETVIP_v2.3.phar/src/MCPEVN/SetVip(191): pocketmine\utils\Utils::errorExceptionHandler(integer 8, string[23] Undefined index: NuTaVN, string[89] phar://C:/Users/Administrator/Desktop/MSAI/plugins/SETVIP_v2.3.phar/src/MCPEVN/S, integer 191, array[3])
#1 plugins/SETVIP_v2.3.phar/src/MCPEVN/SetVip(26): MCPEVN\SetVip->tick()
#2 pmsrc/src/pocketmine/scheduler/TaskHandler(137): MCPEVN\TickTask->onRun(integer 1)
#3 pmsrc/src/pocketmine/scheduler/TaskScheduler(179): pocketmine\scheduler\TaskHandler->run(integer 1)
#4 pmsrc/src/pocketmine/plugin/PluginManager(654): pocketmine\scheduler\TaskScheduler->mainThreadHeartbeat(integer 1)
#5 pmsrc/src/pocketmine/Server(2389): pocketmine\plugin\PluginManager->tickSchedulers(integer 1)
#6 pmsrc/src/pocketmine/Server(2152): pocketmine\Server->tick()
#7 pmsrc/src/pocketmine/Server(1992): pocketmine\Server->tickProcessor()
#8 pmsrc/src/pocketmine/Server(1586): pocketmine\Server->start()
#9 pmsrc/src/pocketmine/PocketMine(291): pocketmine\Server->__construct(object BaseClassLoader, object pocketmine\utils\MainLogger, string[36] C:\Users\Administrator\Desktop\MSAI\, string[44] C:\Users\Administrator\Desktop\MSAI\plugins\)
#10 pmsrc/src/pocketmine/PocketMine(321): pocketmine\server()
#11 pmsrc(11): require(string[91] phar://C:/Users/Administrator/Desktop/MSAI/PocketMine-MP.phar/src/pocketmine/Poc)

PocketMine-MP version: 3.19.1 [Protocol 431]
Git commit: a7cd0810020af15fb3d79127c77cf576085cd4cc
uname -a: Windows NT DESKTOP-KF1VXGB 6.3 build 9600 (Windows Server 2012 R2 Standard Edition) AMD64
PHP Version: 7.3.21
Zend version: 3.3.21
OS : WINNT, win
Composer libraries: 
- adhocore/json-comment 1.1.2@fc2f76979f0a44a5f5bc2a2b600d0762fe0e78e7
- daverandom/callback-validator unknown@unknown
- pocketmine/binaryutils 0.1.13@0abee38d4e2861621f262c79a2a3d699d8a697f4
- pocketmine/callback-validator 1.0.3@64787469766bcaa7e5885242e85c23c25e8c55a2
- pocketmine/classloader 0.1.2@9757928424652393b178a3760073113aa7c9911b
- pocketmine/log 0.2.1@830b44a2cf96ef703c550abe64302f230231ca49
- pocketmine/log-pthreads 0.1.3@e477ecf6ec214fdd4415ea1da3fdd9d73bf699ea
- pocketmine/math 0.2.6@43057cb8c179a9859677b496a788db922fd5cfc3
- pocketmine/nbt 0.2.18@9f82ca4d7f97fcd9a566e44b63c4f18a7657ae82
- pocketmine/pocketmine-mp 3.19.1@a7cd0810020af15fb3d79127c77cf576085cd4cc
- pocketmine/raklib 0.12.11@9cce458b8bfde3e4dfdbf70c659fc7b7fe26b5c4
- pocketmine/snooze 0.1.5@70b5e7937a06878dd321a3182ceb76d56298f2cd
- pocketmine/spl 0.4.2@6b08b7cf8c4afa17139c9a1b3bf1b408531de161

Loaded plugins:
WorldProtect 2.3.8 by aliuly for API(s) 3.0.0
ec 1 by McLebt for API(s) 3.8.1
Broadcaster 1.5 by EvolSoft for API(s) 3.0.0
BlocksConverter 2.1.1 by matcracker for API(s) 3.0.0
Sponges 1.0.0 by  for API(s) 3.0.0
PM-Beacons 2.0.0 by jasonwynn10 for API(s) 3.0.0
AutoXP 1.1.0 by JackMD for API(s) 3.0.0
VanillaEnchantments 4.0.0 by TheAz928 for API(s) 3.0.0, 3.1.0
SocialSpy 2.1.0 by Crafter20162017 for API(s) 3.0.0, 4.0.0
PurePerms 1.4.2-c2a by 64FF00 & ProjectInfinity for API(s) 3.0.0
FactionsPro 1.3.20 by Tethered_ for API(s) 3.0.0
Netherite 1.2.1 by Wertzui123 for API(s) 3.0.0
NoDrop 1.0.0 by Inaayat for API(s) 3.0.0
MaxEnchants 1.2.1 by Xenophilicy for API(s) 3.0.0
OffHand 2.0.3 by alvin0319 for API(s) 3.0.0
Worlds 3.0.7 by survanetwork for API(s) 3.0.0
reyyogaWtrhit 1.1.6 by reyyogaMnelux for API(s) 3.0.0, 4.0.0
InvCrashFix 0.0.1 by  for API(s) 3.14.0
Slapper 1.6.1 by jojoe77777 for API(s) 3.13.0
KeepInventory 1.0 by KhoaGamingPro for API(s) 3.0.0
KygekRanksUI 1.3.0 by Kygekraqmak for API(s) 3.0.0
AutoInv 0.0.10 by JackNoordhuis for API(s) 3.0.0
FormAPI 1.3.0 by jojoe77777 for API(s) 3.2.0
EconomyAPI 5.7.2 by onebone for API(s) 3.0.0
TPAll 1.2 by matymare for API(s) 3.0.0
BlazinFly 1.8.7 by iiFlamiinBlaze for API(s) 3.0.0
PiggyCustomEnchants 2.4.0 by DaPigGuy for API(s) 3.19.0
BuilderTools 1.2.0-beta2 by CzechPMDevs, VixikCZ for API(s) 3.0.0
CustomAlerts 2.1 by EvolSoft for API(s) 3.0.0
Trident 1.0.0 by brokiem for API(s) 3.15.0
MSpawns 2.2 by EvolSoft for API(s) 3.0.0
PureChat 1.4.11 by 64FF00 for API(s) 3.0.0
OnlineTime 1.3 by Zedstar16 for API(s) 3.0.0
InvSee 1.0.0 by BlockHorizons for API(s) 3.0.0
PointAPI 1.0.3 by onebone | Fixed and Update by LamPocketVN for API(s) 3.9.0
HideCommands 1.0.7 by Himbeer for API(s) 3.6.0
Shield 1.0.0 by JavierLeon9966 for API(s) 3.7.0
DevTools 1.14.1 by PocketMine Team for API(s) 3.13.0
NoTP 1.0.7 by awzaw for API(s) 3.0.0
TimeCommander 1.0.2 by TheDeibo for API(s) 3.0.2
SETVIP 2.3 by MCPEVN TEAM for API(s) 3.0.0
MultiWorld 1.5.2 by CzechPMDevs, VixikCZ, fuyutsuki, kaliiks for API(s) 3.0.0
BlockSniper 3.2.3 by BlockHorizons, Sandertv (@Sandertv), Chris-Prime (@PrimusLV) for API(s) 3.2.0
Farms 1.0-non-alpha by Dấu Tên for API(s) 3.0.0, 4.0.0
AuctionHouse 1.2.4 by Shock95x for API(s) 3.0.0
PiggyShopUI 2.1.1 by DaPigGuy for API(s) 3.2.0
EconomyLand 2.1.2 by onebone for API(s) 3.0.0
BangHoiUI 1 by JVN | JackVnKiller for API(s) 3.0.0
PickaxeFunction 1.0.0 by LetTIHL for API(s) 3.0.0
PiggyCrates 2.0.9 by DaPigGuy for API(s) 3.2.0
RPG 1.0.0 by LetTIHL for API(s) 3.0.0
thoikhong 1.0.0 by  for API(s) 3.0.0
MuteTime 1.0.0 by LetTIHL for API(s) 3.0.0
Kho 6 by ItzFabb for API(s) 3.0.0
MenuUI 1.0.0 by LetTIHL for API(s) 3.0.0
freeze 2.1.0 by Bavfalcon9 for API(s) 3.0.0
AutoSellUI 3.0.0 by LetTIHL for API(s) 3.8.2
CustomItem 1.0.0 by Phuongaz for API(s) 3.0.0
PrisonMine 1.0.0 by LetTIHL for API(s) 3.0.0
capdao 1.0.0 by Nguyễn Công Danh (NCD) for API(s) 3.0.0
TrashGUI 0.0.1 by Phuongaz for API(s) 3.0.0
LoadWorlds 1.1 by shin for API(s) 3.0.0
PureEntitiesX 0.7.0 by milk0417, RevivalPMMP for API(s) 3.19.0
SizePlayer 1.0.3 by  for API(s) 3.0.0
essentialsTP 1.2.2 by  for API(s) 3.0.0
AcidIsland 3.2.9 by GODSMineVn for API(s) 3.0.0
level 2.0.0 by LetTIHL for API(s) 3.0.0
ShopMob 1.0.0 by LetTIHL for API(s) 3.0.0
WarpGUI 1.0.0 by RockPanther for API(s) 3.0.0
UpGrade 1.0.0 by LetTIHL for API(s) 3.0.0
CmdSnooper 1.0.0 by HotshotHD for API(s) 3.0.0
ScoreHud 3.0.0 by JackMD for API(s) 3.0.0
shopvip 1.0.0 by LetTIHL for API(s) 3.0.0
NganHang 1 by GreenJajot for API(s) 3.0.0
luyendan 1.0.0 by LetTIHL for API(s) 3.0.0
gem 1.0.0 by LetTIHL for API(s) 3.0.0
restart_in 1.0.0 by LetTIHL for API(s) 3.0.0
help 1.0.0 by LetTIHL for API(s) 3.0.0
giftcode 1.0.0 by LetTIHL for API(s) 3.0.0
NapThe 1 by phuongaz for API(s) 3.0.0
AutoClearLagg 3.1.0 by Twisted for API(s) 3.0.0
QuestPlugin 3.1 by HmmHmmmmm for API(s) 3.11.0
Rewards 3.0 by Wertzui123 for API(s) 3.0.0
cayphattai 2.0.0 by Lettihl for API(s) 3.0.0
detu 4.0.0 by CLADevs || GreenJajot for API(s) 3.0.0
BuydetuUI 1 by FurryJaki1992 for API(s) 3.0.0
PHP-Sell 1.2.7 by Muqsit for API(s) 3.0.0-ALPHA9, 3.0.0-ALPHA10, 3.0.0-ALPHA11, 3.0.0-ALPHA12, 3.0.0
SellExp 3.0.0 by EzMinh, LetTIHL for API(s) 3.0.0
HealFeed 2 by JackPlugin for API(s) 3.0.0, 3.1.0, 3.0.7, 4.0.0
SlapperRotation 1.2.1 by jojoe77777 for API(s) 3.0.0
Item 1.0.0 by LetTIHL for API(s) 3.0.0
BuyFix 1 by FPVGAMER for API(s) 3.0.0, 3.7.1, 3.8.1, 3.9.3, 4.0.0
AntiToolBox 0.1 by NgLamVN for API(s) 3.19.0
KitUI 1.3.6 by Infernus101 for API(s) 3.4.0
CustomTags 0.0.1 by DaRealAqua for API(s) 3.0.0
VanishV2 1.16 by superbobby for API(s) 3.0.0
Buyrank 1.0.0 by LetTIHL for API(s) 3.0.0
luckyblock 1.0.0 by LetTIHL for API(s) 3.0.0
BetterVoting 1.6 by Twisted for API(s) 3.0.0
MuaPoint 0.1.lpk by LamPocketVN for API(s) 3.9.0
OreGenerator 2.0.0 by vividmemory, LetTIHL for API(s) 3.0.0
Joinkit 1.0.0 by LetTIHL for API(s) 3.0.0
TempBanUI 2.3 by SonsaYT for API(s) 3.0.0, 4.0.0

----------------------REPORT THE DATA BELOW THIS LINE-----------------------

===BEGIN CRASH DUMP===
eNrtPWt327aSfwWr5GydXUsWqbfvSU8cP2K3dqIbK4+9ZU8OSIISa77Kh2zltv99ZwCQBGjHlmw1
ux/a216LQ2AwMxjMCyD575YXpyHNvyxZmvlx1Nrv77ZyP2StfWNomoORYfRHnZ45HnQnu60iEbeG
na4xGhujrtntQ7PhbiugWX6cpnHa2v93K18l0KjFr49vHAa9APNuK2RZRud460PkMs+PmEt8+HWz
T94WM/rxLbTxiiA48QNslCxour+3d7i/9yED6vYO3NCP/CxPaR6ne0csu8rjZO/i8uBsLwmKuR9l
e5fHs49n0y9Ls9PrYPe9LHX2Lg6nxx/f7l2y/KOfADjBYeQQa/eDPgEQDGKZGCChlDrw+5fWsy5Z
H8cO9H2xT5LYuWI58MIsq8j9ILOsD/hnf59pEjulkRuwdMePcjZnKRnvEmDej+a/mL1fyTdEWLUZ
T34l25bgLilpQSkQmqZ09Uvv1xcgnGfGJoIwhyAHAbIsAWv/mPvO1Q7HZZIkxE74Xy2tvcxZMLcA
kezNaHZVisfojRRkM0CCd9s/xtH7IqqEZ3DEvXUQX5ZXO8Zo0pivqiWMVNPQ/jG9NVT/7qGEkPam
/M8FjWA9pDvDQf/+cSqS2j+G1I9mi5RR95TRNLcZzRsjD+4e+ZKlsMh3zN64yZSgybI0osR8VANn
jUGG9w9iDMzGIOKOOsuje1EYk8l9KKZp7IA5iVOBa3w/rsF4+A1cWQ5CFDgmd+OY8p8X8HPHvLV+
SzRfvjhxBAurcPKd2P6NOTl5TTN2CHYxO4+py9JdIuF3LP8LmNPzeD7HVnL59oa/ksN9sAy4cC1L
W7mWJZcu9IS1a1lVr35/g15yvVqWWL/dB9nvmU32MyFfgcAQCHYMbJWy3ws/ZTuSsImxkTWqB21f
TGsjopP1ovXrn7stthWv8xR3AESIjl/8aBkHSxayKAdsLvDv5K3yLkAEXoA4scuQZmNsAtjKxf8I
gVvGuKeBiihj+c5zGgS/PI9oyH598Q/eqq+1ep4v/AxXRshAp1l+EAS8j2w8qBoT8ieHDBUIB4wU
gO/t/IefNcd9Qf7NW47Xom/SHHLSbQw5MRTA8ywnL4mC5her5RRpCqJsL/3Eav3K0U7MJpKeisQH
HOwmCUC8O1ZrF/5FxIKiSb/ZVZXKc5fmzIDuoI95jHLcee7/0pXcTIS4CJENTa0hQmC4VTtsu1br
hewy0rv0oAu1sx3Zvy1HlI1LmT5fsCBBQfAue+Nhv9sVLUp58jt9aAL2eElhlrEHx2J2u9WQ/LKU
L0yn7PXjSzDfMI1//h3C/B3C/B3C/B3C/B3C/F+HMLutOYtYSgOMB9DzgdHW+gJhNsxDnaG3eh1j
0jEQXviBCzHIuDfYbfnZF5ctW/seDTIGQUca57ETA9p+DzLWuY8hCR05bndsdCFxp54x8OyeO5oY
5sgZjRxvMBp2xwPH7TsO4C4kLZ/ANsfXGXk7I0fHlz/P3k3bP58YHz+/eU2GnR7hJJDJsNslO2VT
oVEEHJBJ3pvkMgcTQ1OXHLs+OoUX5ODiaNjHwAhy8f3WCIysiex8ZZHL2ZPXcPtLnCENZ2/fzgDA
L679iEdQYRLDHHwJfDulqc8ylB91F8BzyvZ+y+KoDW1kKGZ0jI75ynNMbzScjCZel/b7dOANbMek
pg3Eu93R0PRYl43GbAToXQocANlxuOdATGJT56oN3tZ3caIBYRFdRfF19Er+RWLribX9iKYrvjCg
aRfGNnqvutRmrDd2+8wcD42haXjm0HRGE2rSnjucTNwxBdK8vo7qzsGNTrfTezXsj8ajPvQZDm2H
0hEbjMcDs28ymEOz55gDNnYGA2o2EOJyDvhylrSZryajwWhijvtmfzgwe5OebYzGtAfa0B31DKMH
uJ3JxDBsHVMQzzkGs2O8Gve6NkjUdLzJkHmjbg9GRoaH/V7X9Ez4v57h0P7kFoZ2knNHUAqq94r1
RyPmeEPmmEbfc91+3xgwari0BxcTd9SzPZAWozqqkOYLSc3wFQw6GDn22AHnRyfjwWQ4Gtn9yZCO
xmPXnpim5w4cz+npKCI7L/kZv5p4YxMIdkcezInjTuhgOGT9vj3sOX3PGNPRcDCibNwQbv2zHSbV
Qn21wapTkKX0CnRbyAVoMl5NHIf1B2N7bHsu67G+67k2yNoZDiaeM7JHHjOH9sBpaFAWxfFXJsU7
eDXq2gM2mvRGtDscj8auCxaR9iAPcZg9GrqDoTkZe6bjNpAkAcfQB20Z2t2xDYSPnT71qDEyehNn
Qg0bJsaw+8BLz3CZMTRaf1aJEV+bn+I0cMHn5ZgU1bZOA++2aiuHsdcYILTIF3GaYagKa6AIVmgz
aeIjoAcroYvXLKJ2wMB6gP8C4+eyBGwJ9oF7WezlRyoA4w80hhybZV0jBYmgQDgyzO5giWDGNjt4
P/uANvia2ZmfI8WLPE8y8AJgUheF3QErs3cBjsLzWeCqKlAGk3nKUEGzHIIzjVvMXh1FFMzRBGDo
zF845wxUVGV+DF7gkcwLbJYFN1gKEVJ2i/Xpu8vZp3fvz4805pHo1ym0cDhDCvUqVGOjM9AZOYYk
+RLI2tY8KgNblk7FGrN4fX3dYUARYu/kV5y/ACYxO4wjYKLBY+OOrq9GpzFlYJUcSLOuoOWWeK0x
Aqs6MZYlorR1ZvAyiaO5cJmSsxKizxxSqnK0JS7OouVqMIDQUwy6vuZNL9qvGcU4VY2WaqA+H03q
W79RCAuuV1FkdLc1IQpKy7I5GTAzFTkPcnRQ5PHnqcKNBOjzYDQ5+Ql04OJoW0wIbBBs87HXm447
rKBAsyc5AOY+0sgPAnocOQsa5RiLqfN2112V7f7tCZwt2MFXCFVuMb6LvvbxAlgKUizrEILHR3Be
0rV3F0+43mLHp8FlslJXXAVrWpEG04cp9WB9Qzg9hP9Gd/Def8rkO6GLMUKCFuQwdC/F77VWY5Gy
KUtDbTFWMF2DIXJoQ7Ctczbsn5xA4vCfBDwiJpZnkQfpVL41D/9FDGBZFVXKz0dMM+8rvXqNByRx
Qh3MbDLgQ5GFCtWlAQlOU7NZvmApc788jffWQZT7lwkNccxaEAolliUv1rW5bzll/LrirIbpfJlN
D/gJXNPXwjfM3rbmtMZoWRUZjzZZNba9midkOj5K40TlWADud4/g2Chd0a1FNhIdMMpHX99PXtAb
aYLUtalCH5i3zyyKk4Uf+M7WFqOCEhmpSNEu1mHunedh0VJhrIQ03X+vmT4s/ajbMybbyyAkQssC
EoABt/qxDiM8GciauZA+N0jfSGcjK1LwVyyHvOVqW5xwnDIVghmpCFlrPclEp8ORdICyvWcCETKZ
stUqntNPebrw1bxPhzfDnaHOsmx8EbGguNm2A5TIgQxj/RUGISz45Wxx4t8oTKlQlSWgrrHCVB6M
/hMSguJ3oMqy/Gjp4Mief7NRIhDQJNFSnBKiz8iwaSB+i3+L2Qj/0abD6D1BB8XIj7blNUl7JRPA
4c+MJTAtEInFqRp+6fCGXdd5/XkR0zcUcvq59KrbWHEaUsvSyFlfDX9ezdnVexpdZR/OVOZUcDP0
aHKHbVP6e0i3Zk0UlMCZQsv6jGESAfJoJEYIubWu7kiN3sZx6i4KP9temudcRSVSy4LhYlhxImMS
RD3I0UmchgdTdZZKyAMT9I2lZj6BmwojRIOCiOrHOqwcQ3YbhyudGwWoMjTojDqmzlAcMRv+29bc
SHSWxQQFgNOyNGoeZGg2PQjUDRhx3YiRbtV2ViFN2RYrOxyfZeUJDYINqnEB/epHJ8FKq1OVMJ2H
cTOW8P2TAIyQH2GPrfGiY8VKlSRH+blWgunP56vDIsvj8I5w9q67egTYby6lIwqd3hR6TGtMHs9p
iRDyytvU3Al8hGMrB9m7A90eVwHchGPpLI4DVUAauBnwd9s2y2lDqQ+/MmcxvThiS+zw0b/xrw7/
tS2tcBB5ErqA3LJsQVuOtIFW6JRuKiCF7D0NFchGiOsggLFU2WjgRgHmry1XqyNbVoOOxxWsZ6nv
8o3O2oBJyAP5qp3GVz4L9eUweDxvEp9lyfFhBVzUpDyctl4m9Fqr7ZYQfYbMv3aG5KB4yKAc/XHz
gjWiwwXNG/UxDmqWxwzjrtrYRiwpxbfbhSFuO8o6UGu3UZz6zJZ+XGTT43bV5BtlNCS+/rWFIhpH
g2l9hCcqZ/wBgzqzr4GNKEmX1r+Yi8dgjOG2dKBCCBl9RcOjU5MK257CkMgiLxnTE0gEPLBs+c7P
aZz6X+VEbWUbTUVqWYKSTXLJKYTEuR4TVqAmQ707I0LyB4HMmbmERi75kOCZRWKvyDkNxYmYj281
ZidbiBkTpJBHjAqt96x2ZPQUDNphHIY00qo3GrjJcCPuOvVDmzW2BYePZ0eisyyVhjW1VXTtCIW8
XOAutloOEIAHFPInuvRZes7iaDIZ6mtw9JDRKot39+5PqegtSxBV/l1HNyE0aEZHFahRe+o3A4D6
NBaZMRpurd5REoCn2paN0GfNcwc1aXsVDl69nk212vVs+pBC0uuv9HprdVFEZllRnCePNpmCIAxu
wFZKldYKVTq8yZ55a+PwiPl2s3pjPpZDbfB1Do3wxSWO/yuLq3weQDv10jj2wU8Fk9nxwcXW4hvt
1PJagVkR5D4vCquxWQ1snPforJVW4MN+qyLPiisffl/RwPevsr8k2QiRUl6ShqlSqX5KoqEgKs+M
XEZ+cvu8iITqVf1b86z7dFAWrlr5kuy8Kn/iGdXDRepn7WkK+gd38G+RnX988bTKUOtiNQ3ivPXN
YEDhY5OI4ITqm8PiurFU21EctWmQLBqbw0dWYTA6KMjMKrpdRqNt1/0XIe6F8k3hkrA1ypI8Oj6F
WJlptUkF3My0+zpflwuQ5WRw88SNXq3Ape47KAV1ORLWKzl9C6QPi5YateuVYYDsRKsxq9AHzkHd
WXYxn8YyX34S0vpmQUbQp108uQAj0OwphdBzfTtShTYls4VSqCqHDcqiAd+e1Gl7uLhIo/lp7GsT
X8PuOa34E/isPwjW4j9GP/tB8NQjcEqxXGe/DBHRoa19jMx3rugNOykivhA0pdbvPBD3nrN8dnZ6
vi2nlYjRN2EEC4Ip5Em3C6MC2twSn/wlK/OuOue3i6ScMu3i6UVRjoavyffTN4os8Oo7T+Jyg4Ma
QIR/tYijuUJyDfsuhzGr4TY4XlLkzUJNBfq+wg6LfIPl8vNCPZ6FVyq1jTMHZ/nXE2rbjzbNt7zy
N0/5iIEwnd3ojA+LCs0uS8B3ngAYdH2avZSxr6raSMADJyBf06VHAxDt1k7u1BgtS9Cw2db0JQsC
TfgKsHl8Z40JGD8+E5Xo1idfmOmznIW3tkM48AH9mS4KsBX063a3Q3DkDdwe5EBxdMEfwK+9Xg38
zgafDyyeJlyXA4cmLlWNkQQ8QPnbOXhRSIucQUQOMS3y+tGcHNFoQXbeHh692BZLOA6LDmGiETek
fGzJgrMsWDNqnKHVe6Otjwp0/7GoravXpzgOcDtKjC5/rcMDZrm3DugpwEbVsHFEb+FH2+KgHnP9
WhqGSk6yjDp5nJQbUcdR7uc+yz43dqNquD41o6byhX5w1e0bWDh8z5b+kgbTi4vp1rbSU4EzCUNw
ggkQxiRhYrepJHPjGqlC657OL5bk/K9sGtCVfgSuBt6/b7GlGebjneN4EANUv9dRUpZlKCUaZFrB
VwM3yxHmX8GCOiJknPr4D3tUx3eldVE8ag1sls4aScybd0eXaPc/RtusqcjaOqTQan1BVMpgJYqK
2RrMBWg7Fb7E9QNPKm3dRbEs9+cbOCiMRS9iW9sJEpDv61yzjWLiTzRNdL9TQh6g+j1M9hTS1sX2
HtVDlJaF469P/4fkTUpdNaopId9X6sUGNCvPDCnxpPog0b2Un8Y5zHF+urWH2R7/PNMlvjrgtNC2
P0vQA0H9X/M8Xjn6+pOBy2Xpqw+ulJDvv2zxtU1rE/52TvFtQWodpALdU2Z8g2HCT/S3eGuHf2qM
6xMfYLTsUrWQWIG+r9zLYdenfa7lgfOHE8AtUzzfJPFDN0bT/IsfaU+SVMDvS7oceH3y8VVdCuH8
8vuSjENuoBu+l5evqisVpAR9Zy2Rw25gUGgyW2jPLArAPcYk2XLuWeKzLDF2+XfdItNhwGh6Tufz
Rp2phute6VbdbHbtZzlzt8VPLtCJxx8cJCIAIsRDECpNGz89LfAeZKugCC8O93R8IIx/FrDSpvIt
ipUoVGhDEI0QIwzhX/hHz1Ufel68ehTq3j3kcIGYLev3gr9DgxP1CBmUNO6pXOFuBrumqVaDKCGN
iOR7PncrSdjGU7cS1Z4oiq2SBc1z6muFsQr4cM6U+4tga3FksoFld1leKETzywfeZXB4foDnSMgf
f5DtRzESOTDgR368QTjwulgh8fqGbwW7x3ieFGm6+ole+fjWu22xoSHFszt0Vrxd0GiTJ8mmp9M2
VubVslcJatZGGofiLvjDlU1m2gfn09ODCX/nRHVpdBvXRuPaLK8fXSUCgk/5Hv7aOTz0OL5RI44S
8kA2c/wV1GaxS7bsxAVayzr+PN1sq+uU0eCEMTUxq0CaUbidlElL+q33hexWD1j3n5qwTeUrKNee
HeFd3sc5bRxCaN554Fn9bzwf+BRV0wnY4KlofVdpnf2kLeuYv9FGElg2/QFuCbjPzk0/vjm4OH5/
p0qNOmLZj+XfCS8YP0m1BEUb7E5GuY8HgV/HKl8qVC/zG80dpnMaNs7ZP6WqL/FBkFhTsO4RQiVi
KMnCTXw/15915tfNZ2ibm/mRx9KoyIyuobHWf8rLOSqUlsWJ2HQPdkbntx9J48AHNsmO6Hswfwe/
F3Rby8alKWCkgHE9Jlw/c+LU7QQMX51EO6wo3/eULT6ajZc8cVBjv2zYfKcF2Bs7tu3V9t5oUWK0
rJKI+teaxiGl0ZVuHTjkO5cZYMhNalHO1crG87paNaoCfu96VDnwBkYZ4niWfoxzXysHauDG2yn+
0rR3Vqa9KgX61XqHpih/xEg7NCVBDZPcCZKrxrQ88hGo5paWfMTpvu3meiQecPM+9a+1XtCTsjf8
ncZ5rO4JaOAHcrmlv/TdkIVxutp6GKrSYVny51pFmZ9AAlfaW2xKyPddVVf+BqnpjIXJa0yZ1NMY
FezeZ08u4yij/zPb9sF7idayKjLW5QbfKEtT4AFWXuPZrPIt21y3+QuoO0mKOz/80MB+69m0uiKH
ceT5c4Jf/bBSK3p2SXNyQVfENIlh7vcm+70e+e/uiJhd08AGYZy7Ly/enZN6TxrBYph2Eqf5S2Ni
9EwEXi+A2HYAJuNlF69pFMVF5ODrYHFXv02dhc/EN0KylxBbIx58yrgt30ALUyE6hvRG9slemgOE
zCmuCJeJ+16cAtYKFnseQkECLu4aldfJMpGjuL7n+U4R5KuXnNB5uQbaGRZOonn2EsF8e7qNevIy
4N6zgmWQbilN8HsrL4+OTw4+nM8QKjSh/XvB0pUcUoJSsEElPfi7k9Asu4bw4eV/8X9ASEUetzO6
ZLLj0mfXbYgxcgqSezlG0I0d37RRN2UTmIR5QefsJQNjDNfaC4s7qxBfWPyMoFoRh093kfJkhs86
AeERTXdAC8hswTJGSmkQCIlIvmAkjkBl8gXoiIOTmRObET9ygsLlX64gt7QNcV3GIfT0EEETZ0Y9
tkti3GvOECWxIfa6Iqu4SCUu4nsEJtX3fD4CzCd+SSZYIeK37LpCt+cyj8KMZuQ6jn7ICWZtNCUo
zRCYxZeHr5BC/DiM4Pt6wSJSJPOUuoCgY0WoxQLZvhUR8uzTgr8Gj+QxjBK5BFDIN/ODDCASAeUH
Xyhuc1LBt1NADPIMWM7l5bKl7zCy4B+WQEiImIW6lrO2T/hr6vFGtihyN4YFID/Us0+slnyDvBPE
GTjeFqfsIAjia4ILC4gpv9RBlj4l/0SVwzZc98r3Lu8TNEm86zHXQ9mHP1yMS4TAjIFQEJu9IlKU
2F6qbXVbIfbZJx8EEkcgV+q6JGWZED+KFb/pQEJGsyLly5uA0G2GRINwGITWAYpt7i+h7ZIGBSM7
clAwNC8QuxgRFgxDm9IGseMHFfbhNh/7bRHaIBXQqoNsFTn4VQ2CL4EDPerwBh9AWly1S06x2SKF
CKCA2YPm2S7hj8ERufhhPewSfJU+MIJOgMsGDC7CwiICDcImAvkln17gCbQsjW980DAGYgCWuOZG
FXEoW0nQmYe6im1QJ3eJn/8A4stT3s1laO+4yjQ6kx3goYB1Y3KxcDbaktN9jqqpq5QrR1pEEU6n
iwYqTvgk8BeNZB1yxJbyNwn9+QIWM54E3FUXn1QclEiaFkkuoEJgKBiIRpjki08uLEr+hQFXLAi6
jH0XyL6bAtQR1LkYBA3a1VEUDRq3RaNK08D88+BHLMo3YIlBe9CfEgGHdRD6Oa7tkM2pvcpB4uRS
iLrLhetniJt3n+GsXftc8lyjYNFetwWiUskyzqHnA4lgkRi+iAzR4Nnockih5DBbBS5TMo9homJc
pqgVONCck9nmpO2TLnIBo3MTLN7y//+eAwxQ7qMfvevT6IcUP+EkSPNZkSTRZQTMB/pHsHslQThq
SZXRNfuSMG4EPvFVIenLftgChXxdcJLQYhD5ES5Y6eyGOQU3vrEgWaxIdFZVa3bjQJSQ1RwJw/Vu
drxPZqdnl+T87OJsRg6m0/Oz40syPX5PIM77+fj9LoFGZPYOWh2TT6fvzo/J9P27w+PLy07TBGjy
MAdDKY4pS/2YO2Q0xBky6CwYN8lcGpWxNUD2EBK43LbwJm1MAISZ5aggPgQ+wUCDNiG/31I2oWQQ
8aEDjLCZHIxjFkjA9NaGXHgkPsY79CHo53mHzu3WqAsyuoZpS5iD4YCQLJIr5lX0rXgA9WJJVrPa
60pesxd3kyQ570nO5zS1YWW0nTgIRCzKDdDd0uVLDcmRvYjsBbY7pFHBgw+VEgjMCtDBF7ulT2gq
YamGwr16HuAS/Ib1EuyQd8LmC4WH6CEuAreixQcnch2Rmv5MIE44+cDosNuVvMJoJ9xY3HKSXHUE
hoo3L43D0tmK3rJFW1VNdYaRGzmTt3SD3KFSmnZclgEjTlkKI6EaSkV2izAR0ZUI4Yi80cYb5Xwd
YSPZgdPOySw5gCtw87DY6R0CBqcNjg9GWIKSZVnB0DDkC5i1eRltotHC0WqqdsuJFDGCDCo7ghps
+k05YZ7jLIroKitpP6QJQv2wCMHH4rPvpMwFcCKJyIoEFbVccb1IUfIVc1vHINhOJEV8wDZGwQU4
3X41Y0exuNXUaYyN0OoJ/KJxuYQELtlQ5YxHDm2H4uc1qnkBUnisAuEjSg+oEwGGwJLgtx0w0cA+
gsOaO+gm5Sn4KUfGxnW0iwLEwxMl3vtR3aeHViTfMrwvXQSEZos4ECGmTXPIZDES5yRn+GE9Ip0M
t20i85F3hWuxWRVsCvf2TJ2l8haa1XSVI/Jd0jaUCeSTxwdu5yUx0gVwq13HsTxFxRDSFZxjLsMD
fewMQElWh5xCLAi69JIHd+Rw+mEX+gINNqyva98FteexgrCeFf42x79PhmXYXUfkGZeO0rZDDlww
VAsaeHv4jiOeJrgMdFgOBYMSrHuggikLsXZ7CjI1FTm+QauGISYNOgSJ+DCNpmWwXSeAmEsgUXjQ
AjsWSZS05XUju7mQqy7zv7JqPjEsL6cRz/WXIROE7UI9FNfan5ii04sOmco+AU3nvAOVmajUBT6i
l9I5sgBzAmLLkoBHLJhehhSfGoeRU5ynw8DHignPl/HDbCzLycXsA6c0A5aQbbvICebnfCrr4URy
0SltTZgXbey1z6lFLXeZXcz3y4TlR2JgoiLDtQUsVX6fyPQ0Ewk1anKUxcJxSW0wEJkwTgLb4SKG
BBY1sMxTWJmJcgvm0pySjC5LS4kVkLJOhPeUFBYI4xU2EbDIesRvsR+JZJiXiX4gn+34BrU+JWdH
ZOfzh7OjFwQ/GbMAGqD9NZj7JBWvegPFwPwlheSlU0eAoAkxb8KFjW/m+Pz6vMQvcxsF8gMfDItF
3GlC9IFJLnfDnLe4rI5IF6IUcTyPDwv3fG/Vvil8V1FECnEKWDdG89JuAv/iw3ZlGsBTSEkp6A2T
bw2LYifwE8L7gtpgVc+hmEqG8bLMytGlST/AbXG7vCeGzGoLWBa+1ArJjJc4hL7DKgLxisngbaVy
F5kstTiwknNh62SftuizTxIIkpZ+gMMIOy5tlBwFHRGN5lWiEGG3oOkPd8tWWsXszqqUmOWDMC5w
CXvC4cgVjaKUc4wOFk0Ur0eAHuJv7iGh83vuL5XOnPGIifzXZgKZzTxcgLyqyV3colR4ruO82Kl5
XsE+DlSxD4aI0CapifhgJozGwKndRWX3bjJpCphAP8p1B8SWnfFvRU2PL2asDrQL/va5TNFJfuCR
D8Sru+raPOKD8W2ujFsglCdLcaaJ+IogkdwRWU0pPTjvo7EO+NrEJM/IHPKwrBZPXbGpJNS5LSJp
m66pzxM1sJOQxYi5SeKkCEpllBfoyngbaRF73B7yCL+dSCuGzgQNE3g7GTvzaq2oUe1LL44lNZ43
CrBwgnK+cLesKna4tdxQ39t4qLcBqpabDk4WEG56sTIjsMra4nRh1XIR48xwUjr4JGHHjznFYMlW
IeY9GR5pyYDDrCYdkzl5n9T3OQvcitH5PIUMWlTLZGlNVBDwI8pXTf44fbCC3x29w4+ItqXNF64P
jcI1E8E1haVzzUfMOOE1AxzWUerZ4GkryQvVFJNzS6gwoeK+VCZw8vghTO6q1BiRw2NVdBB2R6gn
Sulql/D3Mu0SfFUw9895FYaB6fVYCqF2Gy1QhP5P3C3dlXAWVCuFyb0mxb8WEHKCK+dWrDQWEiGf
eXG/HOPWTAte1anO/bC21dIBI1JsjysBTTPOLBpMHJDX+GSnsp7bqQeQd9QRSmne7+Kl2RazK1aF
UjqROAB9LuVZFkkWEsgtBmY5MnCWFgNrzpCbuDxy9L0KEaQfwIjYYEALVFYOhI0DfNJElp6NBj7N
ZFoCkSQNk6C8wpgHaJRztV9OmrgHeoslrH3yCw9WwH/u8prWr4hUfPWjcpPqxgdnAwNHfBuwqBqU
+0+8HHCXx+IOnXvojAfIPNvE1z4BrdLdquSLcTkN4ifBHSv0CsJ71SPuk5Pzg9m++Y/R7mByY+z2
bnq75j+Mf7gYEPF1voMfbXTQuL4cd4UpFlf9wQsR5Yk9BjVZFyscfQvIWNbSeOjBi2Ewa86KiO8r
F2lplMsMJa12J7jFATzgqhy++5OVAmuXOxugCyKcfXbCTQ0firfXkBQ8UhCQLwqkzWNLJeiL+bfa
CbsBw5fJ5M654ueyeSIDErF9CMxXIojj7ZBfIAVSD+FGxJoRXHL8EIykla1u7bbYTc6izJef7uPf
WVM+/Ws78guuFQR3lfCzwRosDr+4cQ7GUIPiTqQGKNJAvUYToV57fsA/61hD5qH2IeIFviNAufZh
lS1VAH5emO/0i4fkQ1tskalNMvnVYxWWODrX75kniwtaT272Mx0EAUqoQi6n5+pluMp+D/jXk+Uv
MsBjYybuLZA2fop50O13R/Dz+RksiZHjwL+TIRuOBt7QHZls4HhdzxyOvP6YGcORY1LbNnvkOeDO
4ysWQXigSWxF+Q5r+bKWr/jMIZ7rGvDX3X0VX66tWsPlTajPSYzsmN1uzzBMPEs9PXqnicqNv3BW
mkAA+fp0grmIskxreOmjQfh8ocmoQQFcYpqtswXAa/wGmAZUvlGMT58b+JltIHihK2ftrb/wYEz9
/jOKyJ+L70LLR3VQTBylIR9o5wbNtctvEKMep6skjzlAPNMyd2/Nua+pCZdNTwVBjldw8z0vhDKW
5PwLY7Z3U14eqjv8+ef/At3fzk4=
===END CRASH DUMP===
