PocketMine-MP Crash Dump Wed Jun 2 04:04:54 +07 2021

Error: Undefined index: NuTaVN
File: plugins/SETVIP_v2.3.phar/src/MCPEVN/SetVip
Line: 191
Type: ErrorException

THIS CRASH WAS CAUSED BY A PLUGIN
BAD PLUGIN: SETVIP v2.3

Code:
[182] 				  
[183] 				  unset($all[$name]);
[184] 				  $this->time->setAll($all);
[185] 			  }
[186] 			  
[187] 			  if(!isset($all[$name])) {
[188] 				  unset($all[$name]);
[189] 			  }
[190] 			  
[191] 			  $st = $all[$name]["current-vip"];
[192] 			  
[193] 			  $i = explode(",", $st);
[194] 			  
[195] 			  $date1 = strtotime($i[0]);
[196] 	    $date2 = strtotime(date("y-m-d"));
[197] 	    $date3 = abs($date2 - $date1);
[198] 		$help = $date3/86400;
[199] 		$date4 = intval($help);
[200] 	    
[201] 		if($date4 >= 1) {

Backtrace:
#0 plugins/SETVIP_v2.3.phar/src/MCPEVN/SetVip(191): pocketmine\utils\Utils::errorExceptionHandler(integer 8, string[23] Undefined index: NuTaVN, string[89] phar://C:/Users/Administrator/Desktop/MSAI/plugins/SETVIP_v2.3.phar/src/MCPEVN/S, integer 191, array[3])
#1 plugins/SETVIP_v2.3.phar/src/MCPEVN/SetVip(26): MCPEVN\SetVip->tick()
#2 pmsrc/src/pocketmine/scheduler/TaskHandler(137): MCPEVN\TickTask->onRun(integer 1)
#3 pmsrc/src/pocketmine/scheduler/TaskScheduler(179): pocketmine\scheduler\TaskHandler->run(integer 1)
#4 pmsrc/src/pocketmine/plugin/PluginManager(654): pocketmine\scheduler\TaskScheduler->mainThreadHeartbeat(integer 1)
#5 pmsrc/src/pocketmine/Server(2389): pocketmine\plugin\PluginManager->tickSchedulers(integer 1)
#6 pmsrc/src/pocketmine/Server(2152): pocketmine\Server->tick()
#7 pmsrc/src/pocketmine/Server(1992): pocketmine\Server->tickProcessor()
#8 pmsrc/src/pocketmine/Server(1586): pocketmine\Server->start()
#9 pmsrc/src/pocketmine/PocketMine(291): pocketmine\Server->__construct(object BaseClassLoader, object pocketmine\utils\MainLogger, string[36] C:\Users\Administrator\Desktop\MSAI\, string[44] C:\Users\Administrator\Desktop\MSAI\plugins\)
#10 pmsrc/src/pocketmine/PocketMine(321): pocketmine\server()
#11 pmsrc(11): require(string[91] phar://C:/Users/Administrator/Desktop/MSAI/PocketMine-MP.phar/src/pocketmine/Poc)

PocketMine-MP version: 3.19.1 [Protocol 431]
Git commit: a7cd0810020af15fb3d79127c77cf576085cd4cc
uname -a: Windows NT DESKTOP-KF1VXGB 6.3 build 9600 (Windows Server 2012 R2 Standard Edition) AMD64
PHP Version: 7.3.21
Zend version: 3.3.21
OS : WINNT, win
Composer libraries: 
- adhocore/json-comment 1.1.2@fc2f76979f0a44a5f5bc2a2b600d0762fe0e78e7
- daverandom/callback-validator unknown@unknown
- pocketmine/binaryutils 0.1.13@0abee38d4e2861621f262c79a2a3d699d8a697f4
- pocketmine/callback-validator 1.0.3@64787469766bcaa7e5885242e85c23c25e8c55a2
- pocketmine/classloader 0.1.2@9757928424652393b178a3760073113aa7c9911b
- pocketmine/log 0.2.1@830b44a2cf96ef703c550abe64302f230231ca49
- pocketmine/log-pthreads 0.1.3@e477ecf6ec214fdd4415ea1da3fdd9d73bf699ea
- pocketmine/math 0.2.6@43057cb8c179a9859677b496a788db922fd5cfc3
- pocketmine/nbt 0.2.18@9f82ca4d7f97fcd9a566e44b63c4f18a7657ae82
- pocketmine/pocketmine-mp 3.19.1@a7cd0810020af15fb3d79127c77cf576085cd4cc
- pocketmine/raklib 0.12.11@9cce458b8bfde3e4dfdbf70c659fc7b7fe26b5c4
- pocketmine/snooze 0.1.5@70b5e7937a06878dd321a3182ceb76d56298f2cd
- pocketmine/spl 0.4.2@6b08b7cf8c4afa17139c9a1b3bf1b408531de161

Loaded plugins:
KeepInventory 1.0 by KhoaGamingPro for API(s) 3.0.0
ec 1 by McLebt for API(s) 3.8.1
Slapper 1.6.1 by jojoe77777 for API(s) 3.13.0
AutoXP 1.1.0 by JackMD for API(s) 3.0.0
TPAll 1.2 by matymare for API(s) 3.0.0
FactionsPro 1.3.20 by Tethered_ for API(s) 3.0.0
BlockSniper 3.2.3 by BlockHorizons, Sandertv (@Sandertv), Chris-Prime (@PrimusLV) for API(s) 3.2.0
EconomyAPI 5.7.2 by onebone for API(s) 3.0.0
OnlineTime 1.3 by Zedstar16 for API(s) 3.0.0
PiggyCustomEnchants 2.4.0 by DaPigGuy for API(s) 3.19.0
PiggyShopUI 2.1.1 by DaPigGuy for API(s) 3.2.0
Sponges 1.0.0 by  for API(s) 3.0.0
KygekRanksUI 1.3.0 by Kygekraqmak for API(s) 3.0.0
DevTools 1.14.1 by PocketMine Team for API(s) 3.13.0
Trident 1.0.0 by brokiem for API(s) 3.15.0
Broadcaster 1.5 by EvolSoft for API(s) 3.0.0
BuilderTools 1.2.0-beta2 by CzechPMDevs, VixikCZ for API(s) 3.0.0
MaxEnchants 1.2.1 by Xenophilicy for API(s) 3.0.0
HideCommands 1.0.7 by Himbeer for API(s) 3.6.0
CustomAlerts 2.1 by EvolSoft for API(s) 3.0.0
SETVIP 2.3 by MCPEVN TEAM for API(s) 3.0.0
PurePerms 1.4.2-c2a by 64FF00 & ProjectInfinity for API(s) 3.0.0
EconomyLand 2.1.2 by onebone for API(s) 3.0.0
reyyogaWtrhit 1.1.6 by reyyogaMnelux for API(s) 3.0.0, 4.0.0
AutoInv 0.0.10 by JackNoordhuis for API(s) 3.0.0
SocialSpy 2.1.0 by Crafter20162017 for API(s) 3.0.0, 4.0.0
BlazinFly 1.8.7 by iiFlamiinBlaze for API(s) 3.0.0
TimeCommander 1.0.2 by TheDeibo for API(s) 3.0.2
Farms 1.0-non-alpha by Dấu Tên for API(s) 3.0.0, 4.0.0
WorldProtect 2.3.8 by aliuly for API(s) 3.0.0
BlocksConverter 2.1.1 by matcracker for API(s) 3.0.0
MSpawns 2.2 by EvolSoft for API(s) 3.0.0
MultiWorld 1.5.2 by CzechPMDevs, VixikCZ, fuyutsuki, kaliiks for API(s) 3.0.0
InvSee 1.0.0 by BlockHorizons for API(s) 3.0.0
PM-Beacons 2.0.0 by jasonwynn10 for API(s) 3.0.0
Netherite 1.2.1 by Wertzui123 for API(s) 3.0.0
NoDrop 1.0.0 by Inaayat for API(s) 3.0.0
OffHand 2.0.3 by alvin0319 for API(s) 3.0.0
InvCrashFix 0.0.1 by  for API(s) 3.14.0
VanillaEnchantments 4.0.0 by TheAz928 for API(s) 3.0.0, 3.1.0
PureChat 1.4.11 by 64FF00 for API(s) 3.0.0
Worlds 3.0.7 by survanetwork for API(s) 3.0.0
FormAPI 1.3.0 by jojoe77777 for API(s) 3.2.0
AuctionHouse 1.2.4 by Shock95x for API(s) 3.0.0
NoTP 1.0.7 by awzaw for API(s) 3.0.0
PointAPI 1.0.3 by onebone | Fixed and Update by LamPocketVN for API(s) 3.9.0
Shield 1.0.0 by JavierLeon9966 for API(s) 3.7.0
BangHoiUI 1 by JVN | JackVnKiller for API(s) 3.0.0
gem 1.0.0 by LetTIHL for API(s) 3.0.0
VanishV2 1.16 by superbobby for API(s) 3.0.0
Buyrank 1.0.0 by LetTIHL for API(s) 3.0.0
restart_in 1.0.0 by LetTIHL for API(s) 3.0.0
AutoSellUI 3.0.0 by LetTIHL for API(s) 3.8.2
ShopMob 1.0.0 by LetTIHL for API(s) 3.0.0
UpGrade 1.0.0 by LetTIHL for API(s) 3.0.0
MuaPoint 0.1.lpk by LamPocketVN for API(s) 3.9.0
AntiToolBox 0.1 by NgLamVN for API(s) 3.19.0
detu 4.0.0 by CLADevs || GreenJajot for API(s) 3.0.0
AcidIsland 3.2.9 by GODSMineVn for API(s) 3.0.0
help 1.0.0 by LetTIHL for API(s) 3.0.0
level 2.0.0 by LetTIHL for API(s) 3.0.0
AutoClearLagg 3.1.0 by Twisted for API(s) 3.0.0
PrisonMine 1.0.0 by LetTIHL for API(s) 3.0.0
Rewards 3.0 by Wertzui123 for API(s) 3.0.0
luckyblock 1.0.0 by LetTIHL for API(s) 3.0.0
TrashGUI 0.0.1 by Phuongaz for API(s) 3.0.0
Joinkit 1.0.0 by LetTIHL for API(s) 3.0.0
Item 1.0.0 by LetTIHL for API(s) 3.0.0
LoadWorlds 1.1 by shin for API(s) 3.0.0
PickaxeFunction 1.0.0 by LetTIHL for API(s) 3.0.0
KitUI 1.3.6 by Infernus101 for API(s) 3.4.0
SlapperRotation 1.2.1 by jojoe77777 for API(s) 3.0.0
PureEntitiesX 0.7.0 by milk0417, RevivalPMMP for API(s) 3.19.0
HealFeed 2 by JackPlugin for API(s) 3.0.0, 3.1.0, 3.0.7, 4.0.0
Kho 6 by ItzFabb for API(s) 3.0.0
PHP-Sell 1.2.7 by Muqsit for API(s) 3.0.0-ALPHA9, 3.0.0-ALPHA10, 3.0.0-ALPHA11, 3.0.0-ALPHA12, 3.0.0
NapThe 1 by phuongaz for API(s) 3.0.0
CmdSnooper 1.0.0 by HotshotHD for API(s) 3.0.0
cayphattai 2.0.0 by Lettihl for API(s) 3.0.0
MuteTime 1.0.0 by LetTIHL for API(s) 3.0.0
NganHang 1 by GreenJajot for API(s) 3.0.0
CustomItem 1.0.0 by Phuongaz for API(s) 3.0.0
WarpGUI 1.0.0 by RockPanther for API(s) 3.0.0
ScoreHud 3.0.0 by JackMD for API(s) 3.0.0
BuyFix 1 by FPVGAMER for API(s) 3.0.0, 3.7.1, 3.8.1, 3.9.3, 4.0.0
freeze 2.1.0 by Bavfalcon9 for API(s) 3.0.0
luyendan 1.0.0 by LetTIHL for API(s) 3.0.0
essentialsTP 1.2.2 by  for API(s) 3.0.0
SellExp 3.0.0 by EzMinh, LetTIHL for API(s) 3.0.0
OreGenerator 2.0.0 by vividmemory, LetTIHL for API(s) 3.0.0
TempBanUI 2.3 by SonsaYT for API(s) 3.0.0, 4.0.0
CustomTags 0.0.1 by DaRealAqua for API(s) 3.0.0
PiggyCrates 2.0.9 by DaPigGuy for API(s) 3.2.0
giftcode 1.0.0 by LetTIHL for API(s) 3.0.0
SizePlayer 1.0.3 by  for API(s) 3.0.0
RPG 1.0.0 by LetTIHL for API(s) 3.0.0
BuydetuUI 1 by FurryJaki1992 for API(s) 3.0.0
thoikhong 1.0.0 by  for API(s) 3.0.0
QuestPlugin 3.1 by HmmHmmmmm for API(s) 3.11.0
MenuUI 1.0.0 by LetTIHL for API(s) 3.0.0
BetterVoting 1.6 by Twisted for API(s) 3.0.0
capdao 1.0.0 by Nguyễn Công Danh (NCD) for API(s) 3.0.0
shopvip 1.0.0 by LetTIHL for API(s) 3.0.0

----------------------REPORT THE DATA BELOW THIS LINE-----------------------

===BEGIN CRASH DUMP===
eNrtfft327aS8L+CVXq2zq4li9Tb96Qnju3Ebv3QRspjb9mTA5KgxJqv8iFbubf/+84AIAnQji07
qr/vh/a21+IQGMwMBvMCSP6r5cVpSPMvK5Zmfhy19vu7rdwPWWvfGJrmYGz0J/3OuGt0zfFuq0jE
rX5nMjTMnjnpdofGZNAd7bYCmuXHaRqnrf1/tfJ1Aq1a/Pr4xmHQDVDvtkKWZXSBtz5ELvP8iLnE
h183++SimNOPF9DGK4LgrR9go2RJ0/29vcP9vQ8ZkLd34IZ+5Gd5SvM43Tti2VUeJ3vns4PTvSQo
Fn6U7c2O5x9Pp19WZqfXwe57WersnR9Ojz9e7M1Y/tFPAJzgMHKIjftBnwAIBrlMDBBRSh34/Wvr
RZdsjmMH+r7cJ0nsXLEceGGWVeR+kFnWB/yzv880iZ3QyA1YuuNHOVuwlIx3CTDvR4tfzd5v5Bsi
rNqMJ7+RbUtwl5S0oBQITVO6/rX320sQzgvjMYIwhyAHAbIsAWv/lPvO1Q7HZZIkxE74Xy2tvcxZ
MrcAkezNaXZVisfojRRkc0CCd9s/xdH7IqqEZ3DEvU0Qz8qrHWM0acxX1RJGqmlo/5TeGqp/91BC
SHtT/uecRrAe0p3hoH//OBVJ7Z9C6kfzZcqoe8JomtuM5o2RB3ePPGMprPIdszduMiVosiyNKDEf
1cBZY5Dh/YMYA7MxiLijzvLoXhTGZHIfimkaO2BO4lTgGt+PazAefgNXloMQBY7J3Tim/Oc5/Nwx
b63fEs2XL04cwcIqnHwntn9nTk7e0Iwdgl3MzmLqsnSXSPgdy/8c5vQsXiywlVy+veFv5HAfLAMu
XMvSVq5lyaULPWHtWlbVq99/RC+5Xi1LrN/ug+z3zCb7mZCvQGAIBDsGtkrZH4Wfsh1J2MR4lDWq
B22fT2sjopP1svXbn7stthWv8z3uAIgQHb/40SoOVixkUQ7YXODfyVvlXYAIvABxYpchzcbYBLCV
i/8RAreMcU8DFVHG8p0faBD8+kNEQ/bby3/wVn2t1Q/50s9wZYQMdJrlB0HA+8jGg6oxIX9yyFCB
cMBIAfjezn/4WXPcl+RfvOV4I/omzSEn3caQE0MB/JDl5BVR0PxqtZwiTUGU7ZWfWK3fONqJ2UTS
U5H4gIPdJAGId8dq7cK/iFhQNOk3u6pS+cGlOTOgO+hjHqMcd37wf+1KbiZCXITIhqbWECEw3Lod
tl2r9VJ2GeldetCF2tmO7N+WI8rGpUx/WLIgQUHwLnvjYb/bFS1KefI7fWgC9nhFYZaxB8didrvV
kPyylC9Mp+z10ysw3zCNf/4dwvwdwvwdwvwdwvwdwvy/DmF2WwsWsZQGGA+g5wOjrfUFwmyYhzpF
b/U6xqRjILzwAxdikHFvsNvysy8uW7X2PRpkDIKONM5jJwa0/R5krAsfQxI6ctzu2Oh2zS71jIFn
99zRxDBHzmjkeIPRsDseOG7fcQB3IWn5BLY5vs7IxZwcHc9+mV9O27+8NT5+fveGDDs9wkkgk2G3
S3bKpkKjCDggk7w3ySwHE0NTlxy7PjqFl+Tg/GjYx8AIcvH91giMrInsfGWRy9mT13D7S5whDacX
F3MA8ItrP+IRVJjEMAdfAt9OaeqzDOVH3SXwnLK937M4akMbGYoZHaNjvvYc0xsNJ6OJ16X9Ph14
A9sxqWkD8W53NDQ91mWjMRsBepcCB0B2HO45EJPY1Llqg7f1XZxoQFhEV1F8Hb2Wf5HYemJtP6Lp
mi8MaNqFsY3e6y61GeuN3T4zx0NjaBqeOTSd0YSatOcOJxN3TIE0r6+junNwo9Pt9F4P+6PxqA99
hkPboXTEBuPxwOybDObQ7DnmgI2dwYCaDYS4nAO+nCVt5uvJaDCamOO+2R8OzN6kZxujMe2BNnRH
PcPoAW5nMjEMW8cUxAuOwewYr8e9rg0SNR1vMmTeqNuDkZHhYb/XNT0T/q9nOLQ/uYWhneTcEZSC
6r1m/dGIOd6QOabR91y33zcGjBou7cHFxB31bA+kxaiOKqT5UlIzfA2DDkaOPXbA+dHJeDAZjkZ2
fzKko/HYtSem6bkDx3N6OorIzkt+xq8n3tgEgt2RB3PiuBM6GA5Zv28Pe07fM8Z0NByMKBs3hFv/
bIdJtVBfP2LVKchSegW6LeQCNBmvJ47D+oOxPbY9l/VY3/VcG2TtDAcTzxnZI4+ZQ3vgNDQoi+L4
K5PiHbwede0BG016I9odjkdj1wWLSHuQhzjMHg3dwdCcjD3TcRtIkoBj6IO2DO3u2AbCx06fetQY
Gb2JM6GGDRNj2H3gpWe4zBgarT+rxIivzV8YS06jFSzIOF0rxk6H77ZqOwd6Dte0yJdxmmGo+ssy
pu8oULQA34mmkyY+wnuwILp4zSJqBwyMCLgxsIEuS8CkYFe4l8VefqQCMAzB8VWklqWRI/waJnuw
YtAwX87mny7fnx0B6JrZmZ8jBxhOM0dhiTk6HzoX584ZA11TyR+DOX8i+QKbZcENlkKok+WbEz0L
aJKwVKG8hOjTMOw0WPg9/j1mI/xHY8PoPX0aMjHyZsQv8zzJwBGDV1sWdgcM/V5N0l7JBHB4UOTx
56nCoATo/N1StJ/B5J4fbUvDBDaIZfjYT+ZQoNmTHABz8ymk+Qpv4lpnzdQZAzu5DmnKtsVaic+y
8gRc1eaq95Y6GAtkuJBrDlSozgeEBI05mrN8yVLmfvk+XloHUe7PEhpKkyIZUyixLHmxKW9vArCc
s8jXl5YKVXkDzjo9nTXe9CRO/a9AAdyaUVzc+YrsvC5/Yrx6uEz9rD1N/ZDBHfxbZGcfX2ryMB8t
j/P1NIhzRRQaNZal8GFZIjHYRCjHkF3E4fpgeqrIRAGqIhl0Rk3FjSNmw3/b0luJDsymoABwWpZG
zYMMXUZYAZzzHbGKIQXY0F+dnX8yF9M2Y7gthiqEllXT8GRTU2HbUxgCnqf+YrE+LLI8Do8jZ0mj
PFPTljvuqlIwIX5oLOIjCp3eFWvdjUyeLocSoWXdQc2dwCeIpxxk7w50e5WcZss4+XDalI+E6nIx
mg72Trk8fi1rGn1eBLkvIa1vSkzQp118t4QEGi6ZWRJHC6ZqTQlpRH4NTdnSMoHIbj0YWJYcdHN/
9ct6wa7e0+gq06ZUAzc9VjN6xbYp/SOkV1uLXWuUELkqtGzO2BFbzeM4UGekAjWipH5TS+s6BZkz
Gm4tFiwJwHpPRYrkZDY/eD//MH1IAWvS9iocGDKlvstLAnXQJCH3q1/LTuMrnzVYHDydRYnPsuT4
sODOa1IeDjFSaOHQLNdDDAWq8zPQuTlexcEMKNuWHioDQ4CgUbHBtF1fX3cYUITYO/kV5w/LSixt
aqYGbgS6nW7bZjltxA2HX5mznJ6DDmCHj/6Nf3X4z22x7SDyJHQBuWXZgrZcKG6D0sfaT4XsPQ0V
yOac3tzhfFVoUzKNZfuZRXGy9APfWW9LEgpKND03tcfV6XpQsU9gCRzGYUj5CBV3Gri5VEc6eyd+
aDPQPZW14dNZk+gsS6Vhw8hKdO2I4EnECQcB6IjKmgZuhAV/7apVR7asBh1PW7dyh1vx7uWWt8pX
IxgWG19kfnxwvi3W9I25TRRvWqRsytJQC2grmK5y/Y7ZdkyqczHsv33b7ZL/JJAy4i7JaeT5kZ9v
bYl9EQOAoyipUn4+wcTwvnK/s8ZTZ2pnFKvxzVSNQ5vB6xZyNTVUfUTeFgA5VeImaXtwqlO2XscL
+ilPl74aCujwZoloqDMpG59HLChubrG62+p/z1xL5ECGsXkkh4UhiG8bxS6EqKwAVR3jjnLXRRyn
7rLws23p6++ANCqRWhYMF/vRSlTBBFEP1ydjx6fBLFHLxTWsqYUNpg5T6kEIYnaNIfw32vYUOaGL
pXVeBTkM3Zn4vVl5iH71o7fBWisOlTBd7cZN5+b7bwMa+n6EPbZWDtGxYo1HkqP83IQ1rBNIF6kF
pjq86b8b5mO+ZEfMt5sFfvOpzGmDN5fTXf5N1Cd1VyCuG5S3ozhq0yBZNlzBkVUYjA4KMreKbpfR
aNvKtwyxKMldQEnYg3PzKU4DF3xTjofSasY0cMNNd8Y6XzTwi2BrDk1gs6xrpCARFGwyPXf4svPC
Tz2fBa66BVce5slThhuEmI/sadyWpdrsMI6A7/x2uVa580DBJqS5k4LFa8Sd31dalxhlzbUm5jF1
1/NZQq8jLVOQEJ0j86+NNeWgeHCjHP1pESavYvFpVFmqgY28t7NRPojPHayLPCuufPh9BZrpX2V/
SZYYIqVc40EUKtXfkyEqiEBC4FxnTC1KS8ADFQ5902FbhQF970BQ8hj1nZ633zCKJ5PUuLwG6kp8
i6nfaRZH1+soMrrbi2sqlJD0czJggVbkPMjRBd+34tcVQzXsgdT9E6z/r4VvmL1tsVNjtKyKjCdv
HNTY9mqekOn4KI0TlWMBeEAnTyNK13RrRkiiA0b56JuH1peed6KnQyWkqX+9psdc+VG3Z0y25zQl
QssCEpY8/ZE/NmEEFiDExdnyrX+jG4gKeitX+GYZ3uh/h3Mr/gCqLAsyAgdH9vybx1iFjzTyg4DK
whIe8lLNw113Vbb6txUNYs6DrxNzfEeg1uOpxRP5XAlSIEWIU/aE9VTStXcXT7JqcbikeaNowUHN
moVh3FWweFyWXhcKbm828a2ect+8tdvYzP/MVn5cZNPjdtXkG7UNJL7+tYXKBkdTRsBZM/bNGrvx
t+qJWZHCNLIcvPbWNm44Thn6gl+sCNmIVRnYdjiSDlC290Ig4olLnIb6JnsJeWB76htneszv8JQV
RkhTBBHVj80KGlxRTkBtmFbVUMBNf9nXmZotIf6YDG6+84yIto+qWktlRuVIWOng9C2RPix3aNQ+
HB7E86nmJ+fThwre9Porvd6ag0FklhXFefLkKEAQhOYp9qNc18YK1GSqd2cRkfybgJyZS8DBkQ8J
PsZC7DU5o6HY4ft4oTE+2cKRkAQp5AdCFFofKBfMlph9qmUqAXggvvmZrnyWnrE4mkyG+lmQ0UOm
uIxA7j14pqK3LEFU+XejWhWNFiexr+1517B7Djn+/PECpg4Lix+jX8BzfW9erFgxvVJcsorV/k3D
uQULFX7w6oF5OmP5/PTkbFtrbIEbv5sSi54/W340GwEOBzVq1MOm40pYase2vd6e2yoxWlZJRP1r
I4Uq1imNrrQ9XQF53inAITefg5Txh2y+YFdlu6ACPjPtYuDH7QzMWBBoy1gBNgOgDcgfP70eK9E9
4pjyMk7OY1uzrgLyvHIHF/+InPFD8i6lrhq4lJDnpbp4BM3nBeU+TyutSZCeGBqdILlq0P1En6xH
V5XPvU+D6pGwiiYIrH9ttCSi3McTFW9iNRFWoQ1+dV4vFkBDg8/vObYo8UG4WFOwaUKsBF4lWX/i
sHmhcMYvH0iCD88OsJxI/v1v8i5lLPqZ/h5v77CBQA6z5Ec+lsw2Nl6O755mgV5+UYDNs9QTnal3
l0czPAb2MdpmDiCPl0G8qB6lFEengTVxhHoD5vDhbYUtfvm85gGH3HwyArZi6iMH4vqBIuyWKU7Q
//kL9jj/dxgwmp7RxaLhAmu4rki39pPn136WM3dbXOQCndgYd5CIAIgQ2+MqTY+uGAm8B9k6KMLz
wz0dH+ZkqZ/F0Tl/e0WdldXA51W/hA8sHsXddDrfs2uaaoWcEtIIZJ6zdi5J2EblXKLi56WDwrla
27iLoq66Gvi8s1UPvPlszbFW8k4LPSvQ/cXm1nRZxNGCft3afIFjxRO3YnT5axMefoaw4ko7K1RC
nlf+V/4jov7TXEtz+eXzkgu0PCLRxWjnVolWATaS3Uauu/SjbZFdj7n5asbF7CSrqJPHiXgCxLmi
N+xtEfHyn/YUiH7nme2tGP0RDz74uf7EA79u1pKHzX07j6VRkRldQyO8/z17dxVKy+JEPPo51/dx
ThuT0bzzwPbrN2rk3zEfDQI25wk3No4hWch9ln1ubP/UcN3AjprKFfrBVbdvYD35PVv5KxpMz8+n
W8tqUoEzCUMIMZMCcwpBmNjeKcl89HEfhdY9nV88Qc5o8JYxNVuoQFqgevsMpNg0+uYe4G61O9T/
3seBp/J9NRuvwqX6mCxeqaw0V1/+9S217Sefv721xfHNNSkGwoLyYyoj05NpGytPqtaWoOYCbGx1
nPN94yZn7YOz6cnBRE6QvDS6jWujcW2W109eu0DwCd+B35TzC5rMl9rBDwG4p5CebDkGKvFZlhi7
/LsJ+co5V+X5BfXw672u7CTOs2Wcn2ztwfqnn8F16DpZ0jynvsKJAnw4o839ZbA1PpL8MTW6vPnU
cQV63lgiLPJHBBIXC4rvg1Pz7wp0j/5vvxJVY9ycePFwTCOiVoAPCH7biUw98uYsfKJpoqdhJeQB
4t9DujelEZ7m2hb973kGieM/IojDFzudFNomawl6YAPjr3mdRzn65iy8Kdb6wSsJuEf9304/vjs4
P35/Z1Ay6gifNpZ/J3wT/buCE0HR5ix5sJi+qrZIAh54OOMNXXk0gJBjawfjaoyWJWh4RFWzWAM+
GmklFgl67gKLGPYRLx7KMoyqaZBp50Y0cDOoMv+KR+vVES2rMf7DqxtiqeMbtRZeQh5Y28dfz/1o
uUu2PBECrWUdf54+Lri9TNk7/kK/PFajJA38QHQByY3vhiyM0/XW+VLpsCz5c6Pgb87C5A2N9EJe
Bbv3Ac9ZHGX0f+fbfgpGorWsiozHOvQ5Xdx+FJcDH6hMHtH3kFMe/FHQbU2MS1PASAHjZky4fgb+
x+0EDM+Y0g4r6he04JTefjGLgDZ1b/KXvHjkrvesfPslLZwy7eL7X8rC0fAS+sL38vKF2+WRnxL0
zOd+5LCPCHr8r2wa0LX+krYaeP8hum3VqHC8MxwPgp7q90Y7NdN36i4NXD1ztXOVPCo6w11y/axb
BbsvRivSdP0zvfLxhb/bIl1Dys82zIuL5eOMHFDoXy1jLeeqYc/ywp1quM2p/p+CZbksxdV0q9DG
Tm2jyhCG8C/8o5cxHzrEX7368N7HLsMlYrasPwr+okVO1BNsVUnjnsoV5vYs0vVPAp45r4dBH7Fs
WJ6z9GOc+5qeaeDG6yT/0o31ebmxrlKgX21WIUpcGmvVIQ54YCouFuDWCoM5g4gc4tO/Xj9akCMa
LcnOxeHRy21xieOw6BAWFuK2rDM8iFGdiHmQOzzKtvLVcLuEPP+ROvy8w4bahm+UpSkQDFPZeANV
+ZZtvn75C6g7SYrlQL7DsN96Ma2uCIjN8xcEv/phpVb0YkZzck7XxDSJYe73Jvu9Hvnv7oiYXdPA
BmGcu6/OL89IfewIwWKYdhKn+StjYvRMBF4vgdh2ADr4qovXNIriInLwcWT0mm3qLH0mvhGSvYoj
jgefiG3LJ6BB8qJjSG9kn+yVOUDIgmJS4DJx34tTwFrBYs9DKEjAxbpEeQ0eUI7i+p7nO0WQr19x
QhdlGtDOsJoZLbJXCOYnetqoFK8CftC3gmWMuUoT/N7Kq6PjtwcfzuYIFdPfBsuYruWQEpRCVl7S
g787Cc2yawheX/0X/weEVORxO6MrJjuufHbdhgg3pyC5V2ME3djxTRsVUTaBSVgUdMFeMVjdcK29
sLizDvGFxS8IqhVx+HQXKd9h47NOQHhE0x3QAjJfsoyRUhoEAnKSLxmJI1CZfAk64uBk5sRmxI+c
oHD5lyvILW1DXLM4hJ4eImjizKjHdkmM9bQMURIbIv8rso6LVOIivkdgUn3P5yPAfOKXZII1Ir5g
1xW6PZd5FGY0I9dx9GNO0IHRlKA0Q2AWXx6+Rgrx4zCC7+sli0iRLFLqAoKOFaEWC2T7VkTIi09L
/tgmyWMYJXIJoJBv5gcZpDQC5QfjKm5zUoMYhgFW4RfLubxctvIdRpb8wxIICRGzUNdy1vYJf009
3siWRe7GsADkh3r2idWSb5B3gjgDS97ilB0EQXxNcGEBMeWXOsjKp+R/UOWwDde98rn/fYJ2iHc9
5noo+/AnSXCJEJgxEApis9dEihLbS7WtbivEvvjkg0DiCORKXZekLBPiR7HiNx1IyGhWpHx5ExC6
zZBoEA6DxC5AsS38FbRd0aBgZEcOCobmJWIXI8KCYWhT2iB2/KDCPtzmY18UoQ1SAa06yNaRg1/V
IPhQGuhRhzf4ANLiql1yis2WaQwWCGYPmme7hD8pRuTih/WwS/BV+sAI2nwuGzC4CAuLCDQImwjk
Mz69wBNoWRrf+KBhDMQALHHNjSriULaSoFMPdRXboE7uEj//EcSXp7wbBNb4MQlUmUZnsgM8FLBu
TC4WzkZbcrrPUTV1lXLlSIsowul00UDFCZ8E/lq2rEOO2Er+JqG/WMJixg3OXXXxScVBiaRpkeQC
KgSGggmBNskXn1xYlPwLA65YEHQV+y6QfTcFqCOoczEIGrSroygaNG6LRpWmgfnn9R+xKN+BJQbt
QSdKBBzWQejnuLZDtqD2GnLdDpkJUXe5cP0McfPuc5y1a59LnmsULNrrtkBUKlnGOfR8IBEsEsP3
nyMarKSWQwolh9kqcJmSRQwTFeMyRa3AgRaczDYnbZ90kQsYnZtg8Zb//+85wKjkPvrRu34f/Vke
J5wEaT4rkiS6jID5QP8Idq8kCEctqTK6Zl8Sxo3AJ74qJH3Zj1ugkK8LThJaDCI/wgUrnd0wp+DG
NxYkixWJzqpqzW4ciBKymiNhuC7nx/tkfnI6I2en56dzcjCdnp0ez8j0+D2BOO+X4/e7BBqR+SW0
OiafTi7Pjsn0/eXh8WzWaZoATR7mYCjFMWWpH3OHjIY4QwadJeMmmUujMrYGyB5CApfbFt6kjcUi
YWY5KogPgU8w0KBNyO+3lE0oGUR86AAjbCYH45gFEjC9tSEXHomPcYk+BP0879C53Rp1QYbUMG0J
czAcEJJFcsW8ir4VD6BeLMlqVntdyWv28m6SJOc9yfmCpjasjLYTB4GIRbkBulu6fKkhObIXkb3A
doc0KnjwoVICgVkBOvhyt/QJTSUs1VC4V88DXILfsF6CHXIpbL5QeIge4iJwK1p8cCLXEanpzwTi
hJMPjA67XckrjPaWG4tbTpKrjsBQ8ealcVg6W9FbtmirqqnOMHIjZ/KWbpA7VErTjlkZMOKUpTAS
qqFUZLcIExFdiRCOyBttvFHO1xE2kh047ZzMkgO4AjcPi53eIWBw2uD4YIQVKFmWFQwNQ76EWVuU
0SYaLRytpmq3nEgRI8igsiOowabflBPmOc6yiK6ykvZDmiDUD4sQfCy+tYuUuQBOJBFZkaCiliuu
FylKvmJu6xgE24mkiA/Yxii4AKfbr2bsKBa3mjqNsRFaPYFfNC6XkMAlG6qc8cih7VD8Kkc1L0AK
j1UgfETpAXUiwBBYEnzhEyYa2EdwWHMH3aQ8BT/lyNi4jnZRgHjev8R7P6r79NCK5FsP9qWLgNBs
GQcixLRpDpksRuKc5Aw/rEekk+G2TWQ+8q5wLTargk3h3l6os1TeQrOarnNEvkvahjKBfPL4wO28
JEa6AG616ziWp6gYQrqCc8xleKCPnQEoyeqQE4gFQZde8eCOHE4/7EJfoMGG9XXtu6D2PFYQ1rPC
3+b498mwDLvriDzj0lHadsiBC4ZqSQNvDx9o52mCy0CH5VAwKMG6ByqYshBrt6cgU1OR4xu0ahhi
0qBDkIgP02haBtt1Aoi5BBKFDxVgxyKJkra8bmQ353LVZf5XVs0nhuXlNOKmbhkyQdgu1ENxrf2J
KTq97JCp7BPQdME7UJmJSl3gI3opXSALMCcgtiwJeMSC6WVI8alxGDnFeToMfKyY8HwZP8zGspyc
zz9wSjNgCdm2i5xgfs6nsh5OJBed0taEedHGXvucWtRyl9nFYr9MWH4iBiYqMlxbwlLl94lMTzOR
UKMmR1ksHJfUBgORCeMksB0uY0hgUQPLPIWVmSi3YC7NKcnoqrSUWAEp60R4T0lhgTBeVhMBi6xH
/B77kUiGeZnoR/LZjm9Q61NyekR2Pn84PXpJ8D1yS6AB2l+DuU9S8SIWUAzMX1JIXjp1BAiaEPMm
XNj4esPPb85K/DK3USA/8sGwWMSdJkQfmORyN8x5i8vqiHQhShHH8/iwcM/31u2bwncVRaQQp4B1
YzQv7SbwLz5sV6YBPIWUlILeMPmKiCh2Aj8hvC+oDVb1HIqpZBivyqwcXZr0A9wWt8t7YsistoBl
4UutkMx5iUPoO6wiEK+YDN5WKneRyVKLAys5F7ZO9mmLPvskgSBp5Qc4jLDj0kbJUdAR0WhRJQoR
dgua/nC3bKVVzO6sSolZPgjjApewJxyOXNEoSjnH6GDRRPF6BOgh/uYeEjq/5/5S6cwZj5jIf20m
kNnMwwXIq5rcxS1Lhec6zoudmucV7ONAFftgiAhtkpqID2bCaAyc2l1Udu8mk6aACfSjXHdAbNkZ
/1bU9PhixupAu+CvGskUneTP6PGBeHVXXZtHfDD+XFTGLRDKk6U400R8RZBI7oisppQenPfRWAd8
bWKSF2QBeVhWi6eu2FQS6twWkbRN19TniRrYSchixNwkcVIEpTLKC3RlvI20iD1uD3mE306kFUNn
goYJvJ2MnXm1VtSo9qUXx5IazxsFWDhBOV+4/VIVO9xabqjvbdwOb4Cq5aaDkyWEm16szAissrbY
XKtaLmOcGU5KBx876Pgxpxgs2TrEvCfD5ywy4DCrScdkTt4n9X3OArdidLFIIYMW1TJZWhMVBPyI
8lWTP04frODLo0v8iGhb2nzh+tAoXDMRXFNYOtd8xIwTXjPAYR2lng2etpK8UE0xObeEChMq7ktl
AiePH8LkrkqNETk8VkUHYXeEeqKUrnYJf7ntLsEPK3D/nFdhGJhej6UQarfRAkXo/8Td0l0JZ0G1
UpjcWlL8awEhJ7hybsVKYyER8pkX98sxbs204FWd6twPa1stHTAixfa4EtA048yiwcQBeY1Pdirr
uZ16AHlHHaGU5v0uXpptMbtiVSilE4kD0OdSnmWRZCmB3GJgliMDZ2kxsOYMuYnLI0ffqxBB+gGM
iA0GtEBl5UDYOMAnTWTp2Wjg00ymJRBJ0jAJyiuMeYBGOVf75aSJe6C3WMLaJ7/yYAX85y6vaf2G
SMVbyCo3qW58cDYwcMRvnIiqQbn/xMsBd3ks7tC5h854gMyzTXzVKdAq3a1KvhiX0yB+EtyxQq8g
vFc94j55e3Yw3zf/MdodTG6M3d5Nb9f8h/EPFwMivs538KXBDhrXV+OuMMXiqj94KaI8scegJuti
haNvARnLWhoPPXgxDGbNWRPxfeUiLY1ymaGk1e4EtziAB1yVw3d/slJg7XJnA3RBhLMv3nJTw4fi
7TUkBY8UBOSLAmnz2FIJ+mL+rXbCbsDwZTK5c674M8g8kQGJ2D4E5msRxPF2yC+QAqmHcCNizQgu
OX4IRtLKVrd2W+wmZ1Hmyxe58tchKp/+tR35BdcKgrtK+NlgDRaHX9w4B2OoQXEnUgMUaaBeo4lQ
rz0/4O96riGLUPsQ8RIfC1aufVhlKxWAnxfm++PiibrQFltkapNMfvVYhSWOzvV75snigtaTm/1M
B0GAEqqQ2fRMvQzX2R8B/3qy/EUGeGjRxL0F0sZPMQ+6/e4Ifv5wCkti5Djw72TIhqOBN3RHJhs4
XtczhyOvP2bGcOSY1LbNHvkBcOfxFYsgPNAktqZ8h7U82v0VzxLgU7kD/ga+r+LLtVVruLwJ9TmJ
kR2z2+0ZholnEKdHl5qo3PgLZ6UJBJCvTyeYiyjLtIYzHw3C53NNRg0K4BLTbJ0tAF7jO2s1oPKN
YjwLaeBntoHgpa6ctbf+woMx9fvPKCJ/Ib4LLd8ugWLiKA35zhJu0Fy7/AYx6nG6TvKYA8Qpp4V7
a859TU24bHoqCHK8gpvvRSGUsSTnnxizXU55eaju8Oef/weLJM6J
===END CRASH DUMP===
