PocketMine-MP Crash Dump Wed Jun 2 04:06:54 +07 2021

Error: Undefined index: NuTaVN
File: plugins/SETVIP_v2.3.phar/src/MCPEVN/SetVip
Line: 191
Type: ErrorException

THIS CRASH WAS CAUSED BY A PLUGIN
BAD PLUGIN: SETVIP v2.3

Code:
[182] 				  
[183] 				  unset($all[$name]);
[184] 				  $this->time->setAll($all);
[185] 			  }
[186] 			  
[187] 			  if(!isset($all[$name])) {
[188] 				  unset($all[$name]);
[189] 			  }
[190] 			  
[191] 			  $st = $all[$name]["current-vip"];
[192] 			  
[193] 			  $i = explode(",", $st);
[194] 			  
[195] 			  $date1 = strtotime($i[0]);
[196] 	    $date2 = strtotime(date("y-m-d"));
[197] 	    $date3 = abs($date2 - $date1);
[198] 		$help = $date3/86400;
[199] 		$date4 = intval($help);
[200] 	    
[201] 		if($date4 >= 1) {

Backtrace:
#0 plugins/SETVIP_v2.3.phar/src/MCPEVN/SetVip(191): pocketmine\utils\Utils::errorExceptionHandler(integer 8, string[23] Undefined index: NuTaVN, string[89] phar://C:/Users/Administrator/Desktop/MSAI/plugins/SETVIP_v2.3.phar/src/MCPEVN/S, integer 191, array[3])
#1 plugins/SETVIP_v2.3.phar/src/MCPEVN/SetVip(26): MCPEVN\SetVip->tick()
#2 pmsrc/src/pocketmine/scheduler/TaskHandler(137): MCPEVN\TickTask->onRun(integer 1)
#3 pmsrc/src/pocketmine/scheduler/TaskScheduler(179): pocketmine\scheduler\TaskHandler->run(integer 1)
#4 pmsrc/src/pocketmine/plugin/PluginManager(654): pocketmine\scheduler\TaskScheduler->mainThreadHeartbeat(integer 1)
#5 pmsrc/src/pocketmine/Server(2389): pocketmine\plugin\PluginManager->tickSchedulers(integer 1)
#6 pmsrc/src/pocketmine/Server(2152): pocketmine\Server->tick()
#7 pmsrc/src/pocketmine/Server(1992): pocketmine\Server->tickProcessor()
#8 pmsrc/src/pocketmine/Server(1586): pocketmine\Server->start()
#9 pmsrc/src/pocketmine/PocketMine(291): pocketmine\Server->__construct(object BaseClassLoader, object pocketmine\utils\MainLogger, string[36] C:\Users\Administrator\Desktop\MSAI\, string[44] C:\Users\Administrator\Desktop\MSAI\plugins\)
#10 pmsrc/src/pocketmine/PocketMine(321): pocketmine\server()
#11 pmsrc(11): require(string[91] phar://C:/Users/Administrator/Desktop/MSAI/PocketMine-MP.phar/src/pocketmine/Poc)

PocketMine-MP version: 3.19.1 [Protocol 431]
Git commit: a7cd0810020af15fb3d79127c77cf576085cd4cc
uname -a: Windows NT DESKTOP-KF1VXGB 6.3 build 9600 (Windows Server 2012 R2 Standard Edition) AMD64
PHP Version: 7.3.21
Zend version: 3.3.21
OS : WINNT, win
Composer libraries: 
- adhocore/json-comment 1.1.2@fc2f76979f0a44a5f5bc2a2b600d0762fe0e78e7
- daverandom/callback-validator unknown@unknown
- pocketmine/binaryutils 0.1.13@0abee38d4e2861621f262c79a2a3d699d8a697f4
- pocketmine/callback-validator 1.0.3@64787469766bcaa7e5885242e85c23c25e8c55a2
- pocketmine/classloader 0.1.2@9757928424652393b178a3760073113aa7c9911b
- pocketmine/log 0.2.1@830b44a2cf96ef703c550abe64302f230231ca49
- pocketmine/log-pthreads 0.1.3@e477ecf6ec214fdd4415ea1da3fdd9d73bf699ea
- pocketmine/math 0.2.6@43057cb8c179a9859677b496a788db922fd5cfc3
- pocketmine/nbt 0.2.18@9f82ca4d7f97fcd9a566e44b63c4f18a7657ae82
- pocketmine/pocketmine-mp 3.19.1@a7cd0810020af15fb3d79127c77cf576085cd4cc
- pocketmine/raklib 0.12.11@9cce458b8bfde3e4dfdbf70c659fc7b7fe26b5c4
- pocketmine/snooze 0.1.5@70b5e7937a06878dd321a3182ceb76d56298f2cd
- pocketmine/spl 0.4.2@6b08b7cf8c4afa17139c9a1b3bf1b408531de161

Loaded plugins:
AutoXP 1.1.0 by JackMD for API(s) 3.0.0
NoDrop 1.0.0 by Inaayat for API(s) 3.0.0
MultiWorld 1.5.2 by CzechPMDevs, VixikCZ, fuyutsuki, kaliiks for API(s) 3.0.0
AutoInv 0.0.10 by JackNoordhuis for API(s) 3.0.0
ec 1 by McLebt for API(s) 3.8.1
InvSee 1.0.0 by BlockHorizons for API(s) 3.0.0
KygekRanksUI 1.3.0 by Kygekraqmak for API(s) 3.0.0
EconomyAPI 5.7.2 by onebone for API(s) 3.0.0
MaxEnchants 1.2.1 by Xenophilicy for API(s) 3.0.0
PiggyCustomEnchants 2.4.0 by DaPigGuy for API(s) 3.19.0
Netherite 1.2.1 by Wertzui123 for API(s) 3.0.0
reyyogaWtrhit 1.1.6 by reyyogaMnelux for API(s) 3.0.0, 4.0.0
DevTools 1.14.1 by PocketMine Team for API(s) 3.13.0
PointAPI 1.0.3 by onebone | Fixed and Update by LamPocketVN for API(s) 3.9.0
Worlds 3.0.7 by survanetwork for API(s) 3.0.0
OnlineTime 1.3 by Zedstar16 for API(s) 3.0.0
HideCommands 1.0.7 by Himbeer for API(s) 3.6.0
Farms 1.0-non-alpha by Dấu Tên for API(s) 3.0.0, 4.0.0
NoTP 1.0.7 by awzaw for API(s) 3.0.0
SocialSpy 2.1.0 by Crafter20162017 for API(s) 3.0.0, 4.0.0
Trident 1.0.0 by brokiem for API(s) 3.15.0
PM-Beacons 2.0.0 by jasonwynn10 for API(s) 3.0.0
BlazinFly 1.8.7 by iiFlamiinBlaze for API(s) 3.0.0
BlockSniper 3.2.3 by BlockHorizons, Sandertv (@Sandertv), Chris-Prime (@PrimusLV) for API(s) 3.2.0
KeepInventory 1.0 by KhoaGamingPro for API(s) 3.0.0
OffHand 2.0.3 by alvin0319 for API(s) 3.0.0
BlocksConverter 2.1.1 by matcracker for API(s) 3.0.0
WorldProtect 2.3.8 by aliuly for API(s) 3.0.0
InvCrashFix 0.0.1 by  for API(s) 3.14.0
VanillaEnchantments 4.0.0 by TheAz928 for API(s) 3.0.0, 3.1.0
TPAll 1.2 by matymare for API(s) 3.0.0
BuilderTools 1.2.0-beta2 by CzechPMDevs, VixikCZ for API(s) 3.0.0
CustomAlerts 2.1 by EvolSoft for API(s) 3.0.0
MSpawns 2.2 by EvolSoft for API(s) 3.0.0
Sponges 1.0.0 by  for API(s) 3.0.0
FactionsPro 1.3.20 by Tethered_ for API(s) 3.0.0
TimeCommander 1.0.2 by TheDeibo for API(s) 3.0.2
Broadcaster 1.5 by EvolSoft for API(s) 3.0.0
PurePerms 1.4.2-c2a by 64FF00 & ProjectInfinity for API(s) 3.0.0
EconomyLand 2.1.2 by onebone for API(s) 3.0.0
Slapper 1.6.1 by jojoe77777 for API(s) 3.13.0
SETVIP 2.3 by MCPEVN TEAM for API(s) 3.0.0
FormAPI 1.3.0 by jojoe77777 for API(s) 3.2.0
PiggyShopUI 2.1.1 by DaPigGuy for API(s) 3.2.0
Shield 1.0.0 by JavierLeon9966 for API(s) 3.7.0
BangHoiUI 1 by JVN | JackVnKiller for API(s) 3.0.0
AuctionHouse 1.2.4 by Shock95x for API(s) 3.0.0
PureChat 1.4.11 by 64FF00 for API(s) 3.0.0
gem 1.0.0 by LetTIHL for API(s) 3.0.0
BuyFix 1 by FPVGAMER for API(s) 3.0.0, 3.7.1, 3.8.1, 3.9.3, 4.0.0
AcidIsland 3.2.9 by GODSMineVn for API(s) 3.0.0
QuestPlugin 3.1 by HmmHmmmmm for API(s) 3.11.0
AutoClearLagg 3.1.0 by Twisted for API(s) 3.0.0
PureEntitiesX 0.7.0 by milk0417, RevivalPMMP for API(s) 3.19.0
SlapperRotation 1.2.1 by jojoe77777 for API(s) 3.0.0
AntiToolBox 0.1 by NgLamVN for API(s) 3.19.0
thoikhong 1.0.0 by  for API(s) 3.0.0
Item 1.0.0 by LetTIHL for API(s) 3.0.0
shopvip 1.0.0 by LetTIHL for API(s) 3.0.0
PHP-Sell 1.2.7 by Muqsit for API(s) 3.0.0-ALPHA9, 3.0.0-ALPHA10, 3.0.0-ALPHA11, 3.0.0-ALPHA12, 3.0.0
luckyblock 1.0.0 by LetTIHL for API(s) 3.0.0
TempBanUI 2.3 by SonsaYT for API(s) 3.0.0, 4.0.0
PiggyCrates 2.0.9 by DaPigGuy for API(s) 3.2.0
SellExp 3.0.0 by EzMinh, LetTIHL for API(s) 3.0.0
MuteTime 1.0.0 by LetTIHL for API(s) 3.0.0
restart_in 1.0.0 by LetTIHL for API(s) 3.0.0
MuaPoint 0.1.lpk by LamPocketVN for API(s) 3.9.0
Buyrank 1.0.0 by LetTIHL for API(s) 3.0.0
Rewards 3.0 by Wertzui123 for API(s) 3.0.0
level 2.0.0 by LetTIHL for API(s) 3.0.0
HealFeed 2 by JackPlugin for API(s) 3.0.0, 3.1.0, 3.0.7, 4.0.0
SizePlayer 1.0.3 by  for API(s) 3.0.0
UpGrade 1.0.0 by LetTIHL for API(s) 3.0.0
NapThe 1 by phuongaz for API(s) 3.0.0
VanishV2 1.16 by superbobby for API(s) 3.0.0
BuydetuUI 1 by FurryJaki1992 for API(s) 3.0.0
WarpGUI 1.0.0 by RockPanther for API(s) 3.0.0
Joinkit 1.0.0 by LetTIHL for API(s) 3.0.0
capdao 1.0.0 by Nguyễn Công Danh (NCD) for API(s) 3.0.0
KitUI 1.3.6 by Infernus101 for API(s) 3.4.0
RPG 1.0.0 by LetTIHL for API(s) 3.0.0
help 1.0.0 by LetTIHL for API(s) 3.0.0
cayphattai 2.0.0 by Lettihl for API(s) 3.0.0
ShopMob 1.0.0 by LetTIHL for API(s) 3.0.0
luyendan 1.0.0 by LetTIHL for API(s) 3.0.0
freeze 2.1.0 by Bavfalcon9 for API(s) 3.0.0
ScoreHud 3.0.0 by JackMD for API(s) 3.0.0
Kho 6 by ItzFabb for API(s) 3.0.0
detu 4.0.0 by CLADevs || GreenJajot for API(s) 3.0.0
CustomTags 0.0.1 by DaRealAqua for API(s) 3.0.0
LoadWorlds 1.1 by shin for API(s) 3.0.0
TrashGUI 0.0.1 by Phuongaz for API(s) 3.0.0
CustomItem 1.0.0 by Phuongaz for API(s) 3.0.0
PrisonMine 1.0.0 by LetTIHL for API(s) 3.0.0
MenuUI 1.0.0 by LetTIHL for API(s) 3.0.0
OreGenerator 2.0.0 by vividmemory, LetTIHL for API(s) 3.0.0
essentialsTP 1.2.2 by  for API(s) 3.0.0
CmdSnooper 1.0.0 by HotshotHD for API(s) 3.0.0
BetterVoting 1.6 by Twisted for API(s) 3.0.0
PickaxeFunction 1.0.0 by LetTIHL for API(s) 3.0.0
NganHang 1 by GreenJajot for API(s) 3.0.0
AutoSellUI 3.0.0 by LetTIHL for API(s) 3.8.2
giftcode 1.0.0 by LetTIHL for API(s) 3.0.0

----------------------REPORT THE DATA BELOW THIS LINE-----------------------

===BEGIN CRASH DUMP===
eNrtfWt327ay6F/BVbpOnXslWaTe3itdcWwndmsn2rHyOLvsygJJUGLNV/mQrezd/35nAJAEaMeW
HNXnfGh3uy0OgcHMYDAvgOS/W16chjT/smJp5sdR62DQbuV+yFoHxsg0hxNjZAy6g1GvP+q3W0Ui
bg27vcm0Z04m/aE5HY36RrsV0Cw/SdM4bR38u5WvE2jV4tcnNw6DboC63QpZltEF3voQuczzI+YS
H37dHJC3xZx+fAttvCIIXvsBNkqWND3Y3z862P+QAXn7h27oR36WpzSP0/1jll3lcbJ/cXl4tp8E
xcKPsv3Lk/nHs9mXldntd7H7fpY6+xdHs5OPb/cvWf7RTwCc4DByiI37QZ8ACAa5TIFdoMGB37+2
nvXI5jj2oO/zA5LEzhXLgRdmWUXuB5llfcA/BwdMk9gpjdyApXt+lLMFS8mkTYB5P1r8avZ/I98Q
YdVmMv2N7FqCbVLSglIgNE3p+tf+b89BOM+MbQRhjkAOAmRZAtb5Kfedqz2OyyRJiJ3wv1pa+5mz
ZG4BItmf0+yqFI/RHyvI5oAE73Z+iqP3RVQJz+CI+5sgviyv9ozxtDFfVUsYqaah81N6a6jB3UMJ
Ie3P+J8LGsF6SPdGw8H941QkdX4KqR/Nlymj7imjaW4zmjdGHt498iVLYZXvmf1JkylBk2VpRIn5
qAbOGoOM7h/EGJqNQcQddZbH96IwptP7UMzS2AFzEqcC1+R+XMPJ6Bu4shyEKHBM78Yx4z8v4Oee
eWv9lmi+fHHiCBZW4eR7sf07c3LyimbsCOxidh5Tl6VtIuF3LP8LmNPzeLHAVnL59ke/kaMDsAy4
cC1LW7mWJZcu9IS1a1lVr8Fgi15yvVqWWL+9B9nvm032MyFfgcAQCPYMbJWyPwo/ZXuSsKmxlTWq
B+1czGojopP1vPXbn+0W24nX+R53AESIjl/8aBUHKxayKAdsLvDv5K3yLkAEXoA4scuQZmNiAtjK
xf8IgVvGpK+Biihj+d4PNAh+/SGiIfvt+T94q4HW6od86We4MkIGOs3ywyDgfWTjYdWYkD85ZKRA
OGCsAHxv7//4WXPc5+TfvOVkI/qmzSGnvcaQU0MB/JDl5AVR0PxqtZwiTUGUnZWfWK3fONqp2UTS
V5H4gIPdJAGId89qteFfRCwomg6aXVWp/ODSnBnQHfQxj1GOez/4v/YkN1MhLkJkQ1NriBAYbt0J
O67Vei67jPUufehC7WxP9u/IEWXjUqY/LFmQoCB4l/3JaNDriRalPPmdATQBe7yiMMvYg2Mxe71q
SH5ZyhemU/b66QWYb5jGP/8OYf4OYf4OYf4OYf4OYf6nQ5h2a8EiltIA4wH0fGC0tb5AmA3zUKfo
rX7XmHYNhBd+4EIMAol4u+VnX1y2ah14NMgYBB1pnMdODGgHmKAvfAxJ6NhxexOj1zN71DOGnt13
x1PDHDvjseMNx6PeZOi4A8cB3IWk5RPY5vg6I2/n5Pjk8pf5u1nnl9fGx89vXpFRt084CWQ66vXI
XtlUaBQBB2SS9ya5zMHE0NQlJ66PTuE5Obw4Hg0wMIJc/KA1BiNrIjtfWeRy9uQ13P4SZ0jD2du3
cwDwi2s/4hFUmMQwB18C305p6rMM5UfdJfCcsv3fszjqQBsZihldo2u+9BzTG4+m46nXo4MBHXpD
2zGpaQPxbm88Mj3WY+MJGwN6lwIHQHYc7jsQk9jUueqAt/VdnGhAWERXUXwdvZR/kdh6Ym0/ouma
Lwxo2oOxjf7LHrUZ60/cATMnI2NkGp45Mp3xlJq0746mU3dCgTRvoKO6c3Cj2+v2X44G48l4AH1G
I9uhdMyGk8nQHJgM5tDsO+aQTZzhkJoNhLicA76cJW3my+l4OJ6ak4E5GA3N/rRvG+MJ7YM29MZ9
w+gDbmc6NQxbxxTEC47B7BovJ/2eDRI1HW86Yt6414eRkeHRoN8zPRP+r284dDC9haGT5NwRlILq
v2SD8Zg53og5pjHwXHcwMIaMGi7tw8XUHfdtD6TFqI4qpPlSUjN6CYMOx449ccD50elkOB2Nx/Zg
OqLjycS1p6bpuUPHc/o6isjOS34mL6fexASC3bEHc+K4UzocjdhgYI/6zsAzJnQ8Go4pmzSEW//s
hEm1UF9useoUZCm9At0WcgGajJdTx2GD4cSe2J7L+mzgeq4NsnZGw6nnjO2xx8yRPXQaGpRFcfyV
SfEOX4579pCNp/0x7Y0m44nrgkWkfchDHGaPR+5wZE4nnum4DSRJwDEMQFtGdm9iA+ETZ0A9aoyN
/tSZUsOGiTHsAfDSN1xmjIzWn1VixNfmYZHHn2eKlZOAdqu2bLhOewChRb6M0wzD059B+y+O0U7S
xEdAH7S/h9csonbAwGKAzwKD57IE7Af2gXtZ7OXHKgBjDhhAYAO3wscWbgtzOVgQaHffXc4/vXt/
fgyga2Znfo50LvM8ycDqgwldFnYXrMq+QLMvOQA+38bHaZwozEmAzlyvydxZROma5rviTqKzLDH6
Zuwh+RdFkPuf4hS9ScWCAtTZGHZNnY2jr8xZzi6O2SqDGx/9G//q6F+8mAtWMCuufPh9BQbMv8p2
xaqDQyYheDzw/iFSeo2UAssq1dvOq8LIvoIIJIRTfRatGuqLEFU2wFDXuEOB38Zx6i4Lf2fs/w5I
oxKpZcFwsR+thF4Loh6cc+YozDBHn2OdhQvnnNm6lk4gAHkk7QKbZcENlkJwnuWbKyrwdsmYQrgE
PLDOXgVgy07j1P8KIe6u5kBDalmCEssSsfImzPyyXrCr9zS6yj6cKSxpYJ2xfpMx3jalf4T0alds
KSgtS6Vl81k6gUwiDteHM5UtBagyNeyOm+YkjpgN/+2KIYkOFE5QADgtS6PmYftIb04iZ0mjPFMN
pALV58nsNlbQZxbFydIPfGe9K7YUlDgzFSnaxSbMzfzFYn1UZHkc3sHkXXdVZk0IChpKeUyh05tC
5xQioUezWiKE/P42NXcCH2H7y0H270C3z308y5cs5f1rN1/BHlCATyzNvxa+YfZ3Nf81RvD3JRmP
jmhqbPs1T8B0ytbreEE/5ekSM8iKcR3ejOFGOvOy8UXEguLmFv/t1uB75CCRAxnG5hYKPPw8jgNV
0StQg5lBcyrr7JzMGQ11Le9/h5ZLArDKUZEiObmcH76ff5g9NIs1afsVDlzhEBzkujWuQE3P2b/T
FpP/kNf+DXMJ5MTkQ4LVZGKvyTkNxZAf32pimO7AWidIIbfVCq33iAMZ5eGaOqkSoDKJSjfWmcyK
dEUjlkMIuTM3ynFaFo9KYUorQjZamDJt6nIkXaBs/5lAhEy+i3Drac6PYlSMKsBGyKCz+i/mYr3Q
GO2KzwqhZdU0PNoMVdj2FYaA51PfZUdxGNJIm14N3NTkxiSf+qHNIDBT+R49nm+JzrJUGjbkW3Tt
CtZe0zRUeRLXDWY6URx1aJAsacPVWoXB6LAgc6vo9RiNdm1dl6FlcYrkn02M69t4PtNS4fnsocmh
11/p9a5UkiOzrCjOk0croiAImLmMHZ8Gl8la4aiG6ZHQreLFUUq9nKVmzxjBf+NdT44TuljeSVAN
j0L3UvzeZIrmKWhtpDr0EvJAJmWn8ZXPGk5v+HgWJD7LkuODtb+oSXk4dr3ovGIUNy5U31YD9fm5
xc3vNIuj63UUGb3dZeYVSsuyORmWVZPzIEevAvrVj14Hqr7VMH12Js1l5PuvAxr6foQ9dpZA6ViB
m5Ic5edmrEGscBn5qKMqczVU99Nm03npaTysTYolhHxF9l6WP3Ef52iZ+llnloLvgDv4t8jOPz7X
xGFuK47WxXoWxLwIcnf+r/CxVRGAseQsWoG+x6k65zq8sSobRYBlTN/ABEWLWRrvrAygIrUsjZzN
4+x3nocbzGqgIiHNldmYahqs/KjXN6Y7cwolQohTPA+yOrf6sbHuZkcxiCDNb+uvcqfpEhrZQ0hz
J6UQM6e74qzGKJWwJmYbReQRKsx1joeWGhF0CdZ563cnzUnzi2C9uxlDbDKETgQFTc3bMC+6KPzU
81ngqls05WGPPGW4gZSBvPY1bkW9EXx4toTkRy86VtBb5V9NJJqbHHzHHBd/AHeW5UcrB0f2/Jtt
5vYjjfwgoLKcgZuiqr+8667K1uC245wv2eHXqTm5I6Lp8zDokXyuBCkQzsQpe0TYVtK1fxdPGPfM
DgN1p11cN2o3txbsOqQp2+Fy5fgsK09oEGxuS1/hVjtLm3ULDdysQvU6NsvpRts1f8XGjC1oy0VZ
o0Hp92zOaKhANqJcdxjAWKpsNHDDMOsyOVnFwSWwtCsxqCODNut0bGC8rq+vuwxoQvzd/IoXoS8T
eq0FuiVE58z8azmTg+IRnHL0x/FzmcTRgqn8lJD7c5CdbZau1sOhZclBN1+Hr6mDx1gyDLbUtL2G
NjdtzKb15BVW5n75vjlpHUa5D5MQyrBPMqZQgkk7v9iUN6y3yGKGFuTo8Ob8mLecwzHz7WYoaj52
prTBN4kAuLVM4b7DvbpqLBVoY1P7r101ysBgCDUqHrd6ZkXKZkwvHdUwnbdB1+w4ZqN0NBq8ft3r
kf8ioCd4qu8s8vzIz3cWvn0RA0BCX1Kl/HyE+ed9ZchW46l3G8/1PEOFNkPyHew3qtuZW+w9Bjzv
0Gl7cFFeBjTRc+YSok/zqOnUfo9/j9kY/9nZJkUmRn50Xa0mab9kAjkUD0YoDJZPSmj5RuNUAj8v
TeYnhxc7823aee6NnEGchvrOSgl5YOf+G3NjfkflqcIIZl8QUf3YeB/4chkn2mkEFfpAanvnvu/2
hRZta56fwpGQ1jd3hAV92sV37wALNHzn93KJuaOqngLwQK30Z7ryWXrO4mg6HekbLuOHzEtZJrn3
LJuKHpSWE1X+3SijoNHiNPa1+a5h9xwI+hnW3X8Inmz6GP0Cedb3FjOURaPb1ZJVXJSbxjCHBQ95
TuMiY9p5LQXczJMGOn8w987VdHjznVxpmqwWDRR7KkfCM1ycviXShwe5NGofXrzgEY+WNG9EAxzU
DAYM465IYDv3V3vg22zz5VNGoa12IzT+zFY+cDU76VRNvhE0IPH1rx2EDBzNn3jiPlTkhFcPrORz
ls/PTs935WYWuOGxedq/1qtPEnDP8nw9+/jm8OLk/Z3VmTE32+IEX5vv1fe/dx9KULTFCnV89ywL
9IBNATa3AaY6e2/eHV/iGYeP0S7Xpzw7AdGa6mhE1R9YE9X/DZj7Z8GyfCYf+ay4U6E6e425Ow1D
+Bf+0UO2h2pqVUh4715uuETMlvVHwU9dcqIesa5KGvdVruQh2aOA0fScLhaNo7I1vMH+rdLitQ+J
kburtZYLdOKMrINEBECEOCmr0rR1pVHgPczWQRFeHO3r+KRFPoEEPfdZ9rlhlmu4Xj4eN4UR+sFV
b2DgNt97sJsrGswuLmY7O1iXCpxJGCaWlQBhTBImzG5J5tb1doXWfZ3fOp15H+eUP6J9K62p7jxw
pu4bIfR3KEuDgC0sGjCIxchXsWqpVag+0Q1O3i7Oadg4Q/U98yrxgZbXFGy6X6BMY0kWPi68jP2r
ZRypy7qGPUnBrhpui+Piuebp+eXTunqgZQtfD9FgsvLV50hKyNNSLUfdnPDZ6axzybStlQrUXMWN
MwsXfGurSXnn8Hx2ejjlEUp1afQa10bj2iyvH20AgOBTXqPZlPOgcK7WNm67KrwrwKeduHrgzTmY
szCBrE/LAmvYvSWYS4je6X/Pd32uSaK1rIqMLTSRn95Oac5un2IX0ObJg+lfUsW461D6t0+0c8q0
i+8/wc7RiPoFaPXJjWpWSkjzYGxDO0++Qpy9bJMda6lAa1knn2dYZdnmObW8efC1Aj3tQguLTQ/b
i1P0/CH9L1pKoACflnY58DZip/wMtiZ2CWrENd0guWoQ/8gz4s3sTJ4Bv4cvZSR8DlAQWP/aMNlO
aXSlZ9sc8sRTBENuPj/v2TVNtYPRJaSxvp/ymRRJwi6eSJGouC0L2IqpYYa4fuCc545nJ8EV5C+2
MACnjAavGVPrHRVIo/32s6Myvf7WQZt29UDD4HsfjJ7Jl6hsytSl/5XNArrWt6Zq4P2PluwqZcPx
znE8y6p/b0L+h+RNSl3Vl5SQp13rxRYO8C1N5kvtATQBuKcYmCwLyJno150pv8RnWWLs8u+m59Cy
5UezcfiMgxqPXY2aj+hAXm7Htr3e3QM6JUbLKomof23oLFyWF/r2SQW7rz5bpOn6Z3rl4xuCdsWP
hpR7vXnxdrld8PyJpskbjZ8S8sCSeA9+dwYx7nJ3x1rf8yQGx9+c/p/Bz19pzymWkKdd0lf+FtGV
QxOXqkeJJOABkt8uIH0oDOYMI3KET/94g2hBjmm0JHtvj46f74oXHIdFR7DmEbdlnaPDrQr1D59v
93P96XZ+3dwcHzXfi+GxNCoyo2dobAy+57hXhdKyOBFbxFezN2psBVdPq07Jaos1gO8DVKjll09L
Lg65jfqvkyXNc+prS6ACPhza5f4y2Nnx1WSLlYvJ60VsawcDBOTpy3XbVKxgPbs00upVEvTU1Sox
7Oa0eyljX9X4RwIeeA7vFV15NIB8cmePk9QYLUvQsIXa4CvKTgvtQEkJeqAg89e8DakcfXMWflmq
DguvVMKb1jz/+pra9qPP1906O/FNGy8GwiMw2ywIDNgUbvjlA88/HJ0f4jl08p//kDe4a/Yz/T3e
3dlxgRwY8KOtdqFEuXFOF7fPwHPg/c+qtI7pe8hJD/8o6K44cWkKGClg3IwJ189AFd0uJPUQh9Mu
K5At3Le69WS/AmxkDo3EYelHu2KnHnPzqgYWNZxkFXXzOBFP3oIe6zF2BXpgfmY7zuQ+xXGAD96K
0eWvzfWssbmmAB/wIrvmox55i22C1M/i6IK/w7veJaiBTxzg8YHFC0k3LsqySE89JeCJ6+Aw6BaP
g6bsDX/baR6rNSMN/EC8t/JXvhuyME7XO9+XUOmwLPlzo8IGyzI8OkGDTHv1gQZu7oOaf0U5TB3R
shrjP7yw65cIKAtbfbPAvbp1GucQiuanOwtQHv+Cg1eQFrD0Y5z72pEFDdw4Pf+XHkOal8eQVAr0
q812N50resNeF5HTODvTvPPEBkyMvkUhc0Hx7fDq3FSgeypnuw+2aozbnDDOY9xB1cyvAnwgiL9L
9pPHPx4l0W1O/sL38vILFOUZ2BL0xAdh5bCb0o5vlKUpkAyLpvEurvIt2zw/4C+g7iYpWgt+gO2g
9WxWXZGjOPL8BcGvflipFT27pDm5oGtimsQwD/rTg36f/L/emJg908AGYZy7Ly7enZP6jCqCxTCd
JE7zF8bU6JsIvF4CsZ0AVvuLHl7TKIphTeLj5rgx0aHO0mfiGyHZCwjuEQ8+R9mRT7iD6EXHkN7I
PtkLc4iQBUW/5zJx34tTwFrBYs9DKEjAxWyuvE5WiRzF9T3Pd4ogX7/ghC5KT9fJsIQSLbIXCOb7
aR1UixcBL45XsIwxV2mC31t5cXzy+vDD+RyhYv47fxQsXcshJSiFVK6kB393E5pl1xDnv/i//B8Q
EqydTkZXTHZc+ey6A8lATkFyLyYIurHjmw5qomwCk7Ao6IK9YGBH4Vp7YXF3HeILi58RVCvi8Oku
Un6mj886AeERTXdAC8h8yTJGSmkQyF1IvmQkjkBl8iXoiIOTmRObET9ygsLlX64gt7QNcV3GIfT0
EEETZ0Y91iYx1sozRElsSJKuyDouUomL+B6BSfU9n48A84lfkgnWiPgtu67Q7bvMozCjGbmOox9z
gocXaUpQmiEwiy8PXyOF+HEYwff1kkWkSBYpdQFB14pQiwWyAysi5NmnJX82leQxjBK5BFDIN/OD
DFIagfKDGxO3OalBDMMAq/CL5VxeLlv5DiNL/mEJhISIWahrOWsHhL+mHm9kyyJ3Y1gA8kM9B8Rq
yTfIO0Gcgc9sccoOgyC+JriwgJjySx1k5VPyT1Q5bMN1r3yvwwFBQ8S7nnA9lH34K+xwiRCYMRAK
YrPXRIoS20u1rW4rxD775INA4gjkSl2XpCwT4kex4jcdSMhoVqR8eRMQus2QaBAOgxw4QLEt/BW0
XdGgYGRPDgqG5jliFyPCgmFoUzogdvygwgHc5mO/LUIbpAJadZitIwe/qkHwlXWgR13e4ANIi6t2
ySk2W6YxWCCYPWietQl/mwaRix/WQ5vgq/SBETT6XDZgcBEWFhFoEDYRyC/59AJPoGVpfOODhjEQ
A7DENTeqiEPZSoLOPNRVbIM62SZ+/iOIL095N5ehveMq0+hM9oCHAtaNycXC2ehITg84qqauUq4c
aRFFOJ0uGqg44ZPAX0GQdckxW8nfJPQXS1jMmO221cUnFQclkqZFkguoEBgKBnIOJvnikwuLkn9h
wBULgq5i3wWy76YAdQR1LgZBg3Z1FUWDxh3RqNI0MP88xRGL8g1YYtAe9KJEwGEdhH6OaztkC2qv
c5A4uRSi7nHh+hni5t3nOGvXPpc81yhYtNcdgahUsoxz6PlAIlgkhi/6QTRY2iyHFEoOs1XgMiWL
GCYqxmWKWoEDLTiZHU7aAekhFzA6N8HiLf//6znAsOQ++tG7fh/9WR4nnARpPiuSJLqMgPlA/wh2
ryQIRy2pMnrmQBLGjcAnviokfdmPO6CQrwtOEloMIj/CBSud3TCn4MY3FiSLFYnOqmrNbhyIErKa
I2G43s1PDsj89OySnJ9dnM3J4Wx2fnZySWYn7wnEeb+cvG8TaETm76DVCfl0+u78hMzevzs6ubzs
Nk2AJg9zOJLimLHUj7lDRkOcIYPOknGTzKVRGVsDZA8hgcttC2/SwTRfmFmOCuJD4BMMNGgT8vst
ZRNKBhEfOsAIm8nBOGaBBExvbciFR+JjvEMfgn6ed+jebo26IGNqmLaEORgOCMkiuWJeRd+KB1Av
lmQ1q/2e5DV7fjdJkvO+5HxBUxtWRseJg0DEotwA3S1dvtSQHNmLyF5gu0MaFTz4UCmBwKwAHXze
Ln1CUwlLNRTu1fMAl+A3rJdgl7wTNl8oPEQPcRG4FS0+OJHriNT0ZwJxwskHRke9nuQVRnvNjcUt
J8lVR2CoePPSOCydregtW3RU1VRnGLmRM3lLN8gdKqVpx2UZMOKUpTASqqFUZLcIExFdiRCOyBsd
vFHO1zE2kh047ZzMkgO4AjcPi53eIWBw2uD4YIQVKFmWFQwNQ76EWVuU0SYaLRytpqpdTqSIEWRQ
2RXUYNNvygnzHGdZRFdZSfsRTRDqh0UIPhZf+kHKXAAnkoisSFBRyxXXixQlXzG3dQyC7URSxAfs
YBRcgNMdVDN2HItbTZ3G2AitnsAvGpdLSOCSDVXOeOTQcSh+46CaFyCFxyoQPqL0gDoRYAgsCb7H
DRMN7CM4rLmDblKegp9yZGxcR7soQHwOrcR7P6r79NCK5DuRD6SLgNBsGQcixLRpDpksRuKc5Aw/
rEekk+G2TWQ+8q5wLTargk3h3p6ps1TeQrOarnNE3iYdQ5lAPnl84E5eEiNdALfadRzLU1QMIV3B
OeYyPNDHzgCUZHXJKcSCoEsveHBHjmYf2tAXaLBhfV37Lqg9jxWE9azwdzj+AzIqw+46Is+4dJS2
XXLogqFa0sDbxzdp8zTBZaDDcigYlGDdAxVMWYi121OQqanIyQ1aNQwxadAlSMSHWTQrg+06AcRc
AonCM7TYsUiipCOvG9nNhVx1mf+VVfOJYXk5jVhOLkMmCNuFeiiudTA1RafnXTKTfQKaLngHKjNR
qQt8RC+lC2QB5gTEliUBj1gwvQwpvlcARk5xno4CHysmPF/GD7OxLCcX8w+c0gxYQrbtIieYn/Op
rIcTyUW3tDVhXnSw1wGnFrXcZXaxOCgTlp+IgYmKDNeWsFT5fSLT00wk1KjJURYLxyW1wUBkwjgJ
bEfLGBJY1MAyT2FlJsotmEtzSjK6Ki0lVkDKOhHeU1JYIIzX1UTAIusRv8d+JJJhXib6kXy24xvU
+pScHZO9zx/Ojp8TfD3kEmiA9tdg7pNUPH8PioH5SwrJS7eOAEETYt6ECxtfOv351XmJX+Y2CuRH
PhgWi7jThOgDk1zuhjlvcVkdkS5EKeJ4Hh8W7vneunNT+K6iiBTiFLBujOal3QT+xYftyjSAp5CS
UtAbJt9NH8VO4CeE9wW1waqeQzGVDONVmZWjS5N+gNviTnlPDJnVFrAsfKkVkjkvcQh9h1UE4hWT
wdtK5S4yWWpxYCXnwtbJPh3R54AkECSt/ACHEXZc2ig5CjoiGi2qRCHCbkHTH7bLVlrF7M6qlJjl
wzAucAl7wuHIFY2ilHOMDhZNFK9HgB7ib+4hofN77i+VzpzxiIn812YCmc08XIC8qsld3LJUeK7j
vNipeV7BPg5UsQ+GiNAmqYn4YCaMxsCp3UVl724yaQqYQD/KdQfElp3xb0VNny9mrA50Cv6Ng0zR
Sf7sOB+IV3fVtXnMB+OP3WXcAqE8WYozTcRXBInkjshqSunBeR+NdcDXISZ5RhaQh2W1eOqKTSWh
7m0RSdt0TX2eqIGdhCxGzE0SJ0VQKqO8QFfG20iL2Of2kEf4nURaMXQmaJjA28nYmVdrRY3qQHpx
LKnxvFGAhROU84UbXVWxw63lhvrewep/A1QtNx2cLCHc9GJlRmCVdcSDI1XLZYwzw0np4lPtXT/m
FIMlW4eY92T4ZHcGHGY16ZjMyfukvs9Z4FaMLhYpZNCiWiZLa6KCgB9Rvmryx+mDFfzu+B1+RLQj
bb5wfWgUrpkIriksnWs+YsYJrxngsK5SzwZPW0leqKaYnFtChQkV96UygZPHD2FyV6XGiBweq6KD
sDtCPVFKV23CPznQJvgSUe6f8yoMA9PrsRRC7Q5aoAj9n7hbuivhLKhWCpN7S4p/LSDkBFfOrVhp
LCRCPvPifjnGrZkWvKpTnfthbaulA0ak2B5XAppmnFk0mDggr/HJTmU9t1sPIO+oI5TSvN/FS7Mt
ZlesCqV0InEA+lzKsyySLCWQWwzMcmTgLC0G1pwhN3F55Oh7FSJIP4ARscGAFqisHAgbB/ikiSw9
Gw18msm0BCJJGiZBeYUxD9Ao5+qgnDRxD/QWS1gH5FcerID/bPOa1m+IVHyjpHKT6sYHZwMDR3y3
v6galPtPvBxwl8fiDp176IwHyDzbxPeBAa3S3arki3E5DeInwR0r9ArCe9UjHpDX54fzA/Mf4/Zw
emO0+zf9tvkP4x8uBkR8ne/hS6EdNK4vJj1hisXVYPhcRHlij0FN1sUKR98CMpa1NB568GIYzJqz
JuL7ykVaGuUyQ0mr3QlucQAPuCqH7/5kpcA65c4G6IIIZ5+95qaGD8Xba0gKHikIyBcF0uGxpRL0
xfxb7YTdgOHLZHLnXPFH7ngiAxKxfQjM1yKI4+2QXyAFUg/hRsSaEVxy/BCMpJWtbrVb7CZnUebL
LzXw1zsrn/61HfkF1wqCu0r42WANFodf3DgHY6hBcSdSAxRpoF6jiVCvPT/gbwWtIYtQ+xDxEs/B
Kdc+rLKVCsDPC/MNcvHCltAWW2Rqk0x+9ViFJY7O9XvmyeKC1pOb/UwHQYASqpDL2bl6Ga6zPwL+
9WT5iwzx/KCJewukg59iHvYGvTH8/OEMlsTYceDf6YiNxkNv5I5NNnS8nmeOxt5gwozR2DGpbZt9
8gPgzuMrFkF4oElsTfkOa3nW+iu+tAIPXw75q9S+ii/XVq3h8ibU5yRGdsxer28YJj6BPzt+p4nK
jb9wVppAAPn6dIK5iLJMa3jpo0H4fKHJqEEBXGKarbMFwGv89JkGVL5RjG8CMPAz20DwUlfO2lt/
4cGY+v1nFJG/EN+Flm89QjFxlIZ8wRU3aK5dfoMY9ThdJ3nMAeI1UQv31pz7mppw2fRVEOR4BTff
i0IoY0nOvzBmezfj5aG6w59//n/ptM6R
===END CRASH DUMP===
