PocketMine-MP Crash Dump Wed Jun 2 03:36:52 +07 2021

Error: Undefined index: NuTaVN
File: plugins/SETVIP_v2.3.phar/src/MCPEVN/SetVip
Line: 191
Type: ErrorException

THIS CRASH WAS CAUSED BY A PLUGIN
BAD PLUGIN: SETVIP v2.3

Code:
[182] 				  
[183] 				  unset($all[$name]);
[184] 				  $this->time->setAll($all);
[185] 			  }
[186] 			  
[187] 			  if(!isset($all[$name])) {
[188] 				  unset($all[$name]);
[189] 			  }
[190] 			  
[191] 			  $st = $all[$name]["current-vip"];
[192] 			  
[193] 			  $i = explode(",", $st);
[194] 			  
[195] 			  $date1 = strtotime($i[0]);
[196] 	    $date2 = strtotime(date("y-m-d"));
[197] 	    $date3 = abs($date2 - $date1);
[198] 		$help = $date3/86400;
[199] 		$date4 = intval($help);
[200] 	    
[201] 		if($date4 >= 1) {

Backtrace:
#0 plugins/SETVIP_v2.3.phar/src/MCPEVN/SetVip(191): pocketmine\utils\Utils::errorExceptionHandler(integer 8, string[23] Undefined index: NuTaVN, string[89] phar://C:/Users/Administrator/Desktop/MSAI/plugins/SETVIP_v2.3.phar/src/MCPEVN/S, integer 191, array[3])
#1 plugins/SETVIP_v2.3.phar/src/MCPEVN/SetVip(26): MCPEVN\SetVip->tick()
#2 pmsrc/src/pocketmine/scheduler/TaskHandler(137): MCPEVN\TickTask->onRun(integer 1)
#3 pmsrc/src/pocketmine/scheduler/TaskScheduler(179): pocketmine\scheduler\TaskHandler->run(integer 1)
#4 pmsrc/src/pocketmine/plugin/PluginManager(654): pocketmine\scheduler\TaskScheduler->mainThreadHeartbeat(integer 1)
#5 pmsrc/src/pocketmine/Server(2389): pocketmine\plugin\PluginManager->tickSchedulers(integer 1)
#6 pmsrc/src/pocketmine/Server(2152): pocketmine\Server->tick()
#7 pmsrc/src/pocketmine/Server(1992): pocketmine\Server->tickProcessor()
#8 pmsrc/src/pocketmine/Server(1586): pocketmine\Server->start()
#9 pmsrc/src/pocketmine/PocketMine(291): pocketmine\Server->__construct(object BaseClassLoader, object pocketmine\utils\MainLogger, string[36] C:\Users\Administrator\Desktop\MSAI\, string[44] C:\Users\Administrator\Desktop\MSAI\plugins\)
#10 pmsrc/src/pocketmine/PocketMine(321): pocketmine\server()
#11 pmsrc(11): require(string[91] phar://C:/Users/Administrator/Desktop/MSAI/PocketMine-MP.phar/src/pocketmine/Poc)

PocketMine-MP version: 3.19.1 [Protocol 431]
Git commit: a7cd0810020af15fb3d79127c77cf576085cd4cc
uname -a: Windows NT DESKTOP-KF1VXGB 6.3 build 9600 (Windows Server 2012 R2 Standard Edition) AMD64
PHP Version: 7.3.21
Zend version: 3.3.21
OS : WINNT, win
Composer libraries: 
- adhocore/json-comment 1.1.2@fc2f76979f0a44a5f5bc2a2b600d0762fe0e78e7
- daverandom/callback-validator unknown@unknown
- pocketmine/binaryutils 0.1.13@0abee38d4e2861621f262c79a2a3d699d8a697f4
- pocketmine/callback-validator 1.0.3@64787469766bcaa7e5885242e85c23c25e8c55a2
- pocketmine/classloader 0.1.2@9757928424652393b178a3760073113aa7c9911b
- pocketmine/log 0.2.1@830b44a2cf96ef703c550abe64302f230231ca49
- pocketmine/log-pthreads 0.1.3@e477ecf6ec214fdd4415ea1da3fdd9d73bf699ea
- pocketmine/math 0.2.6@43057cb8c179a9859677b496a788db922fd5cfc3
- pocketmine/nbt 0.2.18@9f82ca4d7f97fcd9a566e44b63c4f18a7657ae82
- pocketmine/pocketmine-mp 3.19.1@a7cd0810020af15fb3d79127c77cf576085cd4cc
- pocketmine/raklib 0.12.11@9cce458b8bfde3e4dfdbf70c659fc7b7fe26b5c4
- pocketmine/snooze 0.1.5@70b5e7937a06878dd321a3182ceb76d56298f2cd
- pocketmine/spl 0.4.2@6b08b7cf8c4afa17139c9a1b3bf1b408531de161

Loaded plugins:
EconomyAPI 5.7.2 by onebone for API(s) 3.0.0
WorldProtect 2.3.8 by aliuly for API(s) 3.0.0
CustomAlerts 2.1 by EvolSoft for API(s) 3.0.0
EconomyLand 2.1.2 by onebone for API(s) 3.0.0
MultiWorld 1.5.2 by CzechPMDevs, VixikCZ, fuyutsuki, kaliiks for API(s) 3.0.0
KeepInventory 1.0 by KhoaGamingPro for API(s) 3.0.0
AutoXP 1.1.0 by JackMD for API(s) 3.0.0
PiggyShopUI 2.1.1 by DaPigGuy for API(s) 3.2.0
OffHand 2.0.3 by alvin0319 for API(s) 3.0.0
BuilderTools 1.2.0-beta2 by CzechPMDevs, VixikCZ for API(s) 3.0.0
InvSee 1.0.0 by BlockHorizons for API(s) 3.0.0
Broadcaster 1.5 by EvolSoft for API(s) 3.0.0
SocialSpy 2.1.0 by Crafter20162017 for API(s) 3.0.0, 4.0.0
BlazinFly 1.8.7 by iiFlamiinBlaze for API(s) 3.0.0
Farms 1.0-non-alpha by Dấu Tên for API(s) 3.0.0, 4.0.0
BlocksConverter 2.1.1 by matcracker for API(s) 3.0.0
SETVIP 2.3 by MCPEVN TEAM for API(s) 3.0.0
MSpawns 2.2 by EvolSoft for API(s) 3.0.0
Sponges 1.0.0 by  for API(s) 3.0.0
DevTools 1.14.1 by PocketMine Team for API(s) 3.13.0
BlockSniper 3.2.3 by BlockHorizons, Sandertv (@Sandertv), Chris-Prime (@PrimusLV) for API(s) 3.2.0
HideCommands 1.0.7 by Himbeer for API(s) 3.6.0
NoTP 1.0.7 by awzaw for API(s) 3.0.0
VanillaEnchantments 4.0.0 by TheAz928 for API(s) 3.0.0, 3.1.0
FormAPI 1.3.0 by jojoe77777 for API(s) 3.2.0
Worlds 3.0.7 by survanetwork for API(s) 3.0.0
MaxEnchants 1.2.1 by Xenophilicy for API(s) 3.0.0
KygekRanksUI 1.3.0 by Kygekraqmak for API(s) 3.0.0
Trident 1.0.0 by brokiem for API(s) 3.15.0
FactionsPro 1.3.20 by Tethered_ for API(s) 3.0.0
Netherite 1.2.1 by Wertzui123 for API(s) 3.0.0
PM-Beacons 2.0.0 by jasonwynn10 for API(s) 3.0.0
OnlineTime 1.3 by Zedstar16 for API(s) 3.0.0
InvCrashFix 0.0.1 by  for API(s) 3.14.0
reyyogaWtrhit 1.1.6 by reyyogaMnelux for API(s) 3.0.0, 4.0.0
AuctionHouse 1.2.4 by Shock95x for API(s) 3.0.0
PiggyCustomEnchants 2.4.0 by DaPigGuy for API(s) 3.19.0
AutoInv 0.0.10 by JackNoordhuis for API(s) 3.0.0
Slapper 1.6.1 by jojoe77777 for API(s) 3.13.0
ec 1 by McLebt for API(s) 3.8.1
TPAll 1.2 by matymare for API(s) 3.0.0
TimeCommander 1.0.2 by TheDeibo for API(s) 3.0.2
PurePerms 1.4.2-c2a by 64FF00 & ProjectInfinity for API(s) 3.0.0
NoDrop 1.0.0 by Inaayat for API(s) 3.0.0
PointAPI 1.0.3 by onebone | Fixed and Update by LamPocketVN for API(s) 3.9.0
Shield 1.0.0 by JavierLeon9966 for API(s) 3.7.0
PureChat 1.4.11 by 64FF00 for API(s) 3.0.0
BangHoiUI 1 by JVN | JackVnKiller for API(s) 3.0.0
QuestPlugin 3.1 by HmmHmmmmm for API(s) 3.11.0
OreGenerator 2.0.0 by vividmemory, LetTIHL for API(s) 3.0.0
Kho 6 by ItzFabb for API(s) 3.0.0
VanishV2 1.16 by superbobby for API(s) 3.0.0
SlapperRotation 1.2.1 by jojoe77777 for API(s) 3.0.0
ScoreHud 3.0.0 by JackMD for API(s) 3.0.0
AutoClearLagg 3.1.0 by Twisted for API(s) 3.0.0
gem 1.0.0 by LetTIHL for API(s) 3.0.0
essentialsTP 1.2.2 by  for API(s) 3.0.0
HealFeed 2 by JackPlugin for API(s) 3.0.0, 3.1.0, 3.0.7, 4.0.0
UpGrade 1.0.0 by LetTIHL for API(s) 3.0.0
cayphattai 2.0.0 by Lettihl for API(s) 3.0.0
luyendan 1.0.0 by LetTIHL for API(s) 3.0.0
SellExp 3.0.0 by EzMinh, LetTIHL for API(s) 3.0.0
MuaPoint 0.1.lpk by LamPocketVN for API(s) 3.9.0
shopvip 1.0.0 by LetTIHL for API(s) 3.0.0
NapThe 1 by phuongaz for API(s) 3.0.0
Joinkit 1.0.0 by LetTIHL for API(s) 3.0.0
restart_in 1.0.0 by LetTIHL for API(s) 3.0.0
PickaxeFunction 1.0.0 by LetTIHL for API(s) 3.0.0
SizePlayer 1.0.3 by  for API(s) 3.0.0
Rewards 3.0 by Wertzui123 for API(s) 3.0.0
PrisonMine 1.0.0 by LetTIHL for API(s) 3.0.0
help 1.0.0 by LetTIHL for API(s) 3.0.0
level 2.0.0 by LetTIHL for API(s) 3.0.0
BuyFix 1 by FPVGAMER for API(s) 3.0.0, 3.7.1, 3.8.1, 3.9.3, 4.0.0
CmdSnooper 1.0.0 by HotshotHD for API(s) 3.0.0
freeze 2.1.0 by Bavfalcon9 for API(s) 3.0.0
CustomItem 1.0.0 by Phuongaz for API(s) 3.0.0
AcidIsland 3.2.9 by GODSMineVn for API(s) 3.0.0
NganHang 1 by GreenJajot for API(s) 3.0.0
CustomTags 0.0.1 by DaRealAqua for API(s) 3.0.0
AutoSellUI 3.0.0 by LetTIHL for API(s) 3.8.2
BuydetuUI 1 by FurryJaki1992 for API(s) 3.0.0
RPG 1.0.0 by LetTIHL for API(s) 3.0.0
detu 4.0.0 by CLADevs || GreenJajot for API(s) 3.0.0
TrashGUI 0.0.1 by Phuongaz for API(s) 3.0.0
PHP-Sell 1.2.7 by Muqsit for API(s) 3.0.0-ALPHA9, 3.0.0-ALPHA10, 3.0.0-ALPHA11, 3.0.0-ALPHA12, 3.0.0
giftcode 1.0.0 by LetTIHL for API(s) 3.0.0
LoadWorlds 1.1 by shin for API(s) 3.0.0
capdao 1.0.0 by Nguyễn Công Danh (NCD) for API(s) 3.0.0
thoikhong 1.0.0 by  for API(s) 3.0.0
ShopMob 1.0.0 by LetTIHL for API(s) 3.0.0
luckyblock 1.0.0 by LetTIHL for API(s) 3.0.0
PiggyCrates 2.0.9 by DaPigGuy for API(s) 3.2.0
WarpGUI 1.0.0 by RockPanther for API(s) 3.0.0
MuteTime 1.0.0 by LetTIHL for API(s) 3.0.0
KitUI 1.3.6 by Infernus101 for API(s) 3.4.0
TempBanUI 2.3 by SonsaYT for API(s) 3.0.0, 4.0.0
Item 1.0.0 by LetTIHL for API(s) 3.0.0
BetterVoting 1.6 by Twisted for API(s) 3.0.0
Buyrank 1.0.0 by LetTIHL for API(s) 3.0.0
PureEntitiesX 0.7.0 by milk0417, RevivalPMMP for API(s) 3.19.0
AntiToolBox 0.1 by NgLamVN for API(s) 3.19.0
MenuUI 1.0.0 by LetTIHL for API(s) 3.0.0

----------------------REPORT THE DATA BELOW THIS LINE-----------------------

===BEGIN CRASH DUMP===
eNrtfft327aS8L+CVXK2zq4li9Tb96Qnju3EbuxEGyuPvWVPDkiCEmu+yods5d7+7zsDgCRAO7Zk
q/6+H9rbXotDYDAzGMwLIPmvlhenIc2/LVma+XHU2u/vtnI/ZK19Y2iag9FkbJid/rBvGsPdVpGI
W/3OZNzrmmP4Z9Q1e5PebiugWX6cpnHa2v9XK18l0KrFr4+vHQbdAPVuK2RZRud461PkMs+PmEt8
+HW9T94XM/r5PbTxiiB44wfYKFnQdH9v73B/71MG5O0duKEf+Vme0jxO945YdpnHyd75xcHpXhIU
cz/K9i6OZ59Pp9+WZqfXwe57WersnR9Ojz+/37tg+Wc/AXCCw8gh1u4HfQIgGOQyMUBEKXXg96+t
Z12yPo4d6PtinySxc8ly4IVZVpH7QWZZn/DP/j7TJHZCIzdg6Y4f5WzOUjLeJcC8H81/NXu/kR+I
sGoznvxGti3BXVLSglIgNE3p6tfeby9AOM+MTQRhDkEOAmRZAtb+Ofedyx2OyyRJiJ3wv1pae5mz
YG4BItmb0eyyFI/RGynIZoAE77Z/jqOPRVQJz+CIe+sgviivdozRpDFfVUsYqaah/XN6Y6j+7UMJ
Ie1N+Z9zGsF6SHeGg/7d41QktX8OqR/NFimj7gmjaW4zmjdGHtw+8gVLYZXvmL1xkylBk2VpRIn5
qAbOGoMM7x7EGJiNQcQddZZHd6IwJpO7UEzT2AFzEqcC1/huXIPx8Ae4shyEKHBMbscx5T/P4eeO
eWP9lmi+fXPiCBZW4eQ7sf07c3LymmbsEOxidhZTl6W7RMJvWf7nMKdn8XyOreTy7Q1/I4f7YBlw
4VqWtnItSy5d6Alr17KqXv3+Br3kerUssX6797LfM5vsZ0K+AoEhEOwY2CplfxR+ynYkYRNjI2tU
D9o+n9ZGRCfrReu3P3dbbCte5zHuAIgQHb/50TIOlixkUQ7YXODfyVvlXYAIvABxYpchzcbYBLCV
i/8RAreMcU8DFVHG8p3nNAh+fR7RkP324h+8VV9r9Txf+BmujJCBTrP8IAh4H9l4UDUm5E8OGSoQ
DhgpAN/b+Q8/a477gvyLtxyvRd+kOeSk2xhyYiiA51lOXhIFza9WyynSFETZXvqJ1fqNo52YTSQ9
FYkPONh1EoB4d6zWLvyLiAVFk36zqyqV5y7NmQHdQR/zGOW489z/tSu5mQhxESIbmlpDhMBwq3bY
dq3WC9llpHfpQRdqZzuyf1uOKBuXMn2+YEGCguBd9sbDfrcrWpTy5Hf60ATs8ZLCLGMPjsXsdqsh
+WUpX5hO2evnl2C+YRr//DuE+TuE+TuE+TuE+TuE+X8dwuy25ixiKQ0wHkDPB0Zb6wuE2TAPdYre
6nWMScdAeOEHLsQg495gt+Vn31y2bO17NMgYBB1pnMdODGj7PchY5z6GJHTkuN2x0e2aXeoZA8/u
uaOJYY6c0cjxBqNhdzxw3L7jAO5C0vIFbHN8lZH3M3J0fPFu9mHafvfG+Pz17Wsy7PQIJ4FMht0u
2SmbCo0i4IBM8tEkFzmYGJq65Nj10Sm8IAfnR8M+BkaQi++3RmBkTWTnO4tczp68htvf4gxpOH3/
fgYAfnHlRzyCCpMY5uBb4NspTX2WofyouwCeU7b3exZHbWgjQzGjY3TMV55jeqPhZDTxurTfpwNv
YDsmNW0g3u2OhqbHumw0ZiNA71LgAMiOwz0HYhKbOpdt8La+ixMNCIvoMoqvolfyLxJbT6ztRzRd
8YUBTbswttF71aU2Y72x22fmeGgMTcMzh6YzmlCT9tzhZOKOKZDm9XVUtw5udLqd3qthfzQe9aHP
cGg7lI7YYDwemH2TwRyaPcccsLEzGFCzgRCXc8CXs6TNfDUZDUYTc9w3+8MBlnNsYzSmPdCG7qhn
GD3A7UwmhmHrmIJ4zjGYHePVuNe1QaKm402GzBt1ezAyMjzs97qmZ8L/9QyH9ic3MLSTnDuCUlC9
V6w/GjHHGzLHNPqe6/b7xoBRw6U9uJi4o57tgbQY1VGFNF9IaoavYNDByLHHDjg/OhkPJsPRyO5P
hnQ0Hrv2xDQ9d+B4Tk9HEdl5yc/41cQbm0CwO/JgThx3QgfDIev37WHP6XvGmI6GgxFl44Zw65/t
MKkW6qsNVp2CLKWXoNtCLkCT8WriOKw/GNtj23NZj/Vdz7VB1s5wMPGckT3ymDm0B05Dg7Iojr8z
Kd7Bq1HXHrDRpDei3eF4NHZdsIi0B3mIw+zR0B0MzcnYMx23gSQJOIY+aMvQ7o5tIHzs9KlHjZHR
mzgTatgwMYbdB156hsuModH6s0qM+No8BvcSh6uD6ali6RTgbqu2cIPOqIOypUW+iNMMw9Q4Yjb8
hwaTJj5CerAMunjNImoHDEwHOC+wfC5LwJBgJ7iXxV5+pAIw+IARJDrLYoICwGlZGjW4SNAWf7iY
ffnw8ewIQFfMzvwc6cYI+kucBi448RyzvJolDawyhcHkWGcKFnURrLbFk8BmWVdIQSIoEJ65Zudi
dvBx9mmqMbPI8yQDtwY+YlHYHTCbe+fg+TyfBa6q02V0nKcMV1yWQ7SpcQtCOSyyPA4PINzKM0Uo
GlgXiqGL5BhS6AtgcFtCUUe2rAYdawjl6uqqw4AmxN/JL5FHqSZnFN1VU5U5tMHhNnRZXSob6HUA
5FSKLWm7V7PPiyD3+cwq/ClAlT0wKk32Dr8zZzE9P2JLlPFn/9q/PPwnr+2DU8yKSx9+X4Ky+pfZ
tmbZwSGTEAIgmOQQKeWLALRfpfpOxm9ZBQojewoikNA7xpLTaAnRRZyuFCHpcF1OXV1K7xYxfUth
Yc1h+WxLDhpSy9LIaZqCH8//QZHHX6cKWxKg83ODo18gUDk/2hYrAhtkAHzs9Yi/ZQ4Fmj3JATA3
9efz1cUiTj6pjkiFNldvw0IdUWj8ttDNtrkpo7rr49olIa1aBuVQkNjW9GkXD5BIiXRPQbOHkvng
eSe6TSshukQg+my6saUfdXvGZHueTCK0LCBhwW2Y/LGO/r7GpISlszgOVCekgXVdBqbaNsvpWpbs
r7BZtqAtR9osq0HpY+yWhgpkA+bggjFFKhLQsFXNtf06gDjgJE7973G0NautIbUsQYlliWrDWhOd
QguHRyLqPCvQhqv6a2MNZWCYQ42Kh0UaF7Hj0+AiUV1MDWvaqcaUHabUg8EhDR/Cf6MbTO62+o9S
39DF3CJBXg9D90L8XmvWAvrdj94EKlc1TJ+xcWekc+X7bwJwcH6EPbaWDuhYYfJKcpSf67D2hqah
anLEdWNttaM4atMgWdCGY7EKg9FBQWZW0e0yGm17yhahZXGK5J/1JgvWaHYYQxSRNpZZ4849bhNS
dCcFZwwttzRpNUacJY2YTYyI3JVTVli5Taflbjo3olhPZscH59tiR99MWCtOv0joVaTqWwnRaTf/
WrMnB8WibDn6A81dEkdzpvJTQu72TlviA/zPajCACRCDrh8vg6NtxhoVqBEz95vLoq71khmjoTYn
Ru/hzJQEYM182Qgk1iwC1KTtVThKi3AR+clNayChKs8YGvfuiiVg2iGsg1W7JDuvyp9Yjj9cpH7W
nqZ+yOAO/i2ys88vHhl2n6+mQZy3fhiEKHxsYkROfJcdxmFI+TCVVDRwU4kbnu3ED23WsI7DhyuA
RGdZKg1rplGiawdYANbexzPVOvLLe1ihV9/p1daSAURmWVGcJw/OAgVBwMxnGvlBQI8jB5KJHLcH
1Om67a7Kav9mYDxbsIPvE3N8i6/u8ZjsgVwvBSkQW8UpewDHJV17t/GEkUqchnottoToc9trMvx7
/HvMRvjP41ZizWqNEeISQUT1Y+1CbNYswWYNM3RDSbMiBSGz/CpOL7elqxynrMDCYqsIWWv2ZH21
w5F0gLK9ZwIR9/X0Wk6h5u8VaDOjbTiaryyKk4Uf+M7WCs4KSlyZFSnaxToz+G41Z5cfaXSZaUUZ
DXyPWvK2Kf0jpFubTAWlZam0rB8ZzFIwvpG6PVBC7sm37TS+9FkjHBg8nBeJz7Lk+JY1Pa9JWSOv
cXDrNsNSpZrd1NDm9JhNO8nyBUuZ++1xs9M6iHIfwsxQFk0lewolmNvwi3Xn6D2njF/XTq6C3bOq
vkC08r3wDbO3La2rMVpWRcaDHV+Nba/mCaug5+3XjOKJD7UIWgObFb+mE6BZHF2tosjobotvBaVl
2ZwMiMYqcu6dxg8Rnsic8ScU6gJmDWwoqM7PP5mLx2iM4ba4qRBaVk3Dg2exwranMCSKeYcpzRZv
/Gu9oldBVa6BnYb6atal/4hMvPgDiLcsP1o6OLLnX28SPKdstYrn9EueLnzVVurw5u7DUJ9C2fg8
YkFxve3KiUQOZBibbKNwO3QSFxnTNlMUcNO89HWmLhaQjUwG1480mtpeg6oeSuQiR7IsKuhbIH24
/aJRey/TfFNBbLPeEq/cdlc3Nf2mqbl1u8WYPCIz1jdVdGpuBT56k0VHt1fuscFMNDbZEHJjyd6y
zfY+jlN3UfjZ9qyvcxmVSFEH8hgWs9h9E0TdX0cLaKLXBEqIruTDpg/9QUbxmOpHJkZ+sMGtSdor
mcBnDRyFOebofDXqg84Zs/UK2xj4fmiFjWOzLIbVEWfBsnyDEHR6EKiHC8V1w+7cKNWuQpqyLRZq
OT7LyhMaBBvQDn5Oli40xdLhzVDavJGhHzHfbu6xmw/lRht8nfM13CwWKZsyfXOghukc9Dtm2zEb
mwPD/ps33S75TwIhLh7CPY08P/LzreVy38QAYP9KqpSfD1hBvK88MFTj4eWkozROtIISB9yTEJ1G
lK7o1mrWEh2E2Hz09VVyCnYx1wsnFajJQu/WYz/k3wRcL3MJKBD5lOCTGcRekTPIaXjB9fN7jcnJ
Fg65JUghP+Km0HqPxl4s8PyXas0F4J55+oUufZaesTiaTIZ6OD2674hTedzgzlMhKnrLEkSVf9ea
QFDGwwXNGwuRg5rr0DBuW4Sbnduqlf9mXMaDgzJ3be02EuqvbOlD2DU9bldNfrBekfj61xZWK0eD
tX4azU9iX6vK1LA7/N8vn9+DnmOo8jl65wfBY3f9lOqkfhCu1AvcOVt3Df9PAR50Kp/Kq/hSoXrp
sMHbSRjCv/CPHq7cV+ytwqE7d2jDBWK2rD8K7uU5UQ+Y0JLGPZUrzJJT9pY/b5DHqkPVwPfk/kt/
6bshC+N0tUvOWD47PTnblllW6bAs+XOtvOPdQq1M4ZXKRiNXPM2/v6G2/eADmDeSqB+6GTEQ2qdN
nAzW7LPFZ7OxNcFBjTR42Cxqg4bZsW2vtlfSLjFaVklE/WuDxOBjnFP+TO6NBKG6c0+x7QeJwiOY
axCw/gxd4GMmJ4XmH0tQc9/hSY5JlqNvdsrzMGA0PaPzeSMPreENS3hj++vKz3LmboubXKATCaiD
RARAhEhDVZo23g0TeA+yVVCE54d7Or4/8SGsUBEBXt0T52zZ8M2xNr/uzLEsY1Hu0yDTdmY1cHMp
mX/FiQl1RMhO9fHv3zNnNHjDmLqGKpDmg26uH+nQfrTnulvt9/Ufu7am8snSdefmU/I2pa5a7ysh
T6tQxQbuxqGrBAK+nPoK2QrwnoAAKM/9RbC1c7HJBtWNoFgBAqo6lQr0tAIvh93Ah7AgOL5WU+ES
co8HOf5+7keLrQdfAq1lHX+dbhaunBeU55Xa0yISpFczjU6QXDam4YF5rx6PVXntHfwpI+GDIYLA
+tc6nGYgl6WvTlkJeVplk6OuP0XvaTJbaDucAnBHCpcsijia0+/bornEZ1li7PLvOuT/AhN0qe0N
lZCnlfulv4FtShl/NP+blmUqwKclXQ68QaXLdy7pNXtTRE4jbG/eeVpGEjH6BnbW/86mAV3pexM1
8O6y3bYyDRzvDMeDWL36vQ75H9kVTbXzTSWk4Sae8mSCJGEb5xIkKr4rNk39LI7O+auVanWrgU+s
aXxg8Z6IdZUNX8ej0M4vn5ZqHHKDAIotmbo9JK7vj/i2K2ewTf58Aym/Llb6mQcJuMOdvZl+fntw
fvzx1qRhxEsNYo9ulwcfvccmD4Ki9VlSnqFRnptWH6y5U4lO4hyCgvxka4WFhz/f46WMfVcXsATc
87zSa7r0aABB3dYeI6wxWpagYYPp4Fv2p7lWF1CA90zHdMvBUz3yBgUex3dPs0B/pFMBNo/pT3QW
3n44ukCj+zna5ukT+VBBHDH1QVdxKh9YE6fz1wlo5xRfL6YWrirQHVbgLahB9Av9Pd7aTmKNcVPl
mtH5zXckcODdp7ZaR/Qjo8HBHwXdFhMuTQEjBYzrMeH6mROnbge8BY182mFFWVHEFFbbLlKA96S1
t3mV8cP36SW6jZyKy/JC3+yqYHe5liJNV7/QSx/f+LWtKdGQ8ix1Vrxf0GiT48cfp2/VsBGunjiA
Wm4QiaCcFWr55T0PXxyeHeBDzuTf/ybbX9gSOTDgRxvtDcxwY+itpkYV6J6VvW238SWOAzzzLUaX
v9ZK/k6mbVy1ahhegpql5cZzFef8MGiTg/bB2fTkYCJLs/LS6Daujca1WV4/OO0Cgk/4+wPWnb25
7+Xl+1nL7YAS9MR7AnLY9WnHI7c3noZRgI29w8bW4cKPtkV6Peb6GSImiE6yjDp5nIiqdOLSWKtI
c8A9k/B+XqzwQWpnEJFDfJDa60dzckSjBdl5f3j0Ylss4jgsOoTlirgt6wwTpyqyuneqgF7/chFr
AUwNe5LnXavhNiilLOLkPLa1U0EC8vT1z002CZzLlY0PdmrbBBXwqTcKyoE3qcXhKWI8C3HzNLWA
NjP2yV/y0prbDkf/+GQ1p0y7ePxJao6G14q+0DTRvWwJuWc+P4Lop0D6YnuvIvjIZxPH32TXJG8+
rlKBnlYjwyLfwMm883P9KT1+3Xz+q3niJvJYGhWZ0TU0qvuPOcJZobQsTsQGIRoLk9cYS6sxWgW7
880PF3GU0f+dbfsJE4kWQrSSjPW5aVQp1qlPbFmD/I0KE69ZnrP0c5z7mvvTwI1nBv7SUyez8tSJ
SoF+tWb+mNLoUs8eOeSJd3pgyA1cS5Gy4yj3c59lXxuHYmu4nreMmhyEfnDZ7RuYCXxkS39Jg+n5
+XRrj+ykAmcShmBfkwJTPUGYOPRakrnxGy4UWvd0frGaARf40ovXsVpoVqGNve1mHHpGw8ae9mNk
IPFZlkLBug/ZKSyXZKEDYpFe7JCAJ3Y+MOi62opvlKUpEAvrsvH2lPIt2/wAAH8BdSdJsWLNFWO/
9WxaXREI2j1/TvCrH1ZqRc8uaE7O6YqYJjHM/d5kv9cj/90dEbNrGtggjHP35fmHM1IXTxEshmkn
cZq/NCZGz0Tg1QKIbQdgUF528ZpGUVxEDr49FTf82tRZ+Ex8IyR7GUccD741py1f2ApiFx1Dei37
ZC/NAULmFE/dukzc9+IUsFaw2PMQChJw8SRgeZ0sEzmK63ue7xRBvnrJCZ2X52zbGZ7fiebZSwTz
/Z82KsTLgB/6rGAZY67SBL+38vLo+M3Bp7MZQsXct/8oWLqSQ0pQ6gBPkh783Uloll3Fqfvyv/g/
IKQij9sZXTLZcemzq7YLMqQguZdjBF3b8XUbtVA2gUmYF3TOXjIw1XCtvbC4swrxhcXPCKoVcfh0
Fyk/4slnnYDwiKY7oAVktmAZI6U0CE0ZgRiRxBGoTL4AHXFwMnNiM+JHTlC4/MsV5Ia2Ia6LOISe
HiJo4syox3ZJjOFnhiiJnTJ6SVZxkUpcxPcITKrv+XwEmE/8kkywQsTv2VWFbs9lHoUZzchVHP2U
EzzLSlOC0gyBWXx5+AopxI/DCL6vFiwiRTJPqQsIOlaEWiyQ7VsRIc++LPhT4iSPYZTIJYBCvpkf
ZACOBZQfPKW4zUmFPIYCYpBnwHIuLxeMqsPIgn9YAiEhYhbqWs7aPuGvqccb2aLI3RgWgPxQzz6x
WvIN8k4QZ+CWW5yygyCIrwguLCCm/FIHWfqU/A+qHLbhule+pnifoBHiXY+5Hso+/LEbXCIEZgyE
gtjsFZGixPZSbavbCrHPvvggkDgCuVLXJSnLhPhRrPhNBxIymoEjweVNQOg2Q6JBOOyPggYotrm/
hLbgdApGduSgYGheIHYxIiwYhjalDWLHDyrsw20+9vsitEEqoFUH2Spy8KsaBF9eAnrU4Q0+gbS4
apecYrNFGoMFgtmD5tku4W8UIXLxw3rYJfgqfWAEDT6XDRhchIVFBBqETQTyCz69wBNoWRpf+6Bh
DMQALHHNjSriULaSoFMPdRXboE7uEj//CcSXp7yby9DecZVpdCY7wEMB68bkYuFstCWn+xxVU1cp
V460iCKcThcNVJzwSeAv1sw65Igt5W8S+vMFLGYshe6qi08qDkokTYskF1AhMBRMCLRJvvjkwqLk
XxhwxYKgy9h3gezbKUAdQZ2LQdCgXR1F0aBxWzSqNA3MP3/AQizKt2CJQXvQgxIBh3UQ+jmu7ZDN
qb2CnLhDLoSou1y4foa4efcZztqVzyXPNQoW7VVbICqVLOMcej6QCBaJ4SuDEQ3umpZDCiWH2Spw
mZJ5DBMV4zJFrcCB5pzMNidtn3SRCxidm2Dxlv//7znAkOQu+tG7Po7+LI8TToI0nxVJEl1GwHyg
fwS7VxKEo5ZUGV2zLwnjRuALXxWSvuynLVDI1wUnCS0GkR/hgpXOrplTcOMbC5LFikRnVbVm1w5E
CVnNkTBcH2bH+2R2cnpBzk7PT2fkYDo9Oz2+INPjjwTivHfHH3cJNCKzD9DqmHw5+XB2TKYfPxwe
X1x0miZAk4c5GEpxTFnqx9whoyHOkEFnwbhJ5tKojK0BsoeQwOW2hTdpY1FJmFmOCuJD4BMMNGgT
8vsjZRNKBhEfOsAIm8nBOGaBBExvbciFR+JjfEAfgn6ed+jcbI26IONpmLaEORgOCMkiuWJeRd+K
B1AvlmQ1q72u5DV7cTtJkvOe5HxOUxtWRtuJg0DEotwA3S5dvtSQHNmLyF5gu0MaFTz4UCmBwKwA
HXyxW/qEphKWaijcq+cBLsFvWC/BDvkgbL5QeIge4iJwK1p8cCJXEanpzwTihJMPjA67XckrjPaG
G4sbTpKrjsBQ8ealcVg6W9FbtmirqqnOMHIjZ/KGbpBbVErTjosyYMQpS2EkVEOpyG4RJiK6EiEc
kTfaeKOcryNsJDtw2jmZJQdwBW4eFju9RcDgtMHxwQhLULIsKxgahnwBszYvo000WjhaTdVuOZEi
RpBBZUdQg01/KCfMc5xFEV1mJe2HNEGoHxYh+Fh8yp6UuQBOJBFZkaCiliuuFylKvmJu6hgE24mk
iA/Yxii4AKfbr2bsKBa3mjqNsRFaPYFfNC6XkMAlG6qc8cih7VB8YUM1L0AKj1UgfETpAXUiwBBY
EnydLSYa2EdwWHMH3aQ8BT/lyNi4jnZRgPhkU4n3blR36aEVybfj7UsXAaHZIg5EiGnTHDJZjMQ5
yRl+WI9IJ8Ntm8h85F3hWmxWBZvCvT1TZ6m8hWY1XeWIfJe0DWUC+eTxgdt5SYx0Adxq13EsT1Ex
hHQF55jL8EAfOwNQktUhJxALgi695MEdOZx+2oW+QIMN6+vKd0HteawgrGeFv83x75NhGXbXEXnG
paO07ZADFwzVggbeHj79z9MEl4EOy6FgUIJ1D1QwZSHWbk9BpqYix9do1TDEpEGHIBGfptG0DLbr
BBBzCSQKT9lixyKJkra8bmQ353LVZf53Vs0nhuXlNOIDXmXIBGG7UA/FtfYnpuj0okOmsk9A0znv
QGUmKnWBj+ildI4swJyA2LIk4BELppchxafGYeQU5+kw8LFiwvNl/DAby3JyPvvEKc2AJWTbLnKC
+Tmfyno4kVx0SlsT5kUbe+1zalHLXWYX8/0yYfmZGJioyHBtAUuV3ycyPc1EQo2aHGWxcFxSGwxE
JoyTwHa4iCGBRQ0s8xRWZqLcgrk0pySjy9JSYgWkrBPhPSWFBcJ4TU0ELLIe8XvsRyIZ5mWin8hX
O75GrU/J6RHZ+frp9OgFwbdkL4AGaH8F5j5JxVsFQDEwf0kheenUESBoQsybcGHje8q/vj4r8cvc
RoH8xAfDYhF3mhB9YJLL3TDnLS6rI9KFKEUcz+PDwj3fW7WvC99VFJFCnALWjdG8tJvAv/iwXZkG
8BRSUgp6w+T7NKLYCfyE8L6gNljVcyimkmG8LLNydGnSD3Bb3C7viSGz2gKWhS+1QjLjJQ6h77CK
QLxiMnhbqdxFJkstDqzkXNg62act+uyTBIKkpR/gMMKOSxslR0FHRKN5lShE2C1o+sPdspVWMbu1
KiVm+SCMC1zCnnA4ckWjKOUco4NFE8XrEaCH+Jt7SOj8kftLpTNnPGIi/7WZQGYzDxcgr2pyF7co
FZ7rOC92ap5XsI8DVeyDISK0SWoiPpgJozFwardR2b2dTJoCJtCPct0BsWVn/FtR0+OLGasD7YK/
lyVTdJI/jcwH4tVddW0e8cH4ln7GLRDKk6U400R8RZBI7oisppQenPfRWAd8bWKSZ2QOeVhWi6eu
2FQS6twUkbRNV9TniRrYSchixNwkcVIEpTLKC3RlvI20iD1uD3mE306kFUNngoYJvJ2MnXm1VtSo
9qUXx5IazxsFWDhBOV+4l1YVO9xabqjvbTzf1ABVy00HJwsIN71YmRFYZW2xqVO1XMQ4M5yUDu4W
dfyYUwyWbBVi3pPhg/4ZcJjVpGMyJ++T+j5ngVsxOp+nkEGLapksrYkKAn5E+bLJH6cPVvCHow/4
EdG2tPnC9aFRuGIiuKawdK74iBknvGaAwzpKPRs8bSV5oZpicm4IFSZU3JfKBE4eP4TJXZUaI3J4
rIoOwu4I9UQpXe0S/pWKXYKfxuH+Oa/CMDC9Hksh1G6jBYrQ/4m7pbsSzoJqpTC5r6T41wJCTnDl
3IqVxkIi5DMv7pdj3Jhpwas61bkf1rZaOmBEiu1xJaBpxplFg4kD8hqf7FTWczv1APKOOkIpzbtd
vDTbYnbFqlBKJxIHoM+lPMsiyUICucXALEcGztJiYM0ZchOXR46+VyGC9AMYERsMaIHKyoGwcYBP
msjSs9HAp5lMSyCSpGESlFcY8wCNcq72y0kT90BvsYS1T37lwQr4z11e0/oNkYq3VVduUt344Gxg
4IjvHBZVg3L/iZcDbvNY3KFzD53xAJlnm/ihLKBVuluVfDEup0H8JLhjhV5BeK96xH3y5uxgtm/+
Y7Q7mFwbu73r3q75D+MfLgZEfJ3v4DcOHTSuL8ddYYrFVX/wQkR5Yo9BTdbFCkffAjKWtTQeevBi
GMyasyLi+8pFWhrlMkNJq90JbnEAD7gqh+/+ZKXA2uXOBuiCCGefveGmhg/F22tICh4pCMg3BdLm
saUS9MX8W+2EXYPhy2Ry51zyh/J4IgMSsX0IzFciiOPtkF8gBVIP4UbEmhFccvwQjKSVrW7ttth1
zqLMly8c5i+1Vz79azvyC64VBHeV8LPBGiwOv7lxDsZQg+JOpAYo0kC9RhOhXnt+wL9kU0PmofYh
4gUeklaufVhlSxWAnxfmm+PiIERoiy0ytUkmv3qswhJH5/oj82RxQevJzX6mgyBACVXIxfRMvQxX
2R8B/3qy/EUGeLjcxL0F0sZPMQ+6/e4Ifj4/hSUxchz4dzJkw9HAG7ojkw0cr+uZw5HXHzNjOHJM
attmjzwH3Hl8ySIIDzSJrSjfYS0f4/qOz8TjkeIBf4Ptd/Hl2qo1XF6H+pzEyI7Z7fYMw8SzitOj
D5qo3PgbZ6UJBJCvTyeYiyjLtIYXPhqEr+eajBoUwCWm2TpbALzCV2RrQOUbxXhm0sDPbAPBC105
a2/9jQdj6vefUUT+XHwXWr5HB8XEURryyStu0Fy7/AYx6nG6SvKYA8Q7yObujTn3NTXhsumpIMjx
Cm6+54VQxpKcf2LM9mHKy0N1hz///D8Bjc6g
===END CRASH DUMP===
