PocketMine-MP Crash Dump Wed Jun 2 05:11:09 +07 2021

Error: Undefined index: NuTaVN
File: plugins/SETVIP_v2.3.phar/src/MCPEVN/SetVip
Line: 191
Type: ErrorException

THIS CRASH WAS CAUSED BY A PLUGIN
BAD PLUGIN: SETVIP v2.3

Code:
[182] 				  
[183] 				  unset($all[$name]);
[184] 				  $this->time->setAll($all);
[185] 			  }
[186] 			  
[187] 			  if(!isset($all[$name])) {
[188] 				  unset($all[$name]);
[189] 			  }
[190] 			  
[191] 			  $st = $all[$name]["current-vip"];
[192] 			  
[193] 			  $i = explode(",", $st);
[194] 			  
[195] 			  $date1 = strtotime($i[0]);
[196] 	    $date2 = strtotime(date("y-m-d"));
[197] 	    $date3 = abs($date2 - $date1);
[198] 		$help = $date3/86400;
[199] 		$date4 = intval($help);
[200] 	    
[201] 		if($date4 >= 1) {

Backtrace:
#0 plugins/SETVIP_v2.3.phar/src/MCPEVN/SetVip(191): pocketmine\utils\Utils::errorExceptionHandler(integer 8, string[23] Undefined index: NuTaVN, string[89] phar://C:/Users/Administrator/Desktop/MSAI/plugins/SETVIP_v2.3.phar/src/MCPEVN/S, integer 191, array[3])
#1 plugins/SETVIP_v2.3.phar/src/MCPEVN/SetVip(26): MCPEVN\SetVip->tick()
#2 pmsrc/src/pocketmine/scheduler/TaskHandler(137): MCPEVN\TickTask->onRun(integer 1)
#3 pmsrc/src/pocketmine/scheduler/TaskScheduler(179): pocketmine\scheduler\TaskHandler->run(integer 1)
#4 pmsrc/src/pocketmine/plugin/PluginManager(654): pocketmine\scheduler\TaskScheduler->mainThreadHeartbeat(integer 1)
#5 pmsrc/src/pocketmine/Server(2389): pocketmine\plugin\PluginManager->tickSchedulers(integer 1)
#6 pmsrc/src/pocketmine/Server(2152): pocketmine\Server->tick()
#7 pmsrc/src/pocketmine/Server(1992): pocketmine\Server->tickProcessor()
#8 pmsrc/src/pocketmine/Server(1586): pocketmine\Server->start()
#9 pmsrc/src/pocketmine/PocketMine(291): pocketmine\Server->__construct(object BaseClassLoader, object pocketmine\utils\MainLogger, string[36] C:\Users\Administrator\Desktop\MSAI\, string[44] C:\Users\Administrator\Desktop\MSAI\plugins\)
#10 pmsrc/src/pocketmine/PocketMine(321): pocketmine\server()
#11 pmsrc(11): require(string[91] phar://C:/Users/Administrator/Desktop/MSAI/PocketMine-MP.phar/src/pocketmine/Poc)

PocketMine-MP version: 3.19.1 [Protocol 431]
Git commit: a7cd0810020af15fb3d79127c77cf576085cd4cc
uname -a: Windows NT DESKTOP-KF1VXGB 6.3 build 9600 (Windows Server 2012 R2 Standard Edition) AMD64
PHP Version: 7.3.21
Zend version: 3.3.21
OS : WINNT, win
Composer libraries: 
- adhocore/json-comment 1.1.2@fc2f76979f0a44a5f5bc2a2b600d0762fe0e78e7
- daverandom/callback-validator unknown@unknown
- pocketmine/binaryutils 0.1.13@0abee38d4e2861621f262c79a2a3d699d8a697f4
- pocketmine/callback-validator 1.0.3@64787469766bcaa7e5885242e85c23c25e8c55a2
- pocketmine/classloader 0.1.2@9757928424652393b178a3760073113aa7c9911b
- pocketmine/log 0.2.1@830b44a2cf96ef703c550abe64302f230231ca49
- pocketmine/log-pthreads 0.1.3@e477ecf6ec214fdd4415ea1da3fdd9d73bf699ea
- pocketmine/math 0.2.6@43057cb8c179a9859677b496a788db922fd5cfc3
- pocketmine/nbt 0.2.18@9f82ca4d7f97fcd9a566e44b63c4f18a7657ae82
- pocketmine/pocketmine-mp 3.19.1@a7cd0810020af15fb3d79127c77cf576085cd4cc
- pocketmine/raklib 0.12.11@9cce458b8bfde3e4dfdbf70c659fc7b7fe26b5c4
- pocketmine/snooze 0.1.5@70b5e7937a06878dd321a3182ceb76d56298f2cd
- pocketmine/spl 0.4.2@6b08b7cf8c4afa17139c9a1b3bf1b408531de161

Loaded plugins:
Slapper 1.6.1 by jojoe77777 for API(s) 3.13.0
MaxEnchants 1.2.1 by Xenophilicy for API(s) 3.0.0
KeepInventory 1.0 by KhoaGamingPro for API(s) 3.0.0
Trident 1.0.0 by brokiem for API(s) 3.15.0
MultiWorld 1.5.2 by CzechPMDevs, VixikCZ, fuyutsuki, kaliiks for API(s) 3.0.0
FactionsPro 1.3.20 by Tethered_ for API(s) 3.0.0
Netherite 1.2.1 by Wertzui123 for API(s) 3.0.0
reyyogaWtrhit 1.1.6 by reyyogaMnelux for API(s) 3.0.0, 4.0.0
ec 1 by McLebt for API(s) 3.8.1
NoTP 1.0.7 by awzaw for API(s) 3.0.0
OnlineTime 1.3 by Zedstar16 for API(s) 3.0.0
BlockSniper 3.2.3 by BlockHorizons, Sandertv (@Sandertv), Chris-Prime (@PrimusLV) for API(s) 3.2.0
BlazinFly 1.8.7 by iiFlamiinBlaze for API(s) 3.0.0
PM-Beacons 2.0.0 by jasonwynn10 for API(s) 3.0.0
NoDrop 1.0.0 by Inaayat for API(s) 3.0.0
EconomyAPI 5.7.2 by onebone for API(s) 3.0.0
AutoInv 0.0.10 by JackNoordhuis for API(s) 3.0.0
HideCommands 1.0.7 by Himbeer for API(s) 3.6.0
AutoXP 1.1.0 by JackMD for API(s) 3.0.0
MSpawns 2.2 by EvolSoft for API(s) 3.0.0
Sponges 1.0.0 by  for API(s) 3.0.0
WorldProtect 2.3.8 by aliuly for API(s) 3.0.0
SETVIP 2.3 by MCPEVN TEAM for API(s) 3.0.0
EconomyLand 2.1.2 by onebone for API(s) 3.0.0
PointAPI 1.0.3 by onebone | Fixed and Update by LamPocketVN for API(s) 3.9.0
DevTools 1.14.1 by PocketMine Team for API(s) 3.13.0
TPAll 1.2 by matymare for API(s) 3.0.0
BuilderTools 1.2.0-beta2 by CzechPMDevs, VixikCZ for API(s) 3.0.0
SocialSpy 2.1.0 by Crafter20162017 for API(s) 3.0.0, 4.0.0
OffHand 2.0.3 by alvin0319 for API(s) 3.0.0
Shield 1.0.0 by JavierLeon9966 for API(s) 3.7.0
CustomAlerts 2.1 by EvolSoft for API(s) 3.0.0
InvCrashFix 0.0.1 by  for API(s) 3.14.0
VanillaEnchantments 4.0.0 by TheAz928 for API(s) 3.0.0, 3.1.0
InvSee 1.0.0 by BlockHorizons for API(s) 3.0.0
Farms 1.0-non-alpha by Dấu Tên for API(s) 3.0.0, 4.0.0
PurePerms 1.4.2-c2a by 64FF00 & ProjectInfinity for API(s) 3.0.0
FormAPI 1.3.0 by jojoe77777 for API(s) 3.2.0
Worlds 3.0.7 by survanetwork for API(s) 3.0.0
PiggyCustomEnchants 2.4.0 by DaPigGuy for API(s) 3.19.0
Broadcaster 1.5 by EvolSoft for API(s) 3.0.0
TimeCommander 1.0.2 by TheDeibo for API(s) 3.0.2
AuctionHouse 1.2.4 by Shock95x for API(s) 3.0.0
BlocksConverter 2.1.1 by matcracker for API(s) 3.0.0
KygekRanksUI 1.3.0 by Kygekraqmak for API(s) 3.0.0
PiggyShopUI 2.1.1 by DaPigGuy for API(s) 3.2.0
PureChat 1.4.11 by 64FF00 for API(s) 3.0.0
BangHoiUI 1 by JVN | JackVnKiller for API(s) 3.0.0
capdao 1.0.0 by Nguyễn Công Danh (NCD) for API(s) 3.0.0
thoikhong 1.0.0 by  for API(s) 3.0.0
level 2.0.0 by LetTIHL for API(s) 3.0.0
AutoClearLagg 3.1.0 by Twisted for API(s) 3.0.0
CustomTags 0.0.1 by DaRealAqua for API(s) 3.0.0
Rewards 3.0 by Wertzui123 for API(s) 3.0.0
giftcode 1.0.0 by LetTIHL for API(s) 3.0.0
cayphattai 2.0.0 by Lettihl for API(s) 3.0.0
Item 1.0.0 by LetTIHL for API(s) 3.0.0
AcidIsland 3.2.9 by GODSMineVn for API(s) 3.0.0
SellExp 3.0.0 by EzMinh, LetTIHL for API(s) 3.0.0
PrisonMine 1.0.0 by LetTIHL for API(s) 3.0.0
detu 4.0.0 by CLADevs || GreenJajot for API(s) 3.0.0
UpGrade 1.0.0 by LetTIHL for API(s) 3.0.0
ShopMob 1.0.0 by LetTIHL for API(s) 3.0.0
PickaxeFunction 1.0.0 by LetTIHL for API(s) 3.0.0
shopvip 1.0.0 by LetTIHL for API(s) 3.0.0
HealFeed 2 by JackPlugin for API(s) 3.0.0, 3.1.0, 3.0.7, 4.0.0
VanishV2 1.16 by superbobby for API(s) 3.0.0
PHP-Sell 1.2.7 by Muqsit for API(s) 3.0.0-ALPHA9, 3.0.0-ALPHA10, 3.0.0-ALPHA11, 3.0.0-ALPHA12, 3.0.0
OreGenerator 2.0.0 by vividmemory, LetTIHL for API(s) 3.0.0
BuydetuUI 1 by FurryJaki1992 for API(s) 3.0.0
luyendan 1.0.0 by LetTIHL for API(s) 3.0.0
PiggyCrates 2.0.9 by DaPigGuy for API(s) 3.2.0
TrashGUI 0.0.1 by Phuongaz for API(s) 3.0.0
CustomItem 1.0.0 by Phuongaz for API(s) 3.0.0
gem 1.0.0 by LetTIHL for API(s) 3.0.0
WarpGUI 1.0.0 by RockPanther for API(s) 3.0.0
PureEntitiesX 0.7.0 by milk0417, RevivalPMMP for API(s) 3.19.0
NapThe 1 by phuongaz for API(s) 3.0.0
help 1.0.0 by LetTIHL for API(s) 3.0.0
MuteTime 1.0.0 by LetTIHL for API(s) 3.0.0
SizePlayer 1.0.3 by  for API(s) 3.0.0
QuestPlugin 3.1 by HmmHmmmmm for API(s) 3.11.0
MenuUI 1.0.0 by LetTIHL for API(s) 3.0.0
NganHang 1 by GreenJajot for API(s) 3.0.0
BuyFix 1 by FPVGAMER for API(s) 3.0.0, 3.7.1, 3.8.1, 3.9.3, 4.0.0
essentialsTP 1.2.2 by  for API(s) 3.0.0
Buyrank 1.0.0 by LetTIHL for API(s) 3.0.0
restart_in 1.0.0 by LetTIHL for API(s) 3.0.0
MuaPoint 0.1.lpk by LamPocketVN for API(s) 3.9.0
luckyblock 1.0.0 by LetTIHL for API(s) 3.0.0
BetterVoting 1.6 by Twisted for API(s) 3.0.0
ScoreHud 3.0.0 by JackMD for API(s) 3.0.0
Kho 6 by ItzFabb for API(s) 3.0.0
RPG 1.0.0 by LetTIHL for API(s) 3.0.0
TempBanUI 2.3 by SonsaYT for API(s) 3.0.0, 4.0.0
CmdSnooper 1.0.0 by HotshotHD for API(s) 3.0.0
freeze 2.1.0 by Bavfalcon9 for API(s) 3.0.0
SlapperRotation 1.2.1 by jojoe77777 for API(s) 3.0.0
KitUI 1.3.6 by Infernus101 for API(s) 3.4.0
AutoSellUI 3.0.0 by LetTIHL for API(s) 3.8.2
LoadWorlds 1.1 by shin for API(s) 3.0.0
Joinkit 1.0.0 by LetTIHL for API(s) 3.0.0
AntiToolBox 0.1 by NgLamVN for API(s) 3.19.0

----------------------REPORT THE DATA BELOW THIS LINE-----------------------

===BEGIN CRASH DUMP===
eNrtPWl33DaSfwUr+23kXfVB9q15zrMsyZYSyeqx2sdOmOcHkmA3I17h0VJ7kv++VQBIApQsdcsd
7X5IJhk1i0ChLtQBkOC/d7w4DWn+ZcnSzI+jnf3+3k7uh2xn3xia5mA86A8n7e6k3zXGeztFIm4N
2ibcmEy6k8HEGI76cCugWX6cpnG6s//vnXyVQKsdfn184zDoBqj3dkKWZXSOtz5ELvP8iLnEh183
++RdMaMf30EbrwiCN36AjZIFTfc7ncP9zocMyOscuKEf+Vme0jxOO0csu8rjpHN+eXDaSYJi7kdZ
5/J49vF0+mVptntt7N7JUqdzfjg9/viuc8nyj34C4ASHkUOs3Q/6BEAwyGVigIhS6sDvX3aedcn6
OHah74t9ksTOFcuBF2ZZRe4HmWV9wD/7+0yT2AmN3IClu36UszlLyXiPAPN+NP/F7P1KviHCqs14
8ivZtgT3SEkLSoHQNKWrX3q/vgDhPDM2EYQ5BDkIkGUJWOvH3HeudjkukyQhdsL/aml1MmfB3AJE
0pnR7KoUj9EbKchmgATvtn6Mo/dFVAnP4Ih76yC+LK92jdGkoa+qJYxU09D6Mb01VP/uoYSQOlP+
55xGMB/S3eGgf/84FUmtH0PqR7NFyqh7wmia24zmjZEHd498yVKY5btmb9xkStBkWRpRQh/VwFlj
kOH9gxgDszGIuKNqeXQvCmMyuQ/FNI0dcCdxKnCN78c1GA+/gSvLQYgCx+RuHFP+8xx+7pq35m+J
5ssXJ45gYhVOvhvbvzEnJ69pxg7BL2ZnMXVZukck/I7pfw46PYvnc2wlp29v+Cs53AfPgBPXsrSZ
a1ly6kJPmLuWVfXq9zfoJeerZYn5232Q/Z7ZZD8T8hUIDIFg18BWKfu98FO2KwmbGBt5o3rQ1vm0
diI6WS92fv1zb4dtJep8TzgAIkTHL360jIMlC1mUAzYX+HfynfIuQARegDixy5BmY2wC2MrF/wiB
W8a4p4GKKGP57nMaBL88j2jIfn3xD96qr7V6ni/8DGdGyMCmWX4QBLyPbDyoGhPyJ4cMFQgHjBSA
7+3+h581x31B/s1bjteib9IcctJtDDkxFMDzLCcviYLmF2vHKdIURNla+om18ytHOzGbSHoqEh9w
sJskAPHuWjt78C8iFhRN+s2uqlSeuzRnBnQHe8xjlOPuc/+XruRmIsRFiGxoag0RAsOtWmHLtXZe
yC4jvUsPulA725X9W3JE2biU6fMFCxIUBO/SGQ/73a5oUcqT3+lDE/DHSwpaxh4ci9ntVkPyy1K+
oE7Z68eX4L5BjX/+ncL8ncL8ncL8ncL8ncL8X6cweztzFrGUBpgPYOQDp631BcJs0ENdou/02sak
bSC88AMXcpBxb7C342dfXLbc2fdokDFIOtI4j50Y0PZ7ULHOfUxJ6Mhxu2Oj2zW71DMGnt1zRxPD
HDmjkeMNRsPueOC4fccB3IWk5RP45vg6I+9m5Oj48ufZxbT18xvj4+e3r8mw3SOcBDIZdrtkt2wq
LIpAADLJe5Nc5uBiaOqSY9fHoPCCHJwfDfuYGEEtvr8zAidrIjtfWeRy9uQ13P4SZ0jD6bt3MwDw
i2s/4hlUmMSggy+Bb6c09VmG8qPuAnhOWee3LI5a0EamYkbbaJuvPMf0RsPJaOJ1ab9PB97Adkxq
2kC82x0NTY912WjMRoDepcABkB2HHQdyEps6Vy2Itr6LigaERXQVxdfRK/kXia0Va/sRTVd8YkDT
Loxt9F51qc1Yb+z2mTkeGkPT8Myh6Ywm1KQ9dziZuGMKpHl9HdWdgxvtbrv3atgfjUd96DMc2g6l
IzYYjwdm32SgQ7PnmAM2dgYDajYQ4nQO+HSWtJmvJqPBaGKO+2Z/ODB7k55tjMa0B9bQHfUMowe4
ncnEMGwdUxDPOQazbbwa97o2SNR0vMmQeaNuD0ZGhof9Xtf0TPi/nuHQ/uQWhlaS80BQCqr3ivVH
I+Z4Q+aYRt9z3X7fGDBquLQHFxN31LM9kBajOqqQ5gtJzfAVDDoYOfbYgeBHJ+PBZDga2f3JkI7G
Y9eemKbnDhzP6ekoIjsv+Rm/mnhjEwh2Rx7oxHEndDAcsn7fHvacvmeM6Wg4GFE2bgi3/tkKk2qi
vtpg1inIUnoFti3kAjQZryaOw/qDsT22PZf1WN/1XBtk7QwHE88Z2SOPmUN74DQsKIvi+CuT4h28
GnXtARtNeiPaHY5HY9cFj0h7UIc4zB4N3cHQnIw903EbSJKAY+iDtQzt7tgGwsdOn3rUGBm9iTOh
hg2KMew+8NIzXGYMjZ0/q8KIz83LgCYJSxU3V0L2dmrfZrSH3LXRIl/EaYYJ6m/xbzEb4T/oLWni
IxBE22t3EcAiagcMHAeELvB7LkvAjWBHuJfFXn6kAjD1gFEyMbIIW1jLwYRAv3txOft08f7sCEDX
zM78HMlc5HmSgdcHF7oo7DZ4lU5NUqdkApg9pzfHkbOgUZ4pXKpQnVOzyelnFsXJwg98Z6Wx2n08
pwpK5LYiRbt4SALI3M+MJafREvxpnK4U9nS4zmBXZ+/nRUzfUjCoOaQ+22JQQ2pZGjnr6Re5m6W+
y0NFxVcJaXDU5MlO4yufhbplDh7PjsQHObMYH1La85qUB/k4L4Lc/xSnmBbUFlgDdW4GbVPn5vAr
cxbT8yO2RJv46N/4V4f/4qvyEM6y4sqH31cQifyrbFv6c3DIJITUBWwyREqvkVJQnUr1phNUYaSj
IAIJvaEOJiEZmmAtIhWqywhykYbKZyxfsJS5X75PBDsHUe5fJjSUk0HKQ6HEsuTFulb8jlPGryvO
atgDzucTS/OvhW+YvW2ptsZoWRUZj/a5NbZOzRMwnbLVKp7TT3m68NUJrMN15iHK6MzLxucRC4qb
W/zv7fS/Rw4SOZBhrO+RmKPwwhydAZ34c+eMQfKiUj0G7T6SWoHNsuAGS6F2zvL1iX4Xz6aq7eFl
04GOdOLp9Vd6vS2L48gsK4rz5NF2JggCZi4iXOKd8S3PiiUF2PATOlv/Yi7W5cZwW6xVCC2rpuHR
TFbYOgpDwPPrAJK+y8jXEzUVqnINvrHJN296Eqf+V/BhcOuSohnlS7L7qvyJpfbhIvWz1jSFYeEO
/i2ys48vNGGZG3vU89U0iHPFmWrUWJbCh2WJNY11rPp1QL/60ZtgpYmkhOlmMG7at++/CSA98SPs
wbZlDTpW5EySo/xch7Xpees1o7jwoy4/1ECVOfN29vMbhTr7ehVFRndbnCkoLcvmZABPFTlruKCj
NE40J8QBD+RxpxGlK5pviwuJDuIeH319D3oMfMbh6mB6qrCgAFU2Bu1RM4GLI2bDf9tiQ6KDYCAo
AJyWpVHzIEMHRR5DQq5wU0JUVoDGttFQyU/UuXoXx6m7KPxse+blXEUlUsuC4WI/WlpWTdSDHJ1A
Nn4YhyHluCu2NPADQe/ED20Gzkdlavh4piQ6y1JpWDM2iK5t4f5RCp+nDV19nt7Knu7Q1PnRtlQk
sAmVfJ4+OsQJNB3JAdZGkGxfa46uhOherjGljpdxcAmkbos9OSguYZejS9YuZwfvZx+mdzJ2fX3d
ZkAJYm3nV8jPZRJHc6byU0Lu93Vbc3HL1WBgWXLQ9V0cL8WgvMlxd7wmXgPrGoF8tpE0Bn4RbG2N
RGCzLF54JoKCJjv36UYxuvPCTz2fBa66FljuKuYpw5XKLGdpR+MWlSkeDVB0WT4roAmikfjzHUMy
Oz4435p1ajuaG0SsMxq5t0MWh+o8GNuIWWpI3CB+BUBOFcAkbQ/nSBAhcj0gV6DmTOvdyRr5g7zx
b5hLYETyIcG9eGKvyBnU/txKPr7TmJ9sIWAnSCEP1wqt99gyMnrElrM4DlSPUoEaEaDfXD2ot6zI
jNFwayu1JQG49VeRstmcrEnrVDhwyW96EKibbuK6sUiiMxnSfBXSdGvpVYnPsvKEBsH6LvQ17rqx
tKktDdxc7um2bJbTtRb8/oqlPVvQlgtlNij9nuU9DRV60tjxaXCZqNVaDWv6okYmc5hSD9yz2TWG
8N9o2ytBTujifgyvPw9D91L8XkfjF553onvYEtIs0XrNULn0o27PmGwvWkqElgUkLLhHlT/WYeRy
geFR1Y0APFCf/USXPkvPWBxNJkN9UWX0UKwoJXVvzqmih/DHiSr/rsPXYZHlcXgQgImrU1IDN4zv
r80z1ZHB2nQ6HpdxQsoHEyRbQDBTWFSht2q6b2aeEEIe7zeL34FYy4LKzcGRPf9mk/WcjzTyg4DK
3S98REDV2F13Vbb6t41ztmAHXyfm+A530eM+5pF8LgUpoL04ZY9wkyVdnbt4Evq8ZExXJQIemIv6
Gt+WzLWxVCco2USrb2gaZtqWDl43WGlFcdSiQbKgOktHVmEwOijIzCq6XUajbXv+RYi7OUCR/LNW
4lmkbMp0rmqYzlm/bbYcs8HVsP/mTbdL/pNAoYEPbp1Gnh/5+dYKpy9iAMgxS6qUn4+wV95XFks1
HtRtnIZ6Bl5Cmpt13bWeHTC/YwGpwgiaFERUP9aufrNm3Zs11tVvrRhlRQregOVQo15tS30cpyx7
QXMVIWupTRa1bY6kDZR1nglE3HL9+XwlQs4dT0TcdVcPjf2mHo8odHpb6JZrfEehVCIEg71NzZ3A
R9hzOUjnDnQdnsengNHhKwJqGq9AGxv2f23KoAwMKbpGxeMSBtxWkuuRGoc6vBluzFvR9Yj5dvOJ
EfOxXGqDr7POI1ZG+U78SVxkTFsfVcDNiquv83G5gAg3Gdx852MD2vK7mnspE1uOhOvbnL4F0ocr
qhq1a2x8AZ7sMI6Ar/z2jqByp1lWGbcKZ0jUoAxPt1g6S4xyW68mZpOk4efVnF29p9FV9kGNLhr4
gRDD26b095BuzTErKC1LpWX9FQLuccDiEo0vFfqAyu70uOb3WSt/EkdCdr7piwV92sV3+16BplNm
VYcLmjeSKg5q5lSGcVdCtdlKZZ3I3JYOp6184mdnr/EY0me29GGqTo9bVZNv5F5IfP1rC5kXR4Me
gEbzk9jXjKiG3fNMyk8f35E/CO7BfIx+htrje2e+kvDpS79lAY+L1utODocmLlUf/5KAB+qed3Ow
UagTnEFEDrFO8PrRnBzRaEF23x0evdjW9MdxWAT+bI64wZ2xJQtOs2DNFRag179aQG+FwRr2JHtD
1XDr6yRAJhWKxfUDzx+csXx2enK2LcEnKctyf87Wpxp3Fw8DRtMzOp839k1ruJ7b31p0nF37kGW5
2+IiF+jE5raDRARAhNhPVWnaeDVB4D3IVkERnh92dHzVEtiMzm8vgHHg/YtDEAbeMxoc/F7QbUnC
pSlgpIBxPY26fubEqdsG26ORT9usQLbes2uaaiVbCWnUbE/5PKUkYRtPU0pUPDjOfS8vX06WzFag
B7zjludiOewmXn2VQNjKqa959gr4sC/J/UWwtc2PZIPnJk9zFqrLcHj5tOIGWsIN3J7juzIgKT6v
BjYfEpzotL+9OLrE/biP0TZrIbnPF0dMTS7FM4HAmng2cJ0dChYExzfqI2QlpLlG01DJ8VdgarFH
tqwagdayjj9PMY3doAZI/SyOzvk5BXWuWwOf1sISPrB46XJdDlyWFwrt/PKBtfjDswPcFiR//EHe
poxFP9Hf4u3tqQjkwIAf+fhg4rqMfEjeplRzqyXkaZVQbGA+aGznsa1t1QnI09KcbWb0vnNFb9ib
IuIlk1b86nee2PzF6OszgmwvfdUNlZCnFz+ewLE24SeQc71hTA0NFUiLwbcfIhQl6De30faqlfH+
9z5gOJUHBqzLFO6gZYuPZmOjkIMaz8YMmyv3CUvt2LZX21u3LzFaVklE/WutSXIybWFQU2dHCWqu
YjY2Is753muTldbB2fTkYCI1JC+NbuPaaFyb5fVjJYEEn/AnENbV40XK3vL37fNYXc/UwA8kikt/
6bshC+N0tfVYr9JhWfLnemu1xQrDo75SU8HuWal5U6Tp6id65eNxFdviQ0OK7/LRWfFuQaNNljAD
XAVxqerCK9DTusBy2A2XXw9Rd7c3vgS0aWSTv2T59a59rG9vgnHKtIvv3/TiaDriHVuaLd5qBlqB
HlgamC6KOJrTr1urpOM4wFdsxejy1/pP+TTKNQX4gF1um4965PVNc67RPn/ySnO+CbGfaJroJlNC
HiD6PRSDUzD3xfa2nBClZeH4G/iBImXHUe7nPss+N3Ycarhu/aMmL6EfXHX7Bgbi9wyiDw2m5+fT
rW2FpwJnEobAWFJg0SQIEzsKJZkbP3er0NrR+cXXtGgyW2jvKQvAPYEq2fLkKfFZlhi7/LuOXvHQ
NYV4fvm00wiHXN8Oz4u8+SZrBXpausMi36AIuvS/smlAV/q5ITXw/ufvt0QyH+8Mx7Os+vc65P+z
YFkui5qafhXa2BpovCYWhvAv/KPP9YeeKKwOVrn3ebRwgZgt6/eCv+LNiXpEuC9p7KhcocWxSE9G
JeCJrQ0G3eD19TnFIwvVjZwKdI9j2v46U41xk3cCVvpzuRJwX+o//fj24Pz4/Z0F96gtyrWx/Dvh
k+u7Cm9B0QZnIGQZxiIaZNqxAhq4Wa6af4UHUEe0rMb462gmpdGVrhoOedrJgEOuL3zcC6Vp/kVz
XQrwiWkXA28S8Sh/80mLeBKk51tGO0iuGsQ/8s2s5oaEfPPqHr6UkXiZzPvUv9ark52rlY3PQGmV
cgV86lq5HHgD18XynKUf49zXfK8GbhwS9pfuoM/KHXSVAv1qreQFjyI8KbSXXUrQA1tJf80b1eXo
62vm54X6mAxeqYQ3tHCaf31DbfvRL3Leepzxm68ei4Hw9ZxNtgbeT9+qm/hw9cRbAMsNiJ2xMHmN
C2bqckkFu/e14Ms4yuj/zLb9CoNEa1kVGetzo7zspqybqG/A3auIkzjPFnF+srUZ8fgX8TxIzb6q
dZQEPPBi4Wu69GgAtr619/BqjJYlaNigrBIFwvs4p41NsuadBw4N+8b7Fd9jZToBG7gqP9ef4eXX
zYd3my4r8lgaFZnRNTQG+t9zLkKF0rI4EZs9ToZ7GhojCvCBqHGXvxo//kF5iW598vG561vvtyjA
xkZZY59s4UfbMqJ6zPUfkMKy1kmWUTuPE2TmJ8i/rrQT5UrI00aNK3+DrBfPFMQ3oV/HaiWoQhu5
b/MJV8hHGznv9ywtSnyWpVCw7uP5yhpDSRY/UZamwBTkYY1jB8pTtnnewA+gbicpOnW+drm/82xa
XZHDOPL8OcGvflipFT27pDk5pytimsQw93uT/V6P/Hd3RMyuaWCDMM7dl+cXZ6R+xAnBYphWEqf5
S2Ni9EwEXi+A/FYACeTLLl7TKIqLyMFTQHDVqEWdhc/EN0Kyl+DfEA+eA9OSB4+AZkTHkN7IPtlL
c4CQOcVdR5eJ+16cAtYKFnseQkECLmZ55TXkHHIU1/c83ymCfPWSEzov9xlbGT75Fs2zlwjmz922
0HBeBnyLuYJljLlKE/zeysuj4zcHH85mCBX20fq9YOlKDilBKQSpkh783U5oll3Hqfvyv/g/ICRw
ca2MLpnsuPTZdcsFGVKQ3Msxgm7s+KaFpiqbgBLmBZ2zlwxSc7jWDixur0I8sPgZwXlDHK7uIuUB
hWudgPCIZjtgBWS2YBkjpTQITRnJF4zEEZhMvgAbcVCZObEZ8SMnKFz+5Qpyy9oQ12UcQk8PETRx
ZtRjeyTGrYkMURI7ZfSKrOIilbiI7xFQqu/5fATQJ35JJlgh4nfsukLXcZlHQaMZuY6jH3KCkZOm
BKUZArN4ePgKKcSPwwi+rxcsIkUyT6kLCNpWhFYskO1bESHPPi342Zokj2GUyCWAQp7MDzJIaQTG
D5WRuM1JhUqPAmKQZ8ByLi+XLX2HkQX/sARCQsQszLXU2j7hx9TjjWxR5G4ME0B+qGefWDvyBHkn
iDMow3Y4ZQdBEF8TnFhATPmlDrL0Kfknmhy24bZXHrezT9BR8a7H3A5lH34IC04RAhoDoSA2e0Wk
KLG9NNvqtkLss08+CCSOQK7UdUnKMiF+FCt+04GEjGZFyqc3AaHbDIkG4bDfCxqg2Ob+EtouaVAw
sisHBUfzArGLEWHCMPQpLRA7flBhH27zsd8VoQ1SAas6yFaRg1/VIPg+KNhRmzf4ANLipl1yis0W
KRRYBWgPmmd7hL+kSeTkh/mwR/AofWAEYwKXDbhghIVFBBaETQTyS65e4AmsLI1vfLAwBmIAlrjl
RhVxKFtJ0KmHtopt0Cb3iJ//AOLLU97NZejvuMk0OpNd4KGAeWNysXA2WpLTfY6qaauUG0daRBGq
00UHFSdcCfzckaxNjthS/iahP1/AZMZCc0+dfNJwUCJpWiS5gAqBoWBCoE3yxZULk5J/YcAVE4Iu
Y98Fsu+mAG0EbS4GQYN1tRVDg8Yt0aiyNHD//AETMSnfgicG68EoSwQc5kHo5zi3Qzan9ioHiZNL
IeouF66fIW7efYZau/a55LlFwaS9bglEpZFlnEPPBxLBIzE8QBvRYGFRDimMHLRV4DQl8xgUFeM0
RavAgeaczBYnbZ90kQsYnbtgccr//3sOMG25j36Mrt9HfwbZJSdBus+KJIkuI+A+MD6C3ysJwlFL
qoyu2ZeEcSfwic8KSV/2wxYo5POCk4Qeg8iPcMFMZzfMKbjzjQXJYkZisKpasxsHsoSs5kg4rovZ
8T6ZnZxekrPT89MZOZhOz06PL8n0+D2BzO/n4/d7BBqR2QW0OiafTi7Ojsn0/cXh8eVlu+kCNHmY
g6EUx5SlfswDMjriDBl0Foy7ZC6NytkaIHtICVzuW3iTFj6kItwsRwX5IfAJDhqsCfn9lrEJI4OM
DwNghM3kYByzQAKut3bkIiLxMS4whmCc5x3at1ujLcicG9SWMAfTASFZJFfoVfSteADzYklWs9rr
Sl6zF3eTJDnvSc7nNLVhZrScOAhELsod0N3S5VMNyZG9iOwFvjukUcGTD5USSMwKsMEXe2VMaBph
aYYivHoe4BL8hvUUbJML4fOFwUP2EBeBW9HiQxC5jkhNfyYQJ5x8YHTY7UpeYbQ33FncCpLcdASG
ijcvjcMy2IreskVLNU1Vw8iN1OQt2yB3mJRmHZdlwogqS2EkNENpyG4RJiK7EikckTdaeKPU1xE2
kh047ZzMkgO4gjAPk53eIWAI2hD4YIQlGFmWFQwdQ74Arc3LbBOdFo5WU7VXKlLkCDKpbAtqsOk3
5YR1jrMooquspP2QJgj1wyKEGItv6ZOyFkBFElEVCSpqueJ8kaLkM+a2jUGynUiK+IAtzIILCLr9
SmNHsbjVtGnMjdDrCfyicTmFBC7ZUOWMZw4th+Ih6pVegBSeq0D6iNID6kSCIbAk+Eo7FhrYR3BY
cwfdpDwFP+XI2LjOdlGA+FZeifd+VPfZoRXJA0f2ZYiA1GwRByLFtGkOlSxm4pzkDD+sR2SQ4b5N
VD7yrggtNquSTRHenqlaKm+hW01XOSLfIy1DUSBXHh+4lZfEyBDAvXadx/ISFVNIV3COtQxP9LEz
ACVZbXICuSDY0kue3JHD6Yc96As02DC/rn0XzJ7nCsJ7VvhbHP8+GZZpd52RZ1w6Sts2OXDBUS1o
4HXwLEheJrgMbFgOBYMSXAlBA1MmYh32FGRqKXJ8g14NU0watAkS8WEaTctkuy4AsZZAovAtP+xY
JFHSkteN6uZczrrM/8oqfWJaXqoRN77LlAnSdmEeSmjtT0zR6UWbTGWfgKZz3oHKSlTaAh/RS+kc
WQCdgNiyJOAZC5aXIcW3xmHkFPV0GPi4YsLrZfwwG8tycj77wCnNgCVk2y5ygvU5V2U9nCgu2qWv
CfOihb32ObVo5S6zi/l+WbD8SAwsVGS6toCpyu8TWZ5moqBGS46yWAQuaQ0GIhPOSWA7XMRQwKIF
lnUKKytR7sFcmlOS0WXpKXEFpFwnwntKCQuE8XU3kbDI9YjfYj8SxTBfJvqBfLbjG7T6lJwekd3P
H06PXhA8KWMBNED7a3D3SSpOFQDDwPolheKlXWeAYAkxb8KFjYdlfX59VuKXtY0C+YEPhotFPGhC
9oFFLg/DnLe4XB2RIURZxPE8Pizc871V66bwXcUQKeQp4N0YzUu/CfyLD9uVZQAvISWlYDdMnq4a
xU7gJ4T3BbPBVT2HYikZxsuyKseQJuMA98Wt8p4YMqs9YLnwpa6QzPgSh7B3mEUgXqEM3lYad5HJ
pRYHZnIufJ3s0xJ99kkCSdLSD3AY4celj5KjYCCi0bwqFCLsFjTj4V7ZSlsxu3NVSmj5IIwLnMKe
CDhyRqMopY4xwKKL4usRYIf4m0dI6Pyex0ulM2c8YqL+tZlAZjMPJyBf1eQhblEaPLdxvtipRV7B
Pg5UsQ+OiNAmqYn4YCaMxiCo3UVl924yaQqYwD7KeQfElp3xb0VNj09mXB1oFfyU3kyxSf4mPR+I
r+6qc/OID8Yfesi4B0J5shQ1TcRXBInkjsjVlDKC8z4a64CvRUzyjMyhDstq8dQrNpWE2rdFJH3T
NfV5oQZ+EqoYoZskToqgNEZ5gaGMt5Eescf9Ic/wW4n0YhhM0DFBtJO5M1+tFWtU+zKK45IarxsF
WARBqS98dqJa7HBruaG9t/AV7waomm46OFlAuunFikZglrXEE4lVy0WMmuGktPGB5rYfc4rBk61C
rHsy3FbMgMOsJh2LOXmf1Pc5C9yL0fk8hQparJbJpTWxgoAfUb5q8sfpgxl8cXSBHxFtSZ8vQh86
hWsmkmsKU+eaj5hxwmsGOKytrGdDpK0kL0xTKOeWUEGh4r40Jgjy+CFMHqrUHJHDY1V0kHZHaCfK
0tUe4Ucl7hE8OZjH57xKw8D1eiyFVLuFHijC+CfuluFKBAuqLYXJrSclvhaQckIo516sdBYSIde8
uF+OcUvTgldV1bkf1r5aBmBEiu1xJqBrRs2iw8QB+Rqf7FSu57brAeQddYRSmveHeOm2hXbFrFCW
TiQOQJ9LeZaLJAsJ5B4DqxyZOEuPgWvOUJu4PHP0vQoRlB/AiNhgQA9UrhwIHwf4pIssIxsNfJrJ
sgQySRomQXmFOQ/QKHW1XypN3AO7xSWsffILT1Ygfu7xNa1fEak4ALAKk+rGB2cDE0f8lp1YNSj3
n/hywF0Riwd0HqEzniDzahOPkAJaZbhVyRfjchrET4I7VhgVRPSqR9wnb84OZvvmP0Z7g8mNsde7
6e2Z/zD+4WJCxOf5Lp7V76BzfTnuClcsrvqDFyLLE3sMarEuZjjGFpCxXEvjqQdfDAOtOSsivq9c
pKVTLiuUtNqd4B4H8ECocvjuT1YKrFXubIAtiHT22RvuavhQvL2GpOCZgoB8USAtnlsqSV/Mv9VO
2A04vkwWd84VPxSEFzIgEduHxHwlkjjeDvkFUqD0EGFEzBnBJccPyUha+eqdvR12k7Mo8+WXhviB
tsqnf21HfsG1guCuEn42WIPF4Rc3zsEZalDcidQARRqo1+gi1GvPD/hpdjVkHmofIl7g22DKtQ+z
bKkC8PPCfPNfvKsT2mKLTG2Sya8eq7DE0bl+zzy5uKD15G4/00GQoIQq5HJ6pl6Gq+z3gH89Wf4i
A3yLzsS9BdLCTzEPuv3uCH4+P4UpMXIc+HcyZMPRwBu6I5MNHK/rmcOR1x8zYzhyTGrbZo88B9x5
fMUiSA80ia0o32Etn3T6ii+q4zMdA37q4Vfx5dqqNVzehLpOYmTH7HZ7hmHiu4/TowtNVG78hbPS
BALI19UJ7iLKMq3hpY8O4fO5JqMGBXCJZbbOFgCv8cOCGlD5RjG+g2ngZ7aB4IVunHW0/sKTMfX7
zygify6+Cy3PgEIxcZSGPB+FOzTXLr9BjHacrpI85gDxasjcvaVzXzMTLpueCoIar+Due14IYyzJ
+RfmbBdTvjxUd/jzz/8FzMjOrQ==
===END CRASH DUMP===
