PocketMine-MP Crash Dump Wed Jun 2 06:01:17 +07 2021

Error: Undefined index: NuTaVN
File: plugins/SETVIP_v2.3.phar/src/MCPEVN/SetVip
Line: 191
Type: ErrorException

THIS CRASH WAS CAUSED BY A PLUGIN
BAD PLUGIN: SETVIP v2.3

Code:
[182] 				  
[183] 				  unset($all[$name]);
[184] 				  $this->time->setAll($all);
[185] 			  }
[186] 			  
[187] 			  if(!isset($all[$name])) {
[188] 				  unset($all[$name]);
[189] 			  }
[190] 			  
[191] 			  $st = $all[$name]["current-vip"];
[192] 			  
[193] 			  $i = explode(",", $st);
[194] 			  
[195] 			  $date1 = strtotime($i[0]);
[196] 	    $date2 = strtotime(date("y-m-d"));
[197] 	    $date3 = abs($date2 - $date1);
[198] 		$help = $date3/86400;
[199] 		$date4 = intval($help);
[200] 	    
[201] 		if($date4 >= 1) {

Backtrace:
#0 plugins/SETVIP_v2.3.phar/src/MCPEVN/SetVip(191): pocketmine\utils\Utils::errorExceptionHandler(integer 8, string[23] Undefined index: NuTaVN, string[89] phar://C:/Users/Administrator/Desktop/MSAI/plugins/SETVIP_v2.3.phar/src/MCPEVN/S, integer 191, array[3])
#1 plugins/SETVIP_v2.3.phar/src/MCPEVN/SetVip(26): MCPEVN\SetVip->tick()
#2 pmsrc/src/pocketmine/scheduler/TaskHandler(137): MCPEVN\TickTask->onRun(integer 1)
#3 pmsrc/src/pocketmine/scheduler/TaskScheduler(179): pocketmine\scheduler\TaskHandler->run(integer 1)
#4 pmsrc/src/pocketmine/plugin/PluginManager(654): pocketmine\scheduler\TaskScheduler->mainThreadHeartbeat(integer 1)
#5 pmsrc/src/pocketmine/Server(2389): pocketmine\plugin\PluginManager->tickSchedulers(integer 1)
#6 pmsrc/src/pocketmine/Server(2152): pocketmine\Server->tick()
#7 pmsrc/src/pocketmine/Server(1992): pocketmine\Server->tickProcessor()
#8 pmsrc/src/pocketmine/Server(1586): pocketmine\Server->start()
#9 pmsrc/src/pocketmine/PocketMine(291): pocketmine\Server->__construct(object BaseClassLoader, object pocketmine\utils\MainLogger, string[36] C:\Users\Administrator\Desktop\MSAI\, string[44] C:\Users\Administrator\Desktop\MSAI\plugins\)
#10 pmsrc/src/pocketmine/PocketMine(321): pocketmine\server()
#11 pmsrc(11): require(string[91] phar://C:/Users/Administrator/Desktop/MSAI/PocketMine-MP.phar/src/pocketmine/Poc)

PocketMine-MP version: 3.19.1 [Protocol 431]
Git commit: a7cd0810020af15fb3d79127c77cf576085cd4cc
uname -a: Windows NT DESKTOP-KF1VXGB 6.3 build 9600 (Windows Server 2012 R2 Standard Edition) AMD64
PHP Version: 7.3.21
Zend version: 3.3.21
OS : WINNT, win
Composer libraries: 
- adhocore/json-comment 1.1.2@fc2f76979f0a44a5f5bc2a2b600d0762fe0e78e7
- daverandom/callback-validator unknown@unknown
- pocketmine/binaryutils 0.1.13@0abee38d4e2861621f262c79a2a3d699d8a697f4
- pocketmine/callback-validator 1.0.3@64787469766bcaa7e5885242e85c23c25e8c55a2
- pocketmine/classloader 0.1.2@9757928424652393b178a3760073113aa7c9911b
- pocketmine/log 0.2.1@830b44a2cf96ef703c550abe64302f230231ca49
- pocketmine/log-pthreads 0.1.3@e477ecf6ec214fdd4415ea1da3fdd9d73bf699ea
- pocketmine/math 0.2.6@43057cb8c179a9859677b496a788db922fd5cfc3
- pocketmine/nbt 0.2.18@9f82ca4d7f97fcd9a566e44b63c4f18a7657ae82
- pocketmine/pocketmine-mp 3.19.1@a7cd0810020af15fb3d79127c77cf576085cd4cc
- pocketmine/raklib 0.12.11@9cce458b8bfde3e4dfdbf70c659fc7b7fe26b5c4
- pocketmine/snooze 0.1.5@70b5e7937a06878dd321a3182ceb76d56298f2cd
- pocketmine/spl 0.4.2@6b08b7cf8c4afa17139c9a1b3bf1b408531de161

Loaded plugins:
CustomAlerts 2.1 by EvolSoft for API(s) 3.0.0
BlocksConverter 2.1.1 by matcracker for API(s) 3.0.0
ec 1 by McLebt for API(s) 3.8.1
AutoXP 1.1.0 by JackMD for API(s) 3.0.0
NoDrop 1.0.0 by Inaayat for API(s) 3.0.0
MultiWorld 1.5.2 by CzechPMDevs, VixikCZ, fuyutsuki, kaliiks for API(s) 3.0.0
VanillaEnchantments 4.0.0 by TheAz928 for API(s) 3.0.0, 3.1.0
Worlds 3.0.7 by survanetwork for API(s) 3.0.0
OffHand 2.0.3 by alvin0319 for API(s) 3.0.0
SETVIP 2.3 by MCPEVN TEAM for API(s) 3.0.0
OnlineTime 1.3 by Zedstar16 for API(s) 3.0.0
MSpawns 2.2 by EvolSoft for API(s) 3.0.0
Farms 1.0-non-alpha by Dấu Tên for API(s) 3.0.0, 4.0.0
Slapper 1.6.1 by jojoe77777 for API(s) 3.13.0
KygekRanksUI 1.3.0 by Kygekraqmak for API(s) 3.0.0
reyyogaWtrhit 1.1.6 by reyyogaMnelux for API(s) 3.0.0, 4.0.0
PurePerms 1.4.2-c2a by 64FF00 & ProjectInfinity for API(s) 3.0.0
PiggyCustomEnchants 2.4.0 by DaPigGuy for API(s) 3.19.0
EconomyAPI 5.7.2 by onebone for API(s) 3.0.0
NoTP 1.0.7 by awzaw for API(s) 3.0.0
InvCrashFix 0.0.1 by  for API(s) 3.14.0
TPAll 1.2 by matymare for API(s) 3.0.0
BlockSniper 3.2.3 by BlockHorizons, Sandertv (@Sandertv), Chris-Prime (@PrimusLV) for API(s) 3.2.0
KeepInventory 1.0 by KhoaGamingPro for API(s) 3.0.0
FormAPI 1.3.0 by jojoe77777 for API(s) 3.2.0
WorldProtect 2.3.8 by aliuly for API(s) 3.0.0
FactionsPro 1.3.20 by Tethered_ for API(s) 3.0.0
PM-Beacons 2.0.0 by jasonwynn10 for API(s) 3.0.0
HideCommands 1.0.7 by Himbeer for API(s) 3.6.0
PureChat 1.4.11 by 64FF00 for API(s) 3.0.0
DevTools 1.14.1 by PocketMine Team for API(s) 3.13.0
Sponges 1.0.0 by  for API(s) 3.0.0
BlazinFly 1.8.7 by iiFlamiinBlaze for API(s) 3.0.0
InvSee 1.0.0 by BlockHorizons for API(s) 3.0.0
MaxEnchants 1.2.1 by Xenophilicy for API(s) 3.0.0
PointAPI 1.0.3 by onebone | Fixed and Update by LamPocketVN for API(s) 3.9.0
AutoInv 0.0.10 by JackNoordhuis for API(s) 3.0.0
Trident 1.0.0 by brokiem for API(s) 3.15.0
BuilderTools 1.2.0-beta2 by CzechPMDevs, VixikCZ for API(s) 3.0.0
SocialSpy 2.1.0 by Crafter20162017 for API(s) 3.0.0, 4.0.0
TimeCommander 1.0.2 by TheDeibo for API(s) 3.0.2
Broadcaster 1.5 by EvolSoft for API(s) 3.0.0
Netherite 1.2.1 by Wertzui123 for API(s) 3.0.0
Shield 1.0.0 by JavierLeon9966 for API(s) 3.7.0
PiggyShopUI 2.1.1 by DaPigGuy for API(s) 3.2.0
EconomyLand 2.1.2 by onebone for API(s) 3.0.0
BangHoiUI 1 by JVN | JackVnKiller for API(s) 3.0.0
AuctionHouse 1.2.4 by Shock95x for API(s) 3.0.0
PrisonMine 1.0.0 by LetTIHL for API(s) 3.0.0
NganHang 1 by GreenJajot for API(s) 3.0.0
detu 4.0.0 by CLADevs || GreenJajot for API(s) 3.0.0
restart_in 1.0.0 by LetTIHL for API(s) 3.0.0
cayphattai 2.0.0 by Lettihl for API(s) 3.0.0
HealFeed 2 by JackPlugin for API(s) 3.0.0, 3.1.0, 3.0.7, 4.0.0
CustomTags 0.0.1 by DaRealAqua for API(s) 3.0.0
Joinkit 1.0.0 by LetTIHL for API(s) 3.0.0
SellExp 3.0.0 by EzMinh, LetTIHL for API(s) 3.0.0
PiggyCrates 2.0.9 by DaPigGuy for API(s) 3.2.0
CustomItem 1.0.0 by Phuongaz for API(s) 3.0.0
help 1.0.0 by LetTIHL for API(s) 3.0.0
SizePlayer 1.0.3 by  for API(s) 3.0.0
giftcode 1.0.0 by LetTIHL for API(s) 3.0.0
MenuUI 1.0.0 by LetTIHL for API(s) 3.0.0
essentialsTP 1.2.2 by  for API(s) 3.0.0
NapThe 1 by phuongaz for API(s) 3.0.0
WarpGUI 1.0.0 by RockPanther for API(s) 3.0.0
ScoreHud 3.0.0 by JackMD for API(s) 3.0.0
UpGrade 1.0.0 by LetTIHL for API(s) 3.0.0
BuydetuUI 1 by FurryJaki1992 for API(s) 3.0.0
RPG 1.0.0 by LetTIHL for API(s) 3.0.0
Rewards 3.0 by Wertzui123 for API(s) 3.0.0
PickaxeFunction 1.0.0 by LetTIHL for API(s) 3.0.0
PHP-Sell 1.2.7 by Muqsit for API(s) 3.0.0-ALPHA9, 3.0.0-ALPHA10, 3.0.0-ALPHA11, 3.0.0-ALPHA12, 3.0.0
TrashGUI 0.0.1 by Phuongaz for API(s) 3.0.0
gem 1.0.0 by LetTIHL for API(s) 3.0.0
MuaPoint 0.1.lpk by LamPocketVN for API(s) 3.9.0
AutoSellUI 3.0.0 by LetTIHL for API(s) 3.8.2
BetterVoting 1.6 by Twisted for API(s) 3.0.0
KitUI 1.3.6 by Infernus101 for API(s) 3.4.0
VanishV2 1.16 by superbobby for API(s) 3.0.0
AntiToolBox 0.1 by NgLamVN for API(s) 3.19.0
LoadWorlds 1.1 by shin for API(s) 3.0.0
luckyblock 1.0.0 by LetTIHL for API(s) 3.0.0
ShopMob 1.0.0 by LetTIHL for API(s) 3.0.0
freeze 2.1.0 by Bavfalcon9 for API(s) 3.0.0
QuestPlugin 3.1 by HmmHmmmmm for API(s) 3.11.0
thoikhong 1.0.0 by  for API(s) 3.0.0
AutoClearLagg 3.1.0 by Twisted for API(s) 3.0.0
level 2.0.0 by LetTIHL for API(s) 3.0.0
capdao 1.0.0 by Nguyễn Công Danh (NCD) for API(s) 3.0.0
shopvip 1.0.0 by LetTIHL for API(s) 3.0.0
AcidIsland 3.2.9 by GODSMineVn for API(s) 3.0.0
MuteTime 1.0.0 by LetTIHL for API(s) 3.0.0
TempBanUI 2.3 by SonsaYT for API(s) 3.0.0, 4.0.0
PureEntitiesX 0.7.0 by milk0417, RevivalPMMP for API(s) 3.19.0
Item 1.0.0 by LetTIHL for API(s) 3.0.0
Buyrank 1.0.0 by LetTIHL for API(s) 3.0.0
SlapperRotation 1.2.1 by jojoe77777 for API(s) 3.0.0
CmdSnooper 1.0.0 by HotshotHD for API(s) 3.0.0
luyendan 1.0.0 by LetTIHL for API(s) 3.0.0
BuyFix 1 by FPVGAMER for API(s) 3.0.0, 3.7.1, 3.8.1, 3.9.3, 4.0.0
Kho 6 by ItzFabb for API(s) 3.0.0
OreGenerator 2.0.0 by vividmemory, LetTIHL for API(s) 3.0.0

----------------------REPORT THE DATA BELOW THIS LINE-----------------------

===BEGIN CRASH DUMP===
eNrtPWl33DaSfwUr+23kXfVB9q0851mWZEuJjh6rfeyEeX4gCXYz4hUeLbVn8t+3CgBJgJKlbrnj
3Q/JJKNmEShUFeoEQPJfO16chjT/vGRp5sfRzn5/byf3Q7azbwxNczAe90ejdq8/GprG3k6RiFuD
9qQ3MM1+dzA0+73xZDjY2wlolh+naZzu7P9rJ18l0GyHXx/fOgz6Ae69nZBlGZ3jrfeRyzw/Yi7x
4dftPrkoZvTDBbTxiiB44wfYKFnQdL/TOdzvvM+Avs6BG/qRn+UpzeO0c8Sy6zxOOudXB6edJCjm
fpR1ro5nH06nn5dmu9fG7p0sdTrnh9PjDxedK5Z/8BMAJziMHGLtftAnAIJBMBMQBdDgwO9fd551
yfo4dqHvi32SxM41y4EXZllF7geZZb3HP/v7TJPYCY3cgKW7fpSzOUvJeI8A8340/9Xs/Ua+IsKq
zXjyG9m2BPdISQtKgdA0patfe7+9AOE8MzYRhDkEOQiQZQlY66fcd653OS6TJCF2wv9qaXUyZ8Hc
AkTSmdHsuhSP0RspyGaABO+2foqjd0VUCc/giHvrIL4qr3aN0aQxX1VLGKmmofVTemeo/v1DCSF1
pvzPOY3AHtLd4aD/8DgVSa2fQupHs0XKqHvCaJrbjOaNkQf3j3zFUjDzXRMstjGYoMmyNKLEfFQD
Z41Bhg8PYgzMxiDijjrLowdRGJPJQyimaeyAO4lTgWv8MK7BePgVXFkOQhQ4JvfjmPKf5/Bz17xj
vyWaz5+dOALDKpx8N7Z/Z05OXtOMHYJfzM5i6rJ0j0j4PeZ/DnN6Fs/n2Eqab2/4GzncB8+AhmtZ
muValjRd6Am2a1lVr35/g17SXi1L2G/3UfZ7ZpP9TMhXIDAEgl0DW6Xsj8JP2a4kbGJs5I3qQVvn
09qJ6GS92Pntz70dtpWo8y3hAIgQHT/70TIOlixkUQ7YXODfyXfKuwAReAHixC5Dmo2xCWArF/8j
BG4Z454GKqKM5bvPaRD8+jyiIfvtxY+8VV9r9Txf+BlaRshAp1l+EAS8j2w8qBoT8ieHDBUIB4wU
gO/t/oefNcd9Qf7FW47Xom/SHHLSbQw5MRTA8ywnL4mC5ldrxynSFETZWvqJtfMbRzsxm0h6KhIf
cLDbJADx7lo7e/AvIhYUTfrNrqpUnrs0ZwZ0B33MY5Tj7nP/167kZiLERYhsaGoNEQLDrVphy7V2
XsguI71LD7pQO9uV/VtyRNm4lOnzBQsSFATv0hkP+92uaFHKk9/pQxPwx0sKs4w9OBaz262G5Jel
fGE6Za+fXoL7hmn88+8U5u8U5u8U5u8U5u8U5v86hdnbmbOIpTTAfAAjHzhtrS8QZsM81DX6Tq9t
TNoGwgs/cCEHGfegBPezzy5b7ux7NMgYJB1pnMdODGj7PahY5z6mJHTkuN2x0e2aXeoZA8/uuaOJ
YY6c0cjxBqNhdzxw3L7jAO5C0vIRfHN8k5GLGTk6vvpldjlt/fLG+PDp7WsybPcIJ4FMht0u2S2b
Co0iEIBM8s4kVzm4GJq65Nj1MSi8IAfnR8M+JkZQi+/vjMDJmsjOFxa5nD15Dbc/xxnScHpxMQMA
v7jxI55BhUkMc/A58O2Upj7LUH7UXQDPKev8nsVRC9rIVMxoG23zleeY3mg4GU28Lu336cAb2I5J
TRuId7ujoemxLhuN2QjQuxQ4ALLjsONATmJT57oF0dZ3caIBYRFdR/FN9Er+RWLribX9iKYrbhjQ
tAtjG71XXWoz1hu7fWaOh8bQNDxzaDqjCTVpzx1OJu6YAmleX0d17+BGu9vuvRr2R+NRH/oMh7ZD
6YgNxuOB2TcZzKHZc8wBGzuDATUbCNGcA27Okjbz1WQ0GE3Mcd/sDwdmb9KzjdGY9kAbuqOeYfQA
tzOZGIatYwriOcdgto1X417XBomajjcZMm/U7cHIyPCw3+uangn/1zMc2p/cwdBKch4ISkH1XrH+
aMQcb8gc0+h7rtvvGwNGDZf24GLijnq2B9JiVEcV0nwhqRm+gkEHI8ceOxD86GQ8mAxHI7s/GdLR
eOzaE9P03IHjOT0dRWTnJT/jVxNvbALB7siDOXHcCR0Mh6zft4c9p+8ZYzoaDkaUjRvCrX+2wqQy
1FcbWJ2CLKXXoNtCLkCT8WriOKw/GNtj23NZj/Vdz7VB1s5wMPGckT3ymDm0B05Dg7Iojr8wKd7B
q1HXHrDRpDei3eF4NHZd8Ii0B3WIw+zR0B0MzcnYMx23gSQJOIY+aMvQ7o5tIHzs9KlHjZHRmzgT
atgwMYbdB156hsuMobHzZ1UYcds8LLI8Dg8gEOeZ4us08N5O7eVM7uJokS/iNMNE9RiKq6vYy9Fn
0sRHUA8soYvXLKJ2wMB7QPwC5+eyBHwJ9oJ7GfQ5UgGYfzRGtqwGHWgiWLHNDt7N3qMPvmF25udI
8SLPkwyiwM3NTZsBTYi/nV9jUv06AJllh3EEbOQsVdhs3mlw2uQV9NmBBP0aWm6J2xqjZTWIsSwR
32u2p5dXs4+X786ONMaRQ+YoTDFH46PBw7lzxmx9tsbA5xPpF9gsC26wFFK6LBdJxzpEHxR5/Gmq
EC4BGvEwCV2dgZ9BXOdH25oAgQ0yGj72esSXqgbRe1HYbQhoHYGmIzkA5i7iozROFOYkQGeu22Tu
NKJ0RbdmTBKdZYnR15+b8yLI/Y9xiolMxYIC1NkYtE2djcMvzFlMz4/YEq32g3/rXx/+k+8jQADO
imsffl9D7PSvs22x6uCQSQjJFriNECm9QUqBZZXqTedVYaSjIAIJfaCRHwT0OHIWNMoxo1H95313
VZn17079bMEOvkDAvyOQPYxYTxfMUpACvhRSsCeIoKSrcx9PIAguEZV3CVDZRUZGOrtZkQJlLIdZ
ut6WDnCclsUnHrSgImQtlmVQbHMkbaCs80wgQiYvPQ9LcoXLEqKHDEgBdTZpsPSjbs+YbIvHCqFl
AQkwE271Yx3DloudNR/V6qfKRoMJsQZCZscH59tiQ1+jWYfyywjXdmd8s7OehRqou6QGB/9kLhbk
xnBb9FcIQfoVDU8OHxW2jsIQuuGrhN5EqnGVEH2+zL82J5ODYn1fjv60TOwNTUOVG3HdiImtCKpE
GkBxrnN1ZBUGo4OCzKyi22U0usdT9r+FzUVoWZwi+Wctewpokmg5ZQnRuRo2c8nf499jNsJ/NDaM
3je4PzHyk7WwJqlTMgEc/rKas+t3NLrO3p8qbGrghu01Qxtvm9I/Qro1V6+gtCyVlvVznJStVvGc
fszTBS7DVJzp8GY2OtRZk43PIxYUt9tWSIkcyDDWZ2tapGzKdDurYTo7UDm2HLNhZ8P+mzfdLvlP
Mk1jXFg8jTw/8vPVtqbusxjAsiqqlJ9PUFveV24R1HhQEv58vhIVpExaNJncc1f3qv2mHh9R6PS2
0CVhTJ4uihIhCOAuNfcCnyCfcpDOPeg6KKdjJ47icHUwVe1bAapSGbRHzWgTR8yG/7alHhId1JSC
AsBpWRo1j5rARTybaqXXbHqn8Gqko/TmC73ZWo6GyCwrivPkyc5YEATMnEbLw5Rmizf+rcKTClVZ
A6obkUbT1f43LFUUfwC1luVHSwdH9vzbTZYoZtODQF1NF9f6rJh3lltWIU3ZFhdbOD7LyhMaBOu7
VL4ycxX5yd3FIwnVi507CTRvehKn/peYZ09XFNdL8iXZfVX+xK2Ow0XqZ61pCtkf3MG/RXb24YXG
v7kp/zvnq2kQ81xQykGjRq47CT42mdBfGEtAC6EMjNOVmhho8IbZNfKCRUzf0tCP5hBqtpYZqEgh
N1DJWX/K38RpqDvEEvJIrvOVvM58OkM1RshLBRHVj3VY4WUwyCLHcy+NMr0EN8q/9rhZxfpFsNpe
CYvYZJ2eCAqaM/NQYaF4yfPCTz2fBa66yl+eF8hThnsQWc7SjsYtr0Qc3PXKUPHUeqSGNufZbK7X
sHzBUuZ+/jax7BxEuQ9lVShNQMpIoQSrEX6xdgZ43nrNKO4bq+lODWwuWTQ1mGZxdLOKIqO7rRlX
UFqWzckAv1OR8yhHJ77LDuMwpJG20qSBHwnwJ35os8bC/fDpHEl0lqXSsGawF13bosTHjPVwQfNG
ts5BzWTdMO7L1DeaJKUUuKuKPEEsNW9nr2EOn9jSj4tsetyqmnwlqUfi619bSOk5GhDWEVvO4jhQ
daACNQq1frPgrrfvyYzRcGtVd0kAHoOoSNnMi9WkdSocuLaQxNGcqcyWkId3Eba2ebBcDQaWJQfd
JF2iX/zoTbDSkqUSptM+btqp778JIHr7EfbYWuqnY8WcR5Kj/FyHNZDJFWN6Ho6AR7Z19PxvSzw1
0jhBySYZ3Dm9vacuVqGN9LxpUp9YFCcLP/CdreUGCkpUuNu6GNbpejwIxn6U6xlcBWrOVu/egpb8
m0B1xVwCrp28T/CsJrFX5AxCNbfXDxca05MtlLwJUsgLXoXWB3xJuY0Kc9/YR0XInbrwnp3UizhO
3UXhZ9sL9c51VCK1LBgOOFmKDVZB1OOlYgoxNVIjYgl5xMzsNL72WcO1D57Oi8RnWXJ8mJbzmpTH
/SCewmJpM2Jp4KaFdVs2y+la26l/xcapLWjLRUBrUPotm6caKoxtsePT4CpRY0QNa57DaMzzYUo9
SOrNrjGE/0bbXnZ1QhfP5/B6+DB0r8TvtTQXKneZDGpLBTq8qcXmnY3gI+bbzYLYfCo72uDr1Flc
d1O47/DaSVVdBdo4AvDX7kApA4NaalQ8bSfqgldvvFm9TljBHol7H8FCvhS+Yfa2xV+N0bIqMp68
dlhj69Q8odEtsFRWLU4AHnGrP9Olz9IzFkeTyVDfQR09Vm6U2+QPHsFR0UO+yYkq/64V67FuuVrE
ibZDpUIfOdh178L+5itt2io1Py4iITtfXfIX9GkX37zEL9CoS/tn+tkFFdqUzBYW91U5bLDQH/Cz
DDptj8dYGs1PYl+b+Br2wDm4nz9cQIKHKdCH6Bc/CL71TJ+yPqizX2o5nnZY/2gcL7BPoNxmWmKn
gJs+qq/zB0rgXE8Gt9/IlabS6qaDsu0sR8Jkj9O3QPow49OofdyKUz+Lo3P+AF9txDXwES91xvLZ
6cnZtjxywgcWTyOsO20Xc4oPV83VmFKCHlDFtylj0c/093hr4bLGuD7xLssLhXB++ciRtcOzA0zu
yL//TbbPg0QODPiRj+uF6+/r82dvPiMWZVO/An5fPZIDr0++Q1fJguY59RXyFeAjq7dAfu4vgq1V
B8kGpJ8wGrxhTA01FUgj+24dKlb7vnr2ca86Qtj/1tO+U/lQ2rpMiQ3zGZ3fPR/PgQ/vvkK8fwci
OPijoNuaEpemgJECxvWYcP3MgXq8HTA8CkrbrEC2foay/Fo791JCvq99XPsbKNgVC4LjW/VYdQlp
njZtEH38BbzIYo9smXiBFpKWT1NMujY4pMOPYqQ0Z3ePpAho08wnf0nGet8Jk68fT+GUaRfffhyF
o+nUhnaas/COoXHgI3o5XRRxNKdftvsgCo68/rTiU98K8fzy+5oTDrmBPflf2DSgK/0AYw18eKF0
SyTz8c5wPKj5qt/rkD/3vbx8aYMkvgJ9X7GXw27whAWLCq1qkYDvS3cIg65PM8syFuU+DTLtfJUG
bpYl5l+hMuqIUD/q4z+eptNkttAWfgTggRQ92bJzKfFZlhi7/LvWeQ6aJm811Skhj+jOO6jTpuDi
F9t7fg1RWhaOv4HTwWeBTwptHaoEPRLG/5pnv8rR12fhffI2pZrfKSHf13yLDcT+ulhhTaevlFSw
B3T/TZGmq5/ptY9vTtgW5RpSfEiLzooLyD82OcD9bvpW4QWvvvMSwXID8b9jNzTVTq+UkIbOf8+l
ZknCNhaaJaqOyG6da3rL3hQRXwHSMlz9zneeMDH6Bmn6ybSFFYbKQQlqBrrGOYZzfly2SXnr4Gx6
cjCR9ay8NLqNa6NxbZbXT06xgOATvry6LuczXOfTo0wFeqTi3XYi/jGOA9yCFaPLX2ulh1olMX+8
hNh2UrhJ6QAekO/5a8/bSpAucKMdJNcNwp94JkFf3q3OHDzAkzIS99q8T/1r3ee+USE15VKAj+QA
903S+Om7oxLdBnGU5TlLP8S5ry30auDGs1+N/d0bP8uZuy0tk+jwPGVNgX611nFuP9ef7+LXzUOw
w+bj6h5LoyIzuobGTv9bTp1VKC2LE7H+1OATytnig9l4EJuDGscDh82nkROW2rFtr7b3LHKJ0bJK
Iupfa9kJ1DR4XuJ1rD74oUIbfkFn6WIOttrwB9/yrJLEZ1kKBeueNlNShpIsYBD73nl6XAE2pqwx
Y4t7louf6gOqMdfPhDARcpJl1M7jBJkJCud6ZeORPIUZBfh9Q0898AZ12SJOzmNbOx4gIN+X9myj
lVQvZeyLWolJwCNHiF7TpUcDiH5bezC/xmhZgob1mfhHwbJcboHUnKhQPSg2bOEkDOFf+Ec39sde
GlE9qvzgM9HhAjFb1h8Ff7sLJ+oJpUJJY0flCt94uYj960WsxdIa9l0OOlfDbfbumsOA0fSMzueN
NKaGNybtzhs/tpsI5GUigGcuHSQiACLEyUuVpo1fACLwHmSroAjPDzs6PnR9bMnUEklcP75Pud3t
etAqf8422WdNXBpre6wc8Iizu5gXK3wRgTOIyCG+iMDrR3NyRKMF2b04PHqxLYZwHBYdglYibgi0
KNTTLFjzXAw60aWvbkaUkO/vzPFNwetbluO7kk3FrGpg80nLxr7Y28ujKzwt8iHa5sEX+YBGHDH1
KJd4sBJYEw9YrlXk5c03mFSg77zwX+Qb2MqMhclrXJxTlwMq2IPvjrmKo4z+z2zbZ3QlWsuqyNjs
DQnHkMTmPss+NZ67quF6cj1qzkfoB9fdvoGrPu/Y0l/SYHp+Pt1atp0KnEkYgu0kBZ6uEYSJ56pK
Mjd+1EihtaPzi0+36Huv6+y6blkt/Y22W18Xq5RG1/qCNod85zM+MOQGebbIut7FOW2sjjbvPHIM
+SuPGn+LVekEbHBIpj4mr+zdq2fnH5yPkziHQJGfbG1r5+lH+AMMuy6NtCpOgr53DSeG3cge9LdE
SMBDmzvTD28Pzo/f3XvyatQWK9Fj+XfCnfs3+W1B0fos/bJQUzS8UplpLkflX95Q237yYeU7J1y/
ukglBsIz6pvUqpcpe8tfK53Hqp1o4EfSZvDevhuyME5XWz/NpNJhWfLnGlvS+EZZmgIvOWs+alu+
ZZsLk7+Aup2kaIo8eO3vPJtWVwRyXc+fE/zqh5Va0bMrmpNzuiKmSQxzvzfZ7/XIf3dHxOyaBjYI
49x9eX55RursEMFimFYSp/lLY2L0TATeLIDYVgCFzMsuXtMoiovIwXcF4GGTFnUWPhPfCMleguND
PPiqs5Z8PQHMh+gY0lvZJ3tpDhAypzgdLhP3vTgFrBUs9jyEggRc3GQur5NlIkdxfc/znSLIVy85
ofNyAloZHuSM5tlLBPOSqoX68jLga4oVLGPMVZrg91ZeHh2/OXh/NkOo0IMWFO/pSg4pQSnofUkP
/m4nNMtu4tR9+V/8HxASFHqtjC6Z7Lj02U3LBRlSkNzLMYJu7fi2heopm8AkzAs6Zy8ZVNNwrb2w
uL0K8YXFzwjaC3H4dBcpjzR81gkIj2i6A1pAZguWMVJKg9CUkXzBCOTiGfwAHXFwMnNiM+JHTlC4
/MsV5I62Ia6rOISeHiJo4syox/ZIjIcjMkRJ7JTRa7KKi1TiIr5HYFJ9z+cjwHzil2SCFSK+YDcV
uo7LPAozmpGbOPohJxhSaUpQmiEwiy8PXyGF+HEYwffNgkWkSOYpdQFB24pQiwWyfSsi5NnHBX+M
h+QxjBK5BFDIN/ODDCD7AOWHCl3c5qQGMQwDrMIvlnN5uZD4OYws+IclEBIiZqGu5aztE/6aeryR
LYrcjcEA5Id69om1I98g7wRxxlxrh1N2EATxDUHDAmLKL3WQpU/JP1DlsA3XvfKlHPsEHRLvesz1
UPbhD9miiRCYMRAKYrNXRIoS20u1rW4rxD776INA4gjkSl2XpCwT4kex4jcdSMhoBskumjcBodsM
iQbhsD8KGqDY5v4S2kJiXDCyKwcFR/MCsYsRwWAY+pQWiB0/qLAPt/nYF0Vog1RAqw6yVeTgVzUI
vtQU9KjNG7wHaXHVLjnFZosUok4BswfNsz3CX4VCpPGDPewRfJU+MIKRgMsGHC7CwiICDcImAvkV
n17gCbQsjW990DAGYgCWuOZGFXEoW0nQqYe6im1QJ/eIn/8A4stT3s1l6O+4yjQ6k13goQC7MblY
OBstyek+R9XUVcqVIy2iCKfTRQcVJ3wS+HOmWZscsaX8TUJ/vgBjxui7pxqfVByUSJoWSS6gQmAo
GAiFTPLFJxeMkn9hwBUGQZex7wLZ91OAOoI6F4OgQbvaiqJB45ZoVGkauH8eeYVRvgVPDNqD0ZQI
ONhB6Odo2yGbU3uVg8TJlRB1lwvXzxA37z7DWbvxueS5RoHR3rQEolLJMs6h5wOJ4JEYvsUI0eDy
cjmkUHKYrQLNlMxjmKgYzRS1AgeaczJbnLR90kUuYHTugsVb/v/fc4DpyUP0Y3T9NvqzPE44CdJ9
ViRJdBkB94HxEfxeSRCOWlJldM2+JIw7gY/cKiR92Q9boJDbBScJPQaRH+ECS2e3zCm4840FycIi
MVhVrdmtA1lCVnMkHNfl7HifzE5Or8jZ6fnpjBxMp2enx1dkevyOQJ73y/G7PQKNyOwSWh2TjyeX
Z8dk+u7y8Pjqqt10AZo8zMFQimPKUj/mARkdcYYMOgvGXTKXRuVsDZA9pAQu9y28SQuzT+FmOSrI
D4FPcNCgTcjv15RNKBlkfBgAI2wmB+OYBRJwvbUjFxGJj3GJMQTjPO/QvtsadUHm1jBtCXMwHRCS
RXLFvIq+FQ+gXizJalZ7Xclr9uJ+kiTnPcn5nKY2WEbLiYNA5KLcAd0vXW5qSI7sRWQv8N0hjQqe
fKiUQGJWgA6+2CtjQlMJSzUU4dXzAJfgN6xNsE0uhc8XCg/ZQ1wEbkWLD0HkJiI1/ZlAnHDygdFh
tyt5hdHecGdxJ0hy1REYKt68NA7LYCt6yxYtVTXVGUZu5Eze0Q1yj0pp2nFVJow4ZSmMhGooFdkt
wkRkVyKFI/JGC2+U83WEjWQHTjsns+QAriDMg7HTewQMQRsCH4ywBCXLsoKhY8gXMGvzMttEp4Wj
1VTtlRMpcgSZVLYFNdj0q3LCOsdZFNF1VtJ+SBOE+mERQozFdwmQshbAiSSiKhJU1HJFe5Gi5BZz
V8cg2U4kRXzAFmbBBQTdfjVjR7G41dRpzI3Q6wn8onFpQgKXbKhyxjOHlkPxaxXVvAApPFeB9BGl
B9SJBENgSfALHVhoYB/BYc0ddJPyFPyUI2PjOttFAeKeWYn3YVQP6aEVybfm78sQAanZIg5EimnT
HCpZzMQ5yRl+WI/IIMN9m6h85F0RWmxWJZsivD1TZ6m8hW41XeWIfI+0DGUC+eTxgVt5SYwMAdxr
13ksL1ExhXQF51jL8EQfOwNQktUmJ5ALgi695MkdOZy+34O+QIMN9nXju6D2PFcQ3rPC3+L498mw
TLvrjDzj0lHatsmBC45qQQOvg+/64WWCy0CH5VAwKMF1D1QwxRDrsKcgU0uR41v0aphi0qBNkIj3
02haJtt1AYi1BBKFp2axY5FESUteN6qbc2l1mf+FVfOJaXk5jfj4Q5kyQdou1EMJrf2JKTq9aJOp
7BPQdM47UFmJSl3gI3opnSMLMCcgtiwJeMaC5WVI8VF5GDnFeToMfFwx4fUyfpiNZTk5n73nlGbA
ErJtFznB+pxPZT2cKC7apa8J86KFvfY5tajlLrOL+X5ZsPxEDCxUZLq2AFPl94ksTzNRUKMmR1ks
ApfUBgORCecksB0uYihgUQPLOoWVlSj3YC7NKcnosvSUuAJSrhPhPaWEBcL4+ppIWOR6xO+xH4li
mC8T/UA+2fEtan1KTo/I7qf3p0cvCH74ZwE0QPsbcPdJKl6uB4qB9UsKxUu7zgBBE2LehAsbX4//
6fVZiV/WNgrkBz4YLhbxoAnZBxa5PAxz3uJydUSGEGURx/P4sHDP91at28J3FUWkkKeAd2M0L/0m
8C8+bFeWAbyElJSC3jD59qwodgI/IbwvqA2u6jkUS8kwXpZVOYY0GQe4L26V98SQWe0By4UvdYVk
xpc4hL6DFYF4xWTwtlK5i0wutThgybnwdbJPS/TZJwkkSUs/wGGEH5c+So6CgYhG86pQiLBb0IyH
e2UrbcXs3lUpMcsHYVygCXsi4EiLRlHKOcYAiy6Kr0eAHuJvHiGh8zseL5XOnPGIifrXZgKZzTw0
QL6qyUPcolR4ruN8sVOLvIJ9HKhiHxwRoU1SE/HBTBiNQVC7j8ru/WTSFDCBfpR2B8SWnfFvRU2P
GzOuDrQK/ha2TNFJfs6FD8RXd1XbPOKD8UNwGfdAKE+W4kwT8RVBIrkjcjWljOC8j8Y64GsRkzwj
c6jDslo89YpNJaH2XRFJ33RDfV6ogZ+EKkbMTRInRVAqo7zAUMbbSI/Y4/6QZ/itRHoxDCbomCDa
ydyZr9aKNap9GcVxSY3XjQIsgqCcLzwkXC12uLXcUN9b+ChjA1SZmw5OFpBuerEyI2BlLbHxXLVc
xDgznJQ27mi3/ZhTDJ5sFWLdk+F+YwYcZjXpWMzJ+6S+z1ngXozO5ylU0GK1TC6tiRUE/IjydZM/
Th9Y8OXRJX5EtCV9vgh96BRumEiuKZjODR8x44TXDHBYW1nPhkhbSV6oppicO0KFCRX3pTJBkMcP
YfJQpeaIHB6rooO0O0I9UZau9gj/OMoewTfF8ficV2kYuF6PpZBqt9ADRRj/xN0yXIlgQbWlMLnh
pMTXAlJOCOXci5XOQiLkMy/ul2PcmWnBqzrVuR/WvloGYESK7dES0DXjzKLDxAH5Gp/sVK7ntusB
5B11hFKaD4d46bbF7AqrUJZOJA5An0t5loskCwnkHgOrHJk4S4+Ba85Qm7g8c/S9ChGUH8CI2GBA
D1SuHAgfB/ikiywjGw18msmyBDJJGiZBeYU5D9Ao52q/nDRxD/QWl7D2ya88WYH4ucfXtH5DpOIr
VlWYVDc+OBuYOOJLDcWqQbn/xJcD7otYPKDzCJ3xBJlXm/iuK6BVhluVfDEup0H8JLhjhVFBRK96
xH3y5uxgtm/+ONobTG6Nvd5tb8/80fjRxYSI2/kuvtHbQef6ctwVrlhc9QcvRJYn9hjUYl1YOMYW
kLFcS+OpB18Mg1lzVkR8X7lIS6dcVihptTvBPQ7ggVDl8N2frBRYq9zZAF0Q6eyzN9zV8KF4ew1J
wTMFAfmsQFo8t1SSvph/q52wW3B8mSzunGv+kB0vZEAitg+J+Uokcbwd8gukQOkhwoiwGcElxw/J
SFr56p29HXabsyjz5avC+RfilE//2o78gmsFwV0l/GywBovDz26cgzPUoLgTqQGKNFCv0UWo154f
8JcN1pB5qH2IeIGPfSnXPljZUgXg54X5yQxxWCu0xRaZ2iSTXz1WYYmjc/2OeXJxQevJ3X6mgyBB
CVXI1fRMvQxX2R8B/3qy/EUG+LiciXsLpIWfYh50+90R/Hx+CiYxchz4dzJkw9HAG7ojkw0cr+uZ
w5HXHzNjOHJMattmjzwH3Hl8zSJIDzSJrSjfYS3Pu3/BA6D46MSAvx3si/hybdUaLm9DfU5iZMfs
dnuGYeLJyunRpSYqN/7MWWkCAeTr0wnuIsoyreGVjw7h07kmowYFcIllts4WAG/wHYYaUPlGMZ4D
NfAz20DwQlfOOlp/5smY+v1nFJE/F9+Flie0UUwcpSGPlnKH5trlN4hRj9NVksccIA7iz907c+5r
asJl01NBUOMV3H3PC6GMJTn/xJztcsqXh+oOf/75v2OBztM=
===END CRASH DUMP===
