PocketMine-MP Crash Dump Wed Jun 2 01:58:54 +07 2021

Error: Undefined index: NuTaVN
File: plugins/SETVIP_v2.3.phar/src/MCPEVN/SetVip
Line: 191
Type: ErrorException

THIS CRASH WAS CAUSED BY A PLUGIN
BAD PLUGIN: SETVIP v2.3

Code:
[182] 				  
[183] 				  unset($all[$name]);
[184] 				  $this->time->setAll($all);
[185] 			  }
[186] 			  
[187] 			  if(!isset($all[$name])) {
[188] 				  unset($all[$name]);
[189] 			  }
[190] 			  
[191] 			  $st = $all[$name]["current-vip"];
[192] 			  
[193] 			  $i = explode(",", $st);
[194] 			  
[195] 			  $date1 = strtotime($i[0]);
[196] 	    $date2 = strtotime(date("y-m-d"));
[197] 	    $date3 = abs($date2 - $date1);
[198] 		$help = $date3/86400;
[199] 		$date4 = intval($help);
[200] 	    
[201] 		if($date4 >= 1) {

Backtrace:
#0 plugins/SETVIP_v2.3.phar/src/MCPEVN/SetVip(191): pocketmine\utils\Utils::errorExceptionHandler(integer 8, string[23] Undefined index: NuTaVN, string[89] phar://C:/Users/Administrator/Desktop/MSAI/plugins/SETVIP_v2.3.phar/src/MCPEVN/S, integer 191, array[3])
#1 plugins/SETVIP_v2.3.phar/src/MCPEVN/SetVip(26): MCPEVN\SetVip->tick()
#2 pmsrc/src/pocketmine/scheduler/TaskHandler(137): MCPEVN\TickTask->onRun(integer 1)
#3 pmsrc/src/pocketmine/scheduler/TaskScheduler(179): pocketmine\scheduler\TaskHandler->run(integer 1)
#4 pmsrc/src/pocketmine/plugin/PluginManager(654): pocketmine\scheduler\TaskScheduler->mainThreadHeartbeat(integer 1)
#5 pmsrc/src/pocketmine/Server(2389): pocketmine\plugin\PluginManager->tickSchedulers(integer 1)
#6 pmsrc/src/pocketmine/Server(2152): pocketmine\Server->tick()
#7 pmsrc/src/pocketmine/Server(1992): pocketmine\Server->tickProcessor()
#8 pmsrc/src/pocketmine/Server(1586): pocketmine\Server->start()
#9 pmsrc/src/pocketmine/PocketMine(291): pocketmine\Server->__construct(object BaseClassLoader, object pocketmine\utils\MainLogger, string[36] C:\Users\Administrator\Desktop\MSAI\, string[44] C:\Users\Administrator\Desktop\MSAI\plugins\)
#10 pmsrc/src/pocketmine/PocketMine(321): pocketmine\server()
#11 pmsrc(11): require(string[91] phar://C:/Users/Administrator/Desktop/MSAI/PocketMine-MP.phar/src/pocketmine/Poc)

PocketMine-MP version: 3.19.1 [Protocol 431]
Git commit: a7cd0810020af15fb3d79127c77cf576085cd4cc
uname -a: Windows NT DESKTOP-KF1VXGB 6.3 build 9600 (Windows Server 2012 R2 Standard Edition) AMD64
PHP Version: 7.3.21
Zend version: 3.3.21
OS : WINNT, win
Composer libraries: 
- adhocore/json-comment 1.1.2@fc2f76979f0a44a5f5bc2a2b600d0762fe0e78e7
- daverandom/callback-validator unknown@unknown
- pocketmine/binaryutils 0.1.13@0abee38d4e2861621f262c79a2a3d699d8a697f4
- pocketmine/callback-validator 1.0.3@64787469766bcaa7e5885242e85c23c25e8c55a2
- pocketmine/classloader 0.1.2@9757928424652393b178a3760073113aa7c9911b
- pocketmine/log 0.2.1@830b44a2cf96ef703c550abe64302f230231ca49
- pocketmine/log-pthreads 0.1.3@e477ecf6ec214fdd4415ea1da3fdd9d73bf699ea
- pocketmine/math 0.2.6@43057cb8c179a9859677b496a788db922fd5cfc3
- pocketmine/nbt 0.2.18@9f82ca4d7f97fcd9a566e44b63c4f18a7657ae82
- pocketmine/pocketmine-mp 3.19.1@a7cd0810020af15fb3d79127c77cf576085cd4cc
- pocketmine/raklib 0.12.11@9cce458b8bfde3e4dfdbf70c659fc7b7fe26b5c4
- pocketmine/snooze 0.1.5@70b5e7937a06878dd321a3182ceb76d56298f2cd
- pocketmine/spl 0.4.2@6b08b7cf8c4afa17139c9a1b3bf1b408531de161

Loaded plugins:
HideCommands 1.0.7 by Himbeer for API(s) 3.6.0
AutoInv 0.0.10 by JackNoordhuis for API(s) 3.0.0
KygekRanksUI 1.3.0 by Kygekraqmak for API(s) 3.0.0
PointAPI 1.0.3 by onebone | Fixed and Update by LamPocketVN for API(s) 3.9.0
PurePerms 1.4.2-c2a by 64FF00 & ProjectInfinity for API(s) 3.0.0
FactionsPro 1.3.20 by Tethered_ for API(s) 3.0.0
Trident 1.0.0 by brokiem for API(s) 3.15.0
Farms 1.0-non-alpha by Dấu Tên for API(s) 3.0.0, 4.0.0
PM-Beacons 2.0.0 by jasonwynn10 for API(s) 3.0.0
CustomAlerts 2.1 by EvolSoft for API(s) 3.0.0
reyyogaWtrhit 1.1.6 by reyyogaMnelux for API(s) 3.0.0, 4.0.0
KeepInventory 1.0 by KhoaGamingPro for API(s) 3.0.0
InvCrashFix 0.0.1 by  for API(s) 3.14.0
ec 1 by McLebt for API(s) 3.8.1
Broadcaster 1.5 by EvolSoft for API(s) 3.0.0
Sponges 1.0.0 by  for API(s) 3.0.0
Slapper 1.6.1 by jojoe77777 for API(s) 3.13.0
PureChat 1.4.11 by 64FF00 for API(s) 3.0.0
FormAPI 1.3.0 by jojoe77777 for API(s) 3.2.0
BuilderTools 1.2.0-beta2 by CzechPMDevs, VixikCZ for API(s) 3.0.0
PiggyCustomEnchants 2.4.0 by DaPigGuy for API(s) 3.19.0
Netherite 1.2.1 by Wertzui123 for API(s) 3.0.0
VanillaEnchantments 4.0.0 by TheAz928 for API(s) 3.0.0, 3.1.0
SocialSpy 2.1.0 by Crafter20162017 for API(s) 3.0.0, 4.0.0
SETVIP 2.3 by MCPEVN TEAM for API(s) 3.0.0
MultiWorld 1.5.2 by CzechPMDevs, VixikCZ, fuyutsuki, kaliiks for API(s) 3.0.0
NoDrop 1.0.0 by Inaayat for API(s) 3.0.0
InvSee 1.0.0 by BlockHorizons for API(s) 3.0.0
AutoXP 1.1.0 by JackMD for API(s) 3.0.0
TPAll 1.2 by matymare for API(s) 3.0.0
DevTools 1.14.1 by PocketMine Team for API(s) 3.13.0
NoTP 1.0.7 by awzaw for API(s) 3.0.0
OnlineTime 1.3 by Zedstar16 for API(s) 3.0.0
TimeCommander 1.0.2 by TheDeibo for API(s) 3.0.2
WorldProtect 2.3.8 by aliuly for API(s) 3.0.0
MaxEnchants 1.2.1 by Xenophilicy for API(s) 3.0.0
MSpawns 2.2 by EvolSoft for API(s) 3.0.0
OffHand 2.0.3 by alvin0319 for API(s) 3.0.0
Worlds 3.0.7 by survanetwork for API(s) 3.0.0
BlocksConverter 2.1.1 by matcracker for API(s) 3.0.0
EconomyAPI 5.7.2 by onebone for API(s) 3.0.0
BlockSniper 3.2.3 by BlockHorizons, Sandertv (@Sandertv), Chris-Prime (@PrimusLV) for API(s) 3.2.0
BlazinFly 1.8.7 by iiFlamiinBlaze for API(s) 3.0.0
Shield 1.0.0 by JavierLeon9966 for API(s) 3.7.0
PiggyShopUI 2.1.1 by DaPigGuy for API(s) 3.2.0
EconomyLand 2.1.2 by onebone for API(s) 3.0.0
BangHoiUI 1 by JVN | JackVnKiller for API(s) 3.0.0
AuctionHouse 1.2.4 by Shock95x for API(s) 3.0.0
freeze 2.1.0 by Bavfalcon9 for API(s) 3.0.0
essentialsTP 1.2.2 by  for API(s) 3.0.0
ShopMob 1.0.0 by LetTIHL for API(s) 3.0.0
OreGenerator 2.0.0 by vividmemory, LetTIHL for API(s) 3.0.0
PHP-Sell 1.2.7 by Muqsit for API(s) 3.0.0-ALPHA9, 3.0.0-ALPHA10, 3.0.0-ALPHA11, 3.0.0-ALPHA12, 3.0.0
Rewards 3.0 by Wertzui123 for API(s) 3.0.0
cayphattai 2.0.0 by Lettihl for API(s) 3.0.0
restart_in 1.0.0 by LetTIHL for API(s) 3.0.0
RPG 1.0.0 by LetTIHL for API(s) 3.0.0
help 1.0.0 by LetTIHL for API(s) 3.0.0
MuaPoint 0.1.lpk by LamPocketVN for API(s) 3.9.0
PiggyCrates 2.0.9 by DaPigGuy for API(s) 3.2.0
CustomItem 1.0.0 by Phuongaz for API(s) 3.0.0
TrashGUI 0.0.1 by Phuongaz for API(s) 3.0.0
TempBanUI 2.3 by SonsaYT for API(s) 3.0.0, 4.0.0
WarpGUI 1.0.0 by RockPanther for API(s) 3.0.0
KitUI 1.3.6 by Infernus101 for API(s) 3.4.0
HealFeed 2 by JackPlugin for API(s) 3.0.0, 3.1.0, 3.0.7, 4.0.0
BetterVoting 1.6 by Twisted for API(s) 3.0.0
PrisonMine 1.0.0 by LetTIHL for API(s) 3.0.0
MenuUI 1.0.0 by LetTIHL for API(s) 3.0.0
CustomTags 0.0.1 by DaRealAqua for API(s) 3.0.0
detu 4.0.0 by CLADevs || GreenJajot for API(s) 3.0.0
capdao 1.0.0 by Nguyễn Công Danh (NCD) for API(s) 3.0.0
BuydetuUI 1 by FurryJaki1992 for API(s) 3.0.0
BuyFix 1 by FPVGAMER for API(s) 3.0.0, 3.7.1, 3.8.1, 3.9.3, 4.0.0
Item 1.0.0 by LetTIHL for API(s) 3.0.0
thoikhong 1.0.0 by  for API(s) 3.0.0
shopvip 1.0.0 by LetTIHL for API(s) 3.0.0
AntiToolBox 0.1 by NgLamVN for API(s) 3.19.0
luckyblock 1.0.0 by LetTIHL for API(s) 3.0.0
VanishV2 1.16 by superbobby for API(s) 3.0.0
MuteTime 1.0.0 by LetTIHL for API(s) 3.0.0
Buyrank 1.0.0 by LetTIHL for API(s) 3.0.0
PureEntitiesX 0.7.0 by milk0417, RevivalPMMP for API(s) 3.19.0
AutoClearLagg 3.1.0 by Twisted for API(s) 3.0.0
Joinkit 1.0.0 by LetTIHL for API(s) 3.0.0
CmdSnooper 1.0.0 by HotshotHD for API(s) 3.0.0
UpGrade 1.0.0 by LetTIHL for API(s) 3.0.0
SellExp 3.0.0 by EzMinh, LetTIHL for API(s) 3.0.0
ScoreHud 3.0.0 by JackMD for API(s) 3.0.0
LoadWorlds 1.1 by shin for API(s) 3.0.0
SlapperRotation 1.2.1 by jojoe77777 for API(s) 3.0.0
Kho 6 by ItzFabb for API(s) 3.0.0
NapThe 1 by phuongaz for API(s) 3.0.0
level 2.0.0 by LetTIHL for API(s) 3.0.0
SizePlayer 1.0.3 by  for API(s) 3.0.0
gem 1.0.0 by LetTIHL for API(s) 3.0.0
NganHang 1 by GreenJajot for API(s) 3.0.0
luyendan 1.0.0 by LetTIHL for API(s) 3.0.0
QuestPlugin 3.1 by HmmHmmmmm for API(s) 3.11.0
PickaxeFunction 1.0.0 by LetTIHL for API(s) 3.0.0
giftcode 1.0.0 by LetTIHL for API(s) 3.0.0
AutoSellUI 3.0.0 by LetTIHL for API(s) 3.8.2
AcidIsland 3.2.9 by GODSMineVn for API(s) 3.0.0

----------------------REPORT THE DATA BELOW THIS LINE-----------------------

===BEGIN CRASH DUMP===
eNrtPWl33DaSfwUr+23kXfVB9q15zrMsyZYSyepxt4+dMM8PJMFuRrzCo6X2JP99qwCQBChZakkd
735IJhk1i0ChqlAnAJL/3vHiNKT5lxVLMz+Odvb7ezu5H7KdfWNomoNRb9LrtyfGZNLt7e0Uibhl
mu3hwDSNsdHt9bvjsQH3Aprlx2kapzv7/97J1wk02+HXx9cOg36Ae28nZFlGF3jrQ+Qyz4+YS3z4
db1P3hVz+vEdtPGKIHjjB9goWdJ0v9M53O98yIC+zoEb+pGf5SnN47RzxLLLPE4657OD004SFAs/
yjqz4/nH0+mXldnutbF7J0udzvnh9Pjju86M5R/9BMAJDiOH2Lgf9AmAYBDMxAAZpdSB37/sPOuS
zXHsQt8X+ySJnUuWAy/MsorcDzLL+oB/9veZJrETGrkBS3f9KGcLlpLxHgHm/Wjxi9n7lXxDhFWb
8eRXsm0J7pGSFpQCoWlK17/0fn0BwnlmPEQQ5hDkIECWJWCtH3PfudzluEyShNgJ/6ul1cmcJXML
EElnTrPLUjxGb6QgmwMSvNv6MY7eF1ElPIMj7m2CeFZe7RqjSWO+qpYwUk1D68f0xlD924cSQupM
+Z9zGoE9pLvDQf/ucSqSWj+G1I/my5RR94TRNLcZzRsjD24fecZSMPNdszduMiVosiyNKDEf1cBZ
Y5Dh3YMYA7MxiLijzvLoThTgdO5CMU1jB9xJnApc47txDcbDb+DKchCiwDG5HceU/zyHn7vmDfst
0Xz54sQRGFbh5Lux/RtzcvKaZuwQ/GJ2FlOXpXtEwm8x/3OY07N4scBW0nx7w1/J4T54BjRcy9Is
17Kk6UJPsF3Lqnr1+w/oJe3VsoT9du9lv2c22c+EfAUCQyDYNbBVyn4v/JTtSsImxoO8UT1o63xa
OxGdrBc7v/65t8O2EnWeEg6ACNHxix+t4mDFQhblgM0F/p18p7wLEIEXIE7sMqTZGJsAtnLxP0Lg
ljHuaaAiyli++5wGwS/PIxqyX1/8g7fqa62e50s/Q8sIGeg0yw+CgPeRjQdVY0L+5JChAuGAkQLw
vd3/8LPmuC/Iv3nL8Ub0TZpDTrqNISeGAnie5eQlUdD8Yu04RZqCKFsrP7F2fuVoJ2YTSU9F4gMO
dp0EIN5da2cP/kXEgqJJv9lVlcpzl+bMgO6gj3mMctx97v/SldxMhLgIkQ1NrSFCYLh1K2y51s4L
2WWkd+lBF2pnu7J/S44oG5cyfb5kQYKC4F0642G/2xUtSnnyO31oAv54RWGWsQfHYna71ZD8spQv
TKfs9eNLcN8wjX/+ncL8ncL8ncL8ncL8ncL8X6cwezsLFrGUBpgPYOQDp631BcJsmIe6Rt/ptY1J
20B44Qcu5CDj3mBvx8++uGy1s+/RIGOQdKRxHjsxoO33oGJd+JiS0JHjdqFu75pd6hkDz+65o4lh
jpzRyPEGo2F3PHDcvuMA7kLS8gl8c3yVkXdzcnQ8+3l+MW39/Mb4+PntazJs9wgngUyG3S7ZLZsK
jSIQgEzy3iSzHFwMTV1y7PoYFF6Qg/OjYR8TI6jF93dG4GRNZOcri1zOnryG21/iDGk4ffduDgB+
ceVHPIMKkxjm4Evg2ylNfZah/Ki7BJ5T1vkti6MWtJGpmNE22uYrzzG90XAymnhd2u/TgTewHZOa
NhDvdkdD02NdNhqzEaB3KXAAZMdhx4GcxKbOZQuire/iRAPCIrqM4qvolfyLxNYTa/sRTdfcMKBp
F8Y2eq+61GasN3b7zBwPjaFpeObQdEYTatKeO5xM3DEF0ry+jurWwY12t917NeyPxqM+9BkObYfS
ERuMxwOzbzKYQ7PnmAM2dgYDajYQojkH3JwlbearyWgwmpjjvtkfDszepGcbozHtgTZ0Rz3D6AFu
ZzIxDFvHFMQLjsFsG6/Gva4NEjUdbzJk3qjbg5GR4WG/1zU9E/6vZzi0P7mBoZXkPBCUguq9Yv3R
iDnekDmm0fdct983BowaLu3BxcQd9WwPpMWojiqk+VJSM3wFgw5Gjj12IPjRyXgwGY5Gdn8ypKPx
2LUnpum5A8dzejqKyM5LfsavJt7YBILdkQdz4rgTOhgOWb9vD3tO3zPGdDQcjCgbN4Rb/2yFSWWo
rx5gdQqylF6Cbgu5AE3Gq4njsP5gbI9tz2U91nc91wZZO8PBxHNG9shj5tAeOA0NyqI4/sqkeAev
Rl17wEaT3oh2h+PR2HXBI9Ie1CEOs0dDdzA0J2PPdNwGkiTgGPqgLUO7O7aB8LHTpx41RkZv4kyo
YcPEGHYfeOkZLjOGxs6fVWHEbfPEd9khWCRYVab4Og28t1N7OdRyNEVa5Ms4zTBVPfFDMKIUnSZN
fIT02sN2F69ZRO2AgfuAAAbez2UJ4+P8Avey2MuPVAAmIHxojs6yVBpEKMP6DowEffHFbP7p4v3Z
EYCumJ35OVK9FF3bwAJweVDk8Wm0UrgqISpDXWDI6Ooc/QS2/S6OU3dZ+JnGV/fxfP0GSKMSqWXB
cDFUphBLK6Lu5A05+nm9YJfvaXSZfThV2NLA+mQBxTprvG1Kfw/p5bYYU1BalkrLZpOGjE1BFPnB
9FSLthLU1L6ezlAcMRv+I3+QN/41FC2gLeRDgoUVsdfkjIYibH98p7E7eTy7ckBIc5BCwAj5bU2r
ZHU2P3g//zC9yWiRsilLQ9XWapjOKph1CyKhzu6w/+YNRPX/JJCnYtZ3GkGt5ufrbU3mFzEA8FRS
pfy81/7yPMkgE4O0ZlnYbYj0Hd5X1m81HpDEG+pg2pEBH4osVGhTk82GKs9ZvmQpc788jfedgyj3
ZwkoCoxZC0KhxLLkxabqPE/BdWGKU/FVQprK3GDJTuNLn4UaQ8bg8bMp8UGtJ8aHuTyvSbmXjzdU
11Rx3eChFUFSRwPIpXVejqzCYHRQkLlVdLuMRjemaW+n/xRVXYY4MVxDS8LudzTnrdeMYkmlGmAN
VHkzb87PbxQy2Kt1FBnd7YWFCqVl2ZwMy6rJuZejwyLL4/AAKulc5UkD61wZOk/HqziYAXHbYkgd
2bIadNzhHkvncXV11WZAE+Jv55fIY8rW63hBP+Xp0letSofremm0hzqfsvF5xILietu6KJEDGcbm
Ue9nxhKI/GCMcbpW47kGb5hbI5wvY/qWQja4kN5rKwFdRQohXSVnc+6gy2FKsyWEZYU3FXojDdN4
03xg//HchMXvQJVlQbLl4Mief21ZYulkEzaYo1DPHH069Mk4d86YrdvRGJh6JN0Cm2XBDZY6S5bl
m8v+dQotHJrlLFWoV6G6Vg3+WpegDAy+TaPicQ5hlsTRgqn+roTcHWC3xA8o8XowsCw56ObzMgto
kmhzUkJ0uodNJ/1b/FvMRviPnhv0Hs9EJkbesLK6mdnVJHVKJmSCe7ikeSO/5aBmemsYt+W2D1I6
JXm+mdhN/cViXeZxO3uN5PIzW/lxkU2PW1WTb6TBSHz9awtJMEeD+VWchnrVU0LuqeK+oQ7mE9KQ
CiNkU4KI6sdGHgdXHFk6j+NANUsNrDMFxLZslvOlMIW1w6/MWU7Pj9gKO3z0r/3Lw39tyxE5iDwJ
XUAOyZagLUfawC3plD50ihWyOxoqtAnUQ5EIHUfOkkZapnbbXT1h6zen/4hCp7eFXvQZT6hpS4Sg
5TepuRX4CBGVg3RuQddBOb3jBR3vX0mnhjW1p+E8PsFMfi18w+xtS1lqjJZVkfFod1lj69Q8AdMf
aeQHAZWCwJVxVTluu6sKon+zRpkv2cHXiTm+JcUFJXm8OFaCFEjp45Q9QgAlXZ3beMLYGDs+DWaJ
mgnXsEYJ02QackoPEgqzawzhv9G203sndHHFlofLw9Cdid8bRXxxuERhqTxtovLTWNMSe85kfnxw
vi1l1vfEN6H8vAhy/1Oc4l5WRb0CbGSQ7Y38OB4lXRd5Vlz68PuSBr5/mf0l3j1ESq+QUjBZleqn
eHYFEfqr+CiNE9VZCcA9izynEaVrurXkWqIDH8VHf1CBNmNMr80QcA/5r4PYuTyJU/+rTJm2UiGo
SC1LUPKQMg1X0T9PG2v9n6c3FgVuWek/P9oWFwKbWNL/PH10qBBoOpIDXE+cHgTqTrS4bgREnbGQ
5uuQgqPeEmslPsvKExoEm2sZ2E0zKaxAjcnpN2N6veNO5oyGWyt9SgLw5MKqkfHdVYmqKX1FWqfC
wV3CfKo5hPn0vu0zevWVXm1rmjgyy4riPHm0+gmCgJmLCE9TzvnjBRVLCrBRpOhs/Yu5eATGGG6L
tQqhZdU0PJrJCltHYQhNDf7KTUetTtfhzSk1b6RgR8y3mwty5mNZ1wZvsvytrSYepqDUzfG4a82I
Bm5kIe1xQzUDvwi2trUksFkWD8qJoGATZm6ZvfPCTz2fBa66uV8eE8xThkcPcIGpo3GLSQ29vqUE
U6H3lBmfWRQnSz/wna3JRUGJ4riu6y6drvsztllCr7SdjRKiz7P51672yUHxNFg5+uNW+S48D89B
qs5HQprbNL2m3q78qNszJttTXYkQfI/nwYS41Y9NJoZrYdY0Qn1aejcjQ1akUHSxHAxma5v1HKe0
QZiiipCN/Ke0sDZH0gbKOs8EIr4ChClcdhhHwFNj3blxp1nLGTdSFyeFFKhxpORpyYvEaFkNYh6S
Yx47cRSHa33FTgGqfA3ao6adyYMD22KqOofABAX8JIJGzf2LdiiLWeQnN6dLQnUNvVGo6rUAVLs8
QuUrsvuq/IlHOA+XqZ+1pimEMbiDf4vs7OOLp61d7pyvp0Gc73yziFD4eMgsvw7oVz96E6w1kZQw
PTyMmybr+28CGvp+hD22NtU6VuRMkqP83GgxYokxU12MEIB7Kr6f6Mpn6RmLo8lkqOdzo/vW50uP
fWfVpKK3LEFU+XejXX1cUJwt40Q7FqVC73E5ty6oPlwjNevjawUSsvPNpVZBn3bx5KVVgaajuKwz
PYyq0KZktuC0VDk8wIEFPKzqtN1vrTRanMS+NvE17I7N2p8+viN/ECy1P0Y/+0Hw1GijbN3o7Jda
jqtvmxbNBwXfkTqJi4xpaxoKuJmo9nX+QAmcy8ng+olcaSqtbt4rKYUcCc80cvqWSB+ugmjU3su0
B3n7V5VdCbhn6fc1XXk0ADK3lu3VGC1L0LD5zLEsY1Hu0yDTFgI0cHPmzL9ij1odEUxMH3+DSBEn
57GthQoBuSdWnLF8fnpytrV0dfmQFc2LlL3lj23ksZrQaOB7Tnit/JXvhiyM0/Ue2TIzKh2WJX9u
ZBrTk2lrxrQ1wArU1KZGRnLOj780WWgdnE1PDiZ8T6i6NLqNa6NxbZbXj5UAEnzC3fymU/qeXdFU
q51KSKN4+p67gZKEbewFSlQ8WDt0nSxpnlNfYVcB3qO6oK25vwy2tpuSPODAUcr4825fsKdyPK8C
fl+vIQd+gJZN36oaBlffl+Bk9QAvh48WK9Tyy+9LLg65Ob3nBeUH5LVtRAnSjwAa7SC5bFD+yAP8
euJSHdC/gyllJNwxFATWvzauQw7Rqd884CGgTROe/CV1yG3nNb592INTpl08/XAHR9Opzyef5iy8
cTqZA+/R3OmyiKMF/brd08k48uYKPMec961WYlSgu8+wbp38T3Ec4Gl+Mbr8tREPLEygLtKZqGB3
nkaYxVFG/2e+7TMVEi3wUJKx+Yx8ommiT0gJuUed3oOFT8EelttbXESUloXjP+Dkt5/rT3Dx6+ah
v2Hz3IDH0qjIjK6h0d5/ytmBCqVlcSI25+GE0eANY+q6QgXS9Onmjrs4C/nNA0p71WJ4/6m78VP5
BoKND05DDsXSj3HuRwt1RUEFN47qNrb+rvwsZ+62lEuiwydCagr0q40CU+pncXTO341Tx6Ua+J2z
HT6weNB/4ySCRYVmMhLwfSkPYdDNaRaxZk4XNx/M4cB7YscRfQ/2dPB7QbdFvktTwEgB42ZMuH7m
xKnbDhge/qNtViBbLssLhSF+ec+ZxMOzAzw/Rf74g7xNGYt+or/F23vgSCAHlvzIjx9g7A5NXBpr
tRYH3KNT7xaQOxUGcwYROcRn27x+tCBHNFqS3XeHRy+2xReOw6JDyB8Qt2WdsRULTrNg05XRYo1T
o6+MVrA7VkbfFGm6/ole+vimlG0xoyHlWfW8eLd8WNQH6vWHiSTgLl6mH98enB+/vzXWjNpigWMs
/0545vOkmCMoesAZPD0v3iQj3rJL8x+UCgMV/uUy1oJjDfsuD99Uw21ONa4irny1aC4h3381E1+b
tvk+QJT7eLbsdayqvQptFNBNTwVFbaNwfspjAhKfZSkUbLq1qtSKJVnAYFA4l2sbN2oV/hTg952f
euDNpwhPs2fLj2bj0D4HNc43DpvHOxKW2rFtr7d3uKPEaFklEfWvzdZq8uaBvwr0nVOtImcPCg0p
jS712MAh33nlEYZ8wGsvipQdgynlPss+N56Yq+G6iY+aHIR+cNntG1guvWcrf0WD6fn5dGs2nwqc
SRiC30oKzN4EYeKJuJLMBx/hU2jt6PzK09yHAaPpGV0sGoe6a7i+A3BjY3DLpVhelmL45hYHiQiA
CHHYW6Xpwc/FCLwH2ToowvPDjo4PhPFT7EeX2nPvJeT76val/4AVdeUpGaX2UR+duZP0kziHYJmf
bO1o/uOf4PmQvE2pq3rEEvJ9xV88IG/AfbbjazXhKSHNI4cNmo+/QhG13PrOp0BrWcefp7MH7ejO
8L1xJ4V2ZqkE3cPKX/NoRzn65ixgenTjAKgCbCQJjRxhecs62SNZqMfcfOMSXZWTrKJ2HifKA+zv
45zyFznfeJC9unPPOepvPMH8lPVknYAHLMYu1TUAvFJpby7C5l/fUNt+9HmoG4dovrk0KwbCY3AP
MZh3NJkvtQdoBeCOGjnZ8h5Fic+yxNjl303ID3CNQy0F+PX9G9/bXZ5kWe4vHpB9zvyvbBrQtf5m
hxp49yvMtqX/ON4Zjgc6U/3ehPyFtgax+O5LEIuHrEC8W1B8gbWaFVagO5R8+8uONcbNiQ9wRc+l
kVbsStD3LnXFsJvT/s8CzELu3NTkq9BGPt7I6MIQ/oV/9MrkvgfSqxek3PkisHCJmC3r94K/JocT
9YhUvKSxo3LF9/WdS3rN3hSR04h6zTvfeSNFjL75HC58Ly+/clCaewn6zjYvh33Imdg8xixWW9BW
gPekg7fRP378I3kS3QPId3xXLt4r5NfA5pMWjZMhby+OZrhV9zHa5oFe+RRrHDH1iLp4sAJYEw9Y
3MscvlGWpsBRzprP7ZZv2ebmy19A3U5SrLz4msH+zrNpdUUO48jzFwS/+mGlVvRsRnNyTtfENIlh
7vcm+70e+e/uiJhd08AGYZy7L88vzkgtRQSLYVpJnOYvjYnRMxF4tQRiWwFU2i+7eE2jKAabxYcG
MUq2qLP0mfhGSPYSkkfEgw+vteRzijAvomNIr2Wf7KU5QMiC4nFRl4n7XpwC1goWex5CQQIuFg7l
dbJK5Ciu73m+UwT5+iUndFEeEG1leJwvWmQvEczzoBZqzcuAr+9VsIwxV2mC31t5eXT85uDD2Ryh
QjNa4BjTtRxSglJQhJIe/N1OaJZdxan78r/4PyAkMK5WRldMdlz57KrlggwpSO7lGEHXdnzdQjWV
TWASFgVdsJcsWuC19sLi9jrEFxY/I2gzxOHTXaQ8W+ezTkB4RNMd0AICmWPGSCkNQlNG8iUjoLMZ
/AAdcXAyc2Iz4kdOULj8yxXkhrYhrlkcQk8PETRxZtRjeyTGkyEZoiR2yuglWcdFKnER3yMwqb7n
8xFgPvFLMsEaEb9jVxW6jss8CjOakas4+iEnGL9oSlCaITCLLw9fI4X4cRjB99WSRaRIFil1AUHb
ilCLBbJ9KyLk2aclf2UMyWMYJXIJoJBv5gcZpDQC5c+BKH6bkxrEMAywCr9YzuXlspXvMLLkH5ZA
SIiYhbqWs7ZP+Gvq8Ua2LHI3BgOQH+rZJ9aOfIO8E8QZc60dTtlBEMRXBA0LiCm/1EFWPiX/RJXD
Nlz3yqdz9wm6KN71mOuh7MPf24smQmDGQCiIzV4TKUpsL9W2uq0Q++yTDwKJI5ArdV0C+bsQP4oV
v+lAQkazIuXmTUDoNkOiQTjs94IGKLaFv4K2KxoUjOzKQcHRvEDsYkQwGIY+pQVixw8q7MNtPva7
IrRBKqBVB9k6cvCrGgSf2AQ9avMGH0BaXLVLTrHZMgU3XMDsQfNsj/DHKIk0frCHPYKv0gdGMCJw
2YDDRVhYRKBB2EQgn/HpBZ5Ay9L42gcNYyAGYIlrblQRh7KVBJ16qKvYBnVyj/j5DyC+POXdXIb+
jqtMozPZBR4KsBuTi4Wz0ZKc7nNUTV2lXDnSIopwOl10UHHCJ4G/eytrkyO2kr9J6C+WYMxYGu+p
xicVByWSpkWSC6gQGAomBNokX3xywSj5FwZcYRB0FfsukH07BagjqHMxCBq0q60oGjRuiUaVpoH7
508GCKN8C54YtAfjKxFwsIPQz9G2Q7ag9joHiZOZEHWXC9fPEDfvPsdZu/K55LlGgdFetQSiUsky
zqHnA4ngkRi+gxPR4EMp5ZBCyWG2CjRTsohhomI0U9QKHGjByWxx0vZJF7mA0bkLFm/5/3/PAaYl
d9GP0fVp9Gd5nHASpPusSJLoMgLuA+Mj+L2SIBy1pMromn1JGHcCn7hVSPqyH7ZAIbcLThJ6DCI/
wgWWzq6ZU3DnGwuShUVisKpas2sHsoSs5kg4rov58T6Zn5zOyNnp+emcHEynZ6fHMzI9fk8gz/v5
+P0egUZkfgGtjsmnk4uzYzJ9f3F4PJu1my5Ak4c5GEpxTFnqxzwgoyPOkEFnybhL5tKonK0BsoeU
wOW+hTdp4SFi4WY5KsgPgU9w0KBNyO+3lE0oGWR8GAAjbCYH45gFEnC9tSMXEYmPcYExBOM879C+
2Rp1QWbbMG0JczAdEJJFcsW8ir4VD6BeLMlqVntdyWv24naSJOc9yfmCpjZYRsuJg0DkotwB3S5d
bmpIjuxFZC/w3SGNCp58qJRAYlaADr7YK2NCUwlLNRTh1fMAl+A3rE2wTS6EzxcKD9lDXARuRYsP
QeQqIjX9mUCccPKB0WG3K3mF0d5wZ3EjSHLVERgq3rw0DstgK3rLFi1VNdUZRm7kTN7QDXKLSmna
MSsTRpyyFEZCNZSK7BZhIrIrkcIReaOFN8r5OsJGsgOnnZNZcgBXEObB2OktAoagDYEPRliBkmVZ
wdAx5EuYtUWZbaLTwtFqqvbKiRQ5gkwq24IabPpNOWGd4yyL6DIraT+kCUL9sAghxuLD/aSsBXAi
iaiKBBW1XNFepCi5xdzUMUi2E0kRH7CFWXABQbdfzdhRLG41dRpzI/R6Ar9oXJqQwCUbqpzxzKHl
UHylcjUvQArPVSB9ROkBdSLBEFgSfHcEFhrYR3BYcwfdpDwFP+XI2LjOdlGAuKlb4r0b1V16aEXy
lSD7MkRAaraMA5Fi2jSHShYzcU5yhh/WIzLIcN8mKh95V4QWm1XJpghvz9RZKm+hW03XOSLfIy1D
mUA+eXzgVl4SI0MA99p1HstLVEwhXcE51jI80cfOAJRktckJ5IKgSy95ckcOpx/2oC/QYIN9Xfku
qD3PFYT3rPC3OP59MizT7jojz7h0lLZtcuCCo1rSwOvg50N4meAy0GE5FAxKcN0DFUwxxDrsKcjU
UuT4Gr0appg0aBMk4sM0mpbJdl0AYi2BROHjf9ixSKKkJa8b1c25tLrM/8qq+cS0vJxGfLa3TJkg
bRfqoYTW/sQUnV60yVT2CWi64B2orESlLvARvZQukAWYExBblgQ8Y8HyMqT4qDyMnOI8HQY+rpjw
ehk/zMaynJzPP3BKM2AJ2baLnGB9zqeyHk4UF+3S14R50cJe+5xa1HKX2cVivyxYfiQGFioyXVuC
qfL7RJanmSioUZOjLBaBS2qDgciEcxLYDpcxFLCogWWdwspKlHswl+aUZHRVekpcASnXifCeUsIC
YXzFTSQscj3it9iPRDHMl4l+IJ/t+Bq1PiWnR2T384fToxcEX0mzBBqg/RW4+yQVb6MGxcD6JYXi
pV1ngKAJMW/ChY3f2/j8+qzEL2sbBfIDHwwXi3jQhOwDi1wehjlvcbk6IkOIsojjeXxYuOd769Z1
4buKIlLIU8C7MZqXfhP4Fx+2K8sAXkJKSkFvmPwgTxQ7gZ8Q3hfUBlf1HIqlZBivyqocQ5qMA9wX
t8p7Ysis9oDlwpe6QjLnSxxC38GKQLxiMnhbqdxFJpdaHLDkXPg62acl+uyTBJKklR/gMMKPSx8l
R8FARKNFVShE2C1oxsO9spW2YnbrqpSY5YMwLtCEPRFwpEWjKOUcY4BFF8XXI0AP8TePkND5PY+X
SmfOeMRE/WszgcxmHhogX9XkIW5ZKjzXcb7YqUVewT4OVLEPjojQJqmJ+GAmjMYgqN1GZfd2MmkK
mEA/SrsDYsvO+LeipseNGVcHWgX/sFOm6CQ/iMUH4qu7qm0e8cH4cc6MeyCUJ0txpon4iiCR3BG5
mlJGcN5HYx3wtYhJnpEF1GFZLZ56xaaSUPumiKRvuqI+L9TAT0IVI+YmiZMiKJVRXmAo422kR+xx
f8gz/FYivRgGE3RMEO1k7sxXa8Ua1b6M4rikxutGARZBUM4XPkdULXa4tdxQ31u4M9MAVeamg5Ml
pJterMwIWFlL7K1VLZcxzgwnpY0HCdt+zCkGT7YOse7J8MxGBhxmNelYzMn7pL7PWeBejC4WKVTQ
YrVMLq2JFQT8iPJlkz9OH1jwxdEFfkS0JX2+CH3oFK6YSK4pmM4VHzHjhNcMcFhbWc+GSFtJXqim
mJwbQoUJFfelMkGQxw9h8lCl5ogcHquig7Q7Qj1Rlq72CP/a0h7Bt+fz+JxXaRi4Xo+lkGq30ANF
GP/E3TJciWBBtaUwufGkxNcCUk4I5dyLlc5CIuQzL+6XY9yYacGrOtW5H9a+WgZgRIrt0RLQNePM
osPEAfkan+xUrue26wHkHXWEUpp3h3jptsXsCqtQlk4kDkCfS3mWiyRLCeQeA6scmThLj4FrzlCb
uDxz9L0KEZQfwIjYYEAPVK4cCB8H+KSLLCMbDXyaybIEMkkaJkF5hTkP0Cjnar+cNHEP9BaXsPbJ
LzxZgfi5x9e0fkWk4hV9VZhUNz44G5g44jfBxKpBuf/ElwNui1g8oPMInfEEmVeb+K4roFWGW5V8
MS6nQfwkuGOFUUFEr3rEffLm7GC+b/5jtDeYXBt7vevenvkP4x8uJkTcznfx1Z4OOteX465wxeKq
P3ghsjyxx6AW68LCMbaAjOVaGk89+GIYzJqzJuL7ykVaOuWyQkmr3QnucQAPhCqH7/5kpcBa5c4G
6IJIZ5+94a6GD8Xba0gKnikIyBcF0uK5pZL0xfxb7YRdg+PLZHHnXPK3hfBCBiRi+5CYr0USx9sh
v0AKlB4ijAibEVxy/JCMpJWv3tnbYdc5izJffg+Nv9lf+fSv7cgvuFYQ3FXCzwZrsDj84sY5OEMN
ijuRGqBIA/UaXYR67fkBf21kDVmE2oeIl/iou3Ltg5WtVAB+XpgfXhBn5ENbbJGpTTL51WMVljg6
1++ZJxcXtJ7c7Wc6CBKUUIXMpmfqZbjOfg/415PlLzLAxzxN3FsgLfwU86Db747g5/NTMImR48C/
kyEbjgbe0B2ZbOB4Xc8cjrz+mBnDkWNS2zZ75DngzuNLFkF6oElsTfkOa/mWrK/4zBMeKh3wt4N9
FV+urVrD5XWoz0mM7Jjdbs8wTDyBMD260ETlxl84K00ggHx9OsFdRFmmNZz56BA+n2syalAAl1hm
62wB8Aq/l6EBlW8U43kJAz+zDQQvdeWso/UXnoyp339GEfkL8V1o+QgBiomjNOQRDO7QXLv8BjHq
cbpO8pgDxCGnhXtjzn1NTbhseioIaryCu+9FIZSxJOdfmLNdTPnyUN3hzz//F4AXzr0=
===END CRASH DUMP===
