PocketMine-MP Crash Dump Wed Jun 2 04:39:00 +07 2021

Error: Undefined index: NuTaVN
File: plugins/SETVIP_v2.3.phar/src/MCPEVN/SetVip
Line: 191
Type: ErrorException

THIS CRASH WAS CAUSED BY A PLUGIN
BAD PLUGIN: SETVIP v2.3

Code:
[182] 				  
[183] 				  unset($all[$name]);
[184] 				  $this->time->setAll($all);
[185] 			  }
[186] 			  
[187] 			  if(!isset($all[$name])) {
[188] 				  unset($all[$name]);
[189] 			  }
[190] 			  
[191] 			  $st = $all[$name]["current-vip"];
[192] 			  
[193] 			  $i = explode(",", $st);
[194] 			  
[195] 			  $date1 = strtotime($i[0]);
[196] 	    $date2 = strtotime(date("y-m-d"));
[197] 	    $date3 = abs($date2 - $date1);
[198] 		$help = $date3/86400;
[199] 		$date4 = intval($help);
[200] 	    
[201] 		if($date4 >= 1) {

Backtrace:
#0 plugins/SETVIP_v2.3.phar/src/MCPEVN/SetVip(191): pocketmine\utils\Utils::errorExceptionHandler(integer 8, string[23] Undefined index: NuTaVN, string[89] phar://C:/Users/Administrator/Desktop/MSAI/plugins/SETVIP_v2.3.phar/src/MCPEVN/S, integer 191, array[3])
#1 plugins/SETVIP_v2.3.phar/src/MCPEVN/SetVip(26): MCPEVN\SetVip->tick()
#2 pmsrc/src/pocketmine/scheduler/TaskHandler(137): MCPEVN\TickTask->onRun(integer 1)
#3 pmsrc/src/pocketmine/scheduler/TaskScheduler(179): pocketmine\scheduler\TaskHandler->run(integer 1)
#4 pmsrc/src/pocketmine/plugin/PluginManager(654): pocketmine\scheduler\TaskScheduler->mainThreadHeartbeat(integer 1)
#5 pmsrc/src/pocketmine/Server(2389): pocketmine\plugin\PluginManager->tickSchedulers(integer 1)
#6 pmsrc/src/pocketmine/Server(2152): pocketmine\Server->tick()
#7 pmsrc/src/pocketmine/Server(1992): pocketmine\Server->tickProcessor()
#8 pmsrc/src/pocketmine/Server(1586): pocketmine\Server->start()
#9 pmsrc/src/pocketmine/PocketMine(291): pocketmine\Server->__construct(object BaseClassLoader, object pocketmine\utils\MainLogger, string[36] C:\Users\Administrator\Desktop\MSAI\, string[44] C:\Users\Administrator\Desktop\MSAI\plugins\)
#10 pmsrc/src/pocketmine/PocketMine(321): pocketmine\server()
#11 pmsrc(11): require(string[91] phar://C:/Users/Administrator/Desktop/MSAI/PocketMine-MP.phar/src/pocketmine/Poc)

PocketMine-MP version: 3.19.1 [Protocol 431]
Git commit: a7cd0810020af15fb3d79127c77cf576085cd4cc
uname -a: Windows NT DESKTOP-KF1VXGB 6.3 build 9600 (Windows Server 2012 R2 Standard Edition) AMD64
PHP Version: 7.3.21
Zend version: 3.3.21
OS : WINNT, win
Composer libraries: 
- adhocore/json-comment 1.1.2@fc2f76979f0a44a5f5bc2a2b600d0762fe0e78e7
- daverandom/callback-validator unknown@unknown
- pocketmine/binaryutils 0.1.13@0abee38d4e2861621f262c79a2a3d699d8a697f4
- pocketmine/callback-validator 1.0.3@64787469766bcaa7e5885242e85c23c25e8c55a2
- pocketmine/classloader 0.1.2@9757928424652393b178a3760073113aa7c9911b
- pocketmine/log 0.2.1@830b44a2cf96ef703c550abe64302f230231ca49
- pocketmine/log-pthreads 0.1.3@e477ecf6ec214fdd4415ea1da3fdd9d73bf699ea
- pocketmine/math 0.2.6@43057cb8c179a9859677b496a788db922fd5cfc3
- pocketmine/nbt 0.2.18@9f82ca4d7f97fcd9a566e44b63c4f18a7657ae82
- pocketmine/pocketmine-mp 3.19.1@a7cd0810020af15fb3d79127c77cf576085cd4cc
- pocketmine/raklib 0.12.11@9cce458b8bfde3e4dfdbf70c659fc7b7fe26b5c4
- pocketmine/snooze 0.1.5@70b5e7937a06878dd321a3182ceb76d56298f2cd
- pocketmine/spl 0.4.2@6b08b7cf8c4afa17139c9a1b3bf1b408531de161

Loaded plugins:
NoTP 1.0.7 by awzaw for API(s) 3.0.0
MSpawns 2.2 by EvolSoft for API(s) 3.0.0
AutoXP 1.1.0 by JackMD for API(s) 3.0.0
InvSee 1.0.0 by BlockHorizons for API(s) 3.0.0
OnlineTime 1.3 by Zedstar16 for API(s) 3.0.0
VanillaEnchantments 4.0.0 by TheAz928 for API(s) 3.0.0, 3.1.0
Netherite 1.2.1 by Wertzui123 for API(s) 3.0.0
MaxEnchants 1.2.1 by Xenophilicy for API(s) 3.0.0
EconomyAPI 5.7.2 by onebone for API(s) 3.0.0
Sponges 1.0.0 by  for API(s) 3.0.0
PiggyCustomEnchants 2.4.0 by DaPigGuy for API(s) 3.19.0
Worlds 3.0.7 by survanetwork for API(s) 3.0.0
CustomAlerts 2.1 by EvolSoft for API(s) 3.0.0
Trident 1.0.0 by brokiem for API(s) 3.15.0
TimeCommander 1.0.2 by TheDeibo for API(s) 3.0.2
BuilderTools 1.2.0-beta2 by CzechPMDevs, VixikCZ for API(s) 3.0.0
PurePerms 1.4.2-c2a by 64FF00 & ProjectInfinity for API(s) 3.0.0
PointAPI 1.0.3 by onebone | Fixed and Update by LamPocketVN for API(s) 3.9.0
WorldProtect 2.3.8 by aliuly for API(s) 3.0.0
MultiWorld 1.5.2 by CzechPMDevs, VixikCZ, fuyutsuki, kaliiks for API(s) 3.0.0
BlocksConverter 2.1.1 by matcracker for API(s) 3.0.0
NoDrop 1.0.0 by Inaayat for API(s) 3.0.0
OffHand 2.0.3 by alvin0319 for API(s) 3.0.0
KeepInventory 1.0 by KhoaGamingPro for API(s) 3.0.0
reyyogaWtrhit 1.1.6 by reyyogaMnelux for API(s) 3.0.0, 4.0.0
KygekRanksUI 1.3.0 by Kygekraqmak for API(s) 3.0.0
EconomyLand 2.1.2 by onebone for API(s) 3.0.0
Shield 1.0.0 by JavierLeon9966 for API(s) 3.7.0
Slapper 1.6.1 by jojoe77777 for API(s) 3.13.0
FormAPI 1.3.0 by jojoe77777 for API(s) 3.2.0
SocialSpy 2.1.0 by Crafter20162017 for API(s) 3.0.0, 4.0.0
PiggyShopUI 2.1.1 by DaPigGuy for API(s) 3.2.0
HideCommands 1.0.7 by Himbeer for API(s) 3.6.0
SETVIP 2.3 by MCPEVN TEAM for API(s) 3.0.0
InvCrashFix 0.0.1 by  for API(s) 3.14.0
AutoInv 0.0.10 by JackNoordhuis for API(s) 3.0.0
BlazinFly 1.8.7 by iiFlamiinBlaze for API(s) 3.0.0
ec 1 by McLebt for API(s) 3.8.1
PM-Beacons 2.0.0 by jasonwynn10 for API(s) 3.0.0
TPAll 1.2 by matymare for API(s) 3.0.0
FactionsPro 1.3.20 by Tethered_ for API(s) 3.0.0
BlockSniper 3.2.3 by BlockHorizons, Sandertv (@Sandertv), Chris-Prime (@PrimusLV) for API(s) 3.2.0
DevTools 1.14.1 by PocketMine Team for API(s) 3.13.0
Broadcaster 1.5 by EvolSoft for API(s) 3.0.0
Farms 1.0-non-alpha by Dấu Tên for API(s) 3.0.0, 4.0.0
BangHoiUI 1 by JVN | JackVnKiller for API(s) 3.0.0
PureChat 1.4.11 by 64FF00 for API(s) 3.0.0
AuctionHouse 1.2.4 by Shock95x for API(s) 3.0.0
gem 1.0.0 by LetTIHL for API(s) 3.0.0
PickaxeFunction 1.0.0 by LetTIHL for API(s) 3.0.0
TrashGUI 0.0.1 by Phuongaz for API(s) 3.0.0
Joinkit 1.0.0 by LetTIHL for API(s) 3.0.0
help 1.0.0 by LetTIHL for API(s) 3.0.0
CustomTags 0.0.1 by DaRealAqua for API(s) 3.0.0
CmdSnooper 1.0.0 by HotshotHD for API(s) 3.0.0
Kho 6 by ItzFabb for API(s) 3.0.0
MenuUI 1.0.0 by LetTIHL for API(s) 3.0.0
SlapperRotation 1.2.1 by jojoe77777 for API(s) 3.0.0
PureEntitiesX 0.7.0 by milk0417, RevivalPMMP for API(s) 3.19.0
giftcode 1.0.0 by LetTIHL for API(s) 3.0.0
cayphattai 2.0.0 by Lettihl for API(s) 3.0.0
PHP-Sell 1.2.7 by Muqsit for API(s) 3.0.0-ALPHA9, 3.0.0-ALPHA10, 3.0.0-ALPHA11, 3.0.0-ALPHA12, 3.0.0
BuyFix 1 by FPVGAMER for API(s) 3.0.0, 3.7.1, 3.8.1, 3.9.3, 4.0.0
NapThe 1 by phuongaz for API(s) 3.0.0
detu 4.0.0 by CLADevs || GreenJajot for API(s) 3.0.0
PrisonMine 1.0.0 by LetTIHL for API(s) 3.0.0
AutoSellUI 3.0.0 by LetTIHL for API(s) 3.8.2
thoikhong 1.0.0 by  for API(s) 3.0.0
PiggyCrates 2.0.9 by DaPigGuy for API(s) 3.2.0
luckyblock 1.0.0 by LetTIHL for API(s) 3.0.0
luyendan 1.0.0 by LetTIHL for API(s) 3.0.0
VanishV2 1.16 by superbobby for API(s) 3.0.0
AntiToolBox 0.1 by NgLamVN for API(s) 3.19.0
KitUI 1.3.6 by Infernus101 for API(s) 3.4.0
BuydetuUI 1 by FurryJaki1992 for API(s) 3.0.0
capdao 1.0.0 by Nguyễn Công Danh (NCD) for API(s) 3.0.0
LoadWorlds 1.1 by shin for API(s) 3.0.0
BetterVoting 1.6 by Twisted for API(s) 3.0.0
level 2.0.0 by LetTIHL for API(s) 3.0.0
ShopMob 1.0.0 by LetTIHL for API(s) 3.0.0
freeze 2.1.0 by Bavfalcon9 for API(s) 3.0.0
NganHang 1 by GreenJajot for API(s) 3.0.0
AutoClearLagg 3.1.0 by Twisted for API(s) 3.0.0
SellExp 3.0.0 by EzMinh, LetTIHL for API(s) 3.0.0
HealFeed 2 by JackPlugin for API(s) 3.0.0, 3.1.0, 3.0.7, 4.0.0
MuteTime 1.0.0 by LetTIHL for API(s) 3.0.0
SizePlayer 1.0.3 by  for API(s) 3.0.0
essentialsTP 1.2.2 by  for API(s) 3.0.0
MuaPoint 0.1.lpk by LamPocketVN for API(s) 3.9.0
AcidIsland 3.2.9 by GODSMineVn for API(s) 3.0.0
Buyrank 1.0.0 by LetTIHL for API(s) 3.0.0
restart_in 1.0.0 by LetTIHL for API(s) 3.0.0
shopvip 1.0.0 by LetTIHL for API(s) 3.0.0
UpGrade 1.0.0 by LetTIHL for API(s) 3.0.0
Item 1.0.0 by LetTIHL for API(s) 3.0.0
OreGenerator 2.0.0 by vividmemory, LetTIHL for API(s) 3.0.0
TempBanUI 2.3 by SonsaYT for API(s) 3.0.0, 4.0.0
ScoreHud 3.0.0 by JackMD for API(s) 3.0.0
RPG 1.0.0 by LetTIHL for API(s) 3.0.0
WarpGUI 1.0.0 by RockPanther for API(s) 3.0.0
CustomItem 1.0.0 by Phuongaz for API(s) 3.0.0
QuestPlugin 3.1 by HmmHmmmmm for API(s) 3.11.0
Rewards 3.0 by Wertzui123 for API(s) 3.0.0

----------------------REPORT THE DATA BELOW THIS LINE-----------------------

===BEGIN CRASH DUMP===
eNrtPWl33DaSfwUr+23kXfVB9q15zrOsw1Kio8dqHzthnh9Igt2MeIVHS+1J/vtWASAJULLUkjva
/ZBMMmoWgUJVoVAXQPLfW16chjT/smRp5sfR1m5/Zyv3Q7a1awxNczDuDfrddrc7HPeMna0iEbf6
7Ul/bAwmk16vO+macCegWX6YpnG6tfvvrXyVQKMtfn144zDoBZh3tkKWZXSOtz5ELvP8iLnEh183
u+S8mNGP59DGK4LgyA+wUbKg6W6ns7/b+ZABdZ09N/QjP8tTmsdp54BlV3mcdM4u9046SVDM/Sjr
XB7OPp5MvyzNdq+N3TtZ6nTO9qeHH887lyz/6CcATnAYOcTa/aBPAASDWCbALtDgwO9ftl50yfo4
tqHvq12SxM4Vy4EXZllF7geZZX3AP7u7TJPYMY3cgKXbfpSzOUvJeIcA8340/8Xs/Uq+IcKqzXjy
K9m0BHdISQtKgdA0patfer++AuG8MB4jCHMIchAgyxKw1o+571xtc1wmSULshP/V0upkzoK5BYik
M6PZVSkeozdSkM0ACd5t/RhH74uoEp7BEffWQXxZXm0bo0ljvqqWMFJNQ+vH9NZQ/buHEkLqTPmf
MxrBeki3h4P+/eNUJLV+DKkfzRYpo+4xo2luM5o3Rh7cPfIlS2GRb5u9cZMpQZNlaUSJ+agGzhqD
DO8fxBiYjUHEHXWWR/eiMCaT+1BM09gBcxKnAtf4flyD8fAbuLIchChwTO7GMeU/z+Dntnlr/ZZo
vnxx4ggWVuHk27H9G3Ny8pZmbB/sYnYaU5elO0TC71j+ZzCnp/F8jq3k8u0NfyX7u2AZcOFalrZy
LUsuXegJa9eyql79/iN6yfVqWWL9dh9kv2c22c+EfAUCQyDYNrBVyn4v/JRtS8ImxqOsUT1o62xa
GxGdrFdbv/65s8U24nW+xx0AEaLjFz9axsGShSzKAZsL/Dv5VnkXIAIvQJzYZUizMTYBbOXif4TA
LWPc00BFlLF8+yUNgl9eRjRkv776B2/V11q9zBd+hisjZKDTLN8LAt5HNh5UjQn5k0OGCoQDRgrA
97b/w8+a474i/+Ytx2vRN2kOOek2hpwYCuBllpPXREHzi7XlFGkKomwt/cTa+pWjnZhNJD0ViQ84
2E0SgHi3ra0d+BcRC4om/WZXVSovXZozA7qDPuYxynH7pf9LV3IzEeIiRDY0tYYIgeFWrbDlWluv
ZJeR3qUHXaidbcv+LTmibFzK9OWCBQkKgnfpjIf9ble0KOXJ7/ShCdjjJYVZxh4ci9ntVkPyy1K+
MJ2y14+vwXzDNP75dwjzdwjzdwjzdwjzdwjzfx3C7GzNWcRSGmA8gJ4PjLbWFwizYR7qDH2r1zYm
bQPhhR+4EINAlr6z5WdfXLbc2vVokDEIOtI4j50Y0PYxdZ/7GJLQkeN2x0a3a3apZww8u+eOJoY5
ckYjxxuMht3xwHH7jgO4C0nLJ7DN8XVGzmfk4PDy59nFtPXzkfHx87u3ZNjuEU4CmQy7XbJdNhUa
RcABmeS9SS5zMDE0dcmh66NTeEX2zg6GfQyMIBff3RqBkTWRna8scjl78hpuf4kzpOHk/HwGAH5x
7Uc8ggqTGObgS+DbKU19lqH8qLsAnlPW+S2Loxa0kaGY0Tba5hvPMb3RcDKaeF3a79OBN7Adk5o2
EO92R0PTY102GrMRoHcpcABkx2HHgZjEps5VC7yt7+JEA8Iiuori6+iN/IvE1hNr+xFNV3xhQNMu
jG303nSpzVhv7PaZOR4aQ9PwzKHpjCbUpD13OJm4YwqkeX0d1Z2DG+1uu/dm2B+NR33oMxzaDqUj
NhiPB2bfZDCHZs8xB2zsDAbUbCDE5Rzw5SxpM99MRoPRxBz3zf5wYPYmPdsYjWkPtKE76hlGD3A7
k4lh2DqmIJ5zDGbbeDPudW2QqOl4kyHzRt0ejIwMD/u9rumZ8H89w6H9yS0MrSTnjqAUVO8N649G
zPGGzDGNvue6/b4xYNRwaQ8uJu6oZ3sgLUZ1VCHNF5Ka4RsYdDBy7LEDzo9OxoPJcDSy+5MhHY3H
rj0xTc8dOJ7T01FEdl7yM34z8cYmEOyOPJgTx53QwXDI+n172HP6njGmo+FgRNm4Idz6ZytMqoX6
5hGrTkGW0ivQbSEXoMl4M3Ec1h+M7bHtuazH+q7n2iBrZziYeM7IHnnMHNoDp6FBWRTHX5kU7+DN
qGsP2GjSG9HucDwauy5YRNqDPMRh9mjoDobmZOyZjttAkgQcQx+0ZWh3xzYQPnb61KPGyOhNnAk1
bJgYw+4DLz3DZcbQ2PqzSoz42jyPZ1PFxvHLna3aqqFW49KjRb6I0wxDU3r9lV6jiaSJj9c9aNLF
axZRO2BgLMBdga1zWQKmA7vAvSz28gMVgOEG2j5EZllRnCfCXWEOBwsB7e3F5ezTxfvTAwBdMzvz
c6RwkedJBtYeTOeisNtgTTqCIODr7DKh14IvyU8JUVky26bO0CHkh5dA36Z4koOiOyxHlyxdzvbe
zz5M72To+vq6zYASxNrOr5CfvSKPP6vTIwH6BMEU6fz8BKbp7GBT3Ahs4PP52E+eJIGmIzkA5k6i
5SVjCnMS0NS+BnNvA1gAx3Hqf4W4aFM8akgtS1BiWSLAeohZZOYiwsLDjNfhK4YUoM5UT2fpX8zF
aNEYboqdCqFl1TQ8eeYqbB2FIeD5I438IKCHkbOgUY4+XV15d91VpdC/PbWzBdv7Ci7vlhh20GY/
XRxLQYpl7UMQ8gQBlHR17uIJBHHO8gVLeffakFYwfepNHiIqTH9iaf618A2zt6nZrzFaVkXGk2e/
xtapeUJbS2+kHDR7q0AfYPwzi+Jk4Qe+s9oU5wpK5LciRbtYZzkfQtIVh6u96YnCmwJUWRu0R02H
EkfMhv82xZZEZ1lMUAA4LUuj5kGGLpM4mjN1pkrI/eZ2QxyAQV0NBpDVikHXU0ake+rP56v9Isvj
8A5tu+uu7un7TRtzQKHTu0JXOYgHn8xaidCy7qDmTuATFmE5SOcOdB2U06c4DVxVNBKgSqN3O5TL
ihSMI8uv4/RqU9rKcVrWNSfAsipC1uJZRqZtjqQNlHVeCETIpOB7LwCLpLKqgfXpN/7aQE8dGbyL
TsfTQr5Z6rs8O67YKyEPxEV2Gl/5LNT1evB03iQ+y5Ljgyqf1aQ8uHAxSNiHTB+ydZaq3GjwJk/m
rYDggPl23Jgv86k8aYM3jdBdE4WcvMVaCktncRyoWqeBm66u27JZThvc7H9lzmJ6dsCW2OGjf+Nf
7f9rU6roIPIkdAG5ZdmCthxps6wGpY+1PQrZHQ0VmuciZVOWhppRrmC6VCBLbTkm1WUy7B8ddbvk
P8k0jbGIeRJ5fuTnG4sIvogBQHlLqpSfTxAG7yu3I2o8KInYj3I9XqhATS3v3RktkD/IkX/DXALa
ST4kuDVE7BU5paEoPH4814Qy2UA8kSCFPJpQaH1gOXB7DrOV4y5qw9+UYN0I99rjRgEh8ItgY1Ms
sEmHkwgK1lnbd8zuWeGnns8CV60ZlbtPecqwopXlLO1o3GIwXAS5z4FqLFwDdQ0YtNeyDHjsalXk
WXHlw+8r4NO/yv4SexEipVx+IDiV6u+xFQoitKKYYWf7cQSCyDWP0LzT8OBNHx7S3EkpzE66KVHU
GMFW6sQ8pgRwHh+kcaLV0jjgAb99ElG6ohsLSSQ6yPz46OtH2heeh5uOavlCQvQJuWW+aLD0o27P
mGxuQUuElgUkQIzrVj/WYeRnxhLINyBOidOVwo4Ob8yKztLPi5i+o7D657DGN8WWhtSyNHLWn6aU
rVbxnH7K04Wv2l8d3iwQDnX+ZOOziAXFzR3Vlv738CmRAxnG+mz9vJqzq/c0uso+qC5UAzdqaLcm
Ddum9PeQbiyVUVDChCm0rM+YTNNP9aWlQpv2bgO1BLVU8Yi6QsCXmk7bw5WFBTpMtbAgAA+YvZ/o
0mfpKYujyWSoFz5HD3FXGqZ7i9YqessSRJV/1+IroEmiOaoSonM2bDqo3+LfYjbCf/RcrPcdKbUY
+ck1vJqkTskEcHgUp6EesZaQB1baNzg0n85gjdGyJBHVj7UmK3Z8Glwmqr2vYc0V1mBnP6Ue+Hqz
awzhv9Gm7aETurjbx+dvP3Qvxe+1i1+XizjRbKIKfSBWurPY9ehp0gufPKyTkK1vlsEEfdrFd5e9
BBpe7jr23TKRV1NPDfzALuaxH9qsEUQOnz7LEp1lqTSsuWBF17bYVZGnURU9Lo+najmVzow4pEZm
h3tnG9vE1A7RraOuEM3AUsoWkMXqu3oVVOUBSGuoq2Yt+98Rzxe/A1WW5UdLB0f2/JvHxPG4QwlE
N3ZdEXKL/Dv2Xc/jOHUXhb+xRO03QBqVSC0LhoNUfSm2YwVRD3L0NqBf/egoWGlZVwnT18m4uU58
/yiAqNWPsMfGtjR0rJh3SXKUn+uwxhyFJ+bozDTWiHPKbD3PGoMGPnV5cGwQOmEp0VmwLH/EpsZZ
6y2jeK5PNes1sJlwNd0vzeLoehVFRndzSlahtCybkwETUZHzcLV3uheoR+XEdaMqeiuPX4U0ZRvM
4jk+y8oTGgTrz8YRdfD8W4apnhIKKdBmOGQ29635vihzv3wfL1t7Ue5fJjSUSadkTKEEYiJxsS5v
vJxxGfnJ7YqLhOobRLcci37aArwTL53nS7L9pvyJZzT3F6mftaapHzK4g3+L7PTjq++MO85W0yDO
t755TEPh4zEG/oAtm8X8CtRInPvNiKo+A0pmjIYbi/BLAvAs7bJRqV+zeFmT1qlwoAqkgMXhZUtV
BRRoozj5126ZKQPDBGpUPG3D7Ijq2w/iuhH8taI4atEgWTS2Hw6swmB0UJCZVXS7jEabDv4XIa5Z
vu1QEvbwoqXR/Dj2taC/ht3j4X6CEPAPglHIx+hnPwi+t0Sq5IN6QaFMsjE+XNvpFSnbX9C8sVPE
Qc2NIsO4a5focSWQenfmNl88nSjt6tZOw9h/Zks/LrLpYatq8o0NJSS+/rWB7SSOhsegfOBjIINp
gagCbu459nWZQbbkXE0GN9+pAlrup8bySnVCjoTBKadvgfRhhKpR+6CGzFmo8IpXD9SQTlk+Ozk+
3ZRpmuNu9/oHU5wresOOiogzqeXn+p3nZSIRo6/PyAwn9J1mbCrQ/fna1nRRxNGcft3YwTXwWXje
QIwuf63Dw0+QEl1p5fAS8rzCv/IfkQXgE4IKxfzyecnFIdenVxxvmdH57bM3HPiAshzQ94wGe78X
dFPkuxDt04ACxvWYcP3MgTy6HTA8EErbrOBs1SU5hS21TnfvlBzHOdi//Hhjx62fXi78eaEmMHil
0t7YAjrJvx5R237ytsItZ/DNDUkxEJbeH7MdecaiQjNKEvC8KySEQdenWdbW38c5bfiE5p0HjsZ+
o8D+HYw0CHhc2HYIeWnus+xzI3ar4fraHzVnJfSDq27fwMrSewiuljSYnp1NN3YEMxU4kzAEBUuA
MCYJE7FZSeajMyqF1o7OL0YrvpeXLwwoQ5YS9Mxxixx2/Ul16ApSoTynvkK9AnygAAX05/4i2JjF
Sx5TOzueti6ZVmyqQM1V1ahknvG6cJPq1t7p9Hhvwp8xqC6NbuPaaFyb5fWTFyQQfMz3W9eu5RQr
vbIuAfckhEfTj+/2zg7f3/lAxagtmBrLvxNe+/mubFdQtD5L5zSZLbSnJgTgHpaSDcecJT7LEmOX
f9ch32V5oRDPLx94xGX/dA8PR5E//iDv0E79RH+LN3ccWSAH+fvR44x86mdxdMZfnVIvqxr4zCkM
H1g8B74uB7gbgktKCxkUYPMc/BocjJ9+zliiW598IMS/WoAiKtTXsGd5RKMa7rEPZ6Q0Z7cfyhDQ
piOZ/CX703c9Y/HtBzQ4ZdrF9z+QwdHwnemgcK5WNhamFZEowOddSvXA689qUKwAD400+iXouakX
w65POz6gly0+mo3nEDmoUdofNp+EgfDYjm17tbnnYEqMllUSUf9ay6hBvIl1/Lex6vZVqB53N1zl
+fyUho1T498TZkt8lqVQsO6+i7J0SrIwY/Vz/bgfv25utzUz18hjaVRkRtfQWOt/z6HZCqVlcSIe
FZah49er9RXsvuCsSNPVT/TKxxfSbErpNKR4mJvOinOwiI/hyKGJS2MtM+CABxb/+RxsbGEwZxCR
fdxO8frRnBzQaEG2z/cPXm2KRRyHRfvgqRA3KCBbsuAkC9Y8r4j6eutpOQXYMBMNK7Hwo03xUY+5
/rk+dEJOsozaeZxw5YNMjKUf49zXQgcN3Diu2Ni6vvaznLmb4kmiw7MDNQX61VouCKdU9T/8+uGs
dLNRKMtyf/6IGBQLXGexrR2FFZDndZvZowptHqQhX9W4XwIeODT5li49GjhxtLFj/zVGyxI0PCKR
nFN8q526BirQPSZ48ylYjfFxuct+wGh6SufzRvpSw/UM5tZ8bHgh5+VCxvNmDhIRABHi1JlK06Nf
pSDw7mWroAjP9js6PlxEkK8d3qgbIyXkgRTu8CukqosdsuHFJNBa1uHn6eMK2MeMBkeMqSfjK5C2
tm6fIRQ7wt98C8ZO9SR3/3vf6zKVL+hbuypf5M2XnFSgZ67MF/ljTLP/lU0DutLP89fA+5/Q3FQN
Hsc7xfEsq/691inHLMOSNg0y7WVNGrhZ/DT/ChbUES2rMf4a2kP5c6aa9khQI5NpB8lVQ3+e+Bys
vmlVPed6X2BWj8QjaN6n/rWWSXd8V4akij2vgc1Td426yLuLg0ssvH2MNnl6Qx4QiyOmHtwXh+yA
PXHYbr2MJ6XRlZ7vcMjzmgAc8jEPzvE3cn7xI+2puQr4zLSLgdcnH4O6pa/6xRLy/MElvvl5bcI/
JO9Sqm2TlZDnJbx4BM0nuXYUiV8+L7VAyyMOI12k7B1/XWkeqw5OAz+QPS39pe+GLIzT1cZjKJUO
y5I/19phmbEweYvVC/V0UgW795GYyzjK6P/MNn2gU6K1rIqMR0Qh+BLU40J7WLIEPRDd/jWv9CtH
X5+F99N3CvV49cx7Q8tHLONPNE30k20l5AGi34OnnNIIT/VvivD3vAaP4z/2xFXDGCnAB7jY9PG8
euT1WfhnAY5O5jM1Dyq0kdc2TleFIfwL/+hF7IfeBVg9qnvvyexwgZgt6/eCP73DiXpCSlvS2FG5
wqXCrmmqVRlLSGOtP+f7ACUJm3gboETVEW+UpSnwmLPmUxLlW7b5TPAXULeTFA+08QM5u1svptUV
2Y8jz58T/OqHlVrRi0uakzO6IqZJDHO3N9nt9ch/d0fE7JoGNgjj3H19dnFK6sAawWKYVhKn+Wtj
YvRMBF4vgKVW4Gf56y5e0yiKi8jBt7tgEtaizsJn4hsh2es44njw3a0t+UIZmCzRMaQ3sk/22hwg
ZE7RbbpM3PfiFLBWsNjzEAoScNHWltdgxuQoru95vlME+eo1J3ReOspWhqdsonn2GsG8AtpCPXod
8C2lCpYx5ipN8Hsrrw8Oj/Y+nM4QKhSmBTqeruSQEpRCblDSg7/bCc2y6zh1X/8X/weEVORxK6NL
JjsufXbdckGGFCT3eoygGzu+aaH2yiYwCfOCztlrFs3xWnthcXsV4guLXxBUPuLw6S5SfiCNzzoB
4RFNd0ALyGzBMkZKaRCaMgKGmUAak8EP0BEHJzMnNiN+5ASFy79cQW5pG+K6jEPo6SGCJs6MemyH
xGjzM0RJ7JTRK7KKi1TiIr5HYFJ9z+cjwHzil2SCFSI+Z9cVuo7LPAozmpHrOPohJ2iKaEpQmiEw
iy8PXyGF+HEYwff1gkWkSOYQFgOCthWhFgtku1ZEyItPC/6IGcljGCVyCaCQb+YHGUAeBMqfA1H8
Nic1iGEYYBV+sZzLy2VL32FkwT8sgZAQMQt1LWdtl/DX1OONbFHkbgwLQH6oZ5dYW/IN8k4QZ8y1
tjhle0EQXxNcWEBM+aUOsvQp+SeqHLbhule+RmmXoOXiXQ+5Hso+/K1XuEQIzBgIBbHZKyJFie2l
2la3FWJffPJBIHEEcqWuSyC5EuJHseI3HUjIaFakfHkTELrNkGgQDvu9oAGKbe4voe2SBgUj23JQ
MDSvELsYERYMQ5vSArHjBxV24TYf+7wIbZAKaNVetooc/KoGwfcpgh61eYMPIC2u2iWn2GyRQmZe
wOxB82yH8JcvEbn4YT3sEHyVPjCCboLLBswywsIiAg3CJgL5JZ9e4Am0LI1vfNAwBmIAlrjmRhVx
KFtJ0ImHuoptUCd3iJ//AOLLU97NZWjvuMo0OpNt4KGAdWNysXA2WpLTXY6qqauUK0daRBFOp4sG
Kk74JPA31GVtcsCW8jcJ/fkCFjMeKd5RF59UHJRImhZJLqBCYCgYSFmY5ItPLixK/oUBVywIuox9
F8i+mwLUEdS5GAQN2tVWFA0at0SjStPA/PMMSSzKd2CJQXvQ7RIBh3UQ+jmu7ZDNqb3KQeLkUoi6
y4XrZ4ibd5/hrF37XPJco2DRXrcEolLJMs6h5wOJYJEYvi0I0eD2SDmkUHKYrQKXKZnHMFExLlPU
ChxozslscdJ2SRe5gNG5CRZv+f9/zwHGMffRj971++iHwDbhJEjzWZEk0WUEzAf6R7B7JUE4akmV
0TX7kjBuBD7xVSHpy37YAIV8XXCS0GIQ+REuWOnshjkFN76xIFmsSHRWVWt240CUkNUcCcN1MTvc
JbPjk0tyenJ2MiN70+npyeElmR6+JxAN/nz4fodAIzK7gFaH5NPxxekhmb6/2D+8vGw3TYAmD3Mw
lOKYstSPuUNGQ5whg86CcZPMpVEZWwNkDyGBy20Lb9LCKoEwsxwVxIfAJxho0Cbk91vKJpQMIj50
gBE2k4NxzAIJmN7akAuPxMe4QB+Cfp53aN9ujbogg3CYtoQ5GA4IySK5Yl5F34oHUC+WZDWrva7k
NXt1N0mS857kfE5TG1ZGy4mDQMSi3ADdLV2+1JAc2YvIXmC7QxoVPPhQKYHArAAdfLVT+oSmEpZq
KNyr5wEuwW9YL8E2uRA2Xyg8RA9xEbgVLT44keuI1PRnAnHCyQdGh92u5BVGO+LG4paT5KojMFS8
eWkcls5W9JYtWqpqqjOM3MiZvKUb5A6V0rTjsgwYccpSGAnVUCqyW4SJiK5ECEfkjRbeKOfrABvJ
Dpx2TmbJAVyBm4fFTu8QMDhtcHwwwhKULMsg1wTDkC9g1uZltIlGC0erqdopJ1LECDKobAtqsOk3
5YR5jrMooquspH2fJgj1wyIEH4vP/pMyF8CJJCIrElTUcsX1IkXJV8xtHYNgO5EU8QFbGAUX4HT7
1YwdxOJWU6cxNkKrJ/CLxuUSErhkQ5UzHjm0HIov7ajmBUjhsQqEjyg9oE4EGAJLgm+HxEQD+wgO
a+6gm5Sn4KccGRvX0S4KEPe5S7z3o7pPD61IvrB7V7oICM0WcSBCTJvmkMliJM5JzvDDekQ6GW7b
ROYj7wrXYrMq2BTu7YU6S+UtNKvpKkfkO6RlKBPIJ48P3MpLYqQL4Fa7jmN5ioohpCs4x1yGB/rY
GYCSrDY5hlgQdOk1D+7I/vTDDvQFGmxYX9e+C2rPYwVhPSv8LY5/lwzLsLuOyDMuHaVtm+y5YKgW
NPA6+PJdnia4DHRYDgWDEqyOoIIpC7F2ewoyNRU5vEGrhiEmDdoEifgwjaZlsF0ngJhLIFFYRMGO
RRIlLXndyG7O5KrL/K+smk8My8tpxG3YMmSCsF2oh+Ja+xNTdHrVJlPZJ6DpnHegMhOVusBH9FI6
RxZgTkBsWRLwiAXTy5DiewVg5BTnaT/wsWLC82X8MBvLcnI2+8ApzYAlZNsucoL5OZ/KejiRXLRL
WxPmRQt77XJqUctdZhfz3TJh+ZEYmKjIcG0BS5XfJzI9zURCjZocZbFwXFIbDEQmjJPAtr+IIYFF
DSzzFFZmotyCuTSnJKPL0lJiBaSsE+E9JYUFwnghTgQssh7xW+xHIhnmZaIfyGc7vkGtT8nJAdn+
/OHk4BXBl84ugAZofw3mPknFSwdAMTB/SSF5adcRIGhCzJtwYeO7LD6/PS3xy9xGgfzAB8NiEXea
EH1gksvdMOctLqsj0oUoRRzP48PCPd9btW4K31UUkUKcAtaN0by0m8C/+LBdmQbwFFJSCnrD5Ous
o9gJ/ITwvqA2WNVzKKaSYbwss3J0adIPcFvcKu+JIbPaApaFL7VCMuMlDqHvsIpAvGIyeFup3EUm
Sy0OrORc2DrZpyX67JIEgqSlH+Awwo5LGyVHQUdEo3mVKETYLWj6w52ylVYxu7MqJWZ5L4wLXMKe
cDhyRaMo5Ryjg0UTxesRoIf4m3tI6Pye+0ulM2c8YiL/tZlAZjMPFyCvanIXtygVnus4L3Zqnlew
jwNV7IMhIrRJaiI+mAmjMXBqd1HZvZtMmgIm0I9y3QGxZWf8W1HT44sZqwOtgr8WPVN0kp9N4wPx
6q66Ng/4YPzph4xbIJQnS3GmifiKIJHcEVlNKT0476OxDvhaxCQvyBzysKwWT12xqSTUvi0iaZuu
qc8TNbCTkMWIuUnipAhKZZQX6Mp4G2kRe9we8gi/lUgrhs4EDRN4Oxk782qtqFHtSi+OJTWeNwqw
cIJyvvBgblXscGu5ob638HHSBqhabjo4WUC46cXKjMAqa4mdg6rlIsaZ4aS08Sndth9zisGSrULM
ezJ8LDkDDrOadEzm5H1S3+cscCtG5/MUMmhRLZOlNVFBwI8oXzX54/TBCr44uMCPiLakzReuD43C
NRPBNYWlc81HzDjhNQMc1lbq2eBpK8kL1RSTc0uoMKHivlQmcPL4IUzuqtQYkcNjVXQQdkeoJ0rp
aofwNxntEPzGBPfPeRWGgen1WAqhdgstUIT+T9wt3ZVwFlQrhcndKMW/FhBygivnVqw0FhIhn3lx
vxzj1kwLXtWpzv2wttXSASNSbI8rAU0zziwaTByQ1/hkp7Ke264HkHfUEUpp3u/ipdkWsytWhVI6
kTgAfS7lWRZJFhLILQZmOTJwlhYDa86Qm7g8cvS9ChGkH8CI2GBAC1RWDoSNA3zSRJaejQY+zWRa
ApEkDZOgvMKYB2iUc7VbTpq4B3qLJaxd8gsPVsB/7vCa1q+IVHxAp3KT6sYHZwMDR/ywi6galPtP
vBxwl8fiDp176IwHyDzbxJfCAq3S3arki3E5DeInwR0r9ArCe9Uj7pKj073ZrvmP0c5gcmPs9G56
O+Y/jH+4GBDxdb6N32Bw0Li+HneFKRZX/cErEeWJPQY1WRcrHH0LyFjW0njowYthMGvOiojvKxdp
aZTLDCWtdie4xQE84KocvvuTlQJrlTsboAsinH1xxE0NH4q315AUPFIQkC8KpMVjSyXoi/m32gm7
AcOXyeTOueJ7rjyRAYnYPgTmKxHE8XbIL5ACqYdwI2LNCC45fghG0spWb+1ssZucRZkvX0XJv4+n
fPrXduQXXCsI7irhZ4M1WBx+ceMcjKEGxZ1IDVCkgXqNJkK99vyAv6OuhsxD7UPEC3wbkHLtwypb
qgD8vDA/CiFeQBHaYotMbZLJrx6rsMTRuX7PPFlc0Hpys5/pIAhQQhVyOT1VL8NV9nvAv54sf5EB
vhjHxL0F0sJPMQ+6/e4Ifr48gSUxchz4dzJkw9HAG7ojkw0cr+uZw5HXHzNjOHJMattmj7wE3Hl8
xSIIDzSJrSjfYS2f1/iKBwbxKaYBfzvYV/Hl2qo1XN6E+pzEyI7Z7fYMw8RDqdODC01UbvyFs9IE
AsjXpxPMRZRlWsNLHw3C5zNNRg0K4BLTbJ0tAF7jdwc1oPKNYjxCa+BntoHgha6ctbf+woMx9fvP
KCJ/Lr4LLZ+qQDFxlIY8lcsNmmuX3yBGPU5XSR5zgDivMndvzbmvqQmXTU8FQY5XcPM9L4QyluT8
C2O2iykvD9Ud/vzzfwHY+85V
===END CRASH DUMP===
