PocketMine-MP Crash Dump Wed Jun 2 03:54:53 +07 2021

Error: Undefined index: NuTaVN
File: plugins/SETVIP_v2.3.phar/src/MCPEVN/SetVip
Line: 191
Type: ErrorException

THIS CRASH WAS CAUSED BY A PLUGIN
BAD PLUGIN: SETVIP v2.3

Code:
[182] 				  
[183] 				  unset($all[$name]);
[184] 				  $this->time->setAll($all);
[185] 			  }
[186] 			  
[187] 			  if(!isset($all[$name])) {
[188] 				  unset($all[$name]);
[189] 			  }
[190] 			  
[191] 			  $st = $all[$name]["current-vip"];
[192] 			  
[193] 			  $i = explode(",", $st);
[194] 			  
[195] 			  $date1 = strtotime($i[0]);
[196] 	    $date2 = strtotime(date("y-m-d"));
[197] 	    $date3 = abs($date2 - $date1);
[198] 		$help = $date3/86400;
[199] 		$date4 = intval($help);
[200] 	    
[201] 		if($date4 >= 1) {

Backtrace:
#0 plugins/SETVIP_v2.3.phar/src/MCPEVN/SetVip(191): pocketmine\utils\Utils::errorExceptionHandler(integer 8, string[23] Undefined index: NuTaVN, string[89] phar://C:/Users/Administrator/Desktop/MSAI/plugins/SETVIP_v2.3.phar/src/MCPEVN/S, integer 191, array[3])
#1 plugins/SETVIP_v2.3.phar/src/MCPEVN/SetVip(26): MCPEVN\SetVip->tick()
#2 pmsrc/src/pocketmine/scheduler/TaskHandler(137): MCPEVN\TickTask->onRun(integer 1)
#3 pmsrc/src/pocketmine/scheduler/TaskScheduler(179): pocketmine\scheduler\TaskHandler->run(integer 1)
#4 pmsrc/src/pocketmine/plugin/PluginManager(654): pocketmine\scheduler\TaskScheduler->mainThreadHeartbeat(integer 1)
#5 pmsrc/src/pocketmine/Server(2389): pocketmine\plugin\PluginManager->tickSchedulers(integer 1)
#6 pmsrc/src/pocketmine/Server(2152): pocketmine\Server->tick()
#7 pmsrc/src/pocketmine/Server(1992): pocketmine\Server->tickProcessor()
#8 pmsrc/src/pocketmine/Server(1586): pocketmine\Server->start()
#9 pmsrc/src/pocketmine/PocketMine(291): pocketmine\Server->__construct(object BaseClassLoader, object pocketmine\utils\MainLogger, string[36] C:\Users\Administrator\Desktop\MSAI\, string[44] C:\Users\Administrator\Desktop\MSAI\plugins\)
#10 pmsrc/src/pocketmine/PocketMine(321): pocketmine\server()
#11 pmsrc(11): require(string[91] phar://C:/Users/Administrator/Desktop/MSAI/PocketMine-MP.phar/src/pocketmine/Poc)

PocketMine-MP version: 3.19.1 [Protocol 431]
Git commit: a7cd0810020af15fb3d79127c77cf576085cd4cc
uname -a: Windows NT DESKTOP-KF1VXGB 6.3 build 9600 (Windows Server 2012 R2 Standard Edition) AMD64
PHP Version: 7.3.21
Zend version: 3.3.21
OS : WINNT, win
Composer libraries: 
- adhocore/json-comment 1.1.2@fc2f76979f0a44a5f5bc2a2b600d0762fe0e78e7
- daverandom/callback-validator unknown@unknown
- pocketmine/binaryutils 0.1.13@0abee38d4e2861621f262c79a2a3d699d8a697f4
- pocketmine/callback-validator 1.0.3@64787469766bcaa7e5885242e85c23c25e8c55a2
- pocketmine/classloader 0.1.2@9757928424652393b178a3760073113aa7c9911b
- pocketmine/log 0.2.1@830b44a2cf96ef703c550abe64302f230231ca49
- pocketmine/log-pthreads 0.1.3@e477ecf6ec214fdd4415ea1da3fdd9d73bf699ea
- pocketmine/math 0.2.6@43057cb8c179a9859677b496a788db922fd5cfc3
- pocketmine/nbt 0.2.18@9f82ca4d7f97fcd9a566e44b63c4f18a7657ae82
- pocketmine/pocketmine-mp 3.19.1@a7cd0810020af15fb3d79127c77cf576085cd4cc
- pocketmine/raklib 0.12.11@9cce458b8bfde3e4dfdbf70c659fc7b7fe26b5c4
- pocketmine/snooze 0.1.5@70b5e7937a06878dd321a3182ceb76d56298f2cd
- pocketmine/spl 0.4.2@6b08b7cf8c4afa17139c9a1b3bf1b408531de161

Loaded plugins:
TPAll 1.2 by matymare for API(s) 3.0.0
TimeCommander 1.0.2 by TheDeibo for API(s) 3.0.2
FormAPI 1.3.0 by jojoe77777 for API(s) 3.2.0
HideCommands 1.0.7 by Himbeer for API(s) 3.6.0
InvSee 1.0.0 by BlockHorizons for API(s) 3.0.0
NoTP 1.0.7 by awzaw for API(s) 3.0.0
EconomyAPI 5.7.2 by onebone for API(s) 3.0.0
Farms 1.0-non-alpha by Dấu Tên for API(s) 3.0.0, 4.0.0
Worlds 3.0.7 by survanetwork for API(s) 3.0.0
BuilderTools 1.2.0-beta2 by CzechPMDevs, VixikCZ for API(s) 3.0.0
PiggyCustomEnchants 2.4.0 by DaPigGuy for API(s) 3.19.0
PiggyShopUI 2.1.1 by DaPigGuy for API(s) 3.2.0
AutoXP 1.1.0 by JackMD for API(s) 3.0.0
Trident 1.0.0 by brokiem for API(s) 3.15.0
NoDrop 1.0.0 by Inaayat for API(s) 3.0.0
Sponges 1.0.0 by  for API(s) 3.0.0
EconomyLand 2.1.2 by onebone for API(s) 3.0.0
Netherite 1.2.1 by Wertzui123 for API(s) 3.0.0
SocialSpy 2.1.0 by Crafter20162017 for API(s) 3.0.0, 4.0.0
BlocksConverter 2.1.1 by matcracker for API(s) 3.0.0
MSpawns 2.2 by EvolSoft for API(s) 3.0.0
Broadcaster 1.5 by EvolSoft for API(s) 3.0.0
BlazinFly 1.8.7 by iiFlamiinBlaze for API(s) 3.0.0
PurePerms 1.4.2-c2a by 64FF00 & ProjectInfinity for API(s) 3.0.0
PointAPI 1.0.3 by onebone | Fixed and Update by LamPocketVN for API(s) 3.9.0
OnlineTime 1.3 by Zedstar16 for API(s) 3.0.0
MaxEnchants 1.2.1 by Xenophilicy for API(s) 3.0.0
KeepInventory 1.0 by KhoaGamingPro for API(s) 3.0.0
DevTools 1.14.1 by PocketMine Team for API(s) 3.13.0
OffHand 2.0.3 by alvin0319 for API(s) 3.0.0
VanillaEnchantments 4.0.0 by TheAz928 for API(s) 3.0.0, 3.1.0
PM-Beacons 2.0.0 by jasonwynn10 for API(s) 3.0.0
reyyogaWtrhit 1.1.6 by reyyogaMnelux for API(s) 3.0.0, 4.0.0
InvCrashFix 0.0.1 by  for API(s) 3.14.0
SETVIP 2.3 by MCPEVN TEAM for API(s) 3.0.0
KygekRanksUI 1.3.0 by Kygekraqmak for API(s) 3.0.0
BlockSniper 3.2.3 by BlockHorizons, Sandertv (@Sandertv), Chris-Prime (@PrimusLV) for API(s) 3.2.0
BangHoiUI 1 by JVN | JackVnKiller for API(s) 3.0.0
CustomAlerts 2.1 by EvolSoft for API(s) 3.0.0
WorldProtect 2.3.8 by aliuly for API(s) 3.0.0
FactionsPro 1.3.20 by Tethered_ for API(s) 3.0.0
ec 1 by McLebt for API(s) 3.8.1
MultiWorld 1.5.2 by CzechPMDevs, VixikCZ, fuyutsuki, kaliiks for API(s) 3.0.0
Slapper 1.6.1 by jojoe77777 for API(s) 3.13.0
AutoInv 0.0.10 by JackNoordhuis for API(s) 3.0.0
AuctionHouse 1.2.4 by Shock95x for API(s) 3.0.0
Shield 1.0.0 by JavierLeon9966 for API(s) 3.7.0
PureChat 1.4.11 by 64FF00 for API(s) 3.0.0
PureEntitiesX 0.7.0 by milk0417, RevivalPMMP for API(s) 3.19.0
RPG 1.0.0 by LetTIHL for API(s) 3.0.0
NapThe 1 by phuongaz for API(s) 3.0.0
BetterVoting 1.6 by Twisted for API(s) 3.0.0
TrashGUI 0.0.1 by Phuongaz for API(s) 3.0.0
HealFeed 2 by JackPlugin for API(s) 3.0.0, 3.1.0, 3.0.7, 4.0.0
level 2.0.0 by LetTIHL for API(s) 3.0.0
help 1.0.0 by LetTIHL for API(s) 3.0.0
QuestPlugin 3.1 by HmmHmmmmm for API(s) 3.11.0
WarpGUI 1.0.0 by RockPanther for API(s) 3.0.0
PHP-Sell 1.2.7 by Muqsit for API(s) 3.0.0-ALPHA9, 3.0.0-ALPHA10, 3.0.0-ALPHA11, 3.0.0-ALPHA12, 3.0.0
OreGenerator 2.0.0 by vividmemory, LetTIHL for API(s) 3.0.0
shopvip 1.0.0 by LetTIHL for API(s) 3.0.0
VanishV2 1.16 by superbobby for API(s) 3.0.0
essentialsTP 1.2.2 by  for API(s) 3.0.0
detu 4.0.0 by CLADevs || GreenJajot for API(s) 3.0.0
thoikhong 1.0.0 by  for API(s) 3.0.0
Joinkit 1.0.0 by LetTIHL for API(s) 3.0.0
TempBanUI 2.3 by SonsaYT for API(s) 3.0.0, 4.0.0
CmdSnooper 1.0.0 by HotshotHD for API(s) 3.0.0
luyendan 1.0.0 by LetTIHL for API(s) 3.0.0
SlapperRotation 1.2.1 by jojoe77777 for API(s) 3.0.0
Buyrank 1.0.0 by LetTIHL for API(s) 3.0.0
MuaPoint 0.1.lpk by LamPocketVN for API(s) 3.9.0
ShopMob 1.0.0 by LetTIHL for API(s) 3.0.0
PrisonMine 1.0.0 by LetTIHL for API(s) 3.0.0
BuydetuUI 1 by FurryJaki1992 for API(s) 3.0.0
capdao 1.0.0 by Nguyễn Công Danh (NCD) for API(s) 3.0.0
Rewards 3.0 by Wertzui123 for API(s) 3.0.0
CustomTags 0.0.1 by DaRealAqua for API(s) 3.0.0
SellExp 3.0.0 by EzMinh, LetTIHL for API(s) 3.0.0
BuyFix 1 by FPVGAMER for API(s) 3.0.0, 3.7.1, 3.8.1, 3.9.3, 4.0.0
PiggyCrates 2.0.9 by DaPigGuy for API(s) 3.2.0
restart_in 1.0.0 by LetTIHL for API(s) 3.0.0
ScoreHud 3.0.0 by JackMD for API(s) 3.0.0
CustomItem 1.0.0 by Phuongaz for API(s) 3.0.0
giftcode 1.0.0 by LetTIHL for API(s) 3.0.0
Item 1.0.0 by LetTIHL for API(s) 3.0.0
freeze 2.1.0 by Bavfalcon9 for API(s) 3.0.0
UpGrade 1.0.0 by LetTIHL for API(s) 3.0.0
SizePlayer 1.0.3 by  for API(s) 3.0.0
AutoSellUI 3.0.0 by LetTIHL for API(s) 3.8.2
NganHang 1 by GreenJajot for API(s) 3.0.0
MenuUI 1.0.0 by LetTIHL for API(s) 3.0.0
KitUI 1.3.6 by Infernus101 for API(s) 3.4.0
LoadWorlds 1.1 by shin for API(s) 3.0.0
luckyblock 1.0.0 by LetTIHL for API(s) 3.0.0
AntiToolBox 0.1 by NgLamVN for API(s) 3.19.0
AcidIsland 3.2.9 by GODSMineVn for API(s) 3.0.0
gem 1.0.0 by LetTIHL for API(s) 3.0.0
AutoClearLagg 3.1.0 by Twisted for API(s) 3.0.0
cayphattai 2.0.0 by Lettihl for API(s) 3.0.0
PickaxeFunction 1.0.0 by LetTIHL for API(s) 3.0.0
MuteTime 1.0.0 by LetTIHL for API(s) 3.0.0
Kho 6 by ItzFabb for API(s) 3.0.0

----------------------REPORT THE DATA BELOW THIS LINE-----------------------

===BEGIN CRASH DUMP===
eNrtfWl33Day6F/Ba+fcyO+pF7J3zXGOZUm2lEh2j9Ve7oQ5PiAJdjPiFi4ttWfy318VAJIAJUvd
Usf3fkgmGTWLQKGqUKgNIPnvlhenIc2/rFia+XHUOhjst3I/ZK0DY2Saw0lvMu13Jv3+cGLut4pE
3Bp0pqOB2e9PxkNzPBgNJ/utgGb5SZrGaevg3618nUCrFr8+uXEYdAPU+62QZRld4K0Pkcs8P2Iu
8eHXzQF5W8zpx7fQxiuC4LUfYKNkSdODbvfooPshA/K6h27oR36WpzSP0+4xy67yOOleXB6edZOg
WPhR1r08mX88m31ZmZ1+B7t3s9TpXhzNTj6+7V6y/KOfADjBYeQQG/eDPgEQDHKZGiCilDrw+9fW
sx7ZHMce9H1+QJLYuWI58MIsq8j9ILOsD/jn4IBpEjulkRuwdM+PcrZgKZnsE2Dejxa/mv3fyDdE
WLWZTH8ju5bgPilpQSkQmqZ0/Wv/t+cgnGfGNoIwRyAHAbIsAWv/lPvO1R7HZZIkxE74Xy2tbuYs
mVuASLpzml2V4jH6YwXZHJDg3fZPcfS+iCrhGRxxfxPEl+XVnjGeNuaragkj1TS0f0pvDTW4eygh
pO6M/7mgEayHdG80HNw/TkVS+6eQ+tF8mTLqnjKa5jajeWPk4d0jX7IUVvme2Z80mRI0WZZGlJiP
auCsMcjo/kGModkYRNxRZ3l8LwpjOr0PxSyNHTAncSpwTe7HNZyMvoEry0GIAsf0bhwz/vMCfu6Z
t9ZviebLFyeOYGEVTr4X278zJyevaMaOwC5m5zF1WbpPJPyO5X8Bc3oeLxbYSi7f/ug3cnQAlgEX
rmVpK9ey5NKFnrB2LavqNRhs0UuuV8sS67f3IPt9s8l+JuQrEBgCwZ6BrVL2R+GnbE8SNjW2skb1
oO2LWW1EdLKet377c7/FduJ1nuIOgAjR8YsfreJgxUIW5YDNBf6dvFXeBYjACxAndhnSbExMAFu5
+B8hcMuY9DVQEWUs3/uBBsGvP0Q0ZL89/wdvNdBa/ZAv/QxXRshAp1l+GAS8j2w8rBoT8ieHjBQI
B4wVgO/t/R8/a477nPybt5xsRN+0OeS01xhyaiiAH7KcvCAKml+tllOkKYiyvfITq/UbRzs1m0j6
KhIfcLCbJADx7lmtffgXEQuKpoNmV1UqP7g0ZwZ0B33MY5Tj3g/+rz3JzVSIixDZ0NQaIgSGW7fD
tmu1nssuY71LH7pQO9uT/dtyRNm4lOkPSxYkKAjepTsZDXo90aKUJ78zgCZgj1cUZhl7cCxmr1cN
yS9L+cJ0yl4/vQDzDdP4598hzN8hzN8hzN8hzN8hzP90CLPfWrCIpTTAeAA9HxhtrS8QZsM81Cl6
q98xph0D4YUfuBCDTPrD/ZaffXHZqnXg0SBjEHSkcR47MaAd9CFjXfgYktCx4/YmRq9n9qhnDD27
746nhjl2xmPHG45HvcnQcQeOA7gLScsnsM3xdUbezsnxyeUv83ez9i+vjY+f37wio06fcBLIdNTr
kb2yqdAoAg7IJO9NcpmDiaGpS05cH53Cc3J4cTwaYGAEufhBawxG1kR2vrLI5ezJa7j9Jc6QhrO3
b+cA4BfXfsQjqDCJYQ6+BL6d0tRnGcqPukvgOWXd37M4akMbGYoZHaNjvvQc0xuPpuOp16ODAR16
Q9sxqWkD8W5vPDI91mPjCRsDepcCB0B2HHYdiEls6ly1wdv6Lk40ICyiqyi+jl7Kv0hsPbG2H9F0
zRcGNO3B2Eb/ZY/ajPUn7oCZk5ExMg3PHJnOeEpN2ndH06k7oUCaN9BR3Tm40el1+i9Hg/FkPIA+
o5HtUDpmw8lkaA5MBnNo9h1zyCbOcEjNBkJczgFfzpI28+V0PBxPzcnAHIyGZn/at43xhPZBG3rj
vmH0AbcznRqGrWMK4gXHYHaMl5N+zwaJmo43HTFv3OvDyMjwaNDvmZ4J/9c3HDqY3sLQTnLuCEpB
9V+ywXjMHG/EHNMYeK47GBhDRg2X9uFi6o77tgfSYlRHFdJ8KakZvYRBh2PHnjjg/Oh0MpyOxmN7
MB3R8WTi2lPT9Nyh4zl9HUVk5yU/k5dTb2ICwe7Ygzlx3CkdjkZsMLBHfWfgGRM6Hg3HlE0awq1/
tsOkWqgvt1h1CrKUXoFuC7kATcbLqeOwwXBiT2zPZX02cD3XBlk7o+HUc8b22GPmyB46DQ3Kojj+
yqR4hy/HPXvIxtP+mPZGk/HEdcEi0j7kIQ6zxyN3ODKnE8903AaSJOAYBqAtI7s3sYHwiTOgHjXG
Rn/qTKlhw8QY9gB46RsuM0ZG688qMeJrcz6DpEQxcuJ6v1XbNdBFuKZFvozTDENTmNV1SFOGVpIm
PoL6oPs9vGYRtQMG9gI8Fpg7lyVgPbAX3MtiLz9WARhxwAAlPsvKE1hYwmthKgfrAc3uu8v5p3fv
z48BdM3szM+RTgyW5xDmH4E1AYvAUpUHDa7z0mtyM1+yY+bbcYMb87HcaIM3ebmcH76ff5jd4uR1
nIaHszOFhxKiUw+U6dT/Hv8eszH+o9FvPn42aoyWJYmofmwyKae+W/KfKfxo4OaUjHWmTv0QrHKq
cTR6PEcSnWWpNGymZUvRtQMsAGtn0eqSMYUpCWiy05ijVwEs2dM49b9CJLerRaMhtSxBiWWJkHCT
eXobz2cKK/zygXmh11/p9a4Y4MgsK4rzZMO5yPMkgzAPYqZlYXcgjOgKgoCZEwiS43CtLyEFqDI2
7IybNiCOmA3/7Yo1ic6ymKAAcFqWRs2Ds/OapqG6fMR1Y37aEYRTNIAoVmfn2CoMRocFmVtFr8do
dIux/dbgKQwuQzAJSJH8swlHn+I00CyCBKg89W/rXFakKxqx/DpOr3Y1PxynZV1zAiyrImQj9ZO+
s8ORdICy7jOBCJl8hXE3S+dxHKisauCGb4VptFlOGxp59JU5y9nFMVthh4/+jX919K9d8e8g8iSE
vAS4twVtOdJmWQ1Kt12QCtldDRXIZuYvFuujIsvj8CRyljTKVRHddVeVlAlRTsOuHlPo9KZYa2KB
0O7RcikRWtYd1NwJfISIykG6d6DrVnK6XMbJh7OmfCRUl4vBk86H5LJ1RKCbz4siyH0JaX1TYoI+
7eLJEhJouGQOizz+rDotCdBXlNHUk58hU7s43tXiEdgsS4z9aNcl0HQlBxjMphCdYFpch7ES8kB4
Yafxlc9CfRUMH8+gxGdZcnyYzoualA3iiuM0TrTIggMe4OIsonRN813NkkRnWWL0zXOKyySOFky1
TCXkfgZ2RvdqPRxalhx0c7rl2jynWKxphkAc2rQaO4iBVBuxRTwUADlVQCRpe1ivWL5kKb+uVauC
NZ1qwyR+Agf3tfANs78rBasxgo6VZDzaGtTYujVPqI2x49PgMlmr+ljBmjPaWFJHKfVylpo9YwT/
jXcdBDqhi1WMBDOro9C9FL83mUqeu2RHcQTk51rm3rzzgKcLae6kYEgbueLTahESI8RCOjHbJFcX
lwm9jlQrUkJ0jhpr8GQVB5dA2a64kYNiXb4c/Z5CRKmX19fXHQaUINZOfsVnLIVuDs0as6VA9QU4
/Gv5UgaGadKoeCR/Af3qR6+DtaaLJUznbdJMUXz/dUBD34+wx86SSB0raqMkR/m5iSrOipTNmJ5N
1jCdtUHHbDtmI5scDV6/7vXIf5FZGuM+01nk+ZGfr3fF6BcxAIQZJVXKz0fYUt5X7hjXeFASsR/l
eomgAjWde/9O50j+Q177N8wl4LPIhwR374m9Juc0FHtDH99qQpnuoISQIIW8gKDQ+kA18V2Ep2Dm
/FRoxaoCbNQUdVb/xVzcujRGu5rfCqFl1TQ82lNW2LoKQ2hx6c0dWaUKfSBE+MyiOFn6ge/sTLMV
lMjvTZ1K6nQ9uIZ/YSyByBAi8DhVTZQOb+iwzt4vy5i+AXsSLWAZ74pBDallaeRsHroes1WzYFKB
GqndoDlr9Z4smTPaSIL6TygFSAJwb3vVqIbc51tUO1SR1q1w4OL0vFM9SC8hemhwywbRYOVHvb4x
3VkFtkQIC9Pzljwolz82mbaPNPKDgEo9xi1ddQbvuqsyOLidAs6X7PDr1JzcEaj2eXT7SD5XghSI
UuOUPcLklHR17+IJ/cpF+xWjeExD9Sw1sDmvzS0cmsXR9TqKjN6uZlZBaVk2JwOihoqcB6c2Zet1
vKCf8nTpqxUJHd4su4x0vmTji4gFxc2ukw+JHMgwNjc0YJsgJ8qW4MP1TZwKqrIE1DWsjWZcBk9I
Moo/gCrL8qOVgyN7/s02yYU8r6pkhOUBVlXPGtZDHGMj85PDi51lF9oxu4382HrBrt7T6CrTapsa
+IENT942pX+EdGfbAQpK8GEKLZtrFk8VLyM/uZ3NSqi+zXFrevQ9Qphjvn2cr8jey/InnoU6WqZ+
1p6lEPTAHfxbZOcfnz+x0nuxngVx3vrm5qLCxzZ6+opGi9PY16a6hmnz3CjYgqL+h2CF9GP0C1jc
p6b3yma6XrAqS7qoxZtOtajYHwJRmr/TwI2yxV+bDKsjg4/T6XhcOsx3xCCky/GkfGPHrgQ3rE1n
0oxW/CJY7y5UQWxyyy4RFGxytuIOb35R+Knns8BVzwWVJ4zzlOGpJawldDVu+Zasg+fkMoyf1Y3Z
Gto0XWYzwOGlPeZ+eaI6H0a5f5lA0ikieSkjhRLcluUXmyo1cxSWmHPf4rxwzpmtK+8EVPyxPoRj
syyGNs5ZsizffCXyPSk+S2rGVwMbJanORlus+Kzjusiz4sqH31egeP5V9pdsvIZIKVdoYFml+imb
rgoijBQCmuguqYToshk1bdQ3jhU9JaPKxMiPTvxrkrolE3JLEAK4xp4gQm6FcnfsCr6N49RdFn62
u8DbuYpKpJYFw8UQ5InNQkHUg1p9WPCVexoXGdPYUsDNUsZAZ+1yCZZtOrx5opnRNoDVKFmZVDkS
ssrpWyJ9yK9G7cMh7RItsqqnAvDApuHPdOWz9JzF0XQ60gtW44e2rsqs+96tXhU9BLqcqPLvpsXX
oyXNG7VXDmqWXg3jrrrrdvtxdb3z9nTy3fTSSbT2G57rM1v5MFuzk3bV5BslWiS+/rWDAi1HI4V1
Aq4t91n2uSGxGq6v63FTJUI/uOoNDCzRvweWVjSYXVzMdnZEJBU4kzBMLCsBwpgkTEikJHPrqESh
tavzC4J5P3ujiAOvHlgX5yyfn52e78qqJastNtDf0mS+1DZpBeCekCJZFnG0oF93Rq/EZ1li7PLv
RkkLyyH4+xjnfrRQ8xYV3HCejSDv2ofw0d0VLxIdlm9qCvSrjY5Ko+1+o6ViFej+okdrtuPZ+RTH
AR4uEaPLXxudLGY0eM2Y6iYqkJaN3Hb0wtx8s7C4X508HDz1aNBMPvK26XIJ2Iqp5+/F9QMlw12v
7xTibn/BNqcan25ViOaX39cm4ZCb0/vPAjiUSlCTrUL1+kxjCZyGIfwL/+h+5KGadBVt33uUNlwi
Zsv6o+DZDyfqEV61pLGrcoW5PE0TfeGXkAcm7D2EdjMaYcq6q0lDlJaF428+dbPTWfuSac+oVKBm
HNzYmL/gddYm8e3D89np4VQuenlp9BrXRuPaLK8fyzsSfMr3WDbl/F3K3vCHEPNYTeE08AOGAoIK
3w1ZGKfrfbLjFajSYVny50Y+FrKGZOWrBqSEfF8bIkfdfEZwAyhbfjQb+1wc1NgNGTWPsYMdsGPb
Xu/uEHuJ0bJKIupfGxV9sgyjVxpk2pMgGri5wsy/4tCjOqJlNcZ/kA2X5YVCPr98YKfx6PwQqyXk
P/8hbzCE/5n+Hu+uHiuQg1b5kR9vEQoAef7VMtbizhr2XY6fVsNtTvXPsR9dabuEJeT7LuYrf4vS
4ZyFySsa6fFwBbt3I+0SUmP63/Ndb2hKtBAOl2RssSVRn75UNiTUI5n3TsRpnIMlzE93dkT+8SdD
g2IN2KgapFWg76tO5bBbnBwXwd77OKf8HUe3iq7VnQdOIn2j+PoU5dIJ2GJfs1inNLrSHmUSkO87
GzjkNhsDlB+W07YFJEhPdo1OkFw1KH/kYT69XFod1ruHKWUk3AEQBNa/NqubxslFbGuFUwH5/pHU
FiF96mdxdMHf1FUH9TXwO1e3+MDitSNbrAuMM/St7Qp2T6nrdZGm65/plY9vodkVBxpSrkDz4u1y
Ox/i0MSl6samBDwwF28XxRqfNnWGETnCp029QbQgxzRakr23R8fPd8UijsOiI4hMELdlnWOZ5CwL
Njyr9p5d01R7+rSENB4//Z6PjUgSdvHQiETVrQ8ozOni9vEEDnyg3HdM3zMaHP5R0F3x7NIUMFLA
uBmrrp85cep2AoYn92iHFdzUQf58cqMmjSWk+QRxYxJPvoJRWe48/RVoLevk8+xyK+sHdkI/gCYB
91mN2cc3hxcn7+8sYI47olYxkX+nPGJ9UjAqKNrCoPNHWTH9v/1Ir4A26xTTv+SR1bue0P32472c
Mu3i6Y/zcjRdcYaSvwHsi1ZxVIDfOYASA28RzeILm04LbU+2BD2w4P6a523L0bc9qXWWs/CWIeTA
B2Zg1/se9cibs7Dwvbx8K6lkoAJ9XwUqh93itK0u+E1EvmOa/a1k7aWMfVUlLQEPPGX5iq48GkDs
v7Nz+TVGyxI0bM7Eh+RNSjV9KSHfV/TFNo9c+1/ZLKBr/aBSDbz/2axdpcg43jmOB6am+r3ZgZ08
xlBESwYU4APW8i7BTx7/+imJbov9+gXFF8KqRccKdE9Isvu6aY1xi0yfRXoSJgHfV9lDGHRzmn/x
c/30O79unh0dNV+P4LE0KjKjZ2hUD57yqoEKpWVxIjbnAQ+B33qhjwJsbIY09kKWd2zFP1bdqzE3
T6MwgHOSVdTJ40QUHZ2rtY1n3LWyYwX83oXHcuDNpwMPBOMDZq9iNa9QoY2yVzOJP6dho9z1lENS
Ep9lKRRs+uCAElqXZCGDju/KbF/hrwY2n65opBdv3h1fYmXpY7TLI5HyAb84YuorccTDFDB34qGK
TYI8LU5afPcwabFNlISO7ShgND2ni0XD4dXwxmmKW0/67faMVF6ekcLztg4SEQAR4tStStPWD/4J
vIfZOijCi6Oujo8XzdbJkuY59bXCWQV8+BhP7i+DnW27JPk2KbtzRW/Y6yJyGrsVzTvfuRorRt+m
2J83H3WvQN85DCjyLej+ZalWW/FKpbbp/vOvr6ltP/rlPLfOb38zKBAD4RnnzWta+EZZmgIjOWs+
lV2+ZZuPyV9A3UlS3A3kp2QPWs9m1RU5iiPPXxD86oeVWtGzS5qTC7ompkkM86A/Pej3yf/rjYnZ
Mw1sEMa5++Li3TmpHQGCxTDtJE7zF8bU6JsIvF4Cse0A1vOLHl7TKIpBwfHJH4zz29RZ+kx8IyR7
EUccD74ypS0fNoJZER1DeiP7ZC/MIUIWFA/YuEzc9+IUsFaw2PMQChJwsX5RXierRI7i+p7nO0WQ
r19wQhflkZp2htYhWmQvEMyPBbZRWV4E/MxHBcsYc5Um+L2VF8cnrw8/nM8RKtSj/UfB0rUcUoJS
UI+SHvzdSWiWXcep++L/8n9ASGDv2hldMdlx5bPrtgsypCC5FxME3djxTRsVVTaBSVgUdMFesGiB
19oLizvrEF9Y/IygWhGHT3eR8i1JPusEhEc03QEtIPMlyxgppUFoyki+ZATcbgY/QEccnMyc2Iz4
kRMULv9yBbmlbYjrMg6hp4cImjgz6rF9EuNxtwxREjtl9Iqs4yKVuIjvEZhU3/P5CDCf+CWZYI2I
37LrCl3XZR6FGc3IdRz9mBPce6UpQWmGwCy+PHyNFOLHYQTf10sWkSJZQKIOCDpWhFoskB1YESHP
Pi35o2Mkj2GUyCWAQr6ZH2SQ0giUHxyVuM1JhfiRAmKQZ8ByLi+XrXyHkSX/sARCQsQs1LWctQPC
X1OPN7JlkbsxLAD5oZ4DYrXkG+SdIM7A27Y4ZYdBEF8TXFhATPmlDrLyKfknqhy24bpXPmJ3QNBO
8a4nXA9lH/5KFVwiBGYMhILY7DWRosT2Um2r2wqxzz75IJA4ArlS1yUpy4T4Uaz4TQcSMpoVKV/e
BIRuMyQahMP+KGiAYlv4K2i7okHByJ4cFAzNc8QuRoQFw9CmtEHs+EGFA7jNx35bhDZIBbQKAoXI
wa9qEHxbKehRhzf4ANLiql1yis2WKRjnAmYPmmf7hD8HRuTih/WwT/BV+sAI+gMuGzC4CAuLCDQI
mwjkl3x6gSfQsjS+8UHDGIgBWOKaG1XEoWwlQWce6iq2QZ3cJ37+I4gvT3k3l6G94yrT6Ez2gIcC
1o3JxcLZaEtODziqpq5SrhxpEUU4nS4aqDjhk8DfOpp1yDFbyd8k9BdLWMzopPbVxScVByWSpkWS
C6gQGAomBNokX3xyYVHyLwy4YkHQVey7QPbdFKCOoM7FIGjQro6iaNC4LRpVmgbmn5+lFIvyDVhi
0B50pUTAYR2Efo5rO2QLaq9zkDi5FKLuceH6GeLm3ec4a9c+lzzXKFi0122BqFSyjHPo+UAiWCSG
r1ZBNFgVLIcUSg6zVeAyJYsYJirGZYpagQMtOJltTtoB6SEXMDo3weIt///rOcDY5D760bs+jf4s
jxNOgjSfFUkSXUbAfKB/BLtXEoSjllQZPXMgCeNG4BNfFZK+7McdUMjXBScJLQaRH+GClc5umFNw
4xsLksWKRGdVtWY3DkQJWc2RMFzv5icHZH56dknOzy7O5uRwNjs/O7kks5P3BOK8X07e7xNoRObv
oNUJ+XT67vyEzN6/Ozq5vOw0TYAmD3M4kuKYsdSPuUNGQ5whg86ScZPMpVEZWwNkDyGBy20Lb9LG
zTRhZjkqiA+BTzDQoE3I77eUTSgZRHzoACNsJgfjmAUSML21IRceiY/xDn0I+nneoXO7NeqCDLlh
2hLmYDggJIvkinkVfSseQL1YktWs9nuS1+z53SRJzvuS8wVNbVgZbScOAhGLcgN0t3T5UkNyZC8i
e4HtDmlU8OBDpQQCM8hbsuf7pU9oKmGphsK9eh7gEvyG9RLskHfC5guFh+ghLgK3osUHJ3IdkZr+
TCBOOPnA6KjXk7zCaK+5sbjlJLnqCAwVb14ah6WzFb1li7aqmuoMIzdyJm/pBrlDpTTtuCwDRpyy
FEZCNZSK7BZhIqIrEcIReaONN8r5OsZGsgOnnZNZcgBX4OZhsdM7BAxOGxwfjLACJcuygqFhyJcw
a4sy2kSjhaPVVO2XEyliBBlUdgQ12PSbcsI8x1kW0VVW0n5EE4T6YRGCj8Xn9UmZC+BEEpEVCSpq
ueJ6kaLkK+a2jkGwnUiK+IBtjIILcLqDasaOY3GrqdMYG6HVE/hF43IJCVyyocoZjxzaDsW3DVTz
AqTwWAXCR5QeUCcCDIElwTeCYqKBfQSHNXfQTcpT8FOOjI3raBcFiKWjEu/9qO7TQyuSr8M/kC4C
QrNlHIgQ06Y5ZLIYiXOSM/ywHpFOhts2kfnIu8K12KwKNoV7e6bOUnkLzWq6zhH5PmkbygTyyeMD
t/OSGOkCuNWu41ieomII6QrOMZfhgT52BqAkq0NOIRYEXXrBgztyNPuwD32BBhvW17XvgtrzWEFY
zwp/m+M/IKMy7K4j8oxLR2nbIYcuGKolDbwuvtmRpwkuAx2WQ8GgBOseqGDKQqzdnoJMTUVObtCq
YYhJgw5BIj7MolkZbNcJIOYSSBQe3MKORRIlbXndyG4u5KrL/K+smk8My8tpxAcmypAJwnahHopr
HUxN0el5h8xkn4CmC96BykxU6gIf0UvpAlmAOQGxZUnAIxZML0OK7+OBkVOcp6PAx4oJz5fxw2ws
y8nF/AOnNAOWkG27yAnm53wq6+FEctEpbU2YF23sdcCpRS13mV0sDsqE5SdiYKIiw7UlLFV+n8j0
NBMJNWpylMXCcUltMBCZME4C29EyhgQWNbDMU1iZiXIL5tKckoyuSkuJFZCyToT3lBQWCONlNxGw
yHrE77EfiWSYl4l+JJ/t+Aa1PiVnx2Tv84ez4+cEXzS8BBqg/TWY+yQVz9+DYmD+kkLy0qkjQNCE
mDfhwsavfnx+dV7il7mNAvmRD4bFIu40IfrAJJe7Yc5bXFZHpAtRijiex4eFe763bt8UvqsoIoU4
Bawbo3lpN4F/8WG7Mg3gKaSkFPSGyXelRrET+AnhfUFtsKrnUEwlw3hVZuXo0qQf4La4Xd4TQ2a1
BSwLX2qFZM5LHELfYRWBeMVk8LZSuYtMllocWMm5sHWyT1v0OSAJBEkrP8BhhB2XNkqOgo6IRosq
UYiwW9D0h/tlK61idmdVSszyYRgXuIQ94XDkikZRyjlGB4smitcjQA/xN/eQ0Pk995dKZ854xET+
azOBzGYeLkBe1eQublkqPNdxXuzUPK9gHweq2AdDRGiT1ER8MBNGY+DU7qKydzeZNAVMoB/lugNi
y874t6KmzxczVgfaBX/nbqboJN/u4QPx6q66No/5YHwrNeMWCOXJUpxpIr4iSCR3RFZTSg/O+2is
A742MckzsoA8LKvFU1dsKgl1botI2qZr6vNEDewkZDFibpI4KYJSGeUFujLeRlrEPreHPMJvJ9KK
oTNBwwTeTsbOvForalQH0otjSY3njQIsnKCcL3yNQFXscGu5ob638aRXA1QtNx2cLCHc9GJlRmCV
tcVmWtVyGePMcFI6+OqMjh9zisGSrUPMezJ8MCUDDrOadEzm5H1S3+cscCtGF4sUMmhRLZOlNVFB
wI8oXzX54/TBCn53/A4/ItqWNl+4PjQK10wE1xSWzjUfMeOE1wxwWEepZ4OnrSQvVFNMzi2hwoSK
+1KZwMnjhzC5q1JjRA6PVdFB2B2hniilq33Cv/m0T/C7Qdw/51UYBqbXYymE2m20QBH6P3G3dFfC
WVCtFCa3nRT/WkDICa6cW7HSWEiEfObF/XKMWzMteFWnOvfD2lZLB4xIsT2uBDTNOLNoMHFAXuOT
ncp6bqceQN5RRyileb+Ll2ZbzK5YFUrpROIA9LmUZ1kkWUogtxiY5cjAWVoMrDlDbuLyyNH3KkSQ
fgAjYoMBLVBZORA2DvBJE1l6Nhr4NJNpCUSSNEyC8gpjHqBRztVBOWniHugtlrAOyK88WAH/uc9r
Wr8hUvF5qspNqhsfnA0MHPH7LqJqUO4/8XLAXR6LO3TuoTMeIPNsE187BrRKd6uSL8blNIifBHes
0CsI71WPeEBenx/OD8x/jPeH0xtjv3/T3zf/YfzDxYCIr/M9fD+fg8b1xaQnTLG4GgyfiyhP7DGo
ybpY4ehbQMaylsZDD14Mg1lz1kR8X7lIS6NcZihptTvBLQ7gAVfl8N2frBRYu9zZAF0Q4eyz19zU
8KF4ew1JwSMFAfmiQNo8tlSCvph/q52wGzB8mUzunCv+nAdPZEAitg+B+VoEcbwd8gukQOoh3IhY
M4JLjh+CkbSy1a39FrvJWZT58t3F/AXJyqd/bUd+wbWC4K4SfjZYg8XhFzfOwRhqUNyJ1ABFGqjX
aCLUa88P+Oclasgi1D5EvMT3xCjXPqyylQrAzwvznX7xVqjQFltkapNMfvVYhSWOzvV75snigtaT
m/1MB0GAEqqQy9m5ehmusz8C/vVk+YsM8YEbE/cWSBs/xTzsDXpj+PnDGSyJsePAv9MRG42H3sgd
m2zoeD3PHI29wYQZo7FjUts2++QHwJ3HVyyC8ECT2JryHdbymPJXfMkCHsAb8lfEfRVfrq1aw+VN
qM9JjOyYvV7fMEw8RDU7fqeJyo2/cFaaQAD5+nSCuYiyTGt46aNB+HyhyahBAVximq2zBcBr/CSO
BlS+UYxHvgz8zDYQvNSVs/bWX3gwpn7/GUXkL8R3oeVBJRQTR2nIU2TcoLl2+Q1i1ON0neQxB4gX
xSzcW3Pua2rCZdNXQZDjFdx8LwqhjCU5/8KY7d2Ml4fqDn/++f8BvRjOqA==
===END CRASH DUMP===
