PocketMine-MP Crash Dump Wed Jun 2 03:26:52 +07 2021

Error: Undefined index: NuTaVN
File: plugins/SETVIP_v2.3.phar/src/MCPEVN/SetVip
Line: 191
Type: ErrorException

THIS CRASH WAS CAUSED BY A PLUGIN
BAD PLUGIN: SETVIP v2.3

Code:
[182] 				  
[183] 				  unset($all[$name]);
[184] 				  $this->time->setAll($all);
[185] 			  }
[186] 			  
[187] 			  if(!isset($all[$name])) {
[188] 				  unset($all[$name]);
[189] 			  }
[190] 			  
[191] 			  $st = $all[$name]["current-vip"];
[192] 			  
[193] 			  $i = explode(",", $st);
[194] 			  
[195] 			  $date1 = strtotime($i[0]);
[196] 	    $date2 = strtotime(date("y-m-d"));
[197] 	    $date3 = abs($date2 - $date1);
[198] 		$help = $date3/86400;
[199] 		$date4 = intval($help);
[200] 	    
[201] 		if($date4 >= 1) {

Backtrace:
#0 plugins/SETVIP_v2.3.phar/src/MCPEVN/SetVip(191): pocketmine\utils\Utils::errorExceptionHandler(integer 8, string[23] Undefined index: NuTaVN, string[89] phar://C:/Users/Administrator/Desktop/MSAI/plugins/SETVIP_v2.3.phar/src/MCPEVN/S, integer 191, array[3])
#1 plugins/SETVIP_v2.3.phar/src/MCPEVN/SetVip(26): MCPEVN\SetVip->tick()
#2 pmsrc/src/pocketmine/scheduler/TaskHandler(137): MCPEVN\TickTask->onRun(integer 1)
#3 pmsrc/src/pocketmine/scheduler/TaskScheduler(179): pocketmine\scheduler\TaskHandler->run(integer 1)
#4 pmsrc/src/pocketmine/plugin/PluginManager(654): pocketmine\scheduler\TaskScheduler->mainThreadHeartbeat(integer 1)
#5 pmsrc/src/pocketmine/Server(2389): pocketmine\plugin\PluginManager->tickSchedulers(integer 1)
#6 pmsrc/src/pocketmine/Server(2152): pocketmine\Server->tick()
#7 pmsrc/src/pocketmine/Server(1992): pocketmine\Server->tickProcessor()
#8 pmsrc/src/pocketmine/Server(1586): pocketmine\Server->start()
#9 pmsrc/src/pocketmine/PocketMine(291): pocketmine\Server->__construct(object BaseClassLoader, object pocketmine\utils\MainLogger, string[36] C:\Users\Administrator\Desktop\MSAI\, string[44] C:\Users\Administrator\Desktop\MSAI\plugins\)
#10 pmsrc/src/pocketmine/PocketMine(321): pocketmine\server()
#11 pmsrc(11): require(string[91] phar://C:/Users/Administrator/Desktop/MSAI/PocketMine-MP.phar/src/pocketmine/Poc)

PocketMine-MP version: 3.19.1 [Protocol 431]
Git commit: a7cd0810020af15fb3d79127c77cf576085cd4cc
uname -a: Windows NT DESKTOP-KF1VXGB 6.3 build 9600 (Windows Server 2012 R2 Standard Edition) AMD64
PHP Version: 7.3.21
Zend version: 3.3.21
OS : WINNT, win
Composer libraries: 
- adhocore/json-comment 1.1.2@fc2f76979f0a44a5f5bc2a2b600d0762fe0e78e7
- daverandom/callback-validator unknown@unknown
- pocketmine/binaryutils 0.1.13@0abee38d4e2861621f262c79a2a3d699d8a697f4
- pocketmine/callback-validator 1.0.3@64787469766bcaa7e5885242e85c23c25e8c55a2
- pocketmine/classloader 0.1.2@9757928424652393b178a3760073113aa7c9911b
- pocketmine/log 0.2.1@830b44a2cf96ef703c550abe64302f230231ca49
- pocketmine/log-pthreads 0.1.3@e477ecf6ec214fdd4415ea1da3fdd9d73bf699ea
- pocketmine/math 0.2.6@43057cb8c179a9859677b496a788db922fd5cfc3
- pocketmine/nbt 0.2.18@9f82ca4d7f97fcd9a566e44b63c4f18a7657ae82
- pocketmine/pocketmine-mp 3.19.1@a7cd0810020af15fb3d79127c77cf576085cd4cc
- pocketmine/raklib 0.12.11@9cce458b8bfde3e4dfdbf70c659fc7b7fe26b5c4
- pocketmine/snooze 0.1.5@70b5e7937a06878dd321a3182ceb76d56298f2cd
- pocketmine/spl 0.4.2@6b08b7cf8c4afa17139c9a1b3bf1b408531de161

Loaded plugins:
OnlineTime 1.3 by Zedstar16 for API(s) 3.0.0
PointAPI 1.0.3 by onebone | Fixed and Update by LamPocketVN for API(s) 3.9.0
Farms 1.0-non-alpha by Dấu Tên for API(s) 3.0.0, 4.0.0
NoDrop 1.0.0 by Inaayat for API(s) 3.0.0
CustomAlerts 2.1 by EvolSoft for API(s) 3.0.0
WorldProtect 2.3.8 by aliuly for API(s) 3.0.0
reyyogaWtrhit 1.1.6 by reyyogaMnelux for API(s) 3.0.0, 4.0.0
BuilderTools 1.2.0-beta2 by CzechPMDevs, VixikCZ for API(s) 3.0.0
OffHand 2.0.3 by alvin0319 for API(s) 3.0.0
KeepInventory 1.0 by KhoaGamingPro for API(s) 3.0.0
NoTP 1.0.7 by awzaw for API(s) 3.0.0
BlockSniper 3.2.3 by BlockHorizons, Sandertv (@Sandertv), Chris-Prime (@PrimusLV) for API(s) 3.2.0
Slapper 1.6.1 by jojoe77777 for API(s) 3.13.0
MaxEnchants 1.2.1 by Xenophilicy for API(s) 3.0.0
InvSee 1.0.0 by BlockHorizons for API(s) 3.0.0
SETVIP 2.3 by MCPEVN TEAM for API(s) 3.0.0
Trident 1.0.0 by brokiem for API(s) 3.15.0
HideCommands 1.0.7 by Himbeer for API(s) 3.6.0
SocialSpy 2.1.0 by Crafter20162017 for API(s) 3.0.0, 4.0.0
Worlds 3.0.7 by survanetwork for API(s) 3.0.0
KygekRanksUI 1.3.0 by Kygekraqmak for API(s) 3.0.0
ec 1 by McLebt for API(s) 3.8.1
TimeCommander 1.0.2 by TheDeibo for API(s) 3.0.2
Shield 1.0.0 by JavierLeon9966 for API(s) 3.7.0
AutoXP 1.1.0 by JackMD for API(s) 3.0.0
AutoInv 0.0.10 by JackNoordhuis for API(s) 3.0.0
Sponges 1.0.0 by  for API(s) 3.0.0
PM-Beacons 2.0.0 by jasonwynn10 for API(s) 3.0.0
VanillaEnchantments 4.0.0 by TheAz928 for API(s) 3.0.0, 3.1.0
TPAll 1.2 by matymare for API(s) 3.0.0
BlazinFly 1.8.7 by iiFlamiinBlaze for API(s) 3.0.0
PiggyCustomEnchants 2.4.0 by DaPigGuy for API(s) 3.19.0
MSpawns 2.2 by EvolSoft for API(s) 3.0.0
Netherite 1.2.1 by Wertzui123 for API(s) 3.0.0
DevTools 1.14.1 by PocketMine Team for API(s) 3.13.0
FactionsPro 1.3.20 by Tethered_ for API(s) 3.0.0
InvCrashFix 0.0.1 by  for API(s) 3.14.0
Broadcaster 1.5 by EvolSoft for API(s) 3.0.0
PurePerms 1.4.2-c2a by 64FF00 & ProjectInfinity for API(s) 3.0.0
FormAPI 1.3.0 by jojoe77777 for API(s) 3.2.0
MultiWorld 1.5.2 by CzechPMDevs, VixikCZ, fuyutsuki, kaliiks for API(s) 3.0.0
EconomyAPI 5.7.2 by onebone for API(s) 3.0.0
BlocksConverter 2.1.1 by matcracker for API(s) 3.0.0
PiggyShopUI 2.1.1 by DaPigGuy for API(s) 3.2.0
BangHoiUI 1 by JVN | JackVnKiller for API(s) 3.0.0
AuctionHouse 1.2.4 by Shock95x for API(s) 3.0.0
EconomyLand 2.1.2 by onebone for API(s) 3.0.0
PureChat 1.4.11 by 64FF00 for API(s) 3.0.0
cayphattai 2.0.0 by Lettihl for API(s) 3.0.0
TempBanUI 2.3 by SonsaYT for API(s) 3.0.0, 4.0.0
MuteTime 1.0.0 by LetTIHL for API(s) 3.0.0
RPG 1.0.0 by LetTIHL for API(s) 3.0.0
MenuUI 1.0.0 by LetTIHL for API(s) 3.0.0
KitUI 1.3.6 by Infernus101 for API(s) 3.4.0
TrashGUI 0.0.1 by Phuongaz for API(s) 3.0.0
detu 4.0.0 by CLADevs || GreenJajot for API(s) 3.0.0
ShopMob 1.0.0 by LetTIHL for API(s) 3.0.0
PrisonMine 1.0.0 by LetTIHL for API(s) 3.0.0
PickaxeFunction 1.0.0 by LetTIHL for API(s) 3.0.0
shopvip 1.0.0 by LetTIHL for API(s) 3.0.0
UpGrade 1.0.0 by LetTIHL for API(s) 3.0.0
giftcode 1.0.0 by LetTIHL for API(s) 3.0.0
Joinkit 1.0.0 by LetTIHL for API(s) 3.0.0
SellExp 3.0.0 by EzMinh, LetTIHL for API(s) 3.0.0
ScoreHud 3.0.0 by JackMD for API(s) 3.0.0
AutoSellUI 3.0.0 by LetTIHL for API(s) 3.8.2
CmdSnooper 1.0.0 by HotshotHD for API(s) 3.0.0
WarpGUI 1.0.0 by RockPanther for API(s) 3.0.0
Item 1.0.0 by LetTIHL for API(s) 3.0.0
PureEntitiesX 0.7.0 by milk0417, RevivalPMMP for API(s) 3.19.0
luyendan 1.0.0 by LetTIHL for API(s) 3.0.0
thoikhong 1.0.0 by  for API(s) 3.0.0
AcidIsland 3.2.9 by GODSMineVn for API(s) 3.0.0
essentialsTP 1.2.2 by  for API(s) 3.0.0
Rewards 3.0 by Wertzui123 for API(s) 3.0.0
NganHang 1 by GreenJajot for API(s) 3.0.0
OreGenerator 2.0.0 by vividmemory, LetTIHL for API(s) 3.0.0
level 2.0.0 by LetTIHL for API(s) 3.0.0
freeze 2.1.0 by Bavfalcon9 for API(s) 3.0.0
luckyblock 1.0.0 by LetTIHL for API(s) 3.0.0
PHP-Sell 1.2.7 by Muqsit for API(s) 3.0.0-ALPHA9, 3.0.0-ALPHA10, 3.0.0-ALPHA11, 3.0.0-ALPHA12, 3.0.0
BuyFix 1 by FPVGAMER for API(s) 3.0.0, 3.7.1, 3.8.1, 3.9.3, 4.0.0
gem 1.0.0 by LetTIHL for API(s) 3.0.0
QuestPlugin 3.1 by HmmHmmmmm for API(s) 3.11.0
AutoClearLagg 3.1.0 by Twisted for API(s) 3.0.0
MuaPoint 0.1.lpk by LamPocketVN for API(s) 3.9.0
BuydetuUI 1 by FurryJaki1992 for API(s) 3.0.0
PiggyCrates 2.0.9 by DaPigGuy for API(s) 3.2.0
capdao 1.0.0 by Nguyễn Công Danh (NCD) for API(s) 3.0.0
SizePlayer 1.0.3 by  for API(s) 3.0.0
CustomTags 0.0.1 by DaRealAqua for API(s) 3.0.0
LoadWorlds 1.1 by shin for API(s) 3.0.0
VanishV2 1.16 by superbobby for API(s) 3.0.0
AntiToolBox 0.1 by NgLamVN for API(s) 3.19.0
CustomItem 1.0.0 by Phuongaz for API(s) 3.0.0
help 1.0.0 by LetTIHL for API(s) 3.0.0
NapThe 1 by phuongaz for API(s) 3.0.0
HealFeed 2 by JackPlugin for API(s) 3.0.0, 3.1.0, 3.0.7, 4.0.0
Kho 6 by ItzFabb for API(s) 3.0.0
restart_in 1.0.0 by LetTIHL for API(s) 3.0.0
BetterVoting 1.6 by Twisted for API(s) 3.0.0
Buyrank 1.0.0 by LetTIHL for API(s) 3.0.0
SlapperRotation 1.2.1 by jojoe77777 for API(s) 3.0.0

----------------------REPORT THE DATA BELOW THIS LINE-----------------------

===BEGIN CRASH DUMP===
eNrtfWt32za26F/BVbJOnXstWaTenpWuOLYTu7VjTaSkOVN2ZYEkKLHmq3zIVmb63+/eAEgCtGPL
tupzPrTTjsVNYGO/sB8ASP675cVpSPOvK5Zmfhy19vu7rdwPWWvfGJrmYDQxDbPTM8bGAG4Uibg1
6IwmXWPQm4y75mBgmKPdVkCz/DhN47S1/+9Wvk6gVYtfH187DLoB6t1WyLKMLvDWp8hlnh8xl/jw
63qffCjm9PMHaOMVQfDOD7BRsqTp/t7e4f7epwzI2ztwQz/yszyleZzuHbHsMo+TvfPZweleEhQL
P8r2Zsfzz6fTryuguYPd97LU2Ts/nB5//rA3Y/lnPwFwgsPIITbuB30CIBjkMjFARCl14PevrRdd
sjmOHej7ap8ksXPJcuCFWVaR+0FmWZ/wz/4+0yR2QiM3YOmOH+VswVIy3iXAvB8tfjV7v5HviLBq
M578RrYtwV1S0oJSIDRN6frX3m+vQDgvjIcIwhyCHATIsgSs/WPuO5c7HJdJkhA74X+1tPYyZ8nc
AkSyN6fZZSkeozdSkM0BCd5t/xhHH4uoEp7BEfc2QTwrr3aM0aShr6oljFTT0P4xvTFU//ahhJD2
pvzPOY1gPqQ7w0H/7nEqkto/htSP5suUUfeE0TS3Gc0bIw9uH3nGUpjlO2Zv3GRK0GRZGlFCH9XA
WWOQ4d2DGAOzMYi4o2p5dCcKYzK5C8U0jR1wJ3EqcI3vxjUYD7+DK8tBiALH5HYcU/7zHH7umDfm
b4nm61cnjmBiFU6+E9u/Mycnb2nGDsEvZmcxdVm6SyT8lul/Djo9ixcLbCWnb2/4GzncB8+AE9ey
tJlrWXLqQk+Yu5ZV9er3H9BLzlfLEvO3ey/7PbPJfibkKxAYAsGOga1S9kfhp2xHEjYxHuSN6kHb
59PaiehkvWr99udui20l6jwlHAARouNXP1rFwYqFLMoBmwv8O3mrvAsQgRcgTuwypNkYmwC2cvE/
QuCWMe5poCLKWL7zkgbBry8jGrLfXv2Dt+prrV7mSz/DmREysGmWHwQB7yMbD6rGhPzJIUMFwgEj
BeB7O//Hz5rjviL/5i3HG9E3aQ456TaGnBgK4GWWk9dEQfOr1XKKNAVRtld+YrV+42gnZhNJT0Xi
Aw52nQQg3h2rtQv/ImJB0aTf7KpK5aVLc2ZAd7DHPEY57rz0f+1KbiZCXITIhqbWECEw3Lodtl2r
9Up2GeldetCF2tmO7N+WI8rGpUxfLlmQoCB4l73xsN/tihalPPmdPjQBf7yioGXswbGY3W41JL8s
5QvqlL1+fA3uG9T4598pzN8pzN8pzN8pzN8pzP90CrPbWrCIpTTAfAAjHzhtrS8QZoMe6hK91esY
k46B8MIPXMhBxr3BbsvPvrps1dr3aJAxSDrSOI+dGND2e1CxLnxMSejIcbtjo9s1u9QzBp7dc0cT
KOCd0cjxBqNhdzxw3L7jAO5C0vIL+Ob4KiMf5uToePbz/GLa/vmd8fnL+7dk2OkRTgKZDLtdslM2
FRZFIACZ5KNJZjm4GJq65Nj1MSi8IgfnR8M+JkZQi++3RuBkTWTnG4tczp68httf4wxpOP3wYQ4A
fnHlRzyDCpMYdPA18O2Upj7LUH7UXQLPKdv7PYujNrSRqZjRMTrmG88xvdFwMpp4Xdrv04E3sB2T
mjYQ73ZHQ9NjXTYasxGgdylwAGTH4Z4DOYlNncs2RFvfRUUDwiK6jOKr6I38i8TWirX9iKZrPjGg
aRfGNnpvutRmrDd2+8wcD42haXjm0HRGE2rSnjucTNwxBdK8vo7q1sGNTrfTezPsj8ajPvQZDm2H
0hEbjMcDs28y0KHZc8wBGzuDATUbCHE6B3w6S9rMN5MRLvSM+2Z/ODB7k55tjMa0B9bQHfUMowe4
ncnEMGwdUxAvOAazY7wZ97o2SNR0vMmQeaNuD0ZGhof9Xtf0TPi/nuHQ/uQGhnaS80BQCqr3hvVH
I+Z4Q+aYRt9z3X7fGDBquLQHFxN31LM9kBajOqqQ5ktJzfANDDoYOfbYgeBHJ+PBZDga2f3JkI7G
Y9eemKbnDhzP6ekoIjsv+Rm/mXhjEwh2Rx7oxHEndDAcsn7fHvacvmeM6Wg4GFE2bgi3/tkOk2qi
vnnArFOQpfQSbFvIBWgy3kwch/UHY3tsey7rsb7ruTbI2hkOJp4zskceM4f2wGlYUBbF8TcmxTt4
M+raAzaa9Ea0OxyPxq4LHpH2oA5xmD0auoOhORl7puM2kCQBx9AHaxna3bENhI+dPvWoMTJ6E2dC
DRsUY9h94KVnuMwYGq0/q8KIz82LCCumOV9BrDydAtxt1R4ODAGuaZEv4zTDJPVfzMUwZwzRYdLE
R1gPpkEXr1lE7YCB64DgBZ7PZQk4EuwG97LYy49UACYfMEKF0LJqGkQYw9oOJgj64YvZ/JeLj2dH
ALpidubnSPMyz5MMogC41GVhd8DL7FXY9hSGgP1pDCnHwfRU8+0SpPPbbXIcR8yG/8h/yDv/GlJk
cEbkU4JpPLHX5IyGIkhA+apKZPJ4icgBIagihYARsqmaVimR2fzg4/zTVJMHMvqOpmGmcCmuGyy2
I3DKNIBYqLN6ZBUGo4OCzK2i22U0uqHk3Vb/KcpehpbFKZJ/7tMwcvQhPkrjRGFJAppq6+q8nEaU
rmm+LTOV6CxLjL6ZgSL5h0WWx+EBpL25qhcNrLJi8oRCYeR4FQczoGpbnKgjW1aDjjusq5xtV1dX
HQY0If5Ofok8/hKngQtZdI7LLDWPGljnsdcZ61xCVC2C9bZ4FNgs6wopSAQFTZXdxaPiUc4h9fR8
FrhqUCnL0zxlGPKyHMo9jVsQSsrW63hBf8nTpa9KRYfrVmx0hrpYZOPziAXF9bZno0QOZBib2/Nb
zDNZOo/jQLVnDawzZYLDsVnOEyCFtcNvzFlOz4/YCjt89q/9y8N/bcsAHESehJCHg43bgrYcabOs
BqUPjTAK2XsaKpDNhedhFa+GVQnRrf9GjKHByo+6PWOyvQkgEUJU9bwlkFD92ETJPzOWnEYryNnj
dK2wo8MbHlhn6edlTN9TmC0LmBPbYktDalkaOZub8Id4PtXiyXx6I5qMGgq6+kavtqYcRGZZUZwn
j050BEE4HwNwS7PIT1iqTkcFqrIGBV3T9njTkzj1v8URTogZ2AhMlhXZeVP+xJr8cJn6WXuaQkIF
d/BvkZ19fqXJxHyoTFrn62kQ89AmZaNRA5O15sOyxOLHJhqeBTTRBVJCdD0Pm8H29/j3mI3wH40x
o/d4bWdi5EdruiZpr2QCODyn18eRA/NZyypUaNMJNzj9wqI4WfqB72wt6iookduKFO1iE/XBnJ4x
tTqRgHtSPt2St8RUwyAFJQ+yRbHXpJhiufmkJUQ6K2IJmsyPD863xYi+RL4J5fPUd/myTUV6CblH
EXYaX/os1KfQ4PGkS3yWJceHgui8JuVePk6g5WEchpTjrZjRwPf4/xM/tBnoW+Vo+HiGJDrLUmnY
0EOIrh1R185ix6fBLFGDdA1r1BVNNR2m1IPM1ewaQ/hvtO300gldXPPgvu8wdGfi9yYK46l01qwk
skYku6GkrEhXNGI5ZP2X25o1HKcsJEBDFSEbeXFZJnQ4kg5QtvdCIOI51nrBLj/S6DL7pC5LaODG
UsyNHAvbpvSPkG6NXwUl5FcKLZunV8xR2GGOzkTDzTlnzNYr2zEEqsd6OI7NshhmLc6SZfnmRONC
kZyIWt6gw5teolHSzJfsiPl2M901H8uQNvgm9St3CUusVlV/IAD3+Oyf6Mpn6RmLo8lkqK/uje4x
p6rKuYMVHT1EIU5U+XcTDR0UefxFjaMS0Kygb/DlXJ4fbWt6CGyWJcZ+dE4n0OxJDiRzkFo0uEOI
yh4Q3jFu4e9DHKfusvC3lvT8DkijEqllwXCxH60E24Ko+9OeJI4WTHXiJeRuQ9zaet1qPRiAfYlB
N3cE0/P2W0ZxB1ZdK66BzUq+oY7faRZHV+soMrrbU0aF0rJsTgYURhU593L0mUZ+EFCZgONGnMra
bXdVHvs3eQQ3d/BtYo5vSRh6fAI+ktGVIAWyhThlj5hVJV17t/GEPn56EKi7u+K6USfprIY0X4cU
qNmSLkt8lpUnNAgesOwW0G9+9C5Ya0V+CdN5GDcTI99/F9DQ9yPssTVedKxYq0tylJ8bzTh/sViL
dehbStrb7upzsN+0zyMKnd4Xel1rPGFHpkQIdcdNam4FPsJ6y0H2bkG3x0v+WUKvNLdUQnR5mH/t
/oEcFE9+lKM/btfgA8uXLOXN6rW4CnbP8sUvLM2/Fb5h9rbFV43RsioyHh3ha2x7NU/A9BFbNZfO
K1Ajk+k3ea5Po5A5o+HWVqhKAvBUz6qxLr7hLklN2l6Fg+9GOnjQJMMlYHVPsoY2KxyzGWu48Jj7
9Wlqbh1EuQ/2GsrFaMm5QgnuSPKLTT0yZBhQQGfLd/61vlJVQW+kbt9NdIz+E0JK8QdQZVmQoDk4
sudfP2R56m0KLRy+haWGFgWqq2jw13oXZWAIIxoVj/My0yJlU6Zvitcwnbd+x2w7ZmNTfNh/967b
Jf9FwEjw0N1p5PmRn29t1fSrGADCSEmV8vMRnof3lfuTNR6cjHEa6kcgSsg9ywzfWRQ3n5DSVhhh
2gkiqh+bGO15EeQ+X4tRo2ENbJhsZ6OtR3zmbV3kWXHpw+9LGvj+ZfaXbEiGSClfCYL4olL9lM1I
BRFI6Biqgzhc6/pWgKqEBlDhm7ceetkW99WRFiYo4IdaNGo2SIAhxGSHcQR05zf3upQ7zVVP40ZK
D34SwlW6xaReYpQbVjUxD/HEPO+bLeNEWw9Uofdwdmve+/A9OU0v3KokpPXdjFjQp108OQMWaHjm
+5ZGi5PY1+RSw+5YX/zp8wfyH4JLJJ+jn6EkfKrOFY+pSElZHsINlk0TiIOC5xsncZExbeFHATez
4L7OH8jIuZwMrp/IlaZxNYNR1sHlSLgYxOlbIn24IqRRey/Tcqgz/ZiECm0a+RY8U0NZm3qpgB+b
0Gm7fxZDyD1c0ryRbnBQM9swjNtSjYexVof4m3rl86jMcVu7jcT7C1v5oLbpcbtq8p2sBImvf20h
J+FoQFgOXSfwM6e+Ii4FeM9i2xnLc38ZbC1GJw/ZMGBhAj5I80k17M7N3RmImv73fNv7bRKtZVVk
bM7NeZE3TwRXoHs2DkAJ89OTs60F02LTqhvp/jh9r5CMV89LbbJ6wFHQcxYVmr1IwDMLGAbdnOaf
/VzfnuTXzYJh2Dx767E0KjKja2hU95+ynl+htCxOxAOmKoaz9/pMLUF31+it6bKIowX9trVFpjgO
8BiDGF3+2oQHl+WFQj+/vGeZ/vDsAAsD8p//kPcpY9FP9Pd4e6eIBXJQAhTDuCGxqTIwrTuPbW1/
UkCedxpAQvOAqTtN/SyOzvmT5nVcr4HP7HX4wOKxuY058J1Les3eFRGP9VqFod95Zl7E6Jszgopb
+eoDASXk+Q0IH4jfmPBPyfuUuqoBlZDnJbx4AM0L38vLdyRIoivQ81JdDrs57T/FfnSpHb0vIc9L
+aX/gLRyxoLg+Fq17hLSPPzUIPr4Gzii5S7ZMvECLVRBX6azB3nMGT7+eVJoB1FK0D2s/DVHNsrR
H1Kg5zFKX8scFOA9bNymifHjDwNJdA948qg+c6c8d6QexLtzFpzEObi4/GRrinjCeUCaJnr+VkLu
4eFj7FxOaYRbSNviAlFaFo6/uSZOcxaqe0R4+bw+CGgJH5ArQIl+HOV+7rPsS2Mho4brqfOoyUHo
B5fdvoFHET6ylb+iwfT8fLq1PflU4EzCEBSRFJjgCsLEQkVJ5oN3MhVa93R+QTBBsQZCqJo9VaDn
VWg57OZKBUr8yyVUMwrxNexZDmVVwz3ABzu+e5oF+nKhAmw+3DLRpf7+4miGCfrnaJtLpHK3O46Y
uiYunmUB1sQzLZuclM0ytFoaZNoDSRq4uQJs/hWKUUe0rMb49y/CsCuaaue1S0gjQj7nEQ5JwjYO
cEhUfCviw4Liy5TUSVSB7tiI2H4BXmPcfDJdpOw9f8dJHqs5gQa+Z8kVnKPvhiyM0/XWc02VDsuS
PzfaVQjYiqkn+8T1/avH2y3KWZb7iwcUKB6o8JtaWknAPY9tvKUrjwbgj7b2tGiN0bIEDZszERTO
5drGXU8tKFbA5w6L5cAPyHZOpm3M6NVEpwQ1vW/jYOU5P3vTJL59cDY9OZjw47DVpdFtXBuNa7O8
fvT6PxB8wresNn+We62fXpKAOxzZu+nn9wfnxx9vPfs76gimxvLvhO98PGlTQ1D0gAULLdNePHui
vXhInv3PAlzGVL6UsiJaheoBtKGLkzCEf+EfPam+7wR29SzsnS/qCJeI2bL+KPhzNJyoR4TRksY9
lStZWx8GjKZndLFolNc1vMH+jYPoV36WM3dbussFOvG8g4NEBECEeOpBpenB59IF3oNsHRTh+eGe
jo/vvlH+hhdt902C9CrL6ATJZcOAH/kGmmZKK98wc9cKRD0SnlsSBNa/NvQ4uHWhn+SoYHf5nSJN
1z/RSx/f5bcthWtIOSPz4sPyYTun4rQ2Jio3T60LaDMNmfwlp3ZuO4T+/RPsnDLt4ukn1jmaPbGt
n7g01rb0OeAeV/xhAQQWBnMGETnENxB5/WhBjmi0JDsfDo9ebUvtOA6LDqEORdyWdYbZYlVP3r+y
6X9j04Cu9fcL1MC73ye1JR74eGc4nmXVvzd/IdGcLm6+jogD79kRPaIfGQ0O/ijottTh0hQwUsC4
2axz/cyJU7cDST6NfNphBbKF5+xuPDesABuH6xtPDi/9aFvs1GNuXnvivHKSVdTJ46R8ZCtbfjYb
z2lxUIORYfMZaIjsdmzb6+09AV1itKySiPrXRms4Ue7jIwFvYzXXVKGNINd0CxB4GsHtKSuHEh/E
9ZqCTc9pKt6vJKuaUo1VXgV4j9/b9iGDeuTNwxi+vFohnl8+b+aMQz7gHT40mS+1J4cE4I4UItmy
mEt8liXGLv9u9EoK8HjvGFMXNSuQli/c3BmTOfT3nr3crd6M0H/qrtlUvst547NCSzXm45XKSvOM
UP7tHbXtR5/jvHFQ9bsnh8RA+Kj5Q/YvcTWHpvlXrTRTgM87OeTADyjtWZ6z9HOc+9papQZuvAvp
L62t5mVtpVKgX21YP6Q0utSrBw55Zn3AkA/YCxcF98c4p42zN8079zz1+J0ncZ6SR+oEbMoTvlGW
psADaK/xbGL5lm0+J/kLqDtJiju9fDtuv/ViWl0RyME9f0Hwqx9WakUvZjQn53RNTJMY5n5vst/r
kf/XHRGzaxrYIIxz9/X5xRmpd4AQLIZpJ3GavzYmRs9E4NUSiG0HYHavu3hNoyguIgdf3oipcps6
S5+Jb4Rkr4FzxIMPtLbl+yJBGqJjSK9ln+y1OUDIguIKuMvEfS9OAWsFiz0PoSABF08clNfJKpGj
uL7n+U4R5OvXnNBFuebdzvA8c7TIXiOYr2G30U5eBzz7qmAZRAmlCX5v5fXR8buDT2dzhAozaP9R
sHQth5SgFNxnSQ/+7iQ0y64gl379f/k/IKQij9sZXTHZceWzqzYk3DkFyb0eI+jajq/baJOyCShh
UdAFe81gQsO19sLizjrEFxa/IGhWxOHqLlJualzrBIRHNNsBKyAQRDNGSmkQqA9IvmQkjsBk8iXY
iIPKzInNiB85QeHyL1eQG9aGuGZxCD09RNDEmVGP7ZIYTwdkiJLYUIhcknVcpBIX8T0CSvU9n48A
+sQvyQRrRPyBXVXo9lzmUdBoRq7i6Iec4JyiKUFphsAsvjx8jRTix2EE31dLFpEiWaTUBQQdK0Ir
Fsj2rYiQF78s+ZOvJI9hlMglgEK+mR9kAO4HjB/8qbjNSQ1iGAZYhV8s5/Jy2cp3GFnyD0sgJETM
wlxLre0T/pp6vJEti9yNYQLID/XsE6sl3yDvBHEGzrvFKTsIgviK4MQCYsovdZCVT8k/0eSwDbe9
8i2p+wT9Ee96zO1Q9uFvUsYpQkBjIBTEZq+JFCW2l2Zb3VaIffGLDwKJI5ArdV0C8VGIH8WK33Qg
IaNZkfLpTUDoNkOiQTgM6swAxbbwV9B2RYOCkR05KDiaV4hdjAgThqFPaYPY8YMK+3Cbj/2hCG2Q
CljVQbaOHPyqBsGXToEddXiDTyAtbtolp9hsmULyUoD2oHm2S/jzf0ROfpgPuwRfpQ+MoPvnsgGH
i7CwiMCCsIlAPuPqBZ7AytL42gcLYyAGYIlbblQRh7KVBJ16aKvYBm1yl/j5DyC+POXdXIb+jptM
ozPZAR4KmDcmFwtnoy053eeomrZKuXGkRRShOl10UHHClcDfwpp1yBFbyd8k9BdLmMyYxO2qk08a
DkokTYskF1AhMBRMCLRJvrhyYVLyLwy4YkLQVey7QPbtFKCNoM3FIGiwro5iaNC4LRpVlgbun292
ikn5HjwxWA8GUyLgMA9CP8e5HbIFtdc5SJzMhKi7XLh+hrh59zlq7crnkucWBZP2qi0QlUaWcQ49
H0gEj8Tw5aaIBrflyiGFkYO2CpymZBGDomKcpmgVONCCk9nmpO2TLnIBo3MXLN7y/7+eA8xO7qIf
o+vT6IcSOeEkSPdZkSTRZQTcB8ZH8HslQThqSZXRNfuSMO4EfuGzQtKX/bAFCvm84CShxyDyI1ww
09k1cwrufGNBspiRGKyq1uzagSwhqzkSjutifrxP5ienM3J2en46JwfT6dnp8YxMjz8SyPN+Pv64
S6ARmV9Aq2Pyy8nF2TGZfrw4PJ7NOk0XoMnDHAylOKYs9WMekNERZ8igs2TcJXNpVM7WANlDSuBy
38KbtHENWbhZjgryQ+ATHDRYE/L7PWMTRgYZHwbACJvJwThmgQRcb+3IRUTiY1xgDME4zzt0brZG
W5CpNagtYQ6mA0KySK7Qq+hb8QDmxZKsZrXXlbxmr24nSXLek5wvaGrDzGg7cRCIXJQ7oNuly6ca
kiN7EdkLfHdIo4InHyolkJgVYIOvdsuY0DTC0gxFePU8wCX4Desp2CEXwucLg4fsIS4Ct6LFhyBy
FZGa/kwgTjj5wOiw25W8wmjvuLO4ESS56QgMFW9eGodlsBW9ZYu2apqqhpEbqckbtkFuMSnNOmZl
wogqS2EkNENpyG4RJiK7EikckTfaeKPU1xE2kh047ZzMkgO4gjAPk53eImAI2hD4YIQVGFmWFQwd
Q74ErS3KbBOdFo5WU7VbKlLkCDKp7AhqsOl35YR1jrMsosuspP2QJgj1wyKEGIsvISRlLYCKJKIq
ElTUcsX5IkXJZ8xNG4NkO5EU8QHbmAUXEHT7lcaOYnGradOYG6HXE/hF43IKCVyyocoZzxzaDsV3
QlZ6AVJ4rgLpI0oPqBMJhsCS4PP8WGhgH8FhzR10k/IU/JQjY+M620UB4i5vifduVHfZoRXJt5ru
yxABqdkyDkSKadMcKlnMxDnJGX5Yj8ggw32bqHzkXRFabFYlmyK8vVC1VN5Ct5quc0S+S9qGokCu
PD5wOy+JkSGAe+06j+UlKqaQruAcaxme6GNnAEqyOuQEckGwpdc8uSOH00+70BdosGF+XfkumD3P
FYT3rPC3Of59MizT7jojz7h0lLYdcuCCo1rSwNvDD7rwMsFlYMNyKBiU4LoHGpgyEeuwpyBTS5Hj
a/RqmGLSoEOQiE/TaFom23UBiLUEEoWnCbFjkURJW143qptzOesy/xur9IlpealGPKFZpkyQtgvz
UEJrf2KKTq86ZCr7BDRd8A5UVqLSFviIXkoXyALoBMSWJQHPWLC8DCm+OAFGTlFPh4GPKya8XsYP
s7EsJ+fzT5zSDFhCtu0iJ1ifc1XWw4niolP6mjAv2thrn1OLVu4yu1jslwXLj8TAQkWma0uYqvw+
keVpJgpqtOQoi0XgktZgIDLhnAS2w2UMBSxaYFmnsLIS5R7MpTklGV2VnhJXQMp1IrynlLBAGF9e
EwmLXI/4PfYjUQzzZaIfyBc7vkarT8npEdn58un06BXB14QsgQZofwXuPknF8/dgGFi/pFC8dOoM
ECwh5k24sPF7PV/enpX4ZW2jQH7gg+FiEQ+akH1gkcvDMOctLldHZAhRFnE8jw8L93xv3b4ufFcx
RAp5Cng3RvPSbwL/4sN2ZRnAS0hJKdgNk59IimIn8BPC+4LZ4KqeQ7GUDONVWZVjSJNxgPvidnlP
DJnVHrBc+FJXSOZ8iUPYO8wiEK9QBm8rjbvI5FKLAzM5F75O9mmLPvskgSRp5Qc4jPDj0kfJUTAQ
0WhRFQoRdgua8XC3bKWtmN26KiW0fBDGBU5hTwQcOaNRlFLHGGDRRfH1CLBD/M0jJHT+yOOl0pkz
HjFR/9pMILOZhxOQr2ryELcsDZ7bOF/s1CKvYB8HqtgHR0Rok9REfDATRmMQ1G6jsns7mTQFTGAf
5bwDYsvO+LeipscnM64OtAv+qa1MsUl+MosPxFd31bl5xAfj5z8z7oFQnixFTRPxFUEiuSNyNaWM
4LyPxjrgaxOTvCALqMOyWjz1ik0loc5NEUnfdEV9XqiBn4QqRugmiZMiKI1RXmAo422kR+xxf8gz
/HYivRgGE3RMEO1k7sxXa8Ua1b6M4rikxutGARZBUOoLd1yqxQ63lhvaexufrWyAqummg5MlpJte
rGgEZllbnA+qWi5j1AwnpYPP6HT8mFMMnmwdYt2T4YZDBhxmNelYzMn7pL7PWeBejC4WKVTQYrVM
Lq2JFQT8iPJlkz9OH8zgi6ML/IhoW/p8EfrQKVwxkVxTmDpXfMSME14zwGEdZT0bIm0leWGaQjk3
hAoKFfelMUGQxw9h8lCl5ogcHquig7Q7QjtRlq52Cf9a2y7B7yjx+JxXaRi4Xo+lkGq30QNFGP/E
3TJciWBBtaUwucukxNcCUk4I5dyLlc5CIuSaF/fLMW5oWvCqqjr3w9pXywCMSLE9zgR0zahZdJg4
IF/jk53K9dxOPYC8o45QSvPuEC/dttCumBXK0onEAehzKc9ykWQpgdxjYJUjE2fpMXDNGWoTl2eO
vlchgvIDGBEbDOiBypUD4eMAn3SRZWSjgU8zWZZAJknDJCivMOcBGqWu9kuliXtgt7iEtU9+5ckK
xM9dvqb1GyIVXxmowqS68cHZwMQRv58hVg3K/Se+HHBbxOIBnUfojCfIvNrEF4MBrTLcquSLcTkN
4ifBHSuMCiJ61SPuk3dnB/N98x+j3cHk2tjtXfd2zX8Y/3AxIeLzfAc/seagc3097gpXLK76g1ci
yxN7DGqxLmY4xhaQsVxL46kHXwwDrTlrIr6vXKSlUy4rlLTaneAeB/BAqHL47k9WCqxd7myALYh0
9sU77mr4ULy9hqTgmYKAfFUgbZ5bKklfzL/VTtg1OL5MFnfOJX/4iBcyIBHbh8R8LZI43g75BVKg
9BBhRMwZwSXHD8lIWvnq1m6LXecsynz5gnP+qm3l07+2I7/gWkFwVwk/G6zB4vCrG+fgDDUo7kRq
gCIN1Gt0Eeq15wf8VX41ZBFqHyJe4ttRlGsfZtlKBeDnhflWuXj8NLTFFpnaJJNfPVZhiaNz/ZF5
cnFB68ndfqaDIEEJVchseqZehuvsj4B/PVn+IgM8Q2ni3gJp46eYB91+dwQ/X57ClBg5Dvw7GbLh
aOAN3ZHJBo7X9czhyOuPmTEcOSa1bbNHXgLuPL5kEaQHmsTWlO+wls8JfcM3Y+C5wAF/V9w38eXa
qjVcXoe6TmJkx+x2e4Zh4tHk6dGFJio3/spZaQIB5OvqBHcRZZnWcOajQ/hyrsmoQQFcYpmtswXA
K3xnsgZUvlGMR6QN/Mw2ELzUjbOO1l95MqZ+/xlF5C/Ed6HlMwUoJo7SkI+Pcofm2uU3iNGO03WS
xxwgHsJYuDd07mtmwmXTU0FQ4xXcfS8KYYwlOf/CnO1iypeH6g5//vn/AdZnzow=
===END CRASH DUMP===
