PocketMine-MP Crash Dump Wed Jun 2 00:38:19 +07 2021

Error: Undefined index: NuTaVN
File: plugins/SETVIP_v2.3.phar/src/MCPEVN/SetVip
Line: 191
Type: ErrorException

THIS CRASH WAS CAUSED BY A PLUGIN
BAD PLUGIN: SETVIP v2.3

Code:
[182] 				  
[183] 				  unset($all[$name]);
[184] 				  $this->time->setAll($all);
[185] 			  }
[186] 			  
[187] 			  if(!isset($all[$name])) {
[188] 				  unset($all[$name]);
[189] 			  }
[190] 			  
[191] 			  $st = $all[$name]["current-vip"];
[192] 			  
[193] 			  $i = explode(",", $st);
[194] 			  
[195] 			  $date1 = strtotime($i[0]);
[196] 	    $date2 = strtotime(date("y-m-d"));
[197] 	    $date3 = abs($date2 - $date1);
[198] 		$help = $date3/86400;
[199] 		$date4 = intval($help);
[200] 	    
[201] 		if($date4 >= 1) {

Backtrace:
#0 plugins/SETVIP_v2.3.phar/src/MCPEVN/SetVip(191): pocketmine\utils\Utils::errorExceptionHandler(integer 8, string[23] Undefined index: NuTaVN, string[89] phar://C:/Users/Administrator/Desktop/MSAI/plugins/SETVIP_v2.3.phar/src/MCPEVN/S, integer 191, array[3])
#1 plugins/SETVIP_v2.3.phar/src/MCPEVN/SetVip(26): MCPEVN\SetVip->tick()
#2 pmsrc/src/pocketmine/scheduler/TaskHandler(137): MCPEVN\TickTask->onRun(integer 1)
#3 pmsrc/src/pocketmine/scheduler/TaskScheduler(179): pocketmine\scheduler\TaskHandler->run(integer 1)
#4 pmsrc/src/pocketmine/plugin/PluginManager(654): pocketmine\scheduler\TaskScheduler->mainThreadHeartbeat(integer 1)
#5 pmsrc/src/pocketmine/Server(2389): pocketmine\plugin\PluginManager->tickSchedulers(integer 1)
#6 pmsrc/src/pocketmine/Server(2152): pocketmine\Server->tick()
#7 pmsrc/src/pocketmine/Server(1992): pocketmine\Server->tickProcessor()
#8 pmsrc/src/pocketmine/Server(1586): pocketmine\Server->start()
#9 pmsrc/src/pocketmine/PocketMine(291): pocketmine\Server->__construct(object BaseClassLoader, object pocketmine\utils\MainLogger, string[36] C:\Users\Administrator\Desktop\MSAI\, string[44] C:\Users\Administrator\Desktop\MSAI\plugins\)
#10 pmsrc/src/pocketmine/PocketMine(321): pocketmine\server()
#11 pmsrc(11): require(string[91] phar://C:/Users/Administrator/Desktop/MSAI/PocketMine-MP.phar/src/pocketmine/Poc)

PocketMine-MP version: 3.19.1 [Protocol 431]
Git commit: a7cd0810020af15fb3d79127c77cf576085cd4cc
uname -a: Windows NT DESKTOP-KF1VXGB 6.3 build 9600 (Windows Server 2012 R2 Standard Edition) AMD64
PHP Version: 7.3.21
Zend version: 3.3.21
OS : WINNT, win
Composer libraries: 
- adhocore/json-comment 1.1.2@fc2f76979f0a44a5f5bc2a2b600d0762fe0e78e7
- daverandom/callback-validator unknown@unknown
- pocketmine/binaryutils 0.1.13@0abee38d4e2861621f262c79a2a3d699d8a697f4
- pocketmine/callback-validator 1.0.3@64787469766bcaa7e5885242e85c23c25e8c55a2
- pocketmine/classloader 0.1.2@9757928424652393b178a3760073113aa7c9911b
- pocketmine/log 0.2.1@830b44a2cf96ef703c550abe64302f230231ca49
- pocketmine/log-pthreads 0.1.3@e477ecf6ec214fdd4415ea1da3fdd9d73bf699ea
- pocketmine/math 0.2.6@43057cb8c179a9859677b496a788db922fd5cfc3
- pocketmine/nbt 0.2.18@9f82ca4d7f97fcd9a566e44b63c4f18a7657ae82
- pocketmine/pocketmine-mp 3.19.1@a7cd0810020af15fb3d79127c77cf576085cd4cc
- pocketmine/raklib 0.12.11@9cce458b8bfde3e4dfdbf70c659fc7b7fe26b5c4
- pocketmine/snooze 0.1.5@70b5e7937a06878dd321a3182ceb76d56298f2cd
- pocketmine/spl 0.4.2@6b08b7cf8c4afa17139c9a1b3bf1b408531de161

Loaded plugins:
reyyogaWtrhit 1.1.6 by reyyogaMnelux for API(s) 3.0.0, 4.0.0
AutoInv 0.0.10 by JackNoordhuis for API(s) 3.0.0
CustomAlerts 2.1 by EvolSoft for API(s) 3.0.0
MSpawns 2.2 by EvolSoft for API(s) 3.0.0
Netherite 1.2.1 by Wertzui123 for API(s) 3.0.0
TimeCommander 1.0.2 by TheDeibo for API(s) 3.0.2
MaxEnchants 1.2.1 by Xenophilicy for API(s) 3.0.0
NoDrop 1.0.0 by Inaayat for API(s) 3.0.0
BlockSniper 3.2.3 by BlockHorizons, Sandertv (@Sandertv), Chris-Prime (@PrimusLV) for API(s) 3.2.0
Trident 1.0.0 by brokiem for API(s) 3.15.0
PurePerms 1.4.2-c2a by 64FF00 & ProjectInfinity for API(s) 3.0.0
PointAPI 1.0.3 by onebone | Fixed and Update by LamPocketVN for API(s) 3.9.0
Farms 1.0-non-alpha by Dấu Tên for API(s) 3.0.0, 4.0.0
EconomyAPI 5.7.2 by onebone for API(s) 3.0.0
BlazinFly 1.8.7 by iiFlamiinBlaze for API(s) 3.0.0
Sponges 1.0.0 by  for API(s) 3.0.0
VanillaEnchantments 4.0.0 by TheAz928 for API(s) 3.0.0, 3.1.0
OnlineTime 1.3 by Zedstar16 for API(s) 3.0.0
Slapper 1.6.1 by jojoe77777 for API(s) 3.13.0
ec 1 by McLebt for API(s) 3.8.1
PM-Beacons 2.0.0 by jasonwynn10 for API(s) 3.0.0
FactionsPro 1.3.20 by Tethered_ for API(s) 3.0.0
InvCrashFix 0.0.1 by  for API(s) 3.14.0
HideCommands 1.0.7 by Himbeer for API(s) 3.6.0
PiggyCustomEnchants 2.4.0 by DaPigGuy for API(s) 3.19.0
AuctionHouse 1.2.4 by Shock95x for API(s) 3.0.0
Worlds 3.0.7 by survanetwork for API(s) 3.0.0
Broadcaster 1.5 by EvolSoft for API(s) 3.0.0
TPAll 1.2 by matymare for API(s) 3.0.0
SETVIP 2.3 by MCPEVN TEAM for API(s) 3.0.0
FormAPI 1.3.0 by jojoe77777 for API(s) 3.2.0
MultiWorld 1.5.2 by CzechPMDevs, VixikCZ, fuyutsuki, kaliiks for API(s) 3.0.0
KeepInventory 1.0 by KhoaGamingPro for API(s) 3.0.0
WorldProtect 2.3.8 by aliuly for API(s) 3.0.0
AutoXP 1.1.0 by JackMD for API(s) 3.0.0
BuilderTools 1.2.0-beta2 by CzechPMDevs, VixikCZ for API(s) 3.0.0
InvSee 1.0.0 by BlockHorizons for API(s) 3.0.0
KygekRanksUI 1.3.0 by Kygekraqmak for API(s) 3.0.0
NoTP 1.0.7 by awzaw for API(s) 3.0.0
DevTools 1.14.1 by PocketMine Team for API(s) 3.13.0
BlocksConverter 2.1.1 by matcracker for API(s) 3.0.0
OffHand 2.0.3 by alvin0319 for API(s) 3.0.0
SocialSpy 2.1.0 by Crafter20162017 for API(s) 3.0.0, 4.0.0
PiggyShopUI 2.1.1 by DaPigGuy for API(s) 3.2.0
Shield 1.0.0 by JavierLeon9966 for API(s) 3.7.0
BangHoiUI 1 by JVN | JackVnKiller for API(s) 3.0.0
PureChat 1.4.11 by 64FF00 for API(s) 3.0.0
EconomyLand 2.1.2 by onebone for API(s) 3.0.0
essentialsTP 1.2.2 by  for API(s) 3.0.0
Rewards 3.0 by Wertzui123 for API(s) 3.0.0
AutoClearLagg 3.1.0 by Twisted for API(s) 3.0.0
thoikhong 1.0.0 by  for API(s) 3.0.0
cayphattai 2.0.0 by Lettihl for API(s) 3.0.0
ShopMob 1.0.0 by LetTIHL for API(s) 3.0.0
NganHang 1 by GreenJajot for API(s) 3.0.0
ScoreHud 3.0.0 by JackMD for API(s) 3.0.0
BetterVoting 1.6 by Twisted for API(s) 3.0.0
PrisonMine 1.0.0 by LetTIHL for API(s) 3.0.0
PureEntitiesX 0.7.0 by milk0417, RevivalPMMP for API(s) 3.19.0
TempBanUI 2.3 by SonsaYT for API(s) 3.0.0, 4.0.0
luckyblock 1.0.0 by LetTIHL for API(s) 3.0.0
PHP-Sell 1.2.7 by Muqsit for API(s) 3.0.0-ALPHA9, 3.0.0-ALPHA10, 3.0.0-ALPHA11, 3.0.0-ALPHA12, 3.0.0
CustomTags 0.0.1 by DaRealAqua for API(s) 3.0.0
NapThe 1 by phuongaz for API(s) 3.0.0
MuaPoint 0.1.lpk by LamPocketVN for API(s) 3.9.0
AcidIsland 3.2.9 by GODSMineVn for API(s) 3.0.0
BuydetuUI 1 by FurryJaki1992 for API(s) 3.0.0
MuteTime 1.0.0 by LetTIHL for API(s) 3.0.0
KitUI 1.3.6 by Infernus101 for API(s) 3.4.0
CmdSnooper 1.0.0 by HotshotHD for API(s) 3.0.0
gem 1.0.0 by LetTIHL for API(s) 3.0.0
PiggyCrates 2.0.9 by DaPigGuy for API(s) 3.2.0
MenuUI 1.0.0 by LetTIHL for API(s) 3.0.0
shopvip 1.0.0 by LetTIHL for API(s) 3.0.0
help 1.0.0 by LetTIHL for API(s) 3.0.0
Item 1.0.0 by LetTIHL for API(s) 3.0.0
Joinkit 1.0.0 by LetTIHL for API(s) 3.0.0
level 2.0.0 by LetTIHL for API(s) 3.0.0
UpGrade 1.0.0 by LetTIHL for API(s) 3.0.0
TrashGUI 0.0.1 by Phuongaz for API(s) 3.0.0
QuestPlugin 3.1 by HmmHmmmmm for API(s) 3.11.0
RPG 1.0.0 by LetTIHL for API(s) 3.0.0
Buyrank 1.0.0 by LetTIHL for API(s) 3.0.0
SlapperRotation 1.2.1 by jojoe77777 for API(s) 3.0.0
CustomItem 1.0.0 by Phuongaz for API(s) 3.0.0
SellExp 3.0.0 by EzMinh, LetTIHL for API(s) 3.0.0
VanishV2 1.16 by superbobby for API(s) 3.0.0
SizePlayer 1.0.3 by  for API(s) 3.0.0
capdao 1.0.0 by Nguyễn Công Danh (NCD) for API(s) 3.0.0
WarpGUI 1.0.0 by RockPanther for API(s) 3.0.0
detu 4.0.0 by CLADevs || GreenJajot for API(s) 3.0.0
AutoSellUI 3.0.0 by LetTIHL for API(s) 3.8.2
giftcode 1.0.0 by LetTIHL for API(s) 3.0.0
HealFeed 2 by JackPlugin for API(s) 3.0.0, 3.1.0, 3.0.7, 4.0.0
luyendan 1.0.0 by LetTIHL for API(s) 3.0.0
OreGenerator 2.0.0 by vividmemory, LetTIHL for API(s) 3.0.0
LoadWorlds 1.1 by shin for API(s) 3.0.0
freeze 2.1.0 by Bavfalcon9 for API(s) 3.0.0
PickaxeFunction 1.0.0 by LetTIHL for API(s) 3.0.0
Kho 6 by ItzFabb for API(s) 3.0.0
AntiToolBox 0.1 by NgLamVN for API(s) 3.19.0
BuyFix 1 by FPVGAMER for API(s) 3.0.0, 3.7.1, 3.8.1, 3.9.3, 4.0.0
restart_in 1.0.0 by LetTIHL for API(s) 3.0.0

----------------------REPORT THE DATA BELOW THIS LINE-----------------------

===BEGIN CRASH DUMP===
eNrtfWl34zay6F/Bc/e5cb9nLaR2z+mcdry0nXjR2OrlTpjTByRBiTG3cJGtnsl/f1UASAK025bd
iu/9kEwyFotAoapQqA0g+e8tL05Dmn9ZsjTz42hrt7+zlfsh29o1hqY5GE66k0l70BuNJ3CjSMSt
Qbs3GJq9wWTcnYxHg/5kZyugWX6YpnG6tfvvrXyVQKstfn146zDoBqh3tkKWZXSOtz5ELvP8iLnE
h1+3u+S8mNGP59DGK4LgyA+wUbKg6W6ns7/b+ZABeZ09N/QjP8tTmsdp54Bl13mcdM6u9k46SVDM
/SjrXB3OPp5MvyzNdq+N3TtZ6nTO9qeHH887Vyz/6CcATnAYOcTa/aBPAASDXCYGiCilDvz+detV
l6yPYxv6vtklSexcsxx4YZZV5H6QWdYH/LO7yzSJHdPIDVi67Uc5m7OUjHcIMO9H81/N3m/kGyKs
2ownv5FNS3CHlLSgFAhNU7r6tffbGxDOK+MpgjCHIAcBsiwBa/2Y+871NsdlkiTETvhfLa1O5iyY
W4BIOjOaXZfiMXojBdkMkODd1o9xdFlElfAMjri3DuKr8mrbGE0a81W1hJFqGlo/pneG6t8/lBBS
Z8r/nNEI1kO6PRz0Hx6nIqn1Y0j9aLZIGXWPGU1zm9G8MfLg/pGvWAqrfNvsjZtMCZosSyNKzEc1
cNYYZPjwIMbAbAwi7qizPHoQhTGZPIRimsYOmJM4FbjGD+MajIffwJXlIESBY3I/jin/eQY/t807
67dE8+WLE0ewsAon347t35mTk59oxvbBLmanMXVZukMk/J7lfwZzehrP59hKLt/e8DeyvwuWAReu
ZWkr17Lk0oWesHYtq+rV7z+hl1yvliXWb/dR9ntmk/1MyFcgMASCbQNbpeyPwk/ZtiRsYjzJGtWD
ts6mtRHRyXqz9dufO1tsI17ne9wBECE6fvGjZRwsWciiHLC5wL+Tb5V3ASLwAsSJXYY0G2MTwFYu
/kcI3DLGPQ1URBnLt1/TIPj1dURD9tubf/BWfa3V63zhZ7gyQgY6zfK9IOB9ZONB1ZiQPzlkqEA4
YKQAfG/7//hZc9w35N+85Xgt+ibNISfdxpATQwG8znLylihofrW2nCJNQZStpZ9YW79xtBOziaSn
IvEBB7tNAhDvtrW1A/8iYkHRpN/sqkrltUtzZkB30Mc8Rjluv/Z/7UpuJkJchMiGptYQITDcqhW2
XGvrjewy0rv0oAu1s23ZvyVHlI1Lmb5esCBBQfAunfGw3+2KFqU8+Z0+NAF7vKQwy9iDYzG73WpI
flnKF6ZT9vrxLZhvmMY//w5h/g5h/g5h/g5h/g5h/qdDmJ2tOYtYSgOMB9DzgdHW+gJhNsxDnaJv
9drGpG0gvPADF2KQcW+ws+VnX1y23Nr1aJAxCDrSOI+dGND2e5Cxzn0MSejIcbtjo9s1u9QzBp7d
c0cTwxw5o5HjDUbD7njguH3HAdyFpOUT2Ob4JiPnM3JwePXL7GLa+uXI+Pj5/U9k2O4RTgKZDLtd
sl02FRpFwAGZ5NIkVzmYGJq65ND10Sm8IXtnB8M+BkaQi+9ujcDImsjOVxa5nD15Dbe/xBnScHJ+
PgMAv7jxIx5BhUkMc/Al8O2Upj7LUH7UXQDPKev8nsVRC9rIUMxoG23zneeY3mg4GU28Lu336cAb
2I5JTRuId7ujoemxLhuN2QjQuxQ4ALLjsONATGJT57oF3tZ3caIBYRFdR/FN9E7+RWLribX9iKYr
vjCgaRfGNnrvutRmrDd2+8wcD42haXjm0HRGE2rSnjucTNwxBdK8vo7q3sGNdrfdezfsj8ajPvQZ
Dm2H0hEbjMcDs28ymEOz55gDNnYGA2o2EOJyDvhylrSZ7yajwWhijvtmfzgwe5OebYzGtAfa0B31
DKMHuJ3JxDBsHVMQzzkGs228G/e6NkjUdLzJkHmjbg9GRoaH/V7X9Ez4v57h0P7kDoZWknNHUAqq
9471RyPmeEPmmEbfc91+3xgwari0BxcTd9SzPZAWozqqkOYLSc3wHQw6GDn22AHnRyfjwWQ4Gtn9
yZCOxmPXnpim5w4cz+npKCI7L/kZv5t4YxMIdkcezInjTuhgOGT9vj3sOX3PGNPRcDCibNwQbv2z
FSbVQn33hFWnIEvpNei2kAvQZLybOA7rD8b22PZc1mN913NtkLUzHEw8Z2SPPGYO7YHT0KAsiuOv
TIp38G7UtQdsNOmNaHc4Ho1dFywi7UEe4jB7NHQHQ3My9kzHbSBJAo6hD9oytLtjGwgfO33qUWNk
9CbOhBo2TIxh94GXnuEyY2hs/VklRnxtpmy1iuf0U54u0BZVxk6H72zVdg5X7RAgtMgXcZphsCob
n0UsKG7ReNLER3gPlkQXmvb5X4CziNoBA3MCDg2socsSMC6IAu5lsZcfqAAMSGpKgAxDODTM8mCp
oEW+uJp9urg8PQDQDbMzP0fSMY7eK/L4JFoqDJUQlRWgqm10dV5+hnV9Hsepuyj87A4vz+Thd0Aa
lUgtC4aLISsFP1oR9ShH+0WWx+EeREx5prClgVXeTO6LFMYOIQu+Avo2xZM6smU16JDsXM32Lmcf
phozizxPMnDXNzc3bQY0If52fo08nl0l9CZS2SshOmfmX8uZHBTDmXL05/FzzvIFS3mziqMapi+q
O/P1CUT5tfANs7cpvmqMllWRsd6aKpmEgGVR2G3w4Z0aW6fmCZieQfK9Dz4e/DRLFcZ1uM58tzml
swU7YL4dN1g3n8u6NniT5ftmlasjvT2MnAWNtBWnQh+Zws8sipOFH/jOalNzqKBENipStIt17Ml5
fJDGiaqYAtCcmIZ5PIkoXdGNLTWJDvSRj76+gf8pAD94FfmJpmMqVGUEQtd2T2eENz2OU/9rzFf4
FVeNfEm235U/MfvYX6R+1pqmoD9wB/8W2enHNxr/5lP53zpbTYOYC1HKQaPGshQ+LEukeesIZZb6
Lg+t60UnIY/Mqp3G1z4LNa6MwfOnVeKzLDm+ZU3PalIe5WNapGzK0lBddjVM5wWCnxbkCzo/w/7R
EeQ+/0Ugm8fc+CTyICPMN7YKv4gBgK2SKuXnM2wp7yurXDUelATECfne9ERLQyWoOacNBY8jZsN/
5D/kyL9lLgGlJh8SrDgSe0VOaSjy2Y/nmlAmzxeKHBDyf6QQMIJMalofsbVHVJ9ucd1gsRVB/kgD
SNt1Vg+swmB0UJCZVXS7jEabjkEXoMqcIvlnHSU+dOIoDlf65ClAlbdBe9T0gFKam9LYanKYoIBP
j0bNGiaXfvWjo2ClGdwSpk/VuD3S2fH9o4CGvh9hj41xpWNFuynJUX6uw9pVEkdzpupfCXnYcG7M
Cy5Xg4FlyUHX94IfaeQHAZV+H8sqKg/33VX56d91BBB37X2dmON7FhB4hOdzuBSkQJ4Qp+wZBrKk
q3MfTyCIiwg3/mb8IEzFvwLUp7FhKf/FXKzWGsNNqWWF0LJqGp4daFfYOgpDqLQBTfTwp4To3A6b
Yenv8e8xG+E/usPvPZ/jTIz8bB5rkjolE7iL7CjMMUfnS+fpzDllth6WjoHv52aAHBsYSwwEnQXL
8vXX5PSs9ROjWLVXnXYN1FPZOyvwd5rF0c0qiozu5qoPFUrLsjkZYB8rch7l6Ig6WCHOIJjSPHQN
bSyvttk0KzxBZO6X72Npay/KfcjJQxyz5k+hBP0zv1h3tsD07qc0W0CMpPCmQu8UjL7pAYz+8+co
LP4AqizLj5YOjuz5t0+J/I8htpb5rap2Grjpyhoe+tgPbQajqRwNn8+QRGdZKg1r2gfRtS3M3NSf
z1eivHRPNn7fXX2F9Zsr7IBCp/eFngwY3xH4lggh3r1Lzb3AZ1jIcpDOPeg6ouTJFf84LjKm1T0V
cLNe0dclc7WAlGAyuP3OVaqFlepSUvyFHAlroZy+BdKHBVGN2kf1/lOcBprGS4Ce/N/R9axIISJh
+U2cXm/KynKclnXDCbCsipC1JlpW5NscSRso67wSiHjgnQIKh2a5XutQoPq8Dv7a8qgyMLgRjYrn
lUln071A3WgV1w1d1XkKab4KabqxRKLEZ1l5QoNgfW8vD48pMVh5mky1QY2AU5wpIbPDvbON1ay1
My9refU4DfXktIQ0vXl3rfDR/I4ApcII/lsQUf1Yh5WzIsh9vuDUOm0NbCyPpjLtf2XOYnp2wJa4
Xj/6t/71/r/4qfdVkWfFtQ+/r2ng+9cb2xBycMgkdGFIywqRUr7cQe9Uqp/qIxRGOgoikNAvjCVg
iSFdilM1f9fhjQhBl9Ivi5i+h2Q7msvoaxNy0JBalkbO+ouQswkIcjzZ2fAFJbixINtjnTuY3iLY
WH1QYJPOIBEUrLPrcM+cnhV+6vkscNV97PJEXJ4y3GVH69vRuJVboJ+njR3Qz9M7e7n37H+eHWxK
EAKb2Oj8PH12eijQdCQH6BLxgAtLZ3EcqN5fAzeDnW7LZjlda+3/FavcFrTlSBv4TZ3S71npGiqR
0lwxpmczCHhkD0DfENlUrKDvawhKnpLY/LKas+tLGl1nH1RXpYEf8Ve8bUr/COnGYj0FJRgthZb1
bdZ5PJtqu2+z6WMZGr35Sm82ZqIQmWVFcZ48e1kKgoAZ0MPmUqxADXvTb1aj6mN1ZMZouLGSVEkA
Hk9cNtbZmra3Jq1T4Sj3HrP9GBxVmt/df1TuNA5kNFmHqBOSfRgj3WAcKzHKTcSamKesugvPwxPI
ai1VQprVq17TjS79qNszJpvzpBKhZQEJkO261Y+1wvPY8WlwlagxTw1rTk/DcEDe6oHgzK4xhP9G
m95UckIXj4Hxsul+6F6J32uVGLEEAMl6otlEFfqI4t1bAjG/L9HnAaeEbH2zOCLo0y6+uxgi0PAi
yNUCQyV1sgXgEd/3M136LD1lcTSZDPVtgNEjUqlWxoNRkIoekjROVPl3rb03Gs2PY1+b7xr2QF38
Z8gz/0MwfvoY/eIHwfeaGiVJVGZfYRWT0LVL5UXK9hc0b2zzc1Bzl98w7tvifxIzyhmCu3xxTSor
yVs7jfL2Z7b04yKbHraqJt84DYDE1782cBaAo6n3k091u6xCm4t+AzvKjUled3c54HZap+1RbWBZ
BokfmOZMi4w0cDOmN/+K7Vh1RGBJH/9RNi7ZDU21mmQJaRQlX/K4nyRhE4f9JKpOmWPuB4ymp3Q+
b6SaNVzn+46bnd34kMC6m2I7F+jEKVsHiQiACJGCqjQ9eQta4N3LVkERnu13dHz47N4i9q8XcaQK
ooa9yEGCarj1bbBDVwlYmJz6CtkK8JHtylOW5/4i2FjGnDxhpxX9/llsa95eQB5x90D07OT4dGOV
/8VTTi6ezyk+galqSQV6wJG/TxmLfqa/xxur49cYnyByfI7nuNAirBLU3HN5kcJSOfoTTo6CxrL0
Y5z72hxo4MYBir/UXs1Ke6VSoF+tFUulfhZHZ/zx9zqaqoEvuyQSPrB4lu8p0eAheNrcZ9nnRkhY
w/Xt+FGTj9APrrt9AysnlxCzLWkwPTubbmyrNxU4kzCEFZ8UuIIEYSLkK8l8cqVBobWj84v7YyxM
INjXgv8a9uBO0xVEqvS/Z5tOXSVay6rIWH+ag8K5XtlYm1DYUYAvq6j1wE9Q1ONp64ppW5YVqBmg
Nkp4Z/yYR5P41t7p9Hhvwg/ZVZdGt3FtNK7N8vrZswgEH/NIfV3OxbGDGZ3ffQSJAx8+K7N1QC8Z
Dfb+KOimps+lKWCkgHE9Jlw/A4fhtgOGJxJpmxXcJdNkttAe0hGAB9xxsiggzKJfN2YwJT7LEmOX
f9fb/qT8oLW2+SlB+owY7SC5bqynZx4E14s/1UHvB1hURsJ9TkFg/Wutx/oc3z3JAj0FVoDNZz4m
jRjq4uAKneHHaJMnXGSVGPJfte4lHvEA9sSjHusEJsXKZXmh13gq2AO6eFSk6epneu3jqw02pZAa
Uj5Ls+J88TRTf1bkzTO5FehlzXxY5E+IRH7xc323iV83t5mGzSejPJZGRWZ0DY3q/vecC69QWhYn
4gmmuq4oK6ZaLTM/KP/jOIe0Jj/eWMD+/Gr3nIUKC3j1srozxweZ1o4N+Om8lObs7ilFAW0m1JO/
pDR/36HDb59Y5JRpF99/QpGj4VWiMxbpVk0CXtgEwKDrzyPm9EtffT6yhLx8bQHftLU24fjiKYVq
fvmyJOOQ69N7kmvLm1++LL1AyxMW+M8Qq1xrr0ooIS9L9bX/hLINhLtMTVfE9eOlvc2WBFiW+/Mn
uOEPyfuUumr0UEJeVtTFE9R5hmed3+upegl6JDuabjil+BTHAT6BK0aXv9bh4Z8FzNRUvh6xYkOF
Nir6jdAhDOFf+Eevujz29Fj19NKDz2GGC8RsWX8U/KEcTtQzfFVJY0flCjdvpu/VjRu4euG62fIp
z8AXq5RG13q6wCEvSzQO+YQSspjmyzin/F2gdx5fq+488naFb5xD/p6CiE7AU+siDVemAB+Zj02v
/HrkJ0wLC4LDWzV0KCGP1PUPv0JKvdghG1YqgdayDj9Pr560v4JPiGaLj2bjQVgOapxFGzafCoHJ
t2PbXm3umZASo2WVRNS/1poW/yubBnSlP+dZAx9+CcCm1gWOd4rjWVb9e73dxcSlsbazyAGPLIjz
OeQmhcGcQUT28Zl+rx/NyQGNFmT7fP/gzabmB8dh0T4sPsRtWacYF1W1pMfPndM00X19CXmEv8vY
uZ5CTrbY3Mm/S17CxvHXXypYWlKI55ePPCC+f7qHh47Jf/5DNr8jKZEDA370JPuLe/ForrS5UICP
mLD7TNf4+S8bkujWJ3/ue3n58umyzFGCXrjWIYddn/ZjRoMjxtSCbAXSEoy7u8Ey7PrWqwZ2qif3
+t+7UzyVL6Jdf48KzIJLI22HSoJeen9KDLs+7Rcpe8/fXZrHqs/QwI9kfkt/6bshC+N0tXG/rtJh
WfLnWtsceHz5zvOeCrDh3Bu+feFHm2KhHnP981SYfjjJMmrncYLMeGA8v6oLXgIeOZL8E116NHDi
aGMHrGuMliVoeEqx07mmt+yoiJxGKN+888JZlBj9CQX/hRqj4JVKcLPQn389orb97HOUd56J/mb5
XwyE54SfEgDjSxLwWYWfYvWVBiq0sSnYjL1OadjYDPyeIxMSn2UpFKz7LIKSsZdkibxXf12DBDy0
RTb9+H7v7PDyXmczaout9bH8O+FR9Hc5HUHR+nOGtTGa5l+0iosCfOGEXgy8Lvn4RlmaAs05az7S
U75lm6s5fwF1O0lx44efktndejWtrgiE4Z4/J/jVDyu1oldXNCdndEVMkxjmbm+y2+uR/9cdEbNr
GtggjHP37dnFKak3gBEshmklcZq/NSZGz0TgzQKIbQV+lr/t4jWNohhsEz5JialMizoLn4lvhGRv
IfJEPPjuz5Z8eBMkLzqG9Fb2yd6aA4TMKXpKl4n7XpwC1goWex5CQQIuHlQrr5NlIkdxfc/znSLI
V285ofPSN7YyPFkZzbO3COYF2xbqxduAp5MVLINAS2mC31t5e3B4tPfhdIZQMf2tPwqWruSQEpSC
RSrpwd/thGbZTZy6b/8v/weEBAF0K6NLJjsufXbTckGGFCT3doygWzu+baEiyiYwCfOCztlbFs3x
WnthcXsV4guLXxFUK+Lw6S5SXmrhs05AeETTHdACMluwjJFSGoSmjEDeROIIVCZfgI44OJk5sRnx
IycoXP7lCnJH2xDXVRxCTw8RNHFm1GM7JMaULEOUxE4ZvSaruEglLuJ7BCbV93w+AswnfkkmWCHi
c3ZToeu4zKMwoxm5iaMfcoI1JZoSlGYIzOLLw1dIIX4cRvB9s2ARKZJ5Sl1A0LYi1GKBbNeKCHn1
acFfoEPyGEaJXAIo5Jv5QQYpjUD5cyCK3+akBjEMA6zCL5Zzebls6TuMLPiHJRASImahruWs7RL+
mnq8kS2K3I1hAcgP9ewSa0u+Qd4J4oy51hanbC8I4huCCwuIKb/UQZY+Jf9ElcM2XPfKR5Z3Cdoh
3vWQ66Hsw19PiEuEwIyBUBCbvSJSlNheqm11WyH21ScfBBJHIFfqugTMlxA/ihW/6UBCRrMi5cub
gNBthkSDcNgfBQ1QbHN/CW2XNCgY2ZaDgqF5g9jFiLBgGNqUFogdP6iwC7f52OdFaINUQKv2slXk
4Fc1CL5XBPSozRt8AGlx1S45xWaLFOKBAmYPmmc7hD8oTuTih/WwQ/BV+sAI2nwuGzC4CAuLCDQI
mwjkV3x6gSfQsjS+9UHDGIgBWOKaG1XEoWwlQSce6iq2QZ3cIX7+A4gvT3k3l6G94yrT6Ey2gYcC
1o3JxcLZaElOdzmqpq5SrhxpEUU4nS4aqDjhk8Afhs7aBNJ9+ZuE/nwBixnjoh118UnFQYmkaZHk
AioEhoKBLIVJvvjkwqLkXxhwxYKgy9h3gez7KUAdQZ2LQdCgXW1F0aBxSzSqNA3MP0+KxKJ8D5YY
tAedKBFwWAehn+PaDtmc2qscJE6uhKi7XLh+hrh59xnO2o3PJc81ChbtTUsgKpUs4xx6PpAIFonh
ixEQDcbp5ZBCyWG2ClymZB7DRMW4TFErcKA5J7PFSdslXeQCRucmWLzl/389BxiVPEQ/etfvoz+D
rIyTIM1nRZJElxEwH+gfwe6VBOGoJVVG1+xLwrgR+MRXhaQv+2EDFPJ1wUlCi0HkR7hgpbNb5hTc
+MaCZLEi0VlVrdmtA1FCVnMkDNfF7HCXzI5PrsjpydnJjOxNp6cnh1dkenhJIM775fByh0AjMruA
Vofk0/HF6SGZXl7sH15dtZsmQJOHORhKcUxZ6sfcIaMhzpBBZ8G4SebSqIytAbKHkMDltoU3aWFh
QJhZjgriQ+ATDDRoE/L7LWUTSgYRHzrACJvJwThmgQRMb23IhUfiY1ygD0E/zzu077ZGXZAhNUxb
whwMB4RkkVwxr6JvxQOoF0uymtVeV/KavbmfJMl5T3I+p6kNK6PlxEEgYlFugO6XLl9qSI7sRWQv
sN0hjQoefKiUQGBWgA6+2Sl9QlMJSzUU7tXzAJfgN6yXYJtcCJsvFB6ih7gI3IoWH5zITURq+jOB
OOHkA6PDblfyCqMdcWNxx0ly1REYKt68NA5LZyt6yxYtVTXVGUZu5Eze0Q1yj0pp2nFVBow4ZSmM
hGooFdktwkREVyKEI/JGC2+U83WAjWQHTjsns+QArsDNw2Kn9wgYnDY4PhhhCUqWZQVDw5AvYNbm
ZbSJRgtHq6naKSdSxAgyqGwLarDpN+WEeY6zKKLrrKR9nyYI9cMiBB+LL8YkZS6AE0lEViSoqOWK
60WKkq+YuzoGwXYiKeIDtjAKLsDp9qsZO4jFraZOY2yEVk/gF43LJSRwyYYqZzxyaDkUX+tZzQuQ
wmMVCB9RekCdCDAElgTfqICJBvYRHNbcQTcpT8FPOTI2rqNdFCA+LFjifRjVQ3poRfLFdbvSRUBo
togDEWLaNIdMFiNxTnKGH9Yj0slw2yYyH3lXuBabVcGmcG+v1Fkqb6FZTVc5It8hLUOZQD55fOBW
XhIjXQC32nUcy1NUDCFdwTnmMjzQx84AlGS1yTHEgqBLb3lwR/anH3agL9Bgw/q68V1Qex4rCOtZ
4W9x/LtkWIbddUSecekobdtkzwVDtaCB18G3pPM0wWWgw3IoGJRg3QMVTFmItdtTkKmpyOEtWjUM
MWnQJkjEh2k0LYPtOgHEXAKJwodpsWORRElLXjeymzO56jL/K6vmE8PychrxAeUyZIKwXaiH4lr7
E1N0etMmU9knoOmcd6AyE5W6wEf0UjpHFmBOQGxZEvCIBdPLkOI7BGDkFOdpP/CxYsLzZfwwG8ty
cjb7wCnNgCVk2y5ygvk5n8p6OJFctEtbE+ZFC3vtcmpRy11mF/PdMmH5kRiYqMhwbQFLld8nMj3N
REKNmhxlsXBcUhsMRCaMk8C2v4ghgUUNLPMUVmai3IK5NKcko8vSUmIFpKwT4T0lhQXCeFlNBCyy
HvF77EciGeZloh/IZzu+Ra1PyckB2f784eTgDcEXtSyABmh/A+Y+ScULBkAxMH9JIXlp1xEgaELM
m3Bh40vwP/90WuKXuY0C+YEPhsUi7jQh+sAkl7thzltcVkekC1GKOJ7Hh4V7vrdq3Ra+qygihTgF
rBujeWk3gX/xYbsyDeAppKQU9IbJ7w5EsRP4CeF9QW2wqudQTCXDeFlm5ejSpB/gtrhV3hNDZrUF
LAtfaoVkxkscQt9hFYF4xWTwtlK5i0yWWhxYybmwdbJPS/TZJQkESUs/wGGEHZc2So6CjohG8ypR
iLBb0PSHO2UrrWJ2b1VKzPJeGBe4hD3hcOSKRlHKOUYHiyaK1yNAD/E395DQ+ZL7S6UzZzxiIv+1
mUBmMw8XIK9qche3KBWe6zgvdmqeV7CPA1XsgyEitElqIj6YCaMxcGr3Udm9n0yaAibQj3LdAbFl
Z/xbUdPjixmrA62Cf78iU3SSP+DPB+LVXXVtHvDB+LN9GbdAKE+W4kwT8RVBIrkjsppSenDeR2Md
8LWISV6ROeRhWS2eumJTSah9V0TSNt1QnydqYCchixFzk8RJEZTKKC/QlfE20iL2uD3kEX4rkVYM
nQkaJvB2Mnbm1VpRo9qVXhxLajxvFGDhBOV84UPGVbHDreWG+t7CIwANULXcdHCygHDTi5UZgVXW
Eicuq5aLGGeGk9LGR2fbfswpBku2CjHvyfDAXQYcZjXpmMzJ+6S+z1ngVozO5ylk0KJaJktrooKA
H1G+bvLH6YMVfHFwgR8RbUmbL1wfGoUbJoJrCkvnho+YccJrBjisrdSzwdNWkheqKSbnjlBhQsV9
qUzg5PFDmNxVqTEih8eq6CDsjlBPlNLVDuGfQNkh+DpD7p/zKgwD0+uxFELtFlqgCP2fuFu6K+Es
qFYKk1tLin8tIOQEV86tWGksJEI+8+J+OcadmRa8qlOd+2Ftq6UDRqTYHlcCmmacWTSYOCCv8clO
ZT23XQ8g76gjlNJ82MVLsy1mV6wKpXQicQD6XMqzLJIsJJBbDMxyZOAsLQbWnCE3cXnk6HsVIkg/
gBGxwYAWqKwcCBsH+KSJLD0bDXyaybQEIkkaJkF5hTEP0CjnarecNHEP9BZLWLvkVx6sgP/c4TWt
3xCpeJF05SbVjQ/OBgaO+G0mUTUo9594OeA+j8UdOvfQGQ+QebaJ7/4CWqW7VckX43IaxE+CO1bo
FYT3qkfcJUene7Nd8x+jncHk1tjp3fZ2zH8Y/3AxIOLrfBvfd+qgcX077gpTLK76gzciyhN7DGqy
LlY4+haQsayl8dCDF8Ng1pwVEd9XLtLSKJcZSlrtTnCLA3jAVTl89ycrBdYqdzZAF0Q4++qImxo+
FG+vISl4pCAgXxRIi8eWStAX82+1E3YLhi+TyZ1zzd+9wxMZkIjtQ2C+EkEcb4f8AimQegg3ItaM
4JLjh2AkrWz11s4Wu81ZlPnyYxX84yzKp39tR37BtYLgrhJ+NliDxeEXN87BGGpQ3InUAEUaqNdo
ItRrzw/4yxRryDzUPkS8wMcXlGsfVtlSBeDnhfn+uHgrRGiLLTK1SSa/eqzCEkfn+pJ5srig9eRm
P9NBEKCEKuRqeqpehqvsj4B/PVn+IgN87MPEvQXSwk8xD7r97gh+vj6BJTFyHPh3MmTD0cAbuiOT
DRyv65nDkdcfM2M4ckxq22aPvAbceXzNIggPNImtKN9hLQ8OfcUH2PAs1IC/6f+r+HJt1Roub0N9
TmJkx+x2e4Zh4oOJ04MLTVRu/IWz0gQCyNenE8xFlGVawysfDcLnM01GDQrgEtNsnS0A3uDnJTWg
8o1ifEDSwM9sA8ELXTlrb/2FB2Pq959RRP5cfBdavpoKxcRRGvLpcW7QXLv8BjHqcbpK8pgDxKMv
c/fOnPuamnDZ9FQQ5HgFN9/zQihjSc6/MGa7mPLyUN3hzz//P14qzrk=
===END CRASH DUMP===
