PocketMine-MP Crash Dump Wed Jun 2 06:47:25 +07 2021

Error: Undefined index: NuTaVN
File: plugins/SETVIP_v2.3.phar/src/MCPEVN/SetVip
Line: 191
Type: ErrorException

THIS CRASH WAS CAUSED BY A PLUGIN
BAD PLUGIN: SETVIP v2.3

Code:
[182] 				  
[183] 				  unset($all[$name]);
[184] 				  $this->time->setAll($all);
[185] 			  }
[186] 			  
[187] 			  if(!isset($all[$name])) {
[188] 				  unset($all[$name]);
[189] 			  }
[190] 			  
[191] 			  $st = $all[$name]["current-vip"];
[192] 			  
[193] 			  $i = explode(",", $st);
[194] 			  
[195] 			  $date1 = strtotime($i[0]);
[196] 	    $date2 = strtotime(date("y-m-d"));
[197] 	    $date3 = abs($date2 - $date1);
[198] 		$help = $date3/86400;
[199] 		$date4 = intval($help);
[200] 	    
[201] 		if($date4 >= 1) {

Backtrace:
#0 plugins/SETVIP_v2.3.phar/src/MCPEVN/SetVip(191): pocketmine\utils\Utils::errorExceptionHandler(integer 8, string[23] Undefined index: NuTaVN, string[89] phar://C:/Users/Administrator/Desktop/MSAI/plugins/SETVIP_v2.3.phar/src/MCPEVN/S, integer 191, array[3])
#1 plugins/SETVIP_v2.3.phar/src/MCPEVN/SetVip(26): MCPEVN\SetVip->tick()
#2 pmsrc/src/pocketmine/scheduler/TaskHandler(137): MCPEVN\TickTask->onRun(integer 1)
#3 pmsrc/src/pocketmine/scheduler/TaskScheduler(179): pocketmine\scheduler\TaskHandler->run(integer 1)
#4 pmsrc/src/pocketmine/plugin/PluginManager(654): pocketmine\scheduler\TaskScheduler->mainThreadHeartbeat(integer 1)
#5 pmsrc/src/pocketmine/Server(2389): pocketmine\plugin\PluginManager->tickSchedulers(integer 1)
#6 pmsrc/src/pocketmine/Server(2152): pocketmine\Server->tick()
#7 pmsrc/src/pocketmine/Server(1992): pocketmine\Server->tickProcessor()
#8 pmsrc/src/pocketmine/Server(1586): pocketmine\Server->start()
#9 pmsrc/src/pocketmine/PocketMine(291): pocketmine\Server->__construct(object BaseClassLoader, object pocketmine\utils\MainLogger, string[36] C:\Users\Administrator\Desktop\MSAI\, string[44] C:\Users\Administrator\Desktop\MSAI\plugins\)
#10 pmsrc/src/pocketmine/PocketMine(321): pocketmine\server()
#11 pmsrc(11): require(string[91] phar://C:/Users/Administrator/Desktop/MSAI/PocketMine-MP.phar/src/pocketmine/Poc)

PocketMine-MP version: 3.19.1 [Protocol 431]
Git commit: a7cd0810020af15fb3d79127c77cf576085cd4cc
uname -a: Windows NT DESKTOP-KF1VXGB 6.3 build 9600 (Windows Server 2012 R2 Standard Edition) AMD64
PHP Version: 7.3.21
Zend version: 3.3.21
OS : WINNT, win
Composer libraries: 
- adhocore/json-comment 1.1.2@fc2f76979f0a44a5f5bc2a2b600d0762fe0e78e7
- daverandom/callback-validator unknown@unknown
- pocketmine/binaryutils 0.1.13@0abee38d4e2861621f262c79a2a3d699d8a697f4
- pocketmine/callback-validator 1.0.3@64787469766bcaa7e5885242e85c23c25e8c55a2
- pocketmine/classloader 0.1.2@9757928424652393b178a3760073113aa7c9911b
- pocketmine/log 0.2.1@830b44a2cf96ef703c550abe64302f230231ca49
- pocketmine/log-pthreads 0.1.3@e477ecf6ec214fdd4415ea1da3fdd9d73bf699ea
- pocketmine/math 0.2.6@43057cb8c179a9859677b496a788db922fd5cfc3
- pocketmine/nbt 0.2.18@9f82ca4d7f97fcd9a566e44b63c4f18a7657ae82
- pocketmine/pocketmine-mp 3.19.1@a7cd0810020af15fb3d79127c77cf576085cd4cc
- pocketmine/raklib 0.12.11@9cce458b8bfde3e4dfdbf70c659fc7b7fe26b5c4
- pocketmine/snooze 0.1.5@70b5e7937a06878dd321a3182ceb76d56298f2cd
- pocketmine/spl 0.4.2@6b08b7cf8c4afa17139c9a1b3bf1b408531de161

Loaded plugins:
SETVIP 2.3 by MCPEVN TEAM for API(s) 3.0.0
TPAll 1.2 by matymare for API(s) 3.0.0
NoDrop 1.0.0 by Inaayat for API(s) 3.0.0
InvSee 1.0.0 by BlockHorizons for API(s) 3.0.0
Sponges 1.0.0 by  for API(s) 3.0.0
reyyogaWtrhit 1.1.6 by reyyogaMnelux for API(s) 3.0.0, 4.0.0
VanillaEnchantments 4.0.0 by TheAz928 for API(s) 3.0.0, 3.1.0
AutoInv 0.0.10 by JackNoordhuis for API(s) 3.0.0
Worlds 3.0.7 by survanetwork for API(s) 3.0.0
BlockSniper 3.2.3 by BlockHorizons, Sandertv (@Sandertv), Chris-Prime (@PrimusLV) for API(s) 3.2.0
BlazinFly 1.8.7 by iiFlamiinBlaze for API(s) 3.0.0
Broadcaster 1.5 by EvolSoft for API(s) 3.0.0
InvCrashFix 0.0.1 by  for API(s) 3.14.0
DevTools 1.14.1 by PocketMine Team for API(s) 3.13.0
FormAPI 1.3.0 by jojoe77777 for API(s) 3.2.0
NoTP 1.0.7 by awzaw for API(s) 3.0.0
ec 1 by McLebt for API(s) 3.8.1
PointAPI 1.0.3 by onebone | Fixed and Update by LamPocketVN for API(s) 3.9.0
MSpawns 2.2 by EvolSoft for API(s) 3.0.0
Slapper 1.6.1 by jojoe77777 for API(s) 3.13.0
SocialSpy 2.1.0 by Crafter20162017 for API(s) 3.0.0, 4.0.0
WorldProtect 2.3.8 by aliuly for API(s) 3.0.0
OnlineTime 1.3 by Zedstar16 for API(s) 3.0.0
FactionsPro 1.3.20 by Tethered_ for API(s) 3.0.0
TimeCommander 1.0.2 by TheDeibo for API(s) 3.0.2
BlocksConverter 2.1.1 by matcracker for API(s) 3.0.0
Trident 1.0.0 by brokiem for API(s) 3.15.0
OffHand 2.0.3 by alvin0319 for API(s) 3.0.0
MultiWorld 1.5.2 by CzechPMDevs, VixikCZ, fuyutsuki, kaliiks for API(s) 3.0.0
PurePerms 1.4.2-c2a by 64FF00 & ProjectInfinity for API(s) 3.0.0
EconomyAPI 5.7.2 by onebone for API(s) 3.0.0
EconomyLand 2.1.2 by onebone for API(s) 3.0.0
Farms 1.0-non-alpha by Dấu Tên for API(s) 3.0.0, 4.0.0
BuilderTools 1.2.0-beta2 by CzechPMDevs, VixikCZ for API(s) 3.0.0
PiggyCustomEnchants 2.4.0 by DaPigGuy for API(s) 3.19.0
PureChat 1.4.11 by 64FF00 for API(s) 3.0.0
CustomAlerts 2.1 by EvolSoft for API(s) 3.0.0
KygekRanksUI 1.3.0 by Kygekraqmak for API(s) 3.0.0
KeepInventory 1.0 by KhoaGamingPro for API(s) 3.0.0
PM-Beacons 2.0.0 by jasonwynn10 for API(s) 3.0.0
Netherite 1.2.1 by Wertzui123 for API(s) 3.0.0
AutoXP 1.1.0 by JackMD for API(s) 3.0.0
HideCommands 1.0.7 by Himbeer for API(s) 3.6.0
MaxEnchants 1.2.1 by Xenophilicy for API(s) 3.0.0
PiggyShopUI 2.1.1 by DaPigGuy for API(s) 3.2.0
Shield 1.0.0 by JavierLeon9966 for API(s) 3.7.0
BangHoiUI 1 by JVN | JackVnKiller for API(s) 3.0.0
AuctionHouse 1.2.4 by Shock95x for API(s) 3.0.0
Kho 6 by ItzFabb for API(s) 3.0.0
ScoreHud 3.0.0 by JackMD for API(s) 3.0.0
essentialsTP 1.2.2 by  for API(s) 3.0.0
Item 1.0.0 by LetTIHL for API(s) 3.0.0
BuydetuUI 1 by FurryJaki1992 for API(s) 3.0.0
Rewards 3.0 by Wertzui123 for API(s) 3.0.0
giftcode 1.0.0 by LetTIHL for API(s) 3.0.0
capdao 1.0.0 by Nguyễn Công Danh (NCD) for API(s) 3.0.0
MuteTime 1.0.0 by LetTIHL for API(s) 3.0.0
detu 4.0.0 by CLADevs || GreenJajot for API(s) 3.0.0
MuaPoint 0.1.lpk by LamPocketVN for API(s) 3.9.0
TrashGUI 0.0.1 by Phuongaz for API(s) 3.0.0
QuestPlugin 3.1 by HmmHmmmmm for API(s) 3.11.0
MenuUI 1.0.0 by LetTIHL for API(s) 3.0.0
SlapperRotation 1.2.1 by jojoe77777 for API(s) 3.0.0
BetterVoting 1.6 by Twisted for API(s) 3.0.0
ShopMob 1.0.0 by LetTIHL for API(s) 3.0.0
CustomItem 1.0.0 by Phuongaz for API(s) 3.0.0
HealFeed 2 by JackPlugin for API(s) 3.0.0, 3.1.0, 3.0.7, 4.0.0
AutoSellUI 3.0.0 by LetTIHL for API(s) 3.8.2
PHP-Sell 1.2.7 by Muqsit for API(s) 3.0.0-ALPHA9, 3.0.0-ALPHA10, 3.0.0-ALPHA11, 3.0.0-ALPHA12, 3.0.0
WarpGUI 1.0.0 by RockPanther for API(s) 3.0.0
PiggyCrates 2.0.9 by DaPigGuy for API(s) 3.2.0
AcidIsland 3.2.9 by GODSMineVn for API(s) 3.0.0
PickaxeFunction 1.0.0 by LetTIHL for API(s) 3.0.0
help 1.0.0 by LetTIHL for API(s) 3.0.0
BuyFix 1 by FPVGAMER for API(s) 3.0.0, 3.7.1, 3.8.1, 3.9.3, 4.0.0
freeze 2.1.0 by Bavfalcon9 for API(s) 3.0.0
restart_in 1.0.0 by LetTIHL for API(s) 3.0.0
CustomTags 0.0.1 by DaRealAqua for API(s) 3.0.0
NganHang 1 by GreenJajot for API(s) 3.0.0
shopvip 1.0.0 by LetTIHL for API(s) 3.0.0
SizePlayer 1.0.3 by  for API(s) 3.0.0
RPG 1.0.0 by LetTIHL for API(s) 3.0.0
KitUI 1.3.6 by Infernus101 for API(s) 3.4.0
TempBanUI 2.3 by SonsaYT for API(s) 3.0.0, 4.0.0
Joinkit 1.0.0 by LetTIHL for API(s) 3.0.0
LoadWorlds 1.1 by shin for API(s) 3.0.0
OreGenerator 2.0.0 by vividmemory, LetTIHL for API(s) 3.0.0
SellExp 3.0.0 by EzMinh, LetTIHL for API(s) 3.0.0
gem 1.0.0 by LetTIHL for API(s) 3.0.0
Buyrank 1.0.0 by LetTIHL for API(s) 3.0.0
luyendan 1.0.0 by LetTIHL for API(s) 3.0.0
luckyblock 1.0.0 by LetTIHL for API(s) 3.0.0
cayphattai 2.0.0 by Lettihl for API(s) 3.0.0
VanishV2 1.16 by superbobby for API(s) 3.0.0
NapThe 1 by phuongaz for API(s) 3.0.0
UpGrade 1.0.0 by LetTIHL for API(s) 3.0.0
AntiToolBox 0.1 by NgLamVN for API(s) 3.19.0
CmdSnooper 1.0.0 by HotshotHD for API(s) 3.0.0
PrisonMine 1.0.0 by LetTIHL for API(s) 3.0.0
AutoClearLagg 3.1.0 by Twisted for API(s) 3.0.0
level 2.0.0 by LetTIHL for API(s) 3.0.0
PureEntitiesX 0.7.0 by milk0417, RevivalPMMP for API(s) 3.19.0
thoikhong 1.0.0 by  for API(s) 3.0.0

----------------------REPORT THE DATA BELOW THIS LINE-----------------------

===BEGIN CRASH DUMP===
eNrtPWt327aSfwXr5GydXUsWqbfvSU8cP2K3dqwbK4+9ZU8OSIISa5Jg+ZCt3Pa/7wwAkiDt2JKt
evdDe9trcQgMZgaDeYEE/73l8SSk2dcFS1KfR1t7vZ2tzA/Z1p4xMM3+2DB7/XbHHPb7xs5WHstb
/fYY/jF6o1GvPxiaA7gV0DQ7ShKebO39eytbxtBqS1wf3TgMugHqna2QpSmd4a2Pkcs8P2Iu8eHX
zR55n0/pp/fQxsuD4NgPsFE8p8ne7u7B3u7HFMjb3XdDP/LTLKEZT3YPWXqV8Xj3/HL/dDcO8pkf
pbuXR9NPp5OvC7PdbWP33TRxds8PJkef3u9esuyTHwM4xmHUECv3gz4BEAxyGQO7QIMDv3/ZetEh
q+PYhr6v9kjMnSuWAS/MsvLMD1LL+oh/9vZYTWInNHIDlmz7UcZmLCGjHQLM+9HsF7P7K/mOCMs2
o/GvZNMS3CEFLSgFQpOELn/p/voKhPPCWEcQ5gDkIEGWJWGtHzPfudoWuEwSh9gJ/6uktZs6c+bm
IJLdKU2vCvEY3aGGbApI8G7rRx59yKNSeIZA3F0F8WVxtW0Mx435KlvCSBUNrR+TW0P17h5KCml3
Iv6c0wjWQ7I96PfuH6ckqfVjSP1oOk8YdU8YTTKb0awxcv/ukS9ZAqt82+yOmkxJmiyrRpScj3Lg
tDHI4P5BjL7ZGETe0Wd5eC8KYzy+D8Uk4Q6YE55IXKP7cfVHg+/gSjMQosQxvhvHRPw8h5/b5q31
W6D5+tXhESys3Mm2uf0bczLylqbsAOxiesapy5IdouB3LP9zmNMzPpthK7V8u4NfycEeWAZcuJZV
W7mWpZYu9IS1a1llr15vjV5qvVqWXL+dB9nvmk32UylficCQCLYNbJWw33M/YduKsLGxljWqBm2d
TyojUifr1davf+5ssY14nae4AyBCdvzqRwseLFjIogywucC/k20VdwEi8QLE4S5Dmo2RCWArk/8j
BG4Zo24NlEcpy7Zf0iD45WVEQ/brq3+IVr1aq5fZ3E9xZYQMdJpl+0Eg+qjG/bIxIX8KyECDCMBQ
A/je9n/4aXPcV+TfouVoJfrGzSHHncaQY0MDvEwz8ppoaH6xtpw8SUCUrYUfW1u/CrRjs4mkqyPx
AQe7iQMQ77a1tQP/ImJJ0bjX7KpL5aVLM2ZAd9DHjKMct1/6v3QUN2MpLkJUQ7PWECEw3LIVtlxr
65XqMqx36UIXaqfbqn9LjagaFzJ9OWdBjIIQXXZHg16nI1sU8hR3etAE7PGCwixjD4HF7HTKIcVl
IV+YTtXrx9dgvmEa//w7hPk7hPk7hPk7hPk7hPm/DmF2tmYsYgkNMB5AzwdGu9YXCLNhHqoUfavb
NsZtA+G5H7gQg4y6/Z0tP/3qssXWnkeDlEHQkfCMOxzQ9rqQsc58DEno0HE7I6PTMTvUM/qe3XWH
kOMPneHQ8frDQWfUd9ye4wDuXNHyGWwzv07J+yk5PLr8eXoxaf18bHz68u4tGbS7RJBAxoNOh2wX
TaVGEXBAJvlgkssMTAxNXHLk+ugUXpH988NBDwMjyMX3toZgZE1k5xuLXMGeuobbX3mKNJy+fz8F
gLi49iMRQYUxhzn4Gvh2QhOfpSg/6s6B54Tt/pbyqAVtVChmtI22+cZzTG84GA/HXof2erTv9W3H
pKYNxLud4cD0WIcNR2wI6F0KHADZPNx1ICaxqXPVAm/ruzjRgDCPriJ+Hb1Rf5HYamJtP6LJUiwM
aNqBsY3umw61GeuO3B4zRwNjYBqeOTCd4ZiatOsOxmN3RIE0r1dHdefgRrvT7r4Z9IajYQ/6DAa2
Q+mQ9UejvtkzGcyh2XXMPhs5/T41GwhxOQdiOSvazDfjYX84Nkc9szfom91x1zaGI9oFbegMu4bR
BdzOeGwYdh1TwGcCg9k23oy6HRskajreeMC8YacLIyPDg163Y3om/F/XcGhvfAtDK86EIygE1X3D
esMhc7wBc0yj57lur2f0GTVc2oWLsTvs2h5Ii9E6qpBmc0XN4A0M2h869sgB50fHo/54MBzavfGA
Dkcj1x6bpuf2Hc/p1lFEdlbwM3oz9kYmEOwOPZgTxx3T/mDAej170HV6njGiw0F/SNmoIdzqZyuM
y4X6Zo1VpyFL6BXotpQL0GS8GTsO6/VH9sj2XNZlPddzbZC1M+iPPWdoDz1mDuy+09CgNOL8G1Pi
7b8Zduw+G467Q9oZjIYj1wWLSLuQhzjMHg7c/sAcjzzTcRtI4kBg6IG2DOzOyAbCR06PetQYGt2x
M6aGDRNj2D3gpWu4zBgYW3+WiZFYmyr5qaxcmQ1Vlg3iLbimeTbnSYrBqYyJyPRo/xxNJY19hHZh
AXTwmkXUDhgYDXBbYPNcFoMJwY5wL+VedqgDMOyAMeoxGyZysBrQ6F5cTj9ffDg7BNA1s1M/QyIx
VJ5OIJ3SCJfXOt2wiup0gz4uQ5qwTRFd4LOsLAaTIP3tKrS/54cJjzXiFaBOPVJWo/80onRJs02R
r9BZlhx9dfJPo8UlYxr5CvAA+W8D0N0TnvjfIKTZFBM1pJYlKbEsGRutwsxlzKOZdFTFElCQ+9nZ
2CQslv0+KL4cdPVJSNhyyWf0c5bMMYooqa/D6zwY7UF9SlTj84gF+c2tKdnZ6j2FNYUcyDBWZ+sT
jfwgoEeRM6dRhpGCPjV33dVZ7N3Wuumc7X8DR3oHd+AJHs/dQpJiWQcQ2jzE2TzL4hRiVAj45rnd
hhhot6Br9y6eQBD7ecZBOTTmC4jOMDDSNhoc/wShyXvOE3ee+xtbZ78B0qhAalkwHPejBaQCJVEP
Tu1nngSuPpsKoPODNA7r7KR5ArJm2TVPrjbFjcBpWdeCAMsqCVlpEpX7bAskbaBs94VEhEwKe3QZ
+TFLNE51aJ3dW861biXBPkHAy5JsQbbfFD8xLTqYJ37amiR+yOAO/s3Ts0+vagIy1xXQ1vlyEnDh
YO42rxof69jYtwH95kfHwbImkgJWt1Gj5vz7/nFAQ9+PsMfGfHcdK3KmyNF+rsRaAi0cmmb1+dag
dfb6deaOFjy4BBI35g6rgYGRGhWKlcvp/ofpx8mdmn19fd1mQBFib2dXytcfJDSdH/s3dYdfQm+Z
o++6SaP3hFgr/x2ItSwwOg6O7Pk362jgIVtMOQ9061OCGj6y1+BAS/zJlNGwNlVG9/EsFQRgAaUk
ZYVZ0pxIRdpuiQO4PeZJuD851ZgtIHVeu01n+Rv/jbMh/vM0Q6L5jRKjZSkiyh+rhcrTSS1Qnk5u
BWYNg0Gvv9HrTS0ogcyyIp6tGCDfMUuSINwWczRWmFNnpJFjOWfMrpuFESjmY9Mrgc2yGDoQZ87S
bPWIbAKOPqtrUwlqzkTDl/GI2fAf+YOAoWAuAf9FPsa460HsJTmjodTfT+9rfI4fP1tqQMuKkULA
aFkarfesLWT0/DKm15FuIgpIPRs2/1oTrgbFamox+uNM92VA43oYUkDq0zZoGrzvWIGn2LpUjvzo
JVSRtFswgRxyx6fBZazHFRWsPmtG09aBA/PAM5odYwD/DTed/Tihi1UewfRB6F7K3yvHyZOEZ7hR
3YiWC3CjPtMeNUxg4OcQv2zKBgpsKlyOJQXNmVzRYZ3nfuL5LHD1slyxwZclDIuGGK/s1rgFoVxE
uLU/FY+6lSLRgA3HVhfHv5iL+zHGYFMSKRFaVkXDo5W7xLarMYRunDpYmk9BDLor16BNd242k1+W
zVnC3K9PY3xrP8p8sEYhjllJQaMEfLq8WNWrII8HPAxFSqOX8Wrwpn8xb+X2h8y3eYM787HTWht8
FQ0vM770gEdAanY769PuNA2Scas8CaEtrIpkgwVKhVGlbhUx6wTP08R3xZZNNUsK8kDFz074lc8a
EXP/8fwofJalxgfvfl6R8iAfF56HG+u6AVGQ+szcimNosPCjTtcYb86iKoRgPzxvDiSUP1Zh5DwP
Ml9YSD1YqYCNlLO5bA6+MWc+OYeMAYOLT/6Nf3XwL/GY7zLP0vzKh99XYPT9q42VjxwcMg5dGNKy
QqRUOBNYYzrV6xpOjZFdDREGrXnCJiwJ9WiugtXl02ubLcekdRkNesfHnQ75TwLGDbfXTyPPj/xs
Yz71qxwANLigSvv5CFGIvsqPVnhAEkcOj3i4rAfwGlCXRb89bOqKiqg3xXYZoDNJgQjRa9Q8qPyq
9Vl9JevQpp3dAEu6xNZgLxAru07bgwwe07reyuuGqW1FPGrRIJ439PbQyg1G+zmZWnmnw2i06bh2
HqKvF/paEPZwkQyfR2BJswJTAzd27oBDm2V0Jcv1V9goW9KWyQJNg9Kn2KkaKrRU/my2PMjTjIdq
C6Bms+64W1fvXtPpHlLo9C6vWyrjCUl1gRAM1G1q7gQ+QkTFILt3oNstLPrBnGYNgy5ATXtuGHcZ
8/UWfGVEb4fDgsYi+t3aaYTkX9jC53k6OWqVTb5j95H46tcGrL5AA8KS8tsPQIF1baqBG1byry1q
6CNDPlyn43HljZ+XM3b1gUZX6UfdtdXAD5Q7RduE/h7Sje0saSgtS6dl9YLbz4zFpxCmRxlP9MpG
Hd7wBw3G5py+o5Bcz1TGthHWdKTAnE7OGuXE89ZbRvGpRn0lV8BmKN6sUNOUR9fLKDI6m9vaLFGC
3RdkgMUvyXm4RC2SbHFd1alLWNOvNRbaZ1gD33LfMLubYqfCaFklGY+uTVTYdiue1Pb0l0ljd/rL
5NYDB3fsTZ8fbopViU1uQn+ZPJpHiWZXcQDMnUBKqeoAupbWwA9sQpz4oc0amfzg8ZwqdJal07Ai
w7JrW9aUzunNHWGGDn1AYb+wiMdzP/CdjeVCGkpk6aaKLep0PWxb0C9fznlc8wg69IESzJ2x0/rb
6LWERiSmCrL13ahK0le7eHIUJdGI6OlyjkVXvUwuAQ8UcH6iC58lZ4xH4/GgXj0dPhRAFbWVe9ev
jt6yJFHF35UyCxrNTrhfm+8Kds/+2k+f3pM/CK78T9HPfhA8teim7bDWU8WCVXy6cVUfuZ+LuPEE
okhWM7EauLlMe3X+YO6dq3H/5olc1TRZ3/XXtnbUSPhQkKBvjvShUa5R+3DYM9er3Hils9h4cO00
+3ZMbfvROfwtZr77fJ4cCHVynUckL/GB95O8tuIKUPN5p2dxkcXoq7PA0hRiO58GaW0HvgZuKqH5
VzwiqY9oWY3xH35YNWOh/uQKXj5g9c5YNj09OdvYo0YZlqxXFfvbfOmyLK9btBJ2j0U7zpNk+RO9
8vENp03RXkOK1Vo6zd+DP14nn/nArmlSC6QKSGMlPGdkrEjYRFysUAk/O/O9rHiPWDFbgp5X64ph
V58nh8Yu1W2wAjxA9/sZBDG5wZx+RA6w6Oj1ohk5pNGcbL8/OHy1KYZwHBYd8GiGuC3rjC1YcJoG
K++ZZM3t4xL0vDMT5tkas4ILX6NZXD7wyPPB2T6WGskff5B3CWPRT/Q3vrlKjkQODPiRj5nyqoyA
7RDP4tQmQIHqzxAa7SC+akzBI58Vqvv88lmge/jTRhL2TvSpfq22XwpxxbuaBS9B9z8tuTWZ56Dg
9NvGTB7nAW6XytHVr1V4+GfO0myizkgo2dChdePd4OMkDOFf+KdehX7oefvyCaV7NyDCOWK2rN9z
8SCbIOoRJrygcVfnChWVRXX3qwDPbCVg0DXiTSm3Dzyj4oSNW898lXceSO+/8+zXExhpELBGJMSy
jCWfeOZHMz0Y0sGNJ9kaj4dc+2nG3E0xotBhbbCioH610lRBInHO7VouLiHPq2DpWgmNLNk3gmkN
+ADtm7Zr1cirs3DCaHDMmJ6TlaBaXeh2PqaMw/deIdop31vpPTVXm6gzE1YvFWT8kgVBzWBpwAeS
zbt0avT4B6gUujV2A04mLaRUL9cVoKalalRYz8UbAc05ae2fTU72x2pK1KXRaVwbjWuzuH60kQOC
T8Rm/6qcf6ZJXI8RCsgDS+kDRCcTGmEtflOrCVFaFo6/xsyJfdqEZuz2frWENndyxn9JrfWu7efv
710LymoXT9+rFmhE9rfv+K7KSLTFWAGbr341JPLu4vAS3+X4FG2yaqfeEeER08vP8k0vmG75xtdK
E+5c0Rt2nEdOI8Ro3nlePxbL0VfXXDybSaNeXD4vyTjkWhWh+ttXCnBfLWjy6d3++dGHOz3WsC3N
30j9HYvHHZ/kuSRFq7PkQVr6TU/FFeCBR/bf0oVHA1DujT2IWWG0LEnDOm9gi0N+vtYyJA34vDql
Bl43opvS2e0nRATwgUz1kH6A4Gn/95xuigOXJoCRAsbVmHD91OGJ2w4YvotN2ywXu/Eziiec6RlD
CbpnxWy+UFJhXH1OMCZf+Lp1KiDPnxvgAX+r55/+NzYJ6LL+ulEFvP9FsU1lmjjeGY5nWdXvlUrU
k3d6eRquntmHLdaQ9c9+Vn/iSVw3H3VqbphFHkuiPDU6Ro3o3lOOrihRWpYgYnUepiyM3+I2gl4j
K2H3nj5zyaOU/s9008+1KrSWVZKxOjc/cT+6qp3CUUCeV42u/DVsDb7/cetIBg3YeJKncSjD3I82
RXU15uq7MRiQO/Eiamc8Fq92JOydOLEt47oFqoEfeLJs4S98N2QhT5Y7ZMMTo9NhWernSrvimFge
3egeoYA8kNkffYNUYr5xTiRayzr6MllvR3xWqxzNnn0XdrbmJmxCo6t6zC0gzxzUwZCrUx3gBplL
9XC0BD0v3cWw69DuXC1tfEetRn0JfG76i4HX2T5dxnOaZdSvbaGWwAfMD3CQ+fNgYy8zxNl6hy6l
809m46QlAWq4gUHzcJ6YJTa37eXmjuYpMFpWQUT1a6XncWk8ndcexpWAe6L/eMPl6QKfZcmxi7+r
kP8xfpfQ2hMEBeR510C+hnHH94PxjZa3XK9T6NDGDm/zEYIzGjZ2dp/yxorCZ1kaBau+8KrV+Qqy
MFmu3uDXkmX9tf57p+aEZ5BSZScbe6zr8acLTBI/5dG5OCe/quBVwGdOfMTA8tDfdbY8DgJGkzM6
mzV2PSp4Y3v61rFwm90bzIq9QTwYzUEiAiBCPpmu07T2KXES7366DPLw/GC3jg/9Jj4Fo7tMcf2w
r9nsJLI082drTCG+q3QEazPzWfql8UZXBa/bjGGTi9APrjo9A7eFPjCI3mkwOT+fbMyIJBJnHIZg
COMcqzmSMPnGVkHm2kdgaLTu1vnFDwDMuX8157XyVQV7lhMpy+FWnU48UZYmQGvGmgdmFadsi+c5
xAHU7ThBSyUkt7f1YlJekQMeef6M4Fc/rMSKXlzSjJzTJTFNYph73fFet0v+uzMkZsc0sEHIM/f1
+cUZqTZYECyHacU8yV4bY6NrIvB6DsS2AlhLrzt4TaOI55GDR49giahFnbnP5DdC0tc8Enjw8J2W
Ou0ERC47hvRG9Ulfm32EzCjmjC6T9z2eANYSxj0PoSABF5+/La7jRaxGcX3P8508yJavBaGzIkts
pRgPRrP0NYLFqm6hPrwORGhUwlLGXK0Jfm/l9eHR8f7HsylCpQK0fs9ZslRDKlDiAE+KHvzdjmma
XvPEff1f4h8QEtiaVkoXTHVc+Oy65YIMKUju9QhBNza/aaEGqiYwCbOczthrBuoD17UDi9vLEA8s
fkFQrYgjpjtPxEMhYtYJCI/UdAe0gEDUlDJSSIPQhJFszgiPQGUyCK2Jg5OZEZsRP3KC3BVfriC3
tA1xXfIQenqIoIkzpR7bIRx3VVNESeyE0Suy5HmicBHfIzCpvueLEWA+8UsywRIRv2fXJbpdl3kU
ZjQl1zz6ISP49AtNCEozBGbx8PAlUogfh5F8X89ZRPJ4BkEeIGhbEWqxRLZnRYS8+DwXr16RjMMo
kUsAhTqZH2QAOSIoPzgJeVuQCpkLBcQgz4BlQl4uWB2Hkbn4sARCQsQs1bWYtT0ijqnHG+k8z1wO
C0B9qGePWFvqBHkn4Cl4ui1B2X4Q8GuCCwuIKb7UQRY+Jf9ElcM2QveKM372CFoi0fVI6KHqI44G
wyVCYMZAKIjNXhIlSmyv1La8rRH74rMPAuERyJW6LgFvJMWPYsVvOpCQ0RQsLS5vAkK3GRINwmG/
5zRAsc38BbQFq5wzsq0GBUPzCrHLEWHBMLQpLRA7flBhD26Lsd/noQ1SAa0CJx05+FUNgkeVgh61
RYOPIC2h2gWn2GyecLBAMHvQPN0h4jAMohY/rIcdgkfpAyNo7IVswOAiLMwj0CBsIpFfiukFnkDL
En7jg4YxEAOwJDQ3KolD2SqCTj3UVWyDOrlD/OwHEF+WiG4uQ3snVKbRmWwDDzmsG1OIRbDRUpzu
CVRNXaVCOZI8inA6XTRQPBaTIN6uT9vkkC3UbxL6szksZnw+cUdffEpxUCJJkseZhEqBoWBCoE3x
JSYXFqX4woArFwRdcN8Fsu+mAHUEdY6DoEG72pqiQeOWbFRqGph/UR6Ui/IdWGLQHnSjRMJhHYR+
hms7ZDNqLzOQOLmUou4I4fop4hbdpzhr176QvNAoWLTXLYmoULJUcOj5QCJYJIbv2iIa3KgshpRK
DrOV4zIlMw4TxXGZolbgQDNBZkuQtkc6yAWMLkywPOX//z0HGJfcRz9616fRn2Y8FiQo81mSpNCl
BMwH+kewewVBOGpBldExe4owYQQ+i1Wh6Et/2ACFYl0IktBiEPURLljp7IY5uTC+XJIsVyQ6q7I1
u3EgSkgrjqThupge7ZHpyeklOTs9P52S/cnk7PTokkyOPhCI834++rBDoBGZXkCrI/L55OLsiEw+
XBwcXV62myagJg+zP1DimLDE58IhoyFOkUFnzoRJFtIoja0BsoeQwBW2RTRpYYlcmlmBCuJD4BMM
NGgT8vs9ZZNKBhEfOsAIm6nBBGaJBExvZcilRxJjXKAPQT8vOrRvt0ZdUEE1TFvMHAwHpGSRXDmv
sm/JA6gXi9OK1W5H8Zq+upskxXlXcT6jiQ0ro+XwIJCxqDBAd0tXLDUkR/UiqhfY7pBGuQg+dEog
MMtBB1/tFD6hqYSFGkr36nmAS/IbVkuwTS6kzZcKD9EDzwO3pMUHJ3IdkYr+VCKOBfnA6KDTUbzC
aMfCWNxykkJ1JIaSNy/hYeFsZW/VoqWrpj7DyI2ayVu6Qe5QqZp2XBYBI05ZAiOhGipFdvMwltGV
DOGIutHCG8V8HWIj1UHQLsgsOIArcPOw2OkdAganDY4PRliAkqVpztAwZHOYtVkRbaLRwtEqqnaK
iZQxggoq25IabPpdOWGe48zz6CotaD+gMUL9MA/Bx+IBeaTIBXAiicyKJBWVXHG9KFGKFXNbxyDY
jhVFYsAWRsE5ON1eOWOHXN5q6jTGRmj1JH7ZuFhCEpdqqHMmIoeWQ/EU3HJegBQRq0D4iNID6mSA
IbHEeIQeJhrYR3JYcQfdlDwlP8XI2LiKdlGAWLYp8N6P6j49tCJ1Fv6echEQms15IENMm2aQyWIk
LkhO8cN6RDkZYdtk5qPuStdiszLYlO7thT5LxS00q8kyQ+Q7pGVoEygmTwzcygpilAsQVruKY0WK
iiGkKznHXEYE+tgZgIqsNjmBWBB06bUI7sjB5OMO9AUabFhf174Lai9iBWk9S/wtgX+PDIqwu4rI
UyEdrW2b7LtgqOY08HbxhGKRJrgMdFgNBYMSrHuggmkLsXJ7GjI9FTm6QauGISYN2gSJ+DiJJkWw
XSWAmEsgUfjqIHbM4yhuqetGdnOuVl3qf2PlfGJYXkwjvhBbhEwQtkv10Fxrb2zKTq/aZKL6BDSZ
iQ5UZaJKF8SIXkJnyALMCYgtjQMRsWB6GVJ8VR5GTnCeDgIfKyYiX8YPs7E0I+fTj4LSFFhCtu08
I5ifi6mshpPJRbuwNWGWt7DXnqAWtdxldj7bKxKWH4mBiYoK1+awVMV9otLTVCbUqMlRyqXjUtpg
IDJpnCS2gzmHBBY1sMhTWJGJCgvm0oySlC4KS4kVkKJOhPe0FBYIE4U1GbCoesRv3I9kMizKRD+Q
Lza/Qa1PyOkh2f7y8fTwFcGTOedAA7S/BnMfJ/LMKFAMzF8SSF7aVQQImsBFEyFsPPjty9uzAr/K
bTTID2IwLBYJpwnRBya5wg0L3nhRHVEuRCvieJ4YFu753rJ1k/uupogU4hSwboxmhd0E/uWH7Yo0
QKSQilLQG6bO/I64E/gxEX1BbbCq51BMJUO+KLJydGnKDwhb3CruySHTygIWhS+9QjIVJQ6p77CK
QLxyMkRbpdx5qkotDqzkTNo61acl++yRGIKkhR/gMNKOKxulRkFHRKNZmShE2C1o+sOdolWtYnZn
VUrO8n7Ic1zCnnQ4akWjKNUco4NFEyXqEaCH+Ft4SOj8QfhLrbNgPGIy/7WZRGYzDxegqGoKFzcv
FF7ouCh21jyvZB8HKtkHQ0Rok9RYfjATRmPg1O6isnM3mTQBTKAfxboDYovO+LekpisWM1YHWrk4
Oz7VdFJstYiBRHVXX5uHYjCxiZ8KC4TyZAnONJFfESSKO6KqKYUHF31qrAO+FjHJCzKDPCytxFNV
bEoJtW+LSNmma+qLRA3sJGQxcm5iHudBoYzqAl2ZaKMsYlfYQxHht2JlxdCZoGECb6diZ1GtlTWq
PeXFsaQm8kYJlk5QzRe+ulYWO9xKbqjvLXxvvAEql1sdHM8h3PS4NiOwylpy16NsOec4M4KUNm6n
tH0uKAZLtgwx70nx1cAUOEwr0jGZU/dJdV+wIKwYnc0SyKBltUyV1mQFAT+ifNXkT9AHK/ji8AI/
ItpSNl+6PjQK10wG1xSWzrUYMRWEVwwIWFurZ4OnLSUvVVNOzi2hwoTK+0qZwMnjhzCFq9JjRAHn
uugg7I5QT7TS1Q4Rx37uEDwfU/jnrAzDwPR6LIFQu4UWKEL/J+8W7ko6C1orhak9Jc2/5hBygisX
VqwwFgqhmHl5vxjj1kxLXvWpzvywstXKASNSbI8rAU0zziwaTBxQ1PhUp6Ke264GUHf0EQpp3u/i
ldmWsytXhVY6UTgAfabkWRRJ5gooLAZmOSpwVhYDa86Qm7gicvS9EhGkH8CI3GBAC1RUDqSNA3zK
RBaejQY+TVVaApEkDeOguMKYB2hUc7VXTJq8B3qLJaw98osIVsB/7oia1q+IVH6bqnST+saHYAMD
RzxDW1YNiv0nUQ64y2MJhy48dCoCZJFt4hFXQKtytzr5clxBg/xJcMcKvYL0XtWIe+T4bH+6Z/5j
uNMf3xg73ZvujvkP4x8uBkRinW/jBwIcNK6vRx1piuVVr/9KRnlyj0FP1uUKR98CMla1NBF6iGIY
zJqzJPL7ynlSGOUiQ0nK3QlhcQAPuCpH7P6khcBaxc4G6IIMZ18cC1MjhhLta0hyESlIyFcN0hKx
pRb0cfGtdsJuwPClKrlzrsRJIyKRAYnYPgTmSxnEiXbIL5ACqYd0I3LNSC4FfghGktJWb+1ssZuM
RamvDmMUX7LTPv1rO+oLriUEd5Xws8E1GA+/ujwDY1iD4k5kDZAngX6NJkK/9vxAnJ5fQWZh7UPE
czy5QLv2YZUtdAB+XlhsjMsnBUJbbpHpTVL11WMdFjt1rj8wTxUXaj2F2U/rIAhQQh1yOTnTL8Nl
+nsgvp6sfpE+vkdj4t4CaeGnmPudXmcIP1+ewpIYOg78Ox6wwbDvDdyhyfqO1/HMwdDrjZgxGDom
tW2zS14C7oxfsQjCg5rEllTssBZvTn3DN0nwob2+OB3sm/xybdkaLm/C+pxwZMfsdLqGYeLLiZPD
i5qoXP5VsNIEAsivTyeYiyhNaw0vfTQIX85rMmpQAJeYZtfZAuA1njtZA2rfKMZXKQ38zDYQPK8r
Z+Wtv4pgTP/+M4rIn8nvQquHhFBMAqWh3s4UBs21i28Qox4nyzjjAiBPvZi5t+bcr6mJkE1XB0GO
lwvzPculMhbk/AtjtouJKA9VHf78838BWf3Oog==
===END CRASH DUMP===
