PocketMine-MP Crash Dump Wed Jun 2 03:46:53 +07 2021

Error: Undefined index: NuTaVN
File: plugins/SETVIP_v2.3.phar/src/MCPEVN/SetVip
Line: 191
Type: ErrorException

THIS CRASH WAS CAUSED BY A PLUGIN
BAD PLUGIN: SETVIP v2.3

Code:
[182] 				  
[183] 				  unset($all[$name]);
[184] 				  $this->time->setAll($all);
[185] 			  }
[186] 			  
[187] 			  if(!isset($all[$name])) {
[188] 				  unset($all[$name]);
[189] 			  }
[190] 			  
[191] 			  $st = $all[$name]["current-vip"];
[192] 			  
[193] 			  $i = explode(",", $st);
[194] 			  
[195] 			  $date1 = strtotime($i[0]);
[196] 	    $date2 = strtotime(date("y-m-d"));
[197] 	    $date3 = abs($date2 - $date1);
[198] 		$help = $date3/86400;
[199] 		$date4 = intval($help);
[200] 	    
[201] 		if($date4 >= 1) {

Backtrace:
#0 plugins/SETVIP_v2.3.phar/src/MCPEVN/SetVip(191): pocketmine\utils\Utils::errorExceptionHandler(integer 8, string[23] Undefined index: NuTaVN, string[89] phar://C:/Users/Administrator/Desktop/MSAI/plugins/SETVIP_v2.3.phar/src/MCPEVN/S, integer 191, array[3])
#1 plugins/SETVIP_v2.3.phar/src/MCPEVN/SetVip(26): MCPEVN\SetVip->tick()
#2 pmsrc/src/pocketmine/scheduler/TaskHandler(137): MCPEVN\TickTask->onRun(integer 1)
#3 pmsrc/src/pocketmine/scheduler/TaskScheduler(179): pocketmine\scheduler\TaskHandler->run(integer 1)
#4 pmsrc/src/pocketmine/plugin/PluginManager(654): pocketmine\scheduler\TaskScheduler->mainThreadHeartbeat(integer 1)
#5 pmsrc/src/pocketmine/Server(2389): pocketmine\plugin\PluginManager->tickSchedulers(integer 1)
#6 pmsrc/src/pocketmine/Server(2152): pocketmine\Server->tick()
#7 pmsrc/src/pocketmine/Server(1992): pocketmine\Server->tickProcessor()
#8 pmsrc/src/pocketmine/Server(1586): pocketmine\Server->start()
#9 pmsrc/src/pocketmine/PocketMine(291): pocketmine\Server->__construct(object BaseClassLoader, object pocketmine\utils\MainLogger, string[36] C:\Users\Administrator\Desktop\MSAI\, string[44] C:\Users\Administrator\Desktop\MSAI\plugins\)
#10 pmsrc/src/pocketmine/PocketMine(321): pocketmine\server()
#11 pmsrc(11): require(string[91] phar://C:/Users/Administrator/Desktop/MSAI/PocketMine-MP.phar/src/pocketmine/Poc)

PocketMine-MP version: 3.19.1 [Protocol 431]
Git commit: a7cd0810020af15fb3d79127c77cf576085cd4cc
uname -a: Windows NT DESKTOP-KF1VXGB 6.3 build 9600 (Windows Server 2012 R2 Standard Edition) AMD64
PHP Version: 7.3.21
Zend version: 3.3.21
OS : WINNT, win
Composer libraries: 
- adhocore/json-comment 1.1.2@fc2f76979f0a44a5f5bc2a2b600d0762fe0e78e7
- daverandom/callback-validator unknown@unknown
- pocketmine/binaryutils 0.1.13@0abee38d4e2861621f262c79a2a3d699d8a697f4
- pocketmine/callback-validator 1.0.3@64787469766bcaa7e5885242e85c23c25e8c55a2
- pocketmine/classloader 0.1.2@9757928424652393b178a3760073113aa7c9911b
- pocketmine/log 0.2.1@830b44a2cf96ef703c550abe64302f230231ca49
- pocketmine/log-pthreads 0.1.3@e477ecf6ec214fdd4415ea1da3fdd9d73bf699ea
- pocketmine/math 0.2.6@43057cb8c179a9859677b496a788db922fd5cfc3
- pocketmine/nbt 0.2.18@9f82ca4d7f97fcd9a566e44b63c4f18a7657ae82
- pocketmine/pocketmine-mp 3.19.1@a7cd0810020af15fb3d79127c77cf576085cd4cc
- pocketmine/raklib 0.12.11@9cce458b8bfde3e4dfdbf70c659fc7b7fe26b5c4
- pocketmine/snooze 0.1.5@70b5e7937a06878dd321a3182ceb76d56298f2cd
- pocketmine/spl 0.4.2@6b08b7cf8c4afa17139c9a1b3bf1b408531de161

Loaded plugins:
WorldProtect 2.3.8 by aliuly for API(s) 3.0.0
SocialSpy 2.1.0 by Crafter20162017 for API(s) 3.0.0, 4.0.0
PurePerms 1.4.2-c2a by 64FF00 & ProjectInfinity for API(s) 3.0.0
Trident 1.0.0 by brokiem for API(s) 3.15.0
reyyogaWtrhit 1.1.6 by reyyogaMnelux for API(s) 3.0.0, 4.0.0
InvSee 1.0.0 by BlockHorizons for API(s) 3.0.0
HideCommands 1.0.7 by Himbeer for API(s) 3.6.0
NoTP 1.0.7 by awzaw for API(s) 3.0.0
BlockSniper 3.2.3 by BlockHorizons, Sandertv (@Sandertv), Chris-Prime (@PrimusLV) for API(s) 3.2.0
Worlds 3.0.7 by survanetwork for API(s) 3.0.0
KygekRanksUI 1.3.0 by Kygekraqmak for API(s) 3.0.0
Netherite 1.2.1 by Wertzui123 for API(s) 3.0.0
BuilderTools 1.2.0-beta2 by CzechPMDevs, VixikCZ for API(s) 3.0.0
NoDrop 1.0.0 by Inaayat for API(s) 3.0.0
MultiWorld 1.5.2 by CzechPMDevs, VixikCZ, fuyutsuki, kaliiks for API(s) 3.0.0
SETVIP 2.3 by MCPEVN TEAM for API(s) 3.0.0
MaxEnchants 1.2.1 by Xenophilicy for API(s) 3.0.0
FactionsPro 1.3.20 by Tethered_ for API(s) 3.0.0
PiggyCustomEnchants 2.4.0 by DaPigGuy for API(s) 3.19.0
PointAPI 1.0.3 by onebone | Fixed and Update by LamPocketVN for API(s) 3.9.0
OnlineTime 1.3 by Zedstar16 for API(s) 3.0.0
Farms 1.0-non-alpha by Dấu Tên for API(s) 3.0.0, 4.0.0
TimeCommander 1.0.2 by TheDeibo for API(s) 3.0.2
BlazinFly 1.8.7 by iiFlamiinBlaze for API(s) 3.0.0
PM-Beacons 2.0.0 by jasonwynn10 for API(s) 3.0.0
BlocksConverter 2.1.1 by matcracker for API(s) 3.0.0
Sponges 1.0.0 by  for API(s) 3.0.0
MSpawns 2.2 by EvolSoft for API(s) 3.0.0
EconomyAPI 5.7.2 by onebone for API(s) 3.0.0
ec 1 by McLebt for API(s) 3.8.1
Broadcaster 1.5 by EvolSoft for API(s) 3.0.0
FormAPI 1.3.0 by jojoe77777 for API(s) 3.2.0
Slapper 1.6.1 by jojoe77777 for API(s) 3.13.0
BangHoiUI 1 by JVN | JackVnKiller for API(s) 3.0.0
DevTools 1.14.1 by PocketMine Team for API(s) 3.13.0
AutoInv 0.0.10 by JackNoordhuis for API(s) 3.0.0
AutoXP 1.1.0 by JackMD for API(s) 3.0.0
InvCrashFix 0.0.1 by  for API(s) 3.14.0
VanillaEnchantments 4.0.0 by TheAz928 for API(s) 3.0.0, 3.1.0
CustomAlerts 2.1 by EvolSoft for API(s) 3.0.0
TPAll 1.2 by matymare for API(s) 3.0.0
KeepInventory 1.0 by KhoaGamingPro for API(s) 3.0.0
OffHand 2.0.3 by alvin0319 for API(s) 3.0.0
PiggyShopUI 2.1.1 by DaPigGuy for API(s) 3.2.0
EconomyLand 2.1.2 by onebone for API(s) 3.0.0
PureChat 1.4.11 by 64FF00 for API(s) 3.0.0
Shield 1.0.0 by JavierLeon9966 for API(s) 3.7.0
AuctionHouse 1.2.4 by Shock95x for API(s) 3.0.0
CustomItem 1.0.0 by Phuongaz for API(s) 3.0.0
SizePlayer 1.0.3 by  for API(s) 3.0.0
RPG 1.0.0 by LetTIHL for API(s) 3.0.0
SlapperRotation 1.2.1 by jojoe77777 for API(s) 3.0.0
help 1.0.0 by LetTIHL for API(s) 3.0.0
KitUI 1.3.6 by Infernus101 for API(s) 3.4.0
Buyrank 1.0.0 by LetTIHL for API(s) 3.0.0
CmdSnooper 1.0.0 by HotshotHD for API(s) 3.0.0
BuydetuUI 1 by FurryJaki1992 for API(s) 3.0.0
ScoreHud 3.0.0 by JackMD for API(s) 3.0.0
LoadWorlds 1.1 by shin for API(s) 3.0.0
QuestPlugin 3.1 by HmmHmmmmm for API(s) 3.11.0
BuyFix 1 by FPVGAMER for API(s) 3.0.0, 3.7.1, 3.8.1, 3.9.3, 4.0.0
PureEntitiesX 0.7.0 by milk0417, RevivalPMMP for API(s) 3.19.0
shopvip 1.0.0 by LetTIHL for API(s) 3.0.0
NapThe 1 by phuongaz for API(s) 3.0.0
TempBanUI 2.3 by SonsaYT for API(s) 3.0.0, 4.0.0
detu 4.0.0 by CLADevs || GreenJajot for API(s) 3.0.0
Joinkit 1.0.0 by LetTIHL for API(s) 3.0.0
restart_in 1.0.0 by LetTIHL for API(s) 3.0.0
AcidIsland 3.2.9 by GODSMineVn for API(s) 3.0.0
PrisonMine 1.0.0 by LetTIHL for API(s) 3.0.0
SellExp 3.0.0 by EzMinh, LetTIHL for API(s) 3.0.0
PiggyCrates 2.0.9 by DaPigGuy for API(s) 3.2.0
MuaPoint 0.1.lpk by LamPocketVN for API(s) 3.9.0
thoikhong 1.0.0 by  for API(s) 3.0.0
UpGrade 1.0.0 by LetTIHL for API(s) 3.0.0
freeze 2.1.0 by Bavfalcon9 for API(s) 3.0.0
WarpGUI 1.0.0 by RockPanther for API(s) 3.0.0
NganHang 1 by GreenJajot for API(s) 3.0.0
PHP-Sell 1.2.7 by Muqsit for API(s) 3.0.0-ALPHA9, 3.0.0-ALPHA10, 3.0.0-ALPHA11, 3.0.0-ALPHA12, 3.0.0
Item 1.0.0 by LetTIHL for API(s) 3.0.0
CustomTags 0.0.1 by DaRealAqua for API(s) 3.0.0
AutoClearLagg 3.1.0 by Twisted for API(s) 3.0.0
OreGenerator 2.0.0 by vividmemory, LetTIHL for API(s) 3.0.0
VanishV2 1.16 by superbobby for API(s) 3.0.0
capdao 1.0.0 by Nguyễn Công Danh (NCD) for API(s) 3.0.0
PickaxeFunction 1.0.0 by LetTIHL for API(s) 3.0.0
gem 1.0.0 by LetTIHL for API(s) 3.0.0
ShopMob 1.0.0 by LetTIHL for API(s) 3.0.0
HealFeed 2 by JackPlugin for API(s) 3.0.0, 3.1.0, 3.0.7, 4.0.0
AutoSellUI 3.0.0 by LetTIHL for API(s) 3.8.2
AntiToolBox 0.1 by NgLamVN for API(s) 3.19.0
luckyblock 1.0.0 by LetTIHL for API(s) 3.0.0
essentialsTP 1.2.2 by  for API(s) 3.0.0
MenuUI 1.0.0 by LetTIHL for API(s) 3.0.0
level 2.0.0 by LetTIHL for API(s) 3.0.0
cayphattai 2.0.0 by Lettihl for API(s) 3.0.0
TrashGUI 0.0.1 by Phuongaz for API(s) 3.0.0
giftcode 1.0.0 by LetTIHL for API(s) 3.0.0
MuteTime 1.0.0 by LetTIHL for API(s) 3.0.0
BetterVoting 1.6 by Twisted for API(s) 3.0.0
Rewards 3.0 by Wertzui123 for API(s) 3.0.0
Kho 6 by ItzFabb for API(s) 3.0.0
luyendan 1.0.0 by LetTIHL for API(s) 3.0.0

----------------------REPORT THE DATA BELOW THIS LINE-----------------------

===BEGIN CRASH DUMP===
eNrtPWt327aSfwWr5GydXUkWqbfvSU8c24nd2olurDz2lj05IAlKrPkqH7KV2/73nQFAEqAdW7ZV
735ob3stDoHBzGAwL4Dkv1tenIY0/7piaebHUWtv0G7lfshae8bINIeT3sDod8fGyBib7VaRiFvD
rmH0hr3+1DCmY7M3GLVbAc3yozSN09bev1v5OoFWLX59dOUw6Aao262QZRld4K2Pkcs8P2Iu8eHX
1R55V8zpp3fQxiuC4I0fYKNkSdO93d2Dvd2PGZC3u++GfuRneUrzON09ZNlFHie7Z+f7J7tJUCz8
KNs9P5p/Opl9XZndfhe772aps3t2MDv69G73nOWf/ATACQ4jh9i4H/QJgGCQy9QAEaXUgd+/tJ71
yOY4dqDviz2SxM4Fy4EXZllF7geZZX3EP3t7TJPYMY3cgKU7fpSzBUvJpE2AeT9a/GL2fyXfEWHV
ZjL9lWxbgm1S0oJSIDRN6fqX/q8vQDjPjPsIwhyBHATIsgSs82PuOxc7HJdJkhA74X+1tHYzZ8nc
AkSyO6fZRSkeoz9WkM0BCd7t/BhHH4qoEp7BEfc3QXxeXu0Y42ljvqqWMFJNQ+fH9NpQg5uHEkLa
nfE/ZzSC9ZDujIaD28epSOr8GFI/mi9TRt1jRtPcZjRvjDy8eeRzlsIq3zH7kyZTgibL0ogS81EN
nDUGGd0+iDE0G4OIO+osj29FYUynt6GYpbED5iROBa7J7biGk9F3cGU5CFHgmN6MY8Z/nsHPHfPa
+i3RfP3qxBEsrMLJd2L7N+bk5DXN2AHYxew0pi5L20TCb1j+ZzCnp/Figa3k8u2PfiUHe2AZcOFa
lrZyLUsuXegJa9eyql6DwT16yfVqWWL99u5kv2822c+EfAUCQyDYMbBVyn4v/JTtSMKmxr2sUT1o
52xWGxGdrBetX/9st9hWvM5j3AEQITp+9aNVHKxYyKIcsLnAv5O3yrsAEXgB4sQuQ5qNiQlgKxf/
IwRuGZO+BiqijOU7z2kQ/PI8oiH79cU/eKuB1up5vvQzXBkhA51m+X4Q8D6y8bBqTMifHDJSIBww
VgC+t/MfftYc9wX5N2852Yi+aXPIaa8x5NRQAM+znLwkCppfrJZTpCmIsrPyE6v1K0c7NZtI+ioS
H3CwqyQA8e5YrTb8i4gFRdNBs6sqlecuzZkB3UEf8xjluPPc/6UnuZkKcREiG5paQ4TAcOtO2HGt
1gvZZax36UMXamc7sn9HjigblzJ9vmRBgoLgXXYno0GvJ1qU8uR3BtAE7PGKwixjD47F7PWqIfll
KV+YTtnrx5dgvmEa//w7hPk7hPk7hPk7hPk7hPm/DmHarQWLWEoDjAfQ84HR1voCYTbMQ52it/pd
Y9o1EF74gQsxyKQ/bLf87KvLVq09jwYZg6AjjfPYiQHtoA8Z68LHkISOHbc3MXo9s0c9Y+jZfXc8
NcyxMx473nA86k2GjjtwHMBdSFo+g22OLzPybk4Oj85/nr+fdX5+Y3z68vY1GXX7hJNApqNej+yU
TYVGEXBAJvlgkvMcTAxNXXLk+ugUXpD9s8PRAAMjyMX3WmMwsiay841FLmdPXsPtr3GGNJy8ezcH
AL+49CMeQYVJDHPwNfDtlKY+y1B+1F0Czynb/S2Low60kaGY0TW65ivPMb3xaDqeej06GNChN7Qd
k5o2EO/2xiPTYz02nrAxoHcpcABkx+GuAzGJTZ2LDnhb38WJBoRFdBHFl9Er+ReJrSfW9iOarvnC
gKY9GNvov+pRm7H+xB0wczIyRqbhmSPTGU+pSfvuaDp1JxRI8wY6qhsHN7q9bv/VaDCejAfQZzSy
HUrHbDiZDM2ByWAOzb5jDtnEGQ6p2UCIyzngy1nSZr6ajofjqTkZmIPR0OxP+7YxntA+aENv3DeM
PuB2plPDsHVMQbzgGMyu8WrS79kgUdPxpiPmjXt9GBkZHg36PdMz4f/6hkMH02sYOknOHUEpqP4r
NhiPmeONmGMaA891BwNjyKjh0j5cTN1x3/ZAWozqqEKaLyU1o1cw6HDs2BMHnB+dTobT0XhsD6Yj
Op5MXHtqmp47dDynr6OI7LzkZ/Jq6k1MINgdezAnjjulw9GIDQb2qO8MPGNCx6PhmLJJQ7j1z06Y
VAv11T1WnYIspReg20IuQJPxauo4bDCc2BPbc1mfDVzPtUHWzmg49ZyxPfaYObKHTkODsiiOvzEp
3uGrcc8esvG0P6a90WQ8cV2wiLQPeYjD7PHIHY7M6cQzHbeBJAk4hgFoy8juTWwgfOIMqEeNsdGf
OlNq2DAxhj0AXvqGy4yR0fqzSoz42vwcp4ELPi/HpKi2dRq43aqtHMZeE4DQIl/GaYahKqyBIlij
zaSJj4A+rIQeXrOI2gED6wH+C4yfyxKwJdgH7mWxlx+qAIw/0BhybJZ1iRQkggLhyDC7gyWCGdt8
/8P8I9rgS2Znfo4UL/M8ycALgEldFnYXrMzuGTgKz2eBq6pAGUzmKUMFzXIIzjRuQT7nsePT4DxZ
KxKpYbo4YNnr4jhIqQdIwc6O4L/xNbm0W4PHyMcJXVSeBCO4g9A9F79r2czen88/v/9weqhJB7ma
FSmbsTTMVJ9WwVSuDFSpDlhhnbPR4M0b8Cj/SUBUGHGcRJAn+PnWpv6rGADixZIq5eddHN4w/7yv
nO4aD0hinvoud0GVHEqILoVec27tNL7wWagxbAwfzrHEB7G4GB/4PatJuXNGU7Zexwv6OU+XvsqN
Dtd5MrojnSfZ+CxiQXG1bW2VyIEMo7mIv8/WSbQ6Z0zhRwLumJzXAazy4zj1v0HEvC2d1JBalqDE
skTovQkzxzCbBxDyUI65YkkDNxkb64wd+yFEKanG0ujhLEl0lqXSsNnsLEXXLrAArL2L5zOFJX55
Byv08hu93JqrQGSWFcV5siH5122EIAiY4RN9HvloTGueVKjKGsTC3f5t6gdOBMTK0nxFdl6VPzGd
OVimftaZpX7I4A7+LbLTTy80mZj3lUnrbD0L4rz1Xb1V+LiP8nLHmDXjgqwhimuznBXpikYsBx9+
sa3J5jhlWAAMVYRsNOHS6Xc5ki5QtvtMIEImf14v2MUHGl1kH08UVjWwrtb9punhbVP6e0i3xq+C
0rJUWja3o+9YvmQpv64XaQXTWTJ56qqw9BkU9lvhG2Z/WxzVGC2rIuPBC7fGtlvzhOsYU1+WzuM4
UBVXAzdZ73VslvOcTI3jvjFnOTs7ZCvs8Mm/8i8O/rUtWTiIPAldQG5ZtqAtR9pgqeqU3lcuCtm7
GipusA/TONFMNgfc4VhPIkrXNN8W7xIdKAEffXN9PiuC3OcLX2FBAepsDLsbTSgeblgXeVZc+PD7
AtIP/yL7S6Y5REq52QGWVaofM8UKIkxcxFaWkrWUe1taBqfLRVS4yfxo/2xbfOsV+I3mll4dRc6S
Rrm6alXoHfbqC4viZOkHvrO1fERBiUpakaJdbMLcG+pgiS2DvElhToU2/YvZWIJzbuKY+/VxvLX2
o9w/T2iIY9aMKpRYlrzYdFHO/MVifVBkeRzeMIE33dWVcdC0NocUOr0t9Fk0pg+fxhIhJFfXqbkR
+IA1WQ6yewO6XS6n2I/y/dmJVlCWoKb9bSzQOGI2/Ef+IG/8K+YSiCbJxwT3Dom9Jqcwm7y88emd
JrJHSEwOaFkJUggYQUo1rbcUYZDR9xHuwc/5mbSKVQXYUHWd1X8xFzdOjNG21nCF0LJqGh4cdFTY
dhWG+ALXyyriujGtnSiOOjRIlo2yyqFVGIwOCzK3il6P0WjbSfgyxFXNyyklYXcua+RM5oZaQqTD
m4rb8LjzJTtkvh03GDIfyog2+CZFQZHY0W9+9CZYa2ldCdM5mDQzGd9/E9DQ9yPswballDpWzM4k
OcrPjWzvWec1o7hBqFqVGqhb2mtx3W80i6PLdRQZvW1xpqCEuJaTATxV5NzJEc9Ts4M4AsLz65m4
cqdZhW2EAyHNnZSCWUy3xVqNUabTNTH3SanPkzhaMHXCSsjtUfjWgu/VejiEyEwMeo/gG8KGS03R
Sog+Ew0TcLSKg3OgZWuRpRgUt5rL0TfYFLi8vOwyoASxdvML5OcIVDIO17pHVoAqV8PuuMmXdJHb
YqvyuExQwH2uRs2dE8QchRHm6OrUiPidU2brUzKBBfTQKeHYgHS0ys6SZfnmWvU6hRYO34VR17oC
bSR1f612KQPDIteoeJiWvYnTUFexEnJHRem3+LeYjfGfx1UGFdNcYYQwQBBR/djIcAU00YujJURn
ZdQ0xd9hxeg/ohgoRn5wHFeTtFsygcpIo8Vx7GtVwBp2y3r6CdLnP8hP4Bw+RT/7QfBYp6MoiWID
avZ/wtx60yV2yFbNYlgFamwNDZpTVx95IXNGw63NX0kAHh1aNSpdG27u1qTtVjiA2/0ij8HHKcyW
EJVXmJGu0VhxOH3v4jh1l4WfbS8eci6iEqllwXCQR60sqybqzvnDpl9mDYa+zK5t693AztnhtvgQ
2ATdX2YPXncCza7kQGz1HaQ0W0Jiq+/3VdBr0/bdqMgYPCK4K34Hqi0LJsfBkT3/6j5B3ScawbKn
MuHH403qcrvprsrW4HpoDpnT/repObkhFezzuX4gnytBimUdxCl7wASWdO3exBMIQhQ+9sECahLQ
wI3I/a/16OrIwLVOx8N8+ny2H6jnAsV1ozx5LRtZhzRlW8xFOD7LyhMaBJs7g58ZS2B1wXTFqZoQ
6/BGJtLY61rG9C1kr9FCFhG3stulIrUsjZzNuXvveXhwWq07SUgzE+43jzCt/KjXN6bbO8UkEVoW
kABLxK1+bFxUPV/GiRaLqNA70t8bi6j331bWMhC+1SAhre+WVwV92sWjy6kCza6Stp3q06xCm5LZ
QuLWiMI2TeICPu06bRud0jpY0rxxSIuDmme0DOOmA1r3Y60+GHV9+rnwy82BVruxY/GFrfy4yGZH
narJd85yIfH1ry2c5OJoMCdZ4vE+NSURgDs2NH+iK5+lpyyOptORXmoe3yWv0qLcGiyp6C1LEFX+
3Szm4wI9BvEyLfJTwM39sIHOI6wZ52I6vHpkJqJZADUuU5IxORKGt5y+JdKHsaJG7Z1MC+d8krPw
WuTAgXdM6mxZxNGCfttu5IAjb+6Azv1voKd0rafJNfD2jZ4tEc7HO8XxQOWq35uQ/2H2VqEbr+6Q
+SnL5yfHp9sSebK6x2kAmbh/iHPKnym9Vpeo7tyxc/yd+sRjZkAnYHOe8KlBhRF++bRTgEPeI5z0
c/3MFL9ulrZGzeMkHkujIjN6hkb14DFV7QolBI9IxD1KkMU6pdGFdlZIQJ5W8jjk5lQrR78VY6me
B7+V9uM4B7OdH2+tQPDwY+kgbZflhV51q2C3VN3eFGm6/ole+PhE37b40JDiOR06L95B2H4fjTrH
h52OCy0uKUHNk5NPUrUpR9+cBSx9XDv8qQAbxafG8c+lH22LhXrMzYtOGDs6ySrq5nGCzPyzYFk+
k4/7V9yoUH1WGuwchyH8C//o5c+7qjBVefzWnflwiZgt6/eC75twoh4QIJc07qpcicWll9Yk4LZl
Nfv0dv/s6MONpacxF47YLmrzQyb9x55OEBRtrpoY/x9FuZ/7LPvSyJJquF42HDfXWegHF72Bgbv9
HyCNWdFgdnY229qRo1TgTMIQnGkChDFJmMiCSjLvXfRWaN3V+QXBgEFPVr4aP5SQp3VkctR7nFOm
yXypHVIWgFuUNNlysF/isywxdvl3o6MyLExeo4dQa4IV7Najl+eQNNP/mW/7wI9Ea1kVGZtPBvpd
hRF+eUex+uB0H8+ikj/+IG9R1X+iv8XbK+AK5MCAH90rlv4p9qML7bGoEvK0y+HCv8d+eMr4ewO+
ap5KAT5xSCoG3pz8fcd3T7JAL84pwOYjNFOd/LfvD89xR+9TtM2qhdwpjCOmli3FEzPAmnhyZhPH
k/pZHJ3xFwzVXqcGPnGuzAcWb0vYODBlQXB0pXqIEnJHWHr0DThctsmWeRBoLevoywxLvPeIAfgh
25Tm7PphYwFtFvynf0l9/Kazw98/eMwp0y4ef9CYo9kVT0dQfkhXezZCgvRoyOgGyUVDOR94iLi5
0uQh4dsC+noknl7xPvWvTWYfqPYvluCvFVZr2JMco6uG21xnPyZvU+qqtqOEPK3hKO6xzjxw599U
kiXgjkfgX9OVRwPQjK3tp9UYLUvQsDkTn2mavNWisxJyh+A/gJ7OYE0vt3eIFFFaFo5/j/B4QfGV
Xaq2V6BbQuTth2I1xntY6uNZB52MaqZLULMu2zh7fcbPZDSJ7+yfzo73pzz7rC6NXuPaaFyb5fWD
Q2og+Jjv5238FLu+kbHJFsaWV7p/r70L4cbmdHH94AYH3n4QB5zdB0aD/d8Lui3yXZoCRgoYN2PC
9TMnTt1uwPCUC+2yojw+dRAwmp7SxaJxiqqGNwpA147jXPpZztxtcZYLdOI8mINEBECEOF2l0nTv
0zkC7362Dorw7GBXx4cHJFL2lr/XKo/VurEGvuOhgZW/8t2QhXG63no8qNJhWfIn2/QAVrb8ZDZO
XXFQo1Y5aj6rnrDUjm17vb0n1UuMllUSUf/ahBuHJi5VHxWUgDvMx7sFxJqFwZxhRA7wWSJvEC3I
IY2WZOfdweGLbTGI47DoAKIfxG1Zp2zFgirD2yB4dy7oFXtTRE5j465554kzKjH65hZzoRn4xZPb
98W9tqYhwTqLbe2shIA8fXVwc6qPwQO8YUwtJ1QgzVBd30aRRfDvHaBsVy+uGDx2i2UmX3O5cZUE
zDLGE1pMqgDvSMZvmpDJwx+qk+juQX6U+3je+nWsbiyo0Ea62bRSkAI20szH1NolPvCeNQWbnt1V
fGdJFjAYFM7F2sZHvBT+FODTLph64M2niGUZ7jjQINPe0KOBm9G3+VfkyeqIltUY/+5nzlik7wtL
wNNOQAiDbi76AJ2hqjf8+o6gauu1QZbl/uIersyh62RJ85z6WtRRAe+mP/eXwdYOEyT3yDDneCJN
z+8r0B05y7aPjH0G64PvchOjy18bRRK+l5dvny/DiRL0xDGFHPY+b2XJm0/7V6AnXqhFfg+6X4PO
svRTnPtaaUUDN55s+0uTwnmZFKoU6FcbneFjlzTVjm2UkEZY8ZSve5IkbONlTxIVL3n/vFSTJLxS
eWweO8u/vaG2/eCD39eOv373MJoYCM/73ifUDTCpcmmkxRwS9NQRhxh2U9rxjbI0BZJBURuPDZZv
2eby4i+g7iYpngzjxx/2Ws9m1RWBhNLzFwS/+mGlVvTsnObkjK6JaRLD3OtP9/p98t+9MTF7poEN
wjh3X569PyX1BiOCxTCdJE7zl8bU6JsIvFwCsZ0AVtjLHl7TKIohy8TXweLh2A51lj4T3wjJXsYR
x4PPl3fkG2hB9KJjSK9kn+ylOUTIgmI1xGXivhengLWCxZ6HUJCAi2ewyutklchRXN/zfKcI8vVL
TuiirH90MvSp0SJ7iWAeRXRQLV4GvLJQwTJIhZQm+L2Vl4dHb/Y/ns4RKua/83vB0rUcUoJSUO2S
HvzdTWiWXcap+/K/+D8gJEhJOhldMdlx5bPLjgsypCC5lxMEXdnxVQc1UTaBSVgUdMFeMrBdcK29
sLi7DvGFxc8IqhVx+HQXKT8iy2edgPCIpjugBWS+ZBkjpTQITRnJl4zEEahMDuEJcXAyc2Iz4kdO
ULj8yxXkmrYhrvM4hJ4eImjizKjH2iTGYn+GKImdMnpB1nGRSlzE9whMqu/5fASYT/ySTLBGxO/Y
ZYVu12UehRnNyGUc/ZATPAVGU4LSDIFZfHn4GinEj8MIvi+XLCJFskipCwi6VoRaLJDtWREhzz4v
+fufSB7DKJFLAIV8Mz/IIKURKD+4DnGbkwrpAgXEIM+A5VxeLlv5DiNL/mEJhISIWahrOWt7hL+m
Hm9kyyJ3Y1gA8kM9e8RqyTfIO0GcgZ9qccr2gyC+JLiwgJjySx1k5VPyT1Q5bMN1r3zv8h5BQ8S7
HnE9lH34S41wiRCYMRAKYrPXRIoS20u1rW4rxD777INA4gjkSl2XQPQrxI9ixW86kJDRrEj58iYg
dJsh0SAc9ntBAxTbwl9B2xUNCkZ25KBgaF4gdjEiLBiGNqUDYscPKuzBbT72uyK0QSqgVfvZOnLw
qxoEX3wJetTlDT6CtLhql5xis2UKjqWA2YPmWZvw18IRufhhPbQJvkofGEGjz2UDBhdhYRGBBmET
gfycTy/wBFqWxlc+aBgDMQBLXHOjijiUrSToxENdxTaok23i5z+A+PKUd3MZ2juuMo3OZAd4KGDd
mFwsnI2O5HSPo2rqKuXKkRZRhNPpooGKEz4J/JWHWZccspX8TUJ/sYTFjA62rS4+qTgokTQtklxA
hcBQMCHQJvnikwuLkn9hwBULgq5i3wWyb6YAdQR1LgZBg3Z1FUWDxh3RqNI0MP+88C0W5VuwxKA9
6EWJgMM6CP0c13bIFtRe5yBxci5E3ePC9TPEzbvPcdYufS55rlGwaC87AlGpZBnn0POBRLBIDB+I
RDS4A1oOKZQcZqvAZUoWMUxUjMsUtQIHWnAyO5y0PdJDLmB0boLFW/7/33OAYclt9KN3fRz9WR4n
nARpPiuSJLqMgPlA/wh2ryQIRy2pMnrmQBLGjcBnviokfdkPW6CQrwtOEloMIj/CBSudXTGn4MY3
FiSLFYnOqmrNrhyIErKaI2G43s+P9sj8+OScnJ6cnczJ/mx2enJ0TmZHHwjEeT8ffWgTaETm76HV
Efl8/P70iMw+vD84Oj/vNk2AJg9zOJLimLHUj7lDRkOcIYPOknGTzKVRGVsDZA8hgcttC2/Swc0f
YWY5KogPgU8w0KBNyO/3lE0oGUR86AAjbCYH45gFEjC9tSEXHomP8R59CPp53qF7vTXqgoypYdoS
5mA4ICSL5Ip5FX0rHkC9WJLVrPZ7ktfsxc0kSc77kvMFTW1YGR0nDgIRi3IDdLN0+VJDcmQvInuB
7Q5pVPDgQ6UEAjNIm7MX7dInNJWwVEPhXj0PcAl+w3oJdsl7YfOFwkP0EBeBW9HigxO5jEhNfyYQ
J5x8YHTU60leYbQ33Fhcc5JcdQSGijcvjcPS2YreskVHVU11hpEbOZPXdIPcoFKadpyXASNOWQoj
oRpKRXaLMBHRlQjhiLzRwRvlfB1iI9mB087JLDmAK3DzsNjpDQIGpw2OD0ZYgZJlWcHQMORLmLVF
GW2i0cLRaqra5USKGEEGlV1BDTb9rpwwz3GWRXSRlbQf0AShfliE4GPxXU+kzAVwIonIigQVtVxx
vUhR8hVzXccg2E4kRXzADkbBBTjdQTVjh7G41dRpjI3Q6gn8onG5hAQu2VDljEcOHYfim6qqeQFS
eKwC4SNKD6gTAYbAkuBr3zDRwD6Cw5o76CblKfgpR8bGdbSLAsSd+BLv7ahu00Mrkm9W35MuAkKz
ZRyIENOmOWSyGIlzkjP8sB6RTobbNpH5yLvCtdisCjaFe3umzlJ5C81qus4ReZt0DGUC+eTxgTt5
SYx0Adxq13EsT1ExhHQF55jL8EAfOwNQktUlxxALgi695MEdOZh9bENfoMGG9XXpu6D2PFYQ1rPC
3+H498ioDLvriDzj0lHadsm+C4ZqSQNvF9+tytMEl4EOy6FgUIJ1D1QwZSHWbk9BpqYiR1do1TDE
pEGXIBEfZ9GsDLbrBBBzCSQKq1nYsUiipCOvG9nNmVx1mf+NVfOJYXk5jbirUoZMELYL9VBc62Bq
ik4vumQm+wQ0XfAOVGaiUhf4iF5KF8gCzAmILUsCHrFgehlSfL0VjJziPB0EPlZMeL6MH2ZjWU7O
5h85pRmwhGzbRU4wP+dTWQ8nkotuaWvCvOhgrz1OLWq5y+xisVcmLD8SAxMVGa4tYany+0Smp5lI
qFGToywWjktqg4HIhHES2A6WMSSwqIFlnsLKTJRbMJfmlGR0VVpKrICUdSK8p6SwQBivq4mARdYj
fov9SCTDvEz0A/lix1eo9Sk5OSQ7Xz6eHL4g+DbJJdAA7S/B3CepeJkCKAbmLykkL906AgRNiHkT
Lmx8jeyX16clfpnbKJAf+GBYLOJOE6IPTHK5G+a8xWV1RLoQpYjjeXxYuOd7685V4buKIlKIU8C6
MZqXdhP4Fx+2K9MAnkJKSkFvmHxbcRQ7gZ8Q3hfUBqt6DsVUMoxXZVaOLk36AW6LO+U9MWRWW8Cy
8KVWSOa8xCH0HVYRiFdMBm8rlbvIZKnFgZWcC1sn+3REnz2SQJC08gMcRthxaaPkKOiIaLSoEoUI
uwVNf9guW2kVsxurUmKW98O4wCXsCYcjVzSKUs4xOlg0UbweAXqIv7mHhM4fuL9UOnPGIybyX5sJ
ZDbzcAHyqiZ3cctS4bmO82Kn5nkF+zhQxT4YIkKbpCbig5kwGgOndhOVvZvJpClgAv0o1x0QW3bG
vxU1fb6YsTrQKfhbrzNFJ/npOT4Qr+6qa/OQD8Z3zjNugVCeLMWZJuIrgkRyR2Q1pfTgvI/GOuDr
EJM8IwvIw7JaPHXFppJQ97qIpG26pD5P1MBOQhYj5iaJkyIolVFeoCvjbaRF7HN7yCP8TiKtGDoT
NEzg7WTszKu1oka1J704ltR43ijAwgnK+cLNparY4dZyQ33v4A5gA1QtNx2cLCHc9GJlRmCVdcQW
TtVyGePMcFK6+Exk1485xWDJ1iHmPRm+KCEDDrOadEzm5H1S3+cscCtGF4sUMmhRLZOlNVFBwI8o
XzT54/TBCn5/+B4/ItqRNl+4PjQKl0wE1xSWziUfMeOE1wxwWFepZ4OnrSQvVFNMzjWhwoSK+1KZ
wMnjhzC5q1JjRA6PVdFB2B2hniilqzbhLxFvE/xoCffPeRWGgen1WAqhdgctUIT+T9wt3ZVwFlQr
hcm9JcW/FhBygivnVqw0FhIhn3lxvxzj2kwLXtWpzv2wttXSASNSbI8rAU0zziwaTByQ1/hkp7Ke
260HkHfUEUpp3u7ipdkWsytWhVI6kTgAfS7lWRZJlhLILQZmOTJwlhYDa86Qm7g8cvS9ChGkH8CI
2GBAC1RWDoSNA3zSRJaejQY+zWRaApEkDZOgvMKYB2iUc7VXTpq4B3qLJaw98gsPVsB/tnlN61dE
Kr50VLlJdeODs4GBI35zTlQNyv0nXg64yWNxh849dMYDZJ5t4qvBgFbpblXyxbicBvGT4I4VegXh
veoR98ib0/35nvmPcXs4vTLa/at+2/yH8Q8XAyK+znfwo40OGteXk54wxeJqMHwhojyxx6Am62KF
o28BGctaGg89eDEMZs1ZE/F95SItjXKZoaTV7gS3OIAHXJXDd3+yUmCdcmcDdEGEs8/ecFPDh+Lt
NSQFjxQE5KsC6fDYUgn6Yv6tdsKuwPBlMrlzLvjmN09kQCK2D4H5WgRxvB3yC6RA6iHciFgzgkuO
H4KRtLLVrXaLXeUsynz5Bnn+Ukjl07+2I7/gWkFwVwk/G6zB4vCrG+dgDDUo7kRqgCIN1Gs0Eeq1
5wf8LdA1ZBFqHyJe4mEa5dqHVbZSAfh5Yb5BLh73D22xRaY2yeRXj1VY4uhcf2CeLC5oPbnZz3QQ
BCihCjmfnaqX4Tr7PeBfT5a/yBAPIZm4t0A6+CnmYW/QG8PP5yewJMaOA/9OR2w0Hnojd2yyoeP1
PHM09gYTZozGjklt2+yT54A7jy9YBOGBJrE15Tus5SNZ3/BtAHjmfcjfDvZNfLm2ag2XV6E+JzGy
Y/Z6fcMw8Rmb2eF7TVRu/JWz0gQCyNenE8xFlGVaw3MfDcKXM01GDQrgEtNsnS0AXuL3vTSg8o1i
fHTTwM9sA8FLXTlrb/2VB2Pq959RRP5CfBdaPveBYuIoDfl0Mjdorl1+gxj1OF0necwB4lUhC/fa
nPuamnDZ9FUQ5HgFN9+LQihjSc6/MGZ7P+PlobrDn3/+L0Enzno=
===END CRASH DUMP===
