PocketMine-MP Crash Dump Wed Jun 2 01:22:29 +07 2021

Error: Undefined index: NuTaVN
File: plugins/SETVIP_v2.3.phar/src/MCPEVN/SetVip
Line: 191
Type: ErrorException

THIS CRASH WAS CAUSED BY A PLUGIN
BAD PLUGIN: SETVIP v2.3

Code:
[182] 				  
[183] 				  unset($all[$name]);
[184] 				  $this->time->setAll($all);
[185] 			  }
[186] 			  
[187] 			  if(!isset($all[$name])) {
[188] 				  unset($all[$name]);
[189] 			  }
[190] 			  
[191] 			  $st = $all[$name]["current-vip"];
[192] 			  
[193] 			  $i = explode(",", $st);
[194] 			  
[195] 			  $date1 = strtotime($i[0]);
[196] 	    $date2 = strtotime(date("y-m-d"));
[197] 	    $date3 = abs($date2 - $date1);
[198] 		$help = $date3/86400;
[199] 		$date4 = intval($help);
[200] 	    
[201] 		if($date4 >= 1) {

Backtrace:
#0 plugins/SETVIP_v2.3.phar/src/MCPEVN/SetVip(191): pocketmine\utils\Utils::errorExceptionHandler(integer 8, string[23] Undefined index: NuTaVN, string[89] phar://C:/Users/Administrator/Desktop/MSAI/plugins/SETVIP_v2.3.phar/src/MCPEVN/S, integer 191, array[3])
#1 plugins/SETVIP_v2.3.phar/src/MCPEVN/SetVip(26): MCPEVN\SetVip->tick()
#2 pmsrc/src/pocketmine/scheduler/TaskHandler(137): MCPEVN\TickTask->onRun(integer 1)
#3 pmsrc/src/pocketmine/scheduler/TaskScheduler(179): pocketmine\scheduler\TaskHandler->run(integer 1)
#4 pmsrc/src/pocketmine/plugin/PluginManager(654): pocketmine\scheduler\TaskScheduler->mainThreadHeartbeat(integer 1)
#5 pmsrc/src/pocketmine/Server(2389): pocketmine\plugin\PluginManager->tickSchedulers(integer 1)
#6 pmsrc/src/pocketmine/Server(2152): pocketmine\Server->tick()
#7 pmsrc/src/pocketmine/Server(1992): pocketmine\Server->tickProcessor()
#8 pmsrc/src/pocketmine/Server(1586): pocketmine\Server->start()
#9 pmsrc/src/pocketmine/PocketMine(291): pocketmine\Server->__construct(object BaseClassLoader, object pocketmine\utils\MainLogger, string[36] C:\Users\Administrator\Desktop\MSAI\, string[44] C:\Users\Administrator\Desktop\MSAI\plugins\)
#10 pmsrc/src/pocketmine/PocketMine(321): pocketmine\server()
#11 pmsrc(11): require(string[91] phar://C:/Users/Administrator/Desktop/MSAI/PocketMine-MP.phar/src/pocketmine/Poc)

PocketMine-MP version: 3.19.1 [Protocol 431]
Git commit: a7cd0810020af15fb3d79127c77cf576085cd4cc
uname -a: Windows NT DESKTOP-KF1VXGB 6.3 build 9600 (Windows Server 2012 R2 Standard Edition) AMD64
PHP Version: 7.3.21
Zend version: 3.3.21
OS : WINNT, win
Composer libraries: 
- adhocore/json-comment 1.1.2@fc2f76979f0a44a5f5bc2a2b600d0762fe0e78e7
- daverandom/callback-validator unknown@unknown
- pocketmine/binaryutils 0.1.13@0abee38d4e2861621f262c79a2a3d699d8a697f4
- pocketmine/callback-validator 1.0.3@64787469766bcaa7e5885242e85c23c25e8c55a2
- pocketmine/classloader 0.1.2@9757928424652393b178a3760073113aa7c9911b
- pocketmine/log 0.2.1@830b44a2cf96ef703c550abe64302f230231ca49
- pocketmine/log-pthreads 0.1.3@e477ecf6ec214fdd4415ea1da3fdd9d73bf699ea
- pocketmine/math 0.2.6@43057cb8c179a9859677b496a788db922fd5cfc3
- pocketmine/nbt 0.2.18@9f82ca4d7f97fcd9a566e44b63c4f18a7657ae82
- pocketmine/pocketmine-mp 3.19.1@a7cd0810020af15fb3d79127c77cf576085cd4cc
- pocketmine/raklib 0.12.11@9cce458b8bfde3e4dfdbf70c659fc7b7fe26b5c4
- pocketmine/snooze 0.1.5@70b5e7937a06878dd321a3182ceb76d56298f2cd
- pocketmine/spl 0.4.2@6b08b7cf8c4afa17139c9a1b3bf1b408531de161

Loaded plugins:
PurePerms 1.4.2-c2a by 64FF00 & ProjectInfinity for API(s) 3.0.0
Worlds 3.0.7 by survanetwork for API(s) 3.0.0
CustomAlerts 2.1 by EvolSoft for API(s) 3.0.0
MultiWorld 1.5.2 by CzechPMDevs, VixikCZ, fuyutsuki, kaliiks for API(s) 3.0.0
Trident 1.0.0 by brokiem for API(s) 3.15.0
PiggyCustomEnchants 2.4.0 by DaPigGuy for API(s) 3.19.0
Broadcaster 1.5 by EvolSoft for API(s) 3.0.0
KeepInventory 1.0 by KhoaGamingPro for API(s) 3.0.0
reyyogaWtrhit 1.1.6 by reyyogaMnelux for API(s) 3.0.0, 4.0.0
KygekRanksUI 1.3.0 by Kygekraqmak for API(s) 3.0.0
EconomyAPI 5.7.2 by onebone for API(s) 3.0.0
PM-Beacons 2.0.0 by jasonwynn10 for API(s) 3.0.0
SocialSpy 2.1.0 by Crafter20162017 for API(s) 3.0.0, 4.0.0
InvCrashFix 0.0.1 by  for API(s) 3.14.0
PointAPI 1.0.3 by onebone | Fixed and Update by LamPocketVN for API(s) 3.9.0
Slapper 1.6.1 by jojoe77777 for API(s) 3.13.0
TPAll 1.2 by matymare for API(s) 3.0.0
BlockSniper 3.2.3 by BlockHorizons, Sandertv (@Sandertv), Chris-Prime (@PrimusLV) for API(s) 3.2.0
BlazinFly 1.8.7 by iiFlamiinBlaze for API(s) 3.0.0
EconomyLand 2.1.2 by onebone for API(s) 3.0.0
BuilderTools 1.2.0-beta2 by CzechPMDevs, VixikCZ for API(s) 3.0.0
DevTools 1.14.1 by PocketMine Team for API(s) 3.13.0
NoDrop 1.0.0 by Inaayat for API(s) 3.0.0
FactionsPro 1.3.20 by Tethered_ for API(s) 3.0.0
VanillaEnchantments 4.0.0 by TheAz928 for API(s) 3.0.0, 3.1.0
TimeCommander 1.0.2 by TheDeibo for API(s) 3.0.2
OffHand 2.0.3 by alvin0319 for API(s) 3.0.0
Sponges 1.0.0 by  for API(s) 3.0.0
AutoXP 1.1.0 by JackMD for API(s) 3.0.0
WorldProtect 2.3.8 by aliuly for API(s) 3.0.0
HideCommands 1.0.7 by Himbeer for API(s) 3.6.0
MSpawns 2.2 by EvolSoft for API(s) 3.0.0
Netherite 1.2.1 by Wertzui123 for API(s) 3.0.0
AuctionHouse 1.2.4 by Shock95x for API(s) 3.0.0
FormAPI 1.3.0 by jojoe77777 for API(s) 3.2.0
OnlineTime 1.3 by Zedstar16 for API(s) 3.0.0
BlocksConverter 2.1.1 by matcracker for API(s) 3.0.0
ec 1 by McLebt for API(s) 3.8.1
AutoInv 0.0.10 by JackNoordhuis for API(s) 3.0.0
Farms 1.0-non-alpha by Dấu Tên for API(s) 3.0.0, 4.0.0
BangHoiUI 1 by JVN | JackVnKiller for API(s) 3.0.0
InvSee 1.0.0 by BlockHorizons for API(s) 3.0.0
MaxEnchants 1.2.1 by Xenophilicy for API(s) 3.0.0
SETVIP 2.3 by MCPEVN TEAM for API(s) 3.0.0
NoTP 1.0.7 by awzaw for API(s) 3.0.0
Shield 1.0.0 by JavierLeon9966 for API(s) 3.7.0
PiggyShopUI 2.1.1 by DaPigGuy for API(s) 3.2.0
PureChat 1.4.11 by 64FF00 for API(s) 3.0.0
CustomTags 0.0.1 by DaRealAqua for API(s) 3.0.0
Item 1.0.0 by LetTIHL for API(s) 3.0.0
PrisonMine 1.0.0 by LetTIHL for API(s) 3.0.0
VanishV2 1.16 by superbobby for API(s) 3.0.0
ScoreHud 3.0.0 by JackMD for API(s) 3.0.0
Buyrank 1.0.0 by LetTIHL for API(s) 3.0.0
SlapperRotation 1.2.1 by jojoe77777 for API(s) 3.0.0
HealFeed 2 by JackPlugin for API(s) 3.0.0, 3.1.0, 3.0.7, 4.0.0
AutoSellUI 3.0.0 by LetTIHL for API(s) 3.8.2
MuaPoint 0.1.lpk by LamPocketVN for API(s) 3.9.0
SizePlayer 1.0.3 by  for API(s) 3.0.0
Rewards 3.0 by Wertzui123 for API(s) 3.0.0
TrashGUI 0.0.1 by Phuongaz for API(s) 3.0.0
giftcode 1.0.0 by LetTIHL for API(s) 3.0.0
AcidIsland 3.2.9 by GODSMineVn for API(s) 3.0.0
luckyblock 1.0.0 by LetTIHL for API(s) 3.0.0
AutoClearLagg 3.1.0 by Twisted for API(s) 3.0.0
help 1.0.0 by LetTIHL for API(s) 3.0.0
OreGenerator 2.0.0 by vividmemory, LetTIHL for API(s) 3.0.0
AntiToolBox 0.1 by NgLamVN for API(s) 3.19.0
Joinkit 1.0.0 by LetTIHL for API(s) 3.0.0
UpGrade 1.0.0 by LetTIHL for API(s) 3.0.0
KitUI 1.3.6 by Infernus101 for API(s) 3.4.0
luyendan 1.0.0 by LetTIHL for API(s) 3.0.0
BetterVoting 1.6 by Twisted for API(s) 3.0.0
CmdSnooper 1.0.0 by HotshotHD for API(s) 3.0.0
freeze 2.1.0 by Bavfalcon9 for API(s) 3.0.0
NganHang 1 by GreenJajot for API(s) 3.0.0
cayphattai 2.0.0 by Lettihl for API(s) 3.0.0
PickaxeFunction 1.0.0 by LetTIHL for API(s) 3.0.0
ShopMob 1.0.0 by LetTIHL for API(s) 3.0.0
PHP-Sell 1.2.7 by Muqsit for API(s) 3.0.0-ALPHA9, 3.0.0-ALPHA10, 3.0.0-ALPHA11, 3.0.0-ALPHA12, 3.0.0
NapThe 1 by phuongaz for API(s) 3.0.0
MenuUI 1.0.0 by LetTIHL for API(s) 3.0.0
LoadWorlds 1.1 by shin for API(s) 3.0.0
PureEntitiesX 0.7.0 by milk0417, RevivalPMMP for API(s) 3.19.0
PiggyCrates 2.0.9 by DaPigGuy for API(s) 3.2.0
detu 4.0.0 by CLADevs || GreenJajot for API(s) 3.0.0
level 2.0.0 by LetTIHL for API(s) 3.0.0
MuteTime 1.0.0 by LetTIHL for API(s) 3.0.0
shopvip 1.0.0 by LetTIHL for API(s) 3.0.0
gem 1.0.0 by LetTIHL for API(s) 3.0.0
BuydetuUI 1 by FurryJaki1992 for API(s) 3.0.0
BuyFix 1 by FPVGAMER for API(s) 3.0.0, 3.7.1, 3.8.1, 3.9.3, 4.0.0
WarpGUI 1.0.0 by RockPanther for API(s) 3.0.0
CustomItem 1.0.0 by Phuongaz for API(s) 3.0.0
QuestPlugin 3.1 by HmmHmmmmm for API(s) 3.11.0
capdao 1.0.0 by Nguyễn Công Danh (NCD) for API(s) 3.0.0
essentialsTP 1.2.2 by  for API(s) 3.0.0
thoikhong 1.0.0 by  for API(s) 3.0.0
SellExp 3.0.0 by EzMinh, LetTIHL for API(s) 3.0.0
RPG 1.0.0 by LetTIHL for API(s) 3.0.0
restart_in 1.0.0 by LetTIHL for API(s) 3.0.0
TempBanUI 2.3 by SonsaYT for API(s) 3.0.0, 4.0.0
Kho 6 by ItzFabb for API(s) 3.0.0

----------------------REPORT THE DATA BELOW THIS LINE-----------------------

===BEGIN CRASH DUMP===
eNrtPWt327aSfwXr5GydXUsWqbfvSU8c24nT+qFrK4+9ZU8OSIISa77Kh2zltv99ZwCQBGjHlmzV
ux/a216LQ2AwMxjMCyD57y0vTkOaf12wNPPjaGuvt7OV+yHb2jMGptkfGsPeuD0cjDu9/s5WkYhb
/bbR6xq9Tmc47I874565sxXQLD9K0zjd2vv3Vr5MoNUWvz66cRh0A9Q7WyHLMjrDWx8jl3l+xFzi
w6+bPXJWTOmnM2jjFUHwzg+wUTKn6d7u7sHe7scMyNvdd0M/8rM8pXmc7h6y7CqPk93Ty/0Pu0lQ
zPwo2708mn76MPm6MNvdNnbfzVJn9/RgcvTpbPeS5Z/8BMAJDiOHWLkf9AmAYJDL2AARpdSB379s
veiQ1XFsQ99XeySJnSuWAy/MsorcDzLL+oh/9vaYJrFjGrkBS7f9KGczlpLRDgHm/Wj2i9n9lXxH
hFWb0fhXsmkJ7pCSFpQCoWlKl790f30FwnlhrCMIcwByECDLErDWj7nvXG1zXCZJQuyE/9XS2s2c
OXMLEMnulGZXpXiM7lBBNgUkeLf1YxxdFFElPIMj7q6C+LK82jaG48Z8VS1hpJqG1o/praF6dw8l
hLQ74X9OaQTrId0e9Hv3j1OR1PoxpH40naeMuseMprnNaN4YuX/3yJcshVW+bXZHTaYETZalESXm
oxo4awwyuH8Qo282BhF31Fke3ovCGI/vQzFJYwfMSZwKXKP7cfVHg+/gynIQosAxvhvHhP88hZ/b
5q31W6L5+tWJI1hYhZNvx/ZvzMnJW5qxA7CL2UlMXZbuEAm/Y/mfwpyexLMZtpLLtzv4lRzsgWXA
hWtZ2sq1LLl0oSesXcuqevV6a/SS69WyxPrtPMh+12yynwn5CgSGQLBtYKuU/V74KduWhI2NtaxR
PWjrdFIbEZ2sV1u//rmzxTbidZ7iDoAI0fGrHy3iYMFCFuWAzQX+nXyrvAsQgRcgTuwypNkYmQC2
cvE/QuCWMepqoCLKWL79kgbBLy8jGrJfX/2Dt+pprV7mcz/DlREy0GmW7wcB7yMb96vGhPzJIQMF
wgFDBeB72//hZ81xX5F/85ajlegbN4ccdxpDjg0F8DLLyWuioPnF2nKKNAVRthZ+Ym39ytGOzSaS
rorEBxzsJglAvNvW1g78i4gFReNes6sqlZcuzZkB3UEf8xjluP3S/6UjuRkLcREiG5paQ4TAcMtW
2HKtrVeyy1Dv0oUu1M62Zf+WHFE2LmX6cs6CBAXBu+yOBhBliRalPPmdHjQBe7ygMMvYg2MxO51q
SH5ZyhemU/b68TWYb5jGP/8OYf4OYf4OYf4OYf4OYf6vQ5idrRmLWEoDjAfQ84HR1voCYTbMQ52i
b3XbxrhtILzwAxdikFEXsnM/++qyxdaeR4OMQdCRxnnsxIAWcnUYxMeQhA4dtzMyOh2zQz2j79ld
dzg2zKEzHDpefzjojPqO23McwF1IWj6DbY6vM3I2JYdHlz9Pzyetn98Zn768f0sG7S7hJJDxoNMh
22VToVEEHJBJLkxymYOJoalLjlwfncIrsn96OOhhYAS5+N7WEIysiex8Y5HL2ZPXcPtrnCENH87O
pgDgF9d+xCOoMIlhDr4Gvp3S1GcZyo+6c+A5Zbu/ZXHUgjYyFDPaRtt84zmmNxyMh2OvQ3s92vf6
tmNS0wbi3c5wYHqsw4YjNgT0LgUOgOw43HUgJrGpc9UCb+u7ONGAsIiuovg6eiP/IrH1xNp+RNMl
XxjQtANjG903HWoz1h25PWaOBsbANDxzYDrDMTVp1x2Mx+6IAmleT0d15+BGu9Puvhn0hqNhD/oM
BrZD6ZD1R6O+2TMZzKHZdcw+Gzn9PjUbCHE5B3w5S9rMN+Nhfzg2Rz2zN+ib3XHXNoYj2gVt6Ay7
htEF3M54bBi2jimIZxyD2TbejLodGyRqOt54wLxhpwsjI8ODXrdjeib8X9dwaG98C0MrybkjKAXV
fcN6wyFzvAFzTKPnuW6vZ/QZNVzahYuxO+zaHkiLUR1VSPO5pGbwBgbtDx175IDzo+NRfzwYDu3e
eECHo5Frj03Tc/uO53R1FJGdl/yM3oy9kQkEu0MP5sRxx7Q/GLBezx50nZ5njOhw0B9SNmoIt/7Z
CpNqob5ZY9UpyFJ6Bbot5AI0GW/GjsN6/ZE9sj2XdVnP9VwbZO0M+mPPGdpDj5kDu+80NCiL4vgb
k+Ltvxl27D4bjrtD2hmMhiPXBYtIu5CHOMweDtz+wByPPNNxG0iSgGPogbYM7M7IBsJHTo961Bga
3bEzpoYNE2PYPeCla7jMGBhbf1aJEV+bkyJlE5aGmWroKtjOVm3fDBynBUsToLTI53GaYaA66L17
B2bmPwk4TnRDHyIIHv18iTaUJj426cLK6OA1i6gdMLAm4M/AGLosAduCWOBeFnv5oQrAeASG/SoG
gCCipEr5iQkfrBqk+fxy+vn84uQQQNfMzvwcOZnneZKBawA7Oy/sNpieXd5XBpQ1HhDK5zgNXFUM
EqDKADkZ6vxnRbqgEcuv4/RqUzxznJZ1zQmwrIqQlXiVk9vmSNpA2e4LgQiZPCiyPA73Ie7KVVY1
sMqwyT2awu4R5NKXQPamWFVHtqwGHZLfy+n+xfTj5E5ur6+v2wxoQvzt/Ap5PC2C3OcyUzhUgLpS
99umzuHBN+bMJ6eHbIEkfPJv/KuDf/EaODiPrLjy4fcV2H3/KtuUEBwcMgkhUAAZhEgpnzGIp1Sq
19V0hZFdBRFIaJr6LnfBlXhKiC4bZEmTjZ3GVz4LNb6N/uMZl/ggFxHjw9I+rUm5l2HkY+LPZkuh
M0eRM6eRptR33dV1u9fk75BCp/eFbrzAWzyawRIhMHabmjuBj5jocpDdO9DtopzepoDRoVnOUkU+
KrSxJv7aNa8MbFk6FY9b8T8zlnyIFqA1cbpUONThDd3Wefx5HtP3FNzqDPzYphjVkFqWRo5IzlbR
8pQtl/GMfs7Tua+uWR2uc2e0Bzp/svFpxILi5hZ/O1u9p/ApkQMZxups/bycsasLGl1lHz+oc6aC
daa6tyYN26b095BuzPUqKGHCFFpWZ+wIMvY4XO5PVLYUoMpUvz1s+p84Yjb8tymGJDrLYoICwGlZ
GjUPm9nT1ltGsQ6hWtcaqBvVW07jNwpp3/UyiozOpphSUFqWzckAS1KR8yBHl7Hj0+AyUY1FDWsE
QE1+DlLqgbWCRHoA/w03vZic0MXsIEHjeBC6l+L3KlyBbQHasvk7/0bhS4WqnAGJjeBOc3q9x3MQ
Fr8DVZblRwsHR/b8G8sSxaqV1C32o1xfPRWoGZ9071w75A8C3DKX0MglHxOsshN7SU5oKGo4n860
SRtvYHUlSCFfWwqt93gzroUBTRLNJZcQnc1BMwj/Lf4tZkP8Rw9Uuk9IOcTIq1m5O2KQmqTdkgkM
NCf7gVpCE9c6dw3zF9J8GdJ0Y/avxGdZeUKDYHUz/jYAXbmMfH2GVKieGZpNZeRNj+PU/yas0iVo
IyQ2C7L9pvyJ9c2DeepnrUnqhwzu4N8iO/n0SuPfXJf/rdPlJIh5xFYGXSo1YCxrPtZZm28D+s2P
3gVLTSQlTJ/YUTNV9v13AURDfoQ9NjbBOlbkTJKj/FzDbZ/QyL3ttzm06Rc24LjVuGANJx4AOZUX
l7Q9PHdYFGbpNI4D1ZFr4MbSbHdaNsvpShnyX5EL24K2HGmD6dQpfUo+rKEC2QCwKZcK1Iise01r
XO8LkCmj4cZMckkA7q8sGkzflyCpxa6KtN0KB3B7Fh+mcaLwKgEPZP8fIkqXdGNpoERnWWL01S3z
O+rgjkWGmVrNgwpt5g1mg5Mpy+csZe7Xp/GytR/l/mUCYYXIGSVjCiWWJS9W5e0TjfwgoDJ9x40S
VSfvuqvy2rs9adM52/82Nkd3hKldHts+cvYWghSIUWNw1uuvxpKu3bt4wtAB/OFBHIbcU6ohhAZv
aqx5i/lD5tvNhN58LNPa4E2F/V6Yd+55x7pTKSHNxKkRQNBg4UedrjHe1IqrEFoWkDDnTkT+WClr
SuJoxlR9LCH3G46N2YvFst+3LDno6vZiv8jjLxOFbAlolkwaK+cn6lydHm5K9gKbZYmxHx1nCzS7
koNy2wIsTY6n2hqbFyVY17Nue9TUM78IlptTMsQmdy8SQcEqS+UOZk8LP/V8FrjqHl55GihPGe4w
YuFwV+MWhHLsu+U6VdVVAzd1thGsHvuhzcDCqFIZPF4qEp1lqTSsqAWiaxtYwN0N8DfXWiWmhOiz
bP61NVw5KB75KEd/XO32jLti3qwORypYMx5thF6fITb8VviG2d0UXzVGiEtKMh69WmtsuzVP3CLx
oOA4LjKm2SUF3GS9p7N+OYclMe7fPDGC0SqBaqlIKQ3IkSyLCvrmSB9aMo3ah8O2OA31sk4JeaDM
+51yh/mE+mGFEQI0QUT1YxVWziM8Zzzlz93UXr0GNhjS2fkXc/FwmDHYlM5WCMGbVzQ8WmcrbLsK
Q2U9JDuII2Atv10TUe4082TjVoXHScGNNYzr02o8EqMsbNTErFPcYI7CFHP0WdR5OHVOmK0b0xHw
+VhjyrFBdo9hpTNnWb5ecAPrthHdIORWsfeO+OYsjlN3XvjZ5irzzlVUIkWLkcd+tBBhjyBqhfRO
P44irhvuuhXFUYsGybxxHOXQKgxG+wWZWkWnw2i06fL8PMScjh9DKQl7uPJCo9lx7Gv7XDXsHjX7
6dMZ+YPgRH2KfoYs6alLRrG4euGpDFLxpPOqmgfTecmYvtOAgAeqCHpZdFNbynp1U1Cyzto/pTd3
HCFQoQ+EIl9YFCdzP/CdjUXSCkqclZv63IBO18OJm3jCRcnbykdetLygYeL4wXcyPdo/3VjQqB3M
X4Xys3g60epU08lDgTu9/kavN5bMIDLLiuI8ebRDFQThNMwxl1GnQQAeWDA/0YXP0hMWR+PxQA8a
hg+Vl8tKw72JqYoeJocTVf5d+RgOxKOJZuBU6AMRwZ3HbsynxbL8xJOEbH33QI6gT7t48gEcgYYf
vMEDhgdzmjcOV3JQ82ylYdx1sHK93YT6QONt6XDaytLk1k6jXvqFLXwI5CdHrarJd85gIvH1rw2c
wORoqrOJUzq7fTKRA+/fvIaZvWA02P+9oJta/C5NASMFjKutfdfPHIh82gHD4ihts4K7yZyFqpPE
ywdW/AnLpx+OTza2Q5bjEbtV3fok9bM4OuXPUdZaWwOfl/aEDyweClmnhp7NP5mNwjkHNWp+g+Zh
3oSldmzby80d5S0xWlZJRP1rJeeNj04cF5rfKEHNs8nPUsEsR19jK71YpjS60jYdBeR5lQmHXJ1q
eY7hIs4pf2j51jGN6s4DoeF36hdPYKRBwOo8HYNBe8eYqkwVSHPStxVJmOzvbiPtVIfje09Vsol8
bHCdFPiSBYEWfijAB1bJXUo2evwekUS3OvmnBeVnhrTT6hKk+zyjHSRXDeIfeaZJD5aqM0v38VWP
hAfTBYH1r5VWlP8NPD9d6meeauD9p7s2tXZwvBMcD0xZ9XsV8i/YNU21DYUS0tCw5yxSSxI2UaKW
qHbFIwI0m7/XVlQFeiAQm8yLOJrRbxvjNo4DfEJAjC5/rTJfM9/Ly3c6SB4q0PM6nnLYNWya47sf
skDfN1aAzbNnY53+9+eHlxitfYo2uT8gj5PEEVNTKnHUDFgTR85WYC4onKuljSUbhTkF+LyTUw+8
nss5CBhNT+hs1vA6NVyfpFsbzNNrP8uZuyk+coFOFF0dJCIAIkTpVaVp7ZMaAu9+tgyK8PRgV8cH
wsB3XSgy4JfPO4U45OqTd56y9/zp7jxWHZEGfuBM+8Jf+G7Iwjhd7pANM6PSYVny50o7bHgcCQ95
vY3VA+AqtBFP6EydzcDHN+KIpzz8JPGBBtYUrFqTVfSvJAsY/AkijSvtIZgS8rz6duWvsUPzMXmf
Us0LlZDnJbpYY4n87Of6Uzn8urlPO2ieD/RYGhWZ0TE0mntPOfNTobQsTsTqPATFEvDRSPMxEvTc
HkYMu0bGzPKcpZ/i3I9U96KBGw8J/KW+ZVr6FpUC/WoVtpTnWZQSn/qQy73Tchzn2TzOjzdW0nj8
szZeytg3dU1LwAPPDr2lC48GEFNt7ExfjdGyBA2ra9nZjOLLoFQNq0D37Eq+h2Gin+hv8cZOE9UY
VyfeoctkTvOc+gr5CvABDw5LPPfnwcY0KVmD9InvXNEb9q6InEZlqXnnmYutYvQ1SmTzODmNbW1L
S0Cel3CwCms4t8nxpIWlIVXuJahZymtsLp7yR9uaZLf2TybH+2NZA5OXRqdxbTSuzfL60ZUMIPiY
H+JdecHTZDrXTtoJwD2LPdlwNl/isywxdvl3pUoZiwotLJGA51W2EAZdXeQY7t56tYgCbGxINPYj
5n60KbLrMVevFWEi6CSLqJ3HSbmfeQTBfO6z7EtjU7OG60nGsDkdoR9cdXoGrqwLBokUDSanp5ON
ZR2pwJmEIZiEpEDPIggTm5YlmWsfRlZo3dX5rd5EgXna7TdQCGjTHY3/ki3wu14o8f23UXDKtIun
v32Co+ElRJflhSIMfvnAwyoHJ/v4eBb54w+y+SBDIgft96O1Nk0CtmCqsxDXD8cXm90HZVnuz9g6
2wp584RqBXpmg1nka9CNvnzhqwWlEvL8MQW+43ZlwmfaPv/s2bf5Z+vs8r8tlrgg9SOJFeyeeOBd
kabLn+iVj+/R3BTpGlK+pzQtzsB6rZPuA/X6iw8k4D5eJp/e758eXdy5qTlsi4BtJP+O+XbUkzY3
BUWrs/SZpom+B1NCHtCsi9i5moDxn2/ujPUFr4/j+KvTLxxR4wCMAnyAi01vJNUjr87CPwuwu3Lr
u+ZBhTaK/I2KRRjCv/CPHt489Nxl9SKIew8ih3PEbFm/F/zEOCfqEQ68pHFX5Yon2IlLYy255oAH
Zu1sBgFGYTCnH5EDPITt9aIZOaTRnGyfHRy+2tRs4jgsOgANQdyWdYJeudode/iwf5ZhYEiDTDth
qoGbyaD5V+xHqyNaVmP8B9kAYvyreazVcGrYszyXWQ23Rt0AMtejG9XHl5AHzmocfYPgbb7xLReB
1rKOvkwu1yolXEzeq8cB4OqZKzaLZJ0XifGXUn/VTJkCfObDWGLg1cmfsjB5izGBeiahgt17lv0y
jjL6P9NNPwsi0VpWRcYaOyxz1bTilcpBc2cl//aO2vajXy1y69G+7+63iIHw9PfqywDfKEtTYCRn
zTdilG/Z5mPyF1C3kxRr7DwF39t6MamuCJhyz58R/OqHlVrRi0uak1O6JKZJDHOvO97rdsl/d4bE
7JgGNgjj3H19en5C6mMRCBbDtJI4zV8bY6NrIvB6DsS2Aj/LX3fwmkZRXEQOPk2Mp39a1Jn7THwj
JHsNuSHiwedaW/IBZpgV0TGkN7JP9trsI2RGcR/YZeK+F6eAtYLFnodQkICLpybLa1i2chTX9zzf
KYJ8+ZoTOit3flsZFqijWfYawTzlbKGyvA74YdIKljHmKk3weyuvD4/e7X88mSJUqEcLQoR0KYeU
oBTUo6QHf7cTmmXXceq+/i/+DwipyONWRhdMdlz47LrlggwpSO71CEE3dnzTQkWVTWASZgWdsdcM
3AFcay8sbi9DfGHxC4JqRRw+3UXKTzDyWScgPKLpDmgBmc5ZxkgpDUJTRiCuJXEEKpPPQUccnMyc
2Iz4kRMULv9yBbmlbYjrMg6hp4cImjgz6rEdEmPInCFKYqeMXpFlXKQSF/E9ApPqez4fAeYTvyQT
LBHxGbuu0O26zKMwoxm5jqMfcoKRHE0JSjMEZvHl4UukED8OI/i+nrOIFMkspS4gaFsRarFAtmdF
hLz4POdPD5M8hlEilwAK+WZ+kEFKI1D+HIjitzmpQQzDAKvwi+VcXi5b+A4jc/5hCYSEiFmoazlr
e4S/ph5vZPMid2NYAPJDPXvE2pJvkHeCOGOutcUp2w+C+JrgwgJiyi91kIVPyT9R5bAN173ysf09
gnaKdz3ieij78Fe14RIhMGMgFMRmL4kUJbaXalvdVoh98dkHgcQRyJW6LgHPIsSPYsVvOpCQ0axI
+fImIHSbIdEgHPZ7QQMU28xfQNsFDQpGtuWgYGheIXYxIiwYhjalBWLHDyrswW0+9lkR2iAV0Kr9
bBk5+FUNgi+DBj1q8wYfQVpctUtOsdk8BeNcwOxB82yH8JclELn4YT3sEHyVPjCC/oDLBgwuwsIi
Ag3CJgL5JZ9e4Am0LI1vfNAwBmIAlrjmRhVxKFtJ0AcPdRXboE7uED//AcSXp7yby9DecZVpdCbb
wEMB68bkYuFstCSnexxVU1cpV460iCKcThcNVJzwSeAvdsra5JAt5G8S+rM5LGZ0Ujvq4pOKgxJJ
0yLJBVQIDAUTAm2SLz65sCj5FwZcsSDoIvZdIPtuClBHUOdiEDRoV1tRNGjcEo0qTQPzz4/8iEX5
HiwxaA+6UiLgsA5CP8e1HbIZtZc5SJxcClF3uHD9DHHz7lOctWufS55rFCza65ZAVCpZxjn0fCAR
LBLDV8ciGtznLYcUSg6zVeAyJbMYJirGZYpagQPNOJktTtoe6SAXMDo3weIt///vOcDY5D760bs+
jf4sjxNOgjSfFUkSXUbAfKB/BLtXEoSjllQZHbMnCeNG4DNfFZK+7IcNUMjXBScJLQaRH+GClc5u
mFNw4xsLksWKRGdVtWY3DkQJWc2RMFzn06M9Mj3+cElOPpx+mJL9yeTkw9ElmRxdEIjzfj662CHQ
iEzPodUR+Xx8fnJEJhfnB0eXl+2mCdDkYfYHUhwTlvoxd8hoiDNk0JkzbpK5NCpja4DsISRwuW3h
TVq4lSDMLEcF8SHwCQYatAn5/Z6yCSWDiA8dYITN5GAcs0ACprc25MIj8THO0Yegn+cd2rdboy7I
kBumLWEOhgNCskiumFfRt+IB1IslWc1qtyN5zV7dTZLkvCs5n9HUhpXRcuIgELEoN0B3S5cvNSRH
9iKyF9jukEYFDz5USiAwK0AHX+2UPqGphKUaCvfqeYBL8BvWS7BNzoXNFwoP0UNcBG5Fiw9O5Doi
Nf2ZQJxw8oHRQacjeYXR3nFjcctJctURGCrevDQOS2cressWLVU11RlGbuRM3tINcodKadpxWQaM
OGUpjIRqKBXZLcJERFcihCPyRgtvlPN1iI1kB047J7PkAK7AzcNip3cIGJw2OD4YYQFKlmUFQ8OQ
z2HWZmW0iUYLR6up2iknUsQIMqhsC2qw6XflhHmOMy+iq6yk/YAmCPXDIgQfi2+qIGUugBNJRFYk
qKjliutFipKvmNs6BsF2IiniA7YwCi7A6faqGTuMxa2mTmNshFZP4BeNyyUkcMmGKmc8cmg5FN+z
Uc0LkMJjFQgfUXpAnQgwBJYE3y2CiQb2ERzW3EE3KU/BTzkyNq6jXRQgnpku8d6P6j49tCL5tZE9
6SIgNJvHgQgxbZpDJouROCc5ww/rEelkuG0TmY+8K1yLzapgU7i3F+oslbfQrKbLHJHvkJahTCCf
PD5wKy+JkS6AW+06juUpKoaQruAccxke6GNnAEqy2uQYYkHQpdc8uCMHk4870BdosGF9XfsuqD2P
FYT1rPC3OP49MijD7joiz7h0lLZtsu+CoZrTwNvFN0bzNMFloMNyKBiUYN0DFUxZiLXbU5CpqcjR
DVo1DDFp0CZIxMdJNCmD7ToBxFwCicJHbrBjkURJS143sptTueoy/xur5hPD8nIasWRchkwQtgv1
UFxrb2yKTq/aZCL7BDSd8Q5UZqJSF/iIXkpnyALMCYgtSwIesWB6GVJ8CwmMnOI8HQQ+Vkx4vowf
ZmNZTk6nHzmlGbCEbNtFTjA/51NZDyeSi3Zpa8K8aGGvPU4tarnL7GK2VyYsPxIDExUZrs1hqfL7
RKanmUioUZOjLBaOS2qDgciEcRLYDuYxJLCogWWewspMlFswl+aUZHRRWkqsgJR1IrynpLBAGC+7
iYBF1iN+i/1IJMO8TPQD+WLHN6j1KflwSLa/fPxw+IrgK4vmQAO0vwZzn6Ti+XtQDMxfUkhe2nUE
CJoQ8yZc2Pjmmy9vT0r8MrdRID/wwbBYxJ0mRB+Y5HI3zHmLy+qIdCFKEcfz+LBwz/eWrZvCdxVF
pBCngHVjNC/tJvAvPmxXpgE8hZSUgt4w+Q72KHYCPyG8L6gNVvUciqlkGC/KrBxdmvQD3Ba3ynti
yKy2gGXhS62QTHmJQ+g7rCIQr5gM3lYqd5HJUosDKzkXtk72aYk+eySBIGnhBziMsOPSRslR0BHR
aFYlChF2C5r+cKdspVXM7qxKiVneD+MCl7AnHI5c0ShKOcfoYNFE8XoE6CH+5h4SOl9wf6l05oxH
TOS/NhPIbObhAuRVTe7i5qXCcx3nxU7N8wr2caCKfTBEhDZJTcQHM2E0Bk7tLio7d5NJU8AE+lGu
OyC27Ix/K2q6fDFjdaBV8Hf5Z4pO8uec+EC8uquuzUM+GH+wK+MWCOXJUpxpIr4iSCR3RFZTSg/O
+2isA74WMckLMoM8LKvFU1dsKgm1b4tI2qZr6vNEDewkZDFibpI4KYJSGeUFujLeRlrELreHPMJv
JdKKoTNBwwTeTsbOvForalR70otjSY3njQIsnKCcLzy/XxU73FpuqO8tfFaxAaqWmw5O5hBuerEy
I7DKWmKXuWo5j3FmOCltPJfX9mNOMViyZYh5T4bPsWfAYVaTjsmcvE/q+5wFbsXobJZCBi2qZbK0
JioI+BHlqyZ/nD5YweeH5/gR0Za0+cL1oVG4ZiK4prB0rvmIGSe8ZoDD2ko9GzxtJXmhmmJybgkV
JlTcl8oETh4/hMldlRojcnisig7C7gj1RCld7RD+3rMdgq9m5/45r8IwML0eSyHUbqEFitD/ibul
uxLOgmqlMLntpPjXAkJOcOXcipXGQiLkMy/ul2PcmmnBqzrVuR/Wtlo6YESK7XEloGnGmUWDiQPy
Gp/sVNZz2/UA8o46QinN+128NNtidsWqUEonEgegz6U8yyLJXAK5xcAsRwbO0mJgzRlyE5dHjr5X
IYL0AxgRGwxogcrKgbBxgE+ayNKz0cCnmUxLIJKkYRKUVxjzAI1yrvbKSRP3QG+xhLVHfuHBCvjP
HV7T+hWRiq//VW5S3fjgbGDgiN9cE1WDcv+JlwPu8ljcoXMPnfEAmWeb+LIloFW6W5V8MS6nQfwk
uGOFXkF4r3rEPfLuZH+6Z/5juNMf3xg73ZvujvkP4x8uBkR8nW/jO38dNK6vRx1hisVVr/9KRHli
j0FN1sUKR98CMpa1NB568GIYzJqzJOL7ykVaGuUyQ0mr3QlucQAPuCqH7/5kpcBa5c4G6IIIZ1+8
46aGD8Xba0gKHikIyFcF0uKxpRL0xfxb7YTdgOHLZHLnXPEn9HkiAxKxfQjMlyKI4+2QXyAFUg/h
RsSaEVxy/BCMpJWt3trZYjc5izJfftqJv8pd+fSv7cgvuFYQ3FXCzwZrsDj86sY5GEMNijuRGqBI
A/UaTYR67fkBf61oDZmF2oeI5/jYv3LtwypbqAD8vDA/uiCOnIe22CJTm2Tyq8cqLHF0ri+YJ4sL
Wk9u9jMdBAFKqEIuJyfqZbjMfg/415PlL9LH1yWYuLdAWvgp5n6n1xnCz5cfYEkMHQf+HQ/YYNj3
Bu7QZH3H63jmYOj1RswYDB2T2rbZJS8Bdx5fsQjCA01iS8p3WMsHz77hMVp8qqDP3x78TXy5tmoN
lzehPicxsmN2Ol3DMPGE+uTwXBOVG3/lrDSBAPL16QRzEWWZ1vDSR4Pw5VSTUYMCuMQ0W2cLgNf4
6mQNqHyjGE/KG/iZbSB4ritn7a2/8mBM/f4zisifie9Cyyf0UUwcpSHfqcANmmuX3yBGPU6XSR5z
gDjuN3NvzbmvqQmXTVcFQY5XcPM9K4QyluT8C2O28wkvD9Ud/vzzfwGzgM6U
===END CRASH DUMP===
