PocketMine-MP Crash Dump Wed Jun 2 02:04:38 +07 2021

Error: Undefined index: NuTaVN
File: plugins/SETVIP_v2.3.phar/src/MCPEVN/SetVip
Line: 191
Type: ErrorException

THIS CRASH WAS CAUSED BY A PLUGIN
BAD PLUGIN: SETVIP v2.3

Code:
[182] 				  
[183] 				  unset($all[$name]);
[184] 				  $this->time->setAll($all);
[185] 			  }
[186] 			  
[187] 			  if(!isset($all[$name])) {
[188] 				  unset($all[$name]);
[189] 			  }
[190] 			  
[191] 			  $st = $all[$name]["current-vip"];
[192] 			  
[193] 			  $i = explode(",", $st);
[194] 			  
[195] 			  $date1 = strtotime($i[0]);
[196] 	    $date2 = strtotime(date("y-m-d"));
[197] 	    $date3 = abs($date2 - $date1);
[198] 		$help = $date3/86400;
[199] 		$date4 = intval($help);
[200] 	    
[201] 		if($date4 >= 1) {

Backtrace:
#0 plugins/SETVIP_v2.3.phar/src/MCPEVN/SetVip(191): pocketmine\utils\Utils::errorExceptionHandler(integer 8, string[23] Undefined index: NuTaVN, string[89] phar://C:/Users/Administrator/Desktop/MSAI/plugins/SETVIP_v2.3.phar/src/MCPEVN/S, integer 191, array[3])
#1 plugins/SETVIP_v2.3.phar/src/MCPEVN/SetVip(26): MCPEVN\SetVip->tick()
#2 pmsrc/src/pocketmine/scheduler/TaskHandler(137): MCPEVN\TickTask->onRun(integer 1)
#3 pmsrc/src/pocketmine/scheduler/TaskScheduler(179): pocketmine\scheduler\TaskHandler->run(integer 1)
#4 pmsrc/src/pocketmine/plugin/PluginManager(654): pocketmine\scheduler\TaskScheduler->mainThreadHeartbeat(integer 1)
#5 pmsrc/src/pocketmine/Server(2389): pocketmine\plugin\PluginManager->tickSchedulers(integer 1)
#6 pmsrc/src/pocketmine/Server(2152): pocketmine\Server->tick()
#7 pmsrc/src/pocketmine/Server(1992): pocketmine\Server->tickProcessor()
#8 pmsrc/src/pocketmine/Server(1586): pocketmine\Server->start()
#9 pmsrc/src/pocketmine/PocketMine(291): pocketmine\Server->__construct(object BaseClassLoader, object pocketmine\utils\MainLogger, string[36] C:\Users\Administrator\Desktop\MSAI\, string[44] C:\Users\Administrator\Desktop\MSAI\plugins\)
#10 pmsrc/src/pocketmine/PocketMine(321): pocketmine\server()
#11 pmsrc(11): require(string[91] phar://C:/Users/Administrator/Desktop/MSAI/PocketMine-MP.phar/src/pocketmine/Poc)

PocketMine-MP version: 3.19.1 [Protocol 431]
Git commit: a7cd0810020af15fb3d79127c77cf576085cd4cc
uname -a: Windows NT DESKTOP-KF1VXGB 6.3 build 9600 (Windows Server 2012 R2 Standard Edition) AMD64
PHP Version: 7.3.21
Zend version: 3.3.21
OS : WINNT, win
Composer libraries: 
- adhocore/json-comment 1.1.2@fc2f76979f0a44a5f5bc2a2b600d0762fe0e78e7
- daverandom/callback-validator unknown@unknown
- pocketmine/binaryutils 0.1.13@0abee38d4e2861621f262c79a2a3d699d8a697f4
- pocketmine/callback-validator 1.0.3@64787469766bcaa7e5885242e85c23c25e8c55a2
- pocketmine/classloader 0.1.2@9757928424652393b178a3760073113aa7c9911b
- pocketmine/log 0.2.1@830b44a2cf96ef703c550abe64302f230231ca49
- pocketmine/log-pthreads 0.1.3@e477ecf6ec214fdd4415ea1da3fdd9d73bf699ea
- pocketmine/math 0.2.6@43057cb8c179a9859677b496a788db922fd5cfc3
- pocketmine/nbt 0.2.18@9f82ca4d7f97fcd9a566e44b63c4f18a7657ae82
- pocketmine/pocketmine-mp 3.19.1@a7cd0810020af15fb3d79127c77cf576085cd4cc
- pocketmine/raklib 0.12.11@9cce458b8bfde3e4dfdbf70c659fc7b7fe26b5c4
- pocketmine/snooze 0.1.5@70b5e7937a06878dd321a3182ceb76d56298f2cd
- pocketmine/spl 0.4.2@6b08b7cf8c4afa17139c9a1b3bf1b408531de161

Loaded plugins:
FactionsPro 1.3.20 by Tethered_ for API(s) 3.0.0
PiggyCustomEnchants 2.4.0 by DaPigGuy for API(s) 3.19.0
TimeCommander 1.0.2 by TheDeibo for API(s) 3.0.2
MaxEnchants 1.2.1 by Xenophilicy for API(s) 3.0.0
BlockSniper 3.2.3 by BlockHorizons, Sandertv (@Sandertv), Chris-Prime (@PrimusLV) for API(s) 3.2.0
InvSee 1.0.0 by BlockHorizons for API(s) 3.0.0
PM-Beacons 2.0.0 by jasonwynn10 for API(s) 3.0.0
NoDrop 1.0.0 by Inaayat for API(s) 3.0.0
Netherite 1.2.1 by Wertzui123 for API(s) 3.0.0
WorldProtect 2.3.8 by aliuly for API(s) 3.0.0
reyyogaWtrhit 1.1.6 by reyyogaMnelux for API(s) 3.0.0, 4.0.0
KygekRanksUI 1.3.0 by Kygekraqmak for API(s) 3.0.0
VanillaEnchantments 4.0.0 by TheAz928 for API(s) 3.0.0, 3.1.0
Worlds 3.0.7 by survanetwork for API(s) 3.0.0
MSpawns 2.2 by EvolSoft for API(s) 3.0.0
Farms 1.0-non-alpha by Dấu Tên for API(s) 3.0.0, 4.0.0
BlazinFly 1.8.7 by iiFlamiinBlaze for API(s) 3.0.0
InvCrashFix 0.0.1 by  for API(s) 3.14.0
Sponges 1.0.0 by  for API(s) 3.0.0
PurePerms 1.4.2-c2a by 64FF00 & ProjectInfinity for API(s) 3.0.0
Trident 1.0.0 by brokiem for API(s) 3.15.0
AutoInv 0.0.10 by JackNoordhuis for API(s) 3.0.0
AutoXP 1.1.0 by JackMD for API(s) 3.0.0
MultiWorld 1.5.2 by CzechPMDevs, VixikCZ, fuyutsuki, kaliiks for API(s) 3.0.0
NoTP 1.0.7 by awzaw for API(s) 3.0.0
OffHand 2.0.3 by alvin0319 for API(s) 3.0.0
SETVIP 2.3 by MCPEVN TEAM for API(s) 3.0.0
SocialSpy 2.1.0 by Crafter20162017 for API(s) 3.0.0, 4.0.0
Shield 1.0.0 by JavierLeon9966 for API(s) 3.7.0
BuilderTools 1.2.0-beta2 by CzechPMDevs, VixikCZ for API(s) 3.0.0
TPAll 1.2 by matymare for API(s) 3.0.0
Broadcaster 1.5 by EvolSoft for API(s) 3.0.0
KeepInventory 1.0 by KhoaGamingPro for API(s) 3.0.0
OnlineTime 1.3 by Zedstar16 for API(s) 3.0.0
Slapper 1.6.1 by jojoe77777 for API(s) 3.13.0
DevTools 1.14.1 by PocketMine Team for API(s) 3.13.0
CustomAlerts 2.1 by EvolSoft for API(s) 3.0.0
FormAPI 1.3.0 by jojoe77777 for API(s) 3.2.0
ec 1 by McLebt for API(s) 3.8.1
BlocksConverter 2.1.1 by matcracker for API(s) 3.0.0
PointAPI 1.0.3 by onebone | Fixed and Update by LamPocketVN for API(s) 3.9.0
HideCommands 1.0.7 by Himbeer for API(s) 3.6.0
EconomyAPI 5.7.2 by onebone for API(s) 3.0.0
AuctionHouse 1.2.4 by Shock95x for API(s) 3.0.0
EconomyLand 2.1.2 by onebone for API(s) 3.0.0
PureChat 1.4.11 by 64FF00 for API(s) 3.0.0
BangHoiUI 1 by JVN | JackVnKiller for API(s) 3.0.0
PiggyShopUI 2.1.1 by DaPigGuy for API(s) 3.2.0
restart_in 1.0.0 by LetTIHL for API(s) 3.0.0
CmdSnooper 1.0.0 by HotshotHD for API(s) 3.0.0
Rewards 3.0 by Wertzui123 for API(s) 3.0.0
luckyblock 1.0.0 by LetTIHL for API(s) 3.0.0
HealFeed 2 by JackPlugin for API(s) 3.0.0, 3.1.0, 3.0.7, 4.0.0
luyendan 1.0.0 by LetTIHL for API(s) 3.0.0
TempBanUI 2.3 by SonsaYT for API(s) 3.0.0, 4.0.0
level 2.0.0 by LetTIHL for API(s) 3.0.0
SlapperRotation 1.2.1 by jojoe77777 for API(s) 3.0.0
ShopMob 1.0.0 by LetTIHL for API(s) 3.0.0
RPG 1.0.0 by LetTIHL for API(s) 3.0.0
Kho 6 by ItzFabb for API(s) 3.0.0
PrisonMine 1.0.0 by LetTIHL for API(s) 3.0.0
Joinkit 1.0.0 by LetTIHL for API(s) 3.0.0
BuyFix 1 by FPVGAMER for API(s) 3.0.0, 3.7.1, 3.8.1, 3.9.3, 4.0.0
PickaxeFunction 1.0.0 by LetTIHL for API(s) 3.0.0
MuteTime 1.0.0 by LetTIHL for API(s) 3.0.0
MuaPoint 0.1.lpk by LamPocketVN for API(s) 3.9.0
help 1.0.0 by LetTIHL for API(s) 3.0.0
thoikhong 1.0.0 by  for API(s) 3.0.0
freeze 2.1.0 by Bavfalcon9 for API(s) 3.0.0
detu 4.0.0 by CLADevs || GreenJajot for API(s) 3.0.0
NganHang 1 by GreenJajot for API(s) 3.0.0
SellExp 3.0.0 by EzMinh, LetTIHL for API(s) 3.0.0
cayphattai 2.0.0 by Lettihl for API(s) 3.0.0
AutoSellUI 3.0.0 by LetTIHL for API(s) 3.8.2
Item 1.0.0 by LetTIHL for API(s) 3.0.0
SizePlayer 1.0.3 by  for API(s) 3.0.0
QuestPlugin 3.1 by HmmHmmmmm for API(s) 3.11.0
AntiToolBox 0.1 by NgLamVN for API(s) 3.19.0
UpGrade 1.0.0 by LetTIHL for API(s) 3.0.0
PureEntitiesX 0.7.0 by milk0417, RevivalPMMP for API(s) 3.19.0
CustomTags 0.0.1 by DaRealAqua for API(s) 3.0.0
AutoClearLagg 3.1.0 by Twisted for API(s) 3.0.0
giftcode 1.0.0 by LetTIHL for API(s) 3.0.0
Buyrank 1.0.0 by LetTIHL for API(s) 3.0.0
PiggyCrates 2.0.9 by DaPigGuy for API(s) 3.2.0
BetterVoting 1.6 by Twisted for API(s) 3.0.0
essentialsTP 1.2.2 by  for API(s) 3.0.0
gem 1.0.0 by LetTIHL for API(s) 3.0.0
NapThe 1 by phuongaz for API(s) 3.0.0
VanishV2 1.16 by superbobby for API(s) 3.0.0
shopvip 1.0.0 by LetTIHL for API(s) 3.0.0
WarpGUI 1.0.0 by RockPanther for API(s) 3.0.0
PHP-Sell 1.2.7 by Muqsit for API(s) 3.0.0-ALPHA9, 3.0.0-ALPHA10, 3.0.0-ALPHA11, 3.0.0-ALPHA12, 3.0.0
CustomItem 1.0.0 by Phuongaz for API(s) 3.0.0
capdao 1.0.0 by Nguyễn Công Danh (NCD) for API(s) 3.0.0
ScoreHud 3.0.0 by JackMD for API(s) 3.0.0
BuydetuUI 1 by FurryJaki1992 for API(s) 3.0.0
MenuUI 1.0.0 by LetTIHL for API(s) 3.0.0
OreGenerator 2.0.0 by vividmemory, LetTIHL for API(s) 3.0.0
LoadWorlds 1.1 by shin for API(s) 3.0.0
KitUI 1.3.6 by Infernus101 for API(s) 3.4.0
TrashGUI 0.0.1 by Phuongaz for API(s) 3.0.0
AcidIsland 3.2.9 by GODSMineVn for API(s) 3.0.0

----------------------REPORT THE DATA BELOW THIS LINE-----------------------

===BEGIN CRASH DUMP===
eNrtffl34zaS8L+Cdedt3LuWLFK353Veu320ndhura0+dsK8fiAJSox5hYds9Uz+960CQBKg3bZk
K/6+H5JJxmIRKFQVCnURBP+15cVpSPOvC5Zmfhxt7fV2tnI/ZFt7xsA0+8OeORy1zfGgY3R3topE
3Oq3u6PxeDQyRt3xsG+aO1sBzfKjNI3Trb1/beXLBBpt8eujW4dBL8C8sxWyLKMzvPUxcpnnR8wl
Pvy63SMXxZR+uoA2XhEEx36AjZI5Tfd2dw/2dj9mQN3uvhv6kZ/lKc3jdPeQZdd5nOyeX+2f7iZB
MfOjbPfqaPrpdPJ1Yba7bey+m6XO7vnB5OjTxe4Vyz/5CYATHEYOsXI/6BMAwSCWsQESSqkDv3/d
etUhq+PYhr6v90gSO9csB16YZRW5H2SW9RH/7O0xTWInNHIDlm77Uc5mLCWjHQLM+9HsV7P7G/mO
CKs2o/FvZNMS3CElLSgFQtOULn/t/vYahPPKWEcQ5gDkIECWJWCtn3Lfud7muEyShNgJ/6ultZs5
c+YWIJLdKc2uS/EY3aGCbApI8G7rpzi6LKJKeAZH3F0F8VV5tW0Mx435qlrCSDUNrZ/SO0P17h9K
CGl3wv+c0wjWQ7o96PceHqciqfVTSP1oOk8ZdU8YTXOb0bwxcv/+ka9YCot824Sl2xhM0GRZGlFi
PqqBs8Ygg4cHMfpmYxBxR53l4YMojPH4IRSTNHbAnMSpwDV6GFd/NPgOriwHIQoc4/txTPjPc/i5
bd5ZvyWar1+dOIKFVTj5dmz/zpycvKMZOwC7mJ3F1GXpDpHwe5b/OczpWTybYSu5fLuD38jBHlgG
XLiWpa1cy5JLF3rC2rWsqlevt0YvuV4tS6zfzqPsd80m+5mQr0BgCATbBrZK2R+Fn7JtSdjYWMsa
1YO2zie1EdHJer312587W2wjXuc57gCIEB2/+tEiDhYsZFEO2Fzg38m3yrsAEXgB4sQuQ5qNkQlg
Kxf/IwRugU/VQEWUsXz7BxoEv/4Q0ZD99vofvFVPa/VDPvczXBkhA51m+X4Q8D6ycb9qTMifHDJQ
IBwwVAC+t/0fftYc9zX5F285Wom+cXPIcacx5NhQAD9kOXlDFDS/WltOkaYgytbCT6yt3zjasdlE
0lWR+ICD3SYBiHfb2tqBfxGxoGjca3ZVpfKDS3NmQHfQxzxGOW7/4P/akdyMhbgIkQ1NrSFCYLhl
K2y51tZr2WWod+lCF2pn27J/S44oG5cy/WHOggQFwbvsjga9Tke0KOXJ7/SgCdjjBYVZxh4ci9np
VEPyy1K+MJ2y109vwHzDNP75dwjzdwjzdwjzdwjzdwjz/zqE2dmasYilNMB4AD0fGG2tLxBmwzzU
GfpWt22M2wbCCz9wIQYZdfs7W3721WWLrT2PBhmDoCON89iJAW2vCxnrzMeQhA4dtzMyOh2zQz2j
79lddzg2zKEzHDpefzjojPqO23McwF1IWj6DbY5vMnIxJYdHV79MP0xavxwbn768f0cG7S7hJJDx
oNMh22VToVEEHJBJLk1ylYOJoalLjlwfncJrsn9+OOhhYAS5+N7WEIysiex8Y5HL2ZPXcPtrnCEN
pxcXUwDwixs/4hFUmMQwB18D305p6rMM5UfdOfCcst3fszhqQRsZihlto22+9RzTGw7Gw7HXob0e
7Xt92zGpaQPxbmc4MD3WYcMRGwJ6lwIHQHYc7joQk9jUuW6Bt/VdnGhAWETXUXwTvZV/kdh6Ym0/
oumSLwxo2oGxje7bDrUZ647cHjNHA2NgGp45MJ3hmJq06w7GY3dEgTSvp6O6d3Cj3Wl33w56w9Gw
B30GA9uhdMj6o1Hf7JkM5tDsOmafjZx+n5oNhLicA76cJW3m2/GwPxybo57ZG/TN7rhrG8MR7YI2
dIZdw+gCbmc8NgxbxxTEM47BbBtvR92ODRI1HW88YN6w04WRkeFBr9sxPRP+r2s4tDe+g6GV5NwR
lILqvmW94ZA53oA5ptHzXLfXM/qMGi7twsXYHXZtD6TFqI4qpPlcUjN4C4P2h449csD50fGoPx4M
h3ZvPKDD0ci1x6bpuX3Hc7o6isjOS35Gb8feyASC3aEHc+K4Y9ofDFivZw+6Ts8zRnQ46A8pGzWE
W/9shUm1UN+useoUZCm9Bt0WcgGajLdjx2G9/sge2Z7Luqzneq4NsnYG/bHnDO2hx8yB3XcaGpRF
cfyNSfH23w47dp8Nx90h7QxGw5HrgkWkXchDHGYPB25/YI5Hnum4DSRJwDH0QFsGdmdkA+Ejp0c9
agyN7tgZU8OGiTHsHvDSNVxmDIytP6vEiK/NY+rg6s/A7SmmToXubNU2zkAj0AEQLfJ5nGYYqU5Z
Pmcpc7+i1aSJj7AurIUOXrOI2gED+wEeDMyfyxKwJtgN7mWxlx9WgK39KPevEhrimHAXwxGdEsuS
F+jVMNWD9YJm+cPV9POHy7NDAN0wO/Nz5ACD6Yk/my0PiiyPw6PImdMoz1Rzfs9dlVcT5Npg9ZBC
p/fFUuMUlGlNVmvuSoQQIt2l5l7gY3zP8zzJwBmCZ5kXdhuM7W45yO496HZRTlNIlw7AKoNlZaki
IR2u6wGsyIYazNkh8+24oQXmU0WjDS4imZr3q+n+5fTj5M6Mn9Pbe2ZahepcmNxhK1x8YVGczP3A
d5bPU+eaEQUlsnFbT69O16Pq/C6ApX8V+Yk2SSpUZQ4WarurM8ebnsSp/w0WFNy64rLNF2T7bfkT
A66DeepnrUkKEwB38G+RnX16rcnDXHt5ny8nQZwrK1ujxrIUPixLRLarCOU0WlwxpshDApra2nlI
FBua6QZHgpJ1mJmct94xigG/aqdqoG6e7jD1O4X46mYZRUZnUywpKC3L5mTAVFXkPMrRRXyYxonC
jQQ8Mj2nEaVLmm+KC4nOssToTWvyAPnct/HrmoMK9ogt+QwL6lvhG2Z3U3zUGIGVkozVuLnHL9TY
dmuegOnPcRq44G9zrJPWfGtgXRO77ZHOOoTFRbAxCyqwWdYNUpAIClbxCPfwfA65o+ezwFWjwrK+
lKcMY9YsZ+muxi0IJWXLZTyjn/N07qtS0eG6RhjtgS4W2fg8YkFxe0c6O1u950hJIgcyjNUV/Jfl
jF1f0ug6+3iqcKWBmwFgY63ytin9I6TXm5pwBaVlqbSsztgnGvlBQKV/xYRTtan33VXZ7N01SRDf
7H+DfOyeaYMY8Om8LgQplnUAGfITVnFJ1+59PJWrOWuu46wRK3TaQ53drEiBMpbDmtvYtHKcchmD
f6wIWYlluUjbHEkbKNt9JRDxuA8ShxvNa5YQ3VA1YtajRRxcAbGbYlAOinWwcvQVzNPNzU2bASWI
tZ1fIz/HNA0zLR/D64bTbEVx1KJBMqeNLMUqDEb7BZlaRafDaLRpSzMPMRUDiuSf1YJX+s2PjsEp
qKFrCdM5GzWV0fePAxr6foQ92KZmS8eKEagkR/m5Ygh6kNJsfuzf6nFoBVXZA4IbgYKWTPaezk9Y
/AFUWZYfLRwc2fNv1wk+r5I4mjFV60rIw8HaxmK0xbLftyw56OqWflKkbML09VLDdNp7bbPlmI31
MugdH3c65D8JuHsspJ9Gnh/5+cbCl69iAEjnS6qUn0+w+LyvDFlqPJjHp77LK6t1Bi8hj4Tbdhpf
+yzUyxr9p3Ms8VmWHB/4Pa9JeXRG94s8BnVQ+CghdxZSg5GfqXN9EcepOy/8bHM5kHMdlUgtC4aL
YYlZVk3UShx9mTQY+jK5Ey/ew8754ab4ENgE3V8mT04bBJpdyQE63yLIfe7MVf9bA3Um+00nfPCN
OfPJ+SFb4GL45N/61wf/5HsOl0WeFdc+/L6GFMC/3tiMOjhkErowpGWFSCkPJUAkKtXrCkZhZFdB
xLPg6UTLgaeTO0uy4fLozTd6s7EECpFZVhTnyZOnXRAEzHzwPHw6rfBTQprliW4zKVz4UadrjDeX
F0qElgUkQNTrVj9Wcnhi34/i78qNQFpuqzMhtgOQ6dH++caiRm27wkqUx45Pg6tEDaZqmE7/HaMC
UYkHGa7ZMQbw33DTwaETuvhwg5fxDkL3Svxeias5JuYqSwLwiPP6mS58lp6xOBqPBwONneEjbFSa
+6DVVNHDLHGiyr8rhb74MJal0zgO1BhFAzdLSZ2WzXK6kqX8K2yiLWjLkTaIhnVKn2MXNVQYskz2
A/UZu7huSEOXQkjzZUjTjaUBJT7LyhMaBKsHnu9SaOHwcpE6rQq04fn+2uRTGRimTKPiaUnoL4wl
EN9A0BanqqXR4Y3V2agNzWP6HnKsaCaf6m2kOqQitSyNnNVn70OEW0Wn/M2J2pPVwEbVS+frn8zF
/T3GYFM8VQjBg1U0PNlXV9h2FYbQwgY00Z8elRCd20GzlP17/HvMhviPniN0n1EMEiM/mceapN2S
CeAQjEzTzlagRrDdazJZ7+8hU0bDjXFaEoD7pBYNI7pi2bombbfCAdyKZ7n7AVhqlWMN3IgG/lob
pI4M7l+n44mlsDgN9ydqcbqEPFKX/o7Oms9IBCuMliWJqH6sYnKYo3DBHJ2BRpjpnDFbn5YRTN5T
I0yOzbIYPuR15izL1/By+FAzO4jBwqb53SfPyp1m3Gnc8dtOCrkjtNyc55YY5ePjmpi1nrpCOp/r
KlaBmrFnww/EEbPhP/JvcuzfMpdALEk+Jrirm9hLckZDsXA/XWgsP2PDiBzQshKkEDBalkLrI7sj
Tny33FKhmgsN/EhaeuKHNmvM4ODp7Eh0lqXSsKJLEF3bwrMdOXEUh0t9FhWgylYf8gLz3nnclGJW
s8QEBXyeNGpWqBjxrU4ncZExrW6kgJtJQ09n6moOyjfu3z5zX5ZGt1rVVny5HAmLY5y+OdKHlSaN
2keZlkOd6eUFFdq0MRuYR5XBNeY04OUGnbaVatUHc5o3StUc1KxUG8Z9Zer1WKvLw3fnle8GK7fX
be009vx9YQsfpm1y1KqafKeijcTXvzZQz+Zo0PPQaHYS+9qD6Rr2gPP8+dMFWGSsU36KfvGD4Lke
R4k4dF0pSwRYvVlrUyIszUTjS4U+4kfv3YRoPm9Z83KlhGx9d3uioE+7ePZ2RIFmV2yx4O9MfMWh
lf0VFfCROtAZy6enJ2ebsuFy4NUnVil2KaG4WgF7kPyTOAczmp9srNz/9ELcJbuhqRYilJDGpoGX
3O8kSdjEbieJiitdUDjXSxuDR4VdBfiySlcPvLrenTAaHDOmeswKpJmSu8+WhNX97o6WnWpjSO+5
z50m8k2wVZkKiiXgoZE2KRL00lMihl2d9ikLE/BTmn2vYQ8+XbgCP0v/d7rpmrxEa1kVGWvMBFsw
tUIrrh/ZibrhOUjQGPsztjrVsiR0GeeUv3B+p+JV3XlkE+d3qgjPmQydgDV4Ald5HtvaAxIBedkV
AW5qjS20l5P3qiOBq5elNlmsQewvc/UtGLxSiW3s5jzNvx1T235ysnEnm/ru1hgxED5zWkfyk9TP
4uicH4hQB5o18IXngQ8s3u5clYOfYz+61rbblpCXpf3aX6dgViz1nWAS8EDCcjz59H7//OjyXk88
5CZJ1P92ePWo+1x/IChaJ2dxruktOy4ip2FNm3deWKfE6Kszcl7kzUc+FehlSQ+LfC26KS/zaXRL
kL4nymgHyXWD8ieWIXVbVZUZH2BKGQn30ggC61+rcIrnZihc8suXnRkccvWZASr863kczRSia9iL
7Jyshludai9l7Ju6CiTgka0j7+jCowFoxca28NQYLUvQsDoTLssLhQV++cgm/oOzfdyGQP79b/Ie
Rot+pr/Hm3v4JZADA360VmB3MaN4JouqQhXoAa+xeQ5qjGtEpSwIjm7VNVtCmm8YNObi6BvIab5D
Nrx8BVrLOvoyWS9ccugymdM8p77CiwJ8POXJ/XmwsepNssYc4F5MlLqWcirAR2bivhkYPf3NXYlu
dfJPcxaqO+fx8mVtPtASrqHy/jc2CehS30lRAx9+aLipNBLHO8PxIC+ofq9C/v8UkE3L0k9NvwrV
9aVhdk7CEP6Ff/QNEo+9AlVtNXnwxZJwjpgt64+CP6TmRD2h2FfSuKtyhQslyn3cPfEuVgN0FdqI
pnTWL2YQ4TSiqOe8/i/xWZZCwapPrhVuS7KAwY/J+5S6qmcvIS+7oIpkvRc4jkAAuc+yL40nYzVc
n5hhk/7QD647PQOLlZds4S9oMDk/n2xsplKBMwlDYCwp0E8KwsSTr5LMtTf2KLTu6vxW23umdHZ3
cw8HPvxa0dYhvWQ02P+joJuaVZemgJECxtVm1/UzJ07ddsDwLUfaZkXprQ4CRtMzOps1HFYNb9ig
O69j3vhZztxNcZYLdOLtDgeJCIAI8a6EStPab2cKvPvZMijC84NdHd+feAKUl5fnTko5VKCXXbLl
sGtVOlIaXeulDg554Ud1MOSaD2APUpqzu6fBCGgz0hv/JQ9g7zvc5fsnw3DKtIvnnwTD0fCnYO8g
eGXppzj3tSxEAze2iP6ly3FaLkeVAv1qpQ13WYZ2mgaZ9v6NBm7W/82/IlhTR7SsxviPsjHTwuPZ
i0fHs3WC4wuaTOfaeRkC8EAim8yLOJrRbxsrC0p8liXGLv+uem5ANv9kNg4L4KDGBuJB8415iG7t
2LaXm3tfvsRoWSUR9a9VuMFHNQtfTc5LyMs/MsLzglfWos80Td5r6WwJeYTwy9i5noAtnW9um+kl
fxyP46/hZE4mLUy+VQ9TgpoWp7HF8py/xt0kvrV/NjnZH8tn8vLS6DSujca1WV4/OcsEgk/4TreV
t8Fwj9ZI6RXgI/M32bAtqEdepxKUuDTWqkAc8AjpFzNw14XBnH5EDvDoBa8XzcghjeZk++Lg8PWm
WMJxWHQAYkLckC/iE/nTLFj1tUc8ivOk0F60K0GPFIr+mveRy9HXCjyx2qvvDKxgDz1oK9J0+TO9
9vEQ4E3xoSHlTzumxcV8vV0W5yzS2ZGAF34oBYOu8QZVyt7zQ3LzWC2EaeBHiqaQ/PpuyMI4XW68
EKzSYVny50oxABZg7hybowAbcUAjDJjfs6PqqZXUaszVt71hxO8ki6idxwnf0uDn+tFO/Lr57kxz
a0PksTQqMqNjaLz0nnO+R4XSsjgRa+yowk0SejhQgR4pgmzan3yO4wDPtRCjy18r1egd35VGWil5
1MDm2Y2NpPP9h8Mr3LXxKdrkdn75XlkcMXXbrziqEaZHHNn4KHN4oixNgSNIzhpv0pWnbPOqLz+A
up2kuA+VV8v2tl5NqisCHs3zZwS/+mGlVvTqiubknC6JaRLD3OuO97pd8t+dITE7poENwjh335x/
OCO1FBEshmklcZq/McZG10TgzRyIbQWQVb7p4DWNoriIHDz7DcvmLerMfSa+EZK9iSOOB49wasnj
5mBeRMeQ3so+2Ruzj5AZRQPmMnHfi1PAWsFiz0MoSMBFL1deJ4tEjuL6nuc7RZAv33BCZ6XJamX4
QCmaZW8QzHfdtVBr3gQ8IahgGWOu0gS/t/Lm8Oh4/+PZFKFCM1p/FCxdyiElKAVFKOnB3+2EZtlN
nLpv/ov/A0Iq8riV0QWTHRc+u2m5IEMKknszQtCtHd+2UE1lE5iEWUFn7A2DfB2utQOL28sQDyx+
RXDdE4dPd5HyXXB81gkIj2i6A1pAIHHLGCmlQWjKCET3BHQ2gx+gIw5OZk5sRvzICQqXf7mC3NE2
xHUVh9DTQwRNnBn12A6JMXHIECWxU0avyTIuUomL+B6BSfU9n48A84lfkgmWiPiC3VTodl3mUZjR
jNzE0Y85wcceNCUozRCYxcPDl0ghfhxG8H0zZxEpkllKXUDQtiLUYoFsz4oIefV5zg9oJHkMo0Qu
ARTyZH6QQUojUP4ciOK3OalBDMMAq/CL5VxeLlv4DiNz/mEJhISIWahrOWt7hB9TjzeyeZG7MSwA
+aGePWJtyRPknSDOmGttccr2gyC+IbiwgJjySx1k4VPyP6hy2IbrXnnI4h5BE8W7HnE9lH34q3O4
RAjMGAgFsdlLIkWJ7aXaVrcVYl999kEgcQRypa5LUpYJ8aNY8ZsOJGQ0K1K+vAkI3WZINAiH/VHQ
AMU28xfQdkGDgpFtOSgYmteIXYwIC4ahTWmB2PGDCntwm499UYQ2SAW0aj9bRg5+VYPgqXmgR23e
4CNIi6t2ySk2m6dghguYPWie7RB+/gyRix/Www7Bo/SBEfQIXDZgcBEWFhFoEDYRyK/49AJPoGVp
fOuDhjEQA7DENTeqiEPZSoJOPdRVbIM6uUP8/EcQX57ybhBE48ckUGUanck28FDAujG5WDgbLcnp
HkfV1FXKlSMtogin00UDFSd8EvgBE1mbHLKF/E1CfzaHxYz+dEddfFJxUCJpWiS5gAqBoWAgeGSS
Lz65sCj5FwZcsSDoIvZdIPt+ClBHUOdiEDRoV1tRNGjcEo0qTQPzz2NVsSjfgyUG7UH/SgQc1kHo
57i2Qzaj9jIHiZMrIeoOF66fIW7efYqzduNzyXONgkV70xKISiXLOIeeDySCRWJ4yAGiwZ0y5ZBC
yWG2ClymZBbDRMW4TFErcKAZJ7PFSdsjHeQCRucmWJzy//89BxiWPEQ/etfn0Z9BsMxJkOazIkmi
ywiYD/SPYPdKgnDUkiqjY/YkYdwIfOarQtKX/bgBCvm64CShxSDyI1yw0tktcwpufGNBsliR6Kyq
1uzWgSghqzkShuvD9GiPTE9Or8jZ6fnplOxPJmenR1dkcnRJIM775ehyh0AjMv0ArY7I55MPZ0dk
cvnh4Ojqqt00AZo8zP5AimPCUj/mDhkNcYYMOnPGTTKXRmVsDZA9hAQuty28SQvzNWFmOSqID4FP
MNCgTcjv95RNKBlEfOgAI2wmB+OYBRIwvbUhFx6Jj/EBfQj6ed6hfbc16oKMtmHaEuZgOCAki+SK
eRV9Kx5AvViS1ax2O5LX7PX9JEnOu5LzGU1tWBktJw4CEYtyA3S/dPlSQ3JkLyJ7ge0OaVTw4EOl
BAKzAnTw9U7pE5pKWKqhcK+eB7gEv2G9BNvkg7D5QuEheoiLwK1o8cGJ3ESkpj8TiBNOPjA66HQk
rzDaMTcWd5wkVx2BoeLNS+OwdLait2zRUlVTnWHkRs7kHd0g96iUph1XZcCIU5bCSKiGUpHdIkxE
dCVCOCJvtPBGOV+H2Eh24LRzMksO4ArcPCx2eo+AwWmD44MRFqBkWVYwNAz5HGZtVkabaLRwtJqq
nXIiRYwgg8q2oAabfldOmOc48yK6zkraD2iCUD8sQvCxeJIEKXMBnEgisiJBRS1XXC9SlHzF3NUx
CLYTSREfsIVRcAFOt1fN2GEsbjV1GmMjtHoCv2hcLiGBSzZUOeORQ8uheA5GNS9ACo9VIHxE6QF1
IsAQWBI8ZAITDewjOKy5g25SnoKfcmRsXEe7KEB87l/ifRjVQ3poRfJY5j3pIiA0m8eBCDFtmkMm
i5E4JznDD+sR6WS4bROZj7wrXIvNqmBTuLdX6iyVt9Cspsscke+QlqFMIJ88PnArL4mRLoBb7TqO
5SkqhpCu4BxzGR7oY2cASrLa5ARiQdClNzy4IweTjzvQF2iwYX3d+C6oPY8VhPWs8Lc4/j0yKMPu
OiLPuHSUtm2y74KhmtPA28UTPHia4DLQYTkUDEqw7oEKpizE2u0pyNRU5OgWrRqGmDRoEyTi4ySa
lMF2nQBiLoFE4auo2LFIoqQlrxvZzblcdZn/jVXziWF5OY34OLkMmSBsF+qhuNbe2BSdXrfJRPYJ
aDrjHajMRKUu8BG9lM6QBZgTEFuWBDxiwfQypPg+PYyc4jwdBD5WTHi+jB9mY1lOzqcfOaUZsIRs
20VOMD/nU1kPJ5KLdmlrwrxoYa89Ti1qucvsYrZXJiw/EQMTFRmuzWGp8vtEpqeZSKhRk6MsFo5L
aoOByIRxEtgO5jEksKiBZZ7CykyUWzCX5pRkdFFaSqyAlHUivKeksEAYr7iJgEXWI36P/Ugkw7xM
9CP5Yse3qPUpOT0k218+nh6+Jnh2zRxogPY3YO6TVJy3AIqB+UsKyUu7jgBBE2LehAsbj/3+8u6s
xC9zGwXyIx8Mi0XcaUL0gUkud8Oct7isjkgXohRxPI8PC/d8b9m6LXxXUUQKcQpYN0bz0m4C/+LD
dmUawFNISSnoDZNn4kSxE/gJ4X1BbbCq51BMJcN4UWbl6NKkH+C2uFXeE0NmtQUsC19qhWTKSxxC
32EVgXjFZPC2UrmLTJZaHFjJubB1sk9L9NkjCQRJCz/AYYQdlzZKjoKOiEazKlGIsFvQ9Ic7ZSut
YnZvVUrM8n4YF7iEPeFw5IpGUco5RgeLJorXI0AP8Tf3kND5kvtLpTNnPGIi/7WZQGYzDxcgr2py
FzcvFZ7rOC92ap5XsI8DVeyDISK0SWoiPpgJozFwavdR2bmfTJoCJtCPct0BsWVn/FtR0+WLGasD
rYKfrZQpOsn36vGBeHVXXZuHfDD+Nn3GLRDKk6U400R8RZBI7oisppQenPfRWAd8LWKSV2QGeVhW
i6eu2FQSat8VkbRNN9TniRrYSchixNwkcVIEpTLKC3RlvI20iF1uD3mE30qkFUNngoYJvJ2MnXm1
VtSo9qQXx5IazxsFWDhBOV+4oaoqdri13FDfW7gPsAGqlpsOTuYQbnqxMiOwylpi71nVch7jzHBS
2riFtu3HnGKwZMsQ854M34XOgMOsJh2TOXmf1Pc5C9yK0dkshQxaVMtkaU1UEPAjytdN/jh9sII/
HH7Aj4i2pM0Xrg+Nwg0TwTWFpXPDR8w44TUDHNZW6tngaSvJC9UUk3NHqDCh4r5UJnDy+CFM7qrU
GJHDY1V0EHZHqCdK6WqH8I8+7BA8Ipb757wKw8D0eiyFULuFFihC/yfulu5KOAuqlcLkgyfFvxYQ
coIr51asNBYSIZ95cb8c485MC17Vqc79sLbV0gEjUmyPKwFNM84sGkwckNf4ZKeyntuuB5B31BFK
aT7s4qXZFrMrVoVSOpE4AH0u5VkWSeYSyC0GZjkycJYWA2vOkJu4PHL0vQoRpB/AiHjAgBaorBwI
Gwf4pIksPRsNfJrJtAQiSRomQXmFMQ/QKOdqr5w0cQ/0FktYe+RXHqyA/9zhNa3fEKn4TErlJtUH
H5wNDBzxcH5RNSifP/FywH0eizt07qEzHiDzbBPPDwJapbtVyRfjchrET4JPrNArCO9Vj7hHjs/2
p3vmP4Y7/fGtsdO97e6Y/zD+4WJAxNf5Nn6hyUHj+mbUEaZYXPX6r0WUJ54xqMm6WOHoW0DGspbG
Qw9eDINZc5ZEfF+5SEujXGYoafV0glscwAOuyuFPf7JSYK3yyQbogghnXx1zU8OH4u01JAWPFATk
qwJp8dhSCfpi/q12wm7B8GUyuXOu+ck1PJEBidg+BOZLEcTxdsgvkAKph3AjYs0ILjl+CEbSylZv
7Wyx25xFmS+/OMc/QaR8+td25BdcKwg+VcLPBmuwOPzqxjkYQw2KTyI1QJEG6jWaCPXa8wN+vmQN
mYXah4jn+KRdufZhlS1UAH5emO9nEG+HhLZ4RKY2yeRXj1VY4uhcXzJPFhe0ntzsZzoIApRQhVxN
ztTLcJn9EfCvJ8tfpI87FEx8tkBa+CnmfqfXGcLPH05hSQwdB/4dD9hg2PcG7tBkfcfreOZg6PVG
zBgMHZPattklPwDuPL5mEYQHmsSWlD9hLV/d/YZbP3GLSp+fDfhNfLm2ag2Xt6E+JzGyY3Y6XcMw
cQfC5PCDJio3/spZaQIB5OvTCeYiyjKt4ZWPBuHLuSajBgVwiWm2zhYAb/DrdBpQ+UYx7pcw8DPb
QPBcV87aW3/lwZj6/WcUkT8T34WWb5mgmDhKQ27B4AbNtctvEKMep8skjzlAvBs3c+/Mua+pCZdN
VwVBjldw8z0rhDKW5PwTY7YPE14eqjv8+ef/AWuWznQ=
===END CRASH DUMP===
