PocketMine-MP Crash Dump Wed Jun 2 07:13:26 +07 2021

Error: Undefined index: NuTaVN
File: plugins/SETVIP_v2.3.phar/src/MCPEVN/SetVip
Line: 191
Type: ErrorException

THIS CRASH WAS CAUSED BY A PLUGIN
BAD PLUGIN: SETVIP v2.3

Code:
[182] 				  
[183] 				  unset($all[$name]);
[184] 				  $this->time->setAll($all);
[185] 			  }
[186] 			  
[187] 			  if(!isset($all[$name])) {
[188] 				  unset($all[$name]);
[189] 			  }
[190] 			  
[191] 			  $st = $all[$name]["current-vip"];
[192] 			  
[193] 			  $i = explode(",", $st);
[194] 			  
[195] 			  $date1 = strtotime($i[0]);
[196] 	    $date2 = strtotime(date("y-m-d"));
[197] 	    $date3 = abs($date2 - $date1);
[198] 		$help = $date3/86400;
[199] 		$date4 = intval($help);
[200] 	    
[201] 		if($date4 >= 1) {

Backtrace:
#0 plugins/SETVIP_v2.3.phar/src/MCPEVN/SetVip(191): pocketmine\utils\Utils::errorExceptionHandler(integer 8, string[23] Undefined index: NuTaVN, string[89] phar://C:/Users/Administrator/Desktop/MSAI/plugins/SETVIP_v2.3.phar/src/MCPEVN/S, integer 191, array[3])
#1 plugins/SETVIP_v2.3.phar/src/MCPEVN/SetVip(26): MCPEVN\SetVip->tick()
#2 pmsrc/src/pocketmine/scheduler/TaskHandler(137): MCPEVN\TickTask->onRun(integer 1)
#3 pmsrc/src/pocketmine/scheduler/TaskScheduler(179): pocketmine\scheduler\TaskHandler->run(integer 1)
#4 pmsrc/src/pocketmine/plugin/PluginManager(654): pocketmine\scheduler\TaskScheduler->mainThreadHeartbeat(integer 1)
#5 pmsrc/src/pocketmine/Server(2389): pocketmine\plugin\PluginManager->tickSchedulers(integer 1)
#6 pmsrc/src/pocketmine/Server(2152): pocketmine\Server->tick()
#7 pmsrc/src/pocketmine/Server(1992): pocketmine\Server->tickProcessor()
#8 pmsrc/src/pocketmine/Server(1586): pocketmine\Server->start()
#9 pmsrc/src/pocketmine/PocketMine(291): pocketmine\Server->__construct(object BaseClassLoader, object pocketmine\utils\MainLogger, string[36] C:\Users\Administrator\Desktop\MSAI\, string[44] C:\Users\Administrator\Desktop\MSAI\plugins\)
#10 pmsrc/src/pocketmine/PocketMine(321): pocketmine\server()
#11 pmsrc(11): require(string[91] phar://C:/Users/Administrator/Desktop/MSAI/PocketMine-MP.phar/src/pocketmine/Poc)

PocketMine-MP version: 3.19.1 [Protocol 431]
Git commit: a7cd0810020af15fb3d79127c77cf576085cd4cc
uname -a: Windows NT DESKTOP-KF1VXGB 6.3 build 9600 (Windows Server 2012 R2 Standard Edition) AMD64
PHP Version: 7.3.21
Zend version: 3.3.21
OS : WINNT, win
Composer libraries: 
- adhocore/json-comment 1.1.2@fc2f76979f0a44a5f5bc2a2b600d0762fe0e78e7
- daverandom/callback-validator unknown@unknown
- pocketmine/binaryutils 0.1.13@0abee38d4e2861621f262c79a2a3d699d8a697f4
- pocketmine/callback-validator 1.0.3@64787469766bcaa7e5885242e85c23c25e8c55a2
- pocketmine/classloader 0.1.2@9757928424652393b178a3760073113aa7c9911b
- pocketmine/log 0.2.1@830b44a2cf96ef703c550abe64302f230231ca49
- pocketmine/log-pthreads 0.1.3@e477ecf6ec214fdd4415ea1da3fdd9d73bf699ea
- pocketmine/math 0.2.6@43057cb8c179a9859677b496a788db922fd5cfc3
- pocketmine/nbt 0.2.18@9f82ca4d7f97fcd9a566e44b63c4f18a7657ae82
- pocketmine/pocketmine-mp 3.19.1@a7cd0810020af15fb3d79127c77cf576085cd4cc
- pocketmine/raklib 0.12.11@9cce458b8bfde3e4dfdbf70c659fc7b7fe26b5c4
- pocketmine/snooze 0.1.5@70b5e7937a06878dd321a3182ceb76d56298f2cd
- pocketmine/spl 0.4.2@6b08b7cf8c4afa17139c9a1b3bf1b408531de161

Loaded plugins:
Netherite 1.2.1 by Wertzui123 for API(s) 3.0.0
Farms 1.0-non-alpha by Dấu Tên for API(s) 3.0.0, 4.0.0
BuilderTools 1.2.0-beta2 by CzechPMDevs, VixikCZ for API(s) 3.0.0
OnlineTime 1.3 by Zedstar16 for API(s) 3.0.0
TimeCommander 1.0.2 by TheDeibo for API(s) 3.0.2
SETVIP 2.3 by MCPEVN TEAM for API(s) 3.0.0
reyyogaWtrhit 1.1.6 by reyyogaMnelux for API(s) 3.0.0, 4.0.0
PiggyCustomEnchants 2.4.0 by DaPigGuy for API(s) 3.19.0
Slapper 1.6.1 by jojoe77777 for API(s) 3.13.0
AutoXP 1.1.0 by JackMD for API(s) 3.0.0
TPAll 1.2 by matymare for API(s) 3.0.0
Trident 1.0.0 by brokiem for API(s) 3.15.0
InvSee 1.0.0 by BlockHorizons for API(s) 3.0.0
DevTools 1.14.1 by PocketMine Team for API(s) 3.13.0
Worlds 3.0.7 by survanetwork for API(s) 3.0.0
CustomAlerts 2.1 by EvolSoft for API(s) 3.0.0
AutoInv 0.0.10 by JackNoordhuis for API(s) 3.0.0
NoDrop 1.0.0 by Inaayat for API(s) 3.0.0
PointAPI 1.0.3 by onebone | Fixed and Update by LamPocketVN for API(s) 3.9.0
Broadcaster 1.5 by EvolSoft for API(s) 3.0.0
WorldProtect 2.3.8 by aliuly for API(s) 3.0.0
KeepInventory 1.0 by KhoaGamingPro for API(s) 3.0.0
HideCommands 1.0.7 by Himbeer for API(s) 3.6.0
SocialSpy 2.1.0 by Crafter20162017 for API(s) 3.0.0, 4.0.0
BlocksConverter 2.1.1 by matcracker for API(s) 3.0.0
ec 1 by McLebt for API(s) 3.8.1
Sponges 1.0.0 by  for API(s) 3.0.0
MaxEnchants 1.2.1 by Xenophilicy for API(s) 3.0.0
VanillaEnchantments 4.0.0 by TheAz928 for API(s) 3.0.0, 3.1.0
InvCrashFix 0.0.1 by  for API(s) 3.14.0
PurePerms 1.4.2-c2a by 64FF00 & ProjectInfinity for API(s) 3.0.0
BlazinFly 1.8.7 by iiFlamiinBlaze for API(s) 3.0.0
OffHand 2.0.3 by alvin0319 for API(s) 3.0.0
PM-Beacons 2.0.0 by jasonwynn10 for API(s) 3.0.0
NoTP 1.0.7 by awzaw for API(s) 3.0.0
EconomyAPI 5.7.2 by onebone for API(s) 3.0.0
BlockSniper 3.2.3 by BlockHorizons, Sandertv (@Sandertv), Chris-Prime (@PrimusLV) for API(s) 3.2.0
FactionsPro 1.3.20 by Tethered_ for API(s) 3.0.0
MSpawns 2.2 by EvolSoft for API(s) 3.0.0
FormAPI 1.3.0 by jojoe77777 for API(s) 3.2.0
KygekRanksUI 1.3.0 by Kygekraqmak for API(s) 3.0.0
MultiWorld 1.5.2 by CzechPMDevs, VixikCZ, fuyutsuki, kaliiks for API(s) 3.0.0
EconomyLand 2.1.2 by onebone for API(s) 3.0.0
PiggyShopUI 2.1.1 by DaPigGuy for API(s) 3.2.0
AuctionHouse 1.2.4 by Shock95x for API(s) 3.0.0
BangHoiUI 1 by JVN | JackVnKiller for API(s) 3.0.0
PureChat 1.4.11 by 64FF00 for API(s) 3.0.0
Shield 1.0.0 by JavierLeon9966 for API(s) 3.7.0
HealFeed 2 by JackPlugin for API(s) 3.0.0, 3.1.0, 3.0.7, 4.0.0
cayphattai 2.0.0 by Lettihl for API(s) 3.0.0
CustomItem 1.0.0 by Phuongaz for API(s) 3.0.0
QuestPlugin 3.1 by HmmHmmmmm for API(s) 3.11.0
detu 4.0.0 by CLADevs || GreenJajot for API(s) 3.0.0
luckyblock 1.0.0 by LetTIHL for API(s) 3.0.0
gem 1.0.0 by LetTIHL for API(s) 3.0.0
shopvip 1.0.0 by LetTIHL for API(s) 3.0.0
SizePlayer 1.0.3 by  for API(s) 3.0.0
thoikhong 1.0.0 by  for API(s) 3.0.0
Kho 6 by ItzFabb for API(s) 3.0.0
restart_in 1.0.0 by LetTIHL for API(s) 3.0.0
BuyFix 1 by FPVGAMER for API(s) 3.0.0, 3.7.1, 3.8.1, 3.9.3, 4.0.0
NapThe 1 by phuongaz for API(s) 3.0.0
luyendan 1.0.0 by LetTIHL for API(s) 3.0.0
Buyrank 1.0.0 by LetTIHL for API(s) 3.0.0
LoadWorlds 1.1 by shin for API(s) 3.0.0
MuteTime 1.0.0 by LetTIHL for API(s) 3.0.0
SellExp 3.0.0 by EzMinh, LetTIHL for API(s) 3.0.0
RPG 1.0.0 by LetTIHL for API(s) 3.0.0
BuydetuUI 1 by FurryJaki1992 for API(s) 3.0.0
WarpGUI 1.0.0 by RockPanther for API(s) 3.0.0
TrashGUI 0.0.1 by Phuongaz for API(s) 3.0.0
giftcode 1.0.0 by LetTIHL for API(s) 3.0.0
AcidIsland 3.2.9 by GODSMineVn for API(s) 3.0.0
AutoClearLagg 3.1.0 by Twisted for API(s) 3.0.0
PiggyCrates 2.0.9 by DaPigGuy for API(s) 3.2.0
help 1.0.0 by LetTIHL for API(s) 3.0.0
essentialsTP 1.2.2 by  for API(s) 3.0.0
CustomTags 0.0.1 by DaRealAqua for API(s) 3.0.0
BetterVoting 1.6 by Twisted for API(s) 3.0.0
Joinkit 1.0.0 by LetTIHL for API(s) 3.0.0
NganHang 1 by GreenJajot for API(s) 3.0.0
ScoreHud 3.0.0 by JackMD for API(s) 3.0.0
freeze 2.1.0 by Bavfalcon9 for API(s) 3.0.0
ShopMob 1.0.0 by LetTIHL for API(s) 3.0.0
PureEntitiesX 0.7.0 by milk0417, RevivalPMMP for API(s) 3.19.0
SlapperRotation 1.2.1 by jojoe77777 for API(s) 3.0.0
PHP-Sell 1.2.7 by Muqsit for API(s) 3.0.0-ALPHA9, 3.0.0-ALPHA10, 3.0.0-ALPHA11, 3.0.0-ALPHA12, 3.0.0
TempBanUI 2.3 by SonsaYT for API(s) 3.0.0, 4.0.0
MenuUI 1.0.0 by LetTIHL for API(s) 3.0.0
CmdSnooper 1.0.0 by HotshotHD for API(s) 3.0.0
KitUI 1.3.6 by Infernus101 for API(s) 3.4.0
OreGenerator 2.0.0 by vividmemory, LetTIHL for API(s) 3.0.0
PickaxeFunction 1.0.0 by LetTIHL for API(s) 3.0.0
AntiToolBox 0.1 by NgLamVN for API(s) 3.19.0
MuaPoint 0.1.lpk by LamPocketVN for API(s) 3.9.0
VanishV2 1.16 by superbobby for API(s) 3.0.0
PrisonMine 1.0.0 by LetTIHL for API(s) 3.0.0
level 2.0.0 by LetTIHL for API(s) 3.0.0
AutoSellUI 3.0.0 by LetTIHL for API(s) 3.8.2
capdao 1.0.0 by Nguyễn Công Danh (NCD) for API(s) 3.0.0
Rewards 3.0 by Wertzui123 for API(s) 3.0.0
Item 1.0.0 by LetTIHL for API(s) 3.0.0
UpGrade 1.0.0 by LetTIHL for API(s) 3.0.0

----------------------REPORT THE DATA BELOW THIS LINE-----------------------

===BEGIN CRASH DUMP===
eNrtfWl32ziy6F/Bc3JuO+9ZskjtnpM+cbzE7njRxMpyp9knByRBiW1uzUW2MtP//VUBIAnQji3Z
6tz7oXu6x2IRKFQVCrUBJP+95cVpSPOvC5Zmfhxt7fV2tnI/ZFt7xsA0+2Nz1Bm0Dfhrjne2ikTc
6rXHvV5nOOgMDLM3Gg7hVkCz/ChN43Rr799b+TKBVlv8+ujWYdANUO9shSzL6AxvfYxc5vkRc4kP
v273yEUxpZ8uoI1XBMGxH2CjZE7Tvd3dg73djxmQt7vvhn7kZ3lK8zjdPWTZdR4nu+dX+6e7SVDM
/CjbvTqafjqdfF2Y7W4bu+9mqbN7fjA5+nSxe8XyT34C4ASHkUOs3A/6BEAwyGVsgIhS6sDvX7de
dMjqOLah76s9ksTONcuBF2ZZRe4HmWV9xD97e0yT2AmN3ICl236UsxlLyWiHAPN+NPvV7P5GviPC
qs1o/BvZtAR3SEkLSoHQNKXLX7u/vQLhvDDWEYQ5ADkIkGUJWOvn3HeutzkukyQhdsL/amntZs6c
uQWIZHdKs+tSPEZ3qCCbAhK82/o5jj4UUSU8gyPuroL4qrzaNobjxnxVLWGkmobWz+mdoXr3DyWE
tDvhf85pBOsh3R70ew+PU5HU+jmkfjSdp4y6J4ymuc1o3hi5f//IVyyFVb5tdkdNpgRNlqURJeaj
GjhrDDJ4eBCjbzYGEXfUWR4+iMIYjx9CMUljB8xJnApco4dx9UeD7+DKchCiwDG+H8eE/zyHn9vm
nfVbovn61YkjWFiFk2/H9u/MyclbmrEDsIvZWUxdlu4QCb9n+Z/DnJ7Fsxm2ksu3O/iNHOyBZcCF
a1nayrUsuXShJ6xdy6p69Xpr9JLr1bLE+u08yn7XbLKfCfkKBIZAsG1gq5T9Ufgp25aEjY21rFE9
aOt8UhsRnaxXW7/9ubPFNuJ1nuMOgAjR8asfLeJgwUIW5YDNBf6dfKu8CxCBFyBO7DKk2RiZALZy
8T9C4JYx6mqgIspYvv2SBsGvLyMast9e/YO36mmtXuZzP8OVETLQaZbvBwHvIxv3q8aE/MkhAwXC
AUMF4Hvb/8fPmuO+Iv/mLUcr0TduDjnuNIYcGwrgZZaT10RB86u15RRpCqJsLfzE2vqNox2bTSRd
FYkPONhtEoB4t62tHfgXEQuKxr1mV1UqL12aMwO6gz7mMcpx+6X/a0dyMxbiIkQ2NLWGCIHhlq2w
5Vpbr2SXod6lC12onW3L/i05omxcyvTlnAUJCoJ32R0Nep2OaFHKk9/pQROwxwsKs4w9OBaz06mG
5JelfGE6Za+fX4P5hmn88+8Q5u8Q5u8Q5u8Q5u8Q5n86hNnZmrGIpTTAeAA9HxhtrS8QZsM81Cn6
VrdtjNsGwgs/cCEGGXX7O1t+9tVli609jwYZg6AjjfPYiQFtrwsZ68zHkIQOHbczMjods0M9o+/Z
XXc4NsyhMxw6Xh8y+lHfcXuOA7gLSctnsM3xTUYupuTw6Or99HLSen9sfPry7i0ZtLuEk0DGg06H
bJdNhUYRcEAm+WCSqxxMDE1dcuT66BRekf3zw0EPAyPIxfe2hmBkTWTnG4tczp68httf4wxpOL24
mAKAX9z4EY+gwiSGOfga+HZKU59lKD/qzoHnlO3+nsVRC9rIUMxoG23zjeeY3nAwHo69Du31aN/r
245JTRuIdzvDgemxDhuO2BDQuxQ4ALLjcNeBmMSmznULvK3v4kQDwiK6juKb6I38i8TWE2v7EU2X
fGFA0w6MbXTfdKjNWHfk9pg5GhgD0/DMgekMx9SkXXcwHrsjCqR5PR3VvYMb7U67+2bQG46GPegz
GNgOpUPWH436Zs9kMIdm1zH7bOT0+9RsIMTlHPDlLGkz34yH/eHYHPXM3qBvdsdd2xiOaBe0oTPs
GkYXcDvjsWHYOqYgnnEMZtt4M+p2bJCo6XjjAfOGnS6MjAwPet2O6Znwf13Dob3xHQytJOeOoBRU
9w3rDYfM8QbMMY2e57q9ntFn1HBpFy7G7rBreyAtRnVUIc3nkprBGxi0P3TskQPOj45H/fFgOLR7
4wEdjkauPTZNz+07ntPVUUR2XvIzejP2RiYQ7A49mBPHHdP+YMB6PXvQdXqeMaLDQX9I2agh3Ppn
K0yqhfpmjVWnIEvpNei2kAvQZLwZOw7r9Uf2yPZc1mU913NtkLUz6I89Z2gPPWYO7L7T0KAsiuNv
TIq3/2bYsftsOO4OaWcwGo5cFywi7UIe4jB7OHD7A3M88kzHbSBJAo6hB9oysDsjGwgfOT3qUWNo
dMfOmBo2TIxh94CXruEyY2Bs/VklRnxtXrB8zlI/Z4qhq2E7W7V9M3AOAEKLfB6nGQapn1mafyt8
w+yixaSJj8AurIMOXrOI2gED2wHeC0yfyxKwJNgP7mWxlx+qAIw+0KZUGC2rIkP4MUzuYIWgIb68
mn6+/HB2CKAbZmec+q15nicZuAGwqfPCboOZ2a2x7dY8Af/HNA0zhWFxrTPbaUVgrGgAPkJn+tAq
DEb7BZlaRafDaHSH952t3nNkMA8ti1Mk/zzGOHL0Fg0+S6dxHKiMaeDmZHZaNsu5JVK4O/jGnPnk
/JAtsMMn/9a/PvjXpmbXQeRJCA4ReLMFbTnSZlkNStedaYXsXQ0VyOYywqLAlBfJK8koQF0uXV0e
/2IuRnLGYFMyqBBaVk3DkzW8wrarMAQ8498DcLTgLFmqsK3DGxrfbujCdM4OmW/HDdbNp7KuDd5k
+Wq6/2H6cXJHs2V1pmahKtfUtJvNWRNJG5ke7Z9vat70pHKVNZmy5TKe0c95Oscwr2JAh+tzYLQH
Oiey8XnEguJ205ZGIgcyjNU0ENma+LPZ8qDI8jg8ipw5jXLV4tx3V5+qHqdbNagUOr0rlhp34KKf
zFaJEBLPu9TcC3zCyisH2b0H3S5X3IAmibb4Sog+5YOmV/09/j1mQ/xHl0j36RLJxMhPNjM1Sbsl
E8DhfpHHX9SlKQFNlW7M9y8QOZ8fbmpdCmyQkvKxn8yhQLMrOUALOtkP1OxPXDd8qM4YhLvLkKZs
U6yV+CwrTyDjWH2JTlPf5SlWTb2ENC1+Y2rsNL72WajrXf/pHEh8liXHh8V3XpPyKB+n0eKKqV5b
Ah7h4m0AMfJJnPrfYghyNzQZGlLLEpRYlqjBrMIMxCbN8KwCNVZMr2kS6tIDmTIabswulARgCWfR
iL3uc8j3LJyatN0KB3D7OU4DV+VVAlROcT6GOqNZkS5oxPKbOL3e1MxxnJZ1wwmwrIqQlUyETJXa
HEkbKNt9IRAhk8Lq7wcQxaqsamDd+TXm9WgRB1dA9qZYVUe2rAYdK8zrzc1NmwFNiL+dX5dGHpS9
YeURonIGNLeNe+z8RRyn7rzwN7YMfwekUYnUsmC42I8WwvwLoh5diBfxYRonar4rAI9YldOI0iXd
2FRJdJDm8tHXiL+A4Xx/cqpVJiWoyUIjLI4jZsN/5D/k2L9lLoFAnHxMcBOK2EtyRkOxmD9daEw+
IxKTA1pWghQCRnAANa2PRP5vU7jv0CzXgigVqrPb/2vXljIwpKsaFU9bWdwQTdI4x/3ohqEswY0s
pz3SeaSBXwTLTXEosElLmQgKVknT7vEK54Wfej4LXLX6Vu7j5SnD2iAKb1fjFoTynrEE1jEECHG6
VKSiwxt6rgvl/Tym7yiMOAO8m5KNhtSyNHJWX7snEPrIDFh1GBq4uYYbHvLED20GWqfyNXg6XxKd
Zak0rBhFi65tUXG4ih2fBleJOmk1rOEFm1N2kFIPtMHsGAP4b7jpPNcJXSy48gzoIHSvxO+V6moY
9WUHMUx12rBDjTtNDo07uYGTgu9qzNzzsgOJEcyRTsw6YSlzFKaYo6tfo6rinDFbt6cj4POpBRWO
zbIYVoOcOcvy1dfRVRJHM6YuoRLysBPfmO9eLPt9y5KDrk73Ob29p2aiQh+puH9hUZzM/cB3Nmb1
FZTIyG1dKNHpepS5TzTyg4DKLrjHpzJ5312V2d7diGs6Z/vfxuboHnPQ5TbkiRwvBClgC+KUPaFW
UNK1ex9PIm0Fg5bNIcjSc9cKeid0/q6WGr1nWIjiD2DCsiBAdnBkz79dxzJMipRNmL5TUsN0Re21
zZZjNnZKBr3j406H/BcBl4knFE4jz4/8fGOa+1UMADFlSZXy8wnzyvvKGKXGw70A/eZHx8FSs/8l
TJfEqOmwff84gMDBj7DHxmpDOlb0AJIc5ecqk3zpeXjWSN0ZkRDdod3JJWiw8KNO1xhvLvqUCC0L
SIAF5VY/VtLW89ZbRvGwjKquNbDJTsPW/E6zOLpZRpHR2VyqWqG0LJuTAZNTkbNCnjqdaFnqdPJY
cEhvvtGbjU0IIrOsKM6TJ5dVBUHAzBFwHYdLPW9VgCpj/fawWVqVieSmWKvyUiYo4JmpRs1qkeFV
5Cd3o0IJ1Utdd/ao9ColxDR8WyxfkO035U88/nQwT/2sNUn9kMEd/FtkZ59eaZIw15XE1vlyEsQ8
lLu/vKnwsY7LOKYOniXKMPFSt9draGOztW02fT7fp2fu1+dN9dZ+lPtXCQ1lCii5VCjBzXV+sXLs
BuhuNOtSQnTTYv61ZQg5KJ61K0d/WvnhOE5DfTmWkOYcdVbanzKfYSkrjDArgojqxypT8345Y9cf
aHSdfVT50cCPMMXbpvSPkG6s7qygtCyVljXyhSLIfV4iUdWuBjYKYO2VDnPg43zLIs+Kax9+X9PA
96+zv+SIR4iU8moSsKxS/ZzjHQqi2q+c6TGMCm0m5hvwLKrjWsPLBDym0Wlbbbv9ah4nmmqr0Ecq
D/dur6/vMTTvyOdAQra+u/Eu6NMunr3RLtDsip0Jbr9P4iJj2vaEAm6m0z1dNoDNuR73b5/pbDTZ
qHmesgklR8ItC07fHOnDfQuN2sfDDhrNTmJfU4Ya9kDx5pdPF+Q/BPdkPkXvIWt9biFK8Rb6aij3
5fGwzMp7GpBtHcxp3sg0OaiZaBrGfVnmeuu3zu7u8sXVrAwUtnYa0csXtvBhriZHrarJdxJSJL7+
tYF0lKPB4tccC+tq7UsAHtm/+oUufJaesTgajwf6cbbhY/Iqc8IHz2Go6C1LEFX+Xak4zmhwzJjK
WQXSbNzdbUYhpu/WiXaqrebec4+aTOQjLatqtkOXCcxbTn2FLQX4SFp6xvLcnwcb887JGkVWsX18
mrPwzt42Bz6ib5N5EUcz+m2ze9s48uos/LNgWS6Vo+ZBhepJWsO0nIQh/Av/6AcuHis9Vge9Hjzk
G84Rs2X9UfDSNyfqCVaipHFX5epPJCcvFJ755SP11oOzfYywyH/+Q96ljEW/0N/jzR1NEMhh7vzI
j9dYQUHhXC9tzEcVdhTgI2oIK2h6enK2KTbqgVfnYKatoNnjS2fDNM/WWTIQqCQLXz0eUUJ+LNFy
1DX2hPxv4C7pUj9yWQMfPhuxIar5eGc4Hni+6vcq5AMh/vUcLKZCfQ37Idta1XCrC/39XC304JVK
aeMs82n+7Zja9pNTrTux9Xf358RAGHysc7ImZfyhza+as1CAP3YByIFXJ/9tsdR3nCTggaTgePLp
3f750Yd7I6chd4dij3eHnwPqPjeCEhStztIFTaZz7dEkAXiApWTDYUeJz7LE2OXf1VzXEvDRSHNc
EvSj3ZYYdi1tSml0rasTh/zgZQBDrk41lqrvHD1VgI2Dto3Dp/N7cognkl2PufreCQZ2TrKI2nmc
iOpf3nxsqQL92EkIi1WfwuOemAXB0a0aQpSQ5unfBtVH3yA4nO+QDVMv0FrW0ZfJeg7hw+SdwgRe
/VixJ4tkrQWLQb5eGapgDzmBIk2Xv9BrH9+MsCnSNaRY/aXT4mJOo3Wq359pmrzT+Ckhj0zDBwjP
JzTCnaRN8fOBR/w4/jqPYUCoojNQgR4+AbLx5PlzHAf4FIYYXf5aKXfxvbx8L1KZwJSgH5zFyGFX
l/++47unWaBvDSjA5gbtWKf/3eXhFT7X8CnaZHlYPi8RR0ytnIv9WGBN7MuuwlyRxwcBo+kZnc0a
p/NreKO8ceeE1Y2f5czd1BTlAp04lu8gEQEQIQ7nqzStfeBK4N3PlkERnh/s6viqZxJTmrO7zyIK
aLPONv5LNknue7Tw+88lcsq0i+c/h8jR8O0RfAOVIgx++WNXLA65+mplWcai3KdBph170cDN7Rzz
r0iD1REtqzH+ilXTKZ3dfSKIAx8x/If0A6PB/h8F3dQsuDQFjBQwrjYXrp85ceq2A4bnJGmbFTy6
YHnO0k9x7msVCg3ceK71LzU109LUqBToV6vM1i+xH11rT2eXkB+7VK79NRL9ixnFd7ip81CBHojz
Nl/TrTGukRzgm4BOCm3/qgQ9kh78NQ8Ol6OvzoIHbH9TIyIJeOQhh7d04dEAYoGNHZmsMVqWoGGN
eYBM6Dy2tW1EAfnxdd71NoqPwBznPsu+NHaLa7huY4dNDkI/uO70DNwP/MAW/oIGk/PzycZeP5AK
nEkYAmNJgWtEECZ2g0sy136mSqF1V+e3ftvAhzin/A2rd946UN155AmD75zuek5NXCdgjck+mbSw
cqDOcwlqctE4CHvOj743OWjtn01O9sdyP1heGp3GtdG4NsvrJwsACD7hZ39WzhxZmLzFZFlNHSvY
g68+uYqjjP73dNOPUEm0kDmWZKxxio1FellCAn5wDQsGXWPzu35MTAnj1GfHHqT9JM7BsOUnG/NW
T3+E7b2f66ci+XXzOGRzqybyWBoVmdExNA56z3loqkJpWZyI1WfjMmXv+PsY81idDw38yEkKsJ2+
G7IwTpcbLzCqdFiW/MlWO93nXNNbdlxETsNsN+/84MqjGH2NWgs4I3z5w9tY3YFSobpTbnidi9kZ
DRvPnT/HB0t8lqVQsOpBdsXllmTxYjzlj65rxXgJarDWDpLrxuw88dH6ZulIPjr/0L5DPRKvuvI+
9a9Vn+PL5p/MxsN7HNTYPxk0394BNsmObXu5uXd3lBgtqySi/rXSCkv9LI7O+Wvh68VVA3/wuuID
i3fcrnwAhi2YGgOJ68cPjm2Wbpbl/mwdg1DkMQY+mu9RgI/kevfRP3r6q+ckunXO7SUujbUzexzw
iLpczIolvh/S6UfkAN8P6fWiGTmk0ZxsXxwcvtrUfOA4LDqIoxniBsuGOlGVtR/f2GI3NNX2SEtI
Y1p+5Ps+JQmbeNunRMXroI0DjKscXdzw4vHXOrP4MXmXUm3DpYT8WKqLldNyfKMsTYHWnDVfV1W+
ZZu7LP4C6naSYuTKM+C9rReT6oqANnv+jOBXP6zUil5c0Zyc0yUxTWKYe93xXrdL/l9nSMyOaWCD
MM7d1+eXZ6Te0kGwGKaVxGn+2hgbXROBN3MgthX4Wf66g9c0imKIrPCdJHhAq0Wduc/EN0Ky15Cj
Ih58vKolX4MCQhcdQ3or+2SvzT5CZhSjSpeJ+16cAtYKFnseQkECLpaZyutkkchRXN/zfKcI8uVr
TuisjCNbGR79jWbZawRzm99CfXgdcG9YwTLGXKUJfm/l9eHR8f7HsylCxcy3/ihYupRDSlAKoUVJ
D/5uJzTLbuLUff1/+T8gJLDWrYwumOy48NlNywUZUpDc6xGCbu34toU6KJvAJMwKOmOvWTTDa+2F
xe1liC8sfkFQrYjDp7tIeVGAzzoB4RFNd0ALyHTOMkZKaRCaMpLPGYkjUJl8Djri4GTmxGbEj5yg
cPmXK8gdbUNcV3EIPT1E0MSZUY/tkBj3jDNESeyU0WuyjItU4iK+R2BSfc/nI8B84pdkgiUivmA3
Fbpdl3kUZjQjN3H0U06w+kFTgtIMgVl8efgSKcSPwwi+b+YsIkUyg1UOCNpWhFoskO1ZESEvPs/5
Y5Ekj2GUyCWAQr6ZH2SQ0giUPwei+G1OahDDMMAq/GI5l5fLFr7DyJx/WAIhIWIW6lrO2h7hr6nH
G9m8yN0YFoD8UM8esbbkG+SdIM6Ya21xyvaDIL4huLCAmPJLHWThU/JPVDlsw3WvfPnPHkETxLse
cT2Uffi7qHCJEJgxEApis5dEihLbS7WtbivEvvjsg0DiCORKXZdArCLEj2LFbzqQkNGsSPnyJiB0
myHRIBz2R0EDFNvMX0DbBQ0KRrbloGBoXiF2MSIsGIY2pQVixw8q7MFtPvZFEdogFdCq/WwZOfhV
DYKvrwM9avMGH0FaXLVLTrHZPIXAvoDZg+bZDuEPyRG5+GE97BB8lT4wguaeywYMLsLCIgINwiYC
+RWfXuAJtCyNb33QMAZiAJa45kYVcShbSdCph7qKbVAnd4if/wTiy1PezWVo77jKNDqTbeChgHVj
crFwNlqS0z2OqqmrlCtHWkQRTqeLBipO+CTwlz9nbXLIFvI3Cf3ZHBYzHkzYURefVByUSJoWSS6g
QmAoGMjomeSLTy4sSv6FAVcsCLqIfRfIvp8C1BHUuRgEDdrVVhQNGrdEo0rTwPzzAoJYlO/AEoP2
oP8kAg7rIPRzXNshm1F7mYPEyZUQdYcL188QN+8+xVm78bnkuUbBor1pCUSlkmWcQ88HEsEiMXzf
FKLBWn85pFBymK0ClymZxTBRMS5T1AocaMbJbHHS9kgHuYDRuQkWb/n/X88BBiQP0Y/e9Xn0Z3mc
cBKk+axIkugyAuYD/SPYvZIgHLWkyuiYPUkYNwKf+aqQ9GU/bYBCvi44SWgxiPwIF6x0dsucghvf
WJAsViQ6q6o1u3UgSshqjoThupwe7ZHpyekVOTs9P52S/cnk7PToikyOPhCI894ffdgh0IhML6HV
Efl8cnl2RCYfLg+Orq7aTROgycPsD6Q4Jiz1Y+6Q0RBnyKAzZ9wkc2lUxtYA2UNI4HLbwpu0sIgm
zCxHBfEh8AkGGrQJ+f2esgklg4gPHWCEzeRgHLNAAqa3NuTCI/ExLtGHoJ/nHdp3W6MuyGgapi1h
DoYDQrJIrphX0bfiAdSLJVnNarcjec1e3U+S5LwrOZ/R1IaV0XLiIBCxKDdA90uXLzUkR/YishfY
7pBGBQ8+VEogMCtAB1/tlD6hqYSlGgr36nmAS/Ab1kuwTS6FzRcKD9FDXARuRYsPTuQmIjX9mUCc
cPKB0UGnI3mF0Y65sbjjJLnqCAwVb14ah6WzFb1li5aqmuoMIzdyJu/oBrlHpTTtuCoDRpyyFEZC
NZSK7BZhIqIrEcIReaOFN8r5OsRGsgOnnZNZcgBX4OZhsdN7BAxOGxwfjLAAJcuygqFhyOcwa7My
2kSjhaPVVO2UEyliBBlUtgU12PS7csI8x5kX0XVW0n5AE4T6YRGCj8UXlJAyF8CJJCIrElTUcsX1
IkXJV8xdHYNgO5EU8QFbGAUX4HR71YwdxuJWU6cxNkKrJ/CLxuUSErhkQ5UzHjm0HIqvnKvmBUjh
sQqEjyg9oE4EGAJLgq/Zw0QD+wgOa+6gm5Sn4KccGRvX0S4KEE+slXgfRvWQHlqRfD/ynnQREJrN
40CEmDbNIZPFSJyTnOGH9Yh0Mty2icxH3hWuxWZVsCnc2wt1lspbaFbTZY7Id0jLUCaQTx4fuJWX
xEgXwK12HcfyFBVDSFdwjrkMD/SxMwAlWW1yArEg6NJrHtyRg8nHHegLNNiwvm58F9SexwrCelb4
Wxz/HhmUYXcdkWdcOkrbNtl3wVDNaeDt4itxeZrgMtBhORQMSrDugQqmLMTa7SnI1FTk6BatGoaY
NGgTJOLjJJqUwXadAGIugURhoQo7FkmUtOR1I7s5l6su87+xaj4xLC+nEU+olSEThO1CPRTX2hub
otOrNpnIPgFNZ7wDlZmo1AU+opfSGbIAcwJiy5KARyyYXoYUXx0AI6c4TweBjxUTni/jh9lYlpPz
6UdOaQYsIdt2kRPMz/lU1sOJ5KJd2powL1rYa49Ti1ruMruY7ZUJy8/EwERFhmtzWKr8PpHpaSYS
atTkKIuF45LaYCAyYZwEtoN5DAksamCZp7AyE+UWzKU5JRldlJYSKyBlnQjvKSksEMYraiJgkfWI
32M/EskwLxP9RL7Y8S1qfUpOD8n2l4+nh68Ivr1zDjRA+xsw90kq3isAioH5SwrJS7uOAEETYt6E
Cxu/S/Tl7VmJX+Y2CuQnPhgWi7jThOgDk1zuhjlvcVkdkS5EKeJ4Hh8W7vnesnVb+K6iiBTiFLBu
jOal3QT+xYftyjSAp5CSUtAbJl8yHcVO4CeE9wW1waqeQzGVDONFmZWjS5N+gNviVnlPDJnVFrAs
fKkVkikvcQh9h1UE4hWTwdtK5S4yWWpxYCXnwtbJPi3RZ48kECQt/ACHEXZc2ig5CjoiGs2qRCHC
bkHTH+6UrbSK2b1VKTHL+2Fc4BL2hMORKxpFKecYHSyaKF6PAD3E39xDQucP3F8qnTnjERP5r80E
Mpt5uAB5VZO7uHmp8FzHebFT87yCfRyoYh8MEaFNUhPxwUwYjYFTu4/Kzv1k0hQwgX6U6w6ILTvj
34qaLl/MWB1oFfxl5Zmik/yUOR+IV3fVtXnIB+PPamfcAqE8WYozTcRXBInkjshqSunBeR+NdcDX
IiZ5QWaQh2W1eOqKTSWh9l0RSdt0Q32eqIGdhCxGzE0SJ0VQKqO8QFfG20iL2OX2kEf4rURaMXQm
aJjA28nYmVdrRY1qT3pxLKnxvFGAhROU84XHZatih1vLDfW9hc9ZNEDVctPByRzCTS9WZgRWWUvs
zlQt5zHODCeljcfi2n7MKQZLtgwx78nwaFgGHGY16ZjMyfukvs9Z4FaMzmYpZNCiWiZLa6KCgB9R
vm7yx+mDFXx5eIkfEW1Jmy9cHxqFGyaCawpL54aPmHHCawY4rK3Us8HTVpIXqikm545QYULFfalM
4OTxQ5jcVakxIofHqugg7I5QT5TS1Q7hX6XbIfj5Nu6f8yoMA9PrsRRC7RZaoAj9n7hbuivhLKhW
CpO7Sop/LSDkBFfOrVhpLCRCPvPifjnGnZkWvKpTnfthbaulA0ak2B5XAppmnFk0mDggr/HJTmU9
t10PIO+oI5TSfNjFS7MtZlesCqV0InEA+lzKsyySzCWQWwzMcmTgLC0G1pwhN3F55Oh7FSJIP4AR
scGAFqisHAgbB/ikiSw9Gw18msm0BCJJGiZBeYUxD9Ao52qvnDRxD/QWS1h75FcerID/3OE1rd8Q
qfheSeUm1Y0PzgYGjvhNHlE1KPefeDngPo/FHTr30BkPkHm2ie8DA1qlu1XJF+NyGsRPgjtW6BWE
96pH3CPHZ/vTPfMfw53++NbY6d52d8x/GP9wMSDi63wbvxzgoHF9PeoIUyyuev1XIsoTewxqsi5W
OPoWkLGspfHQgxfDYNacJRHfVy7S0iiXGUpa7U5wiwN4wFU5fPcnKwXWKnc2QBdEOPvimJsaPhRv
ryEpeKQgIF8VSIvHlkrQF/NvtRN2C4Yvk8mdc833tXkiAxKxfQjMlyKI4+2QXyAFUg/hRsSaEVxy
/BCMpJWt3trZYrc5izJfvjWXvw9b+fSv7cgvuFYQ3FXCzwZrsDj86sY5GEMNijuRGqBIA/UaTYR6
7fkBf8N+DZmF2oeI5/jIonLtwypbqAD8vDDfGhcnvkNbbJGpTTL51WMVljg61x+YJ4sLWk9u9jMd
BAFKqEKuJmfqZbjM/gj415PlL9LHJ35M3FsgLfwUc7/T6wzh58tTWBJDx4F/xwM2GPa9gTs0Wd/x
Op45GHq9ETMGQ8ektm12yUvAncfXLILwQJPYkvId1vLhg2/4Hhc8p9XnL777Jr5cW7WGy9tQn5MY
2TE7na5hmHhOenJ4qYnKjb9yVppAAPn6dIK5iLJMa3jlo0H4cq7JqEEBXGKarbMFwBv8dqsGVL5R
jI/qGfiZbSB4ritn7a2/8mBM/f4zisifie9Cy+cjUUwcpSGfB+UGzbXLbxCjHqfLJI85QLwwaube
mXNfUxMum64Kghyv4OZ7VghlLMn5F8ZslxNeHqo7/Pnn/wcgfM6f
===END CRASH DUMP===
