PocketMine-MP Crash Dump Wed Jun 2 01:56:36 +07 2021

Error: Undefined index: NuTaVN
File: plugins/SETVIP_v2.3.phar/src/MCPEVN/SetVip
Line: 191
Type: ErrorException

THIS CRASH WAS CAUSED BY A PLUGIN
BAD PLUGIN: SETVIP v2.3

Code:
[182] 				  
[183] 				  unset($all[$name]);
[184] 				  $this->time->setAll($all);
[185] 			  }
[186] 			  
[187] 			  if(!isset($all[$name])) {
[188] 				  unset($all[$name]);
[189] 			  }
[190] 			  
[191] 			  $st = $all[$name]["current-vip"];
[192] 			  
[193] 			  $i = explode(",", $st);
[194] 			  
[195] 			  $date1 = strtotime($i[0]);
[196] 	    $date2 = strtotime(date("y-m-d"));
[197] 	    $date3 = abs($date2 - $date1);
[198] 		$help = $date3/86400;
[199] 		$date4 = intval($help);
[200] 	    
[201] 		if($date4 >= 1) {

Backtrace:
#0 plugins/SETVIP_v2.3.phar/src/MCPEVN/SetVip(191): pocketmine\utils\Utils::errorExceptionHandler(integer 8, string[23] Undefined index: NuTaVN, string[89] phar://C:/Users/Administrator/Desktop/MSAI/plugins/SETVIP_v2.3.phar/src/MCPEVN/S, integer 191, array[3])
#1 plugins/SETVIP_v2.3.phar/src/MCPEVN/SetVip(26): MCPEVN\SetVip->tick()
#2 pmsrc/src/pocketmine/scheduler/TaskHandler(137): MCPEVN\TickTask->onRun(integer 1)
#3 pmsrc/src/pocketmine/scheduler/TaskScheduler(179): pocketmine\scheduler\TaskHandler->run(integer 1)
#4 pmsrc/src/pocketmine/plugin/PluginManager(654): pocketmine\scheduler\TaskScheduler->mainThreadHeartbeat(integer 1)
#5 pmsrc/src/pocketmine/Server(2389): pocketmine\plugin\PluginManager->tickSchedulers(integer 1)
#6 pmsrc/src/pocketmine/Server(2152): pocketmine\Server->tick()
#7 pmsrc/src/pocketmine/Server(1992): pocketmine\Server->tickProcessor()
#8 pmsrc/src/pocketmine/Server(1586): pocketmine\Server->start()
#9 pmsrc/src/pocketmine/PocketMine(291): pocketmine\Server->__construct(object BaseClassLoader, object pocketmine\utils\MainLogger, string[36] C:\Users\Administrator\Desktop\MSAI\, string[44] C:\Users\Administrator\Desktop\MSAI\plugins\)
#10 pmsrc/src/pocketmine/PocketMine(321): pocketmine\server()
#11 pmsrc(11): require(string[91] phar://C:/Users/Administrator/Desktop/MSAI/PocketMine-MP.phar/src/pocketmine/Poc)

PocketMine-MP version: 3.19.1 [Protocol 431]
Git commit: a7cd0810020af15fb3d79127c77cf576085cd4cc
uname -a: Windows NT DESKTOP-KF1VXGB 6.3 build 9600 (Windows Server 2012 R2 Standard Edition) AMD64
PHP Version: 7.3.21
Zend version: 3.3.21
OS : WINNT, win
Composer libraries: 
- adhocore/json-comment 1.1.2@fc2f76979f0a44a5f5bc2a2b600d0762fe0e78e7
- daverandom/callback-validator unknown@unknown
- pocketmine/binaryutils 0.1.13@0abee38d4e2861621f262c79a2a3d699d8a697f4
- pocketmine/callback-validator 1.0.3@64787469766bcaa7e5885242e85c23c25e8c55a2
- pocketmine/classloader 0.1.2@9757928424652393b178a3760073113aa7c9911b
- pocketmine/log 0.2.1@830b44a2cf96ef703c550abe64302f230231ca49
- pocketmine/log-pthreads 0.1.3@e477ecf6ec214fdd4415ea1da3fdd9d73bf699ea
- pocketmine/math 0.2.6@43057cb8c179a9859677b496a788db922fd5cfc3
- pocketmine/nbt 0.2.18@9f82ca4d7f97fcd9a566e44b63c4f18a7657ae82
- pocketmine/pocketmine-mp 3.19.1@a7cd0810020af15fb3d79127c77cf576085cd4cc
- pocketmine/raklib 0.12.11@9cce458b8bfde3e4dfdbf70c659fc7b7fe26b5c4
- pocketmine/snooze 0.1.5@70b5e7937a06878dd321a3182ceb76d56298f2cd
- pocketmine/spl 0.4.2@6b08b7cf8c4afa17139c9a1b3bf1b408531de161

Loaded plugins:
MSpawns 2.2 by EvolSoft for API(s) 3.0.0
Slapper 1.6.1 by jojoe77777 for API(s) 3.13.0
BlazinFly 1.8.7 by iiFlamiinBlaze for API(s) 3.0.0
Broadcaster 1.5 by EvolSoft for API(s) 3.0.0
NoDrop 1.0.0 by Inaayat for API(s) 3.0.0
MaxEnchants 1.2.1 by Xenophilicy for API(s) 3.0.0
FactionsPro 1.3.20 by Tethered_ for API(s) 3.0.0
EconomyAPI 5.7.2 by onebone for API(s) 3.0.0
Worlds 3.0.7 by survanetwork for API(s) 3.0.0
KeepInventory 1.0 by KhoaGamingPro for API(s) 3.0.0
NoTP 1.0.7 by awzaw for API(s) 3.0.0
BuilderTools 1.2.0-beta2 by CzechPMDevs, VixikCZ for API(s) 3.0.0
HideCommands 1.0.7 by Himbeer for API(s) 3.6.0
Trident 1.0.0 by brokiem for API(s) 3.15.0
VanillaEnchantments 4.0.0 by TheAz928 for API(s) 3.0.0, 3.1.0
AutoXP 1.1.0 by JackMD for API(s) 3.0.0
OffHand 2.0.3 by alvin0319 for API(s) 3.0.0
ec 1 by McLebt for API(s) 3.8.1
PiggyShopUI 2.1.1 by DaPigGuy for API(s) 3.2.0
MultiWorld 1.5.2 by CzechPMDevs, VixikCZ, fuyutsuki, kaliiks for API(s) 3.0.0
TimeCommander 1.0.2 by TheDeibo for API(s) 3.0.2
BlocksConverter 2.1.1 by matcracker for API(s) 3.0.0
SocialSpy 2.1.0 by Crafter20162017 for API(s) 3.0.0, 4.0.0
WorldProtect 2.3.8 by aliuly for API(s) 3.0.0
DevTools 1.14.1 by PocketMine Team for API(s) 3.13.0
CustomAlerts 2.1 by EvolSoft for API(s) 3.0.0
OnlineTime 1.3 by Zedstar16 for API(s) 3.0.0
Farms 1.0-non-alpha by Dấu Tên for API(s) 3.0.0, 4.0.0
PointAPI 1.0.3 by onebone | Fixed and Update by LamPocketVN for API(s) 3.9.0
PurePerms 1.4.2-c2a by 64FF00 & ProjectInfinity for API(s) 3.0.0
Sponges 1.0.0 by  for API(s) 3.0.0
reyyogaWtrhit 1.1.6 by reyyogaMnelux for API(s) 3.0.0, 4.0.0
SETVIP 2.3 by MCPEVN TEAM for API(s) 3.0.0
EconomyLand 2.1.2 by onebone for API(s) 3.0.0
BlockSniper 3.2.3 by BlockHorizons, Sandertv (@Sandertv), Chris-Prime (@PrimusLV) for API(s) 3.2.0
Shield 1.0.0 by JavierLeon9966 for API(s) 3.7.0
InvSee 1.0.0 by BlockHorizons for API(s) 3.0.0
FormAPI 1.3.0 by jojoe77777 for API(s) 3.2.0
AutoInv 0.0.10 by JackNoordhuis for API(s) 3.0.0
PM-Beacons 2.0.0 by jasonwynn10 for API(s) 3.0.0
TPAll 1.2 by matymare for API(s) 3.0.0
PureChat 1.4.11 by 64FF00 for API(s) 3.0.0
Netherite 1.2.1 by Wertzui123 for API(s) 3.0.0
KygekRanksUI 1.3.0 by Kygekraqmak for API(s) 3.0.0
PiggyCustomEnchants 2.4.0 by DaPigGuy for API(s) 3.19.0
InvCrashFix 0.0.1 by  for API(s) 3.14.0
AuctionHouse 1.2.4 by Shock95x for API(s) 3.0.0
BangHoiUI 1 by JVN | JackVnKiller for API(s) 3.0.0
SizePlayer 1.0.3 by  for API(s) 3.0.0
WarpGUI 1.0.0 by RockPanther for API(s) 3.0.0
shopvip 1.0.0 by LetTIHL for API(s) 3.0.0
VanishV2 1.16 by superbobby for API(s) 3.0.0
OreGenerator 2.0.0 by vividmemory, LetTIHL for API(s) 3.0.0
PHP-Sell 1.2.7 by Muqsit for API(s) 3.0.0-ALPHA9, 3.0.0-ALPHA10, 3.0.0-ALPHA11, 3.0.0-ALPHA12, 3.0.0
giftcode 1.0.0 by LetTIHL for API(s) 3.0.0
luyendan 1.0.0 by LetTIHL for API(s) 3.0.0
LoadWorlds 1.1 by shin for API(s) 3.0.0
TempBanUI 2.3 by SonsaYT for API(s) 3.0.0, 4.0.0
RPG 1.0.0 by LetTIHL for API(s) 3.0.0
BetterVoting 1.6 by Twisted for API(s) 3.0.0
Item 1.0.0 by LetTIHL for API(s) 3.0.0
MuteTime 1.0.0 by LetTIHL for API(s) 3.0.0
SellExp 3.0.0 by EzMinh, LetTIHL for API(s) 3.0.0
ScoreHud 3.0.0 by JackMD for API(s) 3.0.0
BuyFix 1 by FPVGAMER for API(s) 3.0.0, 3.7.1, 3.8.1, 3.9.3, 4.0.0
gem 1.0.0 by LetTIHL for API(s) 3.0.0
Kho 6 by ItzFabb for API(s) 3.0.0
Joinkit 1.0.0 by LetTIHL for API(s) 3.0.0
essentialsTP 1.2.2 by  for API(s) 3.0.0
PrisonMine 1.0.0 by LetTIHL for API(s) 3.0.0
PureEntitiesX 0.7.0 by milk0417, RevivalPMMP for API(s) 3.19.0
AntiToolBox 0.1 by NgLamVN for API(s) 3.19.0
NganHang 1 by GreenJajot for API(s) 3.0.0
AutoClearLagg 3.1.0 by Twisted for API(s) 3.0.0
capdao 1.0.0 by Nguyễn Công Danh (NCD) for API(s) 3.0.0
BuydetuUI 1 by FurryJaki1992 for API(s) 3.0.0
Rewards 3.0 by Wertzui123 for API(s) 3.0.0
AcidIsland 3.2.9 by GODSMineVn for API(s) 3.0.0
PickaxeFunction 1.0.0 by LetTIHL for API(s) 3.0.0
AutoSellUI 3.0.0 by LetTIHL for API(s) 3.8.2
luckyblock 1.0.0 by LetTIHL for API(s) 3.0.0
UpGrade 1.0.0 by LetTIHL for API(s) 3.0.0
TrashGUI 0.0.1 by Phuongaz for API(s) 3.0.0
SlapperRotation 1.2.1 by jojoe77777 for API(s) 3.0.0
cayphattai 2.0.0 by Lettihl for API(s) 3.0.0
MuaPoint 0.1.lpk by LamPocketVN for API(s) 3.9.0
help 1.0.0 by LetTIHL for API(s) 3.0.0
NapThe 1 by phuongaz for API(s) 3.0.0
thoikhong 1.0.0 by  for API(s) 3.0.0
KitUI 1.3.6 by Infernus101 for API(s) 3.4.0
level 2.0.0 by LetTIHL for API(s) 3.0.0
CmdSnooper 1.0.0 by HotshotHD for API(s) 3.0.0
restart_in 1.0.0 by LetTIHL for API(s) 3.0.0
ShopMob 1.0.0 by LetTIHL for API(s) 3.0.0
PiggyCrates 2.0.9 by DaPigGuy for API(s) 3.2.0
detu 4.0.0 by CLADevs || GreenJajot for API(s) 3.0.0
CustomItem 1.0.0 by Phuongaz for API(s) 3.0.0
Buyrank 1.0.0 by LetTIHL for API(s) 3.0.0
QuestPlugin 3.1 by HmmHmmmmm for API(s) 3.11.0
freeze 2.1.0 by Bavfalcon9 for API(s) 3.0.0
HealFeed 2 by JackPlugin for API(s) 3.0.0, 3.1.0, 3.0.7, 4.0.0
MenuUI 1.0.0 by LetTIHL for API(s) 3.0.0
CustomTags 0.0.1 by DaRealAqua for API(s) 3.0.0

----------------------REPORT THE DATA BELOW THIS LINE-----------------------

===BEGIN CRASH DUMP===
eNrtfWt327ay6F/BdbJOnXstWaTe3itdcW0nTmsn2rHyOLvsyoJIUELNV/mQrezd/35nAJAEaMeW
bNXnfGh3uy0OgcHMYDAvgOS/d/w4DWn+dcnSjMfRzkFvbyfnIds5sAa23R92h+NBu9+Dn3CjSOSt
ftsadkbD4bjb7Xdsazzc2wlolp+kaZzuHPx7J18l0GpHXJ9cuwy6Aeq9nZBlGZ3jrY+Rx3weMY9w
+HV9QN4VU/rpHbTxiyB4zQNslCxoerC/f3Sw/zED8vYPvZBHPMtTmsfp/jHLLvM42T+/OHy7nwTF
nEfZ/sXJ9NPbydel3e62sft+lrr750eTk0/v9i9Y/oknAE5wGDXE2v2gTwAEg1zGFogopS78/nXn
WYesj2MX+r44IEnsXrIceGGOU+Q8yBznI/45OGCGxE5p5AUs3eVRzuYsJaM9AszzaP6r3f2NfEeE
VZvR+DeybQnukZIWlAKhaUpXv3Z/ewHCeWZtIgh7AHKQIMeRsNaPOXcvdwUumyQhdsL/amntZ+6C
eQWIZH9Ks8tSPFZ3qCGbAhK82/oxjj4UUSU8SyDuroP4orzatYbjxnxVLWGkmobWj+mNoXq3DyWF
tD8Rf85pBOsh3R30e3ePU5HU+jGkPJouUka9U0bTfMZo3hi5f/vIFyyFVb5rd0dNpiRNjmMQJeej
GjhrDDK4exCrbzcGkXf0WR7eicIaj+9CMUljF8xJnEpco7tx9UeD7+DKchCixDG+HcdE/DyHn7v2
jfVbovn61Y0jWFiFm+/Gs9+Zm5OfaMaOwC5mZzH1WLpHFPyW5X8Oc3oWz+fYSi3f7uA3cnQAlgEX
ruMYK9dx1NKFnrB2Hafq1ett0EutV8eR67dzL/tdu8l+JuUrEVgSwa6FrVL2R8FTtqsIG1sbWaN6
0Nb5pDYiJlkvdn77c2+HbcXrPMYdABGy41ceLeNgyUIW5YDNA/7dfKe8CxCJFyBu7DGk2RrZAHZy
+T9C4JY16hqgIspYvvucBsGvzyMast9e/EO06hmtnucLnuHKCBnoNMsPg0D0UY37VWNC/hSQgQYR
gKEG4P7u/+FZc9wX5N+i5Wgt+sbNIcedxpBjSwM8z3LykmhofnV23CJNQZStJU+cnd8E2rHdRNLV
kXDAwa6TAMS76+zswb+IWFI07jW76lJ57tGcWdAd9DGPUY67z/mvHcXNWIqLENXQNhoiBIZbtcKW
5+y8UF2GZpcudKGzbFf1b6kRVeNSps8XLEhQEKLL/mjQ63Rki1Ke4k4PmoA9XlKYZewhsNidTjWk
uCzlC9Opev34Esw3TOOff4cwf4cwf4cwf4cwf4cw/9MhzN7OnEUspQHGA+j5wGgbfYGwGcxDnaLv
dNvWuG0hvOCBBzHIqNvf2+HZV48tdw58GmQMgo40zmM3BrS9LmSsc44hCR26XmdkdTp2h/pW3591
veHYsofucOj6/eGgM+q7Xs91AXehaPkMtjm+ysi7KTk+ufhl+n7S+uW19enLm5/IoN0lggQyHnQ6
ZLdsKjWKgAOyyQebXORgYmjqkROPo1N4QQ7Pjwc9DIwgFz/YGYKRtZGdbyzyBHvqGm5/jTOk4e27
d1MAiIsrHokIKkximIOvAZ+lNOUsQ/lRbwE8p2z/9yyOWtBGhWJW22rbr3zX9oeD8XDsd2ivR/t+
f+ba1J4B8V5nOLB91mHDERsCeo8CB0B2HO67EJPMqHvZAm/LPZxoQFhEl1F8Fb1Sf5HYemJnPKLp
SiwMaNqBsa3uqw6dMdYdeT1mjwbWwLZ8e2C7wzG1adcbjMfeiAJpfs9EdevgVrvT7r4a9IajYQ/6
DAYzl9Ih649GfbtnM5hDu+vafTZy+31qNxDicg7Ecla02a/Gw/5wbI96dm/Qt7vj7swajmgXtKEz
7FpWF3C747FlzUxMQTwXGOy29WrU7cxAorbrjwfMH3a6MDIyPOh1O7Zvw/91LZf2xjcwtJJcOIJS
UN1XrDccMtcfMNe2er7n9XpWn1HLo124GHvD7swHaTFqogppvlDUDF7BoP2hOxu54PzoeNQfD4bD
WW88oMPRyJuNbdv3+q7vdk0U0Swv+Rm9GvsjGwj2hj7MieuNaX8wYL3ebNB1e741osNBf0jZqCHc
+mcrTKqF+mqDVachS+kl6LaUC9BkvRq7Luv1R7PRzPdYl/U835uBrN1Bf+y7w9nQZ/Zg1ncbGpRF
cfyNKfH2Xw07sz4bjrtD2hmMhiPPA4tIu5CHuGw2HHj9gT0e+bbrNZAkgcDQA20ZzDqjGRA+cnvU
p9bQ6o7dMbVmMDHWrAe8dC2PWQNr588qMRJr8/wioVfypzItJWRvp7ZtdhtlSot8EacZhqcnkFJd
xH6OlpImHEFd0P8OXrOIzgIGNgO8Fpg8jyVgQbAX3Mugz7EOwKijHhQ9SDk6LgfMzqaHH6Yf0d5e
sVnGcyRxkedJBhb/6uqqzYASxNrOLzGAvghokrBU46eE6PxY7YEw1RpHv8e/x2yI/xg8Wd2HM5XJ
kaUbrjmavL+Yfn7/4ez4Vp7AJSyKWRus5H5N0n7JBHD4U0C/8eh1sNJ4rGEml6P20OSS89cBDTmP
sAfb1uyZWB2nIkf7eR//grUUWrg0y40J1KEme/2/Vim1gYERg4qHKee7+DiNE401BTC5QooNvt5G
lK7o1thS6BxHjr6eeiL55/T6JHIXNMoNe6FBTUbs5hr7wqI4WfCAu6ttMaOhREYqUoyLdZh7TV0M
gzKI/zXmdKjJHERDjWmasnzBUuZ9fRxvO4dRzsEKhjhmzahGieOoi3Un7gRyiDhcHU7eaqxpQJ2z
fnvYNPZxxGbw37amTKFzHCYpAJyOY1BzL0Of4zTwdCVUAJ0RpLFh/bIiXdKI5VdxerktbgROx7kS
BDhORchaxl454rZA0gbK9p9JRMjkL4wlb6MlxMpxqht7E96wHSbDvyxi+gYsczRXyrQNjg2kjmOQ
s74xeRdPJ4YlnE5u2MHG9NGrb/RqW1wIZI4TxXnyYActCULHhfkWS6dxHOhaaYCbtrHTmrGcNpba
0TfmLibnx2yJHT7xa3559K9tsewi8iSEfBQUdSZpy5E28G4mpZsKQiN730AFsjnlHjuCnI9Gxoo1
wPdM/CkPIU1LDTkMHi4Hhc5xdBrWVALZtQ0sAGvTFBBgKltxVULu8eizNL7kLDQjzf7DOVL4HEeN
7ziT85qUe9fiJxrxIKDKXWJ2rs/UbXd1/no3+Zsu2OE3SF5vaO4eMvpwPpeSFMc5ilP2AD0t6dq/
jScQxGGRx190s6QA5nTeMLM/U/fy/Hhby1Ricxw59oONk0SzrzgA5t77PpaVNe5KiJnqddrdht0N
ljzqdK3x1mxvidBxgASYAa/6sY66Mlfjgbnm7Jikn7tnbGZGziOISh+apQpsELhEYODcBcvy9f3d
hM/nq4tFnHzUgzAdas6C1Qyejyk0flOYkbO9cXRpBFrnRZBzBdFizXIoMCM1fcbFA/SxRLqvodkX
aQUSIeImPauogY2cr72Wy8QzS6siz4pLDr8vacD5ZfaXONIQKRVRGyiDTvVjnKiGCP0MD0s/ZWTG
Jrzpc+wbNvmY8VkzDLQfKgRj8OY6uC0xlsWL2L3MjmKIF9NGlt+4c89qCGnupmDhGlHBIya1xohV
C4MYx5FbLeus84vY5TS4SPSIvYY1uWo4kqOU+jCe3bEG8N/wFvfZe5Tehh4WHkVN6ij0LuTvtRMu
CPdzPDvRSLtKsMkbGNqmF+FFsNqeC0FsKu9KJAXrKOEt6+684KnPWeDpleJyzzlPGdaxseyzb3AL
QoGV2oz4K1AjYug19bfeTCJTRsOt1RxLAnBTbtkI59eUR03afoUDuD0qsjwODwNYETrHBrih3n9t
eU4fGfTZpONhBbr3EZ4fmorztHWUVAMbJSCTv38xDzd9rcG2GKwQQnRU0fDgeLDCtq8xJApfaZgZ
JS+8bjiTVhRHLRokC9oISpzCYrRfkKlTdDqMRts2WYsQq11AkfqzVqgV8yg3i10VqOkku7eWush/
yGt+zTwCzo18TPCYDpmtyBkN5eL49M7gc7yFYliCFIpSmEbrPd50UqRswszpq2Emq7223XLtxvQN
eq9fdzrkvwhYNTxD8DbyecTzrVnpr3IA4KmkSvv5AB0WfZVlrvGg103iaM50OZSQuzPxrZXUl6t+
33HUoOtnBSlbreI5/ZynC647VhPeTD8H5iyqxucRC4rrbS9AhRzIsNZnSx2p1GajPGNphAiNXE2c
tCLTk8PzrW0rGifBNiiVn5mJsg5thnBbKJbrSdkGhfNAJM4mbffvsWFoexHx5Gb0raBmEf3GNImm
p3HKv8Vin/ZCJAD5kuy+Kn/isZ2jRcqz1iQFLwN38G+RnX168cjs9Xw1CeJcS1UNalTgLvnYKGhf
YPyn66sE3FPG+5kuOUvPWByNxwPT7Q/vm/Ky9nJnIUhHD1osiCr/rsMX2KULpscyCnAPX+YUb2s3
1ZwpSckmk/Q6TkPTq5eQ5s5cZ62tffvhvNQYISyRRFQ/1mEFi3IggEahESE6KyDstnVLqfFdHKfe
ouBbm5rfAWlUInUcGA5CkKWsQEqi7o+5zls/MYpnFfVYpAY2S4zNKaJZHF2tosjqbI+pCqXjzAQZ
YB8qcu7laDo5DPTjf/K6sYtzoyixCmnKtliSEPgcJ09oEGxQbITY6GhB80ZcKEDNsNCybosJN/Nf
dSx202SLcl+5e72z19hS/8KWPC6yyUmravKd8BGJr39tIXgUaHAnUuzbi271dmQFu+dIw2fwd98K
btndbU16jdFxKjIenPXV2PZrnnBzeTVnlx9odJkZ9WgDfI9ZFW1T+kdIt7aZrqF0HJ2WDevsshhw
y2GV2+6apqnXZPPWurv1iJSvUV03qbkV+Ohqu4luX4UGRynNFpDnmvFBBb3hir6bOVm9R9i44g/g
wnHA4bg4ss+vNwkKDgthNU7BhjDDnWrg5hLumRN8sYDAZNy/fuSxHWNjRZejdlZEjYQuVtC3QPrQ
zxrU3h/D02h+GnNj5dawO7bDfob86j8EY4hP0S88CB5bPdciMDOFKSNYTL7WThr5N7DPdGWe3qyB
d5dutmSBxHhnOB7E2dXvtUrkNE3eGFNSQu6Jtj+AUkxgXS62t5eBKB0Hx19f/KCcyZLrpxNLyD30
n7F8+vb0bGsHquSo6xOOe/nZ4pPdOLIgQI3KyaB5HgzyxFk8m622dxqsxOg4JRH1r3W4eZ+yN+LR
kzzW14EBvieYXvIl90IWxulqj2x5dnQ6HEf9XMtoTU4nrQtmhNQVqGmhG+d/zoWPaLLQOjybnB6O
xZmS6tLqNK6txrVdXj/YQgDBp6Lysq6Czrmfl88WK84r0NOurXLY9WkPihVgoZFGewV6WtrLYden
HaOIGydFNWDDODRsw4JH2yK9HnP9OB7DOTdZRu08TkQ6ysIEfLzhYGrYnYXVC8iq6H9Pt10ZVmgd
pyJj/an5MHmj8YFXT6tMyXIDB/MTy3OWfopzHs31iEsHN54uaRy9uOJZzrxtEa/QYTWjpsC8Wqs4
mLNQD/3x8mlnAWgJN3j8oMibW7MV6GnpDot8AxOKDuPkWg+sSkjzuHqD6pNv5zxabN2FS7SOc/Jl
gqewNmAEH+I8LYw6eQm6h5W/5oRkOfoGS7lYmQmvAtyRM72efHpzeH7y4dazrMO2jC9G6u9Y2N5H
mVVJ0QbRhbGK50++iOebrOFfFvrTNXilE9swm2/zb6/pbPbgrbQbafh3t2/lQLizssl6+Dnm0aWx
bVtCnnYGLvkG51BZlrEo5zTIjOcvDHAzHLf/ikxbH9FxGuPfn02kPIujc/G2nzqfqIFPHE6IgeWr
Czap0Z8Ayzln2ZdGob6Gm0W4YZOPkAeXnZ6F+dIHBnkfDSbn55OtlSpTiTMJQ1gWCRDGFGGyEF+S
ufERM43WfZNfLOnBBZ46+ynWDbUONYXSsNfv5mc0bBzQeYwMFD7H0ShYt0KpsVyShRsOc4rv4NFj
yQp0hyN6g+L/mf4eb+0EXY1xfbXFPcGjgNH0jM7njQ3MGm6GAzfOuW45IM7LgBh3Ll0kIgAi5P6l
TtPGj4tIvIfZKijC86N9Ex8Iw6WJR3WPpgD3WJ9382KFB+fcfkSO8OCc34vm5JhGC7L77uj4xbbk
guOw6CiO5ogblJYtWfA2C9Y9KlKsPJYXZpm5gt0VMhVpuvqZXnJ81862mDGQ4lF7Oi3eLTZMO9kV
TY1yQAlpxK9PucmnSNjGFp9CJTZ4Dl3uqbnWVmkNbB7zGTeszfvjC/Skn6Jt7ouos8VxxPTnTeSp
HhCAPN2z1i6fe0mv2esiEjsnxg6feeeJAwE5+mbmFNNBY5FpwHvyqtvIHz38mQ6FbpPyoHu5muHJ
HqNAWAGfukRYDrw+Bx+TNyk1arMl5GlpLzZIPKaY05h7TRXo7l3bncmiAHdAv23NkEFAhI+dytHV
r7WKCfKNJh/inDZWcPPOPScwvnO66zGFTZOA9efFpatkQfOcciMkqID37NuARuV8EWztKbUk36S4
RsW5c6O4pkCNcLsdJJcNwh94Lr7pG9S597sMVD2SCAFEn/rXOpzimzk1LsXl0y51HHKDFyXQZLow
ziZJwB3xV7LlRV7icxw5dvl3HfKBKH65iI1sp4Y9yen8argN6lQ8N89FievmgahmvSryWRoVmdWx
DMn3HvNgQYXScQQRG/hmjPZ1tyyu77dB2y2MsCzn8w0CIu25RO0hM/1hxTuX6mmcZ4s4P91arfnh
z0wi6zTNv/LIeLCjAj6t0VEDb1DtX8TJeTwzDsVLyNOfB9n0+B+eSbh57E9Cmwtg/Jc8Zn/bKb7v
HwEUlBkXjz/yJ9CITBATdk0Y4vKeF3gcnR3ic+jkP/8h2y87KeQwqTzaKL6S8mzsW2rAexRz27Fv
PfJGG1ApjS7NioqAPLE5gCHXp/qfBViPiXphfkW5Dm0U/BpGOQzhX/jHLMre9yKY6tWNdz4fGi4Q
s+P8UYj3cQiiHrB6Shr3da6AdR/U/5sefinAPU/y/0SXPg0gvN3aS1NqjI4jaVh//k4ZDV4zpleC
KpDByM1dWyWJ773IZ696z1rvsTu6E/W28LVTFhaZtUkFeOKzADDophZsSuc3H6EXwHuy92P6Aabt
8I+Cbot8j6aAkQLG9ZjweObGqdeGYJJGnLZZId8oS1PgJWfNlxuUb9kWS1i8gLqdpBhAiW2jg51n
k+qKHMWRz+cEv/rhpE707ILm5JyuiG0Tyz7ojg+6XfL/OkNid2wLG4Rx7r08f39G6qImguUwrSRO
85fW2OraCLxaAPmtgGf5yw5e0yiKi8jF9zzg+d4WdRecyW+EZC/BJSEefBFtS71aAmZEdgzpteqT
vbT7CJlTPGrpMXnfj1PAWsFi30coSMDDswrldbJM1Cge933uFkG+eikInZeHK1sZVgOiefYSwSJ2
b6G+vAzE6dIKlsEa1prg91ZeHp+8Pvx4NkWo1IkWGMd0pYZUoBRMSUkP/m4nNMuuYG5f/l/xDwip
yONWRpdMdVxydtUCBcgpSO7lCEHXs/i6hQqqmsAkzAs6Zy8ZZFtwbbywuL0K8YXFzwgqGnHFdBep
qLGIWScgPGLoDmgBgTwzY6SUBgF9JfmCkTgClckXoCMuTmZOZozwyA0KT3y5gtzQNsR1EYfQ00cE
TZwZ9dkeifEUdoYoyQwWxiVZxUWqcBHuE5hU7nMxAswnfkkmWCHid+yqQrfvMZ/CjGbkKo5+yAn6
MJoSlGYIzOLLw1dIIX4cRvJ9tWARKZJ5Sj1A0HYi1GKJ7MCJCHn2eSGe3SF5DKNEHgEU6s38IANw
5aD8ORAlbgtSgxiGAVbhF8uFvDy25C4jC/FhCYSEiFmqazlrB0S8ph5vZIsi92JYAOpDPQfE2VFv
kHeDOGOesyMoOwyC+IrgwgJiyi91kCWn5J+octhG6F75QpUDgsZJdD0Reqj6iDct4BIhMGMgFMQ2
WxElSmyv1La6rRH77DMHgcQRyJV6HoFUR4ofxYrfdCAho1mRiuVNQOgzhkSDcBjYvQDFNudLaLuk
QcHIrhoUDM0LxC5HhAXD0Ka0QOz4QYUDuC3GfleEM5AKaNVhtopc/KoGwReMgh61RYOPIC2h2iWn
2GyRxmCBYPagebZHxGtsiFr8sB72CL5KHxhBXyBkAyYYYWERgQZhE4n8Qkwv8ARalsbXHDSMgRiA
JaG5UUUcylYR9NZHXcU2qJN7hOc/gPjyVHSD7AA/JoEq0+hMdoGHAtaNLcQi2GgpTg8EqqauUqEc
aRFFOJ0eGqg4EZMg3j6ZtQnkAeo3Cfl8AYsZ68d7+uJTioMSSdMiySVUCgwFEwJtii8xubAoxRcG
PLkg6DLmHpB9OwWoI6hzMQgatKutKRo0bslGlaaB+Ren6uWifAOWGLQHPSuRcFgHIc9xbYdsTmcr
SMDa5EKKuiOEyzPELbpPcdauuJC80ChYtFctiahUskxw6HMgESwSw5esIhoM/8ohpZLDbBW4TMk8
homKcZmiVuBAc0FmS5B2QDrIBYwuTLB8y///eg4wVLmLfvSuj6Mf4q9EkKDMZ0WSQpcRMB/oH8Hu
lQThqCVVVsfuKcKEEfgsVoWiL/thCxSKdSFIQotB1Ee4YKWza+YWwvjGkmS5ItFZVa3ZtQtRQlZz
JA3X++nJAZmevr0gZ2/P307J4WRy9vbkgkxOPhCI/H45+bBHoBGZvodWJ+Tz6fuzEzL58P7o5OKi
3TQBhjzs/kCJY8JSHguHjIY4QwbdBRMmWUijMrYWyB5CAk/YFtGkhRUMaWYFKogPgU8w0KBNyO/3
lE0qGUR86AAjbKYGE5glEjC9tSGXHkmM8R59CPp50aF9szXqgoqzYdoS5mI4ICWL5Mp5lX0rHkC9
WJLVrHY7itfsxe0kKc67ivM5TWewMlpuHAQyFhUG6HbpiqWG5KheRPUC2x3SqBDBh04JBGYF6OCL
vdInNJWwVEPpXn0fcEl+w3oJtsl7afOlwkP0EBeBV9HCwYlcRaSmP5OIE0E+MDrodBSvMNprYSxu
OEmhOhJDxZufxmHpbGVv1aKlq6Y+w8iNmskbukFuUSlDOy7KgBGnLIWRUA2VIntFmMjoSoZwRN1o
4Y1yvo6xkeogaBdklhzAFbh5WOz0FgGD0wbHByMsQcmyrGBoGPIFzNq8jDbRaOFoNVV75UTKGEEF
lW1JDTb9rpwwz3EXRXSZlbQf0QShPCxC8LH4ohdS5gI4kURmRZKKWq64XpQoxYq5qWMQbCeKIjFg
C6PgApxur5qx41jeauo0xkZo9SR+2bhcQhKXaqhzJiKHlkvx/a3VvAApIlaB8BGlB9TJAENiSfC1
kJhoYB/JYc0ddFPylPyUI2PjOtpFAeLJsRLv3aju0kMnUm+wP1AuAkKzRRzIEHNGc8hkMRIXJGf4
YT2inIywbTLzUXela5mxKtiU7u2ZPkvlLTSr6SpH5HukZWkTKCZPDNzKS2KUCxBWu45jRYqKIaQn
OcdcRgT62BmAiqw2OYVYEHTppQjuyNHk4x70BRpmsL6uuAdqL2IFaT0r/C2B/4AMyrC7jsgzIR2t
bZscemCoFjTw9/GFbyJN8BjosBoKBiVYCUEF0xZi7fY0ZHoqcnKNVg1DTBq0CRLxcRJNymC7TgAx
l0Ci8MAWdiySKGmp60Z2c65WXca/sWo+MSwvpxGPTpchE4TtUj0019ob27LTizaZqD4BTeeiA1WZ
qNIFMaKf0jmyAHMCYsuSQEQsmF6GFJ8ah5FTnKejgGPFROTL+GE2luXkfPpRUJoBS8j2rMgJ5udi
KuvhZHLRLm1NmBct7HUgqEUt99ismB+UCcuPxMJERYVrC1iq4j5R6WkmE2rU5CiLpeNS2mAhMmmc
JLajRQwJLGpgmaewMhMVFsyjOSUZXZaWEisgZZ0I72kpLBAmam0yYFH1iN9jHslkWJSJfiBfZvE1
an1K3h6T3S8f3x6/IPi22QXQAO2vwNwnqXwPCigG5i8pJC/tOgIETYhFEyFsfBXjl5/OSvwqt9Eg
P4jBsFgknCZEH5jkCjcseIvL6ohyIVoRx/fFsHCP+6vWdcE9TREpxClg3RjNS7sJ/MsP25VpgEgh
FaWgN0y9QjGK3YAnRPQFtcGqnksxlQzjZZmVo0tTfkDY4lZ5Tw6Z1RawLHzpFZKpKHFIfYdVBOKV
kyHaKuUuMlVqcWEl59LWqT4t2eeAJBAkLXmAw0g7rmyUGgUdEY3mVaIQYbeg6Q/3ylZGxezWqpSc
5cMwLnAJ+9LhqBWNolRzjA4WTZSoR4Ae4m/hIaHzB+Evtc6C8YjJ/HfGJLIZ83EBiqqmcHGLUuGF
jotip+F5Jfs4UMU+GCJCm6Qm8oOZMBoDp3YblZ3byaQpYAL9KNcdEFt2xr8VNV2xmLE60CrEqzgz
TSfFaW8xkKju6mvzWAwmjgNmwgKhPFmKM03kVwSJ4o6oakrpwUUfg3XA1yI2eUbmkIdltXjqik0l
ofZNESnbdEW5SNTATkIWI+cmiZMiKJVRXaArE22URewKeygi/FairBg6EzRM4O1U7CyqtbJGdaC8
OJbURN4owdIJqvnCR0arYodXyw31vYXPiDdA1XIzwckCwk0/1mYEVllL7q9VLRcxzowgpY3PkrR5
LCgGS7YKMe/J8KRdBhxmNemYzKn7pL4vWBBWjM7nKWTQslqmSmuygoAfUb5s8ifogxX8/vg9fkS0
pWy+dH1oFK6YDK4pLJ0rMWImCK8ZELC2Vs8GT1tJXqqmnJwbQoUJlfeVMoGTxw9hClelx4gCHuui
g7A7Qj3RSld7RLyId4/g92OEf86rMAxMr89SCLVbaIEi9H/ybumupLOgRilMbTlp/rWAkBNcubBi
pbFQCMXMy/vlGDdmWvKqT3XOw9pWKweMSLE9rgQ0zTizaDBxQFHjU53Kem67HkDd0UcopXm3i1dm
W86uXBVa6UThAPS5kmdZJFkooLAYmOWowFlZDKw5Q27iiciR+xUiSD+AEbnBgBaorBxIGwf4lIks
PRsNOM1UWgKRJA2ToLzCmAdoVHN1UE6avAd6iyWsA/KrCFbAf+6JmtZviFR+Uapyk/rGh2ADA0f8
VoysGpT7T6IccJvHEg5deOhMBMgi28TPFQCtyt3q5MtxBQ3yJ8EdK/QK0nvVIx6Q12eH0wP7H8O9
/vja2uted/fsf1j/8DAgEut8F9/G7qJxfTnqSFMsr3r9FzLKk3sMerIuVzj6FpCxqqWJ0EMUw2DW
3BWR31cu0tIolxlKWu1OCIsDeMBVuWL3JysF1ip3NkAXZDj77LUwNWIo0d5AUohIQUK+apCWiC21
oC8W32on7BoMX6aSO/dSPN8hEhmQyIxDYL6SQZxoh/wCKZB6SDci14zkUuCHYCStbPXO3g67zlmU
cfXaRvFVHe3TvzNXfcG1guCuEn422IDF4VcvzsEYGlDciTQARRro12gi9GufB+KLEDVkHhofIl7g
yXLtmsMqW+oA/Lyw2POXj0mGM7lFpjfJ1FePdVjimlx/YL4qLhg9hdnPTBAEKKEOuZic6ZfhKvsj
EF9PVr9IH/f0bdxbIC38FHO/0+sM4efzt7Akhq4L/44HbDDs+wNvaLO+63d8ezD0eyNmDYauTWcz
u0ueA+48vmQRhAeGxFZU7LCW51G+4euc8NUmffHOs2/yy7VVa7i8Ds05iZEdu9PpWpaNB+Mmx+8N
UXnxV8FKEwggbk4nmIsoy4yGFxwNwpdzQ0YNCuAS02yTLQBe4YsLDaD2jWI8oGfhZ7aB4IWpnLW3
/iqCMf37zygiPpffhVbPKaKYBEpLPRElDJo3K79BjHqcrpI8FgB50Gnu3ZhzbqiJkE1XB0GOVwjz
PS+kMpbk/AtjtvcTUR6qO/z55/8H+27OnA==
===END CRASH DUMP===
