PocketMine-MP Crash Dump Wed Jun 2 06:11:20 +07 2021

Error: Undefined index: NuTaVN
File: plugins/SETVIP_v2.3.phar/src/MCPEVN/SetVip
Line: 191
Type: ErrorException

THIS CRASH WAS CAUSED BY A PLUGIN
BAD PLUGIN: SETVIP v2.3

Code:
[182] 				  
[183] 				  unset($all[$name]);
[184] 				  $this->time->setAll($all);
[185] 			  }
[186] 			  
[187] 			  if(!isset($all[$name])) {
[188] 				  unset($all[$name]);
[189] 			  }
[190] 			  
[191] 			  $st = $all[$name]["current-vip"];
[192] 			  
[193] 			  $i = explode(",", $st);
[194] 			  
[195] 			  $date1 = strtotime($i[0]);
[196] 	    $date2 = strtotime(date("y-m-d"));
[197] 	    $date3 = abs($date2 - $date1);
[198] 		$help = $date3/86400;
[199] 		$date4 = intval($help);
[200] 	    
[201] 		if($date4 >= 1) {

Backtrace:
#0 plugins/SETVIP_v2.3.phar/src/MCPEVN/SetVip(191): pocketmine\utils\Utils::errorExceptionHandler(integer 8, string[23] Undefined index: NuTaVN, string[89] phar://C:/Users/Administrator/Desktop/MSAI/plugins/SETVIP_v2.3.phar/src/MCPEVN/S, integer 191, array[3])
#1 plugins/SETVIP_v2.3.phar/src/MCPEVN/SetVip(26): MCPEVN\SetVip->tick()
#2 pmsrc/src/pocketmine/scheduler/TaskHandler(137): MCPEVN\TickTask->onRun(integer 1)
#3 pmsrc/src/pocketmine/scheduler/TaskScheduler(179): pocketmine\scheduler\TaskHandler->run(integer 1)
#4 pmsrc/src/pocketmine/plugin/PluginManager(654): pocketmine\scheduler\TaskScheduler->mainThreadHeartbeat(integer 1)
#5 pmsrc/src/pocketmine/Server(2389): pocketmine\plugin\PluginManager->tickSchedulers(integer 1)
#6 pmsrc/src/pocketmine/Server(2152): pocketmine\Server->tick()
#7 pmsrc/src/pocketmine/Server(1992): pocketmine\Server->tickProcessor()
#8 pmsrc/src/pocketmine/Server(1586): pocketmine\Server->start()
#9 pmsrc/src/pocketmine/PocketMine(291): pocketmine\Server->__construct(object BaseClassLoader, object pocketmine\utils\MainLogger, string[36] C:\Users\Administrator\Desktop\MSAI\, string[44] C:\Users\Administrator\Desktop\MSAI\plugins\)
#10 pmsrc/src/pocketmine/PocketMine(321): pocketmine\server()
#11 pmsrc(11): require(string[91] phar://C:/Users/Administrator/Desktop/MSAI/PocketMine-MP.phar/src/pocketmine/Poc)

PocketMine-MP version: 3.19.1 [Protocol 431]
Git commit: a7cd0810020af15fb3d79127c77cf576085cd4cc
uname -a: Windows NT DESKTOP-KF1VXGB 6.3 build 9600 (Windows Server 2012 R2 Standard Edition) AMD64
PHP Version: 7.3.21
Zend version: 3.3.21
OS : WINNT, win
Composer libraries: 
- adhocore/json-comment 1.1.2@fc2f76979f0a44a5f5bc2a2b600d0762fe0e78e7
- daverandom/callback-validator unknown@unknown
- pocketmine/binaryutils 0.1.13@0abee38d4e2861621f262c79a2a3d699d8a697f4
- pocketmine/callback-validator 1.0.3@64787469766bcaa7e5885242e85c23c25e8c55a2
- pocketmine/classloader 0.1.2@9757928424652393b178a3760073113aa7c9911b
- pocketmine/log 0.2.1@830b44a2cf96ef703c550abe64302f230231ca49
- pocketmine/log-pthreads 0.1.3@e477ecf6ec214fdd4415ea1da3fdd9d73bf699ea
- pocketmine/math 0.2.6@43057cb8c179a9859677b496a788db922fd5cfc3
- pocketmine/nbt 0.2.18@9f82ca4d7f97fcd9a566e44b63c4f18a7657ae82
- pocketmine/pocketmine-mp 3.19.1@a7cd0810020af15fb3d79127c77cf576085cd4cc
- pocketmine/raklib 0.12.11@9cce458b8bfde3e4dfdbf70c659fc7b7fe26b5c4
- pocketmine/snooze 0.1.5@70b5e7937a06878dd321a3182ceb76d56298f2cd
- pocketmine/spl 0.4.2@6b08b7cf8c4afa17139c9a1b3bf1b408531de161

Loaded plugins:
NoDrop 1.0.0 by Inaayat for API(s) 3.0.0
Netherite 1.2.1 by Wertzui123 for API(s) 3.0.0
AutoInv 0.0.10 by JackNoordhuis for API(s) 3.0.0
SocialSpy 2.1.0 by Crafter20162017 for API(s) 3.0.0, 4.0.0
PM-Beacons 2.0.0 by jasonwynn10 for API(s) 3.0.0
Broadcaster 1.5 by EvolSoft for API(s) 3.0.0
EconomyAPI 5.7.2 by onebone for API(s) 3.0.0
TPAll 1.2 by matymare for API(s) 3.0.0
FactionsPro 1.3.20 by Tethered_ for API(s) 3.0.0
Worlds 3.0.7 by survanetwork for API(s) 3.0.0
MSpawns 2.2 by EvolSoft for API(s) 3.0.0
FormAPI 1.3.0 by jojoe77777 for API(s) 3.2.0
PointAPI 1.0.3 by onebone | Fixed and Update by LamPocketVN for API(s) 3.9.0
Sponges 1.0.0 by  for API(s) 3.0.0
Farms 1.0-non-alpha by Dấu Tên for API(s) 3.0.0, 4.0.0
AutoXP 1.1.0 by JackMD for API(s) 3.0.0
OnlineTime 1.3 by Zedstar16 for API(s) 3.0.0
TimeCommander 1.0.2 by TheDeibo for API(s) 3.0.2
InvSee 1.0.0 by BlockHorizons for API(s) 3.0.0
OffHand 2.0.3 by alvin0319 for API(s) 3.0.0
reyyogaWtrhit 1.1.6 by reyyogaMnelux for API(s) 3.0.0, 4.0.0
PiggyShopUI 2.1.1 by DaPigGuy for API(s) 3.2.0
NoTP 1.0.7 by awzaw for API(s) 3.0.0
DevTools 1.14.1 by PocketMine Team for API(s) 3.13.0
BuilderTools 1.2.0-beta2 by CzechPMDevs, VixikCZ for API(s) 3.0.0
KeepInventory 1.0 by KhoaGamingPro for API(s) 3.0.0
MaxEnchants 1.2.1 by Xenophilicy for API(s) 3.0.0
CustomAlerts 2.1 by EvolSoft for API(s) 3.0.0
WorldProtect 2.3.8 by aliuly for API(s) 3.0.0
Slapper 1.6.1 by jojoe77777 for API(s) 3.13.0
EconomyLand 2.1.2 by onebone for API(s) 3.0.0
BlazinFly 1.8.7 by iiFlamiinBlaze for API(s) 3.0.0
BlocksConverter 2.1.1 by matcracker for API(s) 3.0.0
ec 1 by McLebt for API(s) 3.8.1
InvCrashFix 0.0.1 by  for API(s) 3.14.0
BangHoiUI 1 by JVN | JackVnKiller for API(s) 3.0.0
Shield 1.0.0 by JavierLeon9966 for API(s) 3.7.0
SETVIP 2.3 by MCPEVN TEAM for API(s) 3.0.0
PurePerms 1.4.2-c2a by 64FF00 & ProjectInfinity for API(s) 3.0.0
PiggyCustomEnchants 2.4.0 by DaPigGuy for API(s) 3.19.0
MultiWorld 1.5.2 by CzechPMDevs, VixikCZ, fuyutsuki, kaliiks for API(s) 3.0.0
KygekRanksUI 1.3.0 by Kygekraqmak for API(s) 3.0.0
HideCommands 1.0.7 by Himbeer for API(s) 3.6.0
VanillaEnchantments 4.0.0 by TheAz928 for API(s) 3.0.0, 3.1.0
AuctionHouse 1.2.4 by Shock95x for API(s) 3.0.0
BlockSniper 3.2.3 by BlockHorizons, Sandertv (@Sandertv), Chris-Prime (@PrimusLV) for API(s) 3.2.0
Trident 1.0.0 by brokiem for API(s) 3.15.0
PureChat 1.4.11 by 64FF00 for API(s) 3.0.0
AntiToolBox 0.1 by NgLamVN for API(s) 3.19.0
NapThe 1 by phuongaz for API(s) 3.0.0
help 1.0.0 by LetTIHL for API(s) 3.0.0
Kho 6 by ItzFabb for API(s) 3.0.0
level 2.0.0 by LetTIHL for API(s) 3.0.0
AcidIsland 3.2.9 by GODSMineVn for API(s) 3.0.0
MenuUI 1.0.0 by LetTIHL for API(s) 3.0.0
HealFeed 2 by JackPlugin for API(s) 3.0.0, 3.1.0, 3.0.7, 4.0.0
RPG 1.0.0 by LetTIHL for API(s) 3.0.0
MuaPoint 0.1.lpk by LamPocketVN for API(s) 3.9.0
ScoreHud 3.0.0 by JackMD for API(s) 3.0.0
AutoSellUI 3.0.0 by LetTIHL for API(s) 3.8.2
giftcode 1.0.0 by LetTIHL for API(s) 3.0.0
TrashGUI 0.0.1 by Phuongaz for API(s) 3.0.0
SlapperRotation 1.2.1 by jojoe77777 for API(s) 3.0.0
Rewards 3.0 by Wertzui123 for API(s) 3.0.0
Joinkit 1.0.0 by LetTIHL for API(s) 3.0.0
QuestPlugin 3.1 by HmmHmmmmm for API(s) 3.11.0
thoikhong 1.0.0 by  for API(s) 3.0.0
CustomItem 1.0.0 by Phuongaz for API(s) 3.0.0
LoadWorlds 1.1 by shin for API(s) 3.0.0
Item 1.0.0 by LetTIHL for API(s) 3.0.0
CmdSnooper 1.0.0 by HotshotHD for API(s) 3.0.0
BuydetuUI 1 by FurryJaki1992 for API(s) 3.0.0
OreGenerator 2.0.0 by vividmemory, LetTIHL for API(s) 3.0.0
WarpGUI 1.0.0 by RockPanther for API(s) 3.0.0
PureEntitiesX 0.7.0 by milk0417, RevivalPMMP for API(s) 3.19.0
BuyFix 1 by FPVGAMER for API(s) 3.0.0, 3.7.1, 3.8.1, 3.9.3, 4.0.0
ShopMob 1.0.0 by LetTIHL for API(s) 3.0.0
BetterVoting 1.6 by Twisted for API(s) 3.0.0
CustomTags 0.0.1 by DaRealAqua for API(s) 3.0.0
luckyblock 1.0.0 by LetTIHL for API(s) 3.0.0
shopvip 1.0.0 by LetTIHL for API(s) 3.0.0
essentialsTP 1.2.2 by  for API(s) 3.0.0
capdao 1.0.0 by Nguyễn Công Danh (NCD) for API(s) 3.0.0
VanishV2 1.16 by superbobby for API(s) 3.0.0
SizePlayer 1.0.3 by  for API(s) 3.0.0
KitUI 1.3.6 by Infernus101 for API(s) 3.4.0
TempBanUI 2.3 by SonsaYT for API(s) 3.0.0, 4.0.0
freeze 2.1.0 by Bavfalcon9 for API(s) 3.0.0
PrisonMine 1.0.0 by LetTIHL for API(s) 3.0.0
detu 4.0.0 by CLADevs || GreenJajot for API(s) 3.0.0
restart_in 1.0.0 by LetTIHL for API(s) 3.0.0
UpGrade 1.0.0 by LetTIHL for API(s) 3.0.0
Buyrank 1.0.0 by LetTIHL for API(s) 3.0.0
NganHang 1 by GreenJajot for API(s) 3.0.0
PickaxeFunction 1.0.0 by LetTIHL for API(s) 3.0.0
PHP-Sell 1.2.7 by Muqsit for API(s) 3.0.0-ALPHA9, 3.0.0-ALPHA10, 3.0.0-ALPHA11, 3.0.0-ALPHA12, 3.0.0
gem 1.0.0 by LetTIHL for API(s) 3.0.0
luyendan 1.0.0 by LetTIHL for API(s) 3.0.0
PiggyCrates 2.0.9 by DaPigGuy for API(s) 3.2.0
AutoClearLagg 3.1.0 by Twisted for API(s) 3.0.0
MuteTime 1.0.0 by LetTIHL for API(s) 3.0.0
SellExp 3.0.0 by EzMinh, LetTIHL for API(s) 3.0.0
cayphattai 2.0.0 by Lettihl for API(s) 3.0.0

----------------------REPORT THE DATA BELOW THIS LINE-----------------------

===BEGIN CRASH DUMP===
eNrtPWt327aSfwXr5GydXUsWqbfvSU8cP2K3dqwbK4+9ZU8OSIISa77Kh2zltv99ZwCQBGjHlmzV
ux/a216LQ2AwMxjMCyD57y0vTkOaf12wNPPjaGuvt7OV+yHb2jMGptkfjTujTrsLP8z+zlaRiFv9
dm8wNIejTqc7GJsDc7izFdAsP0rTON3a+/dWvkyg1Ra/PrpxGHQD1DtbIcsyOsNbHyOXeX7EXOLD
r5s98r6Y0k/voY1XBMGxH2CjZE7Tvd3dg73djxmQt7vvhn7kZ3lK8zjdPWTZVR4nu+eX+6e7SVDM
/CjbvTyafjqdfF2Y7W4bu+9mqbN7fjA5+vR+95Lln/wEwAkOI4dYuR/0CYBgkMvYABGl1IHfv2y9
6JDVcWxD31d7JImdK5YDL8yyitwPMsv6iH/29pgmsRMauQFLt/0oZzOWktEOAeb9aPaL2f2VfEeE
VZvR+FeyaQnukJIWlAKhaUqXv3R/fQXCeWGsIwhzAHIQIMsSsNaPue9cbXNcJklC7IT/1dLazZw5
cwsQye6UZleleIzuUEE2BSR4t/VjHH0ookp4BkfcXQXxZXm1bQzHjfmqWsJINQ2tH9NbQ/XuHkoI
aXfC/5zTCNZDuj3o9+4fpyKp9WNI/Wg6Txl1TxhNc5vRvDFy/+6RL1kKq3zb7I6aTAmaLEsjSsxH
NXDWGGRw/yBG32wMIu6oszy8F4UxHt+HYpLGDpiTOBW4Rvfj6o8G38GV5SBEgWN8N44J/3kOP7fN
W+u3RPP1qxNHsLAKJ9+O7d+Yk5O3NGMHYBezs5i6LN0hEn7H8j+HOT2LZzNsJZdvd/ArOdgDy4AL
17K0lWtZculCT1i7llX16vXW6CXXq2WJ9dt5kP2u2WQ/E/IVCAyBYNvAVin7vfBTti0JGxtrWaN6
0Nb5pDYiOlmvtn79c2eLbcTrPMUdABGi41c/WsTBgoUsygGbC/w7+VZ5FyACL0Cc2GVIszEyAWzl
4n+EwC1j1NVARZSxfPslDYJfXkY0ZL+++gdv1dNavcznfoYrI2Sg0yzfDwLeRzbuV40J+ZNDBgqE
A4YKwPe2/8PPmuO+Iv/mLUcr0TduDjnuNIYcGwrgZZaT10RB84u15RRpCqJsLfzE2vqVox2bTSRd
FYkPONhNEoB4t62tHfgXEQuKxr1mV1UqL12aMwO6gz7mMcpx+6X/S0dyMxbiIkQ2NLWGCIHhlq2w
5Vpbr2SXod6lC12onW3L/i05omxcyvTlnAUJCoJ32R0Nep2OaFHKk9/pQROwxwsKs4w9OBaz06mG
5JelfGE6Za8fX4P5hmn88+8Q5u8Q5u8Q5u8Q5u8Q5v86hNnZmrGIpTTAeAA9HxhtrS8QZsM81Cn6
VrdtjNsGwgs/cCEGGXUhO/ezry5bbO15NMgYBB1pnMdODGh7XchYZz6GJHTouJ2R0emYHeoZfc/u
usOxYQ6d4dDx+sNBZ9R33J7jAO5C0vIZbHN8nZH3U3J4dPnz9GLS+vnY+PTl3VsyaHcJJ4GMB50O
2S6bCo0i4IBM8sEklzmYGJq65Mj10Sm8Ivvnh4MeBkaQi+9tDcHImsjONxa5nD15Dbe/xhnScPr+
/RQA/OLaj3gEFSYxzMHXwLdTmvosQ/lRdw48p2z3tyyOWtBGhmJG22ibbzzH9IaD8XDsdWivR/te
33ZMatpAvNsZDkyPddhwxIaA3qXAAZAdh7sOxCQ2da5a4G19FycaEBbRVRRfR2/kXyS2nljbj2i6
5AsDmnZgbKP7pkNtxrojt8fM0cAYmIZnDkxnOKYm7bqD8dgdUSDN6+mo7hzcaHfa3TeD3nA07EGf
wcB2KB2y/mjUN3smgzk0u47ZZyOn36dmAyEu54AvZ0mb+WY87A/H5qhn9gZ9szvu2sZwRLugDZ1h
1zC6gNsZjw3D1jEF8YxjMNvGm1G3Y4NETccbD5g37HRhZGR40Ot2TM+E/+saDu2Nb2FoJTl3BKWg
um9Ybzhkjjdgjmn0PNft9Yw+o4ZLu3Axdodd2wNpMaqjCmk+l9QM3sCg/aFjjxxwfnQ86o8Hw6Hd
Gw/ocDRy7bFpem7f8ZyujiKy85Kf0ZuxNzKBYHfowZw47pj2BwPW69mDrtPzjBEdDvpDykYN4dY/
W2FSLdQ3a6w6BVlKr0C3hVyAJuPN2HFYrz+yR7bnsi7ruZ5rg6ydQX/sOUN76DFzYPedhgZlURx/
Y1K8/TfDjt1nw3F3SDuD0XDkumARaRfyEIfZw4HbH5jjkWc6bgNJEnAMPdCWgd0Z2UD4yOlRjxpD
ozt2xtSwYWIMuwe8dA2XGQNj688qMeJr8318mMaJYuUkYGertmyo2R2A0CKfx2mG4elpROmS5mgo
aeIjpMsbwTWLqB0wMBngtMDiuSwBA4Kd4F4We/mhCsCgA0aQ6CxLjC4cF2ZzsCTQ8l5cTj9ffDg7
BNA1szM/R0oxXn7P8jlL+XXNQQXTmTC5dVaY+MzS/FvhG2Z3U3zUGIGVkozVuJnneZKBFwOXMC/s
NljJ3Rrbbs0TML1f5PFptFBYLiEqw8BG22hM209gtN7HcerOCz/bFNO/AdKoRGpZMFwMKTcECRVR
D07jZez4NLhMlgpPNUzlCiaxqYsHKfVyloJjG8B/w1ts7Wz1nsKeE7q4WhMMmQ9C91L8XoWryXnr
LaMYv6lRRA3U+bq1xn6j4C6vl1FkdDY3VRVKy7I5GZZVk/MgR29TaOHQLGepwpIK1ZdcX+foaBEH
l0DapthRBgY2NCokK5fT/Q/Tj5M7V9r19XWbAUWIvZ1fIX9HIIg4XO5PThX2FKDKXb89bJs6f3HE
bPhvU+xJdJbFBAWA07I0ah6csOlkP1BjWHHdsIs6E+C0lyFNN8ZFic+y8gTiptVt+zF1MDDNICNT
OFChOh8QnzZW0JRbTeZ+fRovW/tR7l8mNMQxa8YUSixLXqzK2+c4DVzVLEiAyhFSOtQZyop0QSOW
X8fp1abmh+O0rGtOgGVVhKzkrWQk0eZI2kDZ7guBCJk8B5lda8avhOiWz/xrrYQcFLPTcvTHWYfj
OA1101BCmorYtOTxbzEb4j8aT+YTDHmFEVRPEFH9WMk1gYvOdV4qUDP0695p5Mgf5Ni/YS6BfIx8
TLCSSewlOYNVwiPUT+81XscbMIMJUsiNoELrPVPJI4skjmZM1cEScn+Eu7HAdrHs9y1LDrqO8UvD
TDN7eN2guRVBPk2DZE71KTq0CoPRfkGmVtHpMBptOiaah2jxgCL5ZxWOMBz8MmkErV8mDZ5uRXcY
sp4fbsoWCGwiNv0yeXRkLtDsSg6AuYsIN56m/CBGxaACbBgIncV/MRerhcZgU1xWCC2rpuHRzFbY
dhWGMLaAvwdxGIIB0MJBHd5cZg1jP52zQ+bbcYN187Gsa4M3Wf6ekYBVesnUmZOAB5LgtwFYupM4
9b9h+LypmFZFalmCEssStd5V1tmF5+HugaqHEtLMNxpqSIOFH3W6xnhTrFQIQQ09bw4kVD9WYSRl
y2U8o5/zdI5l0oodHd40HwOdKdn4PGJBcbNpMyiRAxnG6pZ94s9my8t5nHzUvK8Cbea7jbLFIYXG
74rl02IJPa05L4LclxAlxC2HAo9b06ddPMKelEh3FTS7vJgTTydaJWo6ubUEGwExvf5Grzemr4jM
sqI4Tx5tLAVBwMwhW0zjOFB9eAVq6GyvOcP1TgOZMhpq/BndxzNYEoA7NhUpK8TCCn81absVDiwM
4IYDS5sca+BmNa7TsllOG/7g4Btz5pNzwI0dPvk3/tXBvzY1wQ4iT0IXkFuWLWjLhUAalK477QrZ
uxoqkM3PjCVgxlmUx6la4NLhDUXXpfLzPKbvaOhHM5mCbkIaGlLL0shZ3Zyd05ujyAGbnmuJngJ9
oAr7hUVxMvcD31luijMFJTJSkaJdrMLcQZHlcbgfgJqo3GnghrX+a3NZdWTLatDxuKyWJ/ygATke
i2oUJEqwzmO3PWpGDn4RLDcXNiA2WZFIBAWrRHJ3LMvzwk89nwWuuglUHifJU4ZbVFgw3NW4xbQx
oEmiRbUlRNfmQXPCv5PqP8VqZ2LkR7ukmqTdkom61Hmmh4oqtBmGbKDYqQYdaxQ+Ax466rQ9XKsO
6Dc/Og5Uk1vD9GkcNeMK3z8OwDT6EfbYWClUxwpOpyRH+bkaa6DN2UEM1jptlOIbdx4IJUOaOynk
stByc9VeiRF50ohZJ4lhjsIUc/Tp0nk4d86YrRvYEfD52GIhxwaah/mjM2dZvrorBO95kNJsfuzf
6LlkBb21P/fdmhMEhY+fg+J3oMqy/Gjh4Mief7OO7N/SaHYS+1p6UsPumYmfPr0nfxCsjXyKfvaD
4KlapZRXdbtRFnPwXN6qk3M5Rz+gGnQBeCDH/4kufJaesTgajwd6gWb4kLEr8+5761EqessSRJV/
V+JLnF5W+CqPM2suu7Fm+KFGMj3aP99YlV07dLlSIlykbML0MmcN0+el1zZbjtkocw56x8edDvlP
Ao4bT8CdRp4f+fnGApGvYgDId0uqlJ+PcMS8rww+ajxlSUAEc3fE0nfd1We319TaO0sExhNq8I1C
gE7NncAnFwZ0dLxAwKsUPFRTU40a2Nh8bq+UW+LTbcsiz4orH35fQfTpX2V/ScYZIqU8qgWzpVL9
lGxTQYS55nLGrj7Q6CrTzLcGfmCzirdN6e8h3dgWo4IS8kyFltXN94nvlnVddW1o4AdqRSd+aLOG
Txo8nimJzrJUGlYM0kXXtqijf6IROEsqNR3PRqoc3nVXZbR322dN52z/29gc3VHu7PINlkdyvBCk
QN4Zp+wRalvStXsXT3yHiO+hn8RFxrR9IgXcLCb0dNYv5xByjvs3Tww8tNqoGsApWZkcCQ88cfrm
SB/uLGnUrhbLX0Z+cjuOl1D9TMAtX67vQkBAwLc+8gXZflP+xGPUB/PUz1qT1A8Z3MG/RXb26dUT
i8jny0kQ51vf3b5Q+FgnBJ2msKYitRxRQh4I1+w0vvJZo2Laf7zKS3yWJccHV3dek7JSiHMwp3kj
wuGgZoBjGHdFN+ul13VUcXuquFMtz6xs7TQO0nxhCx9UdnLUqpp8JxBC4utfGwiDOBpc/lHuY9H0
baymTypUT58a8no/O6Nh49TBU0IeiQ9WdE3BqjqscFuShfsbNAETqO5wCMA9KVUyL+JoRr9tyhOX
+CxLjF3+XUWZ8ZE2hXh++cByPGP59PTkbFPU45Crhww/z9VzY3ilUtvYJzzNvx1T2350NeuWm/ju
iRAxEKZ46xx0DtiCqQf5xPUDJ0g3LP4kZVnuz9jqVO87vnuaBXqNUQE2XdtYp//dxeElbjV9ijbp
z+UWVhwxdatTeDJgTXi0VXY+WFRoUbYEPO+agOipWCOMZjQ4ZkydjgqkKdPtQzjCZH83ptypziv2
nnpAZyIfG1yVqQ+Tdwo/ePW8U5As1ljI5wXlp9e0DFaCGv6tHSRXDcIfebquuQDk6bl7eFJGwmRV
EFj/Wqkyhc98nRRaza0ENc+5Psuhr3L0NexXkceXLAi0Za4AH2DjLj0bPf5sk0S3Ovkz38vLlxpI
4ivQ8y6RctjVaZ+iL32nCb4C3V9G35psOGj6DMEfZgBidPlrpRUgtts+xDnlr724tZtY3Xlgj/w7
u4pP4KlBwBrGll3TVKvBlJDGYnjOZ60kCZt40kqi4vXGn8DUXWlnz0rI866eK3+NXah/FhClSWdd
E65C9YlqqNpJGMK/8I+eSD1UNqr2x+89NRzOEbNl/V7wjTVO1COmq6RxV+UK354xj/2rOax9hfEa
9iwHvqvhVp8wUeg+zVl464gJBz6ga5u2dvXIq7OAWfGtR1oUYOPAW+OhlrkfbYr4eszVbQHqlpMs
onYeJ3wbV5+JVeZgw+vdX0v4ykOJiv6oTyreS/tJnGfzOD/ZWLj1+Acm3xZLl+V6UlXD7imTHBdp
uvyJXvn4co9N8aEh5aHvtHg/p9E62xYXKXvHXySRx+rsaOAHkviFv/DdkIVxutwhG1Y0lQ7Lkj9X
KgZ9pmmiR2cl5AF1+wBZxYRG+GDeprhAlJaF469xCrtI2VGU+7nPsi+N8mwN1wPNYZOX0A+uOj0D
k94PDOaJBpPz88nGKpCpwJmEITCWAGFMEibKryWZa5+KU2jd1fkVa1A/vyIB962+yad3++dHH+6s
DQy5uRdncnZ4qtp9ao1AULTO0Y84OY9t7eyHgDyvWc/Wqvi9ZXnO0k9x7mvxjAZuHEZsbANe+1nO
3E1RL9Hh8+I1BfrV6tHOlM5uH6jlwAdyu0P6gdFg//eCboovl6aAkQLG1ebG9TMnTt12wHA/lLZZ
weuzhXO1tHG3Sy3S1sDn1bR64NX1DbVz4asV/hLy/KsE3y24MuEsy9Aw0iDTHh/RwM382vwrYn91
RMtqjP8gGw5NXKruWEjAA9J/PyuW+Lin04/IAT7u6fWiGTmk0Zxsvz84fLWpacFxWHQAqQbitqwz
3ICoyvgPcodb/tn8k9k42cBBjexg0HzmHaJHO7bt5eaeeC8xWlZJRP1rJY/if2OTgC71E+I18P5H
qDdVwsHxznA8y6p/r7Qz5uf68SB+3TwX1NwhizyWRkVmdAxtInpPeTq6QmlZnIg16oMsTN5iMK4W
CCvYvacfL+Moo/8z3fTTgBKtZVVkrM6NB8HdN7VOKwEPvPrmLV14NHDiaGPPbNYYLUvQsEZMnfpZ
HJ3zN/DWAXUNfOZdGT6weJ3gqhxgpqnQzi8fOGx1cLaP5/DIH3+Qdxih/0R/izf3uI9ADgz40VpV
WtyppWn+VasBKsDnnQo58Orkf0zepVTbtyghz0t4sU68XixTGl3pmROHPLOwYcg1XqA2o/g+YDXD
qED3pHybV/Ua4zqPUjtX9IYdF5HT2F9p3nlm0yNGX4ORk0kLtxRVDkpQM3RtnGo95w97NClv7Z9N
TvbHcldeXhqdxrXRuDbL60e7QCD4hD+stfIWpVZrnT17qXW2TqU1wBDYpZGW4knQcyd4Ytg1Xztw
gOW9288WCGizDjn+S147cNejAt9/zoBTpl08/bkCjma33N4/CBhNz+hs1tjhr+GN7bJbp603W2bJ
yzILvkfRQSICIEK8sUalae3D1wLvfrYMivD8YFfHxw+m5M0X2FSgZz7SVORr2E60OUc3at2ihDxw
OuPoG0RV843X1AVayzr6MlnviJ9Dl8mc5jn1tSJABXz4sF/uz4ON7eIkKztifKMsTYHenDXfX1G+
ZZtvC/MXULeTFLeDeOF6b+vFpLoiB3Hk+TOCX/2wUit6cUlzck6XxDSJYe51x3vdLvnvzpCYHdPA
BmGcu6/PL85IfaAQwWKYVhKn+WtjbHRNBF7PgdhWAEvgdQevaRTFEBvgw+CYNLeoM/eZ+EZI9hoC
bcSDL4tryefPQeqiY0hvZJ/stdlHyIzi5ozLxH0vTgFrBYs9D6EgARcPH5XXySKRo7i+5/lOEeTL
15zQWbkd08pwPqNZ9hrB/LhnC3XidcALFxUsY8xVmuD3Vl4fHh3vfzybIlRMfev3gqVLOaQEpZDk
lfTg73ZCs+w6Tt3X/8X/ASGBiWhldMFkx4XPrlsuyJCC5F6PEHRjxzctVELZBCZhVtAZe82iGV5r
LyxuL0N8YfELgmpFHD7dRcrPn/BZJyA8oukOaAGZzlnGSCkNQlNG8jkjcQQqk8PSIA5OZk5sRvzI
CQqXf7mC3NI2xHUZh9DTQwRNnBn12A6JcV8qQ5TEThm9Isu4SCUu4nsEJtX3fD4CzCd+SSZYIuL3
7LpCt+syj8KMZuQ6jn7ICZ6LoClBaYbALL48fIkU4sdhBN/XcxaRIplBhgMI2laEWiyQ7VkRIS8+
z/mbLEkewyiRSwCFfDM/yAACflB+sO3iNic1iGEYYBV+sZzLy2UL32Fkzj8sgZAQMQt1LWdtj/DX
1OONbF7kbgwLQH6oZ49YW/IN8k4QZ+Cgtjhl+0EQXxNcWEBM+aUOsvAp+SeqHLbhule+dWGPoA3i
XY+4Hso+/DWCuEQIzBgIBbHZSyJFie2l2la3FWJffPZBIHEEcqWuSyDdFOJHseI3HUjIaFakfHkT
ELrNkGgQDvu9oAGKbeYvoO2CBgUj23JQMDSvELsYERYMQ5vSArHjBxX24DYf+30R2iAV0CrwrZGD
X9Ug+H5O0KM2b/ARpMVVu+QUm83TGCwQzB40z3YIfyqQyMUP62GH4Kv0gRG091w2YHARFhYRaBA2
Ecgv+fQCT6BlaXzjg4YxEAOwxDU3qohD2UqCTj3UVWyDOrlD/PwHEF+e8m4uQ3vHVabRmWwDDwWs
G5OLhbPRkpzucVRNXaVcOdIiinA6XTRQccIngb98J2uTQ7aQv0noz+awmPFs3Y66+KTioETStEhy
ARUCQ8GEQJvki08uLEr+hQFXLAi6iH0XyL6bAtQR1LkYBA3a1VYUDRq3RKNK08D88314sSjfgSUG
7UEHSgQc1kHo57i2Qzaj9hLizDa5FKLucOH6GeLm3ac4a9c+lzzXKFi01y2BqFSyjHPo+UAiWCSG
L+dBNFiYK4cUSg6zVeAyJbMYJirGZYpagQPNOJktTtoe6SAXMDo3weIt///vOcCI5D760bs+jX7I
RhJOgjSfFUkSXUbAfKB/BLtXEoSjllQZHbMnCeNG4DNfFZK+7IcNUMjXBScJLQaRH+GClc5umFNw
4xsLksWKRGdVtWY3DkQJWc2RMFwX06M9Mj05vSRnp+enU7I/mZydHl2SydEHAnHez0cfdgg0ItML
aHVEPp9cnB2RyYeLg6PLy3bTBGjyMPsDKY4JS/2YO2Q0xBky6MwZN8lcGpWxNUD2EBK43LbwJi1M
1ISZ5aggPgQ+wUCDNiG/31M2oWQQ8aEDjLCZHIxjFkjA9NaGXHgkPsYF+hD087xD+3Zr1AUZTsO0
JczBcEBIFskV8yr6VjyAerEkq1ntdiSv2au7SZKcdyXnM5rasDJaThwEIhblBuhu6fKlhuTIXkT2
Atsd0qjgwYdKCQRmkG5lr3ZKn9BUwlINhXv1PMAl+A3rJdgmF8LmC4WH6CEuAreixQcnch2Rmv5M
IE44+cDooNORvMJox9xY3HKSXHUEhoo3L43D0tmK3rJFS1VNdYaRGzmTt3SD3KFSmnZclgEjTlkK
I6EaSkV2izAR0ZUI4Yi80cIb5XwdYiPZgdPOySw5gCtw87DY6R0CBqcNjg9GWICSZVnB0DDkc5i1
WRltotHC0WqqdsqJFDGCDCrbghps+l05YZ7jzIvoKitpP6AJQv2wCMHH4oPFpMwFcCKJyIoEFbVc
cb1IUfIVc1vHINhOJEV8wBZGwQU43V41Y4exuNXUaYyN0OoJ/KJxuYQELtlQ5YxHDi2H4st9qnkB
UnisAuEjSg+oEwGGwJLgC40w0cA+gsOaO+gm5Sn4KUfGxnW0iwLEakuJ935U9+mhFckXwO9JFwGh
2TwORIhp0xwyWYzEOckZfliPSCfDbZvIfORd4VpsVgWbwr29UGepvIVmNV3miHyHtAxlAvnk8YFb
eUmMdAHcatdxLE9RMYR0BeeYy/BAHzsDUJLVJicQC4IuvebBHTmYfNyBvkCDDevr2ndB7XmsIKxn
hb/F8e+RQRl21xF5xqWjtG2TfRcM1ZwG3i6+zZynCS4DHZZDwaAE6x6oYMpCrN2egkxNRY5u0Kph
iEmDNkEiPk6iSRls1wkg5hJIFD5tgB2LJEpa8rqR3ZzLVZf531g1nxiWl9OIB03KkAnCdqEeimvt
jU3R6VWbTGSfgKYz3oHKTFTqAh/RS+kMWYA5AbFlScAjFkwvQ4rvdYKRU5yng8DHignPl/HDbCzL
yfn0I6c0A5aQbbvICebnfCrr4URy0S5tTZgXLey1x6lFLXeZXcz2yoTlR2JgoiLDtTksVX6fyPQ0
Ewk1anKUxcJxSW0wEJkwTgLbwTyGBBY1sMxTWJmJcgvm0pySjC5KS4kVkLJOhPeUFBYI4yU1EbDI
esRvsR+JZJiXiX4gX+z4BrU+JaeHZPvLx9PDVwTfkzYHGqD9NZj7JBXP34NiYP6SQvLSriNA0ISY
N+HCxpe+f3l7VuKXuY0C+YEPhsUi7jQh+sAkl7thzltcVkekC1GKOJ7Hh4V7vrds3RS+qygihTgF
rBujeWk3gX/xYbsyDeAppKQU9IbJ7wNEsRP4CeF9QW2wqudQTCXDeFFm5ejSpB/gtrhV3hNDZrUF
LAtfaoVkykscQt9hFYF4xWTwtlK5i0yWWhxYybmwdbJPS/TZIwkESQs/wGGEHZc2So6CjohGsypR
iLBb0PSHO2UrrWJ2Z1VKzPJ+GBe4hD3hcOSKRlHKOUYHiyaK1yNAD/E395DQ+QP3l0pnznjERP5r
M4HMZh4uQF7V5C5uXio813Fe7NQ8r2AfB6rYB0NEaJPURHwwE0Zj4NTuorJzN5k0BUygH+W6A2LL
zvi3oqbLFzNWB1oF/85Epugk3yHhA/Hqrro2D/lg/BRkxi0QypOlONNEfEWQSO6IrKaUHpz30VgH
fC1ikhdkBnlYVounrthUEmrfFpG0TdfU54ka2EnIYsTcJHFSBKUyygt0ZbyNtIhdbg95hN9KpBVD
Z4KGCbydjJ15tVbUqPakF8eSGs8bBVg4QTlfeHi3Kna4tdxQ31v4qGYDVC03HZzMIdz0YmVGYJW1
xP5T1XIe48xwUtp4mr3tx5xisGTLEPOeDJ9CzIDDrCYdkzl5n9T3OQvcitHZLIUMWlTLZGlNVBDw
I8pXTf44fbCCLw4v8COiLWnzhetDo3DNRHBNYelc8xEzTnjNAIe1lXo2eNpK8kI1xeTcEipMqLgv
lQmcPH4Ik7sqNUbk8FgVHYTdEeqJUrraIfyTHzsEX5/N/XNehWFgej2WQqjdQgsUof8Td0t3JZwF
1UphcltJ8a8FhJzgyrkVK42FRMhnXtwvx7g104JXdapzP6xttXTAiBTb40pA04wziwYTB+Q1Ptmp
rOe26wHkHXWEUpr3u3hptsXsilWhlE4kDkCfS3mWRZK5BHKLgVmODJylxcCaM+QmLo8cfa9CBOkH
MCI2GNAClZUDYeMAnzSRpWejgU8zmZZAJEnDJCivMOYBGuVc7ZWTJu6B3mIJa4/8woMV8J87vKb1
KyIVH2Sq3KS68cHZwMARX2kkqgbl/hMvB9zlsbhD5x464wEyzzbxJXRAq3S3KvliXE6D+Elwxwq9
gvBe9Yh75Phsf7pn/mO40x/fGDvdm+6O+Q/jHy4GRHydb+Mrmx00rq9HHWGKxVWv/0pEeWKPQU3W
xQpH3wIylrU0HnrwYhjMmrMk4vvKRVoa5TJDSavdCW5xAA+4Kofv/mSlwFrlzgbogghnXxxzU8OH
4u01JAWPFATkqwJp8dhSCfpi/q12wm7A8GUyuXOu+MPJPJEBidg+BOZLEcTxdsgvkAKph3AjYs0I
Ljl+CEbSylZv7Wyxm5xFmS8/Ucjf66Z8+td25BdcKwjuKuFngzVYHH514xyMoQbFnUgNUKSBeo0m
Qr32/IC/y7iGzELtQ8RzfOpeufZhlS1UAH5emB9QEA9qhbbYIlObZPKrxyoscXSuPzBPFhe0ntzs
ZzoIApRQhVxOztTLcJn9HvCvJ8tfpI9PtJi4t0Ba+CnmfqfXGcLPl6ewJIaOA/+OB2ww7HsDd2iy
vuN1PHMw9HojZgyGjklt2+ySl4A7j69YBOGBJrEl5Tus5Unhb/g4Bx6p7/P35H0TX66tWsPlTajP
SYzsmJ1O1zBMPP8zObzQROXGXzkrTSCAfH06wVxEWaY1vPTRIHw512TUoAAuMc3W2QLgNX78VAMq
3yjGc0gGfmYbCJ7ryll76688GFO//4wi8mfiu9DybA+KiaM05NuIuEFz7fIbxKjH6TLJYw4QD8/P
3Ftz7mtqwmXTVUGQ4xXcfM8KoYwlOf/CmO1iwstDdYc///xf/JzOmA==
===END CRASH DUMP===
