PocketMine-MP Crash Dump Wed Jun 2 07:15:28 +07 2021

Error: Undefined index: NuTaVN
File: plugins/SETVIP_v2.3.phar/src/MCPEVN/SetVip
Line: 191
Type: ErrorException

THIS CRASH WAS CAUSED BY A PLUGIN
BAD PLUGIN: SETVIP v2.3

Code:
[182] 				  
[183] 				  unset($all[$name]);
[184] 				  $this->time->setAll($all);
[185] 			  }
[186] 			  
[187] 			  if(!isset($all[$name])) {
[188] 				  unset($all[$name]);
[189] 			  }
[190] 			  
[191] 			  $st = $all[$name]["current-vip"];
[192] 			  
[193] 			  $i = explode(",", $st);
[194] 			  
[195] 			  $date1 = strtotime($i[0]);
[196] 	    $date2 = strtotime(date("y-m-d"));
[197] 	    $date3 = abs($date2 - $date1);
[198] 		$help = $date3/86400;
[199] 		$date4 = intval($help);
[200] 	    
[201] 		if($date4 >= 1) {

Backtrace:
#0 plugins/SETVIP_v2.3.phar/src/MCPEVN/SetVip(191): pocketmine\utils\Utils::errorExceptionHandler(integer 8, string[23] Undefined index: NuTaVN, string[89] phar://C:/Users/Administrator/Desktop/MSAI/plugins/SETVIP_v2.3.phar/src/MCPEVN/S, integer 191, array[3])
#1 plugins/SETVIP_v2.3.phar/src/MCPEVN/SetVip(26): MCPEVN\SetVip->tick()
#2 pmsrc/src/pocketmine/scheduler/TaskHandler(137): MCPEVN\TickTask->onRun(integer 1)
#3 pmsrc/src/pocketmine/scheduler/TaskScheduler(179): pocketmine\scheduler\TaskHandler->run(integer 1)
#4 pmsrc/src/pocketmine/plugin/PluginManager(654): pocketmine\scheduler\TaskScheduler->mainThreadHeartbeat(integer 1)
#5 pmsrc/src/pocketmine/Server(2389): pocketmine\plugin\PluginManager->tickSchedulers(integer 1)
#6 pmsrc/src/pocketmine/Server(2152): pocketmine\Server->tick()
#7 pmsrc/src/pocketmine/Server(1992): pocketmine\Server->tickProcessor()
#8 pmsrc/src/pocketmine/Server(1586): pocketmine\Server->start()
#9 pmsrc/src/pocketmine/PocketMine(291): pocketmine\Server->__construct(object BaseClassLoader, object pocketmine\utils\MainLogger, string[36] C:\Users\Administrator\Desktop\MSAI\, string[44] C:\Users\Administrator\Desktop\MSAI\plugins\)
#10 pmsrc/src/pocketmine/PocketMine(321): pocketmine\server()
#11 pmsrc(11): require(string[91] phar://C:/Users/Administrator/Desktop/MSAI/PocketMine-MP.phar/src/pocketmine/Poc)

PocketMine-MP version: 3.19.1 [Protocol 431]
Git commit: a7cd0810020af15fb3d79127c77cf576085cd4cc
uname -a: Windows NT DESKTOP-KF1VXGB 6.3 build 9600 (Windows Server 2012 R2 Standard Edition) AMD64
PHP Version: 7.3.21
Zend version: 3.3.21
OS : WINNT, win
Composer libraries: 
- adhocore/json-comment 1.1.2@fc2f76979f0a44a5f5bc2a2b600d0762fe0e78e7
- daverandom/callback-validator unknown@unknown
- pocketmine/binaryutils 0.1.13@0abee38d4e2861621f262c79a2a3d699d8a697f4
- pocketmine/callback-validator 1.0.3@64787469766bcaa7e5885242e85c23c25e8c55a2
- pocketmine/classloader 0.1.2@9757928424652393b178a3760073113aa7c9911b
- pocketmine/log 0.2.1@830b44a2cf96ef703c550abe64302f230231ca49
- pocketmine/log-pthreads 0.1.3@e477ecf6ec214fdd4415ea1da3fdd9d73bf699ea
- pocketmine/math 0.2.6@43057cb8c179a9859677b496a788db922fd5cfc3
- pocketmine/nbt 0.2.18@9f82ca4d7f97fcd9a566e44b63c4f18a7657ae82
- pocketmine/pocketmine-mp 3.19.1@a7cd0810020af15fb3d79127c77cf576085cd4cc
- pocketmine/raklib 0.12.11@9cce458b8bfde3e4dfdbf70c659fc7b7fe26b5c4
- pocketmine/snooze 0.1.5@70b5e7937a06878dd321a3182ceb76d56298f2cd
- pocketmine/spl 0.4.2@6b08b7cf8c4afa17139c9a1b3bf1b408531de161

Loaded plugins:
BlazinFly 1.8.7 by iiFlamiinBlaze for API(s) 3.0.0
Farms 1.0-non-alpha by Dấu Tên for API(s) 3.0.0, 4.0.0
Netherite 1.2.1 by Wertzui123 for API(s) 3.0.0
CustomAlerts 2.1 by EvolSoft for API(s) 3.0.0
Slapper 1.6.1 by jojoe77777 for API(s) 3.13.0
KygekRanksUI 1.3.0 by Kygekraqmak for API(s) 3.0.0
FactionsPro 1.3.20 by Tethered_ for API(s) 3.0.0
SocialSpy 2.1.0 by Crafter20162017 for API(s) 3.0.0, 4.0.0
VanillaEnchantments 4.0.0 by TheAz928 for API(s) 3.0.0, 3.1.0
TimeCommander 1.0.2 by TheDeibo for API(s) 3.0.2
BlockSniper 3.2.3 by BlockHorizons, Sandertv (@Sandertv), Chris-Prime (@PrimusLV) for API(s) 3.2.0
KeepInventory 1.0 by KhoaGamingPro for API(s) 3.0.0
reyyogaWtrhit 1.1.6 by reyyogaMnelux for API(s) 3.0.0, 4.0.0
DevTools 1.14.1 by PocketMine Team for API(s) 3.13.0
NoTP 1.0.7 by awzaw for API(s) 3.0.0
SETVIP 2.3 by MCPEVN TEAM for API(s) 3.0.0
OffHand 2.0.3 by alvin0319 for API(s) 3.0.0
Trident 1.0.0 by brokiem for API(s) 3.15.0
Broadcaster 1.5 by EvolSoft for API(s) 3.0.0
InvSee 1.0.0 by BlockHorizons for API(s) 3.0.0
MSpawns 2.2 by EvolSoft for API(s) 3.0.0
TPAll 1.2 by matymare for API(s) 3.0.0
PM-Beacons 2.0.0 by jasonwynn10 for API(s) 3.0.0
PurePerms 1.4.2-c2a by 64FF00 & ProjectInfinity for API(s) 3.0.0
WorldProtect 2.3.8 by aliuly for API(s) 3.0.0
AutoInv 0.0.10 by JackNoordhuis for API(s) 3.0.0
NoDrop 1.0.0 by Inaayat for API(s) 3.0.0
Worlds 3.0.7 by survanetwork for API(s) 3.0.0
PointAPI 1.0.3 by onebone | Fixed and Update by LamPocketVN for API(s) 3.9.0
FormAPI 1.3.0 by jojoe77777 for API(s) 3.2.0
BuilderTools 1.2.0-beta2 by CzechPMDevs, VixikCZ for API(s) 3.0.0
PiggyCustomEnchants 2.4.0 by DaPigGuy for API(s) 3.19.0
MultiWorld 1.5.2 by CzechPMDevs, VixikCZ, fuyutsuki, kaliiks for API(s) 3.0.0
HideCommands 1.0.7 by Himbeer for API(s) 3.6.0
MaxEnchants 1.2.1 by Xenophilicy for API(s) 3.0.0
ec 1 by McLebt for API(s) 3.8.1
EconomyAPI 5.7.2 by onebone for API(s) 3.0.0
BlocksConverter 2.1.1 by matcracker for API(s) 3.0.0
AutoXP 1.1.0 by JackMD for API(s) 3.0.0
Sponges 1.0.0 by  for API(s) 3.0.0
EconomyLand 2.1.2 by onebone for API(s) 3.0.0
InvCrashFix 0.0.1 by  for API(s) 3.14.0
OnlineTime 1.3 by Zedstar16 for API(s) 3.0.0
Shield 1.0.0 by JavierLeon9966 for API(s) 3.7.0
PureChat 1.4.11 by 64FF00 for API(s) 3.0.0
AuctionHouse 1.2.4 by Shock95x for API(s) 3.0.0
PiggyShopUI 2.1.1 by DaPigGuy for API(s) 3.2.0
BangHoiUI 1 by JVN | JackVnKiller for API(s) 3.0.0
WarpGUI 1.0.0 by RockPanther for API(s) 3.0.0
MuteTime 1.0.0 by LetTIHL for API(s) 3.0.0
BetterVoting 1.6 by Twisted for API(s) 3.0.0
help 1.0.0 by LetTIHL for API(s) 3.0.0
Joinkit 1.0.0 by LetTIHL for API(s) 3.0.0
cayphattai 2.0.0 by Lettihl for API(s) 3.0.0
Kho 6 by ItzFabb for API(s) 3.0.0
CustomTags 0.0.1 by DaRealAqua for API(s) 3.0.0
SlapperRotation 1.2.1 by jojoe77777 for API(s) 3.0.0
restart_in 1.0.0 by LetTIHL for API(s) 3.0.0
PrisonMine 1.0.0 by LetTIHL for API(s) 3.0.0
AntiToolBox 0.1 by NgLamVN for API(s) 3.19.0
TrashGUI 0.0.1 by Phuongaz for API(s) 3.0.0
TempBanUI 2.3 by SonsaYT for API(s) 3.0.0, 4.0.0
level 2.0.0 by LetTIHL for API(s) 3.0.0
QuestPlugin 3.1 by HmmHmmmmm for API(s) 3.11.0
gem 1.0.0 by LetTIHL for API(s) 3.0.0
MuaPoint 0.1.lpk by LamPocketVN for API(s) 3.9.0
AutoSellUI 3.0.0 by LetTIHL for API(s) 3.8.2
ShopMob 1.0.0 by LetTIHL for API(s) 3.0.0
essentialsTP 1.2.2 by  for API(s) 3.0.0
UpGrade 1.0.0 by LetTIHL for API(s) 3.0.0
luckyblock 1.0.0 by LetTIHL for API(s) 3.0.0
HealFeed 2 by JackPlugin for API(s) 3.0.0, 3.1.0, 3.0.7, 4.0.0
detu 4.0.0 by CLADevs || GreenJajot for API(s) 3.0.0
Rewards 3.0 by Wertzui123 for API(s) 3.0.0
BuyFix 1 by FPVGAMER for API(s) 3.0.0, 3.7.1, 3.8.1, 3.9.3, 4.0.0
thoikhong 1.0.0 by  for API(s) 3.0.0
PickaxeFunction 1.0.0 by LetTIHL for API(s) 3.0.0
PHP-Sell 1.2.7 by Muqsit for API(s) 3.0.0-ALPHA9, 3.0.0-ALPHA10, 3.0.0-ALPHA11, 3.0.0-ALPHA12, 3.0.0
AcidIsland 3.2.9 by GODSMineVn for API(s) 3.0.0
shopvip 1.0.0 by LetTIHL for API(s) 3.0.0
LoadWorlds 1.1 by shin for API(s) 3.0.0
CmdSnooper 1.0.0 by HotshotHD for API(s) 3.0.0
ScoreHud 3.0.0 by JackMD for API(s) 3.0.0
PureEntitiesX 0.7.0 by milk0417, RevivalPMMP for API(s) 3.19.0
PiggyCrates 2.0.9 by DaPigGuy for API(s) 3.2.0
luyendan 1.0.0 by LetTIHL for API(s) 3.0.0
CustomItem 1.0.0 by Phuongaz for API(s) 3.0.0
Buyrank 1.0.0 by LetTIHL for API(s) 3.0.0
capdao 1.0.0 by Nguyễn Công Danh (NCD) for API(s) 3.0.0
KitUI 1.3.6 by Infernus101 for API(s) 3.4.0
NganHang 1 by GreenJajot for API(s) 3.0.0
VanishV2 1.16 by superbobby for API(s) 3.0.0
SizePlayer 1.0.3 by  for API(s) 3.0.0
giftcode 1.0.0 by LetTIHL for API(s) 3.0.0
Item 1.0.0 by LetTIHL for API(s) 3.0.0
AutoClearLagg 3.1.0 by Twisted for API(s) 3.0.0
freeze 2.1.0 by Bavfalcon9 for API(s) 3.0.0
MenuUI 1.0.0 by LetTIHL for API(s) 3.0.0
OreGenerator 2.0.0 by vividmemory, LetTIHL for API(s) 3.0.0
RPG 1.0.0 by LetTIHL for API(s) 3.0.0
BuydetuUI 1 by FurryJaki1992 for API(s) 3.0.0
NapThe 1 by phuongaz for API(s) 3.0.0
SellExp 3.0.0 by EzMinh, LetTIHL for API(s) 3.0.0

----------------------REPORT THE DATA BELOW THIS LINE-----------------------

===BEGIN CRASH DUMP===
eNrtfWl33Day6F/Bk31u5Pd6I3vXHOdYlmRLiZYeq+34TpjjA5JgNyJu4dJSeyb//VUBIAlSstSS
Or73QzLJqFkEClWFQm0AyX/veFES0OzLiiUpj8KdvUFrJ+MB29kzRqY5nJpTc9LpjYZjo9/ayWN5
a9gZ94bDwbTXM0bT/tgctXZ8mmZHSRIlO3v/3snWMbTaEddHNw6DboC6tROwNKULvPUxdJnHQ+YS
Dr9u9sh5PqefzqGNl/v+O+5jo3hJk71u92Cv+zEF8rr7bsBDnmYJzaKke8jSqyyKu2eX+yfd2M8X
PEy7l0fzTyezLyuz0+9g926aON2zg9nRp/PuJcs+8RjAMQ6jhti4H/TxgWCQy9QAESXUgd+/7rzo
kc1x7ELfV3skjpwrlgEvzLLyjPupZX3EP3t7rCaxYxq6Pkt2eZixBUvIpEWAeR4ufjX7v5FviLBs
M5n+RrYtwRYpaEEpEJokdP1r/7dXIJwXxmMEYY5ADhJkWRLW/jHjztWuwGWSOMBO+F8lrW7qLJmb
g0i6c5peFeIx+mMN2RyQ4N32j1H4IQ9L4RkCcX8TxJfF1a4xnjbmq2wJI1U0tH9Mbg01uHsoKaTu
TPw5oyGsh2R3NBzcP05JUvvHgPJwvkwYdY8ZTTKb0awx8vDukS9ZAqt81+xPmkxJmiyrRpScj3Lg
tDHI6P5BjKHZGETe0Wd5fC8KYzq9D8UsiRwwJ1EicU3uxzWcjL6BK81AiBLH9G4cM/HzDH7umrfW
b4HmyxcnCmFh5U62G9m/Mycjb2nKDsAupqcRdVnSIgp+x/I/gzk9jRYLbKWWb3/0GznYA8uAC9ey
aivXstTShZ6wdi2r7DUYPKKXWq+WJddv70H2+2aT/VTKVyIwJIJdA1sl7I+cJ2xXETY1HmWNqkHb
Z7PKiNTJerXz25+tHbYVr/McdwBEyI5feLiK/BULWJgBNhf4d7Kd4i5AJF6AOJHLkGZjYgLYyuT/
CIFbxqRfA+VhyrLdl9T3f30Z0oD99uofotWg1upltuQproyAgU6zbN/3RR/VeFg2JuRPARlpEAEY
awDu7f4fnjbHfUX+LVpONqJv2hxy2msMOTU0wMs0I6+JhuZXa8fJkwRE2V7x2Nr5TaCdmk0kfR0J
BxzsJvZBvLvWTgv+RcSSoumg2VWXykuXZsyA7qCPWYRy3H3Jf+0pbqZSXISohmatIUJguHU7aLvW
zivVZVzv0ocu1E53Vf+2GlE1LmT6csn8GAUhunQno0GvJ1sU8hR3BtAE7PGKwixjD4HF7PXKIcVl
IV+YTtXrx9dgvmEa//w7hPk7hPk7hPk7hPk7hPmfDmFaOwsWsoT6GA+g5wOjXesLhNkwD1WKvtPv
GNOOgfCc+y7EIJP+sLXD0y8uW+3sedRPGQQdSZRFTgRoB33IWBccQxI6dtzexOj1zB71jKFn993x
1DDHznjseMPxqDcZOu7AcQB3rmj5BWxzdJ2S8zk5PLr8eX4xa//8zvj0+f1bMur0iSCBTEe9Htkt
mkqNIuCATPLBJJcZmBiauOTI5egUXpH9s8PRAAMjyMX3dsZgZE1k5ysLXcGeuobbX6IUaTg5P58D
QFxc81BEUEEcwRx88bmd0ISzFOVH3SXwnLDu72kUtqGNCsWMjtEx33iO6Y1H0/HU69HBgA69oe2Y
1LSBeLc3Hpke67HxhI0BvUuBAyA7CroOxCQ2da7a4G25ixMNCPPwKoyuwzfqLxJbTazNQ5qsxcKA
pj0Y2+i/6VGbsf7EHTBzMjJGpuGZI9MZT6lJ++5oOnUnFEjzBnVUdw5udHqd/pvRYDwZD6DPaGQ7
lI7ZcDIZmgOTwRyafcccsokzHFKzgRCXsy+Ws6LNfDMdD8dTczIwB6Oh2Z/2bWM8oX3Qht64bxh9
wO1Mp4Zh1zH50UJgMDvGm0m/Z4NETcebjpg37vVhZGR4NOj3TM+E/+sbDh1Mb2Fox5lwBIWg+m/Y
YDxmjjdijmkMPNcdDIwho4ZL+3Axdcd92wNpMVpHFdBsqagZvYFBh2PHnjjg/Oh0MpyOxmN7MB3R
8WTi2lPT9Nyh4zn9OorQzgp+Jm+m3sQEgt2xB3PiuFM6HI3YYGCP+s7AMyZ0PBqOKZs0hFv9bAdx
uVDfPGLVacgSegW6LeUCNBlvpo7DBsOJPbE9l/XZwPVcG2TtjIZTzxnbY4+ZI3voNDQoDaPoK1Pi
Hb4Z9+whG0/7Y9obTcYT1wWLSPuQhzjMHo/c4cicTjzTcRtIYl9gGIC2jOzexAbCJ86AetQYG/2p
M6WGDRNj2APgpW+4zBgZO3+WiZFYm299+pWH7/y1ZugqWGunsm9GZ9LBRUjzbBklKQapnL/zacB5
iD0YWk0ac7zRh7XQw2sWUttnYD/Ag4H5c1kM1gT7wr008rJDHYARCAxUx2pZJTnaT8z0YLmgVb64
nP9y8eH0EEDXzE55hixgLP2OJkGqsSWv6yz12iGYJOqDJ6izdmjlBqPDnMytvNdjNLzFXWtn8Bwu
l4FlCYrUn004OmfZkiXiuuSqgtU5M4Uv0jj6hSXZ15wbZn9bE1VhtKySDBl0PMTNMsviFHw2OMBl
bnfAJ3QrbN2KJ2D6IE+zKNiHUDHTZ7MG1lm/xfgRpP+XwMK22NZHtqwGHYrry/n+h/nH2Z08X19f
dxjQhPg72RXyeOnTOGaJxl4BqU/qqMnb79HvERvjPzXujP7T2UvlyE+ex4qkbsEEcPjzesGuPtDw
Kv14orFZA9d57Ys1pvEq2ib0j4BebWsqNZSWpdOyGffSyjgYPqWQN9RsTQVtsmU2+JoLbWful+dx
tbMfZvwypgGOWbGoUYKWRlxsyttl5HDqX8a6c6hgjUXXnK6DhHoZSyDeHMF/423bTydw0YkKTT0I
3Ev5exOuPtGQ+z49Cp0lDTOMRXW7ctddndOBIl6fwCXb/wqh2h0s9oVcnsjiSpIC/EHw/ISVWNDV
vYsnEMScB+wAonGIqGu2pw5vOMyOeYv5Q8btqMG8+VSma4M3l+FdZhU5eetDVHQZ8roN1aE6F7AE
O/06F6LpcZTwr7BU4NalGD5bkd03xU/MRQ+WCU/bswRohDv4N09PP72q8W4+euGerWd+lGlrtkYN
Rj0lH5Ylk/5N9PxnxuKTcAWzHSX6Cq7DG9PbMLnLiL6HWCxcKKOyFaOrIwWzq5Ozud1N2HodLegv
WbLEJLrkrg6vcwcOtM6fanwWMj+/2baFUsiBDGNztg7Zah5Fvm6RSlCDmUEzGKgKFGTOaLC1iKAg
AAs9JSkbBDqaKapI65Y4MKCN5jM9lsXLpr1p5Bz0+iu93pYqCmSWFUZZ/OR4RxKE3lLuI2musthY
0v1kw/DI8jKZH+2fbYupevl7E6W78DwsOGukF5A67b0m9dRf8bDXN6Zbm5ACoWUBCeCt3PLHJozM
E+6K2lLlyxSkqVUNQ2cn0RVnjSUzfDofCp9lqfEta3ZWkfIgH28TaOHQNKv7Mw1a52f412Y82sDg
jWpUPC3fAXt/yfQsVgEemKW6l94Wc3VnKyl5jJ89g6D7OtQtdgGprx7zr50kNSgW4YvRnzY589m+
r9e95XWjulDnJaDZOqDJ1kpABT7LymLq+5u7z9lZ+y2juGWiF+4rYNOeNRTsd5pG4fU6DI3etljR
UFqWLciANVSS8zBHecJmrF7JqmD1WRl0zLZjNipZo8G7d70e+S8C0RbuE52EHg95tt4Wg1/kAGDh
Cqq0n0/wp6Kv2vGt8IAkfokS3wUmMjy/UQmjBm742s6k6a947q+356wQm2VdIwWxpGCTjOUOps9y
nnic+a5erS72vbOEYS0dLW63xi0IZT/PIjBZmjwKiC4KYLJjNHT9J+pcnUdR4i5znm5P252rsEBq
WTBcxMOVZVVEPVzkjA6TKK5FhQLwgG84CSld061ZU4XOsuTom1sgMUFpUz/TRgJ6K6xN8wTSfZaB
Lm2tuiVwKvWEySgJ2WhFKuXrCCQdoKz7QiISRglmNdufndR2RxWoOU+NkDEKmQ3/kf+Qd/yGuQQi
O/IxxoMwxF6TUxrIVOHTeU0K06dLQQ1oWTFSCBjBPFW0PlBYeBclQZ3PAvJAsfIbhVnzGUurxGhZ
iojyx0YxJe4Js6SZXdbAzS2EXttmGW04+4OvzFnOziCPww6f+A2/OvjXtnTWQeRx4AJycJeStkwm
nw1KH+tXNLK7NVSoz3yxWMtKviqS1dztHXfrjmbQnP5DCp3e53VXYzxDiwuEoLy3qbkT+AQRFYN0
70DXFaFu7mdc2BE92q2Ajayks5Hm4OMF6zxL8ysOv6/Aq/Kr9C/RpwApFVYM7LlO9XN0SUMEEjqG
HE+VL3UVqoEfqHAc88BmkHroEhg9XQIKnWXpNGxY7ZBdO4HYiDujN3csDh36wA7kZxZG8ZL73Nla
CKahRJZuqhVRp+tB68gcjSfm1FlplGycU2bXA40JsPrUtE1gsyyGVWZnydJs81jjCJKIKFjXHZQG
1JkYdsbN5ag847bmonS0TFIgXG2Nmod9FObi6UEUAt3Z7Vq+dqe5+WTcSkidBGLRxjJ6XkqqMKqC
fEXMY4oFGAh/njXC9c+zW4XqO4L1s8Nt8SKxyaj88+zJlU+Jpqs4wApoHIULpluHAnJ/8L61mH21
Hg4tSw366HV0Wq+B6tCmum1hJekL9RGryhc10TptDzIIkjlIaLqEkLtedCuht7LFb06QMXjGIsr/
AKosC3JCB0f2+M1jFs9FiI93zMXjjlWpugI2YvL6HP2LuXgm1xhtaxWVCC2rouHJi6nE1tUYwjW1
xLKAvqQk4IF0+Ce64iw5ZVE4nY7qLI8fUsyi+H+vBdHRw5ITRBV/N61rHSxp1ihrCVCzqmUYd5W0
HrfaqlLS7Q1YEe4WByV2Wo3TG5/Zikd5Ojtql02+Uf1C4qtfW6h9CTTCa4iBj4EMVvMdGrgZfA3q
Mrtcgs+aDm+eecik5s91A6KVHdRIWP4R9C2RPvQ2NWof1hCcFSA7rp0Y0qEPBAF3JmHm81gW0b6C
7HwzPZP01S6enY5JNCINe0vDxXHEa3KpYPeErj99Oif/Iei3P4U/c99/bnikVUPq3qwwE7gPuXHl
jCbx+xpPBeQBW/cB9G0Ggf5ye9EeorQsHH9z+s/yrOmbStADHJyybH5yfLq1WDXf9Bym0CaWQRD7
Kcp4uNAVSgc3jiE2jgBd8zRj7raoV+hwl6SioH61CVv4BJ7Gjrj8vtOAQ24+DT9FPLyqHWUpIN+X
6iv+iAzUoesYfFRGuUa3Bnxgvw1Iz/jS31qxJ34E6T8v9QObeKUT21Dxk+zrO2rbTw7wb/nKb+Yw
ciCMpB6z6yBrdXO6uH1EWgDvD+/BfX1g1N//I6fbmgqXJoCRAsbNmHB56kSJ2/EZnnqkHZZr56I/
RBkVz43fOh9d3nmg9PSNcvwzGGwQ8JiDa+LRwC88rJ1aK4Hfd7WrgR+xw57wNArPxGP2VVBWAb8v
+bEYWD4zuCkHeE4aK/9vIz0Z1qH11dJQpfPFKQ0a21PPqewrfBAfVxRsmhRrwWJBljgFBXamHkmV
oAcMwWyZR+GCft3aIyLADx6CkqOrXxud5GJBDCFtnYkSdu+RukvI0Oh/z7d9nFOhBR4KMjZXObBq
TD9SI68fdo7bXSqw1PniEQvlnzn0mKnXZJS069D6pnZDl46DAP6Ff+pL5aED8eWjL/c+PBUsEbNl
/ZGLirkg6gkpVkFjV+fqT3z6N9BYxqvva9cWeHZw88SDih3tWuKhQA1T1vHjqwbhT9xxr0c35Y76
PTxpI+H2mySw+rVp9fyS+X7NLGjA5iGLDSZp8vRHFRS6zScKY7qzyK4V8yTk+2pX+qjYkqUpA9dE
/bR2WLsGboZf5l9R39dHtKzG+A+y8TF+n1BXj1oKyPcVfv4I0fu5c7W2cbdJdx4V8PtSXg28OQfH
kAW8Y0wvYJegmv+7vd+lrPG3HqpqlceoBs/dC5up95RsypTLslxjSFw+8IzYwek+nhYg//kPeZ8w
Fv5Ef4+290SqRA4M8PBRucgHdk2T2kGFAtKwpN/zUWJFwjYeJFaoZNE0X9e3vxTgnnLpu9mn9/tn
Rx/u1MGxiHfk3n9LOMz+c3VRUrT59AGh/GoZ1cp2Fey77LmWwz0ig+TOFb1h7/LQaST1zTvfOZeU
oz+CkeNZGwMPnYMC1HSIjTM+Z2IjtEl5e/90drw/VaZNXRq9xrXRuDaL6ydnNkDwsdhW3jiFdrh7
kvr1/XIN2Hzaclrn/v3F4SUWCz6F29yNUs+YRSHTd2bkw5XAmnzIcgPmMDpacb12XEC+f5SGL9nb
eFawZnDr+LEGbJwxaRxAXvJwW5RXY25uxNGGO/Eq7GRRLCqa1TPdWkVTf9D73rk4jjKQX3a8tTMz
T3/e/BLffXSc1/bwC9ADCctfc+ynGP0Rli5P2BEE2xln6efGjn0Fr+ea4yYzAfevegMDLeEHtuIr
6s/OzmZbq6MlEmccBLBk4hyDLEmY3JEvyHz0oxkard06v+XB4YRm7PaBYQltFnmmf8ke9V3nf799
eFhQVrt4/mFhgaYrk5Y1kEXDWsqiQN87YZHDPnYf5SSrlX804AP0b7t8Wo38iO3cfJ3Q8Koe6ArI
d95ZgCEfs5EYuzSqbSIKwAM0ny9Aq3ODOcOQHOCbmrxBuCCHNFyS3fODw1fbYgbHYeEBTC7itqxT
LOCWwc7De408q7/2Rlw3HyFp7jmGHkvCPDV6Ro2NwXNOSJYoLUsQsfkMnS8ovjlWzzVK0D051Paz
3Qrj5sTjG1DS5Sez8aIXAWqERaPmg1ng5u3IttfbeyyrwGhZBRHVr40iCv6VzXy6rr8xqgLe/wjW
tjZAcbxTHA8iivL3JuQvuJcV79ouKuwF6DuX2dWwmytSwzVs4hS2TDN/lDfA4viBz2hySheLRtG8
gjf2cW694Gi7B3yy4oAPPh7qIBE+ECGPo+s0Pfp9RxLvfrr28+DsoFvHB8LwwHJ81dVOAR54k9Vb
uvKoD6nm1l5zUWG0LEnDI3Z7WJjXnIkCfOcjZjDo5jRfJOy9eJ9uFukmqwZ+YDcUgnDuBiyIknWL
bJkZnQ7LUj83OqP6YfZeL57C1XeuWa3iR0WGWKquHxstYffVQfMkWf9Erzi+O3tbpNeQim3AeX6+
fNy++jmN58va2zAl4B5e4i2H6AU+y5JjF3838uPM949u9EpTAXmgLnD09YyHy62vA4nWso4+zx5z
/AzfKEsTYCBjzRdRFW/ZFvvC4gXUnTjBwolIxfd2XszKKwLRtccXBL/6YSVW+OKSZuSMrolpEsPc
60/3+n3y/3pjYvZMAxsEUea+Prs4JVXhEcFymHYcJdlrY2r0TQReL4HYtg/+4XUPr2kYRnno4DsW
MGppU2fJmfxGSPo6CgUefItKW73WAWZCdgzojeqTvjaHCFlQtEouk/e9KAGsJSzyPISCBFwsuhTX
sGzVKC73PO7kfrZ+LQhdFHaoneLZyHCRvkawODDSRiV57YvIsYSljLlaE/zeyuvDo3f7H0/nCJVq
0P4jZ8laDalACbifgh783Ylpml5Hifv6/4p/QEjgP9spXTHVccXZddsFGVKQ3OsJgm7s6KaNiqma
wCQscrpgr1m4wOvaC4s76wBfWPyCoFoRR0x3nojjc2LWCQiP1HQHtIDAWkoZKaRBaMJItmQkCkFl
siXoiIOTmRGbER46fu6KL1eQW9qGuC6jAHp6iKCJM6Uea5EID5GniJLYCaNXZB3licJFuEdgUrnH
xQgwn/glGX+NiM/ZdYmu6zKPwoym5DoKf8gInmahCUFpBsAsvjx8jRTix2Ek39dLFpI8XiTUBQQd
K0Qtlsj2rJCQF78sxTtCSRbBKKFLAIV6Mz/IABJtUH4IfORtQaofwTDAKvximZCXy1bcYWQpPiyB
kAAxS3UtZm2PiNfU4410mWduBAtAfahnj1g76g3yjh+lEL3tCMr2fT+6JriwgJjiSx1kxSn5J6oc
thG6V7zMZI+gPRJdj4Qeqj7iPRC4RAjMGAgFsdlrokSJ7ZXalrc1Yl/8wkEgUQhypa5LEpZK8aNY
8ZsOJGA0zROxvAkI3WZINAiH/ZFTH8W24Ctou6J+zsiuGhQMzSvELkeEBcPQprRB7PhBhT24LcY+
zwMbpAJaBYFn6OBXNQi+xQP0qCMafARpCdUuOMVmyyQCCwSzB83TFhEPpRO1+GE9tAi+Sh8YQR8g
ZAMGF2FBHoIGYROJ/FJML/AEWpZENxw0jIEYgCWhuWFJHMpWEXTioa5iG9TJFuHZDyC+LBHdIBrA
j0mgyjQ6k13gIYd1YwqxCDbaitM9gaqpq1QoR5KHIU6niwYqisUkiDc7pB1yyFbqNwn4YgmLGQ8I
tvTFpxQHJZIkeZxJqBQYCgYiQqb4EpMLi1J8YcCVC4KuIu4C2XdTgDqCOheBoEG7OpqiQeO2bFRq
Gph/EYDKRfkeLDFoDzpTIuGwDgKe4doO2ILa6wwkTi6lqHtCuDxF3KL7HGftmgvJC42CRXvdlogK
JUsFhx4HEsEiMXxJJqLBlKEYUio5zFaOy5QsIpioCJcpagUOtBBktgVpe6SHXMDowgTLt/z/r+cA
o5P76Efv+jz60yyKBQnKfJYkKXQpAfOB/hHsXkEQjlpQZfTMgSJMGIFfxKpQ9KU/bIFCsS4ESWgx
iPoIF6x0dsOcXBjfSJIsVyQ6q7I1u3EgSkgrjqThupgf7ZH58cklOT05O5mT/dns9OToksyOPhCI
834++tAi0IjML6DVEfnl+OL0iMw+XBwcXV52miagJg9zOFLimLGER8IhoyFOkUFnyYRJFtIoja0B
soeQwBW2RTRpYxImzaxABfEh8AkGGrQJ+f2Wskklg4gPHWCIzdRgArNEAqa3MuTSI4kxLtCHoJ8X
HTq3W6MuqNAapi1mDoYDUrJIrpxX2bfkAdSLxWnFar+neE1f3U2S4ryvOF/QxIaV0XYi35exqDBA
d0tXLDUkR/UiqhfY7oCGuQg+dEogMMtBB1+1Cp/QVMJCDaV79TzAJfkNqiXYIRfS5kuFh+ghyn23
pIWDE7kOSUV/KhHHgnxgdNTrKV5htHfCWNxykkJ1JIaSNy+JgsLZyt6qRVtXTX2GkRs1k7d0g9yh
UjXtuCwCRpyyBEZCNVSK7OZBLKMrGcIRdaONN4r5OsRGqoOgXZBZcABX4OZhsdM7BAxOGxwfjLAC
JUvTnKFhyJYwa4si2kSjhaNVVLWKiZQxggoqO5IabPpNOWGe4yzz8CotaD+gMUJ5kAfgY/FtJaTI
BXAiicyKJBWVXHG9KFGKFXNbxyDYjhVFYsA2RsE5ON1BOWOHkbzV1GmMjdDqSfyycbGEJC7VUOdM
RA5th+K7Vsp5AVJErALhI0oPqJMBhsQS43s/MNHAPpLDijvopuQp+SlGxsZVtIsCxFJkgfd+VPfp
oRWq18TtKRcBodky8mWIadMMMlmMxAXJKX5YjygnI2ybzHzUXelabFYGm9K9vdBnqbiFZjVZZ4i8
RdqGNoFi8sTA7awgRrkAYbWrOFakqBhCupJzzGVEoI+dAajI6pBjiAVBl16L4I4czD62oC/QYMP6
uuYuqL2IFaT1LPG3Bf49MirC7ioiT4V0tLYdsu+CoVpS3+vi6+hEmuAy0GE1FAxKsO6BCqYtxMrt
acj0VOToBq0ahpjU7xAk4uMsnBXBdpUAYi6BROEBReyYx2HcVteN7OZMrbqUf2XlfGJYXkwjHoQu
QiYI26V6aK51MDVlp1cdMlN9fJosRAeqMlGlC2JEL6ELZAHmBMSWxr6IWDC9DCg+NQ4jJzhPBz7H
ionIl/HDbCzNyNn8o6A0BZaQbTvPCObnYiqr4WRy0SlsTZDlbey1J6hFLXeZnS/2ioTlR2JgoqLC
tSUsVXGfqPQ0lQk1anKYRtJxKW0wEJk0ThLbwTKCBBY1sMhTWJGJCgvm0oySlK4KS4kVkKJOhPe0
FBYIE+U1GbCoesTvEQ9lMizKRD+Qz3Z0g1qfkJNDsvv548nhK4KvE1oCDdD+Gsx9nMiXTIBiYP6S
QPLSqSJA0IRINBHCxi8WfX57WuBXuY0G+UEMhsUi4TQh+sAkV7hhwVtUVEeUC9GKOJ4nhoV73Fu3
b3LuaopIIU4B68ZoVthN4F9+2K5IA0QKqSgFvWHqBY9h5Pg8JqIvqA1W9RyKqWQQrYqsHF2a8gPC
FreLe3LItLKAReFLr5DMRYlD6jusIhCvnAzRVil3nqpSiwMrOZO2TvVpyz57JIYgacV9HEbacWWj
1CjoiGi4KBOFELv5TX/YKlrVKmZ3VqXkLO8HUY5L2JMOR61oFKWaY3SwaKJEPQL0EH8LDwmdPwh/
qXUWjIdM5r82k8hs5uECFFVN4eKWhcILHRfFzprnlezjQCX7YIgIbZIayw9mwmgMnNpdVPbuJpMm
gAn0o1h3QGzRGf+W1PTFYsbqQDsXLwpNNZ0U24diIFHd1dfmoRhMPK+QCguE8mQJzjSRXxEkijui
qimFBxd9aqwDvjYxyQuygDwsrcRTVWxKCXVui0jZpmvKRaIGdhKyGDk3cRTnfqGM6gJdmWijLGJf
2EMR4bdjZcXQmaBhAm+nYmdRrZU1qj3lxbGkJvJGCZZOUM0XvlOhLHa4ldxQ39u4J94AlcutDo6X
EG56kTYjsMracnO2bLmMcGYEKR08n9fhkaAYLNk6wLwnxYeoU+AwrUjHZE7dJ9V9wYKwYnSxSCCD
ltUyVVqTFQT8iPJVkz9BH6zgi8ML/IhoW9l86frQKFwzGVxTWDrXYsRUEF4xIGAdrZ4NnraUvFRN
OTm3hAoTKu8rZQInjx/CFK5KjxEFPNJFB2F3iHqila5aRHyvrkXw3azCP2dlGAam12MJhNpttEAh
+j95t3BX0lnQWilMbTVp/jWHkBNcubBihbFQCMXMy/vFGLdmWvKqT3XGg8pWKweMSLE9rgQ0zTiz
aDBxQFHjU52Kem6nGkDd0UcopHm/i1dmW86uXBVa6UThAPSZkmdRJFkqoLAYmOWowFlZDKw5Q27i
isiReyUiSD+AEbnBgBaoqBxIGwf4lIksPBv1OU1VWgKRJA1iv7jCmAdoVHO1V0yavAd6iyWsPfKr
CFbAf7ZETes3RCpf21y6SX3jQ7CBgSN+mkJWDYr9J1EOuMtjCYcuPHQqAmSRbeJbkYBW5W518uW4
ggb5k+COFXoF6b2qEffIu9P9+Z75j3FrOL0xWv2bfsv8h/EPFwMisc538U3oDhrX15OeNMXyajB8
JaM8ucegJ+tyhaNvARmrWpoIPUQxDGbNWRP5feU8KYxykaEk5e6EsDiAB1yVI3Z/0kJg7WJnA3RB
hrMv3glTI4YS7WtIchEpSMgXDdIWsaUW9EXiW+2E3YDhS1Vy51yJ55lEIgMSsTkE5msZxIl2yC+Q
AqmHdCNyzUguBX4IRpLSVu+0dthNxsKUq+8liO+MaZ/+tR31BdcSgrtK+NngGiwKvrhRBsawBsWd
yBogT3z9Gk2Efu1xX7zys4IsgtqHiJf46gDtmsMqW+kA/LywOHUhj54Httwi05uk6qvHOix26lx/
YJ4qLtR6CrOf1kEQoAQ65HJ2ql8G6/QPX3w9Wf0iQ3zlgol7C6SNn2Ie9ga9Mfx8eQJLYuw48O90
xEbjoTdyxyYbOl7PM0djbzBhxmjsmNS2zT55Cbiz6IqFEB7UJLamYoe1OMP0FZ9iwTONQ/E2uK/y
y7Vla7i8CepzEiE7Zq/XNwwTT6rPDi9qonKjL4KVJhBAvD6dYC7CNK01vORoED6f1WTUoAAuMc2u
swXAa/wcaA2ofaMYT8wb+JltIHhZV87KW38RwZj+/WcUEV/I70Krg28oJoHSUE8tCYPm2sU3iFGP
k3WcRQIgX3mwcG/NOa+piZBNXwdBjpcL873IpTIW5PwLY7aLmSgPVR3+/PP/AxlbzpU=
===END CRASH DUMP===
