PocketMine-MP Crash Dump Wed Jun 2 02:50:47 +07 2021

Error: Undefined index: NuTaVN
File: plugins/SETVIP_v2.3.phar/src/MCPEVN/SetVip
Line: 191
Type: ErrorException

THIS CRASH WAS CAUSED BY A PLUGIN
BAD PLUGIN: SETVIP v2.3

Code:
[182] 				  
[183] 				  unset($all[$name]);
[184] 				  $this->time->setAll($all);
[185] 			  }
[186] 			  
[187] 			  if(!isset($all[$name])) {
[188] 				  unset($all[$name]);
[189] 			  }
[190] 			  
[191] 			  $st = $all[$name]["current-vip"];
[192] 			  
[193] 			  $i = explode(",", $st);
[194] 			  
[195] 			  $date1 = strtotime($i[0]);
[196] 	    $date2 = strtotime(date("y-m-d"));
[197] 	    $date3 = abs($date2 - $date1);
[198] 		$help = $date3/86400;
[199] 		$date4 = intval($help);
[200] 	    
[201] 		if($date4 >= 1) {

Backtrace:
#0 plugins/SETVIP_v2.3.phar/src/MCPEVN/SetVip(191): pocketmine\utils\Utils::errorExceptionHandler(integer 8, string[23] Undefined index: NuTaVN, string[89] phar://C:/Users/Administrator/Desktop/MSAI/plugins/SETVIP_v2.3.phar/src/MCPEVN/S, integer 191, array[3])
#1 plugins/SETVIP_v2.3.phar/src/MCPEVN/SetVip(26): MCPEVN\SetVip->tick()
#2 pmsrc/src/pocketmine/scheduler/TaskHandler(137): MCPEVN\TickTask->onRun(integer 1)
#3 pmsrc/src/pocketmine/scheduler/TaskScheduler(179): pocketmine\scheduler\TaskHandler->run(integer 1)
#4 pmsrc/src/pocketmine/plugin/PluginManager(654): pocketmine\scheduler\TaskScheduler->mainThreadHeartbeat(integer 1)
#5 pmsrc/src/pocketmine/Server(2389): pocketmine\plugin\PluginManager->tickSchedulers(integer 1)
#6 pmsrc/src/pocketmine/Server(2152): pocketmine\Server->tick()
#7 pmsrc/src/pocketmine/Server(1992): pocketmine\Server->tickProcessor()
#8 pmsrc/src/pocketmine/Server(1586): pocketmine\Server->start()
#9 pmsrc/src/pocketmine/PocketMine(291): pocketmine\Server->__construct(object BaseClassLoader, object pocketmine\utils\MainLogger, string[36] C:\Users\Administrator\Desktop\MSAI\, string[44] C:\Users\Administrator\Desktop\MSAI\plugins\)
#10 pmsrc/src/pocketmine/PocketMine(321): pocketmine\server()
#11 pmsrc(11): require(string[91] phar://C:/Users/Administrator/Desktop/MSAI/PocketMine-MP.phar/src/pocketmine/Poc)

PocketMine-MP version: 3.19.1 [Protocol 431]
Git commit: a7cd0810020af15fb3d79127c77cf576085cd4cc
uname -a: Windows NT DESKTOP-KF1VXGB 6.3 build 9600 (Windows Server 2012 R2 Standard Edition) AMD64
PHP Version: 7.3.21
Zend version: 3.3.21
OS : WINNT, win
Composer libraries: 
- adhocore/json-comment 1.1.2@fc2f76979f0a44a5f5bc2a2b600d0762fe0e78e7
- daverandom/callback-validator unknown@unknown
- pocketmine/binaryutils 0.1.13@0abee38d4e2861621f262c79a2a3d699d8a697f4
- pocketmine/callback-validator 1.0.3@64787469766bcaa7e5885242e85c23c25e8c55a2
- pocketmine/classloader 0.1.2@9757928424652393b178a3760073113aa7c9911b
- pocketmine/log 0.2.1@830b44a2cf96ef703c550abe64302f230231ca49
- pocketmine/log-pthreads 0.1.3@e477ecf6ec214fdd4415ea1da3fdd9d73bf699ea
- pocketmine/math 0.2.6@43057cb8c179a9859677b496a788db922fd5cfc3
- pocketmine/nbt 0.2.18@9f82ca4d7f97fcd9a566e44b63c4f18a7657ae82
- pocketmine/pocketmine-mp 3.19.1@a7cd0810020af15fb3d79127c77cf576085cd4cc
- pocketmine/raklib 0.12.11@9cce458b8bfde3e4dfdbf70c659fc7b7fe26b5c4
- pocketmine/snooze 0.1.5@70b5e7937a06878dd321a3182ceb76d56298f2cd
- pocketmine/spl 0.4.2@6b08b7cf8c4afa17139c9a1b3bf1b408531de161

Loaded plugins:
MSpawns 2.2 by EvolSoft for API(s) 3.0.0
FormAPI 1.3.0 by jojoe77777 for API(s) 3.2.0
reyyogaWtrhit 1.1.6 by reyyogaMnelux for API(s) 3.0.0, 4.0.0
OffHand 2.0.3 by alvin0319 for API(s) 3.0.0
EconomyAPI 5.7.2 by onebone for API(s) 3.0.0
NoDrop 1.0.0 by Inaayat for API(s) 3.0.0
AutoXP 1.1.0 by JackMD for API(s) 3.0.0
Netherite 1.2.1 by Wertzui123 for API(s) 3.0.0
FactionsPro 1.3.20 by Tethered_ for API(s) 3.0.0
MaxEnchants 1.2.1 by Xenophilicy for API(s) 3.0.0
PM-Beacons 2.0.0 by jasonwynn10 for API(s) 3.0.0
BlazinFly 1.8.7 by iiFlamiinBlaze for API(s) 3.0.0
WorldProtect 2.3.8 by aliuly for API(s) 3.0.0
EconomyLand 2.1.2 by onebone for API(s) 3.0.0
SETVIP 2.3 by MCPEVN TEAM for API(s) 3.0.0
Shield 1.0.0 by JavierLeon9966 for API(s) 3.7.0
Worlds 3.0.7 by survanetwork for API(s) 3.0.0
ec 1 by McLebt for API(s) 3.8.1
Sponges 1.0.0 by  for API(s) 3.0.0
HideCommands 1.0.7 by Himbeer for API(s) 3.6.0
SocialSpy 2.1.0 by Crafter20162017 for API(s) 3.0.0, 4.0.0
InvCrashFix 0.0.1 by  for API(s) 3.14.0
BlockSniper 3.2.3 by BlockHorizons, Sandertv (@Sandertv), Chris-Prime (@PrimusLV) for API(s) 3.2.0
TimeCommander 1.0.2 by TheDeibo for API(s) 3.0.2
KygekRanksUI 1.3.0 by Kygekraqmak for API(s) 3.0.0
PurePerms 1.4.2-c2a by 64FF00 & ProjectInfinity for API(s) 3.0.0
BuilderTools 1.2.0-beta2 by CzechPMDevs, VixikCZ for API(s) 3.0.0
CustomAlerts 2.1 by EvolSoft for API(s) 3.0.0
InvSee 1.0.0 by BlockHorizons for API(s) 3.0.0
Trident 1.0.0 by brokiem for API(s) 3.15.0
OnlineTime 1.3 by Zedstar16 for API(s) 3.0.0
AuctionHouse 1.2.4 by Shock95x for API(s) 3.0.0
PointAPI 1.0.3 by onebone | Fixed and Update by LamPocketVN for API(s) 3.9.0
KeepInventory 1.0 by KhoaGamingPro for API(s) 3.0.0
BangHoiUI 1 by JVN | JackVnKiller for API(s) 3.0.0
TPAll 1.2 by matymare for API(s) 3.0.0
AutoInv 0.0.10 by JackNoordhuis for API(s) 3.0.0
PiggyCustomEnchants 2.4.0 by DaPigGuy for API(s) 3.19.0
PiggyShopUI 2.1.1 by DaPigGuy for API(s) 3.2.0
MultiWorld 1.5.2 by CzechPMDevs, VixikCZ, fuyutsuki, kaliiks for API(s) 3.0.0
VanillaEnchantments 4.0.0 by TheAz928 for API(s) 3.0.0, 3.1.0
DevTools 1.14.1 by PocketMine Team for API(s) 3.13.0
Broadcaster 1.5 by EvolSoft for API(s) 3.0.0
BlocksConverter 2.1.1 by matcracker for API(s) 3.0.0
Slapper 1.6.1 by jojoe77777 for API(s) 3.13.0
NoTP 1.0.7 by awzaw for API(s) 3.0.0
Farms 1.0-non-alpha by Dấu Tên for API(s) 3.0.0, 4.0.0
PureChat 1.4.11 by 64FF00 for API(s) 3.0.0
QuestPlugin 3.1 by HmmHmmmmm for API(s) 3.11.0
CustomItem 1.0.0 by Phuongaz for API(s) 3.0.0
cayphattai 2.0.0 by Lettihl for API(s) 3.0.0
CmdSnooper 1.0.0 by HotshotHD for API(s) 3.0.0
Rewards 3.0 by Wertzui123 for API(s) 3.0.0
SellExp 3.0.0 by EzMinh, LetTIHL for API(s) 3.0.0
PickaxeFunction 1.0.0 by LetTIHL for API(s) 3.0.0
ScoreHud 3.0.0 by JackMD for API(s) 3.0.0
luckyblock 1.0.0 by LetTIHL for API(s) 3.0.0
LoadWorlds 1.1 by shin for API(s) 3.0.0
freeze 2.1.0 by Bavfalcon9 for API(s) 3.0.0
capdao 1.0.0 by Nguyễn Công Danh (NCD) for API(s) 3.0.0
PureEntitiesX 0.7.0 by milk0417, RevivalPMMP for API(s) 3.19.0
CustomTags 0.0.1 by DaRealAqua for API(s) 3.0.0
PiggyCrates 2.0.9 by DaPigGuy for API(s) 3.2.0
NapThe 1 by phuongaz for API(s) 3.0.0
BuydetuUI 1 by FurryJaki1992 for API(s) 3.0.0
Item 1.0.0 by LetTIHL for API(s) 3.0.0
Joinkit 1.0.0 by LetTIHL for API(s) 3.0.0
BetterVoting 1.6 by Twisted for API(s) 3.0.0
ShopMob 1.0.0 by LetTIHL for API(s) 3.0.0
shopvip 1.0.0 by LetTIHL for API(s) 3.0.0
PrisonMine 1.0.0 by LetTIHL for API(s) 3.0.0
AutoClearLagg 3.1.0 by Twisted for API(s) 3.0.0
thoikhong 1.0.0 by  for API(s) 3.0.0
detu 4.0.0 by CLADevs || GreenJajot for API(s) 3.0.0
MuteTime 1.0.0 by LetTIHL for API(s) 3.0.0
SizePlayer 1.0.3 by  for API(s) 3.0.0
level 2.0.0 by LetTIHL for API(s) 3.0.0
NganHang 1 by GreenJajot for API(s) 3.0.0
VanishV2 1.16 by superbobby for API(s) 3.0.0
UpGrade 1.0.0 by LetTIHL for API(s) 3.0.0
AntiToolBox 0.1 by NgLamVN for API(s) 3.19.0
HealFeed 2 by JackPlugin for API(s) 3.0.0, 3.1.0, 3.0.7, 4.0.0
giftcode 1.0.0 by LetTIHL for API(s) 3.0.0
restart_in 1.0.0 by LetTIHL for API(s) 3.0.0
help 1.0.0 by LetTIHL for API(s) 3.0.0
Kho 6 by ItzFabb for API(s) 3.0.0
PHP-Sell 1.2.7 by Muqsit for API(s) 3.0.0-ALPHA9, 3.0.0-ALPHA10, 3.0.0-ALPHA11, 3.0.0-ALPHA12, 3.0.0
SlapperRotation 1.2.1 by jojoe77777 for API(s) 3.0.0
luyendan 1.0.0 by LetTIHL for API(s) 3.0.0
TempBanUI 2.3 by SonsaYT for API(s) 3.0.0, 4.0.0
TrashGUI 0.0.1 by Phuongaz for API(s) 3.0.0
OreGenerator 2.0.0 by vividmemory, LetTIHL for API(s) 3.0.0
essentialsTP 1.2.2 by  for API(s) 3.0.0
gem 1.0.0 by LetTIHL for API(s) 3.0.0
MenuUI 1.0.0 by LetTIHL for API(s) 3.0.0
WarpGUI 1.0.0 by RockPanther for API(s) 3.0.0
RPG 1.0.0 by LetTIHL for API(s) 3.0.0
MuaPoint 0.1.lpk by LamPocketVN for API(s) 3.9.0
AutoSellUI 3.0.0 by LetTIHL for API(s) 3.8.2
KitUI 1.3.6 by Infernus101 for API(s) 3.4.0
BuyFix 1 by FPVGAMER for API(s) 3.0.0, 3.7.1, 3.8.1, 3.9.3, 4.0.0
AcidIsland 3.2.9 by GODSMineVn for API(s) 3.0.0
Buyrank 1.0.0 by LetTIHL for API(s) 3.0.0

----------------------REPORT THE DATA BELOW THIS LINE-----------------------

===BEGIN CRASH DUMP===
eNrtfft327aS8L+CdXq2zq4li9Tb96Qnju08WjvRxspjb9mTA5KghJqv8iFbubf/+84AIAnQji3b
ar7vh/a21+IQGMwMBvMCSP5rJ0iyiBZfVizLeRLvHAz2dgoesZ0Da2Tbw/G4Nxh3h73xYAo3ylTe
Gnb7w9F0POr1sUlvsrcT0rw4ybIk2zn4106xTqHRjrg+ufIY9ALMezsRy3O6wFsfYp8FPGY+4fDr
6oC8Lef041toE5Rh+JKH2Chd0uxgf//oYP9DDtTtH/oRj3leZLRIsv1jll8USbp/dn74Zj8NywWP
8/3zk/nHN7MvK7vb72L3/Tzz9s+OZicf3+6fs+IjTwGc4jBqiI37QZ8QCAaxTC2QUEY9+P3rzpMe
2RzHLvR9ekDSxLtgBfDCHKcseJg7zgf8c3DADIm9prEfsmyXxwVbsIxM9ggwz+PFr3b/N/INEdZt
JtPfyLYluEcqWlAKhGYZXf/a/+0pCOeJdR9B2COQgwQ5joR1fiq4d7ErcNkkjbAT/tdIaz/3lswv
QST7c5pfVOKx+mMN2RyQ4N3OT0n8voxr4VkCcX8TxOfV1a41nrbmq24JIzU0dH7Krg01uHkoKaT9
mfhzRmNYD9nuaDi4fZyapM5PEeXxfJkx6r9mNCtcRovWyMObRz5nGSzyXbs/aTMlaXIcgyg5H/XA
eWuQ0e2DWEO7NYi8o8/y+FYU1nR6G4pZlnhgTpJM4prcjms4GX0DV16AECWO6c04ZuLnGfzcta+t
3wrNly9eEsPCKr1iN3F/Z15BXtCcHYFdzE8T6rNsjyj4Dcv/DOb0NFkssJVavv3Rb+ToACwDLlzH
MVau46ilCz1h7TpO3WswuEcvtV4dR67f3p3s9+02+7mUr0RgSQS7FrbK2B8lz9iuImxq3csaNYN2
zmaNETHJerrz2597O2wrXucx7gCIkB2/8HiVhCsWsbgAbD7w7xU71V2ASLwA8RKfIc3WxAawU8j/
EQK3rEnfAJVxzordH2gY/vpDTCP229N/iFYDo9UPxZLnuDIiBjrNisMwFH1U42HdmJA/BWSkQQRg
rAF4sPsfPG+P+5T8S7ScbETftD3ktNcacmppgB/ygjwjGppfnR2vzDIQZWfFU2fnN4F2areR9HUk
HHCwqzQE8e46O3vwLyKWFE0H7a66VH7wacEs6A76WCQox90f+K89xc1UiosQ1dA2GiIEhlt3oo7v
7DxVXcZmlz50oW6+q/p31IiqcSXTH5YsTFEQosv+ZDTo9WSLSp7izgCagD1eUZhl7CGw2L1ePaS4
rOQL06l6/fQMzDdM459/hzB/hzB/hzB/hzB/hzD/r0OYvZ0Fi1lGQ4wH0POB0Tb6AmEuzEOToe/0
u9a0ayG85KEPMcikP9zb4fkXn612DgIa5gyCjiwpEi8BtIM+ZKwLjiEJHXt+b2L1enaPBtYwcPv+
eGrZY2889oIhJPSToecPPA9wl4qWT2Cbk8ucvJ2T45PzX+bvZp1fXlofP796QUbdPhEkkOmo1yO7
VVOpUQQckE3e2+S8ABNDM5+c+BydwlNyeHY8GmBgBLn4wc4YjKyN7HxlsS/YU9dw+0uSIw1v3r6d
A0BcXPJYRFBRmsAcfAm5m9GMsxzlR/0l8Jyx/d/zJO5AGxWKWV2raz8PPDsYj6bjadCjgwEdBkPX
s6ntAvF+bzyyA9Zj4wkbA3qfAgdAdhLtexCTuNS76IC35T5ONCAs44s4uYyfq79IbDOxLo9pthYL
A5r2YGyr/7xHXcb6E3/A7MnIGtlWYI9sbzylNu37o+nUn1AgLRiYqG4c3Or2uv3no8F4Mh5gGWbk
epSO2XAyGdoDm8Ec2n3PHrKJNxxSu4UQl3MolrOizX4+HQ/HU3sysAejod2f9l1rPKF90IbeuG9Z
fcDtTaeW5ZqYwmQhMNhd6/mk33NBorYXTEcsGPf6MDIyPBr0e3Zgw//1LY8OptcwdNJCOIJKUP3n
bDAeMy8YMc+2BoHvDwbWkFHLp324mPrjvhuAtBg1UUW0WCpqRs9h0OHYcyceOD86nQyno/HYHUxH
dDyZ+O7UtgN/6AVe30QRu0XFz+T5NJjYQLA/DmBOPH9Kh6MRGwzcUd8bBNaEjkfDMWWTlnCbn50o
rRfq83usOg1ZRi9At6VcgCbr+dTz2GA4cSdu4LM+G/iB74KsvdFwGnhjdxwwe+QOvZYG5XGSfGVK
vMPn4547ZONpf0x7o8l44vtgEWkf8hCPueORPxzZ00lge34LSRoKDAPQlpHbm7hA+MQb0IBaY6s/
9abUcmFiLHcAvPQtn1kja+fPOjESa/PsPKWX8qcyLRVkb6exbXYXZUrLYplkOYanJ5BSnSdBgZaS
phxBfdD/Hl6zmLohA5sBXgtMns9SsCDYC+7l0OdYB2DU0QyKHqQaHZcDZmfzw/fzD2hvL5mb8wJJ
XBZFmoPFv7y87DKgBLF2iwsMoF8mWXQ4e6PxU0F0fkClgVaDo9+T3xM2xn8MnuyH89RgdBxFRP2j
4W/27nz+6d3702ODQ2QlY+t1sqCfimyJbqJmyISbbFndkcmWanwWs7C8ujZbezuDx8yaQg5kWDLW
2IStd0GA0a3GUAUxNQ6sqckKDVc87vWt6baUrkboOEDCEkiof2zCyAlEZkm0NrVNA+rsDLvj9hJK
YubCf9tiRqFzHCYpAJyOY1BzJ0Nvk+MsSTVmFMBUsV575byJKV3TrZkChc5x5OibK9ZhWSSfZxr5
CtBeIS3yfwZHfna8LeolNoiQxdibEV+ZM4gGl6XbhQBpX6LZVxzg3LBiyTLRvpmeGmayaIswVGPx
E8uKryW37P622GwwwjxVZDyY2wbbfsMTGnPqYWiaQ06mG3QN2jbqdmty5wId8788jvGdw7jg4Jki
HLORgkYJWHZ5sam2ntGrk9gDW1MYzleD3jGpn1mcpEsecm+9rVnVUOJc1qQYF5swNzvrvGAUM1c9
f2qAbUvf9sUUEoXLdRxbvW2xpqF0HFeQ4TgNOXdy9CKkX3n8MlxrDDUwc6om3bHJD+cvQxpxHmOP
rVl8EytwU5Gj/dyEtU9JFvqgwgXWxRvuDLA5Yf3upO2aeRmut+eXEZvjXCIFqaSgbVtuCws1y3JW
8izgLPT1LKCqJxYZwxwlL1i2b3DbOPdTM1LRoaZIrG24dz16uIerD0XkYtJ256yrXY+Gt3obxJhp
kylZDCXzk8OzrUX+RrF2I8qXOKE65RJwR5jyM11xlp2yJJ5ORyOD/PFd81JFqLc6fh098COIqv5u
vA7z9go0jSWKumVc8jJb0ZgVsFoutjUpAqdagGD9a0I2cuxqeXUFki5Qtv9EIkImmacxyDxz0lrK
5p0y1wwrJ+AEH6pnAhusmdhnmbdkebF5ZHmeJvGC6VNTQW7Xua1FxKv1cAiqJAfdnO7X3GdHSRTR
2NArA9zmoKVdr3nkMpYZszB6OCsKnePoNGwYN8qu3UiEhueJx2l4nur+uIG1bXPLFBxlNACjb/es
Efw33nZa7EU+1ndS5PMo8s/l700mDGYaaMuXL/mVxpcO1TkDEltBoc6INXg4B1H5B1DlODxeeThy
wK8cR243bBYsgbM9jzlyrYdLDdS0adf8jGj6Osn4VxmenVNctcWK7D6vfuLWwNEy43lnlvGIwR38
W+anH58+roCzc7aehUmhhfkGNRhc1XzcRyhzoFJpvCEWE95ejq2oYr5kx4y7SUtl7YdOtDH4JjEW
cvLLesEu3tP4Iv+glz4M8B3VNtE2o39EdGs+S0PpODotm9vLWZmxGcsiI2upYSZLg67d8WxqsjUa
vHzZ65H/JBBJ4p7cmzjgMS+2Fhl/kQM4Tk2V9vMBibfoq6LhBg+uYNxAYtk8SUJdGAa4nZ/2Oi4r
aEthj74ybzk7O2Yr7PCRX/GLo39uSxweIk8jH5BDUidpK5A2WKQmpfcVjEb2voEKZHNU5kUSHYYw
li4bA9xyQH9t8VwfGTyOScfDyujgcs4ZM30QAu6IsU27vSX2WuZXUnIvy5tBsBHruW0FuYMdN0su
OIsMRqzhwzlR+BxHjQ+L96wh5e7KeYyn2+bisHdTPG+ALZtr8vJP5uORBGu0rWmpETpOQ8ODS4A1
tn2NIVHUFVW110mZM6O0q4Hbhmhgcn6+BP2ZDq8eWQI0aul6SKalTWokx6GSviXSh8Vgg9q7/VDC
48LcV6hBbZXt31h2IP8mQBrzCTh28iHFc2bEXZNTGslTDB/fGtKYbmHfIUUKxa6DRutdkQRjKYgS
9D/J9EjehLdYbkUSy4S+ohGPF6o2u5VYQkcK0YROzubhxAsaL14n3AiSGtgtme/PH9/CBOIewMf4
Fx6Grfzr/rrb7DqaFaaqdoEFmE25ms8OQ/1YjLxurUGTn4gW64hmW6t8Vvgcp0hpGN5viwgmsrVH
hJBredUNu0RvkyTzlyXPt1eU9i7iCikajQJWzkpuHkmi7jYVfLFYS5d/w3bCTXfN0GTQXk/HFDq9
Ks2Q1XqEgagQgl24Ts2NwAe4j2qQ/RvQ7ddyAk+QGqtRh7ZrBtYGcrEf50XOyrDgCrLzTYlJ+oyL
R0tIohGSEUSICp++D9UAzZU97G4U4OMjY+uyyMsLDr8vaMj5Rf6XhP0RUirqi2AGdKofE/JriEBC
H2kMRpgqfcLDa/oau+muLrPB9bgSsvjDr1N7ckPhqS+qVQ8UzEqSAjlAkrEHiKCia/8mnkAQIJt2
RliDWrvsg/b6aU5PkjmjrZi6/wjzogjAU6irVrq34SZRQ9p+jQPddwZYPLE9pDtwDdpaGn9tlqcN
DOmtQcXDcjyRV+VHCQQ2WXG9UqfducM0gjv2MnBljw1TDAevMKpyW0PMfRK/85CmZg2ygpgzN2pz
9I3DYI/R01yO/OAEqSFpv2JCHNmZz4wDO/PZXRV9evmVXm5tqxaROU6cFOmDOZMEieMeZulNXrfY
6cRJ3KFhumyV3o6d0mJ0WJK5U/Z6jMbbruovIzzjIUpuFWEbFRSPlrRo1RMFqF1OtKybaon32z9u
anjXIw/h96sTKzt7rWM0n9mKQ3o6O+nUTb5RdkTim19bKDoKNCCs/ylZXszUU3m1vHSouWvQktfr
KIJ/4R9zyd7lTmuTcOvUR0vE7Dh/lGLjUBD1ANYrGvd1ruqS4puCRdcKigJ4R51qtiyTeEG/breg
iCNvnlp5dA1rsigo11jQgHcc+TllRcGX4dZCxPQe27vaHp0mfX3j7lbpv06KfJkUr7d2hvDh+4fv
2SXNjL3eCtI6RPA9zwcqErZxOlChEnnLOQvDkyv9uGoFaR+YaHF78hVCveUeAZWbv3l9ui2WJVrH
Ofk8w+zqHrtO3LugV+xlGQvDa6Sn5p07FHHLDKVy9Hsck8CHfF6XxtGcCnTHnPw1h3Cr0TdnISy9
i7WLEafGhAb8vjPQDLw5BxgdXztJpAFbeVrrLNGSx9sivhlz85WPC99LV3G3SFJkJsgY+6rX/RXg
jvMdL+gqoKGXxFt7VKDB6DiShvt4xtSnieEVBeAOXXq7KNcY03rDmBxhTBsM4gU5pvGS7L49On66
LdZwHBZDfrVA3JBesRUL3+ThhucIMYI7iQtecJZ/bsW5Ddwsr47bvEY8vOgNLMxU3kMguqLh7Oxs
trUSZCZxplEEZjkFwpgiTMaxFZn3LhxotO6b/NYx3Zwurm8SC+DtJ3l2jul7RsPDP0q6rYn2aQYY
KWDcTHd9noP99Lshw7oS7bKyKThntGDXC80S2o70pn9JIfWmuvG3i86CMuPi8UVmgUaEIm9pOl8a
T2ZIwC1bPOmWQ/YKn+PIsau/G+1TlWufFaW5T1XDbmHiZZll65/pBcdn6rfFiYEUa7p0Xr6F+b3P
QZ5WJrVJDrVl183vlTz9nPD4wnjIr4J8X6ov+D3SpheQsrHsY1LweKFrjg5u1dlaZfBLnhfM3xbx
Ch0+1tFQYF5tdrw8Sc8S1zhfLiHfdy7yeyUR2HrF9Wyognx/qvHNQJtnPxnPk/hMvLapcScN8Dvn
PGJg+Q6K+2wqH4WMZqd0sWhtLTfwVu3q2pbQdtdCUa0F3FP2kIgQiJA7yzpN994hkngP83VYRmdH
+yY+fIHRMuEXy8SwCA3suxyXr4fbfArR1WkEi8s79vCOTg9xq5D8+9/kFQaUP9Pfk+2d6JPIgQEe
c3xSbeOnCsuifUCsBn3flRSVxX1KB/wrm4V0bW7WNMDbTz1tiWQx3imO5zjN743KBpgz6RUDcX13
yXO7povlBV/cQ+hvFxTfBaYv1Rp0S9S3fXVvMG5OPG5R58uPdmsnXoBaNY5R+4GplGVu4rrr7T0u
VWF0nIqI5tcm3HxIX2XU15dtBfm+q7a8z/P2kO3iZvmLRH9YRYeaKa7Vrm+c0qh1DvExSb7CBz6u
oWDTzWLNw1Vk4eNTkC6/ZEyvZ9YgY21fr2WqrZ1vne/Yqx/kGzy2zjlT71jbdNYWPCiqF10qpmrQ
99W1atjNaUcLR7Pii7FBqAG/L/1q4M3Jx3dCaoSLy+9LMg65Ob2/LPWqJV7p1Las6pvi60vqug9+
3vnamepvPg0pB8Ina++1y/J61sENIj3LqEDtA+StExNn4mm4Nmedw9PZ68OpWsvq0uq1rq3WtV1d
PzhIAYJfiwe+N46t5Ab3+6Sgrf2l9p073jjxjVMxj2HGJOA++zRrQEZjY5dGgb73Ho0c9h4HqFmU
vsB6ln6Iuobd+vz9eRLn9H/n2z7aotA6Tk3GPbjBJfvKZKYC3VHi3vaxhU/g9PHZGjm6+rXRgzUZ
eyVe91gkev5hgO8I5ld8xf2IRUm23vrOsk6H46ifG1V2WZ7jVgcNc+OYmAFuL3r7r0it9BEdpzX+
3TGLUc1dfPdi7uI+tdwzFpuldAX4zuk3DLo5zZ9olppruILcQfX7BCJQGuNLlrZF+Xux3Y3jb07/
+9kr/cwLXH3nsuEqvU+NhoonpIwajQK1MqZumF60CH/gE1xmqFU/oXXb/n0zktiFEX2aX5tWRjFe
MTRLA95xKOSmSZo8/Fl3he4e8S8vzAfcxXX7yfZ2HBwHLIvL3OpZBuGDx7z/o0bpOIKIe2zSlGvz
ZRIKcNuu3uzjq8Ozk/c3Zq/jroxoJ+rvVIQoj4o+JEX3qDt43FfnEzStaoDtd0u09p9fvTs+x52F
j/E2HwhVzxAkMdOf5JGvkgDW5CslNpuvjMYX5oQJyHdObmHITacE3yhLM6C2YO1nPaq3bAtDI15A
3U0zPM0ozlsc7DyZ1VfkKIkDviD41Q8nc+In57QgZ3RNbJtY9kF/etDvk//ujYndsy1sECWF/+zs
3Slp5h7BcphOmmTFM2tq9W0EXi6B2E7I8+JZD69pHCdl7OG7wLDG26HekjP5jZD8GSQiiAdfRNtR
rx8DscuOEb1SffJn9hAhC4phn8/k/SDJAGsNS4IAoSABH8+iVdfgL9QoPg8C7pVhsX4mCF1UgV4n
xxOx8SJ/hmBRUO6gRjwLRZ2xhuWM+VoT/N7Ks+OTl4cfTucIlXPf+aNk2VoNqUAZqG9FD/7upjTP
L5PMf/Zf4h8QEljqTk5XTHVccXbZ8UGGFCT3bIKgKze56qAWqiYwCYuSLtgzFi/w2nhhcXcd4QuL
nxBUK+KJ6S4zkfmJWScgPGLoDmgBmS9ZzkglDUIzRiDcILDScvgBOuLhZBbEZYTHXlj64ssV5Jq2
Ia7zJIKeASJo48xpwPZIgpFMjiiJmzF6QdZJmSlchAcEJpUHXIwA84lfkgnXiPgtu6zR7fssoDCj
OblM4h8LgikuzQhKMwJm8eXha6QQPw4j+b5cspiU6SKjPiDoOjFqsUR24MSEPPm0FO+xJEUCo8Q+
ARTqzfwgA1iqoPwFECVuC1LDBIYBVuEXK4S8fLbiHiNL8WEJhESIWaprNWsHRLymHm/ky7LwE1gA
6kM9B8TZUW+Q98IkZ76zIyg7DMPkkuDCAmKqL3WQFafkf1DlsI3QveqlewcEjZDoeiL0UPURD6rj
EiEwYyAUxOauiRIltldqW9/WiH3yiYNAkhjkSn2fZCyX4kex4jcdSMRoXmZieRMQusuQaBAO+6Ok
IYptwVfQdkXDkpFdNSgYmqeIXY4IC4ahTemA2PGDCgdwW4z9toxckApo1WG+jj38qgbBd7GBHnVF
gw8gLaHaFafYbJmB8yhh9qB5vkfEA4xELX5YD3sEX6UPjKDBF7IBg4uwqIxBg7CJRH4uphd4Ai3L
kisOGsZADMCS0Ny4Jg5lqwh6E6CuYhvUyT3Cix9BfEUmuvkM7Z1QmVZnsgs8lLBubCEWwUZHcXog
ULV1lQrlyMo4xun00UAlqZgE8bKWvEuO2Ur9JhFfLGExY86+py8+pTgokSwr00JCpcBQMJByM8WX
mFxYlOILA75cEHSVcB/IvpkC1BHUuQQEDdrV1RQNGndko1rTwPyLDF8uyldgiUF70IMSCYd1EPEC
13bEFtRdFyBxci5F3RPC5TniFt3nOGuXXEheaBQs2suORFQpWS44DDiQCBaJ4RsIEA2eQK2GlEoO
s1XiMiWLBCYqwWWKWoEDLQSZHUHaAekhFzC6MMHyLf//33OAIclt9KN3fRz9eZGkggRlPmuSFLqc
gPlA/wh2ryIIR62osnr2QBEmjMAnsSoUffmPW6BQrAtBEloMoj7CBSudXTGvFMY3kSTLFYnOqm7N
rjyIEvKGI2m43s1PDsj89Ztzcvrm7M2cHM5mp29Ozsns5D2BOO+Xk/d7BBqR+TtodUI+vX53ekJm
798dnZyfd9smwJCHPRwpccxYxhPhkNEQ58igt2TCJAtp1MbWAtlDSOAL2yKadLDKJc2sQAXxIfAJ
Bhq0Cfn9lrJJJYOIDx1gjM3UYAKzRAKmtzHk0iOJMd6hD0E/Lzp0r7dGXVDxNExbyjwMB6RkkVw5
r7JvzQOoF0vzhtV+T/GaP72ZJMV5X3G+oJkLK6PjJWEoY1FhgG6WrlhqSI7qRVQvsN0RjUsRfOiU
QGBWgg4+3at8QlsJKzWU7jUIAJfkN2qWYJe8kzZfKjxED0kZ+jUtHJzIZUwa+nOJOBXkA6OjXk/x
CqO9FMbimpMUqiMx1LwFWRJVzlb2Vi06umrqM4zcqJm8phvkBpUytOO8ChhxyjIYCdVQKbJfRqmM
rmQIR9SNDt6o5usYG6kOgnZBZsUBXIGbh8VObxAwOG1wfDDCCpQsz0uGhqFYwqwtqmgTjRaO1lC1
V02kjBFUUNmV1GDTb8oJ8xxvWcYXeUX7EU0RyqMyAh+L7wskVS6AE0lkViSpaOSK60WJUqyY6zoG
wXaqKBIDdjAKLsHpDuoZO07krbZOY2yEVk/il42rJSRxqYY6ZyJy6HgU3wFbzwuQImIVCB9RekCd
DDAklhQfRcdEA/tIDhvuoJuSp+SnGhkbN9EuChDPyVV4b0d1mx46sXrZ74FyERCaLZNQhpguLSCT
xUhckJzjh/WIcjLCtsnMR92VrsVldbAp3dsTfZaqW2hWs3WByPdIx9ImUEyeGLhTVMQoFyCsdhPH
ihQVQ0hfco65jAj0sTMAFVld8hpiQdClZyK4I0ezD3vQF2hwYX1dch/UXsQK0nrW+DsC/wEZVWF3
E5HnQjpa2y459MFQLWkY7OP7skSa4DPQYTUUDEqw7oEKpi3Exu1pyPRU5OQKrRqGmDTsEiTiwyye
VcF2kwBiLoFE4QON2LFM47SjrlvZzZladTn/yur5xLC8mkbcTalCJgjbpXpornUwtWWnp10yU31C
mi1EB6oyUaULYsQgowtkAeYExJanoYhYML2MKL6OCkbOcJ6OQo4VE5Ev44fZWF6Qs/kHQWkOLCHb
blkQzM/FVDbDyeSiW9maqCg72OtAUIta7jO3XBxUCctPxMJERYVrS1iq4j5R6WkuE2rU5DhPpONS
2mAhMmmcJLajZQIJLGpglaewKhMVFsynBSU5XVWWEisgVZ0I72kpLBAmamoyYFH1iN8THstkWJSJ
fiSf3eQKtT4jb47J7ucPb46fEnzDxRJogPaXYO7TTD5/D4qB+UsGyUu3iQBBExLRRAgbX4Dw+cVp
hV/lNhrkRzEYFouE04ToA5Nc4YYFb0lVHVEuRCviBIEYFu7xYN25KrmvKSKFOAWsG6NFZTeBf/lh
uyoNECmkohT0hqk30MWJF/KUiL6gNljV8yimklGyqrJydGnKDwhb3KnuySHzxgJWhS+9QjIXJQ6p
77CKQLxyMkRbpdxlrkotHqzkQto61acj+xyQFIKkFQ9xGGnHlY1So6AjovGiThRi7Ba2/eFe1cqo
mN1YlZKzfBglJS7hQDoctaJRlGqO0cGiiRL1CNBD/C08JHR+L/yl1lkwHjOZ/7pMInNZgAtQVDWF
i1tWCi90XBQ7Dc8r2ceBavbBEBHaJjWVH8yE0Rg4tZuo7N1MJs0AE+hHte6A2Koz/q2p6YvFjNWB
TineZJhrOinOtouBRHVXX5vHYjDx+GwuLBDKk2U400R+RZAo7oiqplQeXPQxWAd8HWKTJ2QBeVje
iKep2NQS6l4XkbJNl5SLRA3sJGQxcm7SJC3DShnVBboy0UZZxL6whyLC76TKiqEzQcME3k7FzqJa
K2tUB8qLY0lN5I0SLJ2gmi98NqYudviN3FDfO3gsrwWql5sJTpcQbgaJNiOwyjryyYG65TLBmRGk
dPEhzC5PBMVgydYR5j05nv/JgcO8IR2TOXWfNPcFC8KK0cUigwxaVstUaU1WEPAjyhdt/gR9sILf
Hb/Dj4h2lM2Xrg+NwiWTwTWFpXMpRswF4Q0DAtbV6tngaWvJS9WUk3NNqDCh8r5SJnDy+CFM4ar0
GFHAE110EHbHqCda6WqPiNff7BF83bLwz0UdhoHpDVgGoXYHLVCM/k/erdyVdBbUKIWpfSXNv5YQ
coIrF1asMhYKoZh5eb8a49pMS171qS541Nhq5YARKbbHlYCmGWcWDSYOKGp8qlNVz+02A6g7+giV
NG938cpsy9mVq0IrnSgcgL5Q8qyKJEsFFBYDsxwVOCuLgTVnyE18ETnyoEYE6QcwIjcY0AJVlQNp
4wCfMpGVZ6Mhp7lKSyCSpFEaVlcY8wCNaq4OqkmT90BvsYR1QH4VwQr4zz1R0/oNkcqPb9RuUt/4
EGxg4IgvIZZVg2r/SZQDbvJYwqELD52LAFlkm/i+PKBVuVudfDmuoEH+JLhjhV5Beq9mxAPy8vRw
fmD/Y7w3nF5Ze/2r/p79D+sfPgZEYp3v4hd7PDSuzyY9aYrl1WD4VEZ5co9BT9blCkffAjJWtTQR
eohiGMyatyby+8plVhnlKkPJ6t0JYXEAD7gqT+z+5JXAOtXOBuiCDGefvBSmRgwl2htIShEpSMgX
DdIRsaUW9CXiW+2EXYHhy1Vy512I95+IRAYk4nIIzNcyiBPtkF8gBVIP6UbkmpFcCvwQjGS1rd7Z
22FXBYtzrj7UJV4bqH361/XUF1xrCO4q4WeDDVgSffGTAoyhAcWdSANQZqF+jSZCvw54KN5C10AW
kfEh4iWe5tOuOayylQ7AzwuLzXH5foHIlVtkepNcffVYh6WeyfV7FqjigtFTmP3cBEGAEumQ89mp
fhmt8z9C8fVk9YsM8RSkjXsLpIOfYh72Br0x/PzhDSyJsefBv9MRG42Hwcgf22zoBb3AHo2DwYRZ
o7FnU9e1++QHwF0kFyyG8MCQ2JqKHdbqlRhf8YFQfAJmKN6J/VV+ubZuDZdXkTknCbJj93p9y7Lx
3MTs+J0hKj/5IlhpAwHEzekEcxHnudHwnKNB+HxmyKhFAVximm2yBcBL/CagAdS+UYynPCz8zDYQ
vDSVs/HWX0Qwpn//GUXEF/K70OqpTBSTQGmpgyPCoPlu9Q1i1ONsnRaJAMh3kC38a3PODTURsunr
IMjxSmG+F6VUxoqcf2LM9m4mykNNhz///D/l1M5m
===END CRASH DUMP===
