PocketMine-MP Crash Dump Wed Jun 2 00:20:16 +07 2021

Error: Undefined index: NuTaVN
File: plugins/SETVIP_v2.3.phar/src/MCPEVN/SetVip
Line: 191
Type: ErrorException

THIS CRASH WAS CAUSED BY A PLUGIN
BAD PLUGIN: SETVIP v2.3

Code:
[182] 				  
[183] 				  unset($all[$name]);
[184] 				  $this->time->setAll($all);
[185] 			  }
[186] 			  
[187] 			  if(!isset($all[$name])) {
[188] 				  unset($all[$name]);
[189] 			  }
[190] 			  
[191] 			  $st = $all[$name]["current-vip"];
[192] 			  
[193] 			  $i = explode(",", $st);
[194] 			  
[195] 			  $date1 = strtotime($i[0]);
[196] 	    $date2 = strtotime(date("y-m-d"));
[197] 	    $date3 = abs($date2 - $date1);
[198] 		$help = $date3/86400;
[199] 		$date4 = intval($help);
[200] 	    
[201] 		if($date4 >= 1) {

Backtrace:
#0 plugins/SETVIP_v2.3.phar/src/MCPEVN/SetVip(191): pocketmine\utils\Utils::errorExceptionHandler(integer 8, string[23] Undefined index: NuTaVN, string[89] phar://C:/Users/Administrator/Desktop/MSAI/plugins/SETVIP_v2.3.phar/src/MCPEVN/S, integer 191, array[3])
#1 plugins/SETVIP_v2.3.phar/src/MCPEVN/SetVip(26): MCPEVN\SetVip->tick()
#2 pmsrc/src/pocketmine/scheduler/TaskHandler(137): MCPEVN\TickTask->onRun(integer 1)
#3 pmsrc/src/pocketmine/scheduler/TaskScheduler(179): pocketmine\scheduler\TaskHandler->run(integer 1)
#4 pmsrc/src/pocketmine/plugin/PluginManager(654): pocketmine\scheduler\TaskScheduler->mainThreadHeartbeat(integer 1)
#5 pmsrc/src/pocketmine/Server(2389): pocketmine\plugin\PluginManager->tickSchedulers(integer 1)
#6 pmsrc/src/pocketmine/Server(2152): pocketmine\Server->tick()
#7 pmsrc/src/pocketmine/Server(1992): pocketmine\Server->tickProcessor()
#8 pmsrc/src/pocketmine/Server(1586): pocketmine\Server->start()
#9 pmsrc/src/pocketmine/PocketMine(291): pocketmine\Server->__construct(object BaseClassLoader, object pocketmine\utils\MainLogger, string[36] C:\Users\Administrator\Desktop\MSAI\, string[44] C:\Users\Administrator\Desktop\MSAI\plugins\)
#10 pmsrc/src/pocketmine/PocketMine(321): pocketmine\server()
#11 pmsrc(11): require(string[91] phar://C:/Users/Administrator/Desktop/MSAI/PocketMine-MP.phar/src/pocketmine/Poc)

PocketMine-MP version: 3.19.1 [Protocol 431]
Git commit: a7cd0810020af15fb3d79127c77cf576085cd4cc
uname -a: Windows NT DESKTOP-KF1VXGB 6.3 build 9600 (Windows Server 2012 R2 Standard Edition) AMD64
PHP Version: 7.3.21
Zend version: 3.3.21
OS : WINNT, win
Composer libraries: 
- adhocore/json-comment 1.1.2@fc2f76979f0a44a5f5bc2a2b600d0762fe0e78e7
- daverandom/callback-validator unknown@unknown
- pocketmine/binaryutils 0.1.13@0abee38d4e2861621f262c79a2a3d699d8a697f4
- pocketmine/callback-validator 1.0.3@64787469766bcaa7e5885242e85c23c25e8c55a2
- pocketmine/classloader 0.1.2@9757928424652393b178a3760073113aa7c9911b
- pocketmine/log 0.2.1@830b44a2cf96ef703c550abe64302f230231ca49
- pocketmine/log-pthreads 0.1.3@e477ecf6ec214fdd4415ea1da3fdd9d73bf699ea
- pocketmine/math 0.2.6@43057cb8c179a9859677b496a788db922fd5cfc3
- pocketmine/nbt 0.2.18@9f82ca4d7f97fcd9a566e44b63c4f18a7657ae82
- pocketmine/pocketmine-mp 3.19.1@a7cd0810020af15fb3d79127c77cf576085cd4cc
- pocketmine/raklib 0.12.11@9cce458b8bfde3e4dfdbf70c659fc7b7fe26b5c4
- pocketmine/snooze 0.1.5@70b5e7937a06878dd321a3182ceb76d56298f2cd
- pocketmine/spl 0.4.2@6b08b7cf8c4afa17139c9a1b3bf1b408531de161

Loaded plugins:
PurePerms 1.4.2-c2a by 64FF00 & ProjectInfinity for API(s) 3.0.0
InvCrashFix 0.0.1 by  for API(s) 3.14.0
AutoXP 1.1.0 by JackMD for API(s) 3.0.0
OffHand 2.0.3 by alvin0319 for API(s) 3.0.0
TimeCommander 1.0.2 by TheDeibo for API(s) 3.0.2
PM-Beacons 2.0.0 by jasonwynn10 for API(s) 3.0.0
SocialSpy 2.1.0 by Crafter20162017 for API(s) 3.0.0, 4.0.0
Farms 1.0-non-alpha by Dấu Tên for API(s) 3.0.0, 4.0.0
AutoInv 0.0.10 by JackNoordhuis for API(s) 3.0.0
SETVIP 2.3 by MCPEVN TEAM for API(s) 3.0.0
ec 1 by McLebt for API(s) 3.8.1
BuilderTools 1.2.0-beta2 by CzechPMDevs, VixikCZ for API(s) 3.0.0
FormAPI 1.3.0 by jojoe77777 for API(s) 3.2.0
NoTP 1.0.7 by awzaw for API(s) 3.0.0
MSpawns 2.2 by EvolSoft for API(s) 3.0.0
Netherite 1.2.1 by Wertzui123 for API(s) 3.0.0
KygekRanksUI 1.3.0 by Kygekraqmak for API(s) 3.0.0
FactionsPro 1.3.20 by Tethered_ for API(s) 3.0.0
MultiWorld 1.5.2 by CzechPMDevs, VixikCZ, fuyutsuki, kaliiks for API(s) 3.0.0
Sponges 1.0.0 by  for API(s) 3.0.0
PureChat 1.4.11 by 64FF00 for API(s) 3.0.0
Slapper 1.6.1 by jojoe77777 for API(s) 3.13.0
Trident 1.0.0 by brokiem for API(s) 3.15.0
BlockSniper 3.2.3 by BlockHorizons, Sandertv (@Sandertv), Chris-Prime (@PrimusLV) for API(s) 3.2.0
BlocksConverter 2.1.1 by matcracker for API(s) 3.0.0
OnlineTime 1.3 by Zedstar16 for API(s) 3.0.0
MaxEnchants 1.2.1 by Xenophilicy for API(s) 3.0.0
PointAPI 1.0.3 by onebone | Fixed and Update by LamPocketVN for API(s) 3.9.0
InvSee 1.0.0 by BlockHorizons for API(s) 3.0.0
TPAll 1.2 by matymare for API(s) 3.0.0
KeepInventory 1.0 by KhoaGamingPro for API(s) 3.0.0
WorldProtect 2.3.8 by aliuly for API(s) 3.0.0
Shield 1.0.0 by JavierLeon9966 for API(s) 3.7.0
Broadcaster 1.5 by EvolSoft for API(s) 3.0.0
VanillaEnchantments 4.0.0 by TheAz928 for API(s) 3.0.0, 3.1.0
reyyogaWtrhit 1.1.6 by reyyogaMnelux for API(s) 3.0.0, 4.0.0
DevTools 1.14.1 by PocketMine Team for API(s) 3.13.0
HideCommands 1.0.7 by Himbeer for API(s) 3.6.0
PiggyCustomEnchants 2.4.0 by DaPigGuy for API(s) 3.19.0
BlazinFly 1.8.7 by iiFlamiinBlaze for API(s) 3.0.0
Worlds 3.0.7 by survanetwork for API(s) 3.0.0
NoDrop 1.0.0 by Inaayat for API(s) 3.0.0
EconomyAPI 5.7.2 by onebone for API(s) 3.0.0
CustomAlerts 2.1 by EvolSoft for API(s) 3.0.0
BangHoiUI 1 by JVN | JackVnKiller for API(s) 3.0.0
AuctionHouse 1.2.4 by Shock95x for API(s) 3.0.0
PiggyShopUI 2.1.1 by DaPigGuy for API(s) 3.2.0
EconomyLand 2.1.2 by onebone for API(s) 3.0.0
giftcode 1.0.0 by LetTIHL for API(s) 3.0.0
AutoClearLagg 3.1.0 by Twisted for API(s) 3.0.0
freeze 2.1.0 by Bavfalcon9 for API(s) 3.0.0
luyendan 1.0.0 by LetTIHL for API(s) 3.0.0
MuaPoint 0.1.lpk by LamPocketVN for API(s) 3.9.0
UpGrade 1.0.0 by LetTIHL for API(s) 3.0.0
QuestPlugin 3.1 by HmmHmmmmm for API(s) 3.11.0
essentialsTP 1.2.2 by  for API(s) 3.0.0
AutoSellUI 3.0.0 by LetTIHL for API(s) 3.8.2
cayphattai 2.0.0 by Lettihl for API(s) 3.0.0
PureEntitiesX 0.7.0 by milk0417, RevivalPMMP for API(s) 3.19.0
CustomItem 1.0.0 by Phuongaz for API(s) 3.0.0
PickaxeFunction 1.0.0 by LetTIHL for API(s) 3.0.0
PHP-Sell 1.2.7 by Muqsit for API(s) 3.0.0-ALPHA9, 3.0.0-ALPHA10, 3.0.0-ALPHA11, 3.0.0-ALPHA12, 3.0.0
level 2.0.0 by LetTIHL for API(s) 3.0.0
thoikhong 1.0.0 by  for API(s) 3.0.0
TempBanUI 2.3 by SonsaYT for API(s) 3.0.0, 4.0.0
NapThe 1 by phuongaz for API(s) 3.0.0
shopvip 1.0.0 by LetTIHL for API(s) 3.0.0
CustomTags 0.0.1 by DaRealAqua for API(s) 3.0.0
NganHang 1 by GreenJajot for API(s) 3.0.0
CmdSnooper 1.0.0 by HotshotHD for API(s) 3.0.0
HealFeed 2 by JackPlugin for API(s) 3.0.0, 3.1.0, 3.0.7, 4.0.0
OreGenerator 2.0.0 by vividmemory, LetTIHL for API(s) 3.0.0
ScoreHud 3.0.0 by JackMD for API(s) 3.0.0
MuteTime 1.0.0 by LetTIHL for API(s) 3.0.0
capdao 1.0.0 by Nguyễn Công Danh (NCD) for API(s) 3.0.0
luckyblock 1.0.0 by LetTIHL for API(s) 3.0.0
SizePlayer 1.0.3 by  for API(s) 3.0.0
WarpGUI 1.0.0 by RockPanther for API(s) 3.0.0
PrisonMine 1.0.0 by LetTIHL for API(s) 3.0.0
Item 1.0.0 by LetTIHL for API(s) 3.0.0
TrashGUI 0.0.1 by Phuongaz for API(s) 3.0.0
SlapperRotation 1.2.1 by jojoe77777 for API(s) 3.0.0
Buyrank 1.0.0 by LetTIHL for API(s) 3.0.0
PiggyCrates 2.0.9 by DaPigGuy for API(s) 3.2.0
LoadWorlds 1.1 by shin for API(s) 3.0.0
VanishV2 1.16 by superbobby for API(s) 3.0.0
AcidIsland 3.2.9 by GODSMineVn for API(s) 3.0.0
detu 4.0.0 by CLADevs || GreenJajot for API(s) 3.0.0
SellExp 3.0.0 by EzMinh, LetTIHL for API(s) 3.0.0
BetterVoting 1.6 by Twisted for API(s) 3.0.0
KitUI 1.3.6 by Infernus101 for API(s) 3.4.0
BuydetuUI 1 by FurryJaki1992 for API(s) 3.0.0
restart_in 1.0.0 by LetTIHL for API(s) 3.0.0
AntiToolBox 0.1 by NgLamVN for API(s) 3.19.0
Kho 6 by ItzFabb for API(s) 3.0.0
ShopMob 1.0.0 by LetTIHL for API(s) 3.0.0
gem 1.0.0 by LetTIHL for API(s) 3.0.0
Rewards 3.0 by Wertzui123 for API(s) 3.0.0
help 1.0.0 by LetTIHL for API(s) 3.0.0
RPG 1.0.0 by LetTIHL for API(s) 3.0.0
BuyFix 1 by FPVGAMER for API(s) 3.0.0, 3.7.1, 3.8.1, 3.9.3, 4.0.0
Joinkit 1.0.0 by LetTIHL for API(s) 3.0.0
MenuUI 1.0.0 by LetTIHL for API(s) 3.0.0

----------------------REPORT THE DATA BELOW THIS LINE-----------------------

===BEGIN CRASH DUMP===
eNrtffl327aW8L+CcXqmzowli9Tud9ITx0vs1o41sbLMK3tyIBKUUHMrF9nKe/3f514AJAHasWVb
zff90L72WbwEL+6GuxEk/7Xlx2lI8y9LlmY8jrb2ejtbOQ/Z1p41sO3+YNSxBu2ObfeGo52tIpGn
+m1rZHUGg04XxvS6g/7OVkCz/ChN43Rr719b+SqBUVvi+OjGZXAZoN7ZClmW0Tme+hB5zOcR8wiH
Xzd75F0xpR/fwRi/CIJjHuCgZEHTvd3dg73dDxmQt7vvhTziWZ7SPE53D1l2lcfJ7vnl/uluEhRz
HmW7l0fTj6eTL0u73W3j5btZ6u6eH0yOPr7bvWT5R54AOMFp1BRrXwfXBEAwyGVsgYhS6sLvX7de
dMj6OLbh2pd7JIndK5YDL8xxipwHmeN8wD97e8yQ2AmNvICl2zzK2ZylZLRDgHkezX+1u7+Rb4iw
GjMa/0Y2LcEdUtKCUiA0Tenq1+5vL0E4L6zHCMIegBwkyHEkrPVTzt2rbYHLJkmIF+F/tbR2M3fB
vAJEsjul2VUpHqs71JBNAQmebf0UR++LqBKeJRB310F8WR5tW8NxQ1/VSJippqH1U3prqt7dU0kh
7U7En3MawXpItwf93v3zVCS1fgopj6aLlFHvhNE0nzGaN2bu3z3zJUthlW/b3VGTKUmT4xhESX1U
E2eNSQb3T2L17cYk8oyu5eG9KKzx+D4UkzR2wZ3EqcQ1uh9XfzT4Bq4sByFKHOO7cUzEz3P4uW3f
Wr8lmi9f3DiChVW4+XY8+525OXlDM3YAfjE7i6nH0h2i4Hcs/3PQ6Vk8n+MotXy7g9/IwR54Bly4
jmOsXMdRSxeuhLXrONVVvd4jrlLr1XHk+u08yH7XbrKfSflKBJZEsG3hqJT9UfCUbSvCxtajvFE9
aet8UjsRk6yXW7/9ubPFNhJ1nhMOgAh54RceLeNgyUIW5YDNA/7dfKs8CxCJFyBu7DGk2RrZAHZy
+T9C4JQ16hqgIspYvv0DDYJff4hoyH57+Q8xqmeM+iFf8AxXRsjAplm+HwTiGjW4Xw0m5E8BGWgQ
ARhqAO5v/wfPmvO+JP8SI0dr0TduTjnuNKYcWxrghywnr4iG5ldnyy3SFETZWvLE2fpNoB3bTSRd
HQkHHOwmCUC8287WDvyLiCVF417zUl0qP3g0ZxZcDvaYxyjH7R/4rx3FzViKixA10DYGIgSmW7XC
ludsvVSXDM1LunAJnWXb6vqWmlENLmX6w4IFCQpCXLI7GvQ6HTmilKc404Mh4I+XFLSMVwgsdqdT
TSkOS/mCOtVVP70C9w1q/PPvFObvFObvFObvFObvFOb/dQqzszVnEUtpgPkARj5w2sa1QNgM9FCX
6FvdtjVuWwgveOBBDjLqQgnOsy8eW27t+TTIGCQdaZzHbgxoe12oWOccUxI6dL0O1O4du0N9q+/P
ut5wbNlDdzh0/f5w0Bn1Xa/nuoC7ULR8At8cX2fk3ZQcHl3+Mr2YtH45tj5+fvuGDNpdIkgg40Gn
Q7bLodKiCAQgm7y3yWUOLoamHjnyOAaFl2T//HDQw8QIavG9rSE4WRvZ+coiT7CnjuH0lzhDGk7f
vZsCQBxc80hkUGESgw6+BHyW0pSzDOVHvQXwnLLd37M4asEYlYpZbattv/Zd2x8OxsOx36G9Hu37
/ZlrU3sGxHud4cD2WYcNR2wI6D0KHADZcbjrQk4yo+5VC6It91DRgLCIrqL4Onqt/iKxtWJnPKLp
SiwMGNqBua3u6w6dMdYdeT1mjwbWwLZ8e2C7wzG1adcbjMfeiAJpfs9EdefkVrvT7r4e9IajYQ+u
GQxmLqVD1h+N+nbPZqBDu+vafTZy+31qNxDicg7Ecla02a/Hw/5wbI96dm/Qt7vj7swajmgXrKEz
7FpWF3C747FlzUxMQTwXGOy29XrU7cxAorbrjwfMH3a6MDMyPOh1O7Zvw/91LZf2xrcwtJJcBIJS
UN3XrDccMtcfMNe2er7n9XpWn1HLo104GHvD7swHaTFqogppvlDUDF7DpP2hOxu5EPzoeNQfD4bD
WW88oMPRyJuNbdv3+q7vdk0U0Swv+Rm9HvsjGwj2hj7oxPXGtD8YsF5vNui6Pd8a0eGgP6Rs1BBu
/bMVJtVCff2IVachS+kV2LaUC9BkvR67Luv1R7PRzPdYl/U835uBrN1Bf+y7w9nQZ/Zg1ncbFpRF
cfyVKfH2Xw87sz4bjrtD2hmMhiPPA49Iu1CHuGw2HHj9gT0e+bbrNZAkgcDQA2sZzDqjGRA+cnvU
p9bQ6o7dMbVmoBhr1gNeupbHrIG19WdVGIm1OSlSNmFpmOmOroLtbNX+zcJ5WrA0AUqLfBGnGSaq
g97xMbiZ/yQQODEMnUaQPPJ8hT6UJhyHdGFldPCYRXQWMPAmEM/AGXosAd+CWOBcFvv5oQ7AfASm
/SIngCSipEr7iQUfrBqk+eJy+uni/dkhgK7ZLOM5crLI8ySD0AB+dlHM2uB6dsW1KqGs8YBQTqPl
QUqzxTG/0WShQ3VpAEfC2deS0Pm1ek9nOCz+AOodB8pWF2f2+Y3jyFD/ELvIxn6Rx58nGgcKYKoS
nJWpxp/BnZ0fbkppEhvkCWJumYc8QVcSza7iAJi78H3MjDXuSojOno2e2GSPBksedbrWeFMcVggd
B0hYAAnVj3W0NIUK9QACIQxnqcaOCTd1Bk7QZGq6YIeMz+IGT/ZTeTImbyrtcrr/fvphcouTyXnr
DaOYpOoepAY2FdOwu98p5ATXqyiyOptSjYbScWaCDMepyXlQN5exy2lwmaw0hmqYyc+tdQTOws9Z
ClnWAP4b3uJpZ6v3HN7c0MPQkaB+DkLvUv5eh6tjajp5edywsFYECRoNIC82uTp0CovRfkGmTtHp
MBptmq9F6DiCIvVnXU8H7rnh6hByy1Hf4ezexXHqLQqebc7sXMg6FVLHgelicOHSB0qiHrY82YnU
zK5sTeo213BtskFBpkf755tixWygrEM5czWqmWvaVYNe94xBUqeTOoJQ+lRSBTbHYeiz3AXL8vWi
DRL9Bqsklk7jONBXhgE2Fwg4sNaM5bThiA++MncxOT9kS7zgI7/hVwf/3JQyXESehFBFglXNJG05
0gZOzaT0seFVI3vXQIXuIk7D/cmp7jAUxJRI95ZDj3+P2RD/MQRgP2NhVRjBOUgiqh/rqPldPNXX
lDhsRtZhI124/kqvN5YqIDLHieI8eXImJAkCZs4vE3ptxNoSYjqJhoUeLePgEujbmIeQk2LHp5z9
njyhZOj6+rrNgBLE2s6vhHJYvmCpGFZrqII1V1/DlXyClfC14Jbd3RRfNUbHqch4stZqbLs1T8D0
L6s5u3pPo6vsg77CDPADy0yMTekfIb3aFO8aSsfRaVnfox5TF3tJGdSCRqpRQ5ts2Q2+pkJOzPvy
PK629qOcg2mGOGfNokYJJhriYF3ezosg55/iNNDLDw1octZvrxUjcGvNqsiz4orD7ysacH6V/SWR
I0RKr5FSUKdO9XOihoYI05ckjuZM900lpOluO9+snJ/BLiRZq34fshY56fpWi22AgwXNGy0QAWp2
QCzrrvbHozSm9Vdu2+2Ez+er0ky3dhpr5zNb8rjIJketasg3OiVIfP1rA30SgQaVHNAkMWrWEmKK
atB01t9IDKzu0zWeyZmf7J9rknZLJrA2T7knGtR1Va4g95vx1iyNrzgLTfb6T2dP4XMcNT/o87wm
5eH0Nojdq8uIm9rSoTo/mKI1Kgsx9CRO+Vdpi5eiMZAvyfbr8ifeoDlYpDxrTVIeMjiDf4vs7OPL
56V/W+erSRDnmnkb1EDuW/PxmPaYuCw7iCPgPL8tGO1Ms9BvmHNIczeFkg9Gbsh/1RgVdzUxj+Hw
IsI9MFOxJ7Ruk9XARgQ2ufon8/DGpTXYFFMVQsepaXjygq2w7WoMYWymN0eRu6BRbmTGGvSBTPIz
i+JkwQPubqxxraFEfitSjIO1wlPMo9ysxSpQ0yM11BlHbAb/kX+TY37DPAKrlnxIcNcJma3IGaRH
4m7Cx3cG0+OnM60mdJwEKQSM4LNqWh9oJUIAv2TMbL4j4AG3a7qpDWmv4W0kJY9ZhtPJfqDfPZbH
DTO85VJWIU3ZBh2KwOc4eUKDYP2E6BfGEuAY4kyc6l1QE95QS6M+WcT0LQ15NFcZ+EYqFB0p1Cg6
OetzJ/JVQJDjPsCaOQPc6Li1R83bCbwIVpu7l4DYHEdk54mkYJ32+x0O8rzgqc9Z4Ol3Pcv9U3nK
8J5sBgFl1+AW07oFXqVndRLwwNr7mS45S89YHI3HAzNoDB9Kg8tbN/feR9LRQ2oviCr/rhXvUxjh
Cp71WK9BG3XbX9s30SaGIG9Q8bT+yUca8SCgKp7gxgo9At51Vue3d1uj0wXb/zq2R3d0+LvidscT
OV9KUhznIE7ZE0J/SdfuXTyBIFK2WsVz+ilPF1xf1ia8eRd0YDKvBp9HLChuNn2PQyEHMqz1nRWU
2c3+dAVqMNNrJjX1hiUyZTTcWNlVEoAbv5aN5vOafqombbfCAdyeQHGj7kDqHBvgB1q3JzycsUZS
Png6rwqd4+g0rJm/ykvbMkUVhf1BkeVxeEeqetdZMwb1mgv1kMJFbwszClnPyN1KhJCy3abmTuAT
lnE5ye4d6HZlgUa/8ug4WBmlWQkzlT9qKp/z4wDyAx7hFRvLo0ysWJwpcrSfayceWTPlyBpl+C2L
zooUnCfLIT3YWK9X4FQZB+i2ImQtdap8oi2QtIGy3RcSkbzbcpjGiXG/RQAeSCROI0pXdGNxVqFz
HDn7+v72yI2jOFyZ5ZYG1NnoQ45j31lwbYqNqpxikgJRUBnUPMiQXGL7AUsNh2OAG62OvzYF0meG
bMCk42lJ0BsazU9ibtxMqWH33Iv++eM7qI1xO8DH6BfIKp7bzNFukmpa0vJZvKu+rinuF6LFexIX
GTM2OWjgZlujZ/J3uYA4O+7fPJMrw+L0HXGaQ1Ez4cYHQd8C6cPdDwa1Dzc7MCwA2YmhTB36QF/u
zrBoP49lcZtDQba+GTAlfcbBswOkRLOreaYzc/+bDm1KZgO+qWHG6/qpQOyHM2l7UPVz7uflI3iK
uwr0QPQ4Y/n09ORsUy6qnPYxazWPDwJG0zM6nzd2JNVwM9Df6plMrznUgt6muMglOrkVyUUiAiBC
bkjSaXp0JSbx7meroAjPD3ZNfCAMP2Xsq65GBXhg69wbuvRpADazsU2aNUbHkTSsr9GgWAE+Gmls
VKDva43ltOvTfl5Q0XU1blQrkLk3zmoHyVWD+id2hU2XWXV972FMmwnvSUsC61/rcPoheZtSw2WU
kO+ro+IRKeb/FCzLJ+rp44puHdrwE40CNwzhX/jHLPweas1Ut2nv3YUZLhCz4/xRiJ10gqgnuIiS
xl2dK9wmmGUsyjkNMmNLlgFupjT2X7FXQJ8RopY5/1re/pIFgZGjaMBmQbeG7Y2evm1boVvfAF26
ShY0zynXyNeAD2zZhvlyvgg2tkslyR+3VeMIVJVzln1u7Neo4aaPGzYZCHlw1elZWGa/Z0u+pMHk
/HyysT5KKnEmYQhOIQHCmCJM7scoyXx0z0yjddfktyrzTnMW3iryBPABdzhZFHE0p183W+ThzI/Q
LXev6A07LiJRMhjpv3nm+/r2RM7+CEZOJi30BDoHJajp3Rq9nnPx8E+T8tb+2eRkfyxa8NWh1Wkc
W41juzx+KuNI8InI5NdOmtiS6WzL44f9yUbVlULI4fNH6Aso4VcLsH+N8hr2XfauVdOtT/WUhckb
GhkxqIbd+8jAZRxl9H+nm77BodA6TkXG+ty8o8l0YWwCloB7mjfJhn1Wic9x5Nzl33XIz6BOX3K9
7VlCvq+vUrOuL3fpqKd0frs5KID3P/O4dUjfMxrs/1HQTXHg0RQwUsC4HhMez9w49drgamjEaZsV
wpzmFF9zoq/oCnSPSb3FYP0z/T3eWLezxvgIndQPdmk60Z/2utekTuIczCA/2djTnE9/6OwEVHnM
mN6wqkCGh7r9fJYqGr51F3qnulPSe+6DqhP1lpJ11XORsrfi5RB5rCvIAD8Q8iCR417Iwjhd7ZAN
uwCdDsdRP9dyYpf4koaTwtgFUoIeKGn+mseHy9kf0/nIm1sfK9D39cRhkbPHlGSJR2OjHBOAB2h+
Ny9W+Gim24/IAT6a6feiOTmk0YJsvzs4fLkpZnAeFh1AeETcjnOGed1pFqzZ2Q0K92o1wx11Rjet
An7vflo58fr6ueRf2SSgK3Pjew28fx/mhggX853hfLA0qt9r3XmmafLWyBRLyAOifw9SmtAIn8nZ
lPjfC8Hj/I+oqFKexdG5eLdfXVPVwO9cEIqJ5YuK1uWgUZmvU5NvmGr+qGJ8irf4TJOpQA/khJvu
JXyK4wCfgZCzq19rLVrZ8Xwf57TRUGieeWB3+DceXXnOUjYJeMwzy6uURlfG48oS8n2tCad8TGsH
N/tgHnJ705OENhOm8V9yV/euPUzf3gAlKDMOnr/hSaAR93NxK/mtHUEasLG7r7EnaHFHbvzU/nE1
5/rPZSCPbrKM2nmclNtQs8VHu7H3VIAajAyau5tgHczi2Wy1ub1NJUbHKYmof63V33e5p7Ibrb9f
A5vPTTWM9e3F4SWGpY/RJvddqC2TccT0PQjyMSlQnHxcag3mPJYXGlvi8IE9wQdn+/i4J/n3v8nm
K2SFHFjg0aNcIbYnj270nksJeaBYOfoKUy02XnhJtI5z9HmC2zYe4dNZnrP0Y5xzo2FhgBsPV/6l
Gwem5cYBnQLzaK2nSHhuPt4ujpsPgA+a+wB9lkZFZnUsg53ec/YCVigdRxDxqHCLC8TcWVbB7ukk
HRdpuvqZXnF83eimFGMgFTfKp8W7xeMardgdp2n+xbj5rAG/cxohJ37ERpso57hd/E2sv6VNhzY2
ODQL5jMaNjY2POden8LnOBoF6z4lpiUJJVm4ahZ6GwCPdIaaqyX/ekxnsydv6bq1m++ba0hOhE/e
PMaz4ejzeGY8ViQh378tvj7Vc6NUm3/3Sm3+mELtPbumqZFDlpBGFPyer05RJGzixSkKlUiZ8aXq
GqPi8PuqBqd8hG4mb3W9wNF3blQsk0eFOvPVlwpwX5CbfHy7f370/s4u/bAtb0iP1N+xaIo9q1sv
KVqfpZ9jHl0ZT4OVkO+rhyv+iAh3ziIz31CA79y+hknXpRnfKEtTIBbSw8aDZ+VbtkVsES+gbicp
3j0SO2D2tl5MqiNyEEc+nxP86oeTOtGLS5qTc7oitk0se6873ut2yX93hsTu2BYOCOPce3V+cUbq
ygzBcppWEqf5K2tsdW0EXi+A2FYAee2rDh7TKIqLyMVnY7GH2qLugjP5jZDsFRQhiAdfbNVSj+OC
2OWFIb1R12Sv7D5C5hRv5HhMnvfjFLBWsNj3EQoS8PBeRnkMC1PN4nHf524R5KtXgtB5eeumleE2
q2ievUKw2EjRQoN4FYjKtoJljHnaEPzeyqvDo+P9D2dThErdt/4oWLpSUypQCmlASQ/+bic0y67j
1Hv1X+IfEFKRx62MLpm6cMnZdcsDGVKQ3KsRgm5m8U0LrVANASXMCzpnrxhUDHBsvLC4vQrxhcUv
CJoVcYW6i1Q0wITWCQiPGLYDVkCmC5YxUkqD0JSRfMEI1MEZ/AAbcVGZOZkxwiM3KDzx5Qpyy9oQ
12UcwpU+ImjizKjPdkiMne4MUZJZyugVWcVFqnAR7hNQKve5mAH0iV+SCVaI+B27rtDtesynoNGM
XMfRjznBTh9NCUozBGbx5eErpBA/DiP5vl6wiBTJPKUeIGg7EVqxRLbnRIS8+LQQr8UieQyzRB4B
FOrN/CCDlEZg/FCwydOC1CCGaYBV+MVyIS+PLbnLyEJ8WAIhIWKW5lpqbY+I19TjiWxR5F4MC0B9
qGePOFvqDfJuEGdQHW4JyvaDIL4muLCAmPJLHWTJKfkfNDkcI2yvfAh9j6ATEpceCTtU14hXU+AS
IaAxEApim62IEiWOV2ZbndaIffGJg0DiCORKPY9AUSHFj2LFbzqQkNGsSMXyJiD0GUOiQTjsj4IG
KLY5X8LYJQ0KRrbVpOBoXiJ2OSMsGIY+pQVixw8q7MFpMfe7IpyBVMCq9rNV5OJXNQg+qgd21BYD
PoC0hGmXnOKwRQpJeAHag+HZDhHPzxG1+GE97BB8lT4wgg5fyAYcLsLCIgILwiES+aVQL/AEVpbG
NxwsjIEYgCVhuVFFHMpWEXTqo63iGLTJHcLzH0F8eSoug9IWPyaBJtO4mGwDDwWsG1uIRbDRUpzu
CVRNW6XCONIiilCdHjqoOBFKEO+xzNrkkC3VbxLy+QIWMxYjO/riU4aDEknTIsklVAoMBRMCbYov
oVxYlOILA55cEHQZcw/IvpsCtBG0uRgEDdbV1gwNBrfkoMrSwP2Le/ZyUb4FTwzWgxGUSDisg5Dn
uLZDNqezVQ4SJ5dS1B0hXJ4hbnH5FLV2zYXkhUXBor1uSUSlkWWCQ58DieCRGL7qAtHgswzllNLI
QVsFLlMyj0FRMS5TtAqcaC7IbAnS9kgHuYDZhQuWb/n//54DTEnuox+j6/Poz/I4ESQo91mRpNBl
BNwHxkfweyVBOGtJldWxe4ow4QQ+iVWh6Mt+3ACFYl0IktBjEPURLljp7Ia5hXC+sSRZrkgMVtVo
duNClpDVHEnHdTE92iPTk9NLcnZ6fjol+5PJ2enRJZkcvSeQ5/1y9H6HwCAyvYBRR+TTycXZEZm8
vzg4urxsN12AIQ+7P1DimLCUxyIgoyPOkEF3wYRLFtKonK0FsoeUwBO+RQxp4b0S6WYFKsgPgU9w
0GBNyO+3jE0aGWR8GAAjHKYmE5glEnC9tSOXEUnMcYExBOO8uKB9ezTagsqnQW0JczEdkJJFcqVe
5bUVD2BeLMlqVrsdxWv28m6SFOddxfmcpjNYGS03DgKZiwoHdLd0xVJDctRVRF0FvjukUSGSD50S
SMwKsMGXO2VMaBphaYYyvPo+4JL8hvUSbJML6fOlwUP2EBeBV9HCIYhcR6SmP5OIE0E+MDrodBSv
MNuxcBa3gqQwHYmh4s1P47AMtvJqNaKlm6auYeRGafKWbZA7TMqwjssyYUSVpTATmqEyZK8IE5ld
yRSOqBMtPFHq6xAHqQsE7YLMkgM4gjAPi53eIWAI2hD4YIYlGFmWFQwdQ74Arc3LbBOdFs5WU7VT
KlLmCCqpbEtqcOg35YR1jrsooquspP2AJgjlYRFCjMXX/5GyFkBFElkVSSpqueJ6UaIUK+a2jUGy
nSiKxIQtzIILCLq9SmOHsTzVtGnMjdDrSfxycLmEJC41UOdMZA4tl+LLwiu9ACkiV4H0EaUH1MkE
Q2JJ8K18WGjgNZLDmju4TMlT8lPOjIPrbBcFiM9IlnjvR3WfHTqRehfEngoRkJot4kCmmDOaQyWL
mbggOcMP6xEVZIRvk5WPOitDy4xVyaYMby90LZWn0K2mqxyR75CWpSlQKE9M3MpLYlQIEF67zmNF
iYoppCc5x1pGJPp4MQAVWW1yArkg2NIrkdyRg8mHHbgWaJjB+rrmHpi9yBWk96zwtwT+PTIo0+46
I8+EdLSxbbLvgaNa0MDfxTfkiTLBY2DDaiqYlGDfAw1MW4h12NOQ6aXI0Q16NUwxadAmSMSHSTQp
k+26AMRaAonC7iZeWCRR0lLHjermXK26jH9llT4xLS/ViE+vlSkTpO3SPLTQ2hvb8qKXbTJR1wQ0
nYsLqKpElS2IGf2UzpEF0AmILUsCkbFgeRlSfEsCzJying4Cjh0TUS/jh9lYlpPz6QdBaQYsIduz
IidYnwtV1tPJ4qJd+powL1p41Z6gFq3cY7NivlcWLD8RCwsVla4tYKmK80SVp5ksqNGSoyyWgUtZ
g4XIpHOS2A4WMRSwaIFlncLKSlR4MI/mlGR0WXpK7ICUfSI8p5WwQJjoqcmERfUjfo95JIth0Sb6
kXyexTdo9Sk5PSTbnz+cHr4k+LLPBdAA46/B3SepfLMvGAbWLykUL+06AwRLiMUQIWz8RsfnN2cl
flXbaJAfxWTYLBJBE7IPLHJFGBa8xWV3RIUQrYnj+2JaOMf9Veum4J5miBTyFPBujOal3wT+5Yft
yjJAlJCKUrAbpt45GcVuwBMirgWzwa6eS7GUDONlWZVjSFNxQPjiVnlOTpnVHrBsfOkdkqlocUh7
h1UE4pXKEGOVcReZarW4sJJz6evUNS15zR5JIEla8gCnkX5c+Sg1CwYiGs2rQiHCy4JmPNwpRxkd
szu7UlLL+2Fc4BL2ZcBRKxpFqXSMARZdlOhHgB3ibxEh4eL3Il5qFwvGIybr3xmTyGbMxwUoupoi
xC1Kgxc2LpqdRuSV7ONEFfvgiAhtkprID2bCbAyC2l1Udu4mk6aACeyjXHdAbHkx/q2o6YrFjN2B
ViHeXZppNineayAmEt1dfW0eisnERt9MeCCUJ0tR00R+RZAo7ojqppQRXFxjsA74WsQmL8gc6rCs
Fk/dsakk1L4tIuWbrikXhRr4SahipG6SOCmC0hjVAYYyMUZ5xK7whyLDbyXKi2EwQccE0U7lzqJb
K3tUeyqKY0tN1I0SLIOg0hdu6aiaHV4tN7T3Fr78ogGqlpsJThaQbvqxphFYZS15S68auYhRM4KU
Nj4W2+axoBg82SrEuifDbZAZcJjVpGMxp86T+rxgQXgxOp+nUEHLbplqrckOAn5E+arJn6APVvDF
4QV+RLSlfL4MfegUrplMriksnWsxYyYIrxkQsLbWz4ZIW0lemqZUzi2hgkLleWVMEOTxQ5giVOk5
ooDHuugg7Y7QTrTW1Q4RX2jaIfglGhGf8yoNA9frsxRS7RZ6oAjjnzxbhisZLKjRClP3lbT4WkDK
CaFceLHSWSiEQvPyfDnHLU1LXnVV5zysfbUKwIgUx+NKQNeMmkWHiROKHp+6qOzntusJ1Bl9hlKa
94d45balduWq0FonCgegz5U8yybJQgGFx8AqRyXOymNgzxlqE09kjtyvEEH5AYzIGwzogcrOgfRx
gE+5yDKy0YDTTJUlkEnSMAnKI8x5gEalq71SafIc2C22sPbIryJZgfi5I3pavyFS+W62KkzqNz4E
G5g44lvlZdegvP8k2gF3RSwR0EWEzkSCLKpNfEES0KrCrU6+nFfQIH8SvGOFUUFGr3rGPXJ8tj/d
s/8x3OmPb6yd7k13x/6H9Q8PEyKxzrfxDbYuOtdXo450xfKo138pszx5j0Ev1uUKx9gCMla9NJF6
iGYYaM1dEfl95SItnXJZoaTV3QnhcQAPhCpX3P3JSoG1yjsbYAsynX1xLFyNmEqMN5AUIlOQkC8a
pCVySy3pi8W32gm7AceXqeLOvRKbIUQhAxKZcUjMVzKJE+OQXyAFSg8ZRuSakVwK/JCMpJWv3trZ
Yjc5izKuvt4nXs2qffp35qovuFYQvKuEnw02YHH4xYtzcIYGFO9EGoAiDfRjdBH6sc8D8ZLeGjIP
jQ8RL3Dbv3bMYZUtdQB+XljcHJdvfAhn8haZPiRTXz3WYYlrcv2e+aq5YFwp3H5mgiBBCXXI5eRM
PwxX2R+B+Hqy+kX6+LiEjfcWSAs/xdzv9DpD+PnDKSyJoevCv+MBGwz7/sAb2qzv+h3fHgz93ohZ
g6Fr09nM7pIfAHceX7EI0gNDYisq7rCWL1f6ik8k457rvngx3Ff55dpqNBzehKZOYmTH7nS6lmXj
rubJ4YUhKi/+IlhpAgHETXWCu4iyzBh4ydEhfD43ZNSgAA6xzDbZAuA1fjvJAGrfKMY92BZ+ZhsI
XpjGWUfrLyIZ07//jCLic/ldaPVGLhSTQGmpbd3CoXmz8hvEaMfpKsljAZDv5pl7t3TODTMRsunq
IKjxCuG+54U0xpKcf2LOdjER7aH6gj///D9iQM6C
===END CRASH DUMP===
