PocketMine-MP Crash Dump Wed Jun 2 03:30:52 +07 2021

Error: Undefined index: NuTaVN
File: plugins/SETVIP_v2.3.phar/src/MCPEVN/SetVip
Line: 191
Type: ErrorException

THIS CRASH WAS CAUSED BY A PLUGIN
BAD PLUGIN: SETVIP v2.3

Code:
[182] 				  
[183] 				  unset($all[$name]);
[184] 				  $this->time->setAll($all);
[185] 			  }
[186] 			  
[187] 			  if(!isset($all[$name])) {
[188] 				  unset($all[$name]);
[189] 			  }
[190] 			  
[191] 			  $st = $all[$name]["current-vip"];
[192] 			  
[193] 			  $i = explode(",", $st);
[194] 			  
[195] 			  $date1 = strtotime($i[0]);
[196] 	    $date2 = strtotime(date("y-m-d"));
[197] 	    $date3 = abs($date2 - $date1);
[198] 		$help = $date3/86400;
[199] 		$date4 = intval($help);
[200] 	    
[201] 		if($date4 >= 1) {

Backtrace:
#0 plugins/SETVIP_v2.3.phar/src/MCPEVN/SetVip(191): pocketmine\utils\Utils::errorExceptionHandler(integer 8, string[23] Undefined index: NuTaVN, string[89] phar://C:/Users/Administrator/Desktop/MSAI/plugins/SETVIP_v2.3.phar/src/MCPEVN/S, integer 191, array[3])
#1 plugins/SETVIP_v2.3.phar/src/MCPEVN/SetVip(26): MCPEVN\SetVip->tick()
#2 pmsrc/src/pocketmine/scheduler/TaskHandler(137): MCPEVN\TickTask->onRun(integer 1)
#3 pmsrc/src/pocketmine/scheduler/TaskScheduler(179): pocketmine\scheduler\TaskHandler->run(integer 1)
#4 pmsrc/src/pocketmine/plugin/PluginManager(654): pocketmine\scheduler\TaskScheduler->mainThreadHeartbeat(integer 1)
#5 pmsrc/src/pocketmine/Server(2389): pocketmine\plugin\PluginManager->tickSchedulers(integer 1)
#6 pmsrc/src/pocketmine/Server(2152): pocketmine\Server->tick()
#7 pmsrc/src/pocketmine/Server(1992): pocketmine\Server->tickProcessor()
#8 pmsrc/src/pocketmine/Server(1586): pocketmine\Server->start()
#9 pmsrc/src/pocketmine/PocketMine(291): pocketmine\Server->__construct(object BaseClassLoader, object pocketmine\utils\MainLogger, string[36] C:\Users\Administrator\Desktop\MSAI\, string[44] C:\Users\Administrator\Desktop\MSAI\plugins\)
#10 pmsrc/src/pocketmine/PocketMine(321): pocketmine\server()
#11 pmsrc(11): require(string[91] phar://C:/Users/Administrator/Desktop/MSAI/PocketMine-MP.phar/src/pocketmine/Poc)

PocketMine-MP version: 3.19.1 [Protocol 431]
Git commit: a7cd0810020af15fb3d79127c77cf576085cd4cc
uname -a: Windows NT DESKTOP-KF1VXGB 6.3 build 9600 (Windows Server 2012 R2 Standard Edition) AMD64
PHP Version: 7.3.21
Zend version: 3.3.21
OS : WINNT, win
Composer libraries: 
- adhocore/json-comment 1.1.2@fc2f76979f0a44a5f5bc2a2b600d0762fe0e78e7
- daverandom/callback-validator unknown@unknown
- pocketmine/binaryutils 0.1.13@0abee38d4e2861621f262c79a2a3d699d8a697f4
- pocketmine/callback-validator 1.0.3@64787469766bcaa7e5885242e85c23c25e8c55a2
- pocketmine/classloader 0.1.2@9757928424652393b178a3760073113aa7c9911b
- pocketmine/log 0.2.1@830b44a2cf96ef703c550abe64302f230231ca49
- pocketmine/log-pthreads 0.1.3@e477ecf6ec214fdd4415ea1da3fdd9d73bf699ea
- pocketmine/math 0.2.6@43057cb8c179a9859677b496a788db922fd5cfc3
- pocketmine/nbt 0.2.18@9f82ca4d7f97fcd9a566e44b63c4f18a7657ae82
- pocketmine/pocketmine-mp 3.19.1@a7cd0810020af15fb3d79127c77cf576085cd4cc
- pocketmine/raklib 0.12.11@9cce458b8bfde3e4dfdbf70c659fc7b7fe26b5c4
- pocketmine/snooze 0.1.5@70b5e7937a06878dd321a3182ceb76d56298f2cd
- pocketmine/spl 0.4.2@6b08b7cf8c4afa17139c9a1b3bf1b408531de161

Loaded plugins:
Trident 1.0.0 by brokiem for API(s) 3.15.0
BlocksConverter 2.1.1 by matcracker for API(s) 3.0.0
VanillaEnchantments 4.0.0 by TheAz928 for API(s) 3.0.0, 3.1.0
Worlds 3.0.7 by survanetwork for API(s) 3.0.0
BlockSniper 3.2.3 by BlockHorizons, Sandertv (@Sandertv), Chris-Prime (@PrimusLV) for API(s) 3.2.0
reyyogaWtrhit 1.1.6 by reyyogaMnelux for API(s) 3.0.0, 4.0.0
ec 1 by McLebt for API(s) 3.8.1
Netherite 1.2.1 by Wertzui123 for API(s) 3.0.0
InvSee 1.0.0 by BlockHorizons for API(s) 3.0.0
FactionsPro 1.3.20 by Tethered_ for API(s) 3.0.0
MultiWorld 1.5.2 by CzechPMDevs, VixikCZ, fuyutsuki, kaliiks for API(s) 3.0.0
Farms 1.0-non-alpha by Dấu Tên for API(s) 3.0.0, 4.0.0
KeepInventory 1.0 by KhoaGamingPro for API(s) 3.0.0
TimeCommander 1.0.2 by TheDeibo for API(s) 3.0.2
PM-Beacons 2.0.0 by jasonwynn10 for API(s) 3.0.0
EconomyAPI 5.7.2 by onebone for API(s) 3.0.0
MaxEnchants 1.2.1 by Xenophilicy for API(s) 3.0.0
MSpawns 2.2 by EvolSoft for API(s) 3.0.0
TPAll 1.2 by matymare for API(s) 3.0.0
DevTools 1.14.1 by PocketMine Team for API(s) 3.13.0
HideCommands 1.0.7 by Himbeer for API(s) 3.6.0
InvCrashFix 0.0.1 by  for API(s) 3.14.0
FormAPI 1.3.0 by jojoe77777 for API(s) 3.2.0
NoDrop 1.0.0 by Inaayat for API(s) 3.0.0
Broadcaster 1.5 by EvolSoft for API(s) 3.0.0
PurePerms 1.4.2-c2a by 64FF00 & ProjectInfinity for API(s) 3.0.0
AuctionHouse 1.2.4 by Shock95x for API(s) 3.0.0
BuilderTools 1.2.0-beta2 by CzechPMDevs, VixikCZ for API(s) 3.0.0
BangHoiUI 1 by JVN | JackVnKiller for API(s) 3.0.0
CustomAlerts 2.1 by EvolSoft for API(s) 3.0.0
PointAPI 1.0.3 by onebone | Fixed and Update by LamPocketVN for API(s) 3.9.0
WorldProtect 2.3.8 by aliuly for API(s) 3.0.0
PiggyShopUI 2.1.1 by DaPigGuy for API(s) 3.2.0
OffHand 2.0.3 by alvin0319 for API(s) 3.0.0
AutoXP 1.1.0 by JackMD for API(s) 3.0.0
SETVIP 2.3 by MCPEVN TEAM for API(s) 3.0.0
PiggyCustomEnchants 2.4.0 by DaPigGuy for API(s) 3.19.0
Slapper 1.6.1 by jojoe77777 for API(s) 3.13.0
OnlineTime 1.3 by Zedstar16 for API(s) 3.0.0
AutoInv 0.0.10 by JackNoordhuis for API(s) 3.0.0
BlazinFly 1.8.7 by iiFlamiinBlaze for API(s) 3.0.0
Sponges 1.0.0 by  for API(s) 3.0.0
SocialSpy 2.1.0 by Crafter20162017 for API(s) 3.0.0, 4.0.0
NoTP 1.0.7 by awzaw for API(s) 3.0.0
KygekRanksUI 1.3.0 by Kygekraqmak for API(s) 3.0.0
EconomyLand 2.1.2 by onebone for API(s) 3.0.0
Shield 1.0.0 by JavierLeon9966 for API(s) 3.7.0
PureChat 1.4.11 by 64FF00 for API(s) 3.0.0
Joinkit 1.0.0 by LetTIHL for API(s) 3.0.0
detu 4.0.0 by CLADevs || GreenJajot for API(s) 3.0.0
Item 1.0.0 by LetTIHL for API(s) 3.0.0
PickaxeFunction 1.0.0 by LetTIHL for API(s) 3.0.0
KitUI 1.3.6 by Infernus101 for API(s) 3.4.0
VanishV2 1.16 by superbobby for API(s) 3.0.0
TempBanUI 2.3 by SonsaYT for API(s) 3.0.0, 4.0.0
NganHang 1 by GreenJajot for API(s) 3.0.0
CustomItem 1.0.0 by Phuongaz for API(s) 3.0.0
shopvip 1.0.0 by LetTIHL for API(s) 3.0.0
PHP-Sell 1.2.7 by Muqsit for API(s) 3.0.0-ALPHA9, 3.0.0-ALPHA10, 3.0.0-ALPHA11, 3.0.0-ALPHA12, 3.0.0
QuestPlugin 3.1 by HmmHmmmmm for API(s) 3.11.0
Buyrank 1.0.0 by LetTIHL for API(s) 3.0.0
level 2.0.0 by LetTIHL for API(s) 3.0.0
CustomTags 0.0.1 by DaRealAqua for API(s) 3.0.0
cayphattai 2.0.0 by Lettihl for API(s) 3.0.0
NapThe 1 by phuongaz for API(s) 3.0.0
AutoClearLagg 3.1.0 by Twisted for API(s) 3.0.0
SizePlayer 1.0.3 by  for API(s) 3.0.0
PiggyCrates 2.0.9 by DaPigGuy for API(s) 3.2.0
WarpGUI 1.0.0 by RockPanther for API(s) 3.0.0
AntiToolBox 0.1 by NgLamVN for API(s) 3.19.0
TrashGUI 0.0.1 by Phuongaz for API(s) 3.0.0
essentialsTP 1.2.2 by  for API(s) 3.0.0
help 1.0.0 by LetTIHL for API(s) 3.0.0
SellExp 3.0.0 by EzMinh, LetTIHL for API(s) 3.0.0
LoadWorlds 1.1 by shin for API(s) 3.0.0
luyendan 1.0.0 by LetTIHL for API(s) 3.0.0
freeze 2.1.0 by Bavfalcon9 for API(s) 3.0.0
SlapperRotation 1.2.1 by jojoe77777 for API(s) 3.0.0
BuyFix 1 by FPVGAMER for API(s) 3.0.0, 3.7.1, 3.8.1, 3.9.3, 4.0.0
OreGenerator 2.0.0 by vividmemory, LetTIHL for API(s) 3.0.0
giftcode 1.0.0 by LetTIHL for API(s) 3.0.0
HealFeed 2 by JackPlugin for API(s) 3.0.0, 3.1.0, 3.0.7, 4.0.0
gem 1.0.0 by LetTIHL for API(s) 3.0.0
thoikhong 1.0.0 by  for API(s) 3.0.0
AcidIsland 3.2.9 by GODSMineVn for API(s) 3.0.0
AutoSellUI 3.0.0 by LetTIHL for API(s) 3.8.2
ShopMob 1.0.0 by LetTIHL for API(s) 3.0.0
capdao 1.0.0 by Nguyễn Công Danh (NCD) for API(s) 3.0.0
CmdSnooper 1.0.0 by HotshotHD for API(s) 3.0.0
restart_in 1.0.0 by LetTIHL for API(s) 3.0.0
Rewards 3.0 by Wertzui123 for API(s) 3.0.0
PureEntitiesX 0.7.0 by milk0417, RevivalPMMP for API(s) 3.19.0
MuteTime 1.0.0 by LetTIHL for API(s) 3.0.0
RPG 1.0.0 by LetTIHL for API(s) 3.0.0
UpGrade 1.0.0 by LetTIHL for API(s) 3.0.0
Kho 6 by ItzFabb for API(s) 3.0.0
BetterVoting 1.6 by Twisted for API(s) 3.0.0
PrisonMine 1.0.0 by LetTIHL for API(s) 3.0.0
MuaPoint 0.1.lpk by LamPocketVN for API(s) 3.9.0
MenuUI 1.0.0 by LetTIHL for API(s) 3.0.0
ScoreHud 3.0.0 by JackMD for API(s) 3.0.0
luckyblock 1.0.0 by LetTIHL for API(s) 3.0.0
BuydetuUI 1 by FurryJaki1992 for API(s) 3.0.0

----------------------REPORT THE DATA BELOW THIS LINE-----------------------

===BEGIN CRASH DUMP===
eNrtfft327aS8L+CdXq2zq4li9Tb96Qnju3Ebu1EGyuPvWVPDkiCEmq+yodt5d7+7zsDgCRAO7Zs
q/m+H9rbXotDYDAzGMwLIPmvrSDJIlp8uWRZzpN4a2+ws1XwiG3tWSPbHo6ng6HdnU7HvcF0Z6tM
5a1hdzAZ9nsTa9zrW5NRrz/c2QppXhxlWZJt7f1rq1il0GxLXB9dewz6Ae6drYjlOV3grQ+xzwIe
M59w+HW9R96Wc/rxLbQJyjB8zUNslC5ptre7e7C3+yEH+nb3/YjHPC8yWiTZ7iHLL4ok3T073z/Z
TcNyweN89/xo/vFk9uXS7va72H03z7zds4PZ0ce3u+es+MhTAKc4jBpi7X7QJwSCQTBTC2SUUQ9+
/7r1rEfWx7ENfZ/vkTTxLlgBvDDHKQse5o7zAf/s7TFDYsc09kOWbfO4YAuWkckOAeZ5vPjV7v9G
viHCus1k+hvZtAR3SEULSoHQLKOrX/u/PQfhPLMeIgh7BHKQIMeRsM5PBfcutgUum6QRdsL/Gmnt
5t6S+SWIZHdO84tKPFZ/rCGbAxK82/kpid+XcS08SyDur4P4vLratsbT1nzVLWGkhobOT9mNoQa3
DyWFtDsTf85oDOsh2x4NB3ePU5PU+SmiPJ4vM0b9Y0azwmW0aI08vH3kc5bBMt+2+5M2U5ImxzGI
kvNRD5y3BhndPYg1tFuDyDv6LI/vRGFNp3ehmGWJB+YkySSuyd24hpPRN3DlBQhR4pjejmMmfp7B
z237xvqt0Hz54iUxLKzSK7YT93fmFeQVzdkB2MX8NKE+y3aIgt+y/M9gTk+TxQJbqeXbH/1GDvbA
MuDCdRxj5TqOWrrQE9au49S9BoMH9FLr1XHk+u3dy37fbrOfS/lKBJZEsG1hq4z9UfKMbSvCptaD
rFEzaOds1hgRk6znW7/9ubPFNuJ1nuIOgAjZ8QuPL5PwkkUsLgCbD/x7xVZ1FyASL0C8xGdIszWx
AewU8n+EwC1r0jdAZZyzYvsHGoa//hDTiP32/B+i1cBo9UOx5DmujIiBTrNiPwxFH9V4WDcm5E8B
GWkQARhrAB5s/wfP2+M+J/8SLSdr0TdtDznttYacWhrgh7wgL4iG5ldnyyuzDETZueSps/WbQDu1
20j6OhIOONh1GoJ4t52tHfgXEUuKpoN2V10qP/i0YBZ0B30sEpTj9g/8157iZirFRYhqaBsNEQLD
rTpRx3e2nqsuY7NLH7pQN99W/TtqRNW4kukPSxamKAjRZXcyGvR6skUlT3FnAE3AHl9SmGXsIbDY
vV49pLis5AvTqXr99ALMN0zjn3+HMH+HMH+HMH+HMH+HMP+vQ5idrQWLWUZDjAfQ84HRNvoCYS7M
Q5Ojb/W71rRrIbzkoQ8xyARTcJ5/8dnl1l5Aw5xB0JElReIlgHbQh4x1wTEkoWPPh8S917N7NLCG
gdv3x1PLHnvjsRcMx6PeZOj5A88D3KWi5RPY5uQqJ2/n5PDo/Jf5u1nnl9fWx89vXpFRt08ECWQ6
6vXIdtVUahQBB2ST9zY5L8DE0MwnRz5Hp/Cc7J8djgYYGEEuvrc1BiNrIztfWewL9tQ13P6S5EjD
ydu3cwCIiyseiwgqShOYgy8hdzOacZaj/Ki/BJ4ztvt7nsQdaKNCMatrde2XgWcH49F0PA16dDCg
w2Doeja1XSDe741HdsB6bDxhY0DvU+AAyE6iXQ9iEpd6Fx3wttzHiQaEZXwRJ1fxS/UXiW0m1uUx
zVZiYUDTHoxt9V/2qMtYf+IPmD0ZWSPbCuyR7Y2n1KZ9fzSd+hMKpAUDE9Wtg1vdXrf/cjQYT8YD
6DMauR6lYzacTIb2wGYwh3bfs4ds4g2H1G4hxOUciuWsaLNfTsfD8dSeDOzBaGj3p33XGk9oH7Sh
N+5bVh9we9OpZbkmpjBZCAx213o56fdckKjtBdMRC8a9PoyMDI8G/Z4d2PB/fcujg+kNDJ20EI6g
ElT/JRuMx8wLRsyzrUHg+4OBNWTU8mkfLqb+uO8GIC1GTVQRLZaKmtFLGHQ49tyJB86PTifD6Wg8
dgfTER1PJr47te3AH3qB1zdRxG5R8TN5OQ0mNhDsjwOYE8+f0uFoxAYDd9T3BoE1oePRcEzZpCXc
5mcnSuuF+vIBq05DltEL0G0pF6DJejn1PDYYTtyJG/iszwZ+4Lsga280nAbe2B0HzB65Q6+lQXmc
JF+ZEu/w5bjnDtl42h/T3mgynvg+WETahzzEY+545A9H9nQS2J7fQpKGAsMAtGXk9iYuED7xBjSg
1tjqT70ptVyYGMsdAC99y2fWyNr6s06MxNqcZ9wXq7E2cxVkZ6uxbajbPYDQslgmWY4BqpslF5xF
aCppyhECch1CKwCwmLohA6sBfguMns9SsCHYC+7lSVAc6gCMO2AIhQ/CEjk+RA1nDSm4NtAEvzuf
f3r3/vQQQFfMzXmBFGPg/CoEueQHSQxEFyzT+Gnf0fmy0QqYfIHOehCEX0BLnbXe4zlrMDpOixjH
kT58HQ4/0piHIT2KvSWNCzShucblbXd1Tgc3Z3C+ZPtfwcLc4HMHp/Lx/F5KUhznAGz+fZwtiyLN
wXmDJ1yWbhecw25F1+5tPIEgPiVZ6Ou8K4DOLjIyNtnNywwoY8VVkl1samoFTse5EgQ4Tk3IWiyr
VdgVSLpA2e4ziajW5/OYpzd1WUFNdiEnMtkVTY+TjH+F+BFunYPfBJ27JNsvq58YXR0sM553Zhlk
zHAH/5b56cfnhoDshwpo62w1C5NiqxGUQY1aBpKPhyyBjK1WyYJ+KrIl102WCTcNl9UdmYJRjc9i
FpbXt+j+4CkKoZADGZaMvtdhi3kaL8wzGTCJP/NOmVsYVE/Agj2SWonNcRjqAyRkebE+0W9ZsWSZ
uK5pb2DmHNhtI/sJ1O9ryS27v6mV2GB0nJqM9bi5xQQ12HYbnoDpk/jynOkcK8A9vtJcixviuLWk
JCUPWU2vqYeBfw4Zr8aRDjXZAkPQ9iBCNsz/8jSetvbjgp+nNMIxGwY1ShxHXayrnWdlWHBhjjXW
NKDJ2bBrm4wdfGXecnZ2yC7RdH7k1/zi4J9iHxQSiLy84PD7AmJ/frGx6fRwyDSCZBEmM0JKhTMA
Fdapfqgia4zsaojE7GdRbsw7XrcUuRNDwkZDyJNN+Rw6pcXosCRzp+z1GI03bUeXEU45UKT+rDPn
vzCWwiqAMCHJVhpnJrzFocnXL8uEvqEQXC+UKm5iZg2kjmOQs769nYOHPoDUWfhuPVw34G1DZN8I
+Q4Zd9us2Y9lzRi8zcv5fP/9/MPsBiezs84rRrGspRdXGqAZoN8wpr/TPImvVnFs9TY1QxpKx3EF
GRCj1OTcOzdH0DCJVvuzE40jDahzNOyO27OSxMyF/zbFjUIHbl1SADgdx6DmfvNJr1XUrc+RDr3H
wX9mcZIueci91abY0lCiptWkGBdrMQeu5spQvgpial5rlo4uk/AcaNsUP2pQLJpWo9+xcCrbfnV1
1WVACWLtFhfCMsz2Q71OKa9bE3QjyV1FNGMbTHEFPscpUhqG61s1cEzzJAn1yahBrTh+0Naxph5L
5oy2KhH9xzNTEYB17ZqUNaZGc7sNabs1DuD2mPuVudQ5NsBtC97KYo955LJWbWL0eF4VOsfRaVgz
bJZdu1EVGR9kNF++5tdmeFxDdcZA1VqzaUze4AmaWP4B9DkOjy89HDng1w+KiZMsMs14BWnHwm2v
lPyesDH+87TUWXNKNUaIgSQR9Y+1ErTkMEtSPTuTgHtylZOY0hXdmJVT6CApE6OvbxleZdDCo3mr
mKdBWzH8X2uttYEhNDCoeJzVnpUZmzEzBm9gJm+Drt3x7FYMPhq8ft3rkf8kEFXi/t9JHPCYFxvz
t1/kAI5TU6X9fEQqIvqqnfwGD0hivxSp3XFS5npqbYDb4cbAlMX5EgzudHj9xDzUCJJ026VV/NRI
jkMlfUukz3Fa1N6v3rhDx7K28zPAbaZ7HZcVdK1U9a9ISl1JWyF9Y4vSpySmBiqUDY0Xxwn/oJvh
BnZHdeznj2/Jv8nP1Lv4GP/Cw/CpNXzN+Guq0YjnZzwYsq5BOyjzIon2gSgjqDbArb2Jv9ak6SM7
TouORxq1hMeF6T9rUNvv9G9NgmD+YMExn0AgQj6keECKuCtySiMZU318a7A/3UCalCKFIknSaL0n
hxVlFDC8BZ4lbO1EVGBzMvvdickwDXkZbsxaS2xqKyKVFKyTkN+yNM9KngWchb6+c1qdwSoyhvu6
6Pp2DW5x9vlisQJTnBorV4fes/d2SKHxm3L1xN0Hw4yLqpeCaEu3GgomvaHPuHiEUauQ7mpodlEy
74IAT3RpUqkg7WJHv60klzzu9a3p5vREIXQcIAFyZr/+sY4R2y+L5PPM8NIC0N5zaQWVaJLPDjfF
g8SGPhfHfnSRX6LZVRwAc+ogcMNcfTLYWMitHRlxPpDMj/bPNlYZMM4vrjMtQt+kBb+lbnPbXZOn
QXvCbl2J1hOsbWu9mdTcCnzy+jPRiXV4HtLU3FGtIKYCj9qW6Rvp3VPKDLkc+dHq25C0WzGBlibG
E/Bz8UhYY2waYCuNNbn8J/Px2KI12pQm1wjByNQ0PJrjGtuuxpAyShCtt6wSQm7UHG6xS2+TJPOX
Jc83V032LuIKKeYJBYQVl9JcSaLWOM1Cv/L4dbgy9v4rmDmHk3aJiPPXIY04j7HHxkp8Jlbcwlfk
aD/XYe08TeIF081TBbm7MLGxesTlajgE2yoHXT98P088TsPzVJ+SBtYObFp6BolkABGT3bNG8N94
07tlXuTjgTJhTQ4i/1z+Xq9INJ8ZJaL57L4KJL36Sq82Fo4gMseJkyJ9tFmQBOEG4GrBLt7T+CI3
AlADfE8ZT7TN6B8R3dgZIQ2l4+i0rK97Knw9NUNIHdrWvw3sMLVS3nV3m0IRUpq03b+4lphv6CtL
Au6pVf5MLznLTlkST6cj02mN7+OuCsDvjDN19GAzBFHV37XisjJjB0tatGp8AtQu8VnWbfW9h01Z
U1e7mRWJmKg6U7G10zro8Zld8qTMZ0edusk3SoFIfPNrA4VAgQaE9TO4yQvjXFcFuUcNTlkxPzk+
3dSCveAPOAbls6LUKBaX95y7PDjdx7IX+fe/yRvIpuOf6e/J5oo6EjkwwGOO29jrMnJSsEjfucHL
7yt3oCVan94Z9y7oNXtdxkJdjXTHvPN9uUjl6Osz8gsvTHclrtt+atTepQlYFpe51bMMwgdPiYxq
lOCnkIj1ecCTuvnyo906kCxArdLAqH0qFyIVN3Hd1ebO5FYYHaciovm11lEbFqWvaGzMSgO7sxpw
DoaT/u980wGeQus4NRkPOKi5oPjE50IP8yrQHbX0zZumBuNDi+Yt26QB71nbs2UJYT79utmS+cmD
DFW+TNJLrm/EVpDva5jUqA+wsMezzjkzjpbUoPbWVCtHOBO78G3KO/uns+P9qXi+oL60eq1rq3Vt
V9ePXjxA8LGIStfl/H9Klhcz9X6Amnkdah6+by2d4yiCf+Efs1Z03yMVdS3qznOR0RIxO84fpTiu
LYh6RBBW0bircyX2JVcZpCfGlqSEfF9txSHXn7CQXTJdT+X1PQcJN+34MxAkX7CHGrc5XdzcDxTA
u0/MbB3S94yG+3+UdFMs+DQDjBQwrseEz3MvyfwuiBvcK+2yEtny6CqFkL6gXGNLA94/LQVfhhvb
wk4f8lADTedL44kGCbjDT6YbdjEVPseRY1d/192dOQgZzU7pYtEqhzbwlu268VjYFc8L5m+Kn0Ki
k3VQD4kIgQhZDdVpevBTYhLvfr4Ky+jsYNfEhzUF/hXSTLoyy/0N8O796A1xL8Y7xfEcp/m9/pZO
Rgt2cytHQtvraPqXbKbetjPz7W0dQZlx8fRtHIFGbN98oln6xgjLK8g9zul94l3MgPTl5p7qRJSO
g+Ovb17wORc85fIq0Q9J6lDT5LdMzdvFKY1aByCesien8MFabChY97CkNl0VWZg54YEpc4Zq0D3e
bNOh+ifgBx8mlqOrX2s9jZfnDORBw9wojRvgdvhr/xW2Qx/RcVrj38sGvoBII19cft8QDod8wP4K
ROlH1zrJFaT9XG+L6qOvZzxe7pANUy/ROs7R5xke5FifEVw/Nx5R1oCtekirHLLk8aY4aMZcf2sF
DbGXXsbdIklFYF2uAC/V06Aa9H21qRp2/YkIMsa+6sGcAtyzV/eKXgY09JJ4Y2duGoyOI2l4wLKQ
OeH7pKCtMmf7zj1P5HzjBMNTYhuTgAcc7S5X5mMCCnBHlP169vHN/tnR+1vfVTDuyprBRP2dilju
SQU3SdH6LL3L2BvxwqAi0cNNA3xP3nPJL7kfsSjJVhs3ZjodjqN+rpVSLHhQVO9FVEzVoO9rAKph
15+UY0hmXzOm7yvWIGMybh4KUQWRb70ZY6d+wcTgqQfZZuodaesytTBKoYvvvkuzeEjtE4jgF8vE
KD43sO9y4KMe7gFhusf9kzw0d9s1YPvNG63E6827w3N89OtjvMnHEdQjZUnM9GOs8kUbwJp84caa
NQKMrIwgXQPeE23dpk2Txz9ArNA9wB9CLHaWuMZRAQn5/tX09an2aOrTxCiHCcA9NL9dQGZdWswb
xuQAn7QPBvGCHNJ4SbbfHhw+3xQzOA6LD2CRIG5IAbF8Wiv7/XXM5siRVsfUzyHdyeVxUoA0i+ON
nQ9+/HEoLOHSrPhi1P014HeugcuB11ez9+yKZkbeUUFaq/p7vo1FkbCJd7EoVLvV0ZojSIgLzvLP
rfM1DdwsOozbnEc8vOgNLHTk7xkEYDScnZ3NNlZgySTONIrAVqQl7n9KwuT5mYrMBz+hodG6a/Ir
Xn1StM//1qDvq79RWTwgWns/e6MrLlx954Mblw8w6B/SNxk1ouIK8n2JLh9A8y9L3QPhlU5r+4BJ
8fU1dd1Hnxi88fzkN4+dyIHwVN2DHg9mRcGyj0nBjeDSALfO9P+l2xzzaptDp8C8Wqvqn/E8ic/E
S+wbk9YAv/OSEAPLN/Ku/+YlKh6jM8yPArWq290wvWjR/8jH/NqhsnqM767AsxkJX7EkCWx+rcUp
i0sjilaA72xkYdAHhM/4Ht7j0jhqW4Huifz/mme4qtEfsNdfehcrF19+ZhQla+D3LktWAz+o/oXn
RM3nm2vYXVWwMstWP9MLju8w3xQHBlKxAubl2+VDzpjhG2VpBnyAqWu9maV6y7ZYiuIF1N00w2hc
xD17W89m9RWB/CPgC4Jf/XAyJ352TgtyRlfEtoll7/Wne/0++e/emNg928IGUVL4L87enZImNUew
HKaTJlnxwppafRuBV0sgthOCjX7Rw2sax0kZe/hcK27Idqi35Ex+IyR/kcQCD76Vp6MepYXpkB0j
eq365C/sIUIWFIt2PpP3gyQDrDUsCQKEggR8VPTqGmINNYrPg4B7ZVisXghCF1WZrpPjOYh4kb9A
sDjQ0kFdeRGKo401LGfM15rg91ZeHB693v9wOkeo1IjOHyXLVmpIBcrAZFb04O9uSvP8Ksn8F/8l
/gEhlUXSyeklUx0vObvq+CBDCpJ7MUHQtZtcd1BDVROYhEVJF+wFA+8H18YLi7urCF9Y/IygWhFP
THeZieKxmHUCwiOG7oAWkPmS5YxU0iA0Y6RYMpLEoDLFEnTEw8ksiMsIj72w9MWXK8gNbUNc50kE
PQNE0MaZ04DtkAS3iHNESdyM0QuySspM4SI8IDCpPOBiBJhP/JJMuELEb9lVjW7XZwGFGc3JVRL/
WBCsktOMoDQjYBZfHr5CCvHjMJLvqyWLSZkuIIAEBF0nRi2WyPacmJBnn5biTYukSGCU2CeAQr2Z
H2SQ0RiUH4IPeVuQCgaJAmKQZ8gKIS8fcgaPkaX4sARCIsQs1bWatT0iXlOPN/JlWfgJLAD1oZ49
4mypN8h7YZJDpLMlKNsPw+SK4MICYqovdZBLTsn/oMphG6F71QPkewRNk+h6JPRQ9RHP++MSITBj
IBTE5q6IEiW2V2pb39aIffaJg0CSGORKfZ9A3izFj2LFbzqQiNEc8iRc3gSE7jIkGoTD/ihpiGJb
8EtoCzlVyci2GhQMzXPELkeEBcPQpnRA7PhBhT24LcZ+W0YuSAW0aj9fxR5+VYPgO4ZBj7qiwQeQ
llDtilNstswgYClh9qB5vkPEY/tELX5YDzsEX6UPjKAjELIBg4uwqIxBg7CJRH4uphd4Ai3LkmsO
GsZADMCS0Ny4Jg5lqwg6CVBXsQ3q5A7hxY8gviIT3cAL4cckUGVanck28FDCurGFWAQbHcXpnkDV
1lUqlCMr4xin00cDlaRiEsS7RPIuOWSX6jeJ+GIJixlThh198SnFQYlkWZkWEioFhoKJgDbFl5hc
WJTiCwO+XBD0MuE+kH07BagjqHMJCBq0q6spGjTuyEa1poH5F/szclG+AUsM2oN+lUg4rIOIF7i2
I7ag7qoAiZNzKeqeEC7PEbfoPsdZu+JC8kKjYNFedSSiSslywWHAgUSwSAxfGolocBOxGlIqOcxW
icuULBKYqASXKWoFDrQQZHYEaXukh1zA6MIEy7f8/3/PAQYqd9GP3vVp9OdFkgoSlPmsSVLocgLm
A/0j2L2KIBy1osrq2QNFmDACn8SqUPTlP26AQrEuBEloMYj6CBesdHbNvFIY30SSLFckOqu6Nbv2
IErIG46k4Xo3P9oj8+OTc3J6cnYyJ/uz2enJ0TmZHb0nEOf9cvR+h0AjMn8HrY7Ip+N3p0dk9v7d
wdH5ebdtAgx52MOREseMZTwRDhkNcY4MeksmTLKQRm1sLZA9hAS+sC2iSQf3KKWZFaggPgQ+wUCD
NiG/31I2qWQQ8aEDjLGZGkxglkjA9DaGXHokMcY79CHo50WH7s3WqAsqyoZpS5mH4YCULJIr51X2
rXkA9WJp3rDa7yle8+e3k6Q47yvOFzRzYWV0vCQMZSwqDNDt0hVLDclRvYjqBbY7onEpgg+dEgjM
StDB5zuVT2grYaWG0r0GAeCS/EbNEuySd9LmS4WH6CEpQ7+mhYMTuYpJQ38uEaeCfGB01OspXmG0
18JY3HCSQnUkhpq3IEuiytnK3qpFR1dNfYaRGzWTN3SD3KJShnacVwEjTlkGI6EaKkX2yyiV0ZUM
4Yi60cEb1XwdYiPVQdAuyKw4gCtw87DY6S0CBqcNjg9GuAQly/OSoWEoljBriyraRKOFozVU7VQT
KWMEFVR2JTXY9JtywjzHW5bxRV7RfkBThPKojMDH4gt/SZUL4EQSmRVJKhq54npRohQr5qaOQbCd
KorEgB2MgktwuoN6xg4Teaut0xgbodWT+GXjaglJXKqhzpmIHDoexffd1/MCpIhYBcJHlB5QJwMM
iSXFr3dgooF9JIcNd9BNyVPyU42MjZtoFwWIp5MrvHejuksPnVh9xGJPuQgIzZZJKENMlxaQyWIk
LkjO8cN6RDkZYdtk5qPuStfisjrYlO7tmT5L1S00q9mqQOQ7pGNpEygmTwzcKSpilAsQVruJY0WK
iiGkLznHXEYE+tgZgIqsLjmGWBB06YUI7sjB7MMO9AUaXFhfV9wHtRexgrSeNf6OwL9HRlXY3UTk
uZCO1rZL9n0wVEsaBrv42jGRJvgMdFgNBYMSrHuggmkLsXF7GjI9FTm6RquGISYNuwSJ+DCLZ1Ww
3SSAmEsgUbijhR3LNE476rqV3ZypVZfzr6yeTwzLq2nEk6FVyARhu1QPzbUOprbs9LxLZqpPSLOF
6EBVJqp0QYwYZHSBLMCcgNjyNBQRC6aXEcXX6sHIGc7TQcixYiLyZfwwG8sLcjb/ICjNgSVk2y0L
gvm5mMpmOJlcdCtbExVlB3vtCWpRy33mlou9KmH5iViYqKhwbQlLVdwnKj3NZUKNmhzniXRcShss
RCaNk8R2sEwggUUNrPIUVmWiwoL5tKAkp5eVpcQKSFUnwntaCguEiUqbDFhUPeL3hMcyGRZloh/J
Zze5Rq3PyMkh2f784eTwOcGPAi2BBmh/BeY+zeTz96AYmL9kkLx0mwgQNCERTYSw8Z38n1+dVvhV
bqNBfhSDYbFIOE2IPjDJFW5Y8JZU1RHlQrQiThCIYeEeD1ad65L7miJSiFPAujFaVHYT+JcftqvS
AJFCKkpBb5h6kV+ceCFPiegLaoNVPY9iKhkll1VWji5N+QFhizvVPTlk3ljAqvClV0jmosQh9R1W
EYhXToZoq5S7zFWpxYOVXEhbp/p0ZJ89kkKQdMlDHEbacWWj1CjoiGi8qBOFGLuFbX+4U7UyKma3
VqXkLO9HSYlLOJAOR61oFKWaY3SwaKJEPQL0EH8LDwmd3wt/qXUWjMdM5r8uk8hcFuACFFVN4eKW
lcILHRfFTsPzSvZxoJp9MESEtklN5QczYTQGTu02Knu3k0kzwAT6Ua07ILbqjH9ravpiMWN1oFOK
F0Lmmk6KJ4rEQKK6q6/NQzGYqM3nwgKhPFmGM03kVwSJ4o6oakrlwUUfg3XA1yE2eUYWkIfljXia
ik0toe5NESnbdEW5SNTATkIWI+cmTdIyrJRRXaArE22URewLeygi/E6qrBg6EzRM4O1U7CyqtbJG
tae8OJbURN4owdIJqvnC7cm62OE3ckN97+A5yxaoXm4mOF1CuBkk2ozAKuvIMwt1y2WCMyNI6eJh
iC5PBMVgyVYR5j05HiHOgcO8IR2TOXWfNPcFC8KK0cUigwxaVstUaU1WEPAjyhdt/gR9sILfHb7D
j4h2lM2Xrg+NwhWTwTWFpXMlRswF4Q0DAtbV6tngaWvJS9WUk3NDqDCh8r5SJnDy+CFM4ar0GFHA
E110EHbHqCda6WqHiC+y7BB8G7Dwz0UdhoHpDVgGoXYHLVCM/k/erdyVdBbUKIWp/SbNv5YQcoIr
F1asMhYKoZh5eb8a48ZMS171qS541Nhq5YARKbbHlYCmGWcWDSYOKGp8qlNVz+02A6g7+giVNO92
8cpsy9mVq0IrnSgcgL5Q8qyKJEsFFBYDsxwVOCuLgTVnyE18ETnyoEYE6QcwIjcY0AJVlQNp4wCf
MpGVZ6Mhp7lKSyCSpFEaVlcY8wCNaq72qkmT90BvsYS1R34VwQr4zx1R0/oNkcqPytVuUt/4EGxg
4IgfWpRVg2r/SZQDbvNYwqELD52LAFlkm/iSVaBVuVudfDmuoEH+JLhjhV5Beq9mxD3y+nR/vmf/
Y7wznF5bO/3r/o79D+sfPgZEYp1v49tnPTSuLyY9aYrl1WD4XEZ5co9BT9blCkffAjJWtTQReohi
GMyatyLy+8plVhnlKkPJ6t0JYXEAD7gqT+z+5JXAOtXOBuiCDGefvRamRgwl2htIShEpSMgXDdIR
saUW9CXiW+2EXYPhy1Vy512IA3AikQGJuBwC85UM4kQ75BdIgdRDuhG5ZiSXAj8EI1ltq7d2tth1
weKcq2/xiA82ap/+dT31BdcagrtK+NlgA5ZEX/ykAGNoQHEn0gCUWahfo4nQrwMeinf9N5BFZHyI
eIkP8GnXHFbZpQ7AzwuLTX95zi9y5RaZ3iRXXz3WYalncv2eBaq4YPQUZj83QRCgRDrkfHaqX0ar
/I9QfD1Z/SJDfPDRxr0F0sFPMQ97g94Yfv5wAkti7Hnw73TERuNhMPLHNht6QS+wR+NgMGHWaOzZ
1HXtPvkBcBfJBYshPDAktqJih7V6qukrvnYEHzIbihfmf5Vfrq1bw+V1ZM5JguzYvV7fsmw81j47
fGeIyk++CFbaQABxczrBXMR5bjQ852gQPp8ZMmpRAJeYZptsAfAKP8FnALVvFOMhfAs/sw0EL03l
bLz1FxGM6d9/RhHxhfwutHoWHsUkUFrqXL8waL5bfYMY9ThbpUUiAPLNHwv/xpxzQ02EbPo6CHK8
UpjvRSmVsSLnnxizvZuJ8lDT4c8//w9gOs7Q
===END CRASH DUMP===
