PocketMine-MP Crash Dump Wed Jun 2 07:09:25 +07 2021

Error: Undefined index: NuTaVN
File: plugins/SETVIP_v2.3.phar/src/MCPEVN/SetVip
Line: 191
Type: ErrorException

THIS CRASH WAS CAUSED BY A PLUGIN
BAD PLUGIN: SETVIP v2.3

Code:
[182] 				  
[183] 				  unset($all[$name]);
[184] 				  $this->time->setAll($all);
[185] 			  }
[186] 			  
[187] 			  if(!isset($all[$name])) {
[188] 				  unset($all[$name]);
[189] 			  }
[190] 			  
[191] 			  $st = $all[$name]["current-vip"];
[192] 			  
[193] 			  $i = explode(",", $st);
[194] 			  
[195] 			  $date1 = strtotime($i[0]);
[196] 	    $date2 = strtotime(date("y-m-d"));
[197] 	    $date3 = abs($date2 - $date1);
[198] 		$help = $date3/86400;
[199] 		$date4 = intval($help);
[200] 	    
[201] 		if($date4 >= 1) {

Backtrace:
#0 plugins/SETVIP_v2.3.phar/src/MCPEVN/SetVip(191): pocketmine\utils\Utils::errorExceptionHandler(integer 8, string[23] Undefined index: NuTaVN, string[89] phar://C:/Users/Administrator/Desktop/MSAI/plugins/SETVIP_v2.3.phar/src/MCPEVN/S, integer 191, array[3])
#1 plugins/SETVIP_v2.3.phar/src/MCPEVN/SetVip(26): MCPEVN\SetVip->tick()
#2 pmsrc/src/pocketmine/scheduler/TaskHandler(137): MCPEVN\TickTask->onRun(integer 1)
#3 pmsrc/src/pocketmine/scheduler/TaskScheduler(179): pocketmine\scheduler\TaskHandler->run(integer 1)
#4 pmsrc/src/pocketmine/plugin/PluginManager(654): pocketmine\scheduler\TaskScheduler->mainThreadHeartbeat(integer 1)
#5 pmsrc/src/pocketmine/Server(2389): pocketmine\plugin\PluginManager->tickSchedulers(integer 1)
#6 pmsrc/src/pocketmine/Server(2152): pocketmine\Server->tick()
#7 pmsrc/src/pocketmine/Server(1992): pocketmine\Server->tickProcessor()
#8 pmsrc/src/pocketmine/Server(1586): pocketmine\Server->start()
#9 pmsrc/src/pocketmine/PocketMine(291): pocketmine\Server->__construct(object BaseClassLoader, object pocketmine\utils\MainLogger, string[36] C:\Users\Administrator\Desktop\MSAI\, string[44] C:\Users\Administrator\Desktop\MSAI\plugins\)
#10 pmsrc/src/pocketmine/PocketMine(321): pocketmine\server()
#11 pmsrc(11): require(string[91] phar://C:/Users/Administrator/Desktop/MSAI/PocketMine-MP.phar/src/pocketmine/Poc)

PocketMine-MP version: 3.19.1 [Protocol 431]
Git commit: a7cd0810020af15fb3d79127c77cf576085cd4cc
uname -a: Windows NT DESKTOP-KF1VXGB 6.3 build 9600 (Windows Server 2012 R2 Standard Edition) AMD64
PHP Version: 7.3.21
Zend version: 3.3.21
OS : WINNT, win
Composer libraries: 
- adhocore/json-comment 1.1.2@fc2f76979f0a44a5f5bc2a2b600d0762fe0e78e7
- daverandom/callback-validator unknown@unknown
- pocketmine/binaryutils 0.1.13@0abee38d4e2861621f262c79a2a3d699d8a697f4
- pocketmine/callback-validator 1.0.3@64787469766bcaa7e5885242e85c23c25e8c55a2
- pocketmine/classloader 0.1.2@9757928424652393b178a3760073113aa7c9911b
- pocketmine/log 0.2.1@830b44a2cf96ef703c550abe64302f230231ca49
- pocketmine/log-pthreads 0.1.3@e477ecf6ec214fdd4415ea1da3fdd9d73bf699ea
- pocketmine/math 0.2.6@43057cb8c179a9859677b496a788db922fd5cfc3
- pocketmine/nbt 0.2.18@9f82ca4d7f97fcd9a566e44b63c4f18a7657ae82
- pocketmine/pocketmine-mp 3.19.1@a7cd0810020af15fb3d79127c77cf576085cd4cc
- pocketmine/raklib 0.12.11@9cce458b8bfde3e4dfdbf70c659fc7b7fe26b5c4
- pocketmine/snooze 0.1.5@70b5e7937a06878dd321a3182ceb76d56298f2cd
- pocketmine/spl 0.4.2@6b08b7cf8c4afa17139c9a1b3bf1b408531de161

Loaded plugins:
Broadcaster 1.5 by EvolSoft for API(s) 3.0.0
AutoXP 1.1.0 by JackMD for API(s) 3.0.0
SETVIP 2.3 by MCPEVN TEAM for API(s) 3.0.0
reyyogaWtrhit 1.1.6 by reyyogaMnelux for API(s) 3.0.0, 4.0.0
BuilderTools 1.2.0-beta2 by CzechPMDevs, VixikCZ for API(s) 3.0.0
NoTP 1.0.7 by awzaw for API(s) 3.0.0
TimeCommander 1.0.2 by TheDeibo for API(s) 3.0.2
CustomAlerts 2.1 by EvolSoft for API(s) 3.0.0
VanillaEnchantments 4.0.0 by TheAz928 for API(s) 3.0.0, 3.1.0
OffHand 2.0.3 by alvin0319 for API(s) 3.0.0
PointAPI 1.0.3 by onebone | Fixed and Update by LamPocketVN for API(s) 3.9.0
Farms 1.0-non-alpha by Dấu Tên for API(s) 3.0.0, 4.0.0
PiggyCustomEnchants 2.4.0 by DaPigGuy for API(s) 3.19.0
MultiWorld 1.5.2 by CzechPMDevs, VixikCZ, fuyutsuki, kaliiks for API(s) 3.0.0
InvSee 1.0.0 by BlockHorizons for API(s) 3.0.0
SocialSpy 2.1.0 by Crafter20162017 for API(s) 3.0.0, 4.0.0
EconomyAPI 5.7.2 by onebone for API(s) 3.0.0
Slapper 1.6.1 by jojoe77777 for API(s) 3.13.0
FactionsPro 1.3.20 by Tethered_ for API(s) 3.0.0
DevTools 1.14.1 by PocketMine Team for API(s) 3.13.0
OnlineTime 1.3 by Zedstar16 for API(s) 3.0.0
PiggyShopUI 2.1.1 by DaPigGuy for API(s) 3.2.0
BlocksConverter 2.1.1 by matcracker for API(s) 3.0.0
AutoInv 0.0.10 by JackNoordhuis for API(s) 3.0.0
Trident 1.0.0 by brokiem for API(s) 3.15.0
KeepInventory 1.0 by KhoaGamingPro for API(s) 3.0.0
PurePerms 1.4.2-c2a by 64FF00 & ProjectInfinity for API(s) 3.0.0
KygekRanksUI 1.3.0 by Kygekraqmak for API(s) 3.0.0
MSpawns 2.2 by EvolSoft for API(s) 3.0.0
Sponges 1.0.0 by  for API(s) 3.0.0
WorldProtect 2.3.8 by aliuly for API(s) 3.0.0
MaxEnchants 1.2.1 by Xenophilicy for API(s) 3.0.0
Worlds 3.0.7 by survanetwork for API(s) 3.0.0
PM-Beacons 2.0.0 by jasonwynn10 for API(s) 3.0.0
Netherite 1.2.1 by Wertzui123 for API(s) 3.0.0
FormAPI 1.3.0 by jojoe77777 for API(s) 3.2.0
ec 1 by McLebt for API(s) 3.8.1
BlazinFly 1.8.7 by iiFlamiinBlaze for API(s) 3.0.0
NoDrop 1.0.0 by Inaayat for API(s) 3.0.0
HideCommands 1.0.7 by Himbeer for API(s) 3.6.0
InvCrashFix 0.0.1 by  for API(s) 3.14.0
BlockSniper 3.2.3 by BlockHorizons, Sandertv (@Sandertv), Chris-Prime (@PrimusLV) for API(s) 3.2.0
TPAll 1.2 by matymare for API(s) 3.0.0
PureChat 1.4.11 by 64FF00 for API(s) 3.0.0
Shield 1.0.0 by JavierLeon9966 for API(s) 3.7.0
EconomyLand 2.1.2 by onebone for API(s) 3.0.0
AuctionHouse 1.2.4 by Shock95x for API(s) 3.0.0
BangHoiUI 1 by JVN | JackVnKiller for API(s) 3.0.0
AutoClearLagg 3.1.0 by Twisted for API(s) 3.0.0
capdao 1.0.0 by Nguyễn Công Danh (NCD) for API(s) 3.0.0
AntiToolBox 0.1 by NgLamVN for API(s) 3.19.0
ScoreHud 3.0.0 by JackMD for API(s) 3.0.0
PureEntitiesX 0.7.0 by milk0417, RevivalPMMP for API(s) 3.19.0
detu 4.0.0 by CLADevs || GreenJajot for API(s) 3.0.0
Buyrank 1.0.0 by LetTIHL for API(s) 3.0.0
ShopMob 1.0.0 by LetTIHL for API(s) 3.0.0
HealFeed 2 by JackPlugin for API(s) 3.0.0, 3.1.0, 3.0.7, 4.0.0
OreGenerator 2.0.0 by vividmemory, LetTIHL for API(s) 3.0.0
QuestPlugin 3.1 by HmmHmmmmm for API(s) 3.11.0
BuydetuUI 1 by FurryJaki1992 for API(s) 3.0.0
CustomItem 1.0.0 by Phuongaz for API(s) 3.0.0
BuyFix 1 by FPVGAMER for API(s) 3.0.0, 3.7.1, 3.8.1, 3.9.3, 4.0.0
essentialsTP 1.2.2 by  for API(s) 3.0.0
AcidIsland 3.2.9 by GODSMineVn for API(s) 3.0.0
SizePlayer 1.0.3 by  for API(s) 3.0.0
cayphattai 2.0.0 by Lettihl for API(s) 3.0.0
PickaxeFunction 1.0.0 by LetTIHL for API(s) 3.0.0
thoikhong 1.0.0 by  for API(s) 3.0.0
CmdSnooper 1.0.0 by HotshotHD for API(s) 3.0.0
giftcode 1.0.0 by LetTIHL for API(s) 3.0.0
VanishV2 1.16 by superbobby for API(s) 3.0.0
Joinkit 1.0.0 by LetTIHL for API(s) 3.0.0
TempBanUI 2.3 by SonsaYT for API(s) 3.0.0, 4.0.0
luckyblock 1.0.0 by LetTIHL for API(s) 3.0.0
KitUI 1.3.6 by Infernus101 for API(s) 3.4.0
help 1.0.0 by LetTIHL for API(s) 3.0.0
SlapperRotation 1.2.1 by jojoe77777 for API(s) 3.0.0
BetterVoting 1.6 by Twisted for API(s) 3.0.0
NganHang 1 by GreenJajot for API(s) 3.0.0
restart_in 1.0.0 by LetTIHL for API(s) 3.0.0
level 2.0.0 by LetTIHL for API(s) 3.0.0
gem 1.0.0 by LetTIHL for API(s) 3.0.0
SellExp 3.0.0 by EzMinh, LetTIHL for API(s) 3.0.0
MenuUI 1.0.0 by LetTIHL for API(s) 3.0.0
PrisonMine 1.0.0 by LetTIHL for API(s) 3.0.0
Kho 6 by ItzFabb for API(s) 3.0.0
AutoSellUI 3.0.0 by LetTIHL for API(s) 3.8.2
LoadWorlds 1.1 by shin for API(s) 3.0.0
CustomTags 0.0.1 by DaRealAqua for API(s) 3.0.0
MuaPoint 0.1.lpk by LamPocketVN for API(s) 3.9.0
PHP-Sell 1.2.7 by Muqsit for API(s) 3.0.0-ALPHA9, 3.0.0-ALPHA10, 3.0.0-ALPHA11, 3.0.0-ALPHA12, 3.0.0
NapThe 1 by phuongaz for API(s) 3.0.0
shopvip 1.0.0 by LetTIHL for API(s) 3.0.0
TrashGUI 0.0.1 by Phuongaz for API(s) 3.0.0
UpGrade 1.0.0 by LetTIHL for API(s) 3.0.0
Rewards 3.0 by Wertzui123 for API(s) 3.0.0
WarpGUI 1.0.0 by RockPanther for API(s) 3.0.0
freeze 2.1.0 by Bavfalcon9 for API(s) 3.0.0
MuteTime 1.0.0 by LetTIHL for API(s) 3.0.0
RPG 1.0.0 by LetTIHL for API(s) 3.0.0
luyendan 1.0.0 by LetTIHL for API(s) 3.0.0
PiggyCrates 2.0.9 by DaPigGuy for API(s) 3.2.0
Item 1.0.0 by LetTIHL for API(s) 3.0.0

----------------------REPORT THE DATA BELOW THIS LINE-----------------------

===BEGIN CRASH DUMP===
eNrtfWt327ay6F/BdbpOnXstWaTe3itdcWwncWsn2rHyOLvsygJJUELNV/mwrezd/35nAJAEaMeW
HDXnfGh3uy0OgcEMZjAvgOS/d4Iki2jx+YplOU/inYPB3k7BI7ZzYI1sezi1h6Nhd9Qf9qzJ3k6Z
yluD7rg/nAysHv6/PZkOh3s7Ic2LkyxLsp2Df+8UqxSa7YjrkxuPQT/AvbcTsTynC7z1PvZZwGPm
Ew6/bg7Im3JOP7yBNkEZhi95iI3SJc0O9vePDvbf50Df/qEf8ZjnRUaLJNs/ZvllkaT75xeHp/tp
WC54nO9fnMw/nM4+X9ndfhe77+eZt39+NDv58Gb/ghUfeArgFIdRQ6zdD/qEQDBMzNSCOcqoB79/
3XnSI+vj2IW+Tw9ImniXrABemOOUBQ9zx3mPfw4OmDFjr2nshyzb5XHBFiwjkz0CzPN48avd/418
ZQrrNpPpb2TbM7hHKlpwFgjNMrr6tf/bU5icJ9YmE2GPYB4kyHEkrPNTwb3LXYHLJmmEnfC/Zrb2
c2/J/BKmZH9O88tqeqz+WEM2ByR4t/NTEr8r43ryLIG4vw7ii+pq1xpPW/KqW8JIDQ2dn7JbQw3u
HkpO0v5M/DmnMayHbHc0HNw/Tk1S56eI8ni+zBj1XzOaFS6jRWvk4d0jX7AMlvmu3Z+0mZI0OY5B
lJRHPXDeGmR0/yDW0G4NIu/oUh7fi8KaTu9DMcsSD8xJkklck/txDSejr+DKC5hEiWN6N46Z+HkO
P3ftW+u3QvP5s5fEsLBKr9hN3N+ZV5AXNGdHYBfzs4T6LNsjCn7H8j8HmZ4liwW2Usu3P/qNHB2A
ZcCF6zjGynUctXShJ6xdx6l7DQYb9FLr1XHk+u09yH7fbrOfy/mVCCyJYNfCVhn7o+QZ21WETa2N
rFEzaOd81hgRk6ynO7/9ubfDtuJ1vsUdABGy42ceXyXhFYtYXAA2H/j3ip3qLkAkXoB4ic+QZmti
A9gp5P8IgVvWpG+Ayjhnxe4PNAx//SGmEfvt6T9Eq4HR6odiyXNcGREDnWbFYRiKPqrxsG5MyJ8C
MtIgAjDWADzY/T88b4/7lPxbtJysRd+0PeS01xpyammAH/KCPCMaml+dHa/MMpjKzhVPnZ3fBNqp
3UbS15FwwMFu0hCmd9fZ2YN/EbGkaDpod9Vn5QefFsyC7qCPRYLzuPsD/7WnuJnK6SJENbSNhgiB
4VadqOM7O09Vl7HZpQ9dqJvvqv4dNaJqXM3pD0sWpjgRosv+ZDTo9WSLaj7FnQE0AXt8RUHK2ENg
sXu9ekhxWc0viFP1+ukZmG8Q459/hzB/hzB/hzB/hzB/hzD/0yHM3s6CxSyjIcYD6PnAaBt9gTAX
5NDk6Dv9rjXtWggveehDDDLpQwrO888+u9o5CGiYMwg6sqRIvATQDvqQsS44hiR07Pm9idXr2T0a
WMPA7fvjqWWPvfHYC4bjUW8y9PyB5wHuUtHyEWxzcp2TN3NyfHLxy/ztrPPLS+vDp1cvyKjbJ4IE
Mh31emS3aio1ioADssk7m1wUYGJo5pMTn6NTeEoOz49HAwyMIBc/2BmDkbWRnS8s9gV76hpuf05y
pOH0zZs5AMTFNY9FBBWlCcjgc8jdjGac5Th/1F8Czxnb/z1P4g60UaGY1bW69vPAs4PxaDqeBj06
GNBhMHQ9m9ouEO/3xiM7YD02nrAxoPcpcABkJ9G+BzGJS73LDnhb7qOgAWEZX8bJdfxc/UViG8G6
PKbZSiwMaNqDsa3+8x51GetP/AGzJyNrZFuBPbK98ZTatO+PplN/QoG0YGCiunNwq9vr9p+PBuPJ
eAB9RiPXo3TMhpPJ0B7YDGRo9z17yCbecEjtFkJczqFYzoo2+/l0PBxP7cnAHoyGdn/ad63xhPZB
G3rjvmX1Abc3nVqWa2IKk4XAYHet55N+z4UZtb1gOmLBuNeHkZHh0aDfswMb/q9veXQwvYWhkxbC
EVQT1X/OBuMx84IR82xrEPj+YGANGbV82oeLqT/uuwHMFqMmqogWS0XN6DkMOhx77sQD50enk+F0
NB67g+mIjicT353aduAPvcDrmyhit6j4mTyfBhMbCPbHAcjE86d0OBqxwcAd9b1BYE3oeDQcUzZp
TW7zsxOl9UJ9vsGq05Bl9BJ0W84L0GQ9n3oeGwwn7sQNfNZnAz/wXZhrbzScBt7YHQfMHrlDr6VB
eZwkX5ia3uHzcc8dsvG0P6a90WQ88X2wiLQPeYjH3PHIH47s6SSwPb+FJA0FhgFoy8jtTVwgfOIN
aECtsdWfelNquSAYyx0AL33LZ9bI2vmzTozE2nyRgdZ5NC9Yppk6Hbq309g4oBWuaVkskyzHMPUE
UquLJCjQYtKUI6gP66CH1yymbsjAdoD3AtPnsxQsCfaCezn0OdYBGH2YAzuOSQUuD8zW5ofv5u/R
/l4zN+cFkrssijQHD3B9fd1lQBFi7xaXGFAflkXyaaaxpgAmV7B2Tb5+htV9frwtriQ2cJtibOmW
G45mby/mH9++Ozu+kydwEcvS7YLV3Jdo9hUHwJzKXBvm6lS2YQ6CZZM1GdCS+cnh+bb4MwPuhzhD
yjO2WiUL+rHIlugCawZMeFtII5MT1fg8ZmF5c4uXvZ3Bt/CkkAMZ1noCQ7ZeoN9l2TxJwlxfTjrY
ZMru9jouK4RD0Fg7+sK85ez8mF1hhw/8hl8e/Wtb4vIQeRpBXAIxmitpK5A2WHImpZtqqEb2voEK
5uZNMtdVVVyac9Hrjs1ZoNdf6PW2uBbIHCdOivTRK1ASBMzMecSOIJCBYMQwnCa8zV5LyPMlO2bc
TVoc2o/l0Bi8zeNddhM5OSrzIokOIRMrdJU1wKY9sf5aF6CP7DgtOh7nBD7QmIchPYm9JY0LjD51
Vu+6q3M8UObElNzhFwjO7jA6feFMHsn7lSQF2IZw+RH6WdG1fxdPMBFvgwArCxrzFcQUca/tNGh4
xeNe35pubTVWCB0HSAAi/frHOoZ2lvC4OJydGumZArVXXYuVJGYu/Ef+Q17yG+YTGJG8T7ESR9wV
OaORzPM+vDFYnT6eVTUg5MVIIWB0HI3WB5bnS5pFurLK6xaLnRjyKhpCOmuyeuyUFqPDksydstdj
NN62k1xGjiMoUn/WEh1fLFZyWSv11Pm7666pm4P2Yjym0OlVuTKYs75BYBVCkNNtau4EPmKpVoPs
34FuH+fpvAwL/jHJQn25asBWXN5dK4LArXzIgfPyksPvS0hf+WX+l8QVEVJ6jZSCJ9Kp/paYQkME
M3QaX10wps2OArQNQEtfXoSwwF8nGf+SxFvj3UDqOJISx5ElunWWxUXicRpepCs9nK9hLQ/cZuko
owFkSXbPGsF/420vcy/yMWFNMao4ivwL+Xsdrk68JE6ilWmpNaDO17A7biuxMp3bElJtiZmkQNhi
g5qHxRTSNDVCvgpiat2oHSb9nvyesDH+Y9qp/uPZyeXIj45mG5L2KyaEx/GwHpjPssTwOw3U5LTf
tdvRESuWLGP+52+T285hXPCLFBxyJkJkxbVGCXodcbFufgZGpJ2b1aBWsjloC7Ap/5I5o9HWpFgR
gGX0q1bidV+cqwmyIW2/xoHRXoy74XNxPKwJ+BpgS44mu/9iPm5hWKNtLb4aIQR6NQ2P1t0a277G
UBVdXCyT9P1pO6pQ0LYptdaIJuyNddewKsJtKcjOV+MMSZ9x8c1xhUQj4gnhofKjJAb2W9W+1p0H
ZiiihZdR0LhsW6rRYHScFjGbuFAsjIHjbRX7EKJzBHR2rTvKfW+SJPOXJd9aSPA7II0rpI4Dw0HU
fyWrgJKoBzmaZ9wXeyVNgUFBHohx3Cy55KxlpIaP50Xhcxw1PmjpeUPKg3z8wlgKLEPrJNMDHBPe
4snk6JdlQl/RiMcL5Q62ISIDqeMY5Kxf9ZuVGZsxM09rYCZXg67d8exWnjYavHzZ65H/IkAFbuWe
xgGPebHaFpuf5QAgtIoq7ecjbIzoqw5lNHhQzqsFu3xH48vcML8GuB09tOWMbTP6R0QvtyblBiXI
WKNlfRGfQxxyHesCriCmsbT/2tqYGhQ32qvRH1cRu0iTeMF0firI/YZlS3zAIlsNh46jBl1fDiL3
g1VS4Bm+hngD3Nr96E7apSxehqvt1bEQm+OITDeVFKxTer1jVZ2XPAs4C319x7I6+1RkDPdTcS9s
3+AWlZPe3FFJ0aHtPYeWR//E4iRd8pB7W5sXDSVOx01TPjHpWk/ieVvWJkv921sHeZld0ZgVIJet
2RGBU4kaGKkJWct8KkF2BZIuULb/RCISHuS884JRPOmju5AG2K7Otmzm7zRP4utVHFu97QUvNUrH
cQUZEJvV5DwotjciBxTXzZZPDXtAHz9C6Pel5Jbd3xY7DUbHqcl4dPLRYNtveMLUOckis9RRQR5w
el8pDtjfIL8aIyTJkoj6xzryY57GBfNMBlobyt4Zc00XNwGJPtbFCWyOw3ATy1uyvNhg+zWkX3j8
MlwZyU0FM2UwaVsMzl+GEAryGHtsreRkYsX0RpGj/VxrPSXHWZIa+6cC8EAecBpTuqJbiz8UOlhD
YvT1JfMaUgW1NambOAP8wGbwax65rJVzjh7PikLnODoNa1oE2bUrKw4QyxxlNF++5DdmKbqG3so+
vxpSWYNvSKLLP4A+x4Ec08ORA36zSfIs8u6LmKe3SwMKanrcW+dKzLI6hJhiG7q4IrvPq594nPNo
mfG8M8t4xOAO/i3zsw9Pv7Hccr6ahUmx89V6vMbHJpMynx2G+hFQed3yXreqI6uIZmyLtRGBz3GK
lIbhZlnp0ZIWraRUgNo5qWXdlZBuxIKW8d4Wj6hFVYXbnb1WNfkTu+JJmc9OOnWTr+SuSHzzawuZ
q0CD+dASA289HZKAB8zrz/SKs+yMJfF0OjIrpeOH5qvaeb/33JiOHtIlQVT1d4P9lzNz01+Htot9
W9iB0YufG+zGhOIQgEnbGjU/oTGvQX+YUfjTwO1oc2CyeLEE2zAd3nzjboVR8dXNv5ZAqJGwGCjo
WyJ9WBE0qH3YVtN48TrhRo2lgd0Tqv384Q35D8Fq54f4Fx6G31rC1eJbU+aVAuOpwHUNFtZFj0JG
szO6WLSKuA3c9EK3yoTzaw45sr8t61tIdLJ66yERIRAha7g6TRsf1JF4D/NVWEbnR/smPpgMj6Y+
1TfgFOABg/RmUa7w0Ic3jMkRHvoIBvGCHNN4SXbfHB0/3da84DgsPkriBeIGl8quWHiah+uu2rjg
uE31ItFjJh1qxkxWm8szGrUO6HzLgQ+FD8TaULBumKAJtSIL/Qk+7/C6NDxKBWpXLr7L0eNq9M3i
hxOYj4Kz/FMriGjgppzGbWYiHl72BhaG8u/Ay1/RcHZ+Ptua4DKJM40iyEVSIIwpwmSQUJG5cSlO
o3Xf5PdPpKwotfkQlw+cFzw6O8TzK+Q//yGvkMif6e/J9g5MSuQgWR5zLNOsf1p5ldH40jioLCEP
WJkzVsxPX59tiwEccn2qcUvzPHGNWE1Cvi/V4Mw3SYAZDV8yphuEGmSEYLeNgYxXv3rUdK8ufw6+
1VDM1POa6zL1NmOvxGNyRaInjQb4gdIlrDPuRyxKstUe2bKEdDocR/1cK8D6Z8nyQs17w5cObYUh
rVJFFMG/8I9p6B46GFwfJbr3xGW0RMyO80cpamOCqEdEIBWN+zpX0iigRTNjyxp2T2z5ssyy1c/0
kuMDttsSoYEUDxLSeflmSeNN9u7k2crTgkW3zrcL4ANmY7YsIcyhX7Z7vh1H3shSm+UlBbhPHLMP
rw7PT97daTfGQmNlnXZPnG7uf6v9kBStzxLLc3TWNMyNx0IMcDtxs/+KvUh9RMhFzfEfjmQ97qu4
VwtkG2C7aDY1pfTq7fEFntv6EG8z+1TnwSC51o8byRoZSEjWytZxtfwLm4V0ZZ53bID3n7TfknzE
eGc4HkSx9e91yPfoKl3SoqDcyKNq4AOuCbxRwZfh1k5HpxvsZMy4d0lv2MsyFpUB4yibeef7Bj2p
HH19RoAQfrkEA6qx0MC+y2GDergNXEZzyFlzGfrJ53sn/XVSQHRYvN5aFvf4A9gLHhTVe40UHzXo
+6pONez6UsCHmPLlB7v1rJYAtU7rjtq7/zA9buK6q+3t/VcYHaciovm1Djc/Jzy+NB52rSDfVw6X
fAM7NGdR+gLDLX0TpIbd+5zxRRLn9L/n234WQaF1nJqM9bkJS+9y5eJWkMaOBvy+gmgGXp+DX3hh
nqwT1+3TBaP2JnDAsrjMrZ5l0D74lo3gGqXjCCLW5wFfjaWxIC6/78zjkBsUHGRW9i4paMsXt+88
cKzlK6c8vmUxmARskFBAbMOyD0nBDc9sgFsPtPyldfZ5VWfXKTCv1jolsaD4djOdpRp0T660/Zpc
g3F9mWRMvDPqs1Fz0IDfuSgnB97AuOIWgG5XxfXDMfZWw1Okmi82iDEWRlVg8XA5YNtR0SZlgAsW
hic3uvGsIA/sKZx8gSRzufUCm0TrOCefZhcbVUPPWWxWmBTg+859BINukJJlPE/ic/F+0SYba4Df
ORETA8uXpa0dPCz1DUW80mluBw3Fl5fUdR+98X9rD/yroYQcCE81bKJCuGOK2m+okQZ8YEXcJY7J
41+9odCtTz5uLt462qwBW/lNK71Z8nhbitSMuf5xWKwke+lV3C2StKmwzuni9htEBPD+A3A7x/Qd
o+HhHyXdFlM+zQAjBYzrMeXz3Esyvws+CzI62mWlfAKfihc1GM/fK1Brf7obppctBXvkiyTalTz1
ooj7JNiMJCrkok/zay3b9nrWwXWjW7YK1A5qW8cyz8Wxw7bgOodns9eHU7U5pS6tXuvaal3b1fWj
42Eg+LU4RrTuOnxD0/nSOKQuAfdEi+mWNwQqfI4jx67+rkM+bkJecT0iqCDffzMUXwi9fmEBPcMr
s65QgR4wF9vekPmYJCE+2ChHV7/W4eF9+iqjRmmtgnzfyS83mPd37JpmhtOpIC2H+T2fyFAkbON5
DIVKPPH8kWapqWIV5AH5vANzOqMxPtmxLXbfiTIPjr++rAJIIr/o6qUAD7wM5AW9CmgIXmRrL2tq
MDqOpGGDUL8s2q8gqEHfOdwviw3ofjd7pS8SuPrOAf5VuklhcwUIaGyUNRXoexc15bCbbHXh+4/w
ZMbt90BJaLuGMP1L3thw12udvv5OKEGZcfHt74ASaITlah1WWOeYwpblyDc4n4BvlKUZkFqw9qtS
qrdsi/hVvIC6m2a4dyWO5R3sPJnVV+QoiQO+IPjVDydz4icXtCDndEVsm1j2QX960O+T/9cbE7tn
W9ggSgr/2fnbM9JstyNYDtNJk6x4Zk2tvo3A6yUQ2wl5Xjzr4TWN46SMPXy+FneTO9Rbcia/EZI/
S2KBB5+w7qhHemHaZceI3qg++TN7iJAFxeNLPpP3gyQDrDUsCQKEwgz4eACzuobFrUbxeRBwrwyL
1TNB6KI6sNTJcfs5XuTPECyKaR1Uh2eh2ISqYTljvtYEv7fy7Pjk5eH7szlCpew7f5QsW6khFSgD
e17Rg7+7Kc3za8iCnv1f8Q9MEmTTnZxeMdXxirPrDqRKBYWZezZB0I2b3HRQC1UTEMKipAv2jMUL
vDZeWNxdRfjC4icE1Yp4QtxlJirXQuoEJo8YugNaQCASzhmpZoNAZkfAMZMkBpUplqAjHgqzIC4j
PPbC0hdfriC3tA1xXSQR9AwQQRtnTgO2RxL0+TmiJC6kkJdklZSZwkV4QECoPOBiBJAnfkkmXCHi
N+y6Rrfvs4CCRHNyncQ/FgRL9DQjOJsRMIsvD18hhfhxGMn39ZLFpEwXEDsCgq4ToxZLZAdOTMiT
j0vxmCkpEhgl9gmgUG/mhznIaAzKXwBR4rYgNUxgGGAVfrFCzJfPrrjHyFJ8WAIhEWKW6lpJ7YCI
19TjjXxZFn4CC0B9qOeAODvqDfJemOTMd3YEZYdhmFwTXFhATPWlDnLFKfknqhy2EbpXPch+QNAI
ia4nQg9VH/EaRlwiBCQGk4LY3BVRU4ntldrWtzVin3zkMCFJDPNKfZ9kLJfTj9OK33QgEaN5mYnl
TWDSXYZEw+SwP0oa4rQt+BW0vaJhyciuGhQMzVPELkeEBcPQpnRg2vGDCgdwW4z9poxcmBXQqsN8
FXv4VQ2CT52DHnVFg/cwW0K1K06x2TKDLL8E6UHzfI+IR8GJWvywHvYIvkofGEGDL+YGDC7CojIG
DcImEvmFEC/wBFqWJTccNIzBNABLQnPjmjicW0XQaYC6im1QJ/cIL36E6Ssy0c1naO+EyrQ6k13g
oYR1Y4tpEWx0FKcHAlVbV6lQjqyMYxSnjwYqSYUQxFuH8y45ZlfqN4n4YgmLGZOvPX3xKcXBGcmy
Mi0kVE4YTkwEtCm+hHBhUYovDPhyQdCrhPtA9t0UoI6gziUw0aBdXU3RoHFHNqo1Dcy/OKkqF+Ur
sMSgPehBiYTDOoh4gWs7YgvqrsCdd8mFnOqemFyeI27RfY5Su+Zi5oVGwaK97khElZLlgsOAA4lg
kRi+mQbRYAxeDSmVHKRV4jIliwQEleAyRa3AgRaCzI4g7YD0kAsYXZhg+Zb///UcYEhyH/3oXb+N
fgj6UkGCMp81SQpdTsB8oH8Eu1cRhKNWVFk9e6AIE0bgo1gVir78xy1QKNaFIAktBlEf4YKVzm6Y
Vwrjm0iS5YpEZ1W3ZjceRAl5w5E0XG/nJwdk/vr0gpydnp/OyeFsdnZ6ckFmJ+8IxHm/nLzbI9CI
zN9CqxPy8fXbsxMye/f26OTiots2AcZ82MORmo4Zy3giHDIa4hwZ9JZMmGQxG7WxtWDuISTwhW0R
TToYD0szK1BBfAh8goEGbUJ+v6ZsUskg4kMHGGMzNZjALJGA6W0MufRIYoy36EPQz4sO3dutURdU
PA1iS5mH4YCcWSRXylX2rXkA9WJp3rDa7yle86d3k6Q47yvOFzRzYWV0vCQMZSwqDNDdsyuWGpKj
ehHVC2x3RONSBB86JRCYQV6cP92rfEJbCSs1lO41CACX5DdqlmCXvJU2Xyo8RA9JGfo1LRycyHVM
GvpziTgV5AOjo15P8QqjvRTG4paTFKojMdS8BVkSVc5W9lYtOrpq6hJGbpQkb+kGuUOlDO24qAJG
FFkGI6EaKkX2yyiV0ZUM4Yi60cEblbyOsZHqIGgXZFYcwBW4eVjs9I4JBqcNjg9GuAIly/OSoWEo
liC1RRVtotHC0Rqq9ipByhhBBZVdSQ02/eo8YZ7jLcv4Mq9oP6IpQnlURuBj8YF+UuUCKEgisyJJ
RTOvuF7UVIoVc1vHINhOFUViwA5GwSU43UEtseNE3mrrNMZGaPUkftm4WkISl2qocyYih45H8d0i
tVyAFBGrQPiIswfUyQBDYknx3YSYaGAfyWHDHXRT8yn5qUbGxk20ixOIz3dWeO9HdZ8eOrF6rdGB
chEQmi2TUIaYLi0gk8VIXJCc44f1iHIywrbJzEfdla7FZXWwKd3bE11K1S00q9mqQOR7pGNpAhTC
EwN3iooY5QKE1W7iWJGiYgjpS84xlxGBPnYGoCKrS15DLAi69EwEd+Ro9n4P+gINLqyva+6D2otY
QVrPGn9H4D8goyrsbiLyXMyO1rZLDn0wVEsaBvv4NniRJvgMdFgNBYMSrHuggmkLsXF7GjI9FTm5
QauGISYNuwSJeD+LZ1Ww3SSAmEsgUViuxo5lGqcddd3Kbs7Vqsv5F1bLE8PySoz4yEIVMkHYLtVD
c62DqS07Pe2SmeoT0mwhOlCViSpdECMGGV0gCyATmLY8DUXEgullRPGpcRg5QzkdhRwrJiJfxg+z
sbwg5/P3gtIcWEK23bIgmJ8LUTbDyeSiW9maqCg72OtAUIta7jO3XBxUCctPxMJERYVrS1iq4j5R
6WkuE2rU5DhPpONS2mAhMmmcJLajZQIJLGpglaewKhMVFsynBSU5vaosJVZAqjoR3tNSWCBM1NRk
wKLqEb8nPJbJsCgT/Ug+uckNan1GTo/J7qf3p8dPCb7ydAk0QPtrMPdpJt+BAYqB+UsGyUu3iQBB
ExLRREw2vuz/04uzCr/KbTTIj2IwLBYJpwnRBya5wg0L3pKqOqJciFbECQIxLNzjwapzU3JfU0QK
cQpYN0aLym4C//LDdlUaIFJIRSnoDVPfV4gTL+QpEX1BbbCq51FMJaPkqsrK0aUpPyBscae6J4fM
GwtYFb70CslclDikvsMqgumVwhBtlXKXuSq1eLCSC2nrVJ+O7HNAUgiSrniIw0g7rmyUGgUdEY0X
daIQY7ew7Q/3qlZGxezOqpSU8mGUlLiEA+lw1IrGqVQyRgeLJkrUI0AP8bfwkND5nfCXWmfBeMxk
/usyicxlAS5AUdUULm5ZKbzQcVHsNDyvZB8HqtkHQ0Rom9RUfjATRmPg1O6isnc3mTQDTKAf1boD
YqvO+Lempi8WM1YHOqX4Tkeu6aR4J4MYSFR39bV5LAYTB6xzYYFwPlmGkibyK4JEcUdUNaXy4KKP
wTrg6xCbPCELyMPyZnqaik09Q93bU6Rs0zXlIlEDOwlZjJRNmqRlWCmjukBXJtooi9gX9lBE+J1U
WTF0JmiYwNup2FlUa2WN6kB5cSypibxRgqUTVPLC87V1scNv5g31vYPPabRA9XIzwekSws0g0SQC
q6wj9zrqlssEJSNI6eKz+l2eCIrBkq0izHtyPL+cA4d5Qzomc+o+ae4LFoQVo4tFBhm0rJap0pqs
IOBHlC/b/An6YAW/PX6LHxHtKJsvXR8ahWsmg2sKS+dajJgLwhsGBKyr1bPB09YzL1VTCufWpIJA
5X2lTODk8UOYwlXpMaKAJ/rUQdgdo55opas9Ij71skfwu2HCPxd1GAamN2AZhNodtEAx+j95t3JX
0llQoxSm9pU0/1pCyAmuXFixylgohELy8n41xi1JS151URc8amy1csCIFNvjSkDTjJJFg4kDihqf
6lTVc7vNAOqOPkI1m/e7eGW2pXTlqtBKJwoHoC/UfFZFkqUCCouBWY4KnJXFwJoz5Ca+iBx5UCOC
9AMYkRsMaIGqyoG0cYBPmcjKs9GQ01ylJRBJ0igNqyuMeYBGJauDSmjyHugtlrAOyK8iWAH/uSdq
Wr8hUvma0dpN6hsfgg0MHPFV3rJqUO0/iXLAXR5LOHThoXMRIItsE19wD7Qqd6uTL8cVNMifBHes
0CtI79WMeEBenh3OD+x/jPeG0xtrr3/T37P/Yf3Dx4BIrPNdfAuuh8b12aQnTbG8GgyfyihP7jHo
ybpc4ehbYI5VLU2EHqIYBlLzVkR+X7nMKqNcZShZvTshLA7gAVflid2fvJqwTrWzAbogw9knL4Wp
EUOJ9gaSUkQKEvJZg3REbKkFfYn4VjthN2D4cpXceZfidItIZGBGXA6B+UoGcaId8gukQOoh3Yhc
M5JLgR+Ckay21Tt7O+ymYHHO1YtnxVfHtE//up76gmsNwV0l/GywAUuiz35SgDE0oLgTaQDKLNSv
0UTo1wEPxWcJGsgiMj5EvMRjWdo1h1V2pQPw88Jic1y+hiZy5RaZ3iRXXz3WYalncv2OBaq4YPQU
Zj83QRCgRDrkYnamX0ar/I9QfD1Z/SJDPM5m494C6eCnmIe9QW8MP384hSUx9jz4dzpio/EwGPlj
mw29oBfYo3EwmDBrNPZs6rp2n/wAuIvkksUQHhgztqJih7U6FPQFTwbi8eGheOfZF/nl2ro1XN5E
pkwSZMfu9fqWZeMxi9nxW2Oq/OSzYKUNBBA3xQnmIs5zo+EFR4Pw6dyYoxYFcIlptskWAK/xHbsG
UPtGMR73sPAz20Dw0lTOxlt/FsGY/v1nnCK+kN+FVm8Tw2kSKC31rL4waL5bfYMY9ThbpUUiAPLF
Hwv/lsy5oSZibvo6CHK8UpjvRSmVsSLnXxizvZ2J8lDT4c8//z9eRM7P
===END CRASH DUMP===
