PocketMine-MP Crash Dump Wed Jun 2 07:05:25 +07 2021

Error: Undefined index: NuTaVN
File: plugins/SETVIP_v2.3.phar/src/MCPEVN/SetVip
Line: 191
Type: ErrorException

THIS CRASH WAS CAUSED BY A PLUGIN
BAD PLUGIN: SETVIP v2.3

Code:
[182] 				  
[183] 				  unset($all[$name]);
[184] 				  $this->time->setAll($all);
[185] 			  }
[186] 			  
[187] 			  if(!isset($all[$name])) {
[188] 				  unset($all[$name]);
[189] 			  }
[190] 			  
[191] 			  $st = $all[$name]["current-vip"];
[192] 			  
[193] 			  $i = explode(",", $st);
[194] 			  
[195] 			  $date1 = strtotime($i[0]);
[196] 	    $date2 = strtotime(date("y-m-d"));
[197] 	    $date3 = abs($date2 - $date1);
[198] 		$help = $date3/86400;
[199] 		$date4 = intval($help);
[200] 	    
[201] 		if($date4 >= 1) {

Backtrace:
#0 plugins/SETVIP_v2.3.phar/src/MCPEVN/SetVip(191): pocketmine\utils\Utils::errorExceptionHandler(integer 8, string[23] Undefined index: NuTaVN, string[89] phar://C:/Users/Administrator/Desktop/MSAI/plugins/SETVIP_v2.3.phar/src/MCPEVN/S, integer 191, array[3])
#1 plugins/SETVIP_v2.3.phar/src/MCPEVN/SetVip(26): MCPEVN\SetVip->tick()
#2 pmsrc/src/pocketmine/scheduler/TaskHandler(137): MCPEVN\TickTask->onRun(integer 1)
#3 pmsrc/src/pocketmine/scheduler/TaskScheduler(179): pocketmine\scheduler\TaskHandler->run(integer 1)
#4 pmsrc/src/pocketmine/plugin/PluginManager(654): pocketmine\scheduler\TaskScheduler->mainThreadHeartbeat(integer 1)
#5 pmsrc/src/pocketmine/Server(2389): pocketmine\plugin\PluginManager->tickSchedulers(integer 1)
#6 pmsrc/src/pocketmine/Server(2152): pocketmine\Server->tick()
#7 pmsrc/src/pocketmine/Server(1992): pocketmine\Server->tickProcessor()
#8 pmsrc/src/pocketmine/Server(1586): pocketmine\Server->start()
#9 pmsrc/src/pocketmine/PocketMine(291): pocketmine\Server->__construct(object BaseClassLoader, object pocketmine\utils\MainLogger, string[36] C:\Users\Administrator\Desktop\MSAI\, string[44] C:\Users\Administrator\Desktop\MSAI\plugins\)
#10 pmsrc/src/pocketmine/PocketMine(321): pocketmine\server()
#11 pmsrc(11): require(string[91] phar://C:/Users/Administrator/Desktop/MSAI/PocketMine-MP.phar/src/pocketmine/Poc)

PocketMine-MP version: 3.19.1 [Protocol 431]
Git commit: a7cd0810020af15fb3d79127c77cf576085cd4cc
uname -a: Windows NT DESKTOP-KF1VXGB 6.3 build 9600 (Windows Server 2012 R2 Standard Edition) AMD64
PHP Version: 7.3.21
Zend version: 3.3.21
OS : WINNT, win
Composer libraries: 
- adhocore/json-comment 1.1.2@fc2f76979f0a44a5f5bc2a2b600d0762fe0e78e7
- daverandom/callback-validator unknown@unknown
- pocketmine/binaryutils 0.1.13@0abee38d4e2861621f262c79a2a3d699d8a697f4
- pocketmine/callback-validator 1.0.3@64787469766bcaa7e5885242e85c23c25e8c55a2
- pocketmine/classloader 0.1.2@9757928424652393b178a3760073113aa7c9911b
- pocketmine/log 0.2.1@830b44a2cf96ef703c550abe64302f230231ca49
- pocketmine/log-pthreads 0.1.3@e477ecf6ec214fdd4415ea1da3fdd9d73bf699ea
- pocketmine/math 0.2.6@43057cb8c179a9859677b496a788db922fd5cfc3
- pocketmine/nbt 0.2.18@9f82ca4d7f97fcd9a566e44b63c4f18a7657ae82
- pocketmine/pocketmine-mp 3.19.1@a7cd0810020af15fb3d79127c77cf576085cd4cc
- pocketmine/raklib 0.12.11@9cce458b8bfde3e4dfdbf70c659fc7b7fe26b5c4
- pocketmine/snooze 0.1.5@70b5e7937a06878dd321a3182ceb76d56298f2cd
- pocketmine/spl 0.4.2@6b08b7cf8c4afa17139c9a1b3bf1b408531de161

Loaded plugins:
NoDrop 1.0.0 by Inaayat for API(s) 3.0.0
SETVIP 2.3 by MCPEVN TEAM for API(s) 3.0.0
OffHand 2.0.3 by alvin0319 for API(s) 3.0.0
PurePerms 1.4.2-c2a by 64FF00 & ProjectInfinity for API(s) 3.0.0
Broadcaster 1.5 by EvolSoft for API(s) 3.0.0
DevTools 1.14.1 by PocketMine Team for API(s) 3.13.0
Slapper 1.6.1 by jojoe77777 for API(s) 3.13.0
PM-Beacons 2.0.0 by jasonwynn10 for API(s) 3.0.0
BlazinFly 1.8.7 by iiFlamiinBlaze for API(s) 3.0.0
BuilderTools 1.2.0-beta2 by CzechPMDevs, VixikCZ for API(s) 3.0.0
FactionsPro 1.3.20 by Tethered_ for API(s) 3.0.0
PiggyCustomEnchants 2.4.0 by DaPigGuy for API(s) 3.19.0
reyyogaWtrhit 1.1.6 by reyyogaMnelux for API(s) 3.0.0, 4.0.0
MultiWorld 1.5.2 by CzechPMDevs, VixikCZ, fuyutsuki, kaliiks for API(s) 3.0.0
SocialSpy 2.1.0 by Crafter20162017 for API(s) 3.0.0, 4.0.0
HideCommands 1.0.7 by Himbeer for API(s) 3.6.0
TimeCommander 1.0.2 by TheDeibo for API(s) 3.0.2
BlockSniper 3.2.3 by BlockHorizons, Sandertv (@Sandertv), Chris-Prime (@PrimusLV) for API(s) 3.2.0
VanillaEnchantments 4.0.0 by TheAz928 for API(s) 3.0.0, 3.1.0
MSpawns 2.2 by EvolSoft for API(s) 3.0.0
MaxEnchants 1.2.1 by Xenophilicy for API(s) 3.0.0
KeepInventory 1.0 by KhoaGamingPro for API(s) 3.0.0
NoTP 1.0.7 by awzaw for API(s) 3.0.0
BlocksConverter 2.1.1 by matcracker for API(s) 3.0.0
PureChat 1.4.11 by 64FF00 for API(s) 3.0.0
Netherite 1.2.1 by Wertzui123 for API(s) 3.0.0
Trident 1.0.0 by brokiem for API(s) 3.15.0
FormAPI 1.3.0 by jojoe77777 for API(s) 3.2.0
InvCrashFix 0.0.1 by  for API(s) 3.14.0
PointAPI 1.0.3 by onebone | Fixed and Update by LamPocketVN for API(s) 3.9.0
Sponges 1.0.0 by  for API(s) 3.0.0
OnlineTime 1.3 by Zedstar16 for API(s) 3.0.0
EconomyAPI 5.7.2 by onebone for API(s) 3.0.0
TPAll 1.2 by matymare for API(s) 3.0.0
EconomyLand 2.1.2 by onebone for API(s) 3.0.0
CustomAlerts 2.1 by EvolSoft for API(s) 3.0.0
Farms 1.0-non-alpha by Dấu Tên for API(s) 3.0.0, 4.0.0
AutoInv 0.0.10 by JackNoordhuis for API(s) 3.0.0
KygekRanksUI 1.3.0 by Kygekraqmak for API(s) 3.0.0
WorldProtect 2.3.8 by aliuly for API(s) 3.0.0
ec 1 by McLebt for API(s) 3.8.1
AutoXP 1.1.0 by JackMD for API(s) 3.0.0
Worlds 3.0.7 by survanetwork for API(s) 3.0.0
InvSee 1.0.0 by BlockHorizons for API(s) 3.0.0
Shield 1.0.0 by JavierLeon9966 for API(s) 3.7.0
BangHoiUI 1 by JVN | JackVnKiller for API(s) 3.0.0
AuctionHouse 1.2.4 by Shock95x for API(s) 3.0.0
PiggyShopUI 2.1.1 by DaPigGuy for API(s) 3.2.0
MuaPoint 0.1.lpk by LamPocketVN for API(s) 3.9.0
luckyblock 1.0.0 by LetTIHL for API(s) 3.0.0
VanishV2 1.16 by superbobby for API(s) 3.0.0
PureEntitiesX 0.7.0 by milk0417, RevivalPMMP for API(s) 3.19.0
AutoSellUI 3.0.0 by LetTIHL for API(s) 3.8.2
TrashGUI 0.0.1 by Phuongaz for API(s) 3.0.0
QuestPlugin 3.1 by HmmHmmmmm for API(s) 3.11.0
PickaxeFunction 1.0.0 by LetTIHL for API(s) 3.0.0
WarpGUI 1.0.0 by RockPanther for API(s) 3.0.0
SellExp 3.0.0 by EzMinh, LetTIHL for API(s) 3.0.0
Rewards 3.0 by Wertzui123 for API(s) 3.0.0
UpGrade 1.0.0 by LetTIHL for API(s) 3.0.0
HealFeed 2 by JackPlugin for API(s) 3.0.0, 3.1.0, 3.0.7, 4.0.0
NganHang 1 by GreenJajot for API(s) 3.0.0
gem 1.0.0 by LetTIHL for API(s) 3.0.0
CustomTags 0.0.1 by DaRealAqua for API(s) 3.0.0
Kho 6 by ItzFabb for API(s) 3.0.0
NapThe 1 by phuongaz for API(s) 3.0.0
CmdSnooper 1.0.0 by HotshotHD for API(s) 3.0.0
AutoClearLagg 3.1.0 by Twisted for API(s) 3.0.0
detu 4.0.0 by CLADevs || GreenJajot for API(s) 3.0.0
shopvip 1.0.0 by LetTIHL for API(s) 3.0.0
restart_in 1.0.0 by LetTIHL for API(s) 3.0.0
SizePlayer 1.0.3 by  for API(s) 3.0.0
BetterVoting 1.6 by Twisted for API(s) 3.0.0
TempBanUI 2.3 by SonsaYT for API(s) 3.0.0, 4.0.0
PrisonMine 1.0.0 by LetTIHL for API(s) 3.0.0
ShopMob 1.0.0 by LetTIHL for API(s) 3.0.0
AcidIsland 3.2.9 by GODSMineVn for API(s) 3.0.0
SlapperRotation 1.2.1 by jojoe77777 for API(s) 3.0.0
Buyrank 1.0.0 by LetTIHL for API(s) 3.0.0
cayphattai 2.0.0 by Lettihl for API(s) 3.0.0
PHP-Sell 1.2.7 by Muqsit for API(s) 3.0.0-ALPHA9, 3.0.0-ALPHA10, 3.0.0-ALPHA11, 3.0.0-ALPHA12, 3.0.0
OreGenerator 2.0.0 by vividmemory, LetTIHL for API(s) 3.0.0
help 1.0.0 by LetTIHL for API(s) 3.0.0
AntiToolBox 0.1 by NgLamVN for API(s) 3.19.0
level 2.0.0 by LetTIHL for API(s) 3.0.0
PiggyCrates 2.0.9 by DaPigGuy for API(s) 3.2.0
ScoreHud 3.0.0 by JackMD for API(s) 3.0.0
BuydetuUI 1 by FurryJaki1992 for API(s) 3.0.0
CustomItem 1.0.0 by Phuongaz for API(s) 3.0.0
Joinkit 1.0.0 by LetTIHL for API(s) 3.0.0
capdao 1.0.0 by Nguyễn Công Danh (NCD) for API(s) 3.0.0
freeze 2.1.0 by Bavfalcon9 for API(s) 3.0.0
luyendan 1.0.0 by LetTIHL for API(s) 3.0.0
BuyFix 1 by FPVGAMER for API(s) 3.0.0, 3.7.1, 3.8.1, 3.9.3, 4.0.0
MenuUI 1.0.0 by LetTIHL for API(s) 3.0.0
RPG 1.0.0 by LetTIHL for API(s) 3.0.0
essentialsTP 1.2.2 by  for API(s) 3.0.0
Item 1.0.0 by LetTIHL for API(s) 3.0.0
thoikhong 1.0.0 by  for API(s) 3.0.0
giftcode 1.0.0 by LetTIHL for API(s) 3.0.0
KitUI 1.3.6 by Infernus101 for API(s) 3.4.0
MuteTime 1.0.0 by LetTIHL for API(s) 3.0.0
LoadWorlds 1.1 by shin for API(s) 3.0.0

----------------------REPORT THE DATA BELOW THIS LINE-----------------------

===BEGIN CRASH DUMP===
eNrtfft32zbS6L+C6/R8de61ZJF6e0964thO7NZO9MVKmm/LnhyQBCXUfJUP2cpu//c7A4AkQDu2
7Ki594fttmtxCAxmBoN5AST/tRMkWUSLzyuW5TyJdw4GezsFj9jOgTWy7eHU7tvDLvyyx6O9nTKV
t4Zda9jvwb+DoT22J/Z4byekeXGSZUm2c/CvnWKdQqsdcX1y4zHoBqj3diKW53SBtz7EPgt4zHzC
4dfNAXlbzunHt9AmKMPwNQ+xUbqk2cH+/tHB/occyNs/9CMe87zIaJFk+8csvyqSdP/i8vBsPw3L
BY/z/cuT+cez2eeV3e13sft+nnn7F0ezk49v9y9Z8ZGnAE5xGDXExv2gTwgEg1ymFogoox78/m3n
WY9sjmMX+j4/IGniXbECeGGOUxY8zB3nA/45OGCGxE5p7Ics2+VxwRYsI5M9AszzePGb3f+dfEWE
dZvJ9HeybQnukYoWlAKhWUbXv/V/fw7CeWY9RhD2COQgQY4jYZ2fCu5d7QpcNkkj7IT/NdLaz70l
80sQyf6c5leVeKz+WEM2ByR4t/NTEr8v41p4lkDc3wTxZXW1a42nrfmqW8JIDQ2dn7JbQw3uHkoK
aX8m/lzQGNZDtjsaDu4fpyap81NEeTxfZoz6p4xmhcto0Rp5ePfIlyyDVb5r9ydtpiRNjmMQJeej
HjhvDTK6fxBraLcGkXf0WR7fi8KaTu9DMcsSD8xJkklck/txDSejr+DKCxCixDG9G8dM/LyAn7v2
rfVbofn82UtiWFilV+wm7h/MK8grmrMjsIv5eUJ9lu0RBb9j+V/AnJ4niwW2Usu3P/qdHB2AZcCF
6zjGynUctXShJ6xdx6l7DQaP6KXWq+PI9dt7kP2+3WY/l/KVCCyJYNfCVhn7s+QZ21WETa1HWaNm
0M7FrDEiJlnPd37/a2+HbcXrfIs7ACJkx888XiXhikUsLgCbD/x7xU51FyASL0C8xGdIszWxAewU
8n+EwC1r0jdAZZyzYvcHGoa//RDTiP3+/B+i1cBo9UOx5DmujIiBTrPiMAxFH9V4WDcm5C8BGWkQ
ARhrAB7s/i+et8d9Tv4lWk42om/aHnLaaw05tTTAD3lBXhANzW/OjldmGYiys+Kps/O7QDu120j6
OhIOONhNGoJ4d52dPfgXEUuKpoN2V10qP/i0YBZ0B30sEpTj7g/8t57iZirFRYhqaBsNEQLDrTtR
x3d2nqsuY7NLH7pQN99V/TtqRNW4kukPSxamKAjRZX8yGvR6skUlT3FnAE3AHq8ozDL2EFjsXq8e
UlxW8oXpVL1+egHmG6bxr/+EMP8JYf4TwvwnhPlPCPP/OoTZ21mwmGU0xHgAPR8YbaMvEObCPDQp
+k6/a027FsJLHvoQg0z6w70dnn/22WrnIKBhziDoyJIi8RJAO+hDxrrgGJLQsef3JlavZ/doYA0D
t++Pp5Y99sZjLxiOR73J0PMHnge4S0XLr2Cbk+ucvJ2T45PLX+bvZp1fXlsfP715RUbdPhEkkOmo
1yO7VVOpUQQckE3e2+SyABNDM5+c+BydwnNyeHE8GmBgBLn4wc4YjKyN7HxhsS/YU9dw+3OSIw1n
b9/OASAurnksIqgoTWAOPofczWjGWY7yo/4SeM7Y/h95EnegjQrFrK7VtV8Gnh2MR9PxNOjRwYAO
g6Hr2dR2gXi/Nx7ZAeux8YSNAb1PgQMgO4n2PYhJXOpddcDbch8nGhCW8VWcXMcv1V8ktplYl8c0
W4uFAU17MLbVf9mjLmP9iT9g9mRkjWwrsEe2N55Sm/b90XTqTyiQFgxMVHcObnV73f7L0WA8GQ+g
z2jkepSO2XAyGdoDm8Ec2n3PHrKJNxxSu4UQl3MolrOizX45HQ/HU3sysAejod2f9l1rPKF90Ibe
uG9ZfcDtTaeW5ZqYwmQhMNhd6+Wk33NBorYXTEcsGPf6MDIyPBr0e3Zgw//1LY8OprcwdNJCOIJK
UP2XbDAeMy8YMc+2BoHvDwbWkFHLp324mPrjvhuAtBg1UUW0WCpqRi9h0OHYcyceOD86nQyno/HY
HUxHdDyZ+O7UtgN/6AVe30QRu0XFz+TlNJjYQLA/DmBOPH9Kh6MRGwzcUd8bBNaEjkfDMWWTlnCb
n50orRfqy0esOg1ZRq9At6VcgCbr5dTz2GA4cSdu4LM+G/iB74KsvdFwGnhjdxwwe+QOvZYG5XGS
fGFKvMOX4547ZONpf0x7o8l44vtgEWkf8hCPueORPxzZ00lge34LSRoKDAPQlpHbm7hA+MQb0IBa
Y6s/9abUcmFiLHcAvPQtn1kja+evOjESa/NtcpwlqWblFGBvp7FsqNk9gNCyWCZZjuHpWUzpmhZo
KGnKEdIXjeCaxdQNGZgMcFpg8XyWggHBTnAvT4LiWAdg0AEjKHSOI0eXjguzOVgSaHnfXc5/fff+
/BhA18zNeYGUYryscreG/DqZa8iHcNEkXoZ0ZH5yeLEtBsyQcxPK3wUBBnka6RXEpL3Xpp6GKx73
+tZ0W7TXCB0HSFgCCfWPTRiZlRmbsSzKdVdZw0w9Ak3tgHE3GRoNXr8GR/VfBEIvDGTOYkg/eLHe
Fn+f5QAQhlZUaT8f4nBZFGkOwQV46mXpdsF57Yu+KiVp8IAkXmWAyaN5wTJNFjrUlMbQlMPJKgkv
gYdt8a0N7DgmFYrly/nh+/mH2Z0MX19fdxlQhNi7xRXyd8xW8yQJ9YmuQSZn1kBEQhpzTfBE5oxG
Bo9W/+lMVgRgEFqTsgF7+nzWpO3XONC0hDRNjZmsICavozarfyR/JGyM/2yNy1yOvJldvIPFhqT9
iglcuRedV4xifqEv3QbYNkQtH/AHhXDueh3HVm9bKquhdBxXkAGqW5PzoC16FdIvPH4drvX1V8PM
eZt0xyY/nL8OacR5jD3YtlgysQI3FTnaz41Yw5CeZe0FaIBNBmHKOi4rRKypsXn0hXnL2QWoOnb4
yG/41dE/t8Wth8jTCFIeWJGupK2Q67NF6WNVWCN730AFsnlNPUxhcnAgmmh0qCkZyGRaujxnxZJl
zP/8bYLYOYwLfpnSCMdspKJR4jjqYtMIZ8YXi/VRmRdJdBJ74JQLY7XecddctoP2sj2m0OlNabpX
iIifboIVQvCqt6m5E/iE6a8G2b8D3T7KKWPrdbKgvxbZEpPqWkImvOWmuiNTNqrxRczC8uaWKuzt
DL5lbSjkQIa1eYB7UYYF/zXJQj1S1ICtiKK70WLHDX3IhPPyisPvK0hi+VX+t5iACCm9RkqBZZ3q
b1n+GiL004nHaXiZ6ja/gZmLwWovhqOMBhAS2T3I/XvWeNtT7kU+ZnrCdR9F/qX8vcm8n3KfHSVR
RAXKmjED3M7RWv7slEcug9F0nkZP50Whcxydhg0jEtm1CywAa3MeVf2N8MqEt5lrKfZ8yY4Zd5PW
jNlP5c4YvM3VXYGkDDcgdLyMuRkm6lCdC/A67VxOND1NMv5FBjiXYvhiRXZfVj+xBHq0zHjemWVA
I9zBv2V+/vG5wbv9aF91sZ6FSaG5KYMaDE9qPhxH1po30dyPNOZhSJVxxlKfrsB33dWFNLgdZ8JU
H36Z2pM7FmdfrOgnTvlKkgIrM8nYE0xSRdf+XTyh6YZA4NqIrSuIaZTsvzcNVINicb4a/Wnp3wW9
uSMC0aHt+LOVGH1icZIueci9reX2GkpctDdN2GHS9aDW/sJYehavYO6STPckJrxllEz2flkm9A2E
+vFCRX/bYNBA6jgGOZtHEW+T+cyo8c1nD3kPev2FXm+txITIHCdOivTJOawkqLK6+VECYsiK25ZX
u9N2/i19jGjhZRSS/2xbfDYYlflsiHmMCcWq0tGSFq2KmgC1C2qWdVc17VEMaeW6215CxNtVArOz
18qqPrEVT8p8dtKpm3yl8IbEN7+2UHYTaFC3ReomujUKXsMeMEm/wtx8Kbll97elAg1Gx6nJeLLS
N9j2G54whsogCIt1BakgDxTu3Sy54qxVfxs+nV2Fz3HU+DDFFw0pD2r66ySLDmdnetauIO2MvbdR
kc3+htpTjRFydElE/WMTVsAsQzaRL1/zG40dHaqzBBPT0kVjRgbfYIPKP4Eqx+HxysORA37zKNuT
8Lgwp6QGtXWrFc0mMXPhP/JvAtwyn0AESz6keMaJuGtyTiNZaf341piyb6g8qAEdJ0UKASNoX0Pr
A8H7ZZrEC6aHMhXk/iW0tS2v1Xo4dBw16Oa+/F2MZxzn4sx/s3fUAFsLx5yifzIfD6ZYo22Zuxqh
4zQ0PNnc1dj2NYaA5xMviZNobaqlBtR5HnbH7ZBa6cm2eK7VjkkKhOIZ1Dw4ifPZYaifLZHXLWd1
K1pZRzRjW4xVBD7HKVIahpsroOL03Ny91KHtuGsL06HP9iOmJhS7mSZtDzIoq4uHIfhe3TwY4BaL
f28Kp48M6apJx9OSudfU3LGV1y3L14mTuEPDdNnasT12SovRYUnmTtnrMRpvu262jLBOLnZqK8Ie
nLXDskjAqGo8VZBbfrcVS/wMEfvbJMn8Zcnz7W1leVdxhdRxYDjwTCvHaYh6OCddL9jVexpf5R90
u2eAHwiTRNuM/hnRq61lpA1KyEc1Wja3IKJ2CwlEgSfxG8YMcOsER3fSPgXBy3C9vSMQiM1xRKU6
lRRsUgS8w4VdlDwLOAt9/dxRdYK5yBieisJd+H2DW3xkwtNEwTxzZlsHWLxz5prWZQI26KkFIoEN
TCYWHL0ly4vNZxK1+dOsteY+zW7ts9yx4i6OtzV7EptcWp9mTw4+JJp9xUGlpnlbQfNWUfdW5SQv
sxWNWQHKtLVFJ3Aq/QRrUhOyEY9K+7oCSRco238mEam05ZIxM2NBwAN5pFm53taJFbMALSl5TPJy
ucSVp4f0EvAAMz/TFWfZOUvi6XRkhsbjh+KS6tTWvfqpo4eQXxBV/d1o85/Gi9OEG26ggd1jKX7+
+BbSMdTsj/EvPAy/tdSlpedmQFaxiofgNjceomR0mpQ5M0yIBm7XbwYmf5dL0Jjp8OYbuTKCdz1l
11agGglduaBvifSh0TGo3Ww/H8hOjcnUoQ9ULe/cv7e/jWWxo6ogO1/d2Zf0GRffvJMv0ezLrW4q
sndjo1uBzBDO6obplSmVp1YXTDnU1YN7VrM2Eu5pSwKbX5voQFh6V2sXjZ3GqwZ8wFyds2J+dnq+
LavbDLz50sUtr3z50W7t7AlQy/eP2t4xZZmbuO56e76xwug4FRHNr03r7SdxwQvO8k+tonsDN3Vw
3J6ViIdXvYGFwcB7tuIrGs4uLmZbO2WTSZxpFKWOkwJhTBEmi+oVmY+OVzVa901+VXh3ycLQsFUa
sB0JbaCok6fv0St0m2vpHM34G4P4GnR/MXZntiyTeEG/bG1bIElCLJLL0dWvTXj47xIC8pl6Vrlm
Q4eak9Di4zSK4F/4x1TEh7bN67Ou9ybp0RIxO86fpUgaBFFP8AgVjfs6V8JVelf0hr0uY+FiDXdp
3vm+BjOVoz8i36VZaqphBXmA8PdglGc0xo2fbRH/Xth5HP8RT1nAaj+50Z8SqSAPGICTLxc8Xu6R
LU+AROs4J59mGD9szsh7dk0zI6WrIC1GvucuoSJhG3uECpUIpz6kbzLq64F1Bfm+q6V8xPycMhq+
ZkzP4GqQERbfLicos/G1M0J7daY++NZSw0w91bzx4YsFxUfuF/r+dAW6J3V7gy7+Z/pHsrUycoNx
c+IXLNLoxqvvqz0L3FvelFhZGZ/Txe2yvQA+4POP6XtQtsM/S7ot6n2aAUYKGDdjwue5l2R+N2R4
OI12WSnqwEv9WDte6Yy04uuz4str6rpP3ly5lf9+dQNTDoRljMeY4Lc0nS+NsxoScM9KSLcci1X4
HEeOXf3dSMWaU7yaiulHe+9dHadJkS+T4nRrtc+nnzDGMP4oZDQ7p4tFK7xv4K3g8tbZzGueF8zf
FjeFRCe3SzwkIgQiZGVXp+nRRzUl3sN8HZbRxdG+ie8vpK4oNRmIyweOpR6dH+JpdPLvf5Ptm2qF
HJYVj3nyCGcD2pWuuB6qVZDva7fVqJsTnjHxxozPRpqjAb8v+WrgR4TI/AubhXRtPjDYAO8/OrMl
qsV45zgeWOX690YFZlYULPuYFNyIUwxw67HHv9UQzCtDoFNgXm1UAGBR+orGZgWght37kPhlEuf0
f+bb3tlWaB2nJmNzHZtlPE/iC/GGsyYVboDfOQsWA8vXtWy8SsAqXCSusUEjId/fOj1in8Lj/lke
muddNGD7IY9pK5B/d3yJ8/Mx3uYuhXpqOYmZXrGXz3QAa/LZjk2mRBZ63icFbRVZ2nceOEr7lROZ
37JWTAI2n7BX5Tqj8ZXxmKyEfGcvAkNuTrVH1+mSFgXlGuEa8IHHsYH2gi/DrQWW6SO83+x01sGS
kG6XKlBbbVq75RfiuGqb6s7h+ez0cKrSdnVp9VrXVuvarq6frHFA8Kk4MrbxacyMvRFviioS3fMb
4AcmbsVX3I9YlGTrrVfKdDocR/3cKNHBFxhqDInL77t6cMhHGOm44PhA+KtEP36tQ1t7iCbtbxfn
NGrtHX7Ldo3CB6lLQ8GmJxm0xKUiCzcN2YrpC0xeP2wUtuvzIS7mi0d4fPm4Nird7cfWJbTNwfRv
2e6+6yn0rz/CLigzLr79kXWBRlRmL/FlaKelcU6lAj1QUP97Dk5Voz/Kw2KObB5IqWH31HJel1m2
/plecXwN47b4MJCKrfh5+Xb5uOBa6sZZYdQ7NeADtm/b+4XNyJuz8HPC4yvj5QcV5Psa7itePCbq
SX2aGBGPADxA8tsFrNbSYt4wJkd4CjkYxAtyTOMl2X17dPx8W7zgOCw+grlF3GDB0erWcf+D3AUZ
Y1/0dE0BHngtwSu6CmgI4f7WXvLVYHQcScPmUxSiCHwaG4dVFOh7H1WRwz7KUJkPZCnAfSZq9vHN
4cXJ+zv3ksZdGXRO1N+pqBt8U0lAUvSIV4Kw2DS8CvB9pyKCQR+x8Tp7o2+6wtV3LlasHhFKsjzH
wzU0zI2npg1wO6ux/456nj6i47TGf/iBRNOXbeLFtix1/ij3BVTwq2ViFCAb2Hd5KK8e7hEbpDwo
qg8HVLukFeg7b5WqYTen/RdemE+WiOv2IyXtDcY4YFlc5lbPMigffMuzkDVKxxFEPOYFSUX7Ycga
9J0tYlk8QvaYCt56wEADtk5Rtg5RLnm8LbKbMTc/gYKJjpeu4m6RpPKNsjQDDgrWftlj9ZZtsZEs
XkDdTTPcoRRnFQ92ns3qKwJBVsAXBL/64WRO/OySFuSCroltE8s+6E8P+n3yf3pjYvdsCxtESeG/
uHh3TppSLILlMJ00yYoX1tTq2wi8XgLxnZDnxYseXtM4TsrYwydzcIukQ70lZ/IbIfmLJBZ48G0p
HfUwEMyD7BjRG9Unf2EPEbKgWLvxmbwfJBlgrWFJECAUJOBjjlVdgztSo/g8CLhXhsX6hSB0UVVr
OjnW8+JF/gLBItnvoJa8CMVJ1xqWM+ZrTfB7Ky+OT14ffjifI1RqROfPkmVrNaQCZRAMVvTg725K
8/w6yfwX/1v8A0Iqi6ST0xVTHVecXXd8kCEFyb2YIOjGTW46qJiqCUzCoqQL9oKBDYVr44XF3XWE
Lyx+RlDNiCemu8xEbVfMOgHhEUN3QAvIfMlyRippEJoxUiwZSWJQmWIJOuLhZBbEZYTHXlj64ssV
5Ja2Ia7LJIKeASJo48xpwPZIgkftckRJ3IzRK7JOykzhIjwgMKk84GIEmE/8kky4RsRv2XWNbt9n
AYUZzcl1Ev9YECxi04ygNCNgFl8evkYK8eMwku/rJYtJmS4y6gOCrhOjFktkB05MyLNfl+LlD6RI
YJTYJ4BCvZkfZJDRGJS/AKLEbUFqmMAwwCr8YoWQl89W3GNkKT4sgZAIMUt1rWbtgIjX1OONfFkW
fgILQH2o54A4O+oN8l6Y5Mx3dgRlh2GYXBNcWEBM9aUOsuKU/DeqHLYRulc9AndA0DSJridCD1Uf
8bIAXCIEZgyEgtjcNVGixPZKbevbGrHPfuUgkCQGuVLfJxnLpfhRrPhNBxIxmpeZWN4EhO4yJBqE
w/4saYhiW/AVtF3RsGRkVw0KhuY5YpcjwoJhaFM6IHb8oMIB3BZjvy0jF6QCWnWYr2MPv6pB8NEv
0KOuaPABpCVUu+IUmy2zBCwQzB40z/eIeB6LqMUP62GP4Kv0gRH0AEI2YIARFpUxaBA2kcgvxfQC
T6BlWXLDQcMYiAFYEpob18ShbBVBZwHqKrZBndwjvPgRxFdkopvP0N4JlWl1JrvAQwnrxhZiEWx0
FKcHAlVbV6lQjqyMY5xOHw1UkopJEK8GzbvkmK3UbxLxxRIWM5482tMXn1IclEiWlWkhoVJgKJgI
aFN8icmFRSm+MODLBUFXCfeB7LspQB1BnUtA0KBdXU3RoHFHNqo1Dcy/KNPLRfkGLDFoD/pVIuGw
DiJe4NqO2IK66wIkTi6lqHtCuDxH3KL7HGftmgvJC42CRXvdkYgqJcsFhwEHEsEiMXzvE6LBBL4a
Uio5zFaJy5QsEpioBJcpagUOtBBkdgRpB6SHXMDowgTLt/z/f88BBir30Y/e9dvozyGOESQo81mT
pNDlBMwH+kewexVBOGpFldWzB4owYQR+FatC0Zf/uAUKxboQJKHFIOojXLDS2Q3zSmF8E0myXJHo
rOrW7MaDKCFvOJKG69385IDMT88uyfnZxdmcHM5m52cnl2R28p5A3PfLyfs9Ao3I/B20OiG/nr47
PyGz9++OTi4vu20TYMjDHo6UOGYs44lwyGiIc2TQWzJhkoU0amNrgewhJPCFbRFNOlgxl2ZWoIL4
EPgEAw3ahPx+TdmkkkHEhw4wxmZqMIFZIgHT2xhy6ZHEGO/Qh6CfFx26t1ujLqgoG6YtZR6GA1Ky
SK6cV9m35gHUi6V5w2q/p3jNn99NkuK8rzhf0MyFldHxkjCUsagwQHdLVyw1JEf1IqoX2O6IxqUI
PnRKIDCDvCV/vlf5hLYSVmoo3WsQAC7Jb9QswS55J22+VHiIHpIy9GtaODiR65g09OcScSrIB0ZH
vZ7iFUZ7LYzFLScpVEdiqHkLsiSqnK3srVp0dNXUZxi5UTN5SzfIHSplaMdlFTDilGUwEqqhUmS/
jFIZXckQjqgbHbxRzdcxNlIdBO2CzIoDuAI3D4ud3iFgcNrg+GCEFShZnpcMDUOxhFlbVNEmGi0c
raFqr5pIGSOooLIrqcGmX5UT5jnesoyv8or2I5oilEdlBD4W3xVAqlwAJ5LIrEhS0cgV14sSpVgx
t3UMgu1UUSQG7GAUXILTHdQzdpzIW22dxtgIrZ7ELxtXS0jiUg11zkTk0PEovumgnhcgRcQqED6i
9IA6GWBILCm+0g8TDewjOWy4g25KnpKfamRs3ES7KEA8cFrhvR/VfXroxOrdAgfKRUBotkxCGWK6
tIBMFiNxQXKOH9YjyskI2yYzH3VXuhaX1cGmdG/P9FmqbqFZzdYFIt8jHUubQDF5YuBOURGjXICw
2k0cK1JUDCF9yTnmMiLQx84AVGR1ySnEgqBLL0RwR45mH/agL9Dgwvq65j6ovYgVpPWs8XcE/gMy
qsLuJiLPhXS0tl1y6IOhWtIw2Md3lok0wWegw2ooGJRgHQQVTFuIjdvTkOmpyMkNWjUMMWnYJUjE
h1k8q4LtJgHEXAKJwgd2sGOZxmlHXbeymwu16nL+hdXziWF5NY1YF65CJgjbpXpornUwtWWn510y
U31Cmi1EB6oyUaULYsQgowtkAeYExJanoYhYML2MKL5EAEbOcJ6OQo4VE5Ev44fZWF6Qi/kHQWkO
LCHbblkQzM/FVDbDyeSiW9maqCg72OtAUIta7jO3XBxUCctPxMJERYVrS1iq4j5R6WkuE2rU5DhP
pONS2mAhMmmcJLajZQIJLGpglaewKhMVFsynBSU5XVWWEisgVZ0I72kpLBAmKm0yYFH1iD8SHstk
WJSJfiSf3OQGtT4jZ8dk99OHs+PnBN8UugQaoP01mPs0ky/SBMXA/CWD5KXbRICgCYloIoSNL2X6
9Oq8wq9yGw3yoxgMi0XCaUL0gUmucMOCt6SqjigXohVxgkAMC/d4sO7clNzXFJFCnALWjdGispvA
v/ywXZUGiBRSUQp6w9RbAOPEC3lKRF9QG6zqeRRTyShZVVk5ujTlB4Qt7lT35JB5YwGrwpdeIZmL
EofUd1hFIF45GaKtUu4yV6UWD1ZyIW2d6tORfQ5ICkHSioc4jLTjykapUdAR0XhRJwoxdgvb/nCv
amVUzO6sSslZPoySEpdwIB2OWtEoSjXH6GDRRIl6BOgh/hYeEjq/F/5S6ywYj5nMf10mkbkswAUo
qprCxS0rhRc6LoqdhueV7ONANftgiAhtk5rKD2bCaAyc2l1U9u4mk2aACfSjWndAbNUZ/9bU9MVi
xupApxRvk8w1nRQPiYiBRHVXX5vHYjDxYoNcWCCUJ8twpon8iiBR3BFVTak8uOhjsA74OsQmz8gC
8rC8EU9Tsakl1L0tImWbrikXiRrYSchi5NykSVqGlTKqC3Rloo2yiH1hD0WE30mVFUNngoYJvJ2K
nUW1VtaoDpQXx5KayBslWDpBNV94nr4udviN3FDfO7iN1ALVy80Ep0sIN4NEmxFYZR15GqpuuUxw
ZgQpXXyBQZcngmKwZOsI854cT/jmwGHekI7JnLpPmvuCBWHF6GKRQQYtq2WqtCYrCPgR5as2f4I+
WMHvjt/hR0Q7yuZL14dG4ZrJ4JrC0rkWI+aC8IYBAetq9WzwtLXkpWrKybklVJhQeV8pEzh5/BCm
cFV6jCjgiS46CLtj1BOtdLVHxCv59gh+3Ef456IOw8D0BiyDULuDFihG/yfvVu5KOgtqlMLURpPm
X0sIOcGVCytWGQuFUMy8vF+NcWumJa/6VBc8amy1csCIFNvjSkDTjDOLBhMHFDU+1amq53abAdQd
fYRKmve7eGW25ezKVaGVThQOQF8oeVZFkqUCCouBWY4KnJXFwJoz5Ca+iBx5UCOC9AMYkRsMaIGq
yoG0cYBPmcjKs9GQ01ylJRBJ0igNqyuMeYBGNVcH1aTJe6C3WMI6IL+JYAX8556oaf2OSOW7vmo3
qW98CDYwcMQ3NsuqQbX/JMoBd3ks4dCFh85FgCyyTXx/ENCq3K1OvhxX0CB/EtyxQq8gvVcz4gF5
fX44P7D/Md4bTm+svf5Nf8/+h/UPHwMisc538f15HhrXF5OeNMXyajB8LqM8ucegJ+tyhaNvARmr
WpoIPUQxDGbNWxP5feUyq4xylaFk9e6EsDiAB1yVJ3Z/8kpgnWpnA3RBhrPPXgtTI4YS7Q0kpYgU
JOSzBumI2FIL+hLxrXbCbsDw5Sq5867E8/0ikQGJuBwC87UM4kQ75BdIgdRDuhG5ZiSXAj8EI1lt
q3f2dthNweKcq0/AiQ9haJ/+dT31BdcagrtK+NlgA5ZEn/2kAGNoQHEn0gCUWahfo4nQrwMeirf5
N5BFZHyIeIlvTNGuOayylQ7AzwuL3XL5bp7IlVtkepNcffVYh6WeyfV7FqjigtFTmP3cBEGAEumQ
y9m5fhmt8z9D8fVk9YsM8alzG/cWSAc/xTzsDXpj+PnDGSyJsefBv9MRG42Hwcgf22zoBb3AHo2D
wYRZo7FnU9e1++QHwF0kVyyG8MCQ2JqKHdbqROEXfBAUTw8MxXvTvsgv19at4fImMuckQXbsXq9v
WTYexJ4dvzNE5SefBSttIIC4OZ1gLuI8NxpecjQIny4MGbUogEtMs022AHiNb743gNo3ivFAuIWf
2QaCl6ZyNt76swjG9O8/o4j4Qn4XWj3ejGISKC31HJcwaL5bfYMY9Thbp0UiAPJtOwv/1pxzQ02E
bPo6CHK8UpjvRSmVsSLnnxizvZuJ8lDT4a+//i+cU86F
===END CRASH DUMP===
