PocketMine-MP Crash Dump Fri Jul 16 20:33:25 +07 2021

Error: Cannot use pocketmine\Server as Server because the name is already in use
File: plugins/NapThe/src/phuongaz/NapThe/Card
Line: 15
Type: E_COMPILE_ERROR

THIS CRASH WAS CAUSED BY A PLUGIN
BAD PLUGIN: NapThe v1

Code:
[6] use pocketmine\Server;
[7] 
[8] use onebone\pointapi\PointAPI;
[9] 
[10] use pocketmine\item\Item;
[11] use pocketmine\level\Level;
[12] use pocketmine\utils\Config;
[13] use pocketmine\math\Vector3;
[14] use pocketmine\event\Listener;
[15] use pocketmine\{Server, Player};
[16] use pocketmine\plugin\PluginBase;
[17] use pocketmine\entity\{Entity, Effect};
[18] use pocketmine\scheduler\PluginTask;
[19] use pocketmine\event\level\ChunkLoadEvent;
[20] use pocketmine\level\generator\LightPopulationTask;
[21] use pocketmine\item\enchantment\Enchantment;
[22] use pocketmine\network\mcpe\protocol\LevelEventPacket;
[23] use pocketmine\level\particle\{DustParticle, DestroyBlockParticle, HappyVillagerParticle, HeartParticle};
[24] use pocketmine\command\{Command, CommandSender, ConsoleCommandSender};
[25] use pocketmine\event\player\{PlayerCommandPreprocessEvent, PlayerMoveEvent, PlayerJoinEvent, PlayerDeathEvent};

Backtrace:

PocketMine-MP version: 3.22.0 [Protocol 448]
Git commit: c32c21464c30cd7059a4cbfb0a7d7e493238a561
uname -a: Windows NT WIN45359 6.3 build 9600 (Windows Server 2012 R2 Standard Edition) AMD64
PHP Version: 7.4.20
Zend version: 3.4.0
OS : WINNT, win
Composer libraries: 
- adhocore/json-comment 1.1.2@fc2f76979f0a44a5f5bc2a2b600d0762fe0e78e7
- daverandom/callback-validator unknown@unknown
- pocketmine/binaryutils 0.1.13@0abee38d4e2861621f262c79a2a3d699d8a697f4
- pocketmine/callback-validator 1.0.3@64787469766bcaa7e5885242e85c23c25e8c55a2
- pocketmine/classloader 0.1.2@9757928424652393b178a3760073113aa7c9911b
- pocketmine/log 0.2.1@830b44a2cf96ef703c550abe64302f230231ca49
- pocketmine/log-pthreads 0.1.3@e477ecf6ec214fdd4415ea1da3fdd9d73bf699ea
- pocketmine/math 0.2.6@43057cb8c179a9859677b496a788db922fd5cfc3
- pocketmine/nbt 0.2.18@9f82ca4d7f97fcd9a566e44b63c4f18a7657ae82
- pocketmine/pocketmine-mp 3.22.0@c32c21464c30cd7059a4cbfb0a7d7e493238a561
- pocketmine/raklib 0.12.11@9cce458b8bfde3e4dfdbf70c659fc7b7fe26b5c4
- pocketmine/snooze 0.1.5@70b5e7937a06878dd321a3182ceb76d56298f2cd
- pocketmine/spl 0.4.2@6b08b7cf8c4afa17139c9a1b3bf1b408531de161

Loaded plugins:
AntiToolBox 0.2 by NgLamVN for API(s) 3.19.0
AutoClearLagg 3.1.0 by Twisted, NhanAZ for API(s) 3.0.0
AutoEXP 0.0.1 by RubyTemple for API(s) 3.0.0
AutoInv 0.0.10 by Twisted, NhanAZ for API(s) 3.0.0
AutoMineReset 0.3.4 by Nameless, NhanAZ for API(s) 3.0.0
BetterVoting 1.6 by Twisted for API(s) 3.0.0
Boss 2.1 by phuongaz for API(s) 3.0.0
Broadcaster 1.5 by EvolSoft for API(s) 3.0.0
BuilderTools 1.2.0-beta4 by CzechPMDevs, VixikHD for API(s) 3.16.0
BuyFix 1 by Twisted, NhanAZ for API(s) 3.0.0, 3.7.1, 3.8.1, 3.9.3, 4.0.0
CmdSnooper 1.0.0 by HotshotHD for API(s) 3.0.0
CoinAPI 1 by KAIDOZ, NhanAZ for API(s) 3.0.0
CustomAlerts 2.1 by Twisted, NhanAZ for API(s) 3.0.0
DEVirion 1.2.5-ALPHA12 by poggit, SOFe for API(s) 3.0.0
DevTools 1.14.2 by PocketMine Team for API(s) 3.13.0
EconomyAPI 5.7.2 by onebone for API(s) 3.0.0
EnchantStore 1 by phuongaz, NhanAZ for API(s) 3.0.0
ExtendedBlocks 1.1.4 by Javier Leon9966 for API(s) 3.14.0
Fly 1.0.0 by NhanAZ for API(s) 3.0.0
FormAPI 1.3.0 by jojoe77777 for API(s) 3.2.0
GCPClan 1.1 by InstantlyTa, NhanAZ for API(s) 3.0.0, 4.0.0
InvCrashFix 0.0.1 by  for API(s) 3.14.0
KeepInventory 1.2 by KhoaGamingPro for API(s) 3.0.0
MineReset 3.2.0 by Falk for API(s) 3.0.0
MultiWorld 1.5.3 by CzechPMDevs, VixikCZ, fuyutsuki, kaliiks for API(s) 3.20.0
MyPlot 1.10.1 by Wiez, Exxarion, jasonwynn10 for API(s) 3.4.0
NameSpaceRemover 1.0.0 by JackMD for API(s) 3.0.0
NapThe 1 by phuongaz for API(s) 3.0.0
Netherite 1.2.1 by Wertzui123 for API(s) 3.0.0
PM-Beacons 2.0.1 by jasonwynn10 for API(s) 3.0.0
PlayerInfo 2.1.4 by Matthww for API(s) 3.0.0
PrisonRank 1.2 by Fycarman, Khang, NhanAZ for API(s) 3.0.0
PureChat 1.4.11 by 64FF00 for API(s) 3.0.0
PurePerms 1.4.3 by 64FF00 & ProjectInfinity for API(s) 3.0.0
RestrictedSkins 1.5.0 by SalmonDE for API(s) 3.0.0
SafeServer 1.5.0 by HiroTeam-Willy for API(s) 3.0.0
ScoreHud 3.0.0 by Twisted, NhanAZ for API(s) 3.0.0
Sell 1.0.0 by AndreasHGK, NhanAZ for API(s) 3.0.0
ShopUI 1.0.0 by SaltyPixelDevz for API(s) 3.0.0
Slapper 1.6.1 by jojoe77777 for API(s) 3.20.0
SlapperRotation 1.2.1 by jojoe77777 for API(s) 3.0.0
Travels 2.1 by KRUNCH7SHooT for API(s) 3.0.0
VanillaBlocks 1.0.6 by xSuper for API(s) 3.0.0
VanillaInventory 1.1.2 by  for API(s) 3.19.0
VanishV2 1.20 by superbobby for API(s) 3.0.0
WFT 1.3.2 by  for API(s) 3.0.0
WarpsPro 1.3.0 by nikoskon, NhanAZ for API(s) 3.0.0
WorldGuard 1.1.94 by MihaiChirculete for API(s) 3.0.0
WorldLoader 1.0.0 by JackMD for API(s) 3.0.0
WorldProtect 2.3.8 by aliuly for API(s) 3.0.0
Worlds 3.0.9 by survanetwork for API(s) 3.0.0
iProtector 3.1.1 by LDX for API(s) 3.0.0

----------------------REPORT THE DATA BELOW THIS LINE-----------------------

===BEGIN CRASH DUMP===
eNrtPGtz20aSf2VOrrpN7kiKAN9K6cqKJEdKLIkryXZ2l1uuATAgEQEYBA9R9F7++3X3DIABREuy
zdu7D+tyiUBjpqdf0y88/rHnyzTi+cd7kWaBjPcOhp29PIjE3oE1tsfDoT3sj3qzUd+ezDp7RaIu
ja1pv9efWP3+dGb3x5POnkhTme4d/GMv3yQwYO/04/HVxfz87enH0+vrq+u9zl4ksowv8doxj2OZ
syITLJHuncijIBaLxY1IgQjGM6aPHOFyHJSvBIt5JFiQMR6mgnsbFsQ4H9D6QYg4k7BYBnG2f8mT
25XYz1J3P1kVMl7yTyXsmKceTAhhMWBu9EdHT/oYxPcyvBeRiHPA5AWpcPO98ipA1HyAuNITyOMY
gNup/wFGTeAq/Ez1IBkLR+KIRAZxzpNgsZjj0dH8HEfP1GirvwVnkItosTiHvzjSsrYMCcW9CBeL
t/hDg+wtg4o8CLPF4ljGfrCkUYMto8AKVovFe2BepgMaNdwyChaKc1gwyHIRK4at0ZZx/1AC6bB5
yDci/YMGbhOcEjMIhX5/5JmgoZNta8d5kG8A9ykddNip7wO5Cvd0y4TMXQmvCEVaor/l2R2Nnn2e
NS3S41UR372V3DtFME6y+59XwBKFwUFyKJrlKp/LpAh5DjuqXNK2PqthEbsrHucRLX9an9C0bQqN
Rb6W6R3ozE1QhKnMpStLOyCC5xyHE4bB58lOeJoHboj6OikymKROO+xEZHkqNz+GMKeGnvEk2bwP
whA2cmqABRyWp6QNe5vpuDKKeOzBWsfqqMP0wY2IPbQVsNBMhqIBVfhGn9dXQgYGWJWl6cnzVIBY
XHA6JI7SDi/kvWgAfoa92ACcCNgHBIGVwUnkKXdh1//t7509peQQXQD6IyBpTuRcADndiznQ6YD5
1q50b9Cz7V4f4UUQeuB1psNBZy/IPnrifu/A52EmwM9o7YHrHU5hkQC9kDuwXdsajofuoO96k/5o
xoeu4zt9PvEmYjgb2IMpH40twF1oWj4EsSfXGbu8ZR/OL4ejwWjGxr0Bo7XZbNzvs+/KMdrD2n3L
Ztc2u8lBYuAe2akXoM1+z44uTsZDdIKrBFBPesOejXx8ApUQX0NiC65+lBmufX55eQsAOlmD10Rn
GSUyE+nHMHBSngYiQ7lxbwW8pmL/t0zGXbQI5XWtntWzX/uu7U/Gs8nM7/PhkI/8kePa3HaAdq8/
Gdu+6IvJVEwAvceBAaBaRvsuD0MHzL17z8PAw02IxhLfxXIdv9a/SGxlOvtOEPN0Q24RhvZhbWvw
us8dIQZTbyjs6RiCn+XbY9udzLjNB954NvOmHEjzh01UWxe3ev3e4PV4OJlOhjBnPHZczidiNJ2O
7KEtpiPXHrj2SEzd0YjbLYQhz7IQ/I5INW3269lkNJnZUwjG45E9mA0cazLlgwmIZTKwrAHgdmcz
y3KamEK5JAx2z3o9HfQdkKjt+rOx8Cf9AayMDI+Hg77t2/BnYLl8OHuEoZvkKwy5paAGr8VwMhGu
PxZooL7nDYfWSHDL4wM4mXmTgeODtARvosLooqkZv4ZFRxPXmboWiHc2Hc3Gk4kznI35ZDr1nJlt
+97I9d1BE0Xs5CU/09czf2oDwd7EB5243gw2w1gMh8544A59a8on49GEi2lLuPVhN0qqDfr6C3ab
gSzld2DbSi5Ak/V65rpiOJo6U8f3xEAMPd9zQNbueDTz3Ykz8YU9dkZuy4KyWMpPQot39HrSd0Zi
MhtMeH88nUw9b2BbfGABt8KZjL3R2J5Nfdv1WkiSkDDAPn09dvpTZ+L6U3fIfW5NrMHMnXHLAcVY
zrA/HQ0sT1jAzR9VDkR78wii6q2U4Y/ywXBxJrSzV/s20AOc8yJfyRSm/23vcvmWR+8v98BRQpaD
kEHPmoGfAICIuRMKcB15WoDL80QCjiRTXjWTfn5iAiJOaZex8GJxwcmp4L5At3t1c/vh6vrtCYDW
wskgjAIUPOeqcHrgVPZLWoDBoyKXxyFEqLd8uTT5asBNzoBs8m4Gb7drzHdQ5pcQnI/+2mCy//U8
5grvYgFrSRepgdC6XCzaxD3J9yrPk+xgf9/gX9N7lG3CIro43m/i01I5/XXekgdCmjoGm2xK4rpw
NrciSiDr3pEMaoyKbyDiZfou+TiP71t8IOQRH/8klf4GwQB2dOqtiiBTioUCQ7Gm6HoRU5hTXItM
5C3WaniTQQjJre0Ic0JIf3bO4FHsQUDIzn76RTFVUfRyrf0o8lyk72UexOaWbIBN9qzeeLvydsTS
bbkNTQqaZy9iS2aZyY4k6dds2O3NVJaou+KjxIeKSTmuD0woKp4nPoURLgc5pCYPBrSpkVGTlVOo
oW+ArF2xYiwMPDSo0Kzc3B5d376bb3WF6/W6J4AixN7L74g/TINFihGloSQT3OQQMoOuI3Le2ljH
n4S7ml+ciHuc8D54CO7OTppRb/z1fLuIPYmgQADdOYq4HIkDKTRJ/dKYYNC930BFwtm8CR4aYiFA
QyBf6D878Dshix/0pvp31sOcbvhNhkGUvdzXHEfeDfjjpGHWBrCp83478p/JPFvJvKXhb6DfjbxM
Lb1YNMh4nhMIJEfzc5MNDXlCTb8cnZ9c/XXnQUCv/AVqKLJcRkchWLO5/RrgJ33l/1a8NikAjTTp
+TpXc3L6PkiJjYrPCtR2MaPu0dv52ZHVSqYTucRGQGfv5urNzjIthXSxuCdSFgtwMvrIIO8Jlok3
cd92oRWoyZs1bFcIdbeE3QoeNX3m4Ov5KgkAPmpSXqA6wznWpO1XOIDbU1fGMto0d50BNDkegbdr
Max7v7vSX9VKFooCaiY3qHl2G+ru4k0uU2GyZIKf8CZVwvJVu3DvjUwjRahB9YvyGU0gIqhOXsTv
Q45dRI8amabRti60TLedTP/M7wORsrdCxrPZeNy03OHXa1ThLdECZw2qXu5d34Qbgzc8eyas7daH
woJfQKs2AoPeyixMmgdtmn+Tv0kxwX8Nuu1vqNUqjIuFJqI6eAkrPx3Pj0Nu+vkS0rKnJiPncZaD
/YabW/5U+vRNaVJQrpHzxcJ3uQtUAW/HR5q8Z7NH8I8wLRG9+xhZhdL1OOXZqpkmmtCnGwe72jFR
8XuGMQxqahdX9jEXfKvapS/Q2C9CJEC0iMHTmVumCW8F6VZGtZL8Jx5BTThP5a52UAPpYtEg5+Vb
a1vTYHvDQG2bBl9veHi3K3Z8wBWk6MGwO5nq7oBByfOsFGEefJAp3japeamBrWKU6oqni7RjzIL9
YlPkWXEXwPEdD4MAfH/DmfR3VLpFSOoaSQXGTbK/pWyrEVF2crGZh7KhawVoOZ9HPbwPgcAIfvrw
wHXS9xvPZLzexLHVb4jjizdqMzky0kqi+ibfhLRPT3m20TfqsIXkB2G4VwtSsQFyK9l5JifFVtdN
wl2wrkjeNwq9R5eeiYs/c/fuYme1nsK2WLSpePmO1s8emAzphxGez9F23lRSa5e/LyJf5CuR0nnN
QQVr10JtM4Ui7FMRWPZgV6zUGIGJkoyXKWPLzqyx7dc8AdPzi+6PgsM+MPNNA9gscx/tzs/txW/q
SVcoFwuHyMDuZknOs2pUd8bPY1+aHNXAVuHezp4veJ6v1utdcaPR4TMdJQXm8YsYSgOQyDWP70yG
auCTCcCbjcvTiLKoXyB3W+68JaEIebmTmBepOF5xMxJUoCYnw57Vsrbx8M2b/pcZGiGfizTKHtdu
kEW4+ARBhrlRZ+9XcR/IIpufdku44eY/qrVBd5rY+ugrdiMRpZ8Cq9Bo4Shim9JRsLZ4Btukw/6d
ATu/CTcH+wriIN/sStMNERBFxuEOhKDwgBSu8XmewM2Fd3MXNBxT+0o7sWoFyBseRjI+Od2VBEp8
i0WLkJeb/w33hXqgxWDLAD7D0VmQSmxHdT9AFrIzzZZYF4uaEvP4K2MOos1WQcSpgYbM49M0Z4WZ
JVegZsLf/2fd1C6znpKOL9CkCM2nq+j0mYStvhu5cz5w+S+gfSWTd2ZXQwOeoR/sP9/MgwcRQoa/
s5zt3Tmu/gXEhzxp3iEpIa3bsI+Slc/0ZL6B9kyt/NVpWU3SfslEzeG1zOmpzMecVleeyUo/w/G3
2FmTgJdr7Tbl96LRii8hT95J+eX63eXx2eTmTMrbnd1BVwu/nPb3PMbnSB/1ZZvw9uZpPQbwcFOg
er8oeWk1fp/gSWFfLBoktU6/gNVtbadHl9p9aPvzTbRveLTqTqbck6OBFU0qfr6i3YQzs9V7u8UQ
gVq7qOX1MpSsIx1nZ/G2xqg4QiLqo5dw8+HNrcEInrX70Z9XxrfUpDL0T0RsDaAmfQNE4sMmt+Lh
C56m+cDThPJtg/oS9ExLPQ7uZHZHTm+3sbNEvFiUpNRHL+IJ20U/FfjKhsFVDWzvk1m75AxWPDhe
BalbhCL/xjtwkCN7WS5jcYz4gtxsVTXXASYrGs3jrwhjLcz7BrJSPrrt3RJQ1Qz/P2h0GQQ0Tl6s
cjCPHF+/afFUgptxbdCbNpniYVDsLoVX2BYL6uImioL2rnzh7eWLIkj9QISe+QRy+c5Sngp8Phqf
btpvcFsKJWuLI3uU2s/a/jW95/otkd15WMCppZFp7b64RtW89ghJDyjbf7Wu+tiBZliatmwA2w/n
tvKZtye/7opHQLVY1Ct/dQ4KeLoXx/PTfYMLetqap8AdKLr1PET3Yt5LVpxSmYzqwx4YHES0nN6b
2Hs1r86Yeo2L4Ytvi3QRv7pdFeznImTWiFn9g2H/wJ6y/+xPmN23LRwQydw7XBT9Pp+E6sf5b/Ur
2KLwfdujvzP6K+jvSF3neAJxCf+O6IKvBrEmHheXUWR3E5nmh9YMwxkA1ysQUTeEOvOwT7Twh656
Xyc7HBEE3wUsYldocJe7q0Col/GyQ+n7hDrh67irdyCYgcK1BElG0hPqzJcpIKlgeiaI1MMqtDxP
7pNDCEpw5AW+H4BrzTeHNmErX+DqZiLHGJwdIpjek+qiSR6eFU4NyYTwjAH41uPhm7dHtwhShtf9
vRDpplxYw1IXqNcgPO4lPMtgI3iH/0H/QB5FLrsZJNOazvtArLtegDdzXXE4RtCDIx+6aP96SMjj
ZcGX4lDESzxvvBnQ20T4ZsArhpbMXLKdIqVCg0yIgeBYwxDBpNjtSmSClZJgPFVvYUIIzOCA58xV
73A6ggWxGxaQT+MrmY9MF3HdyAhm+oigjTPjvugwib3zDFEyB2r5O7aRRapxscBnoNAAnCeuALrE
tzPBKwPiS7Gu0O17wuegzYytZfynnGFFxVOG0oyAWXxLh14azVdBpvher0TMimQJmTAg6C1iNGGF
7GARM/bqw4qa+iyXsErsMUDBsEOFxOcpj6FOzYEoukykQkHAATHIEwI2yQsfsHIFg8zKC0mCEWJW
plpq7YDRe2B4IVsVuSfB1PW7sgdssdfYuO6isPloxC7wVFgbdrxaFJYQE9yQltUn8MA48Qfx8t+Y
mgW4kK2jMJRrhlsSOGHaL7P7gLM/o8HiGLLcMjwZ9L06JSvWkxhwxXBzMdA3iBTRORumFYHjtdFX
l01U2GwDewKtcM9jqciU8lApoK47FgkOsYL8AL736wikGkQrfi94iEJfBlCvsHseFoJ9pxcFn/c9
YlcrwnYT6I66oLTlUqQHcJnWviwiB/QFNnmUbWIX39BkGCnBCns04F0GisWNUXKKw1apBFcFuofh
WYdR+GLabcBu6jB84w0YwUBFsoEIgbCoiMH+cIhCfkPGge8yJ0DnQwD2KUAMwBLZfVwRh7LVBJ37
aOk4Bi26w4L8TyC+PKVpnkC/qF6Tbk5m3wEP+NqkTWIhNrqa0wNC1bZ0TtaRFnGM6vTQucmElEDP
Imc9diLu9TGL8E1XRo9hdMytqy0HJZKmRZIrqBIYCiYC2jRfpFzY0vQioKe2E7+XgQdkb6cAbQRt
ToKgwbp6hqHB4K4adMAw6OOexniQbtSO/imUDhgPBn+m4LAPoiBHxxCJJXc2OQic3ShJ90m2QYao
afotKm0dkODJoGDHr7sKUWljGTHoB0AhuDN6QxXR+JDilUsqGwdlFbjH2VKCnvCmMBkFLrQkMrtE
2gHrIxewOvlv9S7e/3sOMJt6in4My99GP5RjCZGgfW9FkkaXMfAeGFyFVxGEqzaoekXb/wPtB+Y2
XKmFJ64FXgYPPCdgdJlbEKMIMmPxSl1iLk2cgbXm5IC9eKUGORbASrZ6lVuGCxPcrjS4D4P75poD
xAIr+eRC2Ss9LVAEFSxW0zYsI0weCxUgUhS6fkWH5bJ7Im3EVmr6JNYrcRxE430YBWoDg6A5oPJY
EWaDcw0qGK3lF48x3yNCh7gSgxxChxqwRXCanbc4gfvvKIf0vAP20zmN5OfsjEb2L9klXnP7f6Ex
rjVnJ4R/ePkTOz67wvAHE8bn7PKMBtiX7P05HfHLDvuFgB4OriXu9c/Z+3Kd2yuF/5L9SKAp+/O7
v7Dba4K6l2c9Req/rONf1vE56zBD6WPHApzMRRpISooxncnQk7krQYkNub0qZbHAhUFa7lGEpiFd
SCiESlYIFRR8kKtBmgNOGWPi53y28tVQcmESGuMwvRhhVkggganToTJGwhpXmIlhrk0Teo9Ho0vV
FTX450S4mJJn5HKRXOXA1dyKB/DSIslqVgd9zWv2/XaSNOcDzfmSpw4EmK4rw1BVfhTHt0uXIhaS
o2cxPQsyoIjHBRUAJiVQHBUQbL7vlJlVO9qU8UYlqfSlEcVvVEeyHrtSmZN6Rx4yeFmEXkVLAKnY
OmY1/ZlCnBD5wOi439e8wmpvKOY+SjXJdBSGijc/lVGZsqrZekTXNExTw8iN1uQj22BbTKphHTdl
0YYqS2GlgFwXGbJXRImqcFQZxfSFLl4o9XWCg/QEop3ILDnAb/6sBUR1vkXAkPpC+ggr3OMHgLJC
YAaQr0Bry7Liw9iPq9VUdUpFqkxbF3bKr9PQz8oJOxQufvolK2k/5glCg6iIIFPFT5Kwsh5HRTLV
uFBU1HLF/aJFSTvmsY1BwZtoimjBLlaiBaSuw0pjJ1Jdats0VhjwX+NXg8stpHDpgSZnlH93XQ77
s+LtBEihjB+KMJQeUKfSdIUloY/IMDVHcVhzB9O0PBU/5co4uFxXCRBfPC/xPo3qKTtcxLqheaBz
QShwVjJUhZrDc3dFBS2RDLUHmJDOJsm3qe6DvqpySEdUJZvKEl+ZWiovoVtNNzki77CuZSiQlEcL
d/OSGHDbo7H22nU1SE0iLMQ8xTn2E6hcxskA1GT12BlUVGBLh1QiseP5uw7Dd7hhYOytAw/MnlJu
5T0r/F3Cf8DGZfFa17UZSccY22NHHjiqFQ/9fRkLVWx7AmxYLwWLMmx3ooEZG7EOegayRm/gAb0a
Fmo87DEk4t08npcla92EwYociVrjLRKYWCRx0tXnrR7Bhd51WfBJVPrE4rZUY4YBT1ceUPwq8zBC
63Bmq0nf99hczwl5uqQJXHeDtC3Qin7Kl8gC6ATEliUhlSbY4omAeNzsPEU9HYcBNiipZ5WK38Ep
5ezi9h1RmgFLyLZT5Ax7ZKTKejlVovdKXxPlRRdnHRC1aOWecIrlQVn2/xezsNzXVc8KtipdZ7pF
lKmmFloyfToJp2lrsBCZck4K2/FKyowaX2W1L8p+Dnkwj+ecZfy+9JTYhSzbsnit3tRIGHXVVcKi
e4K/ySBWPSVq8P6J/erIB7T6lJ2fsO9+fXd+8j3wDCYPNMD4Nbh7sCR6QhAMA7sAqQfOsi71wBIk
DSFhx2Dpv/74tsSvOwQG5E+0GDZrKWhC9oGtIgrDxJssO5Q6hBiNVN+nZeFa4G+6D0Xg1dxySFPA
uQmel24T2FcfbyqLaerDaELBbIRQjY5YumGQMJoLVnPBN0x90g6fAtetLYxoPZW0OhPXzPUdSP51
+s4Mf0oOu1tiUIQZDY+yP222Mm+pF6k2hfren9IYjdU7oMh0T9SF7Z4rh6jndNWcA5ZAJnUfhLiM
cvbakelVMFpB7VAV5TFOC9tBs1OOarS2t7aPlSkcRbLAfe6rqKS3PQpcGwJGYfRj1PoDY8VjCqMw
+ZqCqjGZGI+FajU5QiFzhI+7lG40UBxclbuCNgLdf2iEZ8U+LlSxD96K8Tap+htksJqAyLeNyv52
MnkKmMCKys0JxJaT8beiZkA7Hhtx3SIBKxfaFMCXlX6UvitDy9GdGHMbn9CSDj3KQs4KpSpS1DdT
X9dimkem25dlsKc5DQEAvi6zoYZbpjzLaiHVLdJKTr3HgtJubM0D6kuDSwUelIYS9S09ZZJJ9WG9
Lo3RznNArpOKgW6iHR7GHfRhEBh1mk03V1RT+EAHfOxhYwOTKbCKl1pr+BGQqrtoOAS0+i5+DLIF
qjZdE5ysIDP1pRHZYK911V3DauRKomaIlF4SRUkvkEQxOL1NhCVShk+HZcBhVpOOdZ++zurrxAI5
PL5cpmKp29O6l616dvhVu7s2f0Qf7OOrk6sDkEdXhwcVJdE1rIXKwzlsoDWtmBHhNQME6xm3nyAo
V5JXBqqU80iooFB1XRsT5AP4gTiKamY6SXBpig4y9BjtxOgVd8BLJiveYfj9DgrleZWxgZv2RQpZ
eRf9UIyhUl0tI5uKK7zRe9Y3oI1QXEB2ClGffFnpMjRC0ry6Xq7xSNOKV1PVeRDVHlvHakSK43En
oINGzaLbxAWpqa4nlTdQevUC+oq5QinNp7MB7byVdtWuUPvfzDMAfa7l+ery6vb0AG8ZKiB5DCyI
dI6tPQbe5IEyxqMkM/ArRFCpACPqfiB6oLLJoDwd4NOOsoxvPAx4pisYSDo5fjhKn4HQwckWkKjg
W6EEcYoNHBsAYIgHaQVA/4C95AP2N0p3ILh2YAwmwB1WQ3DI33F19dBCFVXNG5rELyajaeDpTkR5
T5laDNsCHGUJFNAzSrqpgsWX/IApHZ1NPtW6REPJscA9NOyrYFeveMDwbvSB/cOkM5o9WJ3Bw6Bj
/2D94GGSRQ7hO3zsxEUvfDjtK5+tzoaj71XmqG7/mQ0A5QowFGGEIYbrT/SGoF53g7dICzcv0tJ7
l1VPWt03JNcEeCCyuXRXNysF1i1vOoLRqBT51RvySbQUjW8gKSix0J/xNSBdyleNRFImVDOLB/CQ
mS4Y3TssOTIqjkAiTgDJ/kYlhjQO+aW3qEMVb16QpVUOXsmCqIAMpypi9zp7Ah8/zQL9ctgxfYah
/r6m4+rvJFYQvKWM3+ZswGT00ZN5jO/5GlD96eUaUKSheY4Oxzz3g5A+9lRDllHja58rCEbmeQB7
9t4E4Ec8zfPIUTfITVimvy1qwhK3yfa18HVbozGTokjWBEHWE5mQm/nbBgWb7PeQvlGqj1h1KZd3
IoZkocHxhtPjEbZ+zvtTkKgHCkf0qPEn9X3HajScPkRNmUqkxu73B5Zl40NY85OrBqee/EiUtIEA
CprqAJ8QZ1lj4E2Au/7XiwaLLQrgFOvzJlsAXOPriA2g8SVPfP3bwo/QAsGrpnHVsfsjpWbmV1LJ
CJbq66kaCz4TSyjLp0vJa3lO+aVOtMN0k+RSf6UOxy+9RyoLGlom2QxMEBSHBUXgpXomtCLnr5jB
Xc2pr1RP+OOP/wElpbbW
===END CRASH DUMP===
