PocketMine-MP Crash Dump Fri Jul 16 20:38:54 +07 2021

Error: Cannot use pocketmine\Player as Player because the name is already in use
File: plugins/NapThe/src/phuongaz/NapThe/Card
Line: 15
Type: E_COMPILE_ERROR

THIS CRASH WAS CAUSED BY A PLUGIN
BAD PLUGIN: NapThe v1

Code:
[6] 
[7] 
[8] use onebone\pointapi\PointAPI;
[9] 
[10] use pocketmine\item\Item;
[11] use pocketmine\level\Level;
[12] use pocketmine\utils\Config;
[13] use pocketmine\math\Vector3;
[14] use pocketmine\event\Listener;
[15] use pocketmine\{Server, Player};
[16] use pocketmine\plugin\PluginBase;
[17] use pocketmine\entity\{Entity, Effect};
[18] use pocketmine\scheduler\PluginTask;
[19] use pocketmine\event\level\ChunkLoadEvent;
[20] use pocketmine\level\generator\LightPopulationTask;
[21] use pocketmine\item\enchantment\Enchantment;
[22] use pocketmine\network\mcpe\protocol\LevelEventPacket;
[23] use pocketmine\level\particle\{DustParticle, DestroyBlockParticle, HappyVillagerParticle, HeartParticle};
[24] use pocketmine\command\{Command, CommandSender, ConsoleCommandSender};
[25] use pocketmine\event\player\{PlayerCommandPreprocessEvent, PlayerMoveEvent, PlayerJoinEvent, PlayerDeathEvent};

Backtrace:

PocketMine-MP version: 3.22.0 [Protocol 448]
Git commit: c32c21464c30cd7059a4cbfb0a7d7e493238a561
uname -a: Windows NT WIN45359 6.3 build 9600 (Windows Server 2012 R2 Standard Edition) AMD64
PHP Version: 7.4.20
Zend version: 3.4.0
OS : WINNT, win
Composer libraries: 
- adhocore/json-comment 1.1.2@fc2f76979f0a44a5f5bc2a2b600d0762fe0e78e7
- daverandom/callback-validator unknown@unknown
- pocketmine/binaryutils 0.1.13@0abee38d4e2861621f262c79a2a3d699d8a697f4
- pocketmine/callback-validator 1.0.3@64787469766bcaa7e5885242e85c23c25e8c55a2
- pocketmine/classloader 0.1.2@9757928424652393b178a3760073113aa7c9911b
- pocketmine/log 0.2.1@830b44a2cf96ef703c550abe64302f230231ca49
- pocketmine/log-pthreads 0.1.3@e477ecf6ec214fdd4415ea1da3fdd9d73bf699ea
- pocketmine/math 0.2.6@43057cb8c179a9859677b496a788db922fd5cfc3
- pocketmine/nbt 0.2.18@9f82ca4d7f97fcd9a566e44b63c4f18a7657ae82
- pocketmine/pocketmine-mp 3.22.0@c32c21464c30cd7059a4cbfb0a7d7e493238a561
- pocketmine/raklib 0.12.11@9cce458b8bfde3e4dfdbf70c659fc7b7fe26b5c4
- pocketmine/snooze 0.1.5@70b5e7937a06878dd321a3182ceb76d56298f2cd
- pocketmine/spl 0.4.2@6b08b7cf8c4afa17139c9a1b3bf1b408531de161

Loaded plugins:
AntiToolBox 0.2 by NgLamVN for API(s) 3.19.0
AutoClearLagg 3.1.0 by Twisted, NhanAZ for API(s) 3.0.0
AutoEXP 0.0.1 by RubyTemple for API(s) 3.0.0
AutoInv 0.0.10 by Twisted, NhanAZ for API(s) 3.0.0
AutoMineReset 0.3.4 by Nameless, NhanAZ for API(s) 3.0.0
BetterVoting 1.6 by Twisted for API(s) 3.0.0
Boss 2.1 by phuongaz for API(s) 3.0.0
Broadcaster 1.5 by EvolSoft for API(s) 3.0.0
BuilderTools 1.2.0-beta4 by CzechPMDevs, VixikHD for API(s) 3.16.0
BuyFix 1 by Twisted, NhanAZ for API(s) 3.0.0, 3.7.1, 3.8.1, 3.9.3, 4.0.0
CmdSnooper 1.0.0 by HotshotHD for API(s) 3.0.0
CoinAPI 1 by KAIDOZ, NhanAZ for API(s) 3.0.0
CustomAlerts 2.1 by Twisted, NhanAZ for API(s) 3.0.0
DEVirion 1.2.5-ALPHA12 by poggit, SOFe for API(s) 3.0.0
DevTools 1.14.2 by PocketMine Team for API(s) 3.13.0
EconomyAPI 5.7.2 by onebone for API(s) 3.0.0
EnchantStore 1 by phuongaz, NhanAZ for API(s) 3.0.0
ExtendedBlocks 1.1.4 by Javier Leon9966 for API(s) 3.14.0
Fly 1.0.0 by NhanAZ for API(s) 3.0.0
FormAPI 1.3.0 by jojoe77777 for API(s) 3.2.0
GCPClan 1.1 by InstantlyTa, NhanAZ for API(s) 3.0.0, 4.0.0
InvCrashFix 0.0.1 by  for API(s) 3.14.0
KeepInventory 1.2 by KhoaGamingPro for API(s) 3.0.0
MineReset 3.2.0 by Falk for API(s) 3.0.0
MultiWorld 1.5.3 by CzechPMDevs, VixikCZ, fuyutsuki, kaliiks for API(s) 3.20.0
MyPlot 1.10.1 by Wiez, Exxarion, jasonwynn10 for API(s) 3.4.0
NameSpaceRemover 1.0.0 by JackMD for API(s) 3.0.0
NapThe 1 by phuongaz for API(s) 3.0.0
Netherite 1.2.1 by Wertzui123 for API(s) 3.0.0
PM-Beacons 2.0.1 by jasonwynn10 for API(s) 3.0.0
PlayerInfo 2.1.4 by Matthww for API(s) 3.0.0
PrisonRank 1.2 by Fycarman, Khang, NhanAZ for API(s) 3.0.0
PureChat 1.4.11 by 64FF00 for API(s) 3.0.0
PurePerms 1.4.3 by 64FF00 & ProjectInfinity for API(s) 3.0.0
RestrictedSkins 1.5.0 by SalmonDE for API(s) 3.0.0
SafeServer 1.5.0 by HiroTeam-Willy for API(s) 3.0.0
ScoreHud 3.0.0 by Twisted, NhanAZ for API(s) 3.0.0
Sell 1.0.0 by AndreasHGK, NhanAZ for API(s) 3.0.0
ShopUI 1.0.0 by SaltyPixelDevz for API(s) 3.0.0
Slapper 1.6.1 by jojoe77777 for API(s) 3.20.0
SlapperRotation 1.2.1 by jojoe77777 for API(s) 3.0.0
Travels 2.1 by KRUNCH7SHooT for API(s) 3.0.0
VanillaBlocks 1.0.6 by xSuper for API(s) 3.0.0
VanillaInventory 1.1.2 by  for API(s) 3.19.0
VanishV2 1.20 by superbobby for API(s) 3.0.0
WFT 1.3.2 by  for API(s) 3.0.0
WarpsPro 1.3.0 by nikoskon, NhanAZ for API(s) 3.0.0
WorldGuard 1.1.94 by MihaiChirculete for API(s) 3.0.0
WorldLoader 1.0.0 by JackMD for API(s) 3.0.0
WorldProtect 2.3.8 by aliuly for API(s) 3.0.0
Worlds 3.0.9 by survanetwork for API(s) 3.0.0
iProtector 3.1.1 by LDX for API(s) 3.0.0

----------------------REPORT THE DATA BELOW THIS LINE-----------------------

===BEGIN CRASH DUMP===
eNrtPGtz20aSf2VOrrpN7kiKAN9K6cqKJEdKLIkryXZ2l1uuATAgEQEYBA9S9F7++3X3DIABJEuy
zdu7D+tyiUBjpqdf0y88/rHnyzTi+ce1SLNAxnsHw85eHkRi78Aa2+Ph0J4Mhr2JNbEn485ekehL
9hRg1qhvWbY1sq3OnkhTme4d/GMv3yYwYO/04/HVxfz87enH0+vrq+u9zl4ksowv8doxj2OZsyIT
LJHuncijIBaLxTzkW5EynjF95AiX46B8JVjMI8GCjPEwFdzbsiDG+YDWD0LEmYTFMoiz/Uue3K7E
fpa6+8mqkPGSfyphxzz1YEIIiwEHoz86etLHIF7LcC0iEeeAyQtS4eZ75VWAqPkAcaUnkMcxAOF0
on6m8INkylg4EhlJZBDnPAmAJTw6mp//AMNmarTV18NN1oNcRIvFOfzFkZb1yJBQrEW4WLzFHxpk
PzKoyIMwWyyOZewHSxo1eGQUqHu1WLwHLmU6oFHDR0bBQnEOCwZZLmKR0rjRI+P+cSNSMJ6O1tof
NHD8yEAlT9Qz/v7IM0FDJ4+tHedBvgXcp3TQYae+D+Qq3NNHJmTuSnhFKNIS/S3P7mj07POsaZEe
r4r47q3k3imCcZLd/7wCligMDpJD0SxX+VwmRchz2Drlkrb1WQ2L2F3xOI9o+dP6hKY9ptBY5BuZ
3oHO3ARFmMpcurK0AyJ4znE4YRh8nuyEp3nghqivkyKDSeq0w05Elqdy+2MIc2roGU+S7fsgDGHH
pgZYwGF5StqwHzMdV0YRjz1Y61gddZg+uBGxh7YCFprJUDSgCt/o8/pKyMAAq7I0PXmeChCLC96F
xFHa4YVciwbgZ9iLDcCJgH1AEFgZvEGeche299/+3tlTSg5xr6PjAZLmRM4FkNO9mAOdDphv7TP3
Bj3b7vURXgShB+5lOhx09oLsoyfWewc+DzMBDkVrD3zscAqLBOhu3IHt2tZwPHQHfdeb9EczPnQd
3+nziTcRw9nAHkz5aGwB7kLT8iGIPbnJ2OUt+3B+ORwNRjM27g0Yrc1m436ffVeOUZuT2X3LZtc2
u8lBYuAH2akXoM1+z44uTsZD9HarBFBPesOejXx8ApUQX0NiC65+lBmufX55eQsAOtmAe0SvGCUy
E+nHMHBSngYiQ7lxbwW8pmL/t0zGXbQI5V6tntWzX/uu7U/Gs8nM7/PhkI/8kePa3HaAdq8/Gdu+
6IvJVEwAvceBAaBaRvsuD0MHzL275mHg4SZEY4nvYrmJX+tfJLYynX0niHm6JbcIQ/uwtjV43eeO
EIOpNxT2dAxRzvLtse1OZtzmA288m3lTDqT5wyaqRxe3ev3e4PV4OJlOhjBnPHZczidiNJ2O7KEt
piPXHrj2SEzd0YjbLYQhz7IQ/I5INW3269lkNJnZ06E9HI/swWzgWJMpH0xALJOBZQ0AtzubWZbT
xBTKJWGwe9br6aDvgERt15+NhT/pD2BlZHg8HPRt34Y/A8vlw9kDDN0kX2FsLQU1eC2Gk4lw/bFA
A/U9bzi0RoJbHh/AycybDBwfpCV4ExVGF03N+DUsOpq4ztS1QLyz6Wg2nkyc4WzMJ9Op58xs2/dG
ru8OmihiJy/5mb6e+VMbCPYmPujE9WawGcZiOHTGA3foW1M+GY8mXExbwq0Pu1FSbdDXX7DbDGQp
vwPbVnIBmqzXM9cVw9HUmTq+JwZi6PmeA7J2x6OZ706ciS/ssTNyWxaUxVJ+Elq8o9eTvjMSk9lg
wvvj6WTqeQPb4gMLuBXOZOyNxvZs6tuu10KShIQB9unrsdOfOhPXn7pD7nNrYg1m7oxbDijGcob9
6WhgecICbv6okh3am0cQVW+lDH+U94aLM6Gdvdq3gR7gnBf5SqYw/W97l8u3PHp/uQeOErIchAx6
1gz8BABEzJ1QgOvI0wJcnicScCSZ8qqZ9PMTExBxyq+MhReLC05OBfcFut2rm9sPV9dvTwC0EU4G
YRSg4DlXhdMDp7Jf0gIMHhW5PA4hQr3ly6XJVwNucgZkk3czeLvdYL6DMr+E4Hz01waT/a/nMVd4
FwtYS7pIDYTW5WLRJu5Jvld5nmQH+/sG/5reo2wbFtHF8X4Tn5bK6a/zljwQ0tQx2GRTEteFs70V
UQLp9Y5kUGNUfAMRL9N3ycd5vG7xgZAHfPyTVPobBAPY0am3KoJMKRYqCcWaoutFTGFOcS0ykbdY
q+FNBiEkt7YjzAkh/dk5g0exBwEhO/vpF8VURdHLtfajyHORvpd5EJtbsgE22bN648eVtyOWbstt
aFLQPHsRWzLLTHYkSb9mw25vprIW3RUfJT5UTMpxfWBCUfE88SmMcDnIITV5MKBNjYyarJxCsXwD
ZO2KFWNh4KFBhWbl5vbo+vbd/FFXuNlsegIoQuy9/I74wzRYpBhRGkoywU0OITPoOiLnrY11/Em4
q/nFiVjjhPfBfXB3dtKMeuOv59tF7EkEBQLozlHE5UgcSKFJ6pfGBIPu/QYqEs72TXDfEAsBGgL5
Qv/Zgd8JWfygN9W/sx7mdMNvMgyi7OW+5jjybsAfJw2zNoBNnffbkf9M5tlK5i0NfwP9buRlaunF
okHG85xAIDman5tsaMgTavrl6Pzk6q87DwJ65S9QQ5HlMjoKwZrN7dcAP+kr/7fitUkBaKRJz9e5
mpPT90FKbFR8VqC2ixl1j97Oz46sVjKdyCU2Ajp7N1dvdpZpKaSLxZpIWSzAyegjg7wnWCbexLrt
QitQkzdr2K4Q6m4JuxU8avrMwdfzVRIAfNSkvEB1hnOsSduvcAC3p66MZbRt7joDaHI8Am/XYlj3
fnelv6qVLBQF1ExuUPPsNtTdxZtcpsJkyQQ/4U2qhOWrduHeG5lGilCD6hflM5pARFCdvIjf+xy7
iB41Mk2jbV1omW47mf6ZrwORsrdCxrPZeNy03OHXa1ThLdECZw2qXu5d34Rbgzc8eyas7daHwoJf
QKs2AoPeyixMmgdtmn+Tv0kxwX8Nuu1vqNUqjIuFJqI6eAkrPx3Pj0Nu+vkS0rKnJiPncZaD/Ybb
W/5U+vRNaVJQrpHzxcJ3uQtUAW/HR5q8Z7NH8I8wLRG9dYysQul6nPJs1UwTTejTjYNd7Zio+D3D
GAY1tYsr+5gLvlXt0hdo7BchEiBaxODpzC3ThLeCdCujWkn+E4+gJpynclc7qIF0sWiQ8/Kt9VjT
4PGGgdo2Db7e8PBuV+z4gCtI0YNhdzLV3QGDkudZKcI8+CBTvG1S81IDW8Uo1RVPF2nHmAX7xbbI
s+IugOM7HgYB+P6GM+nvqHSLkNQNkgqMm2R/S9lWI6Ls5GI7D2VD1wrQcj4PengfAoER/PT+nuuk
7zeeyXizjWOr3xDHF2/UZnJkpJVE9U2+DWmfnvJsq2/UYQvJD8JwrxakYgPkVrLzTE6Kra6bhLtg
XZFcNwq9B5eeiYs/c/fuYme1nsK2WLSpePmO1g8ZmAzppw6ez9F23lRSa5e/LyJf5CuR0nnNQQVr
10JtM4Ui7FMRWPZgV6zUGIGJkoyXKeORnVlj2695AqbnF90fBYd9YOabBrBZ5j7YnZ/bi9/Uk65Q
LhYOkYHdzZKcZ9Wo7oyfx740OaqBrcK9nT1f8DxfbTa74kajKx8NQgrM4xcxlAYgkWse35kM1cAn
E4A3W5enEWVRv0Duttx5S0IR8nInMS9ScbziZiSoQE1Ohj2rZW3j4Zs3/S8zNEI+F2mUPazdIItw
8QmCDHOjzt6vYh3IIpufdku44eY/qrVBd5rY+ugrdiMRpR/3qtBo4Shim9JRsLZ4Bo9Jh/07A3Z+
E24O9hXEQb7dlaYbIiCKjMMdCEHhASlc4/M8gZsL7+YuaDim9pV2YtUKkDc8jGR8crorCZT4FosW
IS83/xvuC/VAi8GWAXyGo7MgldiO6n6ALGRnmi2xLhY1JebxV8YcRJutgohTAw2Zx6dpzgozS65A
zYS//8+6qV1mPSUdX6BJEZpPV9HpMwlbfTdy53zg8l9A+0om78yuhgY8Qz/Yf76dB/cihAx/Zznb
u3Nc/QuID3nSvENSQlq3YR8kK5/pyXwD7Zla+avTspqk/ZKJmsNrmdNTmQ85ra48k5V+huNvsbMm
AS/X2m3K16LRii8hT95J+eX63eXx2eTmTMrbnd1BVwu/nPb3PMbnSB/0ZZvw9uZpPQZwf1Oger8o
eWk1fp/gSWFfLBoktU6/gNXH2k4PLrX70Pbnm2jf8GjVnUy5J0cDK5pU/HxFuwlnZqv3doshArV2
UcvrZShZRzrOzuJtjVFxhETURy/h5sObW4MRPGv3oz+vjG+pSWXon4jYGkBN+gaIxIdNbsX9FzxN
84GnCeXbBvUl6JmWehzcyeyOnN5uY2eJeLEoSamPXsQTtot+KvDdDIOrGtjeJ7N2yRmseHC8ClK3
CEX+jXfgIEf2slzG4hjxBbnZqmquA0xWNJrHXxHGWpj3DWSlfHTbuyWgqhn+f9DoMghonLxY5WAe
Ob5n0+KpBDfj2qA3bTLFw6DYXQqvsC0W1MVNFAXtXfnC28sXRZD6gQg98wnk8uWkPBX4fDQ+3bTf
4LYUStYWR/YgtZ+1/Wu65votkd15WMCppZFp7b64RtW89ghJDyjbf7Wp+tiBZliatmwA2w/ntvKZ
tye/7opHQLVY1Ct/dQ4KeLoXx/PTfYMLetqap8AdKLr1PET3Yt5LVpxSmYzqwx4YHES0nN6b2Hs1
r86Yeo2L4Rtui3QRv7pdFeznImTWiFn9g2H/wJ6y/+xPmN23LRwQydw7XBT9Pp+E6sf5b/Ur2KLw
fdujvzP6K+jvSF3neAJxCf+O6IKvBrEmHheXUWR3E5nmh9YMwxkANysQUTeEOvOwT7Tw+656Xyc7
HBEEX/orYldocJe7q0Cot+6yQ+n7hDrhm7irdyCYgcK1BElG0hPqzJcpIKlgeiaI1MMqtDxP1skh
BCU48gLfD8C15ttDm7CVL3B1M5FjDM4OEUzvSXXRJA/PCqeGZEJ4xgB8vfHwzdujWwQpw+v+Xoh0
Wy6sYakL1GsQHvcSnmWwEbzD/6B/II8il90MkmlN5zoQm64X4M1cVxyOEXTvyPsu2r8eEvJ4WfCl
OBTxEs8bbwb0thG+GfCKoSUzl2ynSKnQIBNiIDjWMEQwKXa7EplgpSQYT9XrlhACMzjgOXPVy5qO
YEHshgXk0/ju5QPTRVw3MoKZPiJo48y4LzpMYu88Q5TMgVr+jm1lkWpcLPAZKDQA54krgC7xNUzw
yoD4UmwqdPue8DloM2MbGf8pZ1hR8ZShNCNgFt/SobdD81WQKb43KxGzIllCJgwIeosYTVghO1jE
jL36sKKmPsslrBJ7DFAw7FAh8XnKY6hTcyCKLhOpUBBwQAzyhIBN8sIHrFzBILPyQpJghJiVqZZa
O2D0HhheyFZF7kkwdf1S7AFb7DU2rrsobD4asQs8FdaWHa8WhSXEBDekZfUJPDBO/EG8/DemZgEu
ZOsoDOWG4ZYETpj2y2wdcPZnNFgcQ5ZbhieDvlenZMV6EgOuGG4uBvoGkSI6Z8u0InC8NvrqsokK
m21gT6AV7nksFZlSHioF1HXHIsEhVpAfwBd8HYFUg2jF7wUPUejLAOoVtuZhIdh3elHwed8jdrUi
bDeB7qgLSlsuRXoAl2ntyyJyQF9gk0fZNnbxDU2GkRKssEcD3mWgWNwYJac4bJVKcFWgexiedRiF
L6bdBuymDsM33oARDFQkG4gQCIuKGOwPhyjkN2Qc+NJyAnTeB2CfAsQALJHdxxVxKFtN0LmPlo5j
0KI7LMj/BOLLU5rmCfSL6n3o5mT2HfCAr03aJBZio6s5PSBUbUvnZB1pEceoTg+dm0xICfQsctZj
J2Ktj1mEb7oyegyjY25dbTkokTQtklxBlcBQMBHQpvki5cKWphcBPbWd+FoGHpD9OAVoI2hzEgQN
1tUzDA0Gd9WgA4ZBH/c0xoN0q3b0T6F0wHgw+DMFh30QBTk6hkgsubPNQeDsRkm6T7INMkRN029R
aZuABE8GBTt+01WIShvLiEE/AArBndEbqojGhxSvXFLZOCirwD3OlhL0hDeFyShwoSWR2SXSDlgf
uYDVyX+rd/H+33OA2dRT9GNY/jb6oRxLiATteyuSNLqMgffA4Cq8iiBctUHVK9r+H2g/MLfhSi08
cS3wMnjgOQGjy9yCGEWQGYtX6hJzaeIMrDUnB+zFKzXIsQBWstWr3DJcmOB2pcF9GNw31xwgFljJ
JxfKXulpgSKoYLGatmUZYfJYqACRotD1Kzosl62JtBFbqemTWK/EcRCN92EUqA0MguaAymNFmA3O
NahgtJZfPMS8RoQOcSUGOYQONeARwWl23uIE7r+jHNLzDthP5zSSn7MzGtm/ZJd4ze3/hca41pyd
EP7h5U/s+OwKwx9MGJ+zyzMaYF+y9+d0xC877BcCeji4lrjXP2fvy3VurxT+S/Yjgabsz+/+wm6v
CepenvUUqf+yjn9Zx+eswwylDx0LcDIXaSApKcZ0JkNP5q4EJTbk9qqUxQIXBmm5RxGahnQhoRAq
WSFUUPBBrgZpDjhljImf89nKV0PJhUlojMP0YoRZIYEEpk6HyhgJa1xhJoa5Nk3oPRyNLlVX1OCf
E+FiSp6Ry0VylQNXcysewEuLJKtZHfQ1r9n3j5OkOR9ozpc8dSDAdF0Zhqryozj+uHQpYiE5ehbT
syADinhcUAFgUgLFUQHB5vtOmVm1o00Zb1SSSl8aUfxGdSTrsSuVOal35CGDl0XoVbQEkIptYlbT
nynECZEPjI77fc0rrPaGYu6DVJNMR2GoePNTGZUpq5qtR3RNwzQ1jNxoTT6wDfaISTWs46Ys2lBl
KawUkOsiQ/aKKFEVjiqjmL7QxQulvk5wkJ5AtBOZJQf4cZ+NgKjOHxEwpL6QPsIKa/zST1YIzADy
FWhtWVZ8GPtxtZqqTqlIlWnrwk75dRr6WTlhh8LFT79kJe3HPEFoEBURZKr4SRJW1uOoSKYaF4qK
Wq64X7Qoacc8tDEoeBNNES3YxUq0gNR1WGnsRKpLbZvGCgP+a/xqcLmFFC490OSM8u+uy2F/Vryd
ACmU8UMRhtID6lSarrAk9BEZpuYoDmvuYJqWp+KnXBkHl+sqAeKL5yXep1E9ZYeLWDc0D3QuCAXO
SoaqUHN47q6ooCWSofYAE9LZJPk21X3QV1UO6YiqZFNZ4itTS+UldKvpNkfkHda1DAWS8mjhbl4S
A257NNZeu64GqUmEhZinOMd+ApXLOBmAmqweO4OKCmzpkEokdjx/12H4DjcMjL1N4IHZU8qtvGeF
v0v4D9i4LF7rujYj6Rhje+zIA0e14qG/L2Ohim1PgA3rpWBRhu1ONDBjI9ZBz0DW6A3co1fDQo2H
PYZEvJvH87JkrZswWJEjURu8RQITiyROuvq81SO40LsuCz6JSp9Y3JZqzDDg6coDil9lHkZoHc5s
Nen7HpvrOSFPlzSB626QtgVa0U/5ElkAnYDYsiSk0gRbPBEQj5udp6in4zDABiX1rFLxOzilnF3c
viNKM2AJ2XaKnGGPjFRZL6dK9F7pa6K86OKsA6IWrdwTTrE8KMv+/2IWlvu66lnBVqXrTLeIMtXU
QkumTyfhNG0NFiJTzklhO15JmVHjq6z2RdnPIQ/m8ZyzjK9LT4ldyLIti9fqTY2EUVddJSy6J/ib
DGLVU6IG75/Yr468R6tP2fkJ++7Xd+cn3wPPYPJAA4zfgLsHS6InBMEwsAuQeuAs61IPLEHSEBJ2
DJb+649vS/y6Q2BA/kSLYbOWgiZkH9gqojBMvMmyQ6lDiNFI9X1aFq4F/rZ7XwRezS2HNAWcm+B5
6TaBffXxprKYpj6MJhTMRgjV6IilGwYJo7lgNRd8y9S36/ApcN3awojWU0mrM3HNXN+B5F+n78zw
p+SwuyUGRZjR8Cj702Yr85Z6kWpTqA/7KY3RWL0Dikz3RF3Y7rlyiHpOV805YAlkUusgxGWUs9eO
TK+C0Qpqh6ooj3Fa2A6anXJUo7X9aPtYmcJRJAvc576KSnrbo8C1IWAURj9GrT8wVjymMAqTrymo
GpOJ8VioVpMjFDJH+LhL6UYDxcFVuStoI9D9h0Z4VuzjQhX74K0Yb5Oqv0EGqwmIfI9R2X+cTJ4C
JrCicnMCseVk/K2oGdCOx0Zct0jAyoU2BfBlpR+l78rQcnQnxtzGJ7SkQ4+ykLNCqYoU9c3U17WY
5pHp9mUZ7GlOQwCAr8tsqOGWKc+yWkh1i7SSU++hoLQb2/CA+tLgUoEHpaFEfUtPmWRSfVivS2O0
8xyQ66RioJtoh4dxB30YBEadZtPNFdUUPtABH3vY2MBkCqzipdYafgSk6i4aDgGtvotffWyBqk3X
BCcryEx9aUQ22GtdddewGrmSqBkipZdEUdILJFEMTm8bYYmU4dNhGXCY1aRj3aevs/o6sUAOjy+X
qVjq9rTuZaueHX7V7q7NH9EH+/jq5OoA5NHV4UFFSXQNG6HycA4baEMrZkR4zQDBesbtJwjKleSV
gSrlPBAqKFRd18YE+QB+II6implOElyaooMMPUY7MXrFHfCSyYp3GH6/g0J5XmVs4KZ9kUJW3kU/
FGOoVFfLyKbiCm/0nvUNaCMUF5CdQtQnX1a6DI2QNK+ul2s80LTi1VR1HkS1x9axGpHieNwJ6KBR
s+g2cUFqqutJ5Q2UXr2AvmKuUErz6WxAO2+lXbUr1P438wxAn2t5vrq8uj09wFuGCkgeAwsinWNr
j4E3eaCM8SjJDPwKEVQqwIi6H4geqGwyKE8H+LSjLOMbDwOe6QoGkk6OH47SZyB0cLIFJCr4VihB
nGILxwYAGOJBWgHQP2Av+YD9jdIdCK4dGIMJcIfVEBzyd1xdPbRQRVXzhibxi8loGni6E1HeU6YW
w2MBjrIECugZJd1UweJLfsCUjs4mn2pdoqHkWOAeGvZVsKtXPGB4N/rA/mHSGc3urc7gftCxf7B+
8DDJIofwHT524qIXPpz2lc9WZ8PR9ypzVLf/zAaAcgUYijDCEMP1t3hDUK+7xVukhZsXaem9y6on
re4bkmsCPBDZXLqrm5UC65Y3HcFoVIr86g35JFqKxjeQFJRY6O/1GpAu5atGIikTqpnFPXjITBeM
7h2WHBkVRyARJ4Bkf6sSQxqH/NJb1KGKNy/I0ioHr2RBVECGUxWxe509gY+fZoF+OeyYPsNQf1/T
cfV3EisI3lLGb3M2YDL66Mk8xvd8Daj+xnINKNLQPEeHY577QUgfe6ohy6jxtc8VBCPzPIA9uzYB
+BFP8zxy1A1yE5bpb4uasMRtsn0tfN3WaMykKJI1QZD1RCbkZv62QcE2+z2kb5TqI1ZdyuWdiCFZ
aHC85fR4hK2f8/4UJOqBwhE9avxJfd+xGg2n91FTphKpsfv9gWXZ+BDW/OSqwaknPxIlbSCAgqY6
wCfEWdYYeBPgrv/1osFiiwI4xfq8yRYAN/g6YgNofMkTX/+28CO0QPCqaVx17P5IqZn5lVQygqX6
eqrGgs/EEsry6VLyWp5TfqkT7TDdJrnUX6nD8UvvgcqChpZJNgMTBMVhQRF4qZ4Jrcj5K2ZwV3Pq
K9UT/vjjfwAsPK2u
===END CRASH DUMP===
