PocketMine-MP Crash Dump Sat Jul 10 20:46:02 +07 2021

Error: Attempted to create tile pocketmine\tile\Chest in unloaded chunk 91 107
File: pmsrc/src/pocketmine/level/Level
Line: 2609
Type: InvalidStateException

Code:
[2600] 			throw new LevelException("Invalid Tile world");
[2601] 		}
[2602] 
[2603] 		$chunkX = $tile->getFloorX() >> 4;
[2604] 		$chunkZ = $tile->getFloorZ() >> 4;
[2605] 
[2606] 		if(isset($this->chunks[$hash = ((($chunkX) & 0xFFFFFFFF) << 32) | (( $chunkZ) & 0xFFFFFFFF)])){
[2607] 			$this->chunks[$hash]->addTile($tile);
[2608] 		}else{
[2609] 			throw new \InvalidStateException("Attempted to create tile " . get_class($tile) . " in unloaded chunk $chunkX $chunkZ");
[2610] 		}
[2611] 
[2612] 		$this->tiles[$tile->getId()] = $tile;
[2613] 		$this->clearChunkCache($chunkX, $chunkZ);
[2614] 	}
[2615] 
[2616] 	/**
[2617] 	 * @return void
[2618] 	 * @throws LevelException
[2619] 	 */

Backtrace:
#0 pmsrc/src/pocketmine/tile/Tile(169): pocketmine\level\Level->addTile(object pocketmine\tile\Chest)
#1 pmsrc/src/pocketmine/tile/Spawnable(62): pocketmine\tile\Tile->__construct(object pocketmine\level\Level, object pocketmine\nbt\tag\CompoundTag)
#2 pmsrc/src/pocketmine/tile/Tile(116): pocketmine\tile\Spawnable->__construct(object pocketmine\level\Level, object pocketmine\nbt\tag\CompoundTag)
#3 pmsrc/src/pocketmine/level/format/Chunk(723): pocketmine\tile\Tile::createTile(string[5] Chest, object pocketmine\level\Level, object pocketmine\nbt\tag\CompoundTag)
#4 pmsrc/src/pocketmine/level/Level(2683): pocketmine\level\format\Chunk->initChunk(object pocketmine\level\Level)
#5 pmsrc/src/pocketmine/level/Level(2295): pocketmine\level\Level->loadChunk(integer 91, integer 100, boolean 1)
#6 pmsrc/src/pocketmine/level/Level(2957): pocketmine\level\Level->getChunk(integer 91, integer 100, boolean 1)
#7 pmsrc/src/pocketmine/Player(1066): pocketmine\level\Level->populateChunk(integer 91, integer 100)
#8 pmsrc/src/pocketmine/Player(1862): pocketmine\Player->sendNextChunk()
#9 pmsrc/src/pocketmine/Server(2399): pocketmine\Player->checkNetwork()
#10 pmsrc/src/pocketmine/Server(2152): pocketmine\Server->tick()
#11 pmsrc/src/pocketmine/Server(1992): pocketmine\Server->tickProcessor()
#12 pmsrc/src/pocketmine/Server(1586): pocketmine\Server->start()
#13 pmsrc/src/pocketmine/PocketMine(291): pocketmine\Server->__construct(object BaseClassLoader, object pocketmine\utils\MainLogger, string[38] C:\Users\Administrator\Desktop\Prison\, string[46] C:\Users\Administrator\Desktop\Prison\plugins\)
#14 pmsrc/src/pocketmine/PocketMine(321): pocketmine\server()
#15 pmsrc(11): require(string[93] phar://C:/Users/Administrator/Desktop/Prison/PocketMine-MP.phar/src/pocketmine/P)

PocketMine-MP version: 3.21.1 [Protocol 440]
Git commit: a50ef2af6f6a695e3002f4397ff089635c181dbb
uname -a: Windows NT WIN45359 6.3 build 9600 (Windows Server 2012 R2 Standard Edition) AMD64
PHP Version: 7.4.20
Zend version: 3.4.0
OS : WINNT, win
Composer libraries: 
- adhocore/json-comment 1.1.2@fc2f76979f0a44a5f5bc2a2b600d0762fe0e78e7
- daverandom/callback-validator unknown@unknown
- pocketmine/binaryutils 0.1.13@0abee38d4e2861621f262c79a2a3d699d8a697f4
- pocketmine/callback-validator 1.0.3@64787469766bcaa7e5885242e85c23c25e8c55a2
- pocketmine/classloader 0.1.2@9757928424652393b178a3760073113aa7c9911b
- pocketmine/log 0.2.1@830b44a2cf96ef703c550abe64302f230231ca49
- pocketmine/log-pthreads 0.1.3@e477ecf6ec214fdd4415ea1da3fdd9d73bf699ea
- pocketmine/math 0.2.6@43057cb8c179a9859677b496a788db922fd5cfc3
- pocketmine/nbt 0.2.18@9f82ca4d7f97fcd9a566e44b63c4f18a7657ae82
- pocketmine/pocketmine-mp 3.21.1@a50ef2af6f6a695e3002f4397ff089635c181dbb
- pocketmine/raklib 0.12.11@9cce458b8bfde3e4dfdbf70c659fc7b7fe26b5c4
- pocketmine/snooze 0.1.5@70b5e7937a06878dd321a3182ceb76d56298f2cd
- pocketmine/spl 0.4.2@6b08b7cf8c4afa17139c9a1b3bf1b408531de161

Loaded plugins:
AntiToolBox 0.2 by NgLamVN for API(s) 3.19.0
AutoClearLagg 3.1.0 by Twisted, NhanAZ for API(s) 3.0.0
AutoFMReset 0.3.4 by Nameless, NhanAZ for API(s) 3.0.0
AutoInv 0.0.10 by Twisted, NhanAZ for API(s) 3.0.0
AutoMineReset 0.3.4 by Nameless, NhanAZ for API(s) 3.0.0
BuilderTools 1.2.0-beta4 by CzechPMDevs, VixikHD for API(s) 3.16.0
BuyFix 1 by Twisted, NhanAZ for API(s) 3.0.0, 3.7.1, 3.8.1, 3.9.3, 4.0.0
CustomAlerts 2.1 by Twisted, NhanAZ for API(s) 3.0.0
DEVirion 1.2.5-ALPHA12 by poggit, SOFe for API(s) 3.0.0
DevTools 1.14.2 by PocketMine Team for API(s) 3.13.0
EconomyAPI 5.7.2 by onebone for API(s) 3.0.0
EnchantStore 1 by phuongaz, NhanAZ for API(s) 3.0.0
ExtendedBlocks 1.1.4 by Javier Leon9966 for API(s) 3.14.0
FormAPI 1.3.0 by jojoe77777 for API(s) 3.2.0
GCPClan 1.1 by InstantlyTa, NhanAZ for API(s) 3.0.0, 4.0.0
InvCrashFix 0.0.1 by  for API(s) 3.14.0
KeepInventory 1.2 by KhoaGamingPro for API(s) 3.0.0
MineReset 3.2.0 by Falk for API(s) 3.0.0
MultiWorld 1.5.3 by CzechPMDevs, VixikCZ, fuyutsuki, kaliiks for API(s) 3.20.0
MyPlot 1.10.1 by Wiez, Exxarion, jasonwynn10 for API(s) 3.4.0
NameSpaceRemover 1.0.0 by JackMD for API(s) 3.0.0
Netherite 1.2.1 by Wertzui123 for API(s) 3.0.0
Offhand 2.0.4 by alvin0319 for API(s) 3.0.0
PM-Beacons 2.0.1 by jasonwynn10 for API(s) 3.0.0
PlayerInfo 2.1.4 by Matthww for API(s) 3.0.0
PrisonRank 1.2 by Fycarman, Khang, NhanAZ for API(s) 3.0.0
PureChat 1.4.11 by 64FF00 for API(s) 3.0.0
PurePerms 1.4.3 by 64FF00 & ProjectInfinity for API(s) 3.0.0
SafeServer 1.5.0 by HiroTeam-Willy for API(s) 3.0.0
ScoreHud 3.0.0 by Twisted, NhanAZ for API(s) 3.0.0
Sell 1.0.0 by AndreasHGK, NhanAZ for API(s) 3.0.0
ShopUI 1.0.0 by SaltyPixelDevz for API(s) 3.0.0
Slapper 1.6.1 by jojoe77777 for API(s) 3.20.0
SlapperRotation 1.2.1 by jojoe77777 for API(s) 3.0.0
Travels 2.1 by KRUNCH7SHooT for API(s) 3.0.0
VanillaBlocks 1.0.6 by xSuper for API(s) 3.0.0
VanillaInventory 1.1.2 by  for API(s) 3.19.0
VanishV2 1.20 by superbobby for API(s) 3.0.0
WFT 1.3.2 by  for API(s) 3.0.0
WarpsPro 1.3.0 by nikoskon, NhanAZ for API(s) 3.0.0
WorldGuard 1.1.94 by MihaiChirculete for API(s) 3.0.0
WorldLoader 1.0.0 by JackMD for API(s) 3.0.0
WorldProtect 2.3.8 by aliuly for API(s) 3.0.0
Worlds 3.0.9 by survanetwork for API(s) 3.0.0
iProtector 3.1.1 by LDX for API(s) 3.0.0

----------------------REPORT THE DATA BELOW THIS LINE-----------------------

===BEGIN CRASH DUMP===
eNrtPIly3MaxvzJv5YpJvz1w7IV1qBJNihZjkWJEylJsuFQDYLALE8cax5KrxP/+unsGJw9REl/y
XpWcFLVozPT0NX0NgH/2/CSNeP5+I9IsSOLeYtzv5UEkegt9akwsYzybGsOZObfmRr9XrNWtiTaZ
D+dzS59Z1nhsWXAv5Fn+PE2TtLf4Zy/frmFY7zje8DDwznOei+fXroDpsES/F4ks40scsZ/nIlrn
wmN5wtxUwECWB6Fg68S9FHkUxMK2EWDbByuR5SyIWRGHCfdgirsq4ktm6UzXZoDVL8LwCIYC2vWK
p4vR6GAxepMBY6N9DzAFWZ7yPElHhyK7zJP16CwNsiQendFSJ7DU4ORsiFNHWeqOagpGodiIcPQS
/8L9Na6l1olw5N2jYWQIoN7CmGoWCDblLlz82nuisVunIqejC/izo0+t3UVLCoTWtgnv4Cn3PBqX
OL8LN79LXLtAwBP9nrXO1/wq5g4gmhqd9SQaXGTw9P17N4lBfIWb37Zik7Q+u2VA7OSAkC+BrCRa
J0XsXfAlEWd8VBD69FbCKsr/N6kz2T0aljtndIBWuDMzzDvlt1hIyyZ+gM4gXv46+Y2Rhm4l6Aso
HrOP2eSOMZ2bt9uW5AhtB1gaPIUtk0vuPkIjrTx5wMqGNbnXqnFjyxWDOBdLkcLu7rPyt65pfeYk
SSh4zHRadPqARa3J7N5FlyL/pDVnt695FvKtSHd0bTq9d7l1si5CsIZ716SF5vcvNL+xZeWdwdNM
xN6puFZsES7rdlznIgXPv2OYlnUHLncl3MtTkV8lqUKla/fj0idduuSdwdM8cEsc+r04dAgp9+A4
SxMXQkiSKmTG/cgm8+kdyLKcp7lCcsder6MDWJJ+B55bPNAPPBMHEBSzlxis0lu3cQE+IrPtEx7E
L5PlEkcp92DOwT8sbJvCl2234pdtqwAGSqIIZtvVvPH0k+atw2IZxDBQimD8URGYRlcEmRSyRKB8
ADhtGJWKP4ogrTyeZf7GHjkun+32fvuz3xP/2bTjM1IBIFqK/n0Qb5JwIyIR54AkTmBEv+cmnkB+
YKgGUDvH/+WrNLlisbhihK9ibMcuGWYYYBhs1NCze7vfAyJAoCsEf8pLAy7lL1Pd+Ib4ecf22Dc5
BXvwh0dhkqTvdnbZ06dsrBCNW+N/uTn+l/b4SbXSVM0M/J0gy0S+802+CjJ0LYAo+/WbFc9WgG5n
Z0fRssv+wrTrI/XfLvvrX5lp7LJ/wRCmlu8M+W13959ysVklsFtW+a1OnIj4UkjzUkgizIRCZN0i
edu+1bZABXdalN1jQwYieu+iM1DLAgjgN42q1IVistKirrW0qOulbHWj1IpkFrEDr5Vijr2d3d9K
VSlcZnuKC6EtpUhxwMHZlzroV5JW06T+FQGVcnWp3NF338lLKX72HXuWirxIY7ZJAk/emle3SKBZ
x47lIEsNGvX+/Jovf82Xv+bLX/Plr/ny13z5a778WPlyv7cUsUh5iAlmzLGd12vNBMIc0EXdEeyZ
Q0Mf6ggvgtDrLfT52Oj3guy9Jza9hc8hZ4J8Nk3yxE0A7XiswSIB5rN8ognf4P7Un/KpNRGmphn+
2LRmvq/Nrak5cfW57jkO4C4ULW+D2MPk4PSCvT0+HU/MicWmQ5PR2syCjJjtlGOkOTFDA4t+bTBI
ymKPpx577gWYUeyy/ZPD6RiQY9Nu0ZsNx0NDg8sPsN+Jr/FQk3ffJxmufXx6egEAurgKYkrFIV6A
7N+HgZPyNBAZyo17K+A1FaPfQfADGKPydxDT0Hjmu4Y/m1ozy9f4eMwn/sRxDW44QLunzaaGLzQx
mwssHjwODADVSTRyeRg63L0cUIKJCgaE4I/i5Cp+pv5FYmt1OkHM0y1tChiqwdq6+UzjjhDm3BsL
Yw7ZmaH7xtRwZxY3uOlNLcubgyZm/riN6tbF9aE2NJ9Nx7P5bAxzplPH5XwmJvP5xBgbYj5xDdM1
JmLuTibc6CDErUy5bapoM55Zs8nMMsB4xtMJeFDT0Wdzbs5ALDNT103A7VqWrjttTGGyJAzGUH82
NzUHJGq4vjUV/kwzYWVkeDo2wbAM+GPqLh9bNzAM1pBzCu6VgjKfifFsJlx/KlxDH/ueNx7rE8F1
j5twYXkz0/FBWoK3UUG4Xylqps9g0cnMdeauDuK15hNrOps5Y2vKZ/O551iG4XsT13fNNgrIRUp+
5s8sf24Awd7MB524nsUn06kYj52p6Y59fc5n08mMi3lHuPXPQbSuNuizT9htDWQpvwTblnIBmvRn
luuK8WTuzB3fE6YYe77ngKzd6cTy3Zkz84UxdSZux4KyOEk+CCXeybOZ5kzEzDJnXJvOZ3PPA0/I
TR24Fc5s6k2mhjX3DdfrIFmHhAH26bOpo82dmevP3TH3uT7TTcu1uO6AYnRnrM0npu4Jfar3/qyq
adqb+3EeXEAC8kNy3XBxTWi/V/s20ANc8yJfJWmGpcbp8iWPfj5FR8nXAULMoW6BnwCAoAQaXAdE
LnB5nliDI8FZcC9L/PywCYggSrUXlpELGwGwL9Dtvjq/ePvq9ctDAF0JJwtypBQ856pwhuBURiUt
wOB+kScHWKm95Mtlk68WvMkZkE3ercHbxRXEDoEyP13xeP+XFpPa5/OYS7y2DWslVE+GQA2E0w5x
9/K9yvN1BsGuwb+idz/bhkV0cjBq41NSOTp5LTKRd2RSQtu6Bo/f0TbMgIo5e3SR7Mce+JvsxY8/
STFgcCWKHmYEJXPH8abDGELaTMGG+zfp+XeIELDNU29VBJnUdhBvJIOSrgcxVcmiw1oN/3+stR8w
TxEpbvmswV8L3GQPAuNQGzgi5x0mDz4Id3V2cig2OOHn4Dq4fHHYdkvTz+fURezrCDI4UKQjicuR
ONvukPqpm7ZB96iFioSzPQquW2IhQEsgn2jLffh3RumpOZyrf60hBt3xl5iCpOzhej8osjyJ9kMQ
Y1PvLXCTTWOo/3s2bZMC2+7Qo9g6v9h/ffHm7FbVXl1dDcUGFAj4h/kl8nr4/OcgJTYqPitQ17Yn
g/2XZy/29U6YXUP9FuBGP391JB6LVYnUtjdEim2DdatfDfLuYZl4E5vu3q1Abd70cTd3qOsodiF4
1N6s5ufzVRKAFemmsy/vU11jV9akjSocwO1zqMOTaLt/dtzgtwFscjyBbdZhOImFg0cWj6Q/hc62
haQAcNp2i5qPbsPnsQu7Jz+HCkY0WWqC7/E261WRxEv+4fN2Ye8oSSNJaIPq+wxWLQdcSgIRQXXx
IH6vc8AqvB9CUHDTaDs3Oqbbjah/45sAKumXIoktazptW+748zUq8ZZogbMWVQ/3rqVga/5qUTcZ
M7sp7+/J74mY4X8tnowvSIIqjLatiKh+PISVHw/ODkLe9J0lpKOjNiPHcZaDTYTbC35fLPyimBeU
a+Tctn2XQxEPvvPoYF+R99FUAHwOTFuL4SZGViEnPEh5tmrH/Cb0RibbYvqxrDAq/sgwLkCy6uLK
PgZ22Wd8iMZ+EmINRIsYvMe2wUgb3gl8be39tEr4jxxq3OVZmjyWu2whte0WOQ/fWrdl47dn4nLb
tPg64uHlY7HjA64gRa+AvYBUpd0NSj7OShHmwVs8/27yUgPbKppQknh/xn3wCz1YuC3yrLgM4Pcl
D4MA/GnLmWiPlIdHSKo8v7dbZH9JDt5AhCLanoVJS9US0PE93Z3YexsIDIrPr6+5yqN+51kSX23j
WNda0vjkfdrONxqZGhF9nm9D2qbPebY9SKKIxx6WZn4Qhr1ajpINEFvJzkfSPCwhz9fcBeOKko1I
GxK5castG627B/4GVfHJ4WPtAonNtrtUPHxDn4p8JVK6rnmqYN38vKtnKAw+FIFumI/FUI0RmCrJ
eBg3t1h2jW1U8wRMv/J9CInNfV9C2kWX1s18eLgJYs3Urcfit0Jo24qE6sdDtHd2MvhBcDweax7Q
1MAuOx393bUrv6jrU6G0bYfIsO2anI9zRCejx7GfNDmqgZ2quKugE57nq6urx+JGoSsPbJGC5u8H
MUTnba95fNlkqAbemwkcbV2eRpRO/QQ2sXz0er88q3youzgrUnGw4s2YUIHanIyHesfapuOjI+3T
DI2Qn4k0ym4WRpBOuHhwl2GS1O+9g/I9KbKz54MS3nD47+XaoDtFbP3rM9wKESXPEEYVGiUcSWxb
OhLWFY95m3TYXxiwg2fZYF/4iMj2sTTdEgFR1Pj5CEKQeEAK59wX8qy1IYYGsJtXdQLkiyBNsB8y
eAsx+9G4L7Hadk1J8/dnBhhEm62CiFMHB5nHg94XRTO0VKB2dqz9u85byhyhpOPhm/1chM2Df7r8
SHpT98QfnQ9c/hNoXyXrN80WgAJ8hP5zHubbs+BahJAOf3gs0t8c4+qfQHzI1+v2/lGQNvnTGwH9
jgbGF9CeyZU/OwerSRqVTNQcvk5ynrd7w907H0lB7+D4S+ysTcDDtXaR8o1o9YJLyL2t/J9evzk9
eDE7f5EkF4/Fg1r44bT/zGNwt/xGY7AN726eaZuT6/MC1ftJAb7TebyHJ4ndtlskdS4/gdXbejQ3
bnUbocbdHacvOPW/TFLuJRNTj2YVP5/Rm8GZ2epno8MQgTq7qOP1MpSskzjOo8XbGqPkCImofz2E
m7dHFw1G8KrbvL1bGV9SgCahfyhi3YQC9AiIzIN4eSGuP+FM9y1P15STNqgvQR/pP8fBZZJdktN7
3NhZIrbtkpT614N4wubKjwVPm4lNA9jdJ1a3LAtWPDhYBalbhCL/wiOg3mvhZXkSiwPEF+TNxk57
HWCyorH5+zPCWAfzqIGslI/qEXcEVHWO/wNtoQYBrYsHqxzMI4dapMtTCW7HNXM473ZLguLxUniJ
zbap5bmWFHR35QPPN0+KIPUDEXrNh+PUU2GjPBX46B7k4umoxW0plKwrjuxGam91/Wu64bF8zPvx
PCzgVNLIlHYfXMcpXoeEZAiUjZ5IRMhkoBhOmrbcAHafG+vkMy8P3z0Wj4DKtuuVPzsHBTyDk4Oz
56MGF/QgIE+BO1B050C+fCSa0hGqD4dgcBDRcnqkt/fkrLpiBwkU6kuGL/bZqR0/OUoD9rciZBbT
zcVkujBn7L+1GTM0Q8f7UZJ7e3ahaXwWyn+cf8l/BbML3zc8+mvRX0F/J/I+xwsIS/h3Qjd8OYi1
8bi4jKR6sE7SfE+3MJoB8GoFEhqEUGbuaXjN4zgpYhdNn15H4O4qEPL1wmwv8X1ChG8CDdR2A53L
mRG/VpOyvQlBliDIKPGEvO8nKaCtYAoXSNTDIrS8Xm/WexCT4JcX+H4AnjXf7hmEjZ46BzUNMpFj
CM72EEzvegzQIvdeFE4NyYTwGgPwzc69o5f7FwiSdjf4oxDptlxYwVIX+FEg/D1c8yyDfeDtfUf/
gYSKPBlkkEsrOjeBuBp4AR58umJviqBrJ7keoPmrISGPlwVfij0RL/G69czqcBvhM6tPGBoyc8l0
ipTqDLIgBoJjLTsEi2IXK5EJVkqC8VSwfCUYRMAMfvCcuajJnDmCBbEbFviKIKC/YbmI6zyJYKaP
CLo4M+6LPkuwT54hSuZAKX/JtkmRKlws8BkoNADfiSuALlOwCnDKgPhUXFXoRp7wOWgzY1dJ/G3O
sKDiKUNpRsAsPj++RQrxnULJ99VKxKxYLyERBgRDO0YTlsgWdszYk7crauDjC5P4Ag4DFOq1DJBB
yuMM3/rx5G0iFeoBDohBnhCvSV74gI8rGPbWQ5JghJilqZZaWzB6QwFvZKsi9xIwfvUm8ILZvdbG
de3C4JMJO8FLoW/ZwcoudCFmuCF1XSOw2bjwzXj5X0zOAlzI1n4YJlcMtyRwwpRbZpuAs7+jweIY
stwyOjXoe/KcrFhNYsAVw83FQN8gUkTnbJlSBI5XRl/dbqLCXhvYE2iFex5LRSaVh0rBV4JYJDiE
CvIMDFTmCKQaRCv+KHiIQl8GUK6wDQ8LwXbUouDzdhG7XBG2m0B3NACl4ds4C7hNa58WkQP6Apvc
z7axe8GzS3wt+RKscEgD3mSgWNwYJac4bJUm4LxA9zA868v3mJlyG7Cb+gzfxQBGME6RbCBAICwq
YrA/HCKRn5NxAE9go2lyHYB9ChADsER2H1fEoWwVQcc+WjqOQYvusyD/FsSXpzTNE+gpyeA6k9kO
8FDArjNILMTGQHG6IFRdS+dkHWkRx6hOD51bsiYl0EOY2ZAdio36zaJguQJXgI8s9JtbV1kOSiRN
i3UuoVJgKJgIaFN8kXJhS9MrKp7cThzfyQWyb6cAbQRtLgFBg3UNG4YGgwdy0IJhzMc9jfEg3cod
/WOYOGA8GPuZhMM+iAJ6fT4SS+5scxA4O5eS1ki2QYaoafoFKu0qIMGTQcGOvxpIRKWNZcSgHwCF
4M4EVtSIxocMr1xS2jgoq8A9zpYJ6AlPUMkocKElkTkg0hZMQy5gdfLf8i2R//McYDJ1H/0Ylr+M
fqjG1kSC8r0VSQpdxsB7YHAVXkUQrtqi6glt/7e0H5jbcqU6Xrg6eBn84TkBo9tchxhFEIvFK3mL
uTTRAmvNyQF78UoOcnSAlWwNK7cMN2a4XWmwBoO15pomYoGVfHKh7ImaFkiCChbLaVuWESaPhRIQ
SQpdv6JDd9mGSJuwlZw+i9VKHAfReB9GgdrAIGgOqDyWhBngXIMKRmv5xU3MG0ToEFfCzCF0yAG3
CE6x8xIncP8N5ZCet2A/HtNIfsxe0EjtlJ3iPVf7B41x9TN2SPjHpz+ygxevMPzBhOkxO31BA4xT
9vMx/eKnffYTAT0cXEvc047Zz+U6F68k/lP2A4Hm7O9v/sEuXhPUPX0xlKR+tY6v1nGXdTRD6U3H
ApyciTRIKCnGdCajz27gq9el26tSFh1cGKTlHkVoGjKAhELIZIVQQb0HuRqkOeCUMSbe5bOlr4aS
C5PQGIepxQizRAIJTJ0OlTES1niFmRjm2jRheHM0ulRVUIN/XgsXU/KMXC6SKx24nFvxAF5arLOa
VVNTvGa7t5OkODcV50ueOhBgBm4ShrIWpDh+u3QpYiE5ahZTsyADinhcUAHQpASKowKCzW6/zKy6
0aaMNzJJ9X3AJfmN6kg2ZK9k5iTf3oQMPilCr6IlgFTsKmY1/ZlEvCbygdGppileYbUjirk3Uk0y
HYmh4s1Pk6hMWeVsNWLQNMymhpEbpckbtsFuMamWdZyXRRuqLIWVAnJdZMheEa1lhSPLKKZuDPBG
qa9DHKQmEO1EZskBXEGyDFGd3yJgSH0hfYQVNmBkWVYIzADyFWhtWVZ8GPtxtZqqfqlImWmrwk76
dRp6p5ywzyA/yVPSfsDXCA2iIoJMFZLUlJX1OCqSya6EpKKWK+4XJUraMTdtDAretaKIFhxgJVpA
6jquNHaYqA/vdGwaKwz4v8IvB5dbSOJSA5ucUf49cPEjOhVvh0AKZfxQhKH0gDqZpkssa459ASbn
SA5r7mCakqfkp1wZB5frSgHiK5El3vtR3WeHdqz6mQuVC0KBs0pCWag5PHdXVNASyRl+fYOpbJJ8
m+w+qLsyh3REVbLJLPFJU0vlLXSr6TZH5H020BsKJOXRwoO8JAbc9mSqvHZdDVKTCAsxT3KO/QQq
l3EyABVZQ/YCKiqwpT0qkdjB2Zs+wxcJYWDsXQUemD2l3NJ7VvgHhH/BpmXxWte1GUmnMXbI9j1w
VCse+qMkFrLY9gTYsFoKFmXY7UQDa2zEOug1kLV6A9fo1bBQ4+GQIRFvzuKzsmStmzBYkSNRV3hC
AhOLdbweqOtOj+BE7bos+CAqfWJxW6oxw4CnKg8ofqV5NELr2DLkpN0hO1NzQp4uaQJX3SBlC7Si
n/IlsgA6AbFl65BKE2zxREA8bnaeop4OwgBbltSzwu9i4DfYTi7eEKUZsIRsO0XOsEdGqqyXkyX6
sPQ1UV4McNaCqEUr94RTLBdl2f+U4ZdkclX1rGCr0n2mWkSZbGqhJcdZIgOXsgYdkUnnJLEdrJIk
o8ZXWe2Lsp9DHszjOWcZ35SeEruQZaMW79WbGgmjprpMWFRP8PckiGVPidq037J3TnKNVp+y40O2
8+7N8eEu8AwmDzTA+Ctw92BJ9BAdGAZ2AVIPnGVd6oElJDSEhB2Dpb/74WWJX3UIGpBvaTFs1lLQ
hOwDW0UUhom3pOxQqhDSaKT6Pi0L9wJ/O7guAq/mlkOaAs5N8Lx0m8C+/KxIWUxTH0YRCmYjhGx0
xIkbBmtGc8FqTvgWLAb7MfjItGptYUQbyqTVmbnNXN+B5F+l76zhT8lhD0oMkrBGw6PsTzdbmRfU
i5SbQn4USmqMxqodUGSqJyo/bkV7U80ZyDkLtoZMahOEuIx09sqRqVUwWkHtUBXlMU4Lu0GzX45q
tbZvbR9LU9iPkgL3uS+jktr2KHBlCBiF0Y9R6w+MFX9TGIXJrymoNiYT47GQrSZHSGSO8HGX0tED
xcFVuStoI9CJRCs8S/ZxoYp98FaMd0ldy08bwWoCIt9tVGq3k8lT/AwY4+XmBGLLyfhvRY1JOx4b
cYNiDVYulCmALyv9KH3xgJajk5jmNj6kJR16koWcFUpVpKhvJr/7whSPTLUvy2BPc1oCAHwDZkAN
t0x5ltVCqluklZyGNwWl3NgVD6gvDS4VeJAaKr+wRSapLjDq0RjlPE1ynVQMDNbK4WHcQR8GgVGl
2XS4IpvCCxXwsYeNDUwmwTJeKq0BIXV3seEQ0OoH+BHMDqjadG3wegWZqZ80IhvstYE8NKxGrhLU
DJEyXEfRehgkRDE4vW2EJVKGD4dlwGFWk451n7rP6vvEAjk8vlymYqna06qXLXt2+OnCyy5/RB/s
41eHr/BzTwMVHmSURNdwJWQezulrk7hiRoTXDBBs2Dh+gqBcSV4aqFTODaGCQuV9ZUyQD+Cniyiq
NdNJgidN0UGGHqOdNHrFffCS6xXvM/xwAYXyvMrYwE37IoWsfIB+KMZQKe+WkU3GFd7qPavz50Yo
LiA7hahPvqx0GQohaV7eL9e4oWnJa1PVeRDVHlvFakSK43EnoINGzaLbxAWpqa4mlQcow3oBdae5
QinN+7MB5bylduWukPu/mWcA+lzJ88npq4vnCzwylEDyGFgQqRxbeQw85IEyxqMkM/ArRFCpACPy
PBA9UNlkkJ4O8ClHWcY3HgY8UxUMJJ08WoflFQgdnGwBiQq+QUkQp9jC7wYAGOJBWgHQP2AvecF+
pXQHgmsfxmAC3Gc1BIf8hqvLZxaqqNo80CR+MRlNA091IsozZWox3BbgKEuggJ5R0k0VLL4QB0yp
6NzkU65LNJQcC9xDY00Gu3rFBcPT6IXx/aw/sa71vnlt9o3v9e89TLLIIezgUycueuG9uSZ9trwa
T3Zl5iiP/5oNAOkKMBRhhCGGZT5DnXdQr7tl8rN5RVp677LqSatzQ3JNgAcim0unulkpsEF56AhG
I1PkJ0fkk2gpGt9CUlBioT5V3IAMKF9tJJIJfcKViWvwkJkqGN1LLDkyKo5AIk4Ayf5WJoY0Dvml
N45DGW8ekKVVDl7KgqiADKcqYnv9nsCnT7NAvT91QJ8BqL/85rjqC14VBI+U8atxLVgSvfeSPMZ3
YhtQ9XnpGlCkYfMaHU7z2g/CXLQQL6PWd+jwk8TN6wD27KYJwM/LNa8jRx6QN2GZ+updE7Z222y/
Fr5qa7RmUhTJ2iDIeqIm5PzsZYuCbfZHSF/PU79YdStPLkUMyUKL4y2nxyMM9Zj3h2Atnyec0JPG
H+SXx6rRcHkdtWWaIDWGppm6buAzWGeHr1qcesl7oqQLBFDQVgf4hDjLWgPPA9z1705aLHYogEus
z9tsAfAKXz1sARvfmMNXpXX8PCIQvGobVx2731Nq1vx+HxnBUn7XT2HBR2IJZflwKXktzym/IYd2
mG7XeaI+lYTjl94NlQUtLZNszCYIisOCIvBSPhJakfMLZnCvzqivVE/488//AQ0FEAA=
===END CRASH DUMP===
