PocketMine-MP Crash Dump Sun Jul 11 08:41:51 +07 2021

Error: Attempted to create tile pocketmine\tile\Sign in unloaded chunk 93 100
File: pmsrc/src/pocketmine/level/Level
Line: 2609
Type: InvalidStateException

Code:
[2600] 			throw new LevelException("Invalid Tile world");
[2601] 		}
[2602] 
[2603] 		$chunkX = $tile->getFloorX() >> 4;
[2604] 		$chunkZ = $tile->getFloorZ() >> 4;
[2605] 
[2606] 		if(isset($this->chunks[$hash = ((($chunkX) & 0xFFFFFFFF) << 32) | (( $chunkZ) & 0xFFFFFFFF)])){
[2607] 			$this->chunks[$hash]->addTile($tile);
[2608] 		}else{
[2609] 			throw new \InvalidStateException("Attempted to create tile " . get_class($tile) . " in unloaded chunk $chunkX $chunkZ");
[2610] 		}
[2611] 
[2612] 		$this->tiles[$tile->getId()] = $tile;
[2613] 		$this->clearChunkCache($chunkX, $chunkZ);
[2614] 	}
[2615] 
[2616] 	/**
[2617] 	 * @return void
[2618] 	 * @throws LevelException
[2619] 	 */

Backtrace:
#0 pmsrc/src/pocketmine/tile/Tile(169): pocketmine\level\Level->addTile(object pocketmine\tile\Sign)
#1 pmsrc/src/pocketmine/tile/Spawnable(62): pocketmine\tile\Tile->__construct(object pocketmine\level\Level, object pocketmine\nbt\tag\CompoundTag)
#2 pmsrc/src/pocketmine/tile/Tile(116): pocketmine\tile\Spawnable->__construct(object pocketmine\level\Level, object pocketmine\nbt\tag\CompoundTag)
#3 pmsrc/src/pocketmine/level/format/Chunk(723): pocketmine\tile\Tile::createTile(string[4] Sign, object pocketmine\level\Level, object pocketmine\nbt\tag\CompoundTag)
#4 pmsrc/src/pocketmine/level/Level(2683): pocketmine\level\format\Chunk->initChunk(object pocketmine\level\Level)
#5 pmsrc/src/pocketmine/level/Level(2295): pocketmine\level\Level->loadChunk(integer 92, integer 102, boolean )
#6 pmsrc/src/pocketmine/level/Level(2013): pocketmine\level\Level->getChunk(integer 92, integer 102)
#7 pmsrc/src/pocketmine/Player(1570): pocketmine\level\Level->getNearbyEntities(object pocketmine\math\AxisAlignedBB, object JackMD\NameSpaceRemover\CustomPlayer)
#8 pmsrc/src/pocketmine/Player(1795): pocketmine\Player->checkNearEntities()
#9 pmsrc/src/pocketmine/level/Level(854): pocketmine\Player->onUpdate(integer 4068)
#10 pmsrc/src/pocketmine/level/Level(787): pocketmine\level\Level->actuallyDoTick(integer 4068)
#11 pmsrc/src/pocketmine/Server(2265): pocketmine\level\Level->doTick(integer 4068)
#12 pmsrc/src/pocketmine/Server(2396): pocketmine\Server->checkTickUpdates(integer 4068, double 1625967711.5375)
#13 pmsrc/src/pocketmine/Server(2152): pocketmine\Server->tick()
#14 pmsrc/src/pocketmine/Server(1992): pocketmine\Server->tickProcessor()
#15 pmsrc/src/pocketmine/Server(1586): pocketmine\Server->start()
#16 pmsrc/src/pocketmine/PocketMine(291): pocketmine\Server->__construct(object BaseClassLoader, object pocketmine\utils\MainLogger, string[38] C:\Users\Administrator\Desktop\Prison\, string[46] C:\Users\Administrator\Desktop\Prison\plugins\)
#17 pmsrc/src/pocketmine/PocketMine(321): pocketmine\server()
#18 pmsrc(11): require(string[93] phar://C:/Users/Administrator/Desktop/Prison/PocketMine-MP.phar/src/pocketmine/P)

PocketMine-MP version: 3.21.1 [Protocol 440]
Git commit: a50ef2af6f6a695e3002f4397ff089635c181dbb
uname -a: Windows NT WIN45359 6.3 build 9600 (Windows Server 2012 R2 Standard Edition) AMD64
PHP Version: 7.4.20
Zend version: 3.4.0
OS : WINNT, win
Composer libraries: 
- adhocore/json-comment 1.1.2@fc2f76979f0a44a5f5bc2a2b600d0762fe0e78e7
- daverandom/callback-validator unknown@unknown
- pocketmine/binaryutils 0.1.13@0abee38d4e2861621f262c79a2a3d699d8a697f4
- pocketmine/callback-validator 1.0.3@64787469766bcaa7e5885242e85c23c25e8c55a2
- pocketmine/classloader 0.1.2@9757928424652393b178a3760073113aa7c9911b
- pocketmine/log 0.2.1@830b44a2cf96ef703c550abe64302f230231ca49
- pocketmine/log-pthreads 0.1.3@e477ecf6ec214fdd4415ea1da3fdd9d73bf699ea
- pocketmine/math 0.2.6@43057cb8c179a9859677b496a788db922fd5cfc3
- pocketmine/nbt 0.2.18@9f82ca4d7f97fcd9a566e44b63c4f18a7657ae82
- pocketmine/pocketmine-mp 3.21.1@a50ef2af6f6a695e3002f4397ff089635c181dbb
- pocketmine/raklib 0.12.11@9cce458b8bfde3e4dfdbf70c659fc7b7fe26b5c4
- pocketmine/snooze 0.1.5@70b5e7937a06878dd321a3182ceb76d56298f2cd
- pocketmine/spl 0.4.2@6b08b7cf8c4afa17139c9a1b3bf1b408531de161

Loaded plugins:
AntiToolBox 0.2 by NgLamVN for API(s) 3.19.0
AutoClearLagg 3.1.0 by Twisted, NhanAZ for API(s) 3.0.0
AutoFMReset 0.3.4 by Nameless, NhanAZ for API(s) 3.0.0
AutoInv 0.0.10 by Twisted, NhanAZ for API(s) 3.0.0
AutoMineReset 0.3.4 by Nameless, NhanAZ for API(s) 3.0.0
BuilderTools 1.2.0-beta4 by CzechPMDevs, VixikHD for API(s) 3.16.0
BuyFix 1 by Twisted, NhanAZ for API(s) 3.0.0, 3.7.1, 3.8.1, 3.9.3, 4.0.0
CustomAlerts 2.1 by Twisted, NhanAZ for API(s) 3.0.0
DEVirion 1.2.5-ALPHA12 by poggit, SOFe for API(s) 3.0.0
DevTools 1.14.2 by PocketMine Team for API(s) 3.13.0
EconomyAPI 5.7.2 by onebone for API(s) 3.0.0
EnchantStore 1 by phuongaz, NhanAZ for API(s) 3.0.0
ExtendedBlocks 1.1.4 by Javier Leon9966 for API(s) 3.14.0
FormAPI 1.3.0 by jojoe77777 for API(s) 3.2.0
GCPClan 1.1 by InstantlyTa, NhanAZ for API(s) 3.0.0, 4.0.0
InvCrashFix 0.0.1 by  for API(s) 3.14.0
KeepInventory 1.2 by KhoaGamingPro for API(s) 3.0.0
MineReset 3.2.0 by Falk for API(s) 3.0.0
MultiWorld 1.5.3 by CzechPMDevs, VixikCZ, fuyutsuki, kaliiks for API(s) 3.20.0
MyPlot 1.10.1 by Wiez, Exxarion, jasonwynn10 for API(s) 3.4.0
NameSpaceRemover 1.0.0 by JackMD for API(s) 3.0.0
Netherite 1.2.1 by Wertzui123 for API(s) 3.0.0
Offhand 2.0.4 by alvin0319 for API(s) 3.0.0
PM-Beacons 2.0.1 by jasonwynn10 for API(s) 3.0.0
PlayerInfo 2.1.4 by Matthww for API(s) 3.0.0
PrisonRank 1.2 by Fycarman, Khang, NhanAZ for API(s) 3.0.0
PureChat 1.4.11 by 64FF00 for API(s) 3.0.0
PurePerms 1.4.3 by 64FF00 & ProjectInfinity for API(s) 3.0.0
SafeServer 1.5.0 by HiroTeam-Willy for API(s) 3.0.0
ScoreHud 3.0.0 by Twisted, NhanAZ for API(s) 3.0.0
Sell 1.0.0 by AndreasHGK, NhanAZ for API(s) 3.0.0
ShopUI 1.0.0 by SaltyPixelDevz for API(s) 3.0.0
Slapper 1.6.1 by jojoe77777 for API(s) 3.20.0
SlapperRotation 1.2.1 by jojoe77777 for API(s) 3.0.0
Travels 2.1 by KRUNCH7SHooT for API(s) 3.0.0
VanillaBlocks 1.0.6 by xSuper for API(s) 3.0.0
VanillaInventory 1.1.2 by  for API(s) 3.19.0
VanishV2 1.20 by superbobby for API(s) 3.0.0
WFT 1.3.2 by  for API(s) 3.0.0
WarpsPro 1.3.0 by nikoskon, NhanAZ for API(s) 3.0.0
WorldGuard 1.1.94 by MihaiChirculete for API(s) 3.0.0
WorldLoader 1.0.0 by JackMD for API(s) 3.0.0
WorldProtect 2.3.8 by aliuly for API(s) 3.0.0
Worlds 3.0.9 by survanetwork for API(s) 3.0.0
iProtector 3.1.1 by LDX for API(s) 3.0.0

----------------------REPORT THE DATA BELOW THIS LINE-----------------------

===BEGIN CRASH DUMP===
eNrtPIly3MaxvzJv5YpJvz1w7O3QJYoULcYixYiUpdhQqQbAYBcijjWOJVeJ//119wxOLg9JfMl7
VXJS1KIx09PX9DUA/tnx4iTk2Ye1SFI/jjrzYbeT+aHozPWxMZqNJxNd74+mujEyup18JW8Z2rg/
HE61qaaNjel4DLcCnmbPkyROOvN/drLNCkZ1jqM1D3z3POOZeH7tCJgNK3Q7oUhTvsAR+1kmwlUm
XJbFzEkEDGSZHwi2ip1LkYV+JCwLAZZ17i8i5kcsj4KYuzDDWebRJZuZTNc0QOrlQXAEIwHrasmT
+WBwMB+8SYGtwb4LiPw0S3gWJ4NDkV5m8WpwlvhpHA3OaKUTWKl3ctbHqYM0cQYVAYNArEUweIl/
4f4K11LrhDjy9tEwMgAQyGuszUCsCXfg4vfOE41tnYqMDi7gz44+nu3OG0IgtJZFeHs/cdelcbH9
UTjZLdLahfWf6Hcsdb7iVxG3Ac/YaC0nseAavZ8+fHDiCKSXO9m2BeuUddmWAZGdAUK+sKyDOFzF
eeRe8AURZ9wrB328lbCS8v9N6kx2h4LlthkcoBHuTAzzVvnN59KuiR+g048Wvw/fM1TQVnq+guAh
u88id4zx1NxuWZIhQIoc9X6CDZNJ5u6hkVYePWBlYza606ZxW8sV/SgTC5GwmdFlxW9dgws7jgPB
I0Zrjh+wpqabd665ENmdS9JCk+0LnQV8I5IdfTTR7lvjVPDE3jyPMj/zRbpNoiD6pWXtX/vpfgCW
Idxnz0rl/407lyeHlnXKQwGG74jXIozBX4Ou8jSLQ0kIkTq9m9TJDRXIO72fnKVwLpHMkkjCN7tf
xtPR8BaccfRm5YLll8IdauOpdEra/Xgn08ndLtDJch4Em8P4wncut6xxi+c7FwnIDsxxfLc5urfh
Ne7Ga87aLkveUTJGpFIsaQN3l7lxDg6N1cOuORnJNc2719RHxi1rZsiDxDG8E4c+m92F4yyJHYja
caKQje5GNpreJoQ040mmkNyyg6uIvGPM9FvwbHH7z3gqDiAPSV9igpBsdZ45OObUsk64H72MFwsc
pXyyOX3PDuaWRSkDbMV6zmBZKmkA46aswbLKecPxZ81bBfnCj2CgFMHkXhGYRlsEqRSyRKB2PERK
GJWIP3I/KcPMzHzPHjkXOtvtvP+z2xH/0UzvC7IvoFlK/oMfreNgLUIRZYAkimFEt+PErkB2YKgG
UCvD/2XLJL5ikbhihK/ka8cq+GUY1NlVnASu1dn9ERABAl0h+FNeGnApf5nqxnfEzzu2x77LKMGC
CHEUxHHybmeX/fQTGypEw8b4326O/605flSuNFYzfW/HT1OR7XyXLf0UPRAgSn//bsnTJaDb2dlR
tOyyvzDt+kj9t8v++ldmGrvsXzCEqeVbQ97v7v5TLjYpBbZllfdVrkrEF0KaFkISQSoUotkWyVvW
VtMCFdxqUFaH9RmI6IODvkAtCyCA3zSqQheKyVKLutbQoq4XstWNQiuSWcQOvJaKOXZ3dt8XqlK4
zOYUB3KYhNKOAw4xodBBt5S0mib1rwgolatL5Q5++EFeSvGzH9jTRGR5ErF17Lvy1rS8RQJNW3Ys
B83UoEHnz28lyrcS5VuJ8q1E+VaifCtRvpUo30qU/78lSrezEJFIeIBJfcSxZ91pzATCbNBF1fbu
mH1D7+sIz/3A7cz16dDodvz0gyvWnbnHIU+FGiKJs9iJAe1wqMEiPtYQfKQJz+De2Bvz8WwkTE0z
vKE5m3ieNp2NzZGjT3XXtgF3rmh560cuJmSnF+zt8elwZI5mbNw3Ga3NZlCFsJ1ijDQnBoHCYK8N
Bolw5PLEZc9dH7O4XbZ/cjgeAnLsTc87k/6wb2CZ9ElELvE17Gvy7oc4xbWPT08vAEAXV35E5Q9E
aZD9h8C3E56Ab0W5cXcJvCZi8BEE34MxqmYCMfWNp55jeJPxbDLzND4c8pE3sh2DGzbQ7mqTseEJ
TUymYgLoXQ4MANVxOHDAH9oQLHqU1KOCASFEtyi+ip6qf5HYSp22H/FkQ5sChmqwtm4+1bgthDl1
h8KYQkZs6J4xNpzJjBvcdMezmTsFTUy8YRPV1sX1vtY3n46H4MyHMGc8th3OJ2I0nY6MoSGmI8cw
HWMkps5oxI0WQtzKVE8kijbj6WwymswMMJ7heASe1rT1yZSbExDLxNR1E3A7s5mu201MQbwgDEZf
fzo1NRskajjebCy8iWbCysjweGiCYRnwx9QdPpzdwNBbQZ4vuFsIynwqhpOJcLyxcAx96LnucKiP
BNddbsLFzJ2YtgfSEryJCiO9omb8FBYdTRx76kBo5rMpOX57OBvzyXTq2jPD8NyR4zlmEwVkgAU/
06czb2oAwe7EA5047oyPxmMxHNpj0xl6+pRPxqMJF9OWcKufvXBVbtCnn7HbasgSfgm2LeUCNOlP
Z44jhqOpPbU9V5hi6HquDbJ2xqOZ50zsiSeMsT1yWhaURnH8SSjxjp5ONHskJjNzwiE8TqauC56Q
mzpwK+zJ2B2NjdnUMxy3hWQVEAbYp0/Htja1J443dYbc4/pEN2fOjOs2KEa3h9p0ZOqu0Md658+y
g0F7cx9yoAtINZ/F1zUXV4d2O5VvAz3ANc+zZZykWN6dLl7y8NdTdJR85SPE7Osz8BMAEFS1gOuA
yAUuzxUrcCQ4C+6lsZcd1gEhRKnmwjJyYfMF9gW63VfnF29fvX55CKArYad+hpSC51zmdh+cyqCg
BRjcz7P4AKvjl3yxqPPVgNc5A7LJu9V4u7iC2CFQ5qdLHu3/1mBS+3IeM4nXsmCtmGr4AKiBcNoi
7k6+l1m2SiHY1fhX9O6nmyAPTw4GTXxKKkcnr0UqspZMCmhT1+DxW9qGGQGkRo8ukv3IBX+Tvvj5
FykGDK5E0cOMoGDuOFq3GENIkynYcP8mPX+ECAHbPHGXuZ9KbfvRWjIo6XoQU6UsWqxV8P/HWnuG
eYpIcMunNf4a4Dp7EBj7Ws8WGW8xefBJOMuzk0Oxxgm/+tf+5YvDplsafzmnDmJfhZDBgSJtSVyG
xFlWi9TP3bQ1ugcNVCSczZF/3RALARoC+Uxb7sK/E0pPzf5U/TvrY9Adfo0pSMoerndZze8HIMa6
3hvgOptGX//3bNo6BUXToaRHsXV+sf/64s3ZVtVeXV31xRoUCPj72SXyevj8Vz8hNko+S1Dbtke9
/ZdnL/b1VphdQf3m40Y/f3UkHotVidSy1kSKZYF1q1818u5gmXgT6/beLUFN3vRhO3eo6ih2IXjY
3Kzml/NVEIAV6bq1L+9SXW1XVqQNShzA7XOow+Nws392XOO3BqxzPIJt1mI4joSNx0SPpD+FzrKE
pABwWlaDmnu34fPIgd2TnUMFI+os1cF3eJvVMo+jBf/0ZbuwcxQnoSS0RvVdBquWAy4lgYigvHgQ
v9cZYBXuswAUXDfa1o2W6bYj6t/42odK+qWIo9lsPG5a7vDLNSrxFmiBswZVD/euhWAr/ipR1xkz
2ynvx/hjLCb4X4Mn4yuSoBKjZSkiyh8PYeXng7ODgNd9ZwFp6ajJyHGUZmATweaC3xULvyrm+cUa
Gbcsz+FQxIPvPDrYV+TdmwqAz4FpK9FfR8gq5IQHCU+XzZhfh97IZBtMP5YVhvkfKcYFSFYdXNnD
wC77jA/R2C9CrIBoEYH32NQYacJbga+pvV+WMf+ZQ427OEvix3KXDaSW1SDn4VtrWza+PROX26bB
1xEPLh+LHQ9w+Ql6BewFJCrtrlFyPyt5kPlv8ZmDOi8VsKmiESWJd2fcB7/R87ObPEvzSx9+X/LA
98GfNpyJ9kh5eIikymcmrAbZX5OD1xChiDZnQdxQtQS0fE97J3be+gKD4vPra67yqI88jaOrTRTp
WkMan71Pm/lGLVMjos+zTUDb9DlPNwdxGPLIxdLM84OgU8lRsgFiK9i5J81rH8fVJHLjVlM2WnsP
yBO+x9oFt58XPnRDn4psKRK6rngqYe38vK1nKAw+5b5umI/FUIURmCrIeBg3Wyy7wjaoeAKmX3ke
hMT6vi8gzaJLa2c+PFj7kWbqs8fit0RoWYqE8sdDtHd20nsmOB6P1Q9oKmCbnZb+btuVX9X1KVFa
lk1kWFZFzv0c0YnyceTFdY4qYKsqbivohGfZ8urqsbhR6IqDbqSg/vtBDNF522seXdYZqoB3ZgJH
G4cnIaVTv4BNLB693i/OKh/qLs7yRBwseT0mlKAmJ8O+3rK28fDoSPs8QyPkZyIJ05uFEaQTDh7c
pZgkdTvvoHyP8/Tsea+A1xz+B7k26E4RW/36ArdCRMkzhEGJRglHEtuUjoS1xWNukw77CwN28Cwb
7AsfzNk8lqYbIiCKaj8fQQgSD0jhnHtCnrXWxFADtvOqVoB84Scx9kN6byFmPxr3BVbLqiip//7C
AINo06UfcurgIPN40Psir4eWEtTMjrV/13lLkSMUdDx8s5+LoH7wT5f3pDdVT/zR+cDlP4P2Zbx6
U28BKMA99J/zINuc+dcigHT402OR/uYYV/8M4gO+WjX3j4I0yR/fCOi3NDC+gvZUrvzFOVhF0qBg
ouLwdZzxrNkbbt+5JwW9heOvsbMmAQ/X2kXC16LRCy4gd7byf3n95vTgxeT8RRxfPBYPauGH0/4r
j8Dd8huNwSa8vXnGTU6uz3NU72cF+Fbn8Q6eJHbLapDUuvwMVrf1aG7cajdCjds7Tl9x6n8ZJ9yN
R6YeTkp+vqA3gzPT5a9GiyECtXZRy+ulKFk7tu1Hi7cVRskRElH9egg3b48uaozgVbt5e7syvqYA
jQPvUES6CQXoERCZ+dHiQlx/xpnuW56sKCetUV+A7uk/R/5lnF6S03vc2FkgtqyClOrXg3jC5srP
OU/qiU0N2N4ns3ZZ5i+5f7D0EycPRPaVR0Cd18JNszgSB4jPz+qNneY6wGRJY/33F4SxFuZBDVkh
H9Ujbgmo7Bz/B9pCNQIaFw9WOZhHBrVIm6cC3IxrZn/a7pb4+eOl8BKbZVHLcyUpaO/KB55vnuR+
4vkicOsPx6mnwgZZIvDRPcjFk0GD20IoaVsc6Y3Uftb2r8maRyID0i8fz8MCTiWNVGn3wXWc4rVP
SPpA2eCJRIRM+orhuG7LNWD7ubFWPvPy8N1j8QioLKta+YtzUMDTOzk4ez6ocUEPAvIEuANFtw7k
i0eiKR2h+rAPBgcRLaNHejtPzsordhBDob5g+DKllVjRk6PEZ3/LAzZjujkfjefmhP23NmGGZuh4
P4wzd8/KNY1PAvmP/S/5r2BW7nmGS39n9FfQ35G8z/ECwhL+HdENTw5iTTwOLiOp7q3iJNvTZxjN
AHi1BAn1Aigz9zS85lEU55GDpk+vcXBn6Qv5Sme6F3seIcLXr3pqu4HO5cyQX6tJ6d6IIAsQZBi7
Qt734gTQljCFCyTqYhFaXK/Wqz2ISfDL9T3PB8+abfYMwkZPnYOaeqnIMASnewim1zZ6aJF7L3K7
gqRCuLUB+DLt3tHL/QsESbvr/ZGLZFMsrGCJA/woEP7ur3iawj5w936g/0BCeRb3UsilFZ1rX1z1
XB8PPh2xN0bQtR1f99D81ZCAR4ucL8SeiBZ43Xhmtb8J8ZnVJwwNmTlkOnlCdQZZEAPBsYYdgkWx
i6VIBSskwXgiWLYUDCJgCj94xhzUZMZswfzICXJ8LRPQ37BcxHUehzDTQwRtnCn3RJfF2CdPESWz
oZS/ZJs4TxQu5nsMFOqD78QVQJcJWAU4ZUB8Kq5KdANXeBy0mbKrOPo+Y1hQ8YShNENgFp8f3yCF
+B6n5PtqKSKWrxaQCAOCvhWhCUtkcyti7MnbJTXw8SXVFPwEAxTqtQyQQcIjKFPVO6yKVKgHOCAG
eUK8JnnhAz6OYNhbD0iCIWKWplpobc7oDQW8kS7zzI3B+NXL13NmdRob17Fyg49G7AQvhb5hB0sr
14WY4IbUdY3AZu3CM6PFfzE5C3AhW/tBEF8x3JLACVNuma19zv6OBotjyHKL6FSj78lzsmI1iQFX
DDcXA32DSBGdvWFKETheGX15u44Ke21gT6AV7rosEalUHioFXwlioeAQKsgzMFCZLZBqEK34I+cB
Cn3hQ7nC1jzIBdtRi4LP20XsckXYbgLdUQ+Uhm/jzOE2rX2ahzboC2xyP91EzgVPL/FV8Euwwj4N
eJOCYnFjFJzisGUSg/MC3cPwtCvfHWfKbcBu6jJ8FwMYwThFsoEAgbAwj8D+cIhEfk7GATyBjSbx
tQ/2KUAMwBLZfVQSh7JVBB17aOk4Bi26y/zsexBfltA0V6CnJINrTWY7wEMOu84gsRAbPcXpnFC1
LZ2TdSR5FKE6XXRu8YqUQA9hpn12KNbqNwv9xRJcAT6y0K1vXWU5KJEkyVeZhEqBoWBCoE3xRcqF
LU2vqLhyO3F8DxrI3k4B2gjaXAyCBuvq1wwNBvfkoDnDmI97GuNBspE7+ucgtsF4MPYzCYd9EPoZ
OoZQLLi9yUDg7FxKWiPZ+imipukXqLQrnwRPBgU7/qonERU2lhKDng8UgjsTWFEjGg8yvGJJaeOg
rBz3OFvEoCc8QSWjwIUWRGaPSJszDbmA1cl/y7dE/s9zgMnUXfRjWP46+qEaWxEJyveWJCl0KQPv
gcFVuCVBuGqDqie0/d/SfmBOw5XqeOHo4GXwh2v7jG5zHWIUQWYsWspbzKGJM7DWjBywGy3lIFsH
WMFWv3TLcGOC25UGazBYq69pIhZYySMXyp6oab4kKGeRnLZhKWFyWSABoaTQ8Uo6dIetibQRW8rp
k0itxHEQjfdgFKgNDILmgMojSZgBztUvYbSWl9/EvEaENnElzAxChxywRXCKnZc4gXtvKId03Tn7
+ZhG8mP2gkZqp+wU7znaP2iMo5+xQ8I/PP2ZHbx4heEPJoyP2ekLGmCcsl+P6Rc/7bJfCOji4Eri
rnbMfi3WuXgl8Z+yZwSasr+/+Qe7eE1Q5/RFX5L6zTq+Wcdt1lEPpTcdC3ByJhI/pqQY05mUPnWC
r2gXbq9MWXRwYZCWuxShaUgPEgohkxVCBfUe5GqQ5oBTxph4m8+WvhpKLkxCIxymFiPMEgkkMFU6
VMRIWOMVZmKYa9OE/s3R6FJVQQ3+eSUcTMlTcrlIrnTgcm7JA3hpsUorVk1N8ZrubidJcW4qzhc8
sSHA9Jw4CGQtSHF8u3QpYiE5ahZTsyADCnlEb/M3KIHiKIdgs9stMqt2tCnijUxSPQ9wSX7DKpL1
2SuZOcm3NyGDj/PALWnxIRW7ilhFfyoRr4h8YHSsaYpXWO2IYu6NVJNMR2IoefOSOCxSVjlbjejV
DbOuYeRGafKGbbAtJtWwjvOiaEOVJbCST66LDNnNw5WscGQZxdSNHt4o9HWIg9QEop3ILDiAK0iW
IarzLQKG1BfSR1hhDUaWprnADCBbgtYWRcWHsR9Xq6jqFoqUmbYq7KRfp6G3ygn7DPIzSAXtB3yF
UD/MQ8hUIUlNWFGPoyKZ7EpIKiq54n5RoqQdc9PGoOBdKYpowR5WojmkrsNSY4ex+thRy6axwoD/
K/xycLGFJC41sM4Z5d89Bz9cVPJ2CKRQxg9FGEoPqJNpusSy4tgXYHKO5LDiDqYpeUp+ipVxcLGu
FCC+ElngvRvVXXZoRaqfOVe5IBQ4yziQhZrNM2dJBS2RnOKHVpjKJsm3ye6DuitzSFuUJZvMEp/U
tVTcQreabDJE3mU9vaZAUh4t3MsKYsBtj8bKa1fVIDWJsBBzJefYT6ByGScDUJHVZy+gogJb2qMS
iR2cvekyfJEQBkbule+C2VPKLb1nib9H+OdsXBSvVV2bknRqY/ts3wVHteSBN4gjIYttV4ANq6Vg
UYbdTjSw2kasgl4NWaM3cI1eDQs1HvQZEvHmLDorStaqCYMVORJ1hSckMDFfRaueum71CE7Urkv9
T6LUJxa3hRpTDHiq8oDiV5pHLbQOZ4actNtnZ2pOwJMFTeCqG6RsgVb0Er5AFkAnILZ0FVBpgi2e
EIjHzc4T1NNB4GPLknpW+F0MkWbs5OINUZoCS8i2nWcMe2Skymo5WaL3C18TZnkPZ82JWrRyV9j5
Yl6U/T8xHct9VfUsYavSfaZaRKlsaqElR2ksA5eyBh2RSecksR0s4zilxldR7Yuin0MezOUZZylf
F54Su5BFoxbvVZsaCaOmukxYVE/wY+xHsqdEbdrv2Ts7vkarT9jxIdt59+b4cBd4BpMHGmD8Fbh7
sCR6iA4MA7sAiQvOsir1wBJiGkLCjsDS3z17WeBXHYIa5HtaDJu1FDQh+8BWEYVh4i0uOpQqhNQa
qZ5Hy8I939v0rnPfrbjlkKaAcxM8K9wmsC8/K1IU09SHUYSC2QghGx1R7AT+itFcsJoTvgGLwX4M
PjKtWlsY0foyabUnTj3XtyH5V+k7q/lTcti9AoMkrNbwKPrT9VbmBfUi5aaQn+KSGqOxagfkqeqJ
yi+K0d5Uc3pyzpytIJNa+wEuI529cmRqFYxWUDuURXmE04J20OwWoxqt7a3tY2kK+2Gc4z73ZFRS
2x4FrgwBozD6MWr9gbHibwqjMPk1BdXaZGI8ErLVZAuJzBYe7lI6eqA4uCx2BW0EOpFohGfJPi5U
sg/eivE2qSv5aSNYTUDk20altp1MnuDH1xgvNicQW0zGf0tqTNrx2Ijr5fLLT9IUwJcVfpS+eEDL
0UlMfRsf0pI2PclCzgqlKhLUN5PffWGKR6bal0WwpzkNAQC+HjOghlskPE0rIVUt0lJO/ZuCUm7s
ivvUlwaXCjxIDa3iVR4UJqkuMOrRGOU8TXKdVAz0VsrhYdxBHwaBUaXZdLgim8JzFfCxh40NTCbB
Ml4qrQEhVXex5hDQ6nv44dEWqNx0TfBqCZmpF9ciG+y1njw0LEcuY9QMkdJfheGq78dEMTi9TYgl
UooPh6XAYVqRjnWfus+q+8QCOTy+WCRiodrTqpcte3b4ucjLNn9EH+zjV4ev8HNPPRUeZJRE13Al
ZB7O6QufuGJKhFcMEKxfO36CoFxKXhqoVM4NoYJC5X1lTJAP4KeLKKrV00mCx3XRQYYeoZ3UesVd
8JKrJe8y/HABhfKszNjATXsigay8h34owlAp7xaRTcYV3ug9q/PnWijOITuFqE++rHAZCiFpXt4v
1rihaclrXdWZH1YeW8VqRIrjcSegg0bNotvEBampriYVByj9agF1p75CIc27swHlvKV25a6Q+7+e
ZwD6TMnzyemri+dzPDKUQPIYWBCpHFt5DDzkgTLGpSTT90pEUKkAI/I8ED1Q0WSQng7wKUdZxDce
+DxVFQwknTxcBcUVCB2cbA6JCr5BSRA738DvGgAY4n5SAtA/YC95zn6ndAeCaxfGYALcZRUEh7zH
1eUzC2VUrR9oEr+YjCa+qzoRxZkytRi2BTjKEiigp5R0UwWLL8QBUyo61/mU6xINBccC99BQk8Gu
WnHO8DR6bvw46Y5m13rXvDa7xo/6jy4mWeQQdvCpEwe98N5Ukz5bXg1HuzJzlMd/9QaAdAUYijDC
EMMyn6HOO6jX2TD52bw8Kbx3UfUk5bkhuSbAA5HNoVPdtBBYrzh0BKORKfKTI/JJtBSNbyDJKbFQ
n4euQXqUr9YSyZg+m8vENXjIVBWMziWWHCkVRyAR24dkfyMTQxqH/NIbx4GMNw/I0koHL2VBVECG
UxaxnW5H4NOnqa/enzqgzwBUX36zHfUFrxKCR8r41bgGLA4/uHEW4TuxNaj6oncFyJOgfo0Op37t
+UEmGogXYeM7dPgZ6Pq1D3t2XQfg5+Xq16EtD8jrsFR99a4OWzlNtl8LT7U1GjMpiqRNEGQ9YR1y
fvayQcEm/SOgr+epX6y8lcWXIoJkocHxhtPjEYZ6zPuTv5LPE47oSeNP8stj5Wi4vA6bMo2RGkPT
TF038Bmss8NXDU7d+ANR0gYCyG+qA3xClKaNgec+7vp3Jw0WWxTAJdbnTbYAeIWvHjaAtW/M4avS
On4eEQheNo2rit0fKDWrf7+PjGAhv+unsOAjsYSyeLiUvJZrF9+QQztMNqssVp9KwvEL94bK/IaW
STZmHQTFYU4ReCEfCS3J+Q0zuFdn1FeqJvz55/8AlaURfA==
===END CRASH DUMP===
