PocketMine-MP Crash Dump Sun Jul 11 09:43:59 +07 2021

Error: Attempted to create tile pocketmine\tile\Chest in unloaded chunk 91 107
File: pmsrc/src/pocketmine/level/Level
Line: 2609
Type: InvalidStateException

Code:
[2600] 			throw new LevelException("Invalid Tile world");
[2601] 		}
[2602] 
[2603] 		$chunkX = $tile->getFloorX() >> 4;
[2604] 		$chunkZ = $tile->getFloorZ() >> 4;
[2605] 
[2606] 		if(isset($this->chunks[$hash = ((($chunkX) & 0xFFFFFFFF) << 32) | (( $chunkZ) & 0xFFFFFFFF)])){
[2607] 			$this->chunks[$hash]->addTile($tile);
[2608] 		}else{
[2609] 			throw new \InvalidStateException("Attempted to create tile " . get_class($tile) . " in unloaded chunk $chunkX $chunkZ");
[2610] 		}
[2611] 
[2612] 		$this->tiles[$tile->getId()] = $tile;
[2613] 		$this->clearChunkCache($chunkX, $chunkZ);
[2614] 	}
[2615] 
[2616] 	/**
[2617] 	 * @return void
[2618] 	 * @throws LevelException
[2619] 	 */

Backtrace:
#0 pmsrc/src/pocketmine/tile/Tile(169): pocketmine\level\Level->addTile(object pocketmine\tile\Chest)
#1 pmsrc/src/pocketmine/tile/Spawnable(62): pocketmine\tile\Tile->__construct(object pocketmine\level\Level, object pocketmine\nbt\tag\CompoundTag)
#2 pmsrc/src/pocketmine/tile/Tile(116): pocketmine\tile\Spawnable->__construct(object pocketmine\level\Level, object pocketmine\nbt\tag\CompoundTag)
#3 pmsrc/src/pocketmine/level/format/Chunk(723): pocketmine\tile\Tile::createTile(string[5] Chest, object pocketmine\level\Level, object pocketmine\nbt\tag\CompoundTag)
#4 pmsrc/src/pocketmine/level/Level(2683): pocketmine\level\format\Chunk->initChunk(object pocketmine\level\Level)
#5 pmsrc/src/pocketmine/level/Level(2295): pocketmine\level\Level->loadChunk(integer 90, integer 103, boolean 1)
#6 pmsrc/src/pocketmine/level/Level(2957): pocketmine\level\Level->getChunk(integer 90, integer 103, boolean 1)
#7 pmsrc/src/pocketmine/Player(1066): pocketmine\level\Level->populateChunk(integer 90, integer 103)
#8 pmsrc/src/pocketmine/Player(1862): pocketmine\Player->sendNextChunk()
#9 pmsrc/src/pocketmine/Server(2399): pocketmine\Player->checkNetwork()
#10 pmsrc/src/pocketmine/Server(2152): pocketmine\Server->tick()
#11 pmsrc/src/pocketmine/Server(1992): pocketmine\Server->tickProcessor()
#12 pmsrc/src/pocketmine/Server(1586): pocketmine\Server->start()
#13 pmsrc/src/pocketmine/PocketMine(291): pocketmine\Server->__construct(object BaseClassLoader, object pocketmine\utils\MainLogger, string[38] C:\Users\Administrator\Desktop\Prison\, string[46] C:\Users\Administrator\Desktop\Prison\plugins\)
#14 pmsrc/src/pocketmine/PocketMine(321): pocketmine\server()
#15 pmsrc(11): require(string[93] phar://C:/Users/Administrator/Desktop/Prison/PocketMine-MP.phar/src/pocketmine/P)

PocketMine-MP version: 3.21.1 [Protocol 440]
Git commit: a50ef2af6f6a695e3002f4397ff089635c181dbb
uname -a: Windows NT WIN45359 6.3 build 9600 (Windows Server 2012 R2 Standard Edition) AMD64
PHP Version: 7.4.20
Zend version: 3.4.0
OS : WINNT, win
Composer libraries: 
- adhocore/json-comment 1.1.2@fc2f76979f0a44a5f5bc2a2b600d0762fe0e78e7
- daverandom/callback-validator unknown@unknown
- pocketmine/binaryutils 0.1.13@0abee38d4e2861621f262c79a2a3d699d8a697f4
- pocketmine/callback-validator 1.0.3@64787469766bcaa7e5885242e85c23c25e8c55a2
- pocketmine/classloader 0.1.2@9757928424652393b178a3760073113aa7c9911b
- pocketmine/log 0.2.1@830b44a2cf96ef703c550abe64302f230231ca49
- pocketmine/log-pthreads 0.1.3@e477ecf6ec214fdd4415ea1da3fdd9d73bf699ea
- pocketmine/math 0.2.6@43057cb8c179a9859677b496a788db922fd5cfc3
- pocketmine/nbt 0.2.18@9f82ca4d7f97fcd9a566e44b63c4f18a7657ae82
- pocketmine/pocketmine-mp 3.21.1@a50ef2af6f6a695e3002f4397ff089635c181dbb
- pocketmine/raklib 0.12.11@9cce458b8bfde3e4dfdbf70c659fc7b7fe26b5c4
- pocketmine/snooze 0.1.5@70b5e7937a06878dd321a3182ceb76d56298f2cd
- pocketmine/spl 0.4.2@6b08b7cf8c4afa17139c9a1b3bf1b408531de161

Loaded plugins:
AntiToolBox 0.2 by NgLamVN for API(s) 3.19.0
AutoClearLagg 3.1.0 by Twisted, NhanAZ for API(s) 3.0.0
AutoFMReset 0.3.4 by Nameless, NhanAZ for API(s) 3.0.0
AutoInv 0.0.10 by Twisted, NhanAZ for API(s) 3.0.0
AutoMineReset 0.3.4 by Nameless, NhanAZ for API(s) 3.0.0
BuilderTools 1.2.0-beta4 by CzechPMDevs, VixikHD for API(s) 3.16.0
BuyFix 1 by Twisted, NhanAZ for API(s) 3.0.0, 3.7.1, 3.8.1, 3.9.3, 4.0.0
CustomAlerts 2.1 by Twisted, NhanAZ for API(s) 3.0.0
DEVirion 1.2.5-ALPHA12 by poggit, SOFe for API(s) 3.0.0
DevTools 1.14.2 by PocketMine Team for API(s) 3.13.0
EconomyAPI 5.7.2 by onebone for API(s) 3.0.0
EnchantStore 1 by phuongaz, NhanAZ for API(s) 3.0.0
ExtendedBlocks 1.1.4 by Javier Leon9966 for API(s) 3.14.0
FormAPI 1.3.0 by jojoe77777 for API(s) 3.2.0
GCPClan 1.1 by InstantlyTa, NhanAZ for API(s) 3.0.0, 4.0.0
InvCrashFix 0.0.1 by  for API(s) 3.14.0
KeepInventory 1.2 by KhoaGamingPro for API(s) 3.0.0
MineReset 3.2.0 by Falk for API(s) 3.0.0
MultiWorld 1.5.3 by CzechPMDevs, VixikCZ, fuyutsuki, kaliiks for API(s) 3.20.0
MyPlot 1.10.1 by Wiez, Exxarion, jasonwynn10 for API(s) 3.4.0
NameSpaceRemover 1.0.0 by JackMD for API(s) 3.0.0
Netherite 1.2.1 by Wertzui123 for API(s) 3.0.0
Offhand 2.0.4 by alvin0319 for API(s) 3.0.0
PM-Beacons 2.0.1 by jasonwynn10 for API(s) 3.0.0
PlayerInfo 2.1.4 by Matthww for API(s) 3.0.0
PrisonRank 1.2 by Fycarman, Khang, NhanAZ for API(s) 3.0.0
PureChat 1.4.11 by 64FF00 for API(s) 3.0.0
PurePerms 1.4.3 by 64FF00 & ProjectInfinity for API(s) 3.0.0
SafeServer 1.5.0 by HiroTeam-Willy for API(s) 3.0.0
ScoreHud 3.0.0 by Twisted, NhanAZ for API(s) 3.0.0
Sell 1.0.0 by AndreasHGK, NhanAZ for API(s) 3.0.0
ShopUI 1.0.0 by SaltyPixelDevz for API(s) 3.0.0
Slapper 1.6.1 by jojoe77777 for API(s) 3.20.0
SlapperRotation 1.2.1 by jojoe77777 for API(s) 3.0.0
Travels 2.1 by KRUNCH7SHooT for API(s) 3.0.0
VanillaBlocks 1.0.6 by xSuper for API(s) 3.0.0
VanillaInventory 1.1.2 by  for API(s) 3.19.0
VanishV2 1.20 by superbobby for API(s) 3.0.0
WFT 1.3.2 by  for API(s) 3.0.0
WarpsPro 1.3.0 by nikoskon, NhanAZ for API(s) 3.0.0
WorldGuard 1.1.94 by MihaiChirculete for API(s) 3.0.0
WorldLoader 1.0.0 by JackMD for API(s) 3.0.0
WorldProtect 2.3.8 by aliuly for API(s) 3.0.0
Worlds 3.0.9 by survanetwork for API(s) 3.0.0
iProtector 3.1.1 by LDX for API(s) 3.0.0

----------------------REPORT THE DATA BELOW THIS LINE-----------------------

===BEGIN CRASH DUMP===
eNrtPIly3MaxvzJv5YpJvz1w7IV1qBJNihZjkWJEylJsuFQDYLALE8cax5KrxP/+unsGJw9REl/y
XpWcFLVozPT0NX0NgH/2/CSNeP5+I9IsSOLeYtzv5UEkegt9akysmT42reHM0Mbzfq9YyzvjiTHU
5vpsallj0zBnZr8X8ix/nqZJ2lv8s5dv1zCqdxxveBh45znPxfNrV8BsWKDfi0SW8SWO2M9zEa1z
4bE8YW4qYCDLg1CwdeJeijwKYmHbCLDtg5XIchbErIjDhHswxV0V8SWzdKZrM8DqF2F4BEMB7XrF
08VodLAYvcmArdG+B5iCLE95nqSjQ5Fd5sl6dJYGWRKPzmipE1hqcHI2xKmjLHVHNQWjUGxEOHqJ
f+H+GtdS60Q48u7RMDIEUG9hTDULxJpyFy5+7T3R2K1TkdPRBfzZ0afW7qIlBUJr24R38JR7Ho1L
nN+Fm98lrl0g4Il+z1rna34VcwcQTY3OehINLjJ4+v69m8QgvsLNb1uxSVqf3TIgdnJAyJdAVhKt
kyL2LviSiDM+Kgh9eithFeX/m9SZ7B4Ny30zOkAr3JkZ5p3yWyykZRM/QGcQL3+d/MZIQ7cS9AUU
j9nHbHLHmM7N221LcoS2AywNnsKWySV3H6GRVp48YGXDmtxr1bix5YpBnIulSJml9Vn5W9fMPnOS
JBQ8ZjotOn3AotZkdu+iS5F/0pqz29c8C/lWpDu6Np3eu9w6WRchWMO9a9JC8/sXmt/YsvLO4Gkm
Yu9UXCu2CJd1O65zkYLf3zFMy7oDl7sS7uWpyK+SVKHStftx6ZMuXfLO4GkeuCUO/V4cumXdh+Ms
TVwIIUmqkBn3I5vMp3cgy3Ke5grJHXu9jg5gSfodeG7xQD/wTBxAUMxeYrBKb93GBfiIzLZPeBC/
TJZLHKXcgzkH/7CwbQpftt2KX7atAhgoiSKYbVfzxtNPmrcOi2UQw0ApgvFHRWAaXRFkUsgSgfIB
4LRhVCr+KIK08niW+Rt75Lh8ttv77c9+T/xn047PSAWAaCn690G8ScKNiEScA5I4gRH9npt4AvmB
oRpA7Rz/l6/S5IrF4ooRvoqxHbtkmGGAYbBRQ8/u7X4PiACBrhD8KS8NuJS/THXjG+LnHdtj3+QU
7MEfHoVJkr7b2WVPn7KxQjRujf/l5vhf2uMn1UpTNTPwd4IsE/nON/kqyNC1AKLs129WPFsBup2d
HUXLLvsL066P1H+77K9/Zaaxy/4FQ5havjPkt93df8rFZpXAblnltzpxIuJLIc1LIYkwEwqRdYvk
bftW2wIV3GlRdo8NGYjovYvOQC0LIIDfNKpSF4rJSou61tKirpey1Y1SK5JZxA68Voo59nZ2fytV
pXCZ7SkuhLaUIsUBB2df6qBfSVpNk/pXBFTK1aVyR999Jy+l+Nl37Fkq8iKN2SYJPHlrXt0igWYd
O5aDLDVo1Pvza778NV/+mi9/zZe/5stf8+Wv+fJj5cv93lLEIuUhJpgxx25erzUTCHNAF3U/sGcO
DX2oI7wIQq+30Odjo98Lsvee2PQWPoecCfLZNMkTNwG047EGiwSYz/KJJnyD+1N/yqfWRJiaZvhj
05r5vja3pubE1ee65ziAu1C0vA1iD5OD0wv29vh0PDEnFpsOTUZrMwsyYrZTjpHmxAwNLPq1wSAp
iz2eeuy5F2BGscv2Tw6nY0COTbtFbzYcDw0NLj/Afie+xkNN3n2fZLj28enpBQDo4iqIKRWHeAGy
fx8GTsrTQGQoN+6tgNdUjH4HwQ9gjMrfQUxD45nvGv5sas0sX+PjMZ/4E8c1uOEA7Z42mxq+0MRs
LrB48DgwAFQn0cjlYehw93JACSYqGBCCP4qTq/iZ+heJrdXpBDFPt7QpYKgGa+vmM407QphzbyyM
OWRnhu4bU8OdWdzgpje1LG8Ompj54zaqWxfXh9rQfDYdz+azMcyZTh2X85mYzOcTY2yI+cQ1TNeY
iLk7mXCjgxC3MuW2qaLNeGbNJjPLAOMZTyfgQU1Hn825OQOxzExdNwG3a1m67rQxhcmSMBhD/dnc
1ByQqOH61lT4M82ElZHh6dgEwzLgj6m7fGzdwDBYQ84puFcKynwmxrOZcP2pcA197HveeKxPBNc9
bsKF5c1MxwdpCd5GBeF+paiZPoNFJzPXmbs6iNeaT6zpbOaMrSmfzeeeYxmG701c3zXbKCAXKfmZ
P7P8uQEEezMfdOJ6Fp9Mp2I8dqamO/b1OZ9NJzMu5h3h1j8H0braoM8+Ybc1kKX8EmxbygVo0p9Z
rivGk7kzd3xPmGLs+Z4DsnanE8t3Z87MF8bUmbgdC8riJPkglHgnz2aaMxEzy5xxbTqfzT0PPCE3
deBWOLOpN5ka1tw3XK+DZB0SBtinz6aONndmrj93x9zn+kw3LdfiugOK0Z2xNp+Yuif0qd77s6qm
aW/ux3lwAQnID8l1w8U1of1e7dtAD3DNi3yVpBmWGqfLlzz6+RQdJV8HCDGHugV+AgCCEmhwHRC5
wOV5Yg2OBGfBvSzx88MmIIIo1V5YRi5sBMC+QLf76vzi7avXLw8BdCWcLMiRUvCcq8IZglMZlbQA
g/tFnhxgpfaSL5dNvlrwJmdANnm3Bm8XVxA7BMr8dMXj/V9aTGqfz2Mu8do2rJVQPRkCNRBOO8Td
y/cqz9cZBLsG/4re/WwbFtHJwaiNT0nl6OS1yETekUkJbesaPH5H2zADKubs0UWyH3vgb7IXP/4k
xYDBlSh6mBGUzB3Hmw5jCGkzBRvu36Tn3yFCwDZPvVURZFLbQbyRDEq6HsRUJYsOazX8/7HWfsA8
RaS45bMGfy1wkz0IjENt4Iicd5g8+CDc1dnJodjghJ+D6+DyxWHbLU0/n1MXsa8jyOBAkY4kLkfi
bLtD6qdu2gbdoxYqEs72KLhuiYUALYF8oi334d8ZpafmcK7+tYYYdMdfYgqSsofr/aDI8iTaD0GM
Tb23wE02jaH+79m0TQpsu0OPYuv8Yv/1xZuzW1V7dXU1FBtQIOAf5pfI6+Hzn4OU2Kj4rEBd254M
9l+evdjXO2F2DfVbgBv9/NWReCxWJVLb3hAptg3WrX41yLuHZeJNbLp7twK1edPH3dyhrqPYheBR
e7Oan89XSQBWpJvOvrxPdY1dWZM2qnAAt8+hDk+i7f7ZcYPfBrDJ8QS2WYfhJBYOHlk8kv4UOtsW
kgLAadstaj66DZ/HLuye/BwqGNFkqQm+x9usV0USL/mHz9uFvaMkjSShDarvM1i1HHApCUQE1cWD
+L3OAavwfghBwU2j7dzomG43ov6NbwKopF+KJLas6bRtuePP16jEW6IFzlpUPdy7loKt+atF3WTM
7Ka8vye/J2KG/7V4Mr4gCaow2rYiovrxEFZ+PDg7CHnTd5aQjo7ajBzHWQ42EW4v+H2x8ItiXlCu
kXPb9l0ORTz4zqODfUXeR1MB8DkwbS2GmxhZhZzwIOXZqh3zm9AbmWyL6ceywqj4I8O4AMmqiyv7
GNhln/EhGvtJiDUQLWLwHtsGI214J/C1tffTKuE/cqhxl2dp8ljusoXUtlvkPHxr3ZaN356Jy23T
4uuIh5ePxY4PuIIUvQL2AlKVdjco+TgrRZgHb/H8u8lLDWyraEJJ4v0Z98Ev9GDhtsiz4jKA35c8
DALwpy1noj1SHh4hqfL83m6R/SU5eAMRimh7FiYtVUtAx/d0d2LvbSAwKD6/vuYqj/qdZ0l8tY1j
XWtJ45P3aTvfaGRqRPR5vg1pmz7n2fYgiSIee1ia+UEY9mo5SjZAbCU7H0nzsIQ8X3MXjCtKNiJt
SOTGrbZstO4e+BtUxSeHj7ULJDbb7lLx8A19KvKVSOm65qmCdfPzrp6hMPhQBLphPhZDNUZgqiTj
YdzcYtk1tlHNEzD9yvchJDb3fQlpF11aN/Ph4SaINVO3HovfCqFtKxKqHw/R3tnJ4AfB8XiseUBT
A7vsdPR31678oq5PhdK2HSLDtmtyPs4RnYwex37S5KgGdqriroJOeJ6vrq4eixuFrjywRQqavx/E
EJ23vebxZZOhGnhvJnC0dXkaUTr1E9jE8tHr/fKs8qHu4qxIxcGKN2NCBWpzMh7qHWubjo+OtE8z
NEJ+JtIou1kYQTrh4sFdhklSv/cOyvekyM6eD0p4w+G/l2uD7hSx9a/PcCtElDxDGFVolHAksW3p
SFhXPOZt0mF/YcAOnmWDfeEjItvH0nRLBERR4+cjCEHiASmcc1/Is9aGGBrAbl7VCZAvgjTBfsjg
LcTsR+O+xGrbNSXN358ZYBBttgoiTh0cZB4Pel8UzdBSgdrZsfbvOm8pc4SSjodv9nMRNg/+6fIj
6U3dE390PnD5T6B9lazfNFsACvAR+s95mG/PgmsRQjr84bFIf3OMq38C8SFfr9v7R0Ha5E9vBPQ7
GhhfQHsmV/7sHKwmaVQyUXP4Osl53u4Nd+98JAW9g+MvsbM2AQ/X2kXKN6LVCy4h97byf3r95vTg
xez8RZJcPBYPauGH0/4zj8Hd8huNwTa8u3mmbU6uzwtU7ycF+E7n8R6eJHbbbpHUufwEVm/r0dy4
1W2EGnd3nL7g1P8ySbmXTEw9mlX8fEZvBmdmq5+NDkME6uyijtfLULJO4jiPFm9rjJIjJKL+9RBu
3h5dNBjBq27z9m5lfEkBmoT+oYh1EwrQIyAyD+Llhbj+hDPdtzxdU07aoL4EfaT/HAeXSXZJTu9x
Y2eJ2LZLUupfD+IJmys/FjxtJjYNYHefWN2yLFjx4GAVpG4RivwLj4B6r4WX5UksDhBfkDcbO+11
gMmKxubvzwhjHcyjBrJSPqpH3BFQ1Tn+D7SFGgS0Lh6scjCPHGqRLk8luB3XzOG82y0JisdL4SU2
26aW51pS0N2VDzzfPCmC1A9E6DUfjlNPhY3yVOCje5CLp6MWt6VQsq44shupvdX1r+mGx/Ix78fz
sIBTSSNT2n1wHad4HRKSIVA2eiIRIZOBYjhp2nID2H1urJPPvDx891g8Airbrlf+7BwU8AxODs6e
jxpc0IOAPAXuQNGdA/nykWhKR6g+HILBQUTL6ZHe3pOz6oodJFCoLxm+2GendvzkKA3Y34qQWUw3
F5Ppwpyx/9ZmzNAMHe9HSe7t2YWm8Vko/3H+Jf8VzC583/Dor0V/Bf2dyPscLyAs4d8J3fDlINbG
4+IykurBOknzPd3CaAbAqxVIaBBCmbmn4TWP46SIXTR9eh2Bu6tAyNcLs73E9wkRvgk0UNsNdC5n
RvxaTcr2JgRZgiCjxBPyvp+kgLaCKVwgUQ+L0PJ6vVnvQUyCX17g+wF41ny7ZxA2euoc1DTIRI4h
ONtDML3rMUCL3HtRODUkE8JrDMA3O/eOXu5fIEja3eCPQqTbcmEFS13gR4Hw93DNswz2gbf3Hf0H
EiryZJBBLq3o3ATiauAFePDpir0pgq6d5HqA5q+GhDxeFnwp9kS8xOvWM6vDbYTPrD5haMjMJdMp
UqozyIIYCI617BAsil2sRCZYKQnGU8HylWAQATP4wXPmoiZz5ggWxG5Y4CuCgP6G5SKu8ySCmT4i
6OLMuC/6LME+eYYomQOl/CXbJkWqcLHAZ6DQAHwnrgC6TMEqwCkD4lNxVaEbecLnoM2MXSXxtznD
goqnDKUZAbP4/PgWKcR3CiXfVysRs2K9hEQYEAztGE1YIlvYMWNP3q6ogY8vTOILOAxQqNcyQAYp
jzN868eTt4lUqAc4IAZ5QrwmeeEDPq5g2FsPSYIRYpamWmptwegNBbyRrYrcS8D41ZvAC2b3WhvX
tQuDTybsBC+FvmUHK7vQhZjhhtR1jcBm48I34+V/MTkLcCFb+2GYXDHcksAJU26ZbQLO/o4Gi2PI
csvo1KDvyXOyYjWJAVcMNxcDfYNIEZ2zZUoROF4ZfXW7iQp7bWBPoBXueSwVmVQeKgVfCWKR4BAq
yDMwUJkjkGoQrfij4CEKfRlAucI2PCwE21GLgs/bRexyRdhuAt3RAJSGb+Ms4DatfVpEDugLbHI/
28buBc8u8bXkS7DCIQ14k4FicWOUnOKwVZqA8wLdw/CsL99jZsptwG7qM3wXAxjBOEWygQCBsKiI
wf5wiER+TsYBPIGNpsl1APYpQAzAEtl9XBGHslUEHfto6TgGLbrPgvxbEF+e0jRPoKckg+tMZjvA
QwG7ziCxEBsDxemCUHUtnZN1pEUcozo9dG7JmpRAD2FmQ3YoNuo3i4LlClwBPrLQb25dZTkokTQt
1rmESoGhYCKgTfFFyoUtTa+oeHI7cXwnF8i+nQK0EbS5BAQN1jVsGBoMHshBC4YxH/c0xoN0K3f0
j2HigPFg7GcSDvsgCuj1+UgsubPNQeDsXEpaI9kGGaKm6ReotKuABE8GBTv+aiARlTaWEYN+ABSC
OxNYUSMaHzK8cklp46CsAvc4WyagJzxBJaPAhZZE5oBIWzANuYDVyX/Lt0T+z3OAydR99GNY/jL6
oRpbEwnK91YkKXQZA++BwVV4FUG4aouqJ7T939J+YG7Llep44ergZfCH5wSMbnMdYhRBLBav5C3m
0kQLrDUnB+zFKznI0QFWsjWs3DLcmOF2pcEaDNaaa5qIBVbyyYWyJ2paIAkqWCynbVlGmDwWSkAk
KXT9ig7dZRsibcJWcvosVitxHETjfRgFagODoDmg8lgSZoBzDSoYreUXNzFvEKFDXAkzh9AhB9wi
OMXOS5zA/TeUQ3regv14TCP5MXtBI7VTdor3XO0fNMbVz9gh4R+f/sgOXrzC8AcTpsfs9AUNME7Z
z8f0i5/22U8E9HBwLXFPO2Y/l+tcvJL4T9kPBJqzv7/5B7t4TVD39MVQkvrVOr5ax13W0QylNx0L
cHIm0iChpBjTmYw+u4GvXpdur0pZdHBhkJZ7FKFpyAASCiGTFUIF9R7kapDmgFPGmHiXz5a+Gkou
TEJjHKYWI8wSCSQwdTpUxkhY4xVmYphr04ThzdHoUlVBDf55LVxMyTNyuUiudOBybsUDeGmxzmpW
TU3xmu3eTpLi3FScL3nqQIAZuEkYylqQ4vjt0qWIheSoWUzNggwo4nFBBUCTEiiOCgg2u/0ys+pG
mzLeyCTV9wGX5DeqI9mQvZKZk3x7EzL4pAi9ipYAUrGrmNX0ZxLxmsgHRqeapniF1Y4o5t5INcl0
JIaKNz9NojJllbPViEHTMJsaRm6UJm/YBrvFpFrWcV4WbaiyFFYKyHWRIXtFtJYVjiyjmLoxwBul
vg5xkJpAtBOZJQdwBckyRHV+i4Ah9YX0EVbYgJFlWSEwA8hXoLVlWfFh7MfVaqr6pSJlpq0KO+nX
aeidcsI+g/wkT0n7AV8jNIiKCDJVSFJTVtbjqEgmuxKSilquuF+UKGnH3LQxKHjXiiJacICVaAGp
67jS2GGiPrzTsWmsMOD/Cr8cXG4hiUsNbHJG+ffAxY/oVLwdAimU8UMRhtID6mSaLrGsOfYFmJwj
Oay5g2lKnpKfcmUcXK4rBYivRJZ470d1nx3asepnLlQuCAXOKglloebw3F1RQUskZ/j1DaaySfJt
svug7soc0hFVySazxCdNLZW30K2m2xyR99lAbyiQlEcLD/KSGHDbk6ny2nU1SE0iLMQ8yTn2E6hc
xskAVGQN2QuoqMCW9qhEYgdnb/oMXySEgbF3FXhg9pRyS+9Z4R8Q/gWblsVrXddmJJ3G2CHb98BR
rXjoj5JYyGLbE2DDailYlGG3Ew2ssRHroNdA1uoNXKNXw0KNh0OGRLw5i8/KkrVuwmBFjkRd4QkJ
TCzW8Xqgrjs9ghO167Lgg6j0icVtqcYMA56qPKD4lebRCK1jy5CTdofsTM0JebqkCVx1g5Qt0Ip+
ypfIAugExJatQypNsMUTAfG42XmKejoIA2xZUs8Kv4uB32A7uXhDlGbAErLtFDnDHhmpsl5OlujD
0tdEeTHAWQuiFq3cE06xXJRl/1OmY7mvqp4VbFW6z1SLKJNNLbTkOEtk4FLWoCMy6ZwktoNVkmTU
+CqrfVH2c8iDeTznLOOb0lNiF7Js1OK9elMjYdRUlwmL6gn+ngSx7ClRm/Zb9s5JrtHqU3Z8yHbe
vTk+3AWeweSBBhh/Be4eLIkeogPDwC5A6oGzrEs9sISEhpCwY7D0dz+8LPGrDkED8i0ths1aCpqQ
fWCriMIw8ZaUHUoVQhqNVN+nZeFe4G8H10Xg1dxySFPAuQmel24T2JefFSmLaerDKELBbISQjY44
ccNgzWguWM0J34LFYD8GH5lWrS2MaEOZtDozt5nrO5D8q/SdNfwpOexBiUES1mh4lP3pZivzgnqR
clPIj0JJjdFYtQOKTPVE5cetaG+qOQM5Z8HWkEltghCXkc5eOTK1CkYrqB2qojzGaWE3aPbLUa3W
9q3tY2kK+1FS4D73ZVRS2x4FrgwBozD6MWr9gbHibwqjMPk1BdXGZGI8FrLV5AiJzBE+7lI6eqA4
uCp3BW0EOpFohWfJPi5UsQ/eivEuqWv5aSNYTUDku41K7XYyeYqfAWO83JxAbDkZ/62oMWnHYyNu
UKzByoUyBfBlpR+lLx7QcnQS09zGh7SkQ0+ykLNCqYoU9c3kd1+Y4pGp9mUZ7GlOSwCAb8AMqOGW
Kc+yWkh1i7SS0/CmoJQbu+IB9aXBpQIPUkPlF7bIJNUFRj0ao5ynSa6TioHBWjk8jDvowyAwqjSb
DldkU3ihAj72sLGBySRYxkulNSCk7i42HAJa/QA/gtkBVZuuDV6vIDP1k0Zkg702kIeG1chVgpoh
UobrKFoPg4QoBqe3jbBEyvDhsAw4zGrSse5T91l9n1ggh8eXy1QsVXta9bJlzw4/XXjZ5Y/og338
6vAVfu5poMKDjJLoGq6EzMM5fW0SV8yI8JoBgg0bx08QlCvJSwOVyrkhVFCovK+MCfIB/HQRRbVm
OknwpCk6yNBjtJNGr7gPXnK94n2GHy6gUJ5XGRu4aV+kkJUP0A/FGCrl3TKyybjCW71ndf7cCMUF
ZKcQ9cmXlS5DISTNy/vlGjc0LXltqjoPotpjq1iNSHE87gR00KhZdJu4IDXV1aTyAGVYL6DuNFco
pXl/NqCct9Su3BVy/zfzDECfK3k+OX118XyBR4YSSB4DCyKVYyuPgYc8UMZ4lGQGfoUIKhVgRJ4H
ogcqmwzS0wE+5SjL+MbDgGeqgoGkk0frsLwCoYOTLSBRwTcoCeIUW/jdAABDPEgrAPoH7CUv2K+U
7kBw7cMYTID7rIbgkN9wdfnMQhVVmweaxC8mo2ngqU5EeaZMLYbbAhxlCRTQM0q6qYLFF+KAKRWd
m3zKdYmGkmOBe2isyWBXr7hgeBq9ML6f9SfWtd43r82+8b3+vYdJFjmEHXzqxEUvvDfXpM+WV+PJ
rswc5fFfswEgXQGGIowwxLDMZ6jzDup1t0x+Nq9IS+9dVj1pdW5IrgnwQGRz6VQ3KwU2KA8dwWhk
ivzkiHwSLUXjW0gKSizUp4obkAHlq41EMqFPuDJxDR4yUwWje4klR0bFEUjECSDZ38rEkMYhv/TG
cSjjzQOytMrBS1kQFZDhVEVsr98T+PRpFqj3pw7oMwD1l98cV33Bq4LgkTJ+Na4FS6L3XpLH+E5s
A6o+L10DijRsXqPDaV77QZiLFuJl1PoOHX6SuHkdwJ7dNAH4ebnmdeTIA/ImLFNfvWvC1m6b7dfC
V22N1kyKIlkbBFlP1IScn71sUbDN/gjp63nqF6tu5cmliCFZaHG85fR4hKEe8/4QrOXzhBN60viD
/PJYNRour6O2TBOkxtA0U9cNfAbr7PBVi1MveU+UdIEACtrqAJ8QZ1lr4HmAu/7dSYvFDgVwifV5
my0AXuGrhy1g4xtz+Kq0jp9HBIJXbeOqY/d7Ss2a3+8jI1jK7/opLPhILKEsHy4lr+U55Tfk0A7T
7TpP1KeScPzSu6GyoKVlko3ZBEFxWFAEXspHQityfsEM7tUZ9ZXqCX/++T/PNw+G
===END CRASH DUMP===
