PocketMine-MP Crash Dump Sun Jul 11 08:46:22 +07 2021

Error: Attempted to create tile pocketmine\tile\Sign in unloaded chunk 93 100
File: pmsrc/src/pocketmine/level/Level
Line: 2609
Type: InvalidStateException

Code:
[2600] 			throw new LevelException("Invalid Tile world");
[2601] 		}
[2602] 
[2603] 		$chunkX = $tile->getFloorX() >> 4;
[2604] 		$chunkZ = $tile->getFloorZ() >> 4;
[2605] 
[2606] 		if(isset($this->chunks[$hash = ((($chunkX) & 0xFFFFFFFF) << 32) | (( $chunkZ) & 0xFFFFFFFF)])){
[2607] 			$this->chunks[$hash]->addTile($tile);
[2608] 		}else{
[2609] 			throw new \InvalidStateException("Attempted to create tile " . get_class($tile) . " in unloaded chunk $chunkX $chunkZ");
[2610] 		}
[2611] 
[2612] 		$this->tiles[$tile->getId()] = $tile;
[2613] 		$this->clearChunkCache($chunkX, $chunkZ);
[2614] 	}
[2615] 
[2616] 	/**
[2617] 	 * @return void
[2618] 	 * @throws LevelException
[2619] 	 */

Backtrace:
#0 pmsrc/src/pocketmine/tile/Tile(169): pocketmine\level\Level->addTile(object pocketmine\tile\Sign)
#1 pmsrc/src/pocketmine/tile/Spawnable(62): pocketmine\tile\Tile->__construct(object pocketmine\level\Level, object pocketmine\nbt\tag\CompoundTag)
#2 pmsrc/src/pocketmine/tile/Tile(116): pocketmine\tile\Spawnable->__construct(object pocketmine\level\Level, object pocketmine\nbt\tag\CompoundTag)
#3 pmsrc/src/pocketmine/level/format/Chunk(723): pocketmine\tile\Tile::createTile(string[4] Sign, object pocketmine\level\Level, object pocketmine\nbt\tag\CompoundTag)
#4 pmsrc/src/pocketmine/level/Level(2683): pocketmine\level\format\Chunk->initChunk(object pocketmine\level\Level)
#5 pmsrc/src/pocketmine/level/Level(2295): pocketmine\level\Level->loadChunk(integer 92, integer 100, boolean 1)
#6 pmsrc/src/pocketmine/level/Level(2957): pocketmine\level\Level->getChunk(integer 92, integer 100, boolean 1)
#7 pmsrc/src/pocketmine/Player(1066): pocketmine\level\Level->populateChunk(integer 92, integer 100)
#8 pmsrc/src/pocketmine/Player(1862): pocketmine\Player->sendNextChunk()
#9 pmsrc/src/pocketmine/Server(2399): pocketmine\Player->checkNetwork()
#10 pmsrc/src/pocketmine/Server(2152): pocketmine\Server->tick()
#11 pmsrc/src/pocketmine/Server(1992): pocketmine\Server->tickProcessor()
#12 pmsrc/src/pocketmine/Server(1586): pocketmine\Server->start()
#13 pmsrc/src/pocketmine/PocketMine(291): pocketmine\Server->__construct(object BaseClassLoader, object pocketmine\utils\MainLogger, string[38] C:\Users\Administrator\Desktop\Prison\, string[46] C:\Users\Administrator\Desktop\Prison\plugins\)
#14 pmsrc/src/pocketmine/PocketMine(321): pocketmine\server()
#15 pmsrc(11): require(string[93] phar://C:/Users/Administrator/Desktop/Prison/PocketMine-MP.phar/src/pocketmine/P)

PocketMine-MP version: 3.21.1 [Protocol 440]
Git commit: a50ef2af6f6a695e3002f4397ff089635c181dbb
uname -a: Windows NT WIN45359 6.3 build 9600 (Windows Server 2012 R2 Standard Edition) AMD64
PHP Version: 7.4.20
Zend version: 3.4.0
OS : WINNT, win
Composer libraries: 
- adhocore/json-comment 1.1.2@fc2f76979f0a44a5f5bc2a2b600d0762fe0e78e7
- daverandom/callback-validator unknown@unknown
- pocketmine/binaryutils 0.1.13@0abee38d4e2861621f262c79a2a3d699d8a697f4
- pocketmine/callback-validator 1.0.3@64787469766bcaa7e5885242e85c23c25e8c55a2
- pocketmine/classloader 0.1.2@9757928424652393b178a3760073113aa7c9911b
- pocketmine/log 0.2.1@830b44a2cf96ef703c550abe64302f230231ca49
- pocketmine/log-pthreads 0.1.3@e477ecf6ec214fdd4415ea1da3fdd9d73bf699ea
- pocketmine/math 0.2.6@43057cb8c179a9859677b496a788db922fd5cfc3
- pocketmine/nbt 0.2.18@9f82ca4d7f97fcd9a566e44b63c4f18a7657ae82
- pocketmine/pocketmine-mp 3.21.1@a50ef2af6f6a695e3002f4397ff089635c181dbb
- pocketmine/raklib 0.12.11@9cce458b8bfde3e4dfdbf70c659fc7b7fe26b5c4
- pocketmine/snooze 0.1.5@70b5e7937a06878dd321a3182ceb76d56298f2cd
- pocketmine/spl 0.4.2@6b08b7cf8c4afa17139c9a1b3bf1b408531de161

Loaded plugins:
AntiToolBox 0.2 by NgLamVN for API(s) 3.19.0
AutoClearLagg 3.1.0 by Twisted, NhanAZ for API(s) 3.0.0
AutoFMReset 0.3.4 by Nameless, NhanAZ for API(s) 3.0.0
AutoInv 0.0.10 by Twisted, NhanAZ for API(s) 3.0.0
AutoMineReset 0.3.4 by Nameless, NhanAZ for API(s) 3.0.0
BuilderTools 1.2.0-beta4 by CzechPMDevs, VixikHD for API(s) 3.16.0
BuyFix 1 by Twisted, NhanAZ for API(s) 3.0.0, 3.7.1, 3.8.1, 3.9.3, 4.0.0
CustomAlerts 2.1 by Twisted, NhanAZ for API(s) 3.0.0
DEVirion 1.2.5-ALPHA12 by poggit, SOFe for API(s) 3.0.0
DevTools 1.14.2 by PocketMine Team for API(s) 3.13.0
EconomyAPI 5.7.2 by onebone for API(s) 3.0.0
EnchantStore 1 by phuongaz, NhanAZ for API(s) 3.0.0
ExtendedBlocks 1.1.4 by Javier Leon9966 for API(s) 3.14.0
FormAPI 1.3.0 by jojoe77777 for API(s) 3.2.0
GCPClan 1.1 by InstantlyTa, NhanAZ for API(s) 3.0.0, 4.0.0
InvCrashFix 0.0.1 by  for API(s) 3.14.0
KeepInventory 1.2 by KhoaGamingPro for API(s) 3.0.0
MineReset 3.2.0 by Falk for API(s) 3.0.0
MultiWorld 1.5.3 by CzechPMDevs, VixikCZ, fuyutsuki, kaliiks for API(s) 3.20.0
MyPlot 1.10.1 by Wiez, Exxarion, jasonwynn10 for API(s) 3.4.0
NameSpaceRemover 1.0.0 by JackMD for API(s) 3.0.0
Netherite 1.2.1 by Wertzui123 for API(s) 3.0.0
Offhand 2.0.4 by alvin0319 for API(s) 3.0.0
PM-Beacons 2.0.1 by jasonwynn10 for API(s) 3.0.0
PlayerInfo 2.1.4 by Matthww for API(s) 3.0.0
PrisonRank 1.2 by Fycarman, Khang, NhanAZ for API(s) 3.0.0
PureChat 1.4.11 by 64FF00 for API(s) 3.0.0
PurePerms 1.4.3 by 64FF00 & ProjectInfinity for API(s) 3.0.0
SafeServer 1.5.0 by HiroTeam-Willy for API(s) 3.0.0
ScoreHud 3.0.0 by Twisted, NhanAZ for API(s) 3.0.0
Sell 1.0.0 by AndreasHGK, NhanAZ for API(s) 3.0.0
ShopUI 1.0.0 by SaltyPixelDevz for API(s) 3.0.0
Slapper 1.6.1 by jojoe77777 for API(s) 3.20.0
SlapperRotation 1.2.1 by jojoe77777 for API(s) 3.0.0
Travels 2.1 by KRUNCH7SHooT for API(s) 3.0.0
VanillaBlocks 1.0.6 by xSuper for API(s) 3.0.0
VanillaInventory 1.1.2 by  for API(s) 3.19.0
VanishV2 1.20 by superbobby for API(s) 3.0.0
WFT 1.3.2 by  for API(s) 3.0.0
WarpsPro 1.3.0 by nikoskon, NhanAZ for API(s) 3.0.0
WorldGuard 1.1.94 by MihaiChirculete for API(s) 3.0.0
WorldLoader 1.0.0 by JackMD for API(s) 3.0.0
WorldProtect 2.3.8 by aliuly for API(s) 3.0.0
Worlds 3.0.9 by survanetwork for API(s) 3.0.0
iProtector 3.1.1 by LDX for API(s) 3.0.0

----------------------REPORT THE DATA BELOW THIS LINE-----------------------

===BEGIN CRASH DUMP===
eNrtPIly3MaxvzJv5YpJv70A7IV16BJNihZjkWJEylJsqFQDYLALE5dxLLlK/O+vu2dw8hAl8SXv
VclJUYvGTE9f09cA+GfPi9OQ5+83Is38OOotJ/1e7oeit9Rm+tSczc2FPtT0qTaHG0Wibo3N4XRq
6ubCNHVtOjMX/V7As/xZmsZpb/nPXr5NYFjvONrwwHfPc56LZ9eOgOmwRL8XiizjKxyxn+ciTHLh
sjxmTipgIMv9QLAkdi5FHvqRsCwEWNa5v4qYH7EiCmLuwgxnXUSXzDSYNh4DUq8IgiMYCViTNU+X
o9HBcvQ6A75G+y4g8rM85Xmcjg5FdpnHyegs9bM4Gp3RSiew0uDkbIhTR1nqjGoCRoHYiGD0Av/C
/QTXUuuEOPLu0TAyAFBvqc/GJsg15Q5c/NZ7Mma3TkVGRxfwZ0ebmbvLlhAIrWUR3sEP3HVpXGz/
Lpz8DmntwvpPtHuWOk/4VcRtwDPTO8tJLLjG4If37504AukVTn7bgk3K+uyWAZGdA0K+sqyDOEzi
InIv+IqI0z8qB212K2EV5f+b1BnsHgXLfTM6QCPcmevGnfJbLqVdEz9Apx+tfpu8Y6igW+n5AoIn
7GMWuaPPFsbtliUZAqTI0eAH2DC5ZO4jNNLK0wesrJvTe20at7Vc0Y9ysRIpM/U+K3/DJu8zO44D
wSOm0aKzByxqTuf3LroS+SetOb99zbOAb0W6o41ns3uXS+KkCMAY7l2TFlrcv9Dixo6VdwY/ZCJy
T8W1YotwmbfjOhcpuP0d3TDNO3A5a+Fcnor8Kk4VKm18Py5t2qVL3hn8kPtOiUO7F4cGQeUeHGdp
7ED8iFOFTL8f2XQxuwNZlvM0V0ju2Op1bABL0u7Ac4sD+pFn4gAiYvYCQ1V66zYuwEVklnXC/ehF
vFrhKOUdjMU7drC0LApeltWKXpalwhcoieKXZVXzJrNPmpcExcqPYKAUweSjIjD0rggyKWSJQPkA
8NkwKhV/FH5aOTzTeMceOSqf7fbe/dnvif9ozvEZeQDQLCX/3o82cbARoYhyQBLFMKLfc2JXIDsw
dAxQK8f/5es0vmKRuGKEr+Jrxyr5ZRheGOzTwLV6u98DIkCgKQR/yksdLuUvQ934hvh5y/bYNzmF
enCHR0Ecp293dtkPP7CJQjRpjf/15vhf2+On1UozNdP3dvwsE/nON/naz9CzAKLst2/WPFsDup2d
HUXLLvsLG18fqf922V//ygx9l/0LhjC1fGfIu93df8rF5pXAblnlXZ01EfGlkBalkESQCYXIvEXy
lnWraYEK7jQoq8eGDET03kFfoJYFEMBvGlWpC8VkpUVt3NKippWy1fRSK5JZxA68Voo5dnd235Wq
UriM9hQHIltKgeKAg68vddCvJK2mSf0rAirlalK5o+++k5dS/Ow79jQVeZFGbBP7rry1qG6RQLOO
HctBpho06v35NVn+mix/TZa/Jstfk+WvyfLXZPlxkuV+byUikfIA08uIYyOv15oJhNmgi7oX2DOG
ujbUEF74gdtbaouJ3u/52XtXbHpLj0PGBNlsGuexEwPayWQMi/iYzfLpWHg692bejM/MqTDGY92b
GObc88YLc2ZMHW2hubYNuAtFyxs/cjE1OL1gb45PJ1NjarLZ0GC0NjMhH2Y75RhpTkwfg0W/0hmk
ZJHLU5c9c33MJ3bZ/snhbALIsV+37M2Hk6GOCfsH2O/E12Q4lnffxxmufXx6egEAurjyI0rEIV6A
7N8Hvp3y1BcZyo27a+A1FaPfQfADGKOydxDTUH/qObo3n5lz0xvzyYRPvant6Fy3gXZ3PJ/pnhiL
+ULMAb3LgQGgOg5HDg8CmzuXA0ovUcGAEPxRFF9FT9W/SGytTtuPeLqlTQFDx7C2Zjwdc1sIY+FO
hL6A3EzXPH2mO3OT69xwZ6bpLkATc2/SRnXr4tpwPDSezibzxXwCc2Yz2+F8LqaLxVSf6GIxdXTD
0adi4UynXO8gxK1MmW2qaNOfmvPp3NTBeCazKXhQw9bmC27MQSxzQ9MMwO2YpqbZbUxBvCIM+lB7
ujDGNkhUdzxzJrz52ICVkeHZxADD0uGPoTl8Yt7AMEgg4xTcLQVlPBWT+Vw43kw4ujbxXHcy0aaC
ay434MJ054btgbQEb6OCcL9W1MyewqLTuWMvHA3Eay6wTz63J+aMzxcL1zZ13XOnjucYbRSQi5T8
LJ6a3kIHgt25BzpxXJNPZzMxmdgzw5l42oLPZ9M5F4uOcOufgzCpNujTT9htDWQpvwTblnIBmrSn
puOIyXRhL2zPFYaYuJ5rg6yd2dT0nLk994Q+s6dOx4KyKI4/CCXe6dP52J6KuWnM+Xi2mC9cFzwh
NzTgVtjzmTud6ebC0x23gyQJCAPs06cze7yw5463cCbc49pcM0zH5JoNitHsyXgxNTRXaDOt92dV
S9Pe3I9y/wISkB/j64aLa0L7vdq3gR7gmhf5Ok4zLDROVy94+MspOkqe+AgxhpoJfgIAgvJncB0Q
ucDluSIBR4Kz4F4We/lhExBClGovLCMXtgFgX6DbfXl+8eblqxeHALoSdubnSCl4znVhD8GpjEpa
gMH9Io8PsE57wVerJl8teJMzIJu8W4O3iyuIHQJlfrrm0f6vLSbHn89jLvFaFqwVUzUZADUQTjvE
3cv3Os+TDIJdg39F7362DYrw5GDUxqekcnTySmQi78ikhLZ1DR6/o22YAfVy9ugi2Y9c8DfZ859+
lmLA4EoUPcwISuaOo02HMYS0mYIN92/S8+8QIWCbp+668DOpbT/aSAYlXQ9iqpJFh7Ua/v9Yaz9i
niJS3PJZg78WuMkeBMbheGCLnHeYPPggnPXZyaHY4IRf/Gv/8vlh2y3NPp9TB7EnIWRwoEhbEpcj
cZbVIfVTN22D7lELFQlne+Rft8RCgJZAPtGW+/DvnNJTY7hQ/5pDDLqTLzEFSdnD9X5QZHkc7gcg
xqbeW+Amm/pQ+/ds2iYFltWhR7F1frH/6uL12a2qvbq6GooNKBDwD/NL5PXw2S9+SmxUfFagrm1P
B/svzp7va50wm0D95uNGP395JB6LVYnUsjZEimWBdatfDfLuYZl4E5vu3q1Abd60STd3qOsodiF4
2N6sxufzVRKAFemmsy/vU11jV9akjSocwO0zqMPjcLt/dtzgtwFscjyFbdZhOI6EjQcWj6Q/hc6y
hKQAcFpWi5qPbsNnkQO7Jz+HCkY0WWqC7/E2ybqIoxX/8Hm7sHcUp6EktEH1fQarlgMuJYGIoLp4
EL/XOWAV7o8BKLhptJ0bHdPtRtS/8Y0PlfQLEUemOZu1LXfy+RqVeEu0wFmLqod711KwNX+1qJuM
Gd2U9/f491jM8b8WT/oXJEEVRstSRFQ/HsLKTwdnBwFv+s4S0tFRm5HjKMvBJoLtBb8vFn5RzPPL
NXJuWZ7DoYgH33l0sK/I+2gqAD4HpiViuImQVcgJD1Kerdsxvwm9kcm2mH4sKwyLPzKMC5CsOriy
h4Fd9hkforGfhUiAaBGB99g2GGnDO4Gvrb2f1zH/iUONuzpL48dyly2kltUi5+Fb67Zs/PZMXG6b
Fl9HPLh8LHY8wOWn6BWwF5CqtLtBycdZKYLcf4On301eamBbRVNKEu/PuA9+pWcKt0WeFZc+/L7k
ge+DP205k/Ej5eEhkipP760W2V+SgzcQoYi2Z0HcUrUEdHxPdyf23vgCg+Kz62uu8qjfeRZHV9so
0sYtaXzyPm3nG41MjYg+z7cBbdNnPNsexGHIIxdLM88Pgl4tR8kGiK1k5yNpHpaQ5wl3wLjCeCPS
hkRu3GrLZtzdA3+Dqvjk8LF2gcRmWV0qHr6hT0W+Fild1zxVsG5+3tUzFAYfCl/TjcdiqMYITJVk
PIybWyy7xjaqeQKmX3oehMTmvi8h7aJr3M18eLDxo7GhmY/Fb4XQshQJ1Y+HaO/sZPCj4Hg81jyg
qYFddjr6u2tXflHXp0JpWTaRYVk1OR/niE5GjyMvbnJUAztVcVdBJzzP11dXj8WNQlce2CIFzd8P
YojO217x6LLJUA28NxM42jo8DSmd+hlsYvXo9X55VvlQd3FWpOJgzZsxoQK1OZkMtY61zSZHR+NP
MzRCfibSMLtZGEE64eDBXYZJUr/3Fsr3uMjOng1KeMPhv5drg+4UsfWvz3ArRJQ8QxhVaJRwJLFt
6UhYVzzGbdJhf2HADp5lg33hIyLbx9J0SwREUePnIwhB4gEpnHNPyLPWhhgawG5e1QmQz/00xn7I
4A3E7EfjvsRqWTUlzd+fGWAQbbb2Q04dHGQeD3qfF83QUoHa2fH433XeUuYIJR0P3+znImge/NPl
R9Kbuif+6Hzg8p9A+zpOXjdbAArwEfrPeZBvz/xrEUA6/OGxSH99jKt/AvEBT5L2/lGQNvmzGwH9
jgbGF9CeyZU/OwerSRqVTNQcvopznrd7w907H0lB7+D4S+ysTcDDtXaR8o1o9YJLyL2t/J9fvT49
eD4/fx7HF4/Fg1r44bT/wiNwt/xGY7AN726eWZuT6/MC1ftJAb7TebyHJ4ndslokdS4/gdXbejQ3
bnUbofrdHacvOPW/jFPuxlNDC+cVP5/Rm8GZ2foXvcMQgTq7qOP1MpSsHdv2o8XbGqPkCImofz2E
mzdHFw1G8KrbvL1bGV9SgMaBdygizYAC9AiIzP1odSGuP+FM9w1PE8pJG9SXoI/0nyP/Ms4uyek9
buwsEVtWSUr960E8YXPlp4KnzcSmAezuE7Nblvlr7h+s/dQpApF/4RFQ75VwszyOxAHi8/NmY6e9
DjBZ0dj8/RlhrIN51EBWykf1iDsCqjrH/4G2UIOA1sWDVQ7mkUMt0uWpBLfjmjFcdLslfvF4KbzE
ZlnU8kwkBd1d+cDzzZPCTz1fBG7z4Tj1VNgoTwU+uge5eDpqcVsKJeuKI7uR2ptd/5pueCQf8348
Dws4lTQypd0H13GK1yEhGQJloycSETLpK4bjpi03gN3nxjr5zIvDt4/FI6CyrHrlz85BAc/g5ODs
2ajBBT0IyFPgDhTdOZAvH4mmdITqwyEYHES0nB7p7T05q67YQQyF+orha31WakVPjlKf/a0ImMk0
YzmdLY05++/xnOljXcP7YZy7e1YxHvN5IP+x/yX/FcwqPE936a9JfwX9ncr7HC8gLOHfKd3w5CDW
xuPgMpLqQRKn+Z5mYjQD4NUaJDQIoMzcG+M1j6K4iBw0fXodgTtrX8iXC7O92PMIEb4INFDbDXQu
Z4b8Wk3K9qYEWYEgw9gV8r4Xp4C2gilcIFEXi9DyOtkkexCT4Jfre54PnjXf7umEjZ46BzUNMpFj
CM72EEzvegzQIveeF3YNyYRwGwPwtc69oxf7FwiSdjf4oxDptlxYwVIH+FEg/D1MeJbBPnD3vqP/
QEJFHg8yyKUVnRtfXA1cHw8+HbE3Q9C1HV8P0PzVkIBHq4KvxJ6IVnjdemZ1uA3xmdUnDA2ZOWQ6
RUp1BlkQA8Gxlh2CRbGLtcgEKyXBeCpYvhYMImAGP3jOHNRkzmzB/MgJCnxBENDfsFzEdR6HMNND
BF2cGfdEn8XYJ88QJbOhlL9k27hIFS7mewwU6oPvxBVAlylYBThlQHwqrip0I1d4HLSZsas4+jZn
WFDxlKE0Q2AWnx/fIoX4RqHk+2otIlYkK0iEAcHQitCEJbKlFTH25M2aGvj4uiS+gMMAhXotA2SQ
8ijDt35ceZtIhXqAA2KQJ8Rrkhc+4OMIhr31gCQYImZpqqXWlozeUMAb2brI3RiMX70GvGRWr7Vx
HavQ+XTKTvBSaFt2sLYKTYg5bkhNGxPYaFx4RrT6LyZnAS5kaz8I4iuGWxI4Ycots43P2d/RYHEM
WW4ZnRr0PXlGVqwmMeCK4eZioG8QKaKzt0wpAscro69uN1Fhrw3sCbTCXZelIpPKQ6XgK0EsFBxC
BXkGBiqzBVINohV/FDxAoa98KFfYhgeFYDtqUfB5u4hdrgjbTaA7GoDS8G2cJdymtU+L0AZ9gU3u
Z9vIueDZJb6UfAlWOKQBrzNQLG6MklMctk5jcF6gexie9eVbzEy5DdhNfYbvYgAjGKdINhAgEBYW
EdgfDpHIz8k4gCew0TS+9sE+BYgBWCK7jyriULaKoGMPLR3HoEX3mZ9/C+LLU5rmCvSUZHCdyWwH
eChg1+kkFmJjoDhdEqqupXOyjrSIIlSni84tTkgJ9BBmNmSHYqN+s9BfrcEV4CML/ebWVZaDEknT
IsklVAoMBRMCbYovUi5saXpFxZXbieMbuUD27RSgjaDNxSBosK5hw9Bg8EAOWjKM+binMR6kW7mj
fwpiG4wHYz+TcNgHoZ+jYwjFitvbHATOzqWkxyRbP0PUNP0ClXblk+DJoGDHXw0kotLGMmLQ84FC
cGcCK2pE40GGVy4pbRyUVeAeZ6sY9IQnqGQUuNCKyBwQaUs2Ri5gdfLf8i2R//McYDJ1H/0Ylr+M
fqjGEiJB+d6KJIUuY+A9MLgKtyIIV21R9YS2/xvaD8xpuVINLxwNvAz+cG2f0W2uQYwiiMmitbzF
HJpogrXm5IDdaC0H2RrASraGlVuGG3PcrjR4DIPHzTUNxAIreeRC2RM1zZcEFSyS07YsI0wuCyQg
lBQ6XkWH5rANkTZlazl9HqmVOA6i8R6MArWBQdAcUHkkCdPBufoVjNbyipuYN4jQJq6EkUPokANu
EZxi5wVO4N5ryiFdd8l+OqaR/Jg9p5HjU3aK95zxP2iMo52xQ8I/Of2JHTx/ieEPJsyO2elzGqCf
sl+O6Rc/7bOfCeji4Fri7viY/VKuc/FS4j9lPxJowf7++h/s4hVBndPnQ0nqV+v4ah13WUczlN50
LMDJmUj9mJJiTGcy+ugGvnpdur0qZdHAhUFa7lKEpiEDSCiETFYIFdR7kKtBmgNOGWPiXT5b+moo
uTAJjXCYWowwSySQwNTpUBkjYY2XmIlhrk0ThjdHo0tVBTX450Q4mJJn5HKRXOnA5dyKB/DSIslq
Vo2x4jXbvZ0kxbmhOF/x1IYAM3DiIJC1IMXx26VLEQvJUbOYmgUZUMijggqAJiVQHBUQbHb7ZWbV
jTZlvJFJqucBLslvWEeyIXspMyf59iZk8HERuBUtPqRiVxGr6c8k4oTIB0Zn47HiFVY7oph7I9Uk
05EYKt68NA7LlFXOViMGTcNsahi5UZq8YRvsFpNqWcd5WbShylJYySfXRYbsFmEiKxxZRjF1Y4A3
Sn0d4iA1gWgnMksO4AqSZYjq/BYBQ+oL6SOssAEjy7JCYAaQr0Frq7Liw9iPq9VU9UtFykxbFXbS
r9PQO+WEfQb5QZ6S9gOeINQPixAyVUhSU1bW46hIJrsSkoparrhflChpx9y0MSh4E0URLTjASrSA
1HVSaewwVp/d6dg0Vhjwf4VfDi63kMSlBjY5o/x74OAndCreDoEUyvihCEPpAXUyTZdYEo59ASbn
SA5r7mCakqfkp1wZB5frSgHiK5El3vtR3WeHVqT6mUuVC0KBs44DWajZPHfWVNASyRl+fYOpbJJ8
m+w+qLsyh7RFVbLJLPFJU0vlLXSr6TZH5H020BoKJOXRwoO8JAbc9nSmvHZdDVKTCAsxV3KO/QQq
l3EyABVZQ/YcKiqwpT0qkdjB2es+wxcJYWDkXvkumD2l3NJ7VvgHhH/JZmXxWte1GUmnMXbI9l1w
VGseeKM4ErLYdgXYsFoKFmXY7UQDa2zEOug1kLV6A9fo1bBQ48GQIRGvz6KzsmStmzBYkSNRV3hC
AhOLJEoG6rrTIzhRuy7zP4hKn1jclmrMMOCpygOKX2kejdA6MXU5aXfIztScgKcrmsBVN0jZAq3o
pXyFLIBOQGxZElBpgi2eEIjHzc5T1NNB4GPLknpW+F0MkeXs5OI1UZoBS8i2XeQMe2Skyno5WaIP
S18T5sUAZy2JWrRyV9jFalmW/T8wDct9VfWsYavSfaZaRJlsaqElR1ksA5eyBg2RSecksR2s4zij
xldZ7Yuyn0MezOU5ZxnflJ4Su5Bloxbv1ZsaCaOmukxYVE/w99iPZE+J2rTfsrd2fI1Wn7LjQ7bz
9vXx4S7wDCYPNMD4K3D3YEn0EB0YBnYBUhecZV3qgSXENISEHYGlv/3xRYlfdQgakG9pMWzWUtCE
7ANbRRSGibe47FCqENJopHoeLQv3fG87uC58t+aWQ5oCzk3wvHSbwL78rEhZTFMfRhEKZiOEbHRE
sRP4CaO5YDUnfAsWg/0YfGRatbYwog1l0mrPnWaub0Pyr9J31vCn5LAHJQZJWKPhUfanm63MC+pF
yk0hPwolNUZj1Q4oMtUTld+2or2p5gzknCVLIJPa+AEuI529cmRqFYxWUDtURXmE04Ju0OyXo1qt
7Vvbx9IU9sO4wH3uyaiktj0KXBkCRmH0Y9T6A2PF3xRGYfIrCqqNycR4JGSryRYSmS083KV09EBx
cF3uCtoIdCLRCs+SfVyoYh+8FeNdUhP5aSNYTUDku43K8e1k8hQ/A8Z4uTmB2HIy/ltRY9COx0bc
oEjAyoUyBfBlpR+lLx7QcnQS09zGh7SkTU+ykLNCqYoU9c3kd1+Y4pGp9mUZ7GlOSwCAb8B0qOFW
Kc+yWkh1i7SS0/CmoJQbu+I+9aXBpQIPUkPlF7bIJNUFRj0ao5ynQa6TioFBohwexh30YRAYVZpN
hyuyKbxUAR972NjAZBIs46XSGhBSdxcbDgGtfoCfwOyAqk3XBidryEy9uBHZYK8N5KFhNXIdo2aI
lGEShsnQj4licHrbEEukDB8Oy4DDrCYd6z51n9X3iQVyeHy1SsVKtadVL1v27PDDhZdd/og+2Mcv
D1/i554GKjzIKImu4UrIPJzTtyZxxYwIrxkg2LBx/ARBuZK8NFCpnBtCBYXK+8qYIB/ATxdRVGum
kwSPm6KDDD1CO2n0ivvgJZM17zP8cAGF8rzK2MBNeyKFrHyAfijCUCnvlpFNxhXe6j2r8+dGKC4g
O4WoT76sdBkKIWle3i/XuKFpyWtT1bkf1h5bxWpEiuNxJ6CDRs2i28QFqamuJpUHKMN6AXWnuUIp
zfuzAeW8pXblrpD7v5lnAPpcyfPJ6cuLZ0s8MpRA8hhYEKkcW3kMPOSBMsalJNP3KkRQqQAj8jwQ
PVDZZJCeDvApR1nGNx74PFMVDCSdPEyC8gqEDk62gEQF36AkiF1s4XcDAAxxP60A6B+wl7xkv1G6
A8G1D2MwAe6zGoJD3uHq8pmFKqo2DzSJX0xGU99VnYjyTJlaDLcFOMoSKKBnlHRTBYsvxAFTKjo3
+ZTrEg0lxwL30GQsg1294pLhafRS/37en5rXWt+4Nvr699r3LiZZ5BB28KkTB73w3mIsfba8mkx3
ZeYoj/+aDQDpCjAUYYQhhmU+Q513UK+zZfKzeUVaeu+y6kmrc0NyTYAHIptDp7pZKbBBeegIRiNT
5CdH5JNoKRrfQlJQYqE+VNyADChfbSSSMX3AlYlr8JCZKhidSyw5MiqOQCK2D8n+ViaGNA75pTeO
AxlvHpClVQ5eyoKogAynKmJ7/Z7Ap08zX70/dUCfAai//GY76gteFQSPlPGrcS1YHL534zzCd2Ib
UPVt6RpQpEHzGh1O89rzg1y0EK/C1nfo8IPEzWsf9uymCcDPyzWvQ1sekDdhmfrqXROWOG22XwlP
tTVaMymKZG0QZD1hE3J+9qJFwTb7I6Cv56lfrLqVx5cigmShxfGW0+MRunrM+4OfyOcJp/Sk8Qf5
5bFqNFxeh22ZxkiNPh4bmqbjM1hnhy9bnLrxe6KkCwSQ31YH+IQoy1oDz33c9W9PWix2KIBLrM/b
bAHwCl89bAEb35jDV6U1/DwiELxuG1cdu99Tatb8fh8ZwUp+109hwUdiCWX5cCl5LdcuvyGHdphu
kzxWn0rC8Sv3hsr8lpZJNkYTBMVhQRF4JR8Jrcj5FTO4l2fUV6on/Pnn/wDHrw2P
===END CRASH DUMP===
