PocketMine-MP Crash Dump Sun Jul 11 01:10:12 +07 2021

Error: Attempted to create tile pocketmine\tile\Sign in unloaded chunk 93 100
File: pmsrc/src/pocketmine/level/Level
Line: 2609
Type: InvalidStateException

Code:
[2600] 			throw new LevelException("Invalid Tile world");
[2601] 		}
[2602] 
[2603] 		$chunkX = $tile->getFloorX() >> 4;
[2604] 		$chunkZ = $tile->getFloorZ() >> 4;
[2605] 
[2606] 		if(isset($this->chunks[$hash = ((($chunkX) & 0xFFFFFFFF) << 32) | (( $chunkZ) & 0xFFFFFFFF)])){
[2607] 			$this->chunks[$hash]->addTile($tile);
[2608] 		}else{
[2609] 			throw new \InvalidStateException("Attempted to create tile " . get_class($tile) . " in unloaded chunk $chunkX $chunkZ");
[2610] 		}
[2611] 
[2612] 		$this->tiles[$tile->getId()] = $tile;
[2613] 		$this->clearChunkCache($chunkX, $chunkZ);
[2614] 	}
[2615] 
[2616] 	/**
[2617] 	 * @return void
[2618] 	 * @throws LevelException
[2619] 	 */

Backtrace:
#0 pmsrc/src/pocketmine/tile/Tile(169): pocketmine\level\Level->addTile(object pocketmine\tile\Sign)
#1 pmsrc/src/pocketmine/tile/Spawnable(62): pocketmine\tile\Tile->__construct(object pocketmine\level\Level, object pocketmine\nbt\tag\CompoundTag)
#2 pmsrc/src/pocketmine/tile/Tile(116): pocketmine\tile\Spawnable->__construct(object pocketmine\level\Level, object pocketmine\nbt\tag\CompoundTag)
#3 pmsrc/src/pocketmine/level/format/Chunk(723): pocketmine\tile\Tile::createTile(string[4] Sign, object pocketmine\level\Level, object pocketmine\nbt\tag\CompoundTag)
#4 pmsrc/src/pocketmine/level/Level(2683): pocketmine\level\format\Chunk->initChunk(object pocketmine\level\Level)
#5 pmsrc/src/pocketmine/level/Level(2295): pocketmine\level\Level->loadChunk(integer 92, integer 102, boolean )
#6 pmsrc/src/pocketmine/level/Level(2013): pocketmine\level\Level->getChunk(integer 92, integer 102)
#7 pmsrc/src/pocketmine/Player(1570): pocketmine\level\Level->getNearbyEntities(object pocketmine\math\AxisAlignedBB, object JackMD\NameSpaceRemover\CustomPlayer)
#8 pmsrc/src/pocketmine/Player(1795): pocketmine\Player->checkNearEntities()
#9 pmsrc/src/pocketmine/level/Level(854): pocketmine\Player->onUpdate(integer 68051)
#10 pmsrc/src/pocketmine/level/Level(787): pocketmine\level\Level->actuallyDoTick(integer 68051)
#11 pmsrc/src/pocketmine/Server(2265): pocketmine\level\Level->doTick(integer 68051)
#12 pmsrc/src/pocketmine/Server(2396): pocketmine\Server->checkTickUpdates(integer 68051, double 1625940612.7493)
#13 pmsrc/src/pocketmine/Server(2152): pocketmine\Server->tick()
#14 pmsrc/src/pocketmine/Server(1992): pocketmine\Server->tickProcessor()
#15 pmsrc/src/pocketmine/Server(1586): pocketmine\Server->start()
#16 pmsrc/src/pocketmine/PocketMine(291): pocketmine\Server->__construct(object BaseClassLoader, object pocketmine\utils\MainLogger, string[38] C:\Users\Administrator\Desktop\Prison\, string[46] C:\Users\Administrator\Desktop\Prison\plugins\)
#17 pmsrc/src/pocketmine/PocketMine(321): pocketmine\server()
#18 pmsrc(11): require(string[93] phar://C:/Users/Administrator/Desktop/Prison/PocketMine-MP.phar/src/pocketmine/P)

PocketMine-MP version: 3.21.1 [Protocol 440]
Git commit: a50ef2af6f6a695e3002f4397ff089635c181dbb
uname -a: Windows NT WIN45359 6.3 build 9600 (Windows Server 2012 R2 Standard Edition) AMD64
PHP Version: 7.4.20
Zend version: 3.4.0
OS : WINNT, win
Composer libraries: 
- adhocore/json-comment 1.1.2@fc2f76979f0a44a5f5bc2a2b600d0762fe0e78e7
- daverandom/callback-validator unknown@unknown
- pocketmine/binaryutils 0.1.13@0abee38d4e2861621f262c79a2a3d699d8a697f4
- pocketmine/callback-validator 1.0.3@64787469766bcaa7e5885242e85c23c25e8c55a2
- pocketmine/classloader 0.1.2@9757928424652393b178a3760073113aa7c9911b
- pocketmine/log 0.2.1@830b44a2cf96ef703c550abe64302f230231ca49
- pocketmine/log-pthreads 0.1.3@e477ecf6ec214fdd4415ea1da3fdd9d73bf699ea
- pocketmine/math 0.2.6@43057cb8c179a9859677b496a788db922fd5cfc3
- pocketmine/nbt 0.2.18@9f82ca4d7f97fcd9a566e44b63c4f18a7657ae82
- pocketmine/pocketmine-mp 3.21.1@a50ef2af6f6a695e3002f4397ff089635c181dbb
- pocketmine/raklib 0.12.11@9cce458b8bfde3e4dfdbf70c659fc7b7fe26b5c4
- pocketmine/snooze 0.1.5@70b5e7937a06878dd321a3182ceb76d56298f2cd
- pocketmine/spl 0.4.2@6b08b7cf8c4afa17139c9a1b3bf1b408531de161

Loaded plugins:
AntiToolBox 0.2 by NgLamVN for API(s) 3.19.0
AutoClearLagg 3.1.0 by Twisted, NhanAZ for API(s) 3.0.0
AutoFMReset 0.3.4 by Nameless, NhanAZ for API(s) 3.0.0
AutoInv 0.0.10 by Twisted, NhanAZ for API(s) 3.0.0
AutoMineReset 0.3.4 by Nameless, NhanAZ for API(s) 3.0.0
BuilderTools 1.2.0-beta4 by CzechPMDevs, VixikHD for API(s) 3.16.0
BuyFix 1 by Twisted, NhanAZ for API(s) 3.0.0, 3.7.1, 3.8.1, 3.9.3, 4.0.0
CustomAlerts 2.1 by Twisted, NhanAZ for API(s) 3.0.0
DEVirion 1.2.5-ALPHA12 by poggit, SOFe for API(s) 3.0.0
DevTools 1.14.2 by PocketMine Team for API(s) 3.13.0
EconomyAPI 5.7.2 by onebone for API(s) 3.0.0
EnchantStore 1 by phuongaz, NhanAZ for API(s) 3.0.0
ExtendedBlocks 1.1.4 by Javier Leon9966 for API(s) 3.14.0
FormAPI 1.3.0 by jojoe77777 for API(s) 3.2.0
GCPClan 1.1 by InstantlyTa, NhanAZ for API(s) 3.0.0, 4.0.0
InvCrashFix 0.0.1 by  for API(s) 3.14.0
KeepInventory 1.2 by KhoaGamingPro for API(s) 3.0.0
MineReset 3.2.0 by Falk for API(s) 3.0.0
MultiWorld 1.5.3 by CzechPMDevs, VixikCZ, fuyutsuki, kaliiks for API(s) 3.20.0
MyPlot 1.10.1 by Wiez, Exxarion, jasonwynn10 for API(s) 3.4.0
NameSpaceRemover 1.0.0 by JackMD for API(s) 3.0.0
Netherite 1.2.1 by Wertzui123 for API(s) 3.0.0
Offhand 2.0.4 by alvin0319 for API(s) 3.0.0
PM-Beacons 2.0.1 by jasonwynn10 for API(s) 3.0.0
PlayerInfo 2.1.4 by Matthww for API(s) 3.0.0
PrisonRank 1.2 by Fycarman, Khang, NhanAZ for API(s) 3.0.0
PureChat 1.4.11 by 64FF00 for API(s) 3.0.0
PurePerms 1.4.3 by 64FF00 & ProjectInfinity for API(s) 3.0.0
SafeServer 1.5.0 by HiroTeam-Willy for API(s) 3.0.0
ScoreHud 3.0.0 by Twisted, NhanAZ for API(s) 3.0.0
Sell 1.0.0 by AndreasHGK, NhanAZ for API(s) 3.0.0
ShopUI 1.0.0 by SaltyPixelDevz for API(s) 3.0.0
Slapper 1.6.1 by jojoe77777 for API(s) 3.20.0
SlapperRotation 1.2.1 by jojoe77777 for API(s) 3.0.0
Travels 2.1 by KRUNCH7SHooT for API(s) 3.0.0
VanillaBlocks 1.0.6 by xSuper for API(s) 3.0.0
VanillaInventory 1.1.2 by  for API(s) 3.19.0
VanishV2 1.20 by superbobby for API(s) 3.0.0
WFT 1.3.2 by  for API(s) 3.0.0
WarpsPro 1.3.0 by nikoskon, NhanAZ for API(s) 3.0.0
WorldGuard 1.1.94 by MihaiChirculete for API(s) 3.0.0
WorldLoader 1.0.0 by JackMD for API(s) 3.0.0
WorldProtect 2.3.8 by aliuly for API(s) 3.0.0
Worlds 3.0.9 by survanetwork for API(s) 3.0.0
iProtector 3.1.1 by LDX for API(s) 3.0.0

----------------------REPORT THE DATA BELOW THIS LINE-----------------------

===BEGIN CRASH DUMP===
eNrtPIly3MaxvzJv5YpJvz1w7O3QJYoULcYixYiUpdhQqQbAYBcijjWOJVeJ//119wxOLg9JfMl7
VXJS1KIx09PX9DUA/tnx4iTk2Ye1SFI/jjrzYbeT+aHozPWxMZoNtbFu9CeTqWZ0O/lK3jGH2qg/
NqbT2WyqG+PZFOYEPM2eJ0mcdOb/7GSbFQzrHEdrHvjuecYz8fzaETAdVuh2QpGmfIEj9rNMhKtM
uCyLmZMIGMgyPxBsFTuXIgv9SFgWAizr3F9EzI9YHgUxd2GGs8yjSzYzma5pgNTLg+AIRgLW1ZIn
88HgYD54kwJbg30XEPlplvAsTgaHIr3M4tXgLPHTOBqc0UonsFLv5KyPUwdp4gwqAgaBWItg8BL/
wv0VrqXWCXHk7aNhZACgztwYazMQa8IduPi980RjW6cio4ML+LOjj2e784YQCK1lEd7eT9x1aVxs
fxROdou0dmH9J/odS52v+FXEbcAzNlrLSSy4Ru+nDx+cOALp5U62bcE6ZV22ZUBkZ4CQLyzrIA5X
cR65F3xBxBn3ykEfbyWspPx/kzqT3aFguW0GB2iEOxPDvFV+87m0a+IH6PSjxe/D9wwVtJWeryB4
yO6zyB1jPDW3W5ZkCJAiR72fYMNkkrl7aKSVRw9Y2ZiN7rRp3NZyRT/KxEIkbGZ0WfFbBwfE7DgO
BI8YrTl+wJqabt655kJkdy5JC022L3QW8I1IdvTRRLtvjVPBE3vzPMr8zBfpNomC6JeWtX/tp/sB
WIZwnz0rlf837lyeHFrWKQ8FGL4jXoswBn8NusrTLA4lIUTq9G5SJzdUIO/0fnKWwrlEMksiCd/s
fhlPR8NbcMbRm5ULll8KdzzVRrr0Str9iCfTyd0+0MlyHgSbw/jCdy63LXKL7zsXCUgPDHJ8t0G6
tyI27kZsztpeS95RYkasUjJpE3mXuXEOTo3VQ+9wZspFzbsX1UfGLYtmyIXEMbwThz6b3YXjLIkd
iNxxopCN7kY2mt4mhTTjSaaQ3LKLq6i8Y8z0W/Bscf3PeCoOIBdJX2KSkGx1oDk459SyTrgfvYwX
Cxyl/LI5fc8O5pZFaQNsx3reYFkqcQADp8zBssp5w/FnzVsF+cKPYKAUweReEZhGWwSpFLJEoHY9
REsYlYg/cj8pQ83MfM8eOR862+28/7PbEf/RbO8LMjCgWUr+gx+t42AtQhFlgCSKYUS348SuQHZg
qAZQK8P/ZcskvmKRuGKEr+Rrxyr4ZRjY2VWcBK7V2f0REAECXSH4U14acCl/merGd8TPO7bHvsso
yYIocRTEcfJuZ5f99BMbKkTDxvjfbo7/rTl+VK40VjN9b8dPU5HtfJct/RRdECBKf/9uydMloNvZ
2VG07LK/MO36SP23y/76V2Yau+xfMISp5VtD3u/u/lMuNikFtmWV91W+SsQXQpoWQhJBKhSi2RbJ
W9ZW0wIV3GpQVof1GYjog4O+QC0LIIDfNKpCF4rJUou61tCirhey1Y1CK5JZxA68loo5dnd23xeq
UrjM5hQH8piEUo8DDkGh0EG3lLSaJvWvCCiVq0vlDn74QV5K8bMf2NNEZHkSsXXsu/LWtLxFAk1b
diwHzdSgQefPb2XKtzLlW5nyrUz5VqZ8K1O+lSnfypT/32VKt7MQkUh4gIl9xLF53WnMBMJs0EXV
/u6YfUPv6wjP/cDtzPXp0Oh2/PSDK9aducchV4U6Iomz2IkB7XCowSI+1hF8pAnP4N7YG/PxbCRM
TTO8oTmbeJ42nY3NkaNPdde2AXeuaHnrRy4mZacX7O3x6XBkjmZs3DcZrc1mUImwnWKMNCcGwcJg
rw0GyXDk8sRlz10fM7ldtn9yOB4CcuxRzzuT/rBvYKn0SUQu8TXsa/LuhzjFtY9PTy8AQBdXfkQl
EERqkP2HwLcTnoB/Rblxdwm8JmLwEQTfgzGqbgIx9Y2nnmN4k/FsMvM0PhzykTeyHYMbNtDuapOx
4QlNTKZiAuhdDgwA1XE4cMAl2hAwepTYo4IBIUS4KL6Knqp/kdhKnbYf8WRDmwKGarC2bj7VuC2E
OXWHwphCVmzonjE2nMmMG9x0x7OZOwVNTLxhE9XWxfW+1jefjofgz4cwZzy2Hc4nYjSdjoyhIaYj
xzAdYySmzmjEjRZC3MpUUySKNuPpbDKazAwwnuF4BK7WtPXJlJsTEMvE1HUTcDuzma7bTUxBvCAM
Rl9/OjU1GyRqON5sLLyJZsLKyPB4aIJhGfDH1B0+nN3A0FtBri+4WwjKfCqGk4lwvLFwDH3oue5w
qI8E111uwsXMnZi2B9ISvIkKo72iZvwUFh1NHHvqQHjms+loNp5M7OFszCfTqWvPDMNzR47nmE0U
kAUW/EyfzrypAQS7Ew904rgzPhqPxXBoj01n6OlTPhmPJlxMW8KtfvbCVblBn37GbqshS/gl2LaU
C9CkP505jhiOpvbU9lxhiqHruTbI2hmPZp4zsSeeMMb2yGlZUBrF8SehxDt6OtHskZjMzAnXxtPJ
1HXBE3JTB26FPRm7o7Exm3qG47aQrALCAPv06djWpvbE8abOkHtcn+jmzJlx3QbF6PZQm45M3RX6
WO/8WXYxaG/uQx50Aenms/i65uLq0G6n8m2gB7jmebaMkxRLvNPFSx7+eoqOkq98hJh9fQZ+AgCC
KhdwHRC5wOW5YgWOBGfBvTT2ssM6IIQo1VxYRi5swMC+QLf76vzi7avXLw8BdCXs1M+QUvCcy9zu
g1MZFLQAg/t5Fh9ghfySLxZ1vhrwOmdANnm3Gm8XVxA7BMr8dMmj/d8aTGpfzmMm8VoWrBVTHR8A
NRBOW8Tdyfcyy1YpBLsa/4re/XQT5OHJwaCJT0nl6OS1SEXWkkkBbeoaPH5L2zAjgNTo0UWyH7ng
b9IXP/8ixYDBlSh6mBEUzB1H6xZjCGkyBRvu36TnjxAhYJsn7jL3U6ltP1pLBiVdD2KqlEWLtQr+
/1hrzzBPEQlu+bTGXwNcZw8CY1/r2SLjLSYPPglneXZyKNY44Vf/2r98cdh0S+Mv59RB7KsQMjhQ
pC2Jy5A4y2qR+rmbtkb3oIGKhLM58q8bYiFAQyCfactd+HdC6anZn6p/Z30MusOvMQVJ2cP1Liv6
/QDEWNd7A1xn0+jr/55NW6egaDyU9Ci2zi/2X1+8Oduq2qurq75YgwIBfz+7RF4Pn//qJ8RGyWcJ
atv2qLf/8uzFvt4Ksyuo33zc6OevjsRjsSqRWtaaSLEssG71q0beHSwTb2Ld3rslqMmbPmznDlUd
xS4ED5ub1fxyvgoCsCJdt/blXaqr7cqKtEGJA7h9DnV4HG72z45r/NaAdY5HsM1aDMeRsPGo6JH0
p9BZlpAUAE7LalBz7zZ8Hjmwe7JzqGBEnaU6+A5vs1rmcbTgn75sF3aO4iSUhNaovstg1XLApSQQ
EZQXD+L3OgOswn0WgILrRtu60TLddkT9G1/7UEm/FHE0m43HTcsdfrlGJd4CLXDWoOrh3rUQbMVf
Jeo6Y2Y75f0Yf4zFBP9r8GR8RRJUYrQsRUT54yGs/HxwdhDwuu8sIC0dNRk5jtIMbCLYXPC7YuFX
xTy/WCPjluU5HIp48J1HB/uKvHtTAfA5MG0l+usIWYWc8CDh6bIZ8+vQG5lsg+nHssIw/yPFuADJ
qoMrexjYZZ/xIRr7RYgVEC0i8B6bGiNNeCvwNbX3yzLmP3OocRdnSfxY7rKB1LIa5Dx8a23Lxrdn
4nLbNPg64sHlY7HjAS4/Qa+AvYBEpd01Su5nJQ8y/y0+d1DnpQI2VTSiJPHujPvgN3qOdpNnaX7p
w+9LHvg++NOGM9EeKQ8PkVT53ITVIPtrcvAaIhTR5iyIG6qWgJbvae/EzltfYFB8fn3NVR71kadx
dLWJIl1rSOOz92kz36hlakT0ebYJaJs+5+nmIA5DHrlYmnl+EHQqOUo2QGwFO/ekee0juZpEbtxq
ykZr7wF5yvdYu+D2M8OHbuhTkS1FQtcVTyWsnZ+39QyFwafc1w3zsRiqMAJTBRkP42aLZVfYBhVP
wPQrz4OQWN/3BaRZdGntzIcHaz/STH32WPyWCC1LkVD+eIj2zk56zwTH47H6AU0FbLPT0t9tu/Kr
uj4lSsuyiQzLqsi5nyM6VT6OvLjOUQVsVcVtBZ3wLFteXT0WNwpdcdiNFNR/P4ghOm97zaPLOkMV
8M5M4Gjj8CSkdOoXsInFo9f7xVnlQ93FWZ6IgyWvx4QS1ORk2Ndb1jYeHh1pn2dohPxMJGF6szCC
dMLBg7sUk6Ru5x2U73Genj3vFfCaw/8g1wbdKWKrX1/gVogoeYYwKNEo4Uhim9KRsLZ4zG3SYX9h
wA6eZYN94cM5m8fSdEMERFHt5yMIQeIBKZxzT8iz1poYasB2XtUKkC/8JMZ+SO8txOxH477AalkV
JfXfXxhgEG269ENOHRxkHg96X+T10FKCmtmx9u86bylyhIKOh2/2cxHUD/7p8p70puqJPzofuPxn
0L6MV2/qLQAFuIf+cx5kmzP/WgSQDn96LNLfHOPqn0F8wFer5v5RkCb54xsB/ZYGxlfQnsqVvzgH
q0gaFExUHL6OM541e8PtO/ekoLdw/DV21iTg4Vq7SPhaNHrBBeTOVv4vr9+cHryYnL+I44vH4kEt
/HDaf+URuFt+ozHYhLc3z7jJyfV5jur9rADf6jzewZPEblkNklqXn8Hqth7NjVvtRqhxe8fpK079
L+OEu/HI1MNJyc8X9GZwZrr81WgxRKDWLmp5vRQla8e2/WjxtsIoOUIiql8P4ebt0UWNEbxqN29v
V8bXFKBx4B2KSDehAD0CIjM/WlyI6884033LkxXlpDXqC9A9/efIv4zTS3J6jxs7C8SWVZBS/XoQ
T9hc+TnnST2xqQHb+2TWLsv8JfcPln7i5IHIvvIIqPNauGkWR+IA8flZvbHTXAeYLGms//6CMNbC
PKghK+SjesQtAZWd4/9AW6hGQOPiwSoH88igFmnzVICbcc3sT9vdEj9/vBReYrMsanmuJAXtXfnA
882T3E88XwRu/eE49VTYIEsEProHuXgyaHBbCCVtiyO9kdrP2v41WfNIZED65eN5WMCppJEq7T64
jlO89glJHygbPJGIkElfMRzXbbkGbD831spnXh6+eyweAZVlVSt/cQ4KeHonB2fPBzUu6EFAngB3
oOjWgXzxSDSlI1Qf9sHgIKJl9Ehv58lZecUOYijUFwxfqLQSK3pylPjsb3nAZkw356Px3Jyw/9Ym
zNAMHe+HcebuWbmm8Ukg/7H/Jf8VzMo9z3Dp74z+Cvo7kvc5XkBYwr8juuHJQayJx8FlJNW9VZxk
e/oMoxkAr5YgoV4AZeaehtc8iuI8ctD06VUO7ix9IV/rTPdizyNE+ApWT2030LmcGfJrNSndGxFk
AYIMY1fI+16cANoSpnCBRF0sQovr1Xq1BzEJfrm+5/ngWbPNnkHY6KlzUFMvFRmG4HQPwfTiRg8t
cu9FbleQVAi3NgBfqN07erl/gSBpd70/cpFsioUVLHGAHwXC3/0VT1PYB+7eD/QfSCjP4l4KubSi
c+2Lq57r48GnI/bGCLq24+semr8aEvBokfOF2BPRAq8bz6z2NyE+s/qEoSEzh0wnT6jOIAtiIDjW
sEOwKHaxFKlghSQYTwTLloJBBEzhB8+Yg5rMmC2YHzlBjq9mAvoblou4zuMQZnqIoI0z5Z7oshj7
5CmiZDaU8pdsE+eJwsV8j4FCffCduALoMgGrAKcMiE/FVYlu4AqPgzZTdhVH32cMCyqeMJRmCMzi
8+MbpBDf5ZR8Xy1FxPLVAhJhQNC3IjRhiWxuRYw9ebukBj6+qJqCn2CAQr2WATJIeARlqnqPVZEK
9QAHxCBPiNckL3zAxxEMe+sBSTBEzNJUC63NGb2hgDfSZZ65MRi/egF7zqxOY+M6Vm7w0Yid4KXQ
N+xgaeW6EBPckLquEdisXXhmtPgvJmcBLmRrPwjiK4ZbEjhhyi2ztc/Z39FgcQxZbhGdavQ9eU5W
rCYx4Irh5mKgbxAporM3TCkCxyujL2/XUWGvDewJtMJdlyUilcpDpeArQSwUHEIFeQYGKrMFUg2i
FX/kPEChL3woV9iaB7lgO2pR8Hm7iF2uCNtNoDvqgdLwbZw53Ka1T/PQBn2BTe6nm8i54Oklvg5+
CVbYpwFvUlAsboyCUxy2TGJwXqB7GJ525fvjTLkN2E1dhu9iACMYp0g2ECAQFuYR2B8OkcjPyTiA
J7DRJL72wT4FiAFYIruPSuJQtoqgYw8tHcegRXeZn30P4ssSmuYK9JRkcK3JbAd4yGHXGSQWYqOn
OJ0Tqralc7KOJI8iVKeLzi1ekRLoIcy0zw7FWv1mob9YgivARxa69a2rLAclkiT5KpNQKTAUTAi0
Kb5IubCl6RUVV24nju9CA9nbKUAbQZuLQdBgXf2aocHgnhw0ZxjzcU9jPEg2ckf/HMQ2GA/Gfibh
sA9CP0PHEIoFtzcZCJydS0lrJFs/RdQ0/QKVduWT4MmgYMdf9SSiwsZSYtDzgUJwZwIrakTjQYZX
LCltHJSV4x5nixj0hCeoZBS40ILI7BFpc6YhF7A6+W/5lsj/eQ4wmbqLfgzLX0c/VGMrIkH53pIk
hS5l4D0wuAq3JAhXbVD1hLb/W9oPzGm4Uh0vHB28DP5wbZ/Rba5DjCLIjEVLeYs5NHEG1pqRA3aj
pRxk6wAr2OqXbhluTHC70mANBmv1NU3EAit55ELZEzXNlwTlLJLTNiwlTC4LJCCUFDpeSYfusDWR
NmJLOX0SqZU4DqLxHowCtYFB0BxQeSQJM8C5+iWM1vLym5jXiNAmroSZQeiQA7YITrHzEidw7w3l
kK47Zz8f00h+zF7QSO2UneI9R/sHjXH0M3ZI+IenP7ODF68w/MGE8TE7fUEDjFP26zH94qdd9gsB
XRxcSdzVjtmvxToXryT+U/aMQFP29zf/YBevCeqcvuhLUr9ZxzfruM066qH0pmMBTs5E4seUFGM6
k9LnTvAd7cLtlSmLDi4M0nKXIjQN6UFCIWSyQqig3oNcDdIccMoYE2/z2dJXQ8mFSWiEw9RihFki
gQSmSoeKGAlrvMJMDHNtmtC/ORpdqiqowT+vhIMpeUouF8mVDlzOLXkALy1WacWqqSle093tJCnO
TcX5gic2BJieEweBrAUpjm+XLkUsJEfNYmoWZEAhj+iF/gYlUBzlEGx2u0Vm1Y42RbyRSarnAS7J
b1hFsj57JTMn+fYmZPBxHrglLT6kYlcRq+hPJeIVkQ+MjjVN8QqrHVHMvZFqkulIDCVvXhKHRcoq
Z6sRvbph1jWM3ChN3rANtsWkGtZxXhRtqLIEVvLJdZEhu3m4khWOLKOYutHDG4W+DnGQmkC0E5kF
B3AFyTJEdb5FwJD6QvoIK6zByNI0F5gBZEvQ2qKo+DD242oVVd1CkTLTVoWd9Os09FY5YZ9Bfgqp
oP2ArxDqh3kImSokqQkr6nFUJJNdCUlFJVfcL0qUtGNu2hgUvCtFES3Yw0o0h9R1WGrsMFYfPGrZ
NFYY8H+FXw4utpDEpQbWOaP8u+fgx4tK3g6BFMr4oQhD6QF1Mk2XWFYc+wJMzpEcVtzBNCVPyU+x
Mg4u1pUCxFciC7x3o7rLDq1I9TPnKheEAmcZB7JQs3nmLKmgJZJT/NgKU9kk+TbZfVB3ZQ5pi7Jk
k1nik7qWilvoVpNNhsi7rKfXFEjKo4V7WUEMuO3RWHntqhqkJhEWYq7kHPsJVC7jZAAqsvrsBVRU
YEt7VCKxg7M3XYYvEsLAyL3yXTB7Srml9yzx9wj/nI2L4rWqa1OSTm1sn+274KiWPPAGcSRkse0K
sGG1FCzKsNuJBlbbiFXQqyFr9Aau0athocaDPkMi3pxFZ0XJWjVhsCJHoq7whAQm5qto1VPXrR7B
idp1qf9JlPrE4rZQY4oBT1UeUPxK86iF1uHMkJN2++xMzQl4sqAJXHWDlC3Qil7CF8gC6ATElq4C
Kk2wxRMC8bjZeYJ6Ogh8bFlSzwq/iyHSjJ1cvCFKU2AJ2bbzjGGPjFRZLSdL9H7ha8Is7+GsOVGL
Vu4KO1/Mi7L/J6Zjua+qniVsVbrPVIsolU0ttOQojWXgUtagIzLpnCS2g2Ucp9T4Kqp9UfRzyIO5
POMs5evCU2IXsmjU4r1qUyNh1FSXCYvqCX6M/Uj2lKhN+z17Z8fXaPUJOz5kO+/eHB/uAs9g8kAD
jL8Cdw+WRA/RgWFgFyBxwVlWpR5YQkxDSNgRWPq7Zy8L/KpDUIN8T4ths5aCJmQf2CqiMEy8xUWH
UoWQWiPV82hZuOd7m9517rsVtxzSFHBugmeF2wT25WdFimKa+jCKUDAbIWSjI4qdwF8xmgtWc8I3
YDHYj8FHplVrCyNaXyat9sSp5/o2JP8qfWc1f0oOu1dgkITVGh5Ff7reyrygXqTcFPJzXFJjNFbt
gDxVPVH5VTHam2pOT86ZsxVkUms/wGWks1eOTK2C0Qpqh7Ioj3Ba0A6a3WJUo7W9tX0sTWE/jHPc
556MSmrbo8CVIWAURj9GrT8wVvxNYRQmv6agWptMjEdCtppsIZHZwsNdSkcPFAeXxa6gjUAnEo3w
LNnHhUr2wVsx3iZ1JT9tBKsJiHzbqNS2k8kT/AAb48XmBGKLyfhvSY1JOx4bcb1cfvpJmgL4ssKP
0hcPaDk6ialv40Na0qYnWchZoVRFgvpm8rsvTPHIVPuyCPY0pyEAwNdjBtRwi4SnaSWkqkVayql/
U1DKjV1xn/rS4FKBB6mhVbzKg8Ik1QVGPRqjnKdJrpOKgd5KOTyMO+jDIDCqNJsOV2RTeK4CPvaw
sYHJJFjGS6U1IKTqLtYcAlp9Dz8+2gKVm64JXi0hM/XiWmSDvdaTh4blyGWMmiFS+qswXPX9mCgG
p7cJsURK8eGwFDhMK9Kx7lP3WXWfWCCHxxeLRCxUe1r1smXPDj8Zednmj+iDffzq8BV+7qmnwoOM
kugaroTMwzl95RNXTInwigGC9WvHTxCUS8lLA5XKuSFUUKi8r4wJ8gH8dBFFtXo6SfC4LjrI0CO0
k1qvuAtecrXkXYYfLqBQnpUZG7hpTySQlffQD0UYKuXdIrLJuMIbvWd1/lwLxTlkpxD1yZcVLkMh
JM3L+8UaNzQtea2rOvPDymOrWI1IcTzuBHTQqFl0m7ggNdXVpOIApV8toO7UVyikeXc2oJy31K7c
FXL/1/MMQJ8peT45fXXxfI5HhhJIHgMLIpVjK4+BhzxQxriUZPpeiQgqFWBEngeiByqaDNLTAT7l
KIv4xgOfp6qCgaSTh6uguAKhg5PNIVHBNygJYucb+F0DAEPcT0oA+gfsJc/Z75TuQHDtwhhMgLus
guCQ97i6fGahjKr1A03iF5PRxHdVJ6I4U6YWw7YAR1kCBfSUkm6qYPGFOGBKRec6n3JdoqHgWOAe
Gmoy2FUrzhmeRs+NHyfd0exa75rXZtf4Uf/RxSSLHMIOPnXioBfem2rSZ8ur4WhXZo7y+K/eAJCu
AEMRRhhiWOYz1HkH9TobJj+blyeF9y6qnqQ8NyTXBHggsjl0qpsWAusVh45gNDJFfnJEPomWovEN
JDklFuoT0TVIj/LVWiIZ06dzmbgGD5mqgtG5xJIjpeIIJGL7kOxvZGJI45BfeuM4kPHmAVla6eCl
LIgKyHDKIrbT7Qh8+jT11ftTB/QZgOrLb7ajvuBVQvBIGb8a14DF4Qc3ziJ8J7YGVV/1rgB5EtSv
0eHUrz0/yEQD8SJsfIcOPwVdv/Zhz67rAPy8XP06tOUBeR2Wqq/e1WErp8n2a+GptkZjJkWRtAmC
rCesQ87PXjYo2KR/BPT1PPWLlbey+FJEkCw0ON5wejzCUI95f/JX8nnCET1p/El+eawcDZfXYVOm
MVJjaJqp6wY+g3V2+KrBqRt/IEraQAD5TXWAT4jStDHw3Mdd/+6kwWKLArjE+rzJFgCv8NXDBrD2
jTl8VVrHzyMCwcumcVWx+wOlZvXv95ERLOR3/RQWfCSWUBYPl5LXcu3iG3Joh8lmlcXqU0k4fuHe
UJnf0DLJxqyDoDjMKQIv5COhJTm/YQb36oz6StWEP//8H9JBExY=
===END CRASH DUMP===
