PocketMine-MP Crash Dump Sun Jul 11 08:32:38 +07 2021

Error: Attempted to create tile pocketmine\tile\Sign in unloaded chunk 93 100
File: pmsrc/src/pocketmine/level/Level
Line: 2609
Type: InvalidStateException

Code:
[2600] 			throw new LevelException("Invalid Tile world");
[2601] 		}
[2602] 
[2603] 		$chunkX = $tile->getFloorX() >> 4;
[2604] 		$chunkZ = $tile->getFloorZ() >> 4;
[2605] 
[2606] 		if(isset($this->chunks[$hash = ((($chunkX) & 0xFFFFFFFF) << 32) | (( $chunkZ) & 0xFFFFFFFF)])){
[2607] 			$this->chunks[$hash]->addTile($tile);
[2608] 		}else{
[2609] 			throw new \InvalidStateException("Attempted to create tile " . get_class($tile) . " in unloaded chunk $chunkX $chunkZ");
[2610] 		}
[2611] 
[2612] 		$this->tiles[$tile->getId()] = $tile;
[2613] 		$this->clearChunkCache($chunkX, $chunkZ);
[2614] 	}
[2615] 
[2616] 	/**
[2617] 	 * @return void
[2618] 	 * @throws LevelException
[2619] 	 */

Backtrace:
#0 pmsrc/src/pocketmine/tile/Tile(169): pocketmine\level\Level->addTile(object pocketmine\tile\Sign)
#1 pmsrc/src/pocketmine/tile/Spawnable(62): pocketmine\tile\Tile->__construct(object pocketmine\level\Level, object pocketmine\nbt\tag\CompoundTag)
#2 pmsrc/src/pocketmine/tile/Tile(116): pocketmine\tile\Spawnable->__construct(object pocketmine\level\Level, object pocketmine\nbt\tag\CompoundTag)
#3 pmsrc/src/pocketmine/level/format/Chunk(723): pocketmine\tile\Tile::createTile(string[4] Sign, object pocketmine\level\Level, object pocketmine\nbt\tag\CompoundTag)
#4 pmsrc/src/pocketmine/level/Level(2683): pocketmine\level\format\Chunk->initChunk(object pocketmine\level\Level)
#5 pmsrc/src/pocketmine/level/Level(2295): pocketmine\level\Level->loadChunk(integer 92, integer 102, boolean )
#6 pmsrc/src/pocketmine/level/Level(2013): pocketmine\level\Level->getChunk(integer 92, integer 102)
#7 pmsrc/src/pocketmine/Player(1570): pocketmine\level\Level->getNearbyEntities(object pocketmine\math\AxisAlignedBB, object JackMD\NameSpaceRemover\CustomPlayer)
#8 pmsrc/src/pocketmine/Player(1795): pocketmine\Player->checkNearEntities()
#9 pmsrc/src/pocketmine/level/Level(854): pocketmine\Player->onUpdate(integer 6998)
#10 pmsrc/src/pocketmine/level/Level(787): pocketmine\level\Level->actuallyDoTick(integer 6998)
#11 pmsrc/src/pocketmine/Server(2265): pocketmine\level\Level->doTick(integer 6998)
#12 pmsrc/src/pocketmine/Server(2396): pocketmine\Server->checkTickUpdates(integer 6998, double 1625967158.1522)
#13 pmsrc/src/pocketmine/Server(2152): pocketmine\Server->tick()
#14 pmsrc/src/pocketmine/Server(1992): pocketmine\Server->tickProcessor()
#15 pmsrc/src/pocketmine/Server(1586): pocketmine\Server->start()
#16 pmsrc/src/pocketmine/PocketMine(291): pocketmine\Server->__construct(object BaseClassLoader, object pocketmine\utils\MainLogger, string[38] C:\Users\Administrator\Desktop\Prison\, string[46] C:\Users\Administrator\Desktop\Prison\plugins\)
#17 pmsrc/src/pocketmine/PocketMine(321): pocketmine\server()
#18 pmsrc(11): require(string[93] phar://C:/Users/Administrator/Desktop/Prison/PocketMine-MP.phar/src/pocketmine/P)

PocketMine-MP version: 3.21.1 [Protocol 440]
Git commit: a50ef2af6f6a695e3002f4397ff089635c181dbb
uname -a: Windows NT WIN45359 6.3 build 9600 (Windows Server 2012 R2 Standard Edition) AMD64
PHP Version: 7.4.20
Zend version: 3.4.0
OS : WINNT, win
Composer libraries: 
- adhocore/json-comment 1.1.2@fc2f76979f0a44a5f5bc2a2b600d0762fe0e78e7
- daverandom/callback-validator unknown@unknown
- pocketmine/binaryutils 0.1.13@0abee38d4e2861621f262c79a2a3d699d8a697f4
- pocketmine/callback-validator 1.0.3@64787469766bcaa7e5885242e85c23c25e8c55a2
- pocketmine/classloader 0.1.2@9757928424652393b178a3760073113aa7c9911b
- pocketmine/log 0.2.1@830b44a2cf96ef703c550abe64302f230231ca49
- pocketmine/log-pthreads 0.1.3@e477ecf6ec214fdd4415ea1da3fdd9d73bf699ea
- pocketmine/math 0.2.6@43057cb8c179a9859677b496a788db922fd5cfc3
- pocketmine/nbt 0.2.18@9f82ca4d7f97fcd9a566e44b63c4f18a7657ae82
- pocketmine/pocketmine-mp 3.21.1@a50ef2af6f6a695e3002f4397ff089635c181dbb
- pocketmine/raklib 0.12.11@9cce458b8bfde3e4dfdbf70c659fc7b7fe26b5c4
- pocketmine/snooze 0.1.5@70b5e7937a06878dd321a3182ceb76d56298f2cd
- pocketmine/spl 0.4.2@6b08b7cf8c4afa17139c9a1b3bf1b408531de161

Loaded plugins:
AntiToolBox 0.2 by NgLamVN for API(s) 3.19.0
AutoClearLagg 3.1.0 by Twisted, NhanAZ for API(s) 3.0.0
AutoFMReset 0.3.4 by Nameless, NhanAZ for API(s) 3.0.0
AutoInv 0.0.10 by Twisted, NhanAZ for API(s) 3.0.0
AutoMineReset 0.3.4 by Nameless, NhanAZ for API(s) 3.0.0
BuilderTools 1.2.0-beta4 by CzechPMDevs, VixikHD for API(s) 3.16.0
BuyFix 1 by Twisted, NhanAZ for API(s) 3.0.0, 3.7.1, 3.8.1, 3.9.3, 4.0.0
CustomAlerts 2.1 by Twisted, NhanAZ for API(s) 3.0.0
DEVirion 1.2.5-ALPHA12 by poggit, SOFe for API(s) 3.0.0
DevTools 1.14.2 by PocketMine Team for API(s) 3.13.0
EconomyAPI 5.7.2 by onebone for API(s) 3.0.0
EnchantStore 1 by phuongaz, NhanAZ for API(s) 3.0.0
ExtendedBlocks 1.1.4 by Javier Leon9966 for API(s) 3.14.0
FormAPI 1.3.0 by jojoe77777 for API(s) 3.2.0
GCPClan 1.1 by InstantlyTa, NhanAZ for API(s) 3.0.0, 4.0.0
InvCrashFix 0.0.1 by  for API(s) 3.14.0
KeepInventory 1.2 by KhoaGamingPro for API(s) 3.0.0
MineReset 3.2.0 by Falk for API(s) 3.0.0
MultiWorld 1.5.3 by CzechPMDevs, VixikCZ, fuyutsuki, kaliiks for API(s) 3.20.0
MyPlot 1.10.1 by Wiez, Exxarion, jasonwynn10 for API(s) 3.4.0
NameSpaceRemover 1.0.0 by JackMD for API(s) 3.0.0
Netherite 1.2.1 by Wertzui123 for API(s) 3.0.0
Offhand 2.0.4 by alvin0319 for API(s) 3.0.0
PM-Beacons 2.0.1 by jasonwynn10 for API(s) 3.0.0
PlayerInfo 2.1.4 by Matthww for API(s) 3.0.0
PrisonRank 1.2 by Fycarman, Khang, NhanAZ for API(s) 3.0.0
PureChat 1.4.11 by 64FF00 for API(s) 3.0.0
PurePerms 1.4.3 by 64FF00 & ProjectInfinity for API(s) 3.0.0
SafeServer 1.5.0 by HiroTeam-Willy for API(s) 3.0.0
ScoreHud 3.0.0 by Twisted, NhanAZ for API(s) 3.0.0
Sell 1.0.0 by AndreasHGK, NhanAZ for API(s) 3.0.0
ShopUI 1.0.0 by SaltyPixelDevz for API(s) 3.0.0
Slapper 1.6.1 by jojoe77777 for API(s) 3.20.0
SlapperRotation 1.2.1 by jojoe77777 for API(s) 3.0.0
Travels 2.1 by KRUNCH7SHooT for API(s) 3.0.0
VanillaBlocks 1.0.6 by xSuper for API(s) 3.0.0
VanillaInventory 1.1.2 by  for API(s) 3.19.0
VanishV2 1.20 by superbobby for API(s) 3.0.0
WFT 1.3.2 by  for API(s) 3.0.0
WarpsPro 1.3.0 by nikoskon, NhanAZ for API(s) 3.0.0
WorldGuard 1.1.94 by MihaiChirculete for API(s) 3.0.0
WorldLoader 1.0.0 by JackMD for API(s) 3.0.0
WorldProtect 2.3.8 by aliuly for API(s) 3.0.0
Worlds 3.0.9 by survanetwork for API(s) 3.0.0
iProtector 3.1.1 by LDX for API(s) 3.0.0

----------------------REPORT THE DATA BELOW THIS LINE-----------------------

===BEGIN CRASH DUMP===
eNrtPIly3MaxvzJv5YpJvz1w7O3QJYoULcYixYiUpdhQqQbAYBcijjWOJVeJ//119wxOLg9JfMl7
VXJS1KIx09PX9DUA/tnx4iTk2Ye1SFI/jjrzYbeT+aHozPWxMZqNJ/po2tdnhjE2u518JW8NdbNv
GqYxnk5nmjnVpuNuJ+Bp9jxJ4qQz/2cn26xgWOc4WvPAd88znonn146A6bBEtxOKNOULHLGfZSJc
ZcJlWcycRMBAlvmBYKvYuRRZ6EfCshBgWef+ImJ+xPIoiLkLM5xlHl2ymcl0TQOkXh4ERzASsK6W
PJkPBgfzwZsU+Brsu4DIT7OEZ3EyOBTpZRavBmeJn8bR4IxWOoGVeidnfZw6SBNnUBEwCMRaBIOX
+Bfur3AttU6II28fDSMDAHXmxlibgVwT7sDF750nGts6FRkdXMCfHX082503hEBoLYvw9n7irkvj
YvujcLJbpLUL6z/R71jqfMWvIm4DnrHRWk5iwTV6P3344MQRSC93sm0L1inrsi0DIjsDhHxhWQdx
uIrzyL3gCyLOuFcO+ngrYSXl/5vUmewOBct9MzhAI9yZGOat8pvPpV0TP0CnHy1+H75nqKCt9HwF
wUN2n0XuwJ41t1uWZAiQIke9n2DDZJK5e2iklUcPWNmYje60adzWckU/ysRCJGxmdFnxW9fgwo7j
QPCI0ZrjB6yp6eaday5EdueStNBk+0JnAd+IZEcfTbT71jgVPLE3z6PMz3yRbpMoiH5pWfvXfrof
gGUI99mzUvl/487lyaFlnfJQgOE74rUIY3DYoKs8zeJQEkKkTu8mdXJDBfJO7ydnKZxLJLMkkvDN
7pfxdDS8BWccvVm5YPmlcMez2VQ6Je1+vJPp5G4X6GQ5D4LNYXzhO5db1rjF852LBGQH5ji+2xzd
2/Aad+M1Z22XJe8oGSNSKZa0gbvL3DgHh8bqcXdkSAvUzbvXhIG3rJkhDxLH8E4c+mx2F46zJHYg
aseJQja6G9loepsQ0ownmUJyyw6uIvKOMdNvwbPF7T/jqTiAPCR9iQlCstV55uCYU8s64X70Ml4s
cJTyyeb0PTuYWxalDLAV6zmDZamkAYybsgbLKucNx581bxXkCz+CgVIEk3tFYBptEaRSyBKB2vEQ
KWFUIv7I/aQMMzPzPXvkXOhst/P+z25H/EczvS/IvoBmKfkPfrSOg7UIRZQBkiiGEd2OE7sC2YGh
GkCtDP+XLZP4ikXiihG+kq8dq+CXYVBnV3ESuFZn90dABAh0heBPeWnApfxlqhvfET/v2B77LqME
CyLEURDHybudXfbTT2yoEA0b43+7Of635vhRudJYzfS9HT9NRbbzXbb0U/RAgCj9/bslT5eAbmdn
R9Gyy/7CtOsj9d8u++tfmWnssn/BEKaWbw15v7v7T7nYpBTYllXeV7kqEV8IaVoISQSpUIhmWyRv
WVtNC1Rwq0FZHdZnIKIPDvoCtSyAAH7TqApdKCZLLepaQ4u6XshWNwqtSGYRO/BaKubY3dl9X6hK
4TKbUxzIYRJKOw44xIRCB91S0mqa1L8ioFSuLpU7+OEHeSnFz35gTxOR5UnE1rHvylvT8hYJNG3Z
sRw0U4MGnT+/lSjfSpRvJcq3EuVbifKtRPlWonwrUf7/lijdzkJEIuEBJvURx6Z1pzETCLNBF1Xf
u2P2Db2vIzz3A7cz16dDo9vx0w+uWHfmHoc8FWqIJM5iJwa0w6EGi/hYQ/CRJjyDe2NvzMezkTA1
zfCG5mziedp0NjZHjj7VXdsG3Lmi5a0fuZiQnV6wt8enw5E5mrFx32S0NptBFcJ2ijHSnBgECoO9
NhgkwpHLE5c9d33M4nbZ/snheAjIsTc970z6w76BZdInEbnE17Cvybsf4hTXPj49vQAAXVz5EZU/
EKVB9h8C3054Ar4V5cbdJfCaiMFHEHwPxqiaCcTUN556juFNxrPJzNP4cMhH3sh2DG7YQLurTcaG
JzQxmYoJoHc5MABUx+HAAX9oQ7DoUVKPCgaEEN2i+Cp6qv5FYit12n7Ekw1tChiqwdq6+VTjthDm
1B0KYwoZsaF7xthwJjNucNMFX+VOQRMTb9hEtXVxva/1zafjITjzIcwZj22H84kYTacjY2iI6cgx
TMcYiakzGnGjhRC3MtUTiaLNeDqbjCYzA4xnOB6BpzVtfTLl5gTEMjF13QTczmym63YTUxAvCIPR
159OTc0GiRqONxsLb6KZsDIyPB6aYFgG/DF1hw9nNzD0VpDnC+4WgjKfiuFkIhxvLBxDH3quOxzq
I8F1l5twMXMnpu2BtARvosJIr6gZP4VFRxPHnjoQmvlsio5/Yg9nYz6ZTl17ZhieO3I8x2yigAyw
4Gf6dOZNDSDYnXigE8ed8dF4LIZDe2w6Q0+f8sl4NOFi2hJu9bMXrsoN+vQzdlsNWcIvwbalXIAm
/enMccRwNLWntucKUwxdz7VB1s54NPOciT3xhDG2R07LgtIojj8JJd7R04lmj8RkZk64Np5Opq4L
npCbOnAr7MnYHY2N2dQzHLeFZBUQBtinT8e2NrUnjjd1htzj+kQ3Z86M6zYoRreH2nRk6q7Qx3rn
z7KDQXtzH3KgC0g1n8XXNRdXh3Y7lW8DPcA1z7NlnKRY3p0uXvLw11N0lHzlI8Ts6zPwEwAQVLWA
64DIBS7PFStwJDgL7qWxlx3WASFEqebCMnJh8wX2BbrdV+cXb1+9fnkIoCthp36GlILnXOZ2H5zK
oKAFGNzPs/gAq+OXfLGo89WA1zkDssm71Xi7uILYIVDmp0se7f/WYFL7ch4zideyYK2YavgAqIFw
2iLuTr6XWbZKIdjV+Ff07qebIA9PDgZNfEoqRyevRSqylkwKaFPX4PFb2oYZAaRGjy6S/cgFf5O+
+PkXKQYMrkTRw4ygYO44WrcYQ0iTKdhw/yY9f4QIAds8cZe5n0pt+9FaMijpehBTpSxarFXw/8da
e4Z5ikhwy6c1/hrgOnsQGPtazxYZbzF58Ek4y7OTQ7HGCb/61/7li8OmWxp/OacOYl+FkMGBIm1J
XIbEWVaL1M/dtDW6Bw1UJJzNkX/dEAsBGgL5TFvuwr8TSk/N/lT9O+tj0B1+jSlIyh6ud1nN7wcg
xrreG+A6m0Zf//ds2joFRdOhpEexdX6x//rizdlW1V5dXfXFGhQI+PvZJfJ6+PxXPyE2Sj5LUNu2
R739l2cv9vVWmF1B/ebjRj9/dSQei1WJ1LLWRIplgXWrXzXy7mCZeBPr9t4tQU3e9GE7d6jqKHYh
eNjcrOaX81UQgBXpurUv71JdbVdWpA1KHMDtc6jD43Czf3Zc47cGrHM8gm3WYjiOhI3HRI+kP4XO
soSkAHBaVoOae7fh88iB3ZOdQwUj6izVwXd4m9Uyj6MF//Rlu7BzFCehJLRG9V0Gq5YDLiWBiKC8
eBC/1xlgFe6zABRcN9rWjZbptiPq3/jah0r6pYij2Ww8blru8Ms1KvEWaIGzBlUP966FYCv+KlHX
GTPbKe/H+GMsJvhfgyfjK5KgEqNlKSLKHw9h5eeDs4OA131nAWnpqMnIcZRmYBPB5oLfFQu/Kub5
xRoZtyzP4VDEg+88OthX5N2bCoDPgWkr0V9HyCrkhAcJT5fNmF+H3shkG0w/lhWG+R8pxgVIVh1c
2cPALvuMD9HYL0KsgGgRgffY1BhpwluBr6m9X5Yx/5lDjbs4S+LHcpcNpJbVIOfhW2tbNr49E5fb
psHXEQ8uH4sdD3D5CXoF7AUkKu2uUXI/K3mQ+W/xmYM6LxWwqaIRJYl3Z9wHv9Hzs5s8S/NLH35f
8sD3wZ82nIn2SHl4iKTKZyasBtlfk4PXEKGINmdB3FC1BLR8T3sndt76AoPi8+trrvKojzyNo6tN
FOlaQxqfvU+b+UYtUyOiz7NNQNv0OU83B3EY8sjF0szzg6BTyVGyAWIr2LknzWsfx9UkcuNWUzZa
ew/IE77H2gW3nxc+dEOfimwpErqueCph7fy8rWcoDD7lvm6Yj8VQhRGYKsh4GDdbLLvCNqh4AqZf
eR6ExPq+LyDNoktrZz48WPuRZuqzx+K3RGhZioTyx0O0d3bSeyY4Ho/VD2gqYJudlv5u25Vf1fUp
UVqWTWRYVkXO/RzRifJx5MV1jipgqypuK+iEZ9ny6uqxuFHoioNupKD++0EM0Xnbax5d1hmqgHdm
AkcbhychpVO/gE0sHr3eL84qH+ouzvJEHCx5PSaUoCYnw77esrbx8OhI+zxDI+RnIgnTm4URpBMO
HtylmCR1O++gfI/z9Ox5r4DXHP4HuTboThFb/foCt0JEyTOEQYlGCUcS25SOhLXFY26TDvsLA3bw
LBvsCx/M2TyWphsiIIpqPx9BCBIPSOGce0KetdbEUAO286pWgHzhJzH2Q3pvIWY/GvcFVsuqKKn/
/sIAg2jTpR9y6uAg83jQ+yKvh5YS1MyOtX/XeUuRIxR0PHyzn4ugfvBPl/ekN1VP/NH5wOU/g/Zl
vHpTbwEowD30n/Mg25z51yKAdPjTY5H+5hhX/wziA75aNfePgjTJH98I6Lc0ML6C9lSu/MU5WEXS
oGCi4vB1nPGs2Rtu37knBb2F46+xsyYBD9faRcLXotELLiB3tvJ/ef3m9ODF5PxFHF88Fg9q4YfT
/iuPwN3yG43BJry9ecZNTq7Pc1TvZwX4VufxDp4kdstqkNS6/AxWt/VobtxqN0KN2ztOX3Hqfxkn
3I1Hph5OSn6+oDeDM9Plr0aLIQK1dlHL66UoWTu27UeLtxVGyRESUf16CDdvjy5qjOBVu3l7uzK+
pgCNA+9QRLoJBegREJn50eJCXH/Gme5bnqwoJ61RX4Du6T9H/mWcXpLTe9zYWSC2rIKU6teDeMLm
ys85T+qJTQ3Y3iezdlnmL7l/sPQTJw9E9pVHQJ3Xwk2zOBIHiM/P6o2d5jrAZElj/fcXhLEW5kEN
WSEf1SNuCajsHP8H2kI1AhoXD1Y5mEcGtUibpwLcjGtmf9rulvj546XwEptlUctzJSlo78oHnm+e
5H7i+SJw6w/HqafCBlki8NE9yMWTQYPbQihpWxzpjdR+1vavyZpHIgPSLx/PwwJOJY1UaffBdZzi
tU9I+kDZ4IlEhEz6iuG4bss1YPu5sVY+8/Lw3WPxCKgsq1r5i3NQwNM7OTh7PqhxQQ8C8gS4A0W3
DuSLR6IpHaH6sA8GBxEto0d6O0/Oyit2EEOhvmD4MqWVWNGTo8Rnf8sDNmO6OR+N5+aE/bc2YYZm
6Hg/jDN3z8o1jU8C+Y/9L/mvYFbueYZLf2f0V9DfkbzP8QLCEv4d0Q1PDmJNPA4uI6nureIk29Nn
GM0AeLUECfUCKDP3NLzmURTnkYOmT69xcGfpC/lKZ7oXex4hwtevemq7gc7lzJBfq0np3oggCxBk
GLtC3vfiBNCWMIULJOpiEVpcr9arPYhJ8Mv1Pc8Hz5pt9gzCRk+dg5p6qcgwBKd7CKbXNnpokXsv
cruCpEK4tQH4Mu3e0cv9CwRJu+v9kYtkUyysYIkD/CgQ/u6veJrCPnD3fqD/QEJ5FvdSyKUVnWtf
XPVcHw8+HbE3RtC1HV/30PzVkIBHi5wvxJ6IFnjdeGa1vwnxmdUnDA2ZOWQ6eUJ1BlkQA8Gxhh2C
RbGLpUgFKyTBeCJYthQMImAKP3jGHNRkxmzB/MgJcnwtE9DfsFzEdR6HMNNDBG2cKfdEl8XYJ08R
JbOhlL9kmzhPFC7mewwU6oPvxBVAlwlYBThlQHwqrkp0A1d4HLSZsqs4+j5jWFDxhKE0Q2AWnx/f
IIX4Hqfk+2opIpavFpAIA4K+FaEJS2RzK2LsydslNfDxJdUU/AQDFOq1DJBBwiMoU9U7rIpUqAc4
IAZ5QrwmeeEDPo5g2FsPSIIhYpamWmhtzugNBbyRLvPMjcH41cvXc2Z1GhvXsXKDj0bsBC+FvmEH
SyvXhZjghtR1jcBm7cIzo8V/MTkLcCFb+0EQXzHcksAJU26ZrX3O/o4Gi2PIcovoVKPvyXOyYjWJ
AVcMNxcDfYNIEZ29YUoROF4ZfXm7jgp7bWBPoBXuuiwRqVQeKgVfCWKh4BAqyDMwUJktkGoQrfgj
5wEKfeFDucLWPMgF21GLgs/bRexyRdhuAt1RD5SGb+PM4TatfZqHNugLbHI/3UTOBU8v8VXwS7DC
Pg14k4JicWMUnOKwZRKD8wLdw/C0K98dZ8ptwG7qMnwXAxjBOEWygQCBsDCPwP5wiER+TsYBPIGN
JvG1D/YpQAzAEtl9VBKHslUEHXto6TgGLbrL/Ox7EF+W0DRXoKckg2tNZjvAQw67ziCxEBs9xemc
ULUtnZN1JHkUoTpddG7xipRAD2GmfXYo1uo3C/3FElwBPrLQrW9dZTkokSTJV5mESoGhYEKgTfFF
yoUtTa+ouHI7cXwPGsjeTgHaCNpcDIIG6+rXDA0G9+SgOcOYj3sa40GykTv65yC2wXgw9jMJh30Q
+hk6hlAsuL3JQODsXEpaI9n6KaKm6ReotCufBE8GBTv+qicRFTaWEoOeDxSCOxNYUSMaDzK8Yklp
46CsHPc4W8SgJzxBJaPAhRZEZo9ImzMNuYDVyX/Lt0T+z3OAydRd9GNY/jr6oRpbEQnK95YkKXQp
A++BwVW4JUG4aoOqJ7T939J+YE7Dlep44ejgZfCHa/uMbnMdYhRBZixaylvMoYkzsNaMHLAbLeUg
WwdYwVa/dMtwY4LblQZrMFirr2kiFljJIxfKnqhpviQoZ5GctmEpYXJZIAGhpNDxSjp0h62JtBFb
yumTSK3EcRCN92AUqA0MguaAyiNJmAHO1S9htJaX38S8RoQ2cSXMDEKHHLBFcIqdlziBe28oh3Td
Ofv5mEbyY/aCRmqn7BTvOdo/aIyjn7FDwj88/ZkdvHiF4Q8mjI/Z6QsaYJyyX4/pFz/tsl8I6OLg
SuKudsx+Lda5eCXxn7JnBJqyv7/5B7t4TVDn9EVfkvrNOr5Zx23WUQ+lNx0LcHImEj+mpBjTmZQ+
dYKvaBdur0xZdHBhkJa7FKFpSA8SCiGTFUIF9R7kapDmgFPGmHibz5a+GkouTEIjHKYWI8wSCSQw
VTpUxEhY4xVmYphr04T+zdHoUlVBDf55JRxMyVNyuUiudOBybskDeGmxSitWTU3xmu5uJ0lxbirO
FzyxIcD0nDgIZC1IcXy7dCliITlqFlOzIAMKeURv8zcogeIoh2Cz2y0yq3a0KeKNTFI9D3BJfsMq
kvXZK5k5ybc3IYOP88AtafEhFbuKWEV/KhGviHxgdKxpildY7Yhi7o1Uk0xHYih585I4LFJWOVuN
6NUNs65h5EZp8oZtsC0m1bCO86JoQ5UlsJJProsM2c3DlaxwZBnF1I0e3ij0dYiD1ASincgsOIAr
SJYhqvMtAobUF9JHWGENRpamucAMIFuC1hZFxYexH1erqOoWipSZtirspF+nobfKCfsM8jNIBe0H
fIVQP8xDyFQhSU1YUY+jIpnsSkgqKrniflGipB1z08ag4F0pimjBHlaiOaSuw1Jjh7H62FHLprHC
gP8r/HJwsYUkLjWwzhnl3z0HP1xU8nYIpFDGD0UYSg+ok2m6xLLi2Bdgco7ksOIOpil5Sn6KlXFw
sa4UIL4SWeC9G9VddmhFqp85V7kgFDjLOJCFms0zZ0kFLZGc4odWmMomybfJ7oO6K3NIW5Qlm8wS
n9S1VNxCt5psMkTeZT29pkBSHi3cywpiwG2PxsprV9UgNYmwEHMl59hPoHIZJwNQkdVnL6CiAlva
oxKJHZy96TJ8kRAGRu6V74LZU8otvWeJv0f452xcFK9VXZuSdGpj+2zfBUe15IE3iCMhi21XgA2r
pWBRht1ONLDaRqyCXg1ZozdwjV4NCzUe9BkS8eYsOitK1qoJgxU5EnWFJyQwMV9Fq566bvUITtSu
S/1PotQnFreFGlMMeKrygOJXmkcttA5nhpy022dnak7AkwVN4KobpGyBVvQSvkAWQCcgtnQVUGmC
LZ4QiMfNzhPU00HgY8uSelb4XQyRZuzk4g1RmgJLyLadZwx7ZKTKajlZovcLXxNmeQ9nzYlatHJX
2PliXpT9PzEdy31V9Sxhq9J9plpEqWxqoSVHaSwDl7IGHZFJ5ySxHSzjOKXGV1Hti6KfQx7M5Rln
KV8XnhK7kEWjFu9VmxoJo6a6TFhUT/Bj7Eeyp0Rt2u/ZOzu+RqtP2PEh23n35vhwF3gGkwcaYPwV
uHuwJHqIDgwDuwCJC86yKvXAEmIaQsKOwNLfPXtZ4Fcdghrke1oMm7UUNCH7wFYRhWHiLS46lCqE
1BqpnkfLwj3f2/Suc9+tuOWQpoBzEzwr3CawLz8rUhTT1IdRhILZCCEbHVHsBP6K0VywmhO+AYvB
fgw+Mq1aWxjR+jJptSdOPde3IflX6Tur+VNy2L0CgySs1vAo+tP1VuYF9SLlppCf4pIao7FqB+Sp
6onKL4rR3lRzenLOnK0gk1r7AS4jnb1yZGoVjFZQO5RFeYTTgnbQ7BajGq3tre1jaQr7YZzjPvdk
VFLbHgWuDAGjMPoxav2BseJvCqMw+TUF1dpkYjwSstVkC4nMFh7uUjp6oDi4LHYFbQQ6kWiEZ8k+
LlSyD96K8TapK/lpI1hNQOTbRqW2nUye4MfXGC82JxBbTMZ/S2pM2vHYiOvl8stP0hTAlxV+lL54
QMvRSUx9Gx/SkjY9yULOCqUqEtQ3k999YYpHptqXRbCnOQ0BAL4eM6CGWyQ8TSshVS3SUk79m4JS
buyK+9SXBpcKPEgNreJVHhQmqS4w6tEY5TxNcp1UDPRWyuFh3EEfBoFRpdl0uCKbwnMV8LGHjQ1M
JsEyXiqtASFVd7HmENDqe/jh0Rao3HRN8GoJmakX1yIb7LWePDQsRy5j1AyR0l+F4arvx0QxOL1N
iCVSig+HpcBhWpGOdZ+6z6r7xAI5PL5YJGKh2tOqly17dvi5yMs2f0Qf7ONXh6/wc089FR5klETX
cCVkHs7pC5+4YkqEVwwQrF87foKgXEpeGqhUzg2hgkLlfWVMkA/gp4soqtXTSYLHddFBhh6hndR6
xV3wkqsl7zL8cAGF8qzM2MBNeyKBrLyHfijCUCnvFpFNxhXe6D2r8+daKM4hO4WoT76scBkKIWle
3i/WuKFpyWtd1ZkfVh5bxWpEiuNxJ6CDRs2i28QFqamuJhUHKP1qAXWnvkIhzbuzAeW8pXblrpD7
v55nAPpMyfPJ6auL53M8MpRA8hhYEKkcW3kMPOSBMsalJNP3SkRQqQAj8jwQPVDRZJCeDvApR1nE
Nx74PFUVDCSdPFwFxRUIHZxsDokKvkFJEDvfwO8aABjiflIC0D9gL3nOfqd0B4JrF8ZgAtxlFQSH
vMfV5TMLZVStH2gSv5iMJr6rOhHFmTK1GLYFOMoSKKCnlHRTBYsvxAFTKjrX+ZTrEg0FxwL30FCT
wa5acc7wNHpu/DjpjmbXete8NrvGj/qPLiZZ5BB28KkTB73w3lSTPlteDUe7MnOUx3/1BoB0BRiK
MMIQwzKfoc47qNfZMPnZvDwpvHdR9STluSG5JsADkc2hU920EFivOHQEo5Ep8pMj8km0FI1vIMkp
sVCfh65BepSv1hLJmD6by8Q1eMhUFYzOJZYcKRVHIBHbh2R/IxNDGof80hvHgYw3D8jSSgcvZUFU
QIZTFrGdbkfg06epr96fOqDPAFRffrMd9QWvEoJHyvjVuAYsDj+4cRbhO7E1qPqidwXIk6B+jQ6n
fu35QSYaiBdh4zt0+Bno+rUPe3ZdB+Dn5erXoS0PyOuwVH31rg5bOU22XwtPtTUaMymKpE0QZD1h
HXJ+9rJBwSb9I6Cv56lfrLyVxZcigmShwfGG0+MRhnrM+5O/ks8TjuhJ40/yy2PlaLi8DpsyjZEa
Q9NMXTfwGayzw1cNTt34A1HSBgLIb6oDfEKUpo2B5z7u+ncnDRZbFMAl1udNtgB4ha8eNoC1b8zh
q9I6fh4RCF42jauK3R8oNat/v4+MYCG/66ew4COxhLJ4uJS8lmsX35BDO0w2qyxWn0rC8Qv3hsr8
hpZJNmYdBMVhThF4IR8JLcn5DTO4V2fUV6om/Pnn/wDokxIj
===END CRASH DUMP===
