PocketMine-MP Crash Dump Sun Jul 11 09:35:00 +07 2021

Error: Attempted to create tile pocketmine\tile\Chest in unloaded chunk 91 107
File: pmsrc/src/pocketmine/level/Level
Line: 2609
Type: InvalidStateException

Code:
[2600] 			throw new LevelException("Invalid Tile world");
[2601] 		}
[2602] 
[2603] 		$chunkX = $tile->getFloorX() >> 4;
[2604] 		$chunkZ = $tile->getFloorZ() >> 4;
[2605] 
[2606] 		if(isset($this->chunks[$hash = ((($chunkX) & 0xFFFFFFFF) << 32) | (( $chunkZ) & 0xFFFFFFFF)])){
[2607] 			$this->chunks[$hash]->addTile($tile);
[2608] 		}else{
[2609] 			throw new \InvalidStateException("Attempted to create tile " . get_class($tile) . " in unloaded chunk $chunkX $chunkZ");
[2610] 		}
[2611] 
[2612] 		$this->tiles[$tile->getId()] = $tile;
[2613] 		$this->clearChunkCache($chunkX, $chunkZ);
[2614] 	}
[2615] 
[2616] 	/**
[2617] 	 * @return void
[2618] 	 * @throws LevelException
[2619] 	 */

Backtrace:
#0 pmsrc/src/pocketmine/tile/Tile(169): pocketmine\level\Level->addTile(object pocketmine\tile\Chest)
#1 pmsrc/src/pocketmine/tile/Spawnable(62): pocketmine\tile\Tile->__construct(object pocketmine\level\Level, object pocketmine\nbt\tag\CompoundTag)
#2 pmsrc/src/pocketmine/tile/Tile(116): pocketmine\tile\Spawnable->__construct(object pocketmine\level\Level, object pocketmine\nbt\tag\CompoundTag)
#3 pmsrc/src/pocketmine/level/format/Chunk(723): pocketmine\tile\Tile::createTile(string[5] Chest, object pocketmine\level\Level, object pocketmine\nbt\tag\CompoundTag)
#4 pmsrc/src/pocketmine/level/Level(2683): pocketmine\level\format\Chunk->initChunk(object pocketmine\level\Level)
#5 pmsrc/src/pocketmine/level/Level(2295): pocketmine\level\Level->loadChunk(integer 91, integer 100, boolean 1)
#6 pmsrc/src/pocketmine/level/Level(2957): pocketmine\level\Level->getChunk(integer 91, integer 100, boolean 1)
#7 pmsrc/src/pocketmine/Player(1066): pocketmine\level\Level->populateChunk(integer 91, integer 100)
#8 pmsrc/src/pocketmine/Player(1862): pocketmine\Player->sendNextChunk()
#9 pmsrc/src/pocketmine/Server(2399): pocketmine\Player->checkNetwork()
#10 pmsrc/src/pocketmine/Server(2152): pocketmine\Server->tick()
#11 pmsrc/src/pocketmine/Server(1992): pocketmine\Server->tickProcessor()
#12 pmsrc/src/pocketmine/Server(1586): pocketmine\Server->start()
#13 pmsrc/src/pocketmine/PocketMine(291): pocketmine\Server->__construct(object BaseClassLoader, object pocketmine\utils\MainLogger, string[38] C:\Users\Administrator\Desktop\Prison\, string[46] C:\Users\Administrator\Desktop\Prison\plugins\)
#14 pmsrc/src/pocketmine/PocketMine(321): pocketmine\server()
#15 pmsrc(11): require(string[93] phar://C:/Users/Administrator/Desktop/Prison/PocketMine-MP.phar/src/pocketmine/P)

PocketMine-MP version: 3.21.1 [Protocol 440]
Git commit: a50ef2af6f6a695e3002f4397ff089635c181dbb
uname -a: Windows NT WIN45359 6.3 build 9600 (Windows Server 2012 R2 Standard Edition) AMD64
PHP Version: 7.4.20
Zend version: 3.4.0
OS : WINNT, win
Composer libraries: 
- adhocore/json-comment 1.1.2@fc2f76979f0a44a5f5bc2a2b600d0762fe0e78e7
- daverandom/callback-validator unknown@unknown
- pocketmine/binaryutils 0.1.13@0abee38d4e2861621f262c79a2a3d699d8a697f4
- pocketmine/callback-validator 1.0.3@64787469766bcaa7e5885242e85c23c25e8c55a2
- pocketmine/classloader 0.1.2@9757928424652393b178a3760073113aa7c9911b
- pocketmine/log 0.2.1@830b44a2cf96ef703c550abe64302f230231ca49
- pocketmine/log-pthreads 0.1.3@e477ecf6ec214fdd4415ea1da3fdd9d73bf699ea
- pocketmine/math 0.2.6@43057cb8c179a9859677b496a788db922fd5cfc3
- pocketmine/nbt 0.2.18@9f82ca4d7f97fcd9a566e44b63c4f18a7657ae82
- pocketmine/pocketmine-mp 3.21.1@a50ef2af6f6a695e3002f4397ff089635c181dbb
- pocketmine/raklib 0.12.11@9cce458b8bfde3e4dfdbf70c659fc7b7fe26b5c4
- pocketmine/snooze 0.1.5@70b5e7937a06878dd321a3182ceb76d56298f2cd
- pocketmine/spl 0.4.2@6b08b7cf8c4afa17139c9a1b3bf1b408531de161

Loaded plugins:
AntiToolBox 0.2 by NgLamVN for API(s) 3.19.0
AutoClearLagg 3.1.0 by Twisted, NhanAZ for API(s) 3.0.0
AutoFMReset 0.3.4 by Nameless, NhanAZ for API(s) 3.0.0
AutoInv 0.0.10 by Twisted, NhanAZ for API(s) 3.0.0
AutoMineReset 0.3.4 by Nameless, NhanAZ for API(s) 3.0.0
BuilderTools 1.2.0-beta4 by CzechPMDevs, VixikHD for API(s) 3.16.0
BuyFix 1 by Twisted, NhanAZ for API(s) 3.0.0, 3.7.1, 3.8.1, 3.9.3, 4.0.0
CustomAlerts 2.1 by Twisted, NhanAZ for API(s) 3.0.0
DEVirion 1.2.5-ALPHA12 by poggit, SOFe for API(s) 3.0.0
DevTools 1.14.2 by PocketMine Team for API(s) 3.13.0
EconomyAPI 5.7.2 by onebone for API(s) 3.0.0
EnchantStore 1 by phuongaz, NhanAZ for API(s) 3.0.0
ExtendedBlocks 1.1.4 by Javier Leon9966 for API(s) 3.14.0
FormAPI 1.3.0 by jojoe77777 for API(s) 3.2.0
GCPClan 1.1 by InstantlyTa, NhanAZ for API(s) 3.0.0, 4.0.0
InvCrashFix 0.0.1 by  for API(s) 3.14.0
KeepInventory 1.2 by KhoaGamingPro for API(s) 3.0.0
MineReset 3.2.0 by Falk for API(s) 3.0.0
MultiWorld 1.5.3 by CzechPMDevs, VixikCZ, fuyutsuki, kaliiks for API(s) 3.20.0
MyPlot 1.10.1 by Wiez, Exxarion, jasonwynn10 for API(s) 3.4.0
NameSpaceRemover 1.0.0 by JackMD for API(s) 3.0.0
Netherite 1.2.1 by Wertzui123 for API(s) 3.0.0
Offhand 2.0.4 by alvin0319 for API(s) 3.0.0
PM-Beacons 2.0.1 by jasonwynn10 for API(s) 3.0.0
PlayerInfo 2.1.4 by Matthww for API(s) 3.0.0
PrisonRank 1.2 by Fycarman, Khang, NhanAZ for API(s) 3.0.0
PureChat 1.4.11 by 64FF00 for API(s) 3.0.0
PurePerms 1.4.3 by 64FF00 & ProjectInfinity for API(s) 3.0.0
SafeServer 1.5.0 by HiroTeam-Willy for API(s) 3.0.0
ScoreHud 3.0.0 by Twisted, NhanAZ for API(s) 3.0.0
Sell 1.0.0 by AndreasHGK, NhanAZ for API(s) 3.0.0
ShopUI 1.0.0 by SaltyPixelDevz for API(s) 3.0.0
Slapper 1.6.1 by jojoe77777 for API(s) 3.20.0
SlapperRotation 1.2.1 by jojoe77777 for API(s) 3.0.0
Travels 2.1 by KRUNCH7SHooT for API(s) 3.0.0
VanillaBlocks 1.0.6 by xSuper for API(s) 3.0.0
VanillaInventory 1.1.2 by  for API(s) 3.19.0
VanishV2 1.20 by superbobby for API(s) 3.0.0
WFT 1.3.2 by  for API(s) 3.0.0
WarpsPro 1.3.0 by nikoskon, NhanAZ for API(s) 3.0.0
WorldGuard 1.1.94 by MihaiChirculete for API(s) 3.0.0
WorldLoader 1.0.0 by JackMD for API(s) 3.0.0
WorldProtect 2.3.8 by aliuly for API(s) 3.0.0
Worlds 3.0.9 by survanetwork for API(s) 3.0.0
iProtector 3.1.1 by LDX for API(s) 3.0.0

----------------------REPORT THE DATA BELOW THIS LINE-----------------------

===BEGIN CRASH DUMP===
eNrtPIly3MaxvzJv5YpJvz1w7O1QJZoULcYixYiUpdhwqQbAYBcmLuNYcpX43193z+DkIUriS96r
kpOiFo2Znr6mrwHwz54XpyHP329Emvlx1FuO+73cD0VvqU+NyWKmLTRtOJ1MZjrcKBJ5y9ANfahp
E80cLwxzMjEn/V7As/x5msZpb/nPXr5NYFjvONrwwHfPc56L59eOgOmwRL8XiizjKxyxn+ciTHLh
sjxmTipgIMv9QLAkdi5FHvqRsCwEWNbBWmQ58yNWREHMXZjirIvoki10pmszwOoVQXAEQwFtsubp
cjQ6WI7eZMDYaN8FTH6WpzyP09GhyC7zOBmdpX4WR6MzWuoElhqcnA1x6ihLnVFNwSgQGxGMXuJf
uJ/gWmqdEEfePRpGBgACiU21BQg25Q5c/Np7orFbpyKnowv4s6NPF7vLlhQIrWUR3sFT7ro0LrZ/
F05+l7h2gYAn+j1rnSf8KuI2IJoanfUkGlxk8PT9eyeOQHyFk9+2YpO0PrtlQGTngJCvgKw4TOIi
ci/4iogzPioIfXorYRXl/5vUmeweDcudMzpAK9yZGead8lsupWUTP0CnH61+nfzGSEO3EvQFFI/Z
x2xyx5jOzdttS3KEtgMsDZ7Clskldx+hkVaePGBlYzG516pxY8sV/SgXK5HC7u6z8reuaX1mx3Eg
eMR0WnT6gEUXk9m9i65E/klrzm5f8yzgW5Hu6Np0eu9ySZwUAVjDvWvSQvP7F5rf2LLyzuBpJiL3
VFwrtgjX4nZc5yIFz79jmIvFHbictXAuT0V+FacKla7dj0ufdOmSdwZPc98pcej34tAXi/twnKWx
AyEkThUy435kk/n0DmRZztNcIbljr9fRASxJvwPPLR7oB56JAwiK2UsMVumt27gAH5FZ1gn3o5fx
aoWjlHsw5+AflpZF4cuyWvHLslQAAyVRBLOsat54+knzkqBY+REMlCIYf1QEptEVQSaFLBEoHwBO
G0al4o/CTyuPtzB/Y48cl892e7/92e+J/2za8RmpABAtRf/ejzZxsBGhiHJAEsUwot9zYlcgPzBU
A6iV4//ydRpfsUhcMcJXMbZjlQwzDDAMNmrgWr3d7wERINAVgj/lpQGX8pepbnxD/Lxje+ybnII9
+MOjII7Tdzu77OlTNlaIxq3xv9wc/0t7/KRaaapm+t6On2Ui3/kmX/sZuhZAlP36zZpna0C3s7Oj
aNllf2Ha9ZH6b5f99a/MNHbZv2AIU8t3hvy2u/tPudisEtgtq/xWJ05EfCmkeSkkEWRCIVrcInnL
utW2QAV3WpTVY0MGInrvoDNQywII4DeNqtSFYrLSoq61tKjrpWx1o9SKZBaxA6+VYo7dnd3fSlUp
XGZ7igOhLaVIccDB2Zc66FeSVtOk/hUBlXJ1qdzRd9/JSyl+9h17loq8SCO2iX1X3ppXt0igWceO
5aCFGjTq/fk1X/6aL3/Nl7/my1/z5a/58td8+bHy5X5vJSKR8gATzIhjO6/XmgmE2aCLuiPYM4eG
PtQRXviB21vq87HR7/nZe1dsekuPQ84E+Wwa57ETA9rxWINFfMxn+UQTnsG9qTfl08VEmJpmeGNz
MfM8bb6YmhNHn+uubQPuQtHy1o9cTA5OL9jb49PxxJws2HRoMlqbLSAjZjvlGGlOzNDAol8bDJKy
yOWpy567PmYUu2z/5HA6BuTYtFv2ZsPx0NDg8gPsd+JrPNTk3fdxhmsfn55eAIAurvyIUnGIFyD7
94Fvpzz1RYZy4+4aeE3F6HcQ/ADGqPwdxDQ0nnmO4c2mi9nC0/h4zCfexHYMbthAu6vNpoYnNDGb
CyweXA4MANVxOHJ4ENjcuRxQgokKBoTgj6L4Knqm/kVia3XafsTTLW0KGKrB2rr5TOO2EObcHQtj
DtmZoXvG1HBmC25w050uFu4cNDHzxm1Uty6uD7Wh+Ww6ns1nY5gzndoO5zMxmc8nxtgQ84ljmI4x
EXNnMuFGByFuZcptU0Wb8Wwxm8wWBhjPeDoBD2ra+mzOzRmIZWbqugm4ncVC1+02piBeEQZjqD+b
m5oNEjUcbzEV3kwzYWVkeDo2wbAM+GPqDh8vbmAYJJBzCu6WgjKfifFsJhxvKhxDH3uuOx7rE8F1
l5twsXBnpu2BtARvo4Jwv1bUTJ/BopOZY88dHcS7mE8W09nMHi+mfDafu/bCMDx34niO2UYBuUjJ
z/zZwpsbQLA780Anjrvgk+lUjMf21HTGnj7ns+lkxsW8I9z65yBMqg367BN2WwNZyi/BtqVcgCb9
2cJxxHgyt+e25wpTjF3PtUHWznSy8JyZPfOEMbUnTseCsiiOPwgl3smzmWZPxGxhzrg2nc/mrgue
kJs6cCvs2dSdTI3F3DMct4MkCQgD7NNnU1ub2zPHmztj7nF9ppsLZ8F1GxSj22NtPjF1V+hTvfdn
VU3T3tyPcv8CEpAf4uuGi2tC+73at4Ee4JoX+TpOMyw1TlcvefjzKTpKnvgIMYf6AvwEAAQl0OA6
IHKBy3NFAo4EZ8G9LPbywyYghCjVXlhGLmwEwL5At/vq/OLtq9cvDwF0JezMz5FS8Jzrwh6CUxmV
tACD+0UeH2Cl9pKvVk2+WvAmZ0A2ebcGbxdXEDsEyvx0zaP9X1pMap/PYy7xWhasFVM9GQA1EE47
xN3L9zrPkwyCXYN/Re9+tg2K8ORg1ManpHJ08lpkIu/IpIS2dQ0ev6NtmAEVc/boItmPXPA32Ysf
f5JiwOBKFD3MCErmjqNNhzGEtJmCDfdv0vPvECFgm6fuuvAzqW0/2kgGJV0PYqqSRYe1Gv7/WGs/
YJ4iUtzyWYO/FrjJHgTGoTawRc47TB58EM767ORQbHDCz/61f/nisO2Wpp/PqYPYkxAyOFCkLYnL
kTjL6pD6qZu2QfeohYqEsz3yr1tiIUBLIJ9oy334d0bpqTmcq38XQwy64y8xBUnZw/V+UGR5HO4H
IMam3lvgJpvGUP/3bNomBZbVoUexdX6x//rizdmtqr26uhqKDSgQ8A/zS+T18PnPfkpsVHxWoK5t
Twb7L89e7OudMJtA/ebjRj9/dSQei1WJ1LI2RIplgXWrXw3y7mGZeBOb7t6tQG3e9HE3d6jrKHYh
eNjerObn81USgBXpprMv71NdY1fWpI0qHMDtc6jD43C7f3bc4LcBbHI8gW3WYTiOhI1HFo+kP4XO
soSkAHBaVouaj27D55EDuyc/hwpGNFlqgu/xNsm6iKMV//B5u7B3FKehJLRB9X0Gq5YDLiWBiKC6
eBC/1zlgFe4PASi4abSdGx3T7UbUv/GND5X0SxFHi8V02rbc8edrVOIt0QJnLaoe7l1Lwdb81aJu
MmZ2U97f499jMcP/WjwZX5AEVRgtSxFR/XgIKz8enB0EvOk7S0hHR21GjqMsB5sIthf8vlj4RTHP
L9fIuWV5DociHnzn0cG+Iu+jqQD4HJiWiOEmQlYhJzxIebZux/wm9EYm22L6sawwLP7IMC5Asurg
yh4GdtlnfIjGfhIiAaJFBN5j22CkDe8Evrb2flrH/EcONe7qLI0fy122kFpWi5yHb63bsvHbM3G5
bVp8HfHg8rHY8QCXn6JXwF5AqtLuBiUfZ6UIcv8tnn83eamBbRVNKEm8P+M++IUeLNwWeVZc+vD7
kge+D/605Uy0R8rDQyRVnt9bLbK/JAdvIEIRbc+CuKVqCej4nu5O7L31BQbF59fXXOVRv/Msjq62
UaRrLWl88j5t5xuNTI2IPs+3AW3T5zzbHsRhyCMXSzPPD4JeLUfJBoitZOcjaR6WkOcJd8C4wngj
0oZEbtxqy0br7oG/QVV8cvhYu0Bis6wuFQ/f0KciX4uUrmueKlg3P+/qGQqDD4WvG+ZjMVRjBKZK
Mh7GzS2WXWMb1TwB0688D0Jic9+XkHbRpXUzHx5s/Egz9cVj8VshtCxFQvXjIdo7Oxn8IDgejzUP
aGpgl52O/u7alV/U9alQWpZNZFhWTc7HOaKT0ePIi5sc1cBOVdxV0AnP8/XV1WNxo9CVB7ZIQfP3
gxii87bXPLpsMlQD780EjrYOT0NKp34Cm1g9er1fnlU+1F2cFak4WPNmTKhAbU7GQ71jbdPx0ZH2
aYZGyM9EGmY3CyNIJxw8uMswSer33kH5HhfZ2fNBCW84/PdybdCdIrb+9RluhYiSZwijCo0SjiS2
LR0J64rHvE067C8M2MGzbLAvfERk+1iabomAKGr8fAQhSDwghXPuCXnW2hBDA9jNqzoB8oWfxtgP
GbyFmP1o3JdYLaumpPn7MwMMos3Wfsipg4PM40Hvi6IZWipQOzvW/l3nLWWOUNLx8M1+LoLmwT9d
fiS9qXvij84HLv8JtK/j5E2zBaAAH6H/nAf59sy/FgGkwx8ei/Q3x7j6JxAf8CRp7x8FaZM/vRHQ
72hgfAHtmVz5s3OwmqRRyUTN4es453m7N9y985EU9A6Ov8TO2gQ8XGsXKd+IVi+4hNzbyv/p9ZvT
gxez8xdxfPFYPKiFH077zzwCd8tvNAbb8O7mmbY5uT4vUL2fFOA7ncd7eJLYLatFUufyE1i9rUdz
41a3EWrc3XH6glP/yzjlbjwx9XBW8fMZvRmcma1/NjoMEaizizpeL0PJ2rFtP1q8rTFKjpCI+tdD
uHl7dNFgBK+6zdu7lfElBWgceIci0k0oQI+AyNyPVhfi+hPOdN/yNKGctEF9CfpI/znyL+Pskpze
48bOErFllaTUvx7EEzZXfix42kxsGsDuPll0yzJ/zf2DtZ86RSDyLzwC6r0WbpbHkThAfH7ebOy0
1wEmKxqbvz8jjHUwjxrISvmoHnFHQFXn+D/QFmoQ0Lp4sMrBPHKoRbo8leB2XDOH8263xC8eL4WX
2CyLWp6JpKC7Kx94vnlS+Knni8BtPhynngob5anAR/cgF09HLW5LoWRdcWQ3UvtF17+mGx7Jx7wf
z8MCTiWNTGn3wXWc4nVISIZA2eiJRIRM+orhuGnLDWD3ubFOPvPy8N1j8QioLKte+bNzUMAzODk4
ez5qcEEPAvIUuANFdw7ky0eiKR2h+nAIBgcRLadHentPzqordhBDob5i+GKflVrRk6PUZ38rArZg
urmcTJfmjP23NmOGZuh4P4xzd88qNI3PAvmP/S/5r2BW4XmGS38X9FfQ34m8z/ECwhL+ndANTw5i
bTwOLiOpHiRxmu/pC4xmALxag4QGAZSZexpe8yiKi8hB06fXEbiz9oV8vTDbiz2PEOGbQAO13UDn
cmbIr9WkbG9CkBUIMoxdIe97cQpoK5jCBRJ1sQgtr5NNsgcxCX65vuf54Fnz7Z5B2Oipc1DTIBM5
huBsD8H0rscALXLvRWHXkEwItzEA3+zcO3q5f4EgaXeDPwqRbsuFFSx1gB8Fwt/DhGcZ7AN37zv6
DyRU5PEgg1xa0bnxxdXA9fHg0xF7UwRd2/H1AM1fDQl4tCr4SuyJaIXXrWdWh9sQn1l9wtCQmUOm
U6RUZ5AFMRAca9khWBS7WItMsFISjKeC5WvBIAJm8IPnzEFN5swWzI+coMBXBAH9DctFXOdxCDM9
RNDFmXFP9FmMffIMUTIbSvlLto2LVOFivsdAoT74TlwBdJmCVYBTBsSn4qpCN3KFx0GbGbuKo29z
hgUVTxlKMwRm8fnxLVKI7xRKvq/WImJFsoJEGBAMrQhNWCJbWhFjT96uqYGPL0ziCzgMUKjXMkAG
KY8yfOvHlbeJVKgHOCAGeUK8JnnhAz6OYNhbD0iCIWKWplpqbcnoDQW8ka2L3I3B+NWbwEtm9Vob
17EKg08m7AQvhb5lB2ur0IWY4YbUdY3AZuPCM6PVfzE5C3AhW/tBEF8x3JLACVNumW18zv6OBotj
yHLL6NSg78lzsmI1iQFXDDcXA32DSBGdvWVKETheGX11u4kKe21gT6AV7rosFZlUHioFXwlioeAQ
KsgzMFCZLZBqEK34o+ABCn3lQ7nCNjwoBNtRi4LP20XsckXYbgLd0QCUhm/jLOE2rX1ahDboC2xy
P9tGzgXPLvG15EuwwiENeJOBYnFjlJzisHUag/MC3cPwrC/fY2bKbcBu6jN8FwMYwThFsoEAgbCw
iMD+cIhEfk7GATyBjabxtQ/2KUAMwBLZfVQRh7JVBB17aOk4Bi26z/z8WxBfntI0V6CnJIPrTGY7
wEMBu84gsRAbA8XpklB1LZ2TdaRFFKE6XXRucUJKoIcwsyE7FBv1m4X+ag2uAB9Z6De3rrIclEia
FkkuoVJgKJgQaFN8kXJhS9MrKq7cThzfyQWyb6cAbQRtLgZBg3UNG4YGgwdy0JJhzMc9jfEg3cod
/WMQ22A8GPuZhMM+CH16fT4UK25vcxA4O5eS1ki2foaoafoFKu3KJ8GTQcGOvxpIRKWNZcSg5wOF
4M4EVtSIxoMMr1xS2jgoq8A9zlYx6AlPUMkocKEVkTkg0pZMQy5gdfLf8i2R//McYDJ1H/0Ylr+M
fqjGEiJB+d6KJIUuY+A9MLgKtyIIV21R9YS2/1vaD8xpuVIdLxwdvAz+cG2f0W2uQ4wiyIJFa3mL
OTRxAdaakwN2o7UcZOsAK9kaVm4Zbsxwu9JgDQZrzTVNxAIreeRC2RM1zZcEFSyS07YsI0wuCyQg
lBQ6XkWH7rANkTZhazl9FqmVOA6i8R6MArWBQdAcUHkkCTPAufoVjNbyipuYN4jQJq6EmUPokANu
EZxi5yVO4N4byiFdd8l+PKaR/Ji9oJHaKTvFe472Dxrj6GfskPCPT39kBy9eYfiDCdNjdvqCBhin
7Odj+sVP++wnAro4uJa4qx2zn8t1Ll5J/KfsBwLN2d/f/INdvCaoc/piKEn9ah1freMu62iG0puO
BTg5E6kfU1KM6UxGn93AV69Lt1elLDq4MEjLXYrQNGQACYWQyQqhgnoPcjVIc8ApY0y8y2dLXw0l
FyahEQ5TixFmiQQSmDodKmMkrPEKMzHMtWnC8OZodKmqoAb/nAgHU/KMXC6SKx24nFvxAF5aJFnN
qqkpXrPd20lSnJuK8xVPbQgwAycOAlkLUhy/XboUsZAcNYupWZABhTwqqABoUgLFUQHBZrdfZlbd
aFPGG5mkeh7gkvyGdSQbslcyc5Jvb0IGHxeBW9HiQyp2FbGa/kwiToh8YHSqaYpXWO2IYu6NVJNM
R2KoePPSOCxTVjlbjRg0DbOpYeRGafKGbbBbTKplHedl0YYqS2Eln1wXGbJbhImscGQZxdSNAd4o
9XWIg9QEop3ILDmAK0iWIarzWwQMqS+kj7DCBowsywqBGUC+Bq2tyooPYz+uVlPVLxUpM21V2Em/
TkPvlBP2GeQneUraD3iCUD8sQshUIUlNWVmPoyKZ7EpIKmq54n5RoqQdc9PGoOBNFEW04AAr0QJS
13GlscNYfXinY9NYYcD/FX45uNxCEpca2OSM8u+Bgx/RqXg7BFIo44ciDKUH1Mk0XWJJOPYFmJwj
Oay5g2lKnpKfcmUcXK4rBYivRJZ470d1nx1akepnLlUuCAXOOg5koWbz3FlTQUskZ/j1DaaySfJt
svug7soc0hZVySazxCdNLZW30K2m2xyR99lAbyiQlEcLD/KSGHDbk6ny2nU1SE0iLMRcyTn2E6hc
xskAVGQN2QuoqMCW9qhEYgdnb/oMXySEgZF75btg9pRyS+9Z4R8Q/iWblsVrXddmJJ3G2CHbd8FR
rXngjeJIyGLbFWDDailYlGG3Ew2ssRHroNdA1uoNXKNXw0KNB0OGRLw5i87KkrVuwmBFjkRd4QkJ
TCySKBmo606P4ETtusz/ICp9YnFbqjHDgKcqDyh+pXk0Qut4YchJu0N2puYEPF3RBK66QcoWaEUv
5StkAXQCYsuSgEoTbPGEQDxudp6ing4CH1uW1LPC72LgN9hOLt4QpRmwhGzbRc6wR0aqrJeTJfqw
9DVhXgxw1pKoRSt3hV2slmXZ/5Thl2RyVfWsYavSfaZaRJlsaqElR1ksA5eyBh2RSecksR2s4zij
xldZ7Yuyn0MezOU5ZxnflJ4Su5Bloxbv1ZsaCaOmukxYVE/w99iPZE+J2rTfsnd2fI1Wn7LjQ7bz
7s3x4S7wDCYPNMD4K3D3YEn0EB0YBnYBUhecZV3qgSXENISEHYGlv/vhZYlfdQgakG9pMWzWUtCE
7ANbRRSGibe47FCqENJopHoeLQv3fG87uC58t+aWQ5oCzk3wvHSbwL78rEhZTFMfRhEKZiOEbHRE
sRP4CaO5YDUnfAsWg/0YfGRatbYwog1l0mrPnGaub0Pyr9J31vCn5LAHJQZJWKPhUfanm63MC+pF
yk0hPwolNUZj1Q4oMtUTlR+3or2p5gzknCVLIJPa+AEuI529cmRqFYxWUDtURXmE04Ju0OyXo1qt
7Vvbx9IU9sO4wH3uyaiktj0KXBkCRmH0Y9T6A2PF3xRGYfJrCqqNycR4JGSryRYSmS083KV09EBx
cF3uCtoIdCLRCs+SfVyoYh+8FeNdUhP5aSNYTUDku41K7XYyeYqfAWO83JxAbDkZ/62oMWnHYyNu
UCRg5UKZAviy0o/SFw9oOTqJaW7jQ1rSpidZyFmhVEWK+mbyuy9M8chU+7IM9jSnJQDAN2AG1HCr
lGdZLaS6RVrJaXhTUMqNXXGf+tLgUoEHqaHyC1tkkuoCox6NUc7TJNdJxcAgUQ4P4w76MAiMKs2m
wxXZFF6qgI89bGxgMgmW8VJpDQipu4sNh4BWP8CPYHZA1aZrg5M1ZKZe3IhssNcG8tCwGrmOUTNE
yjAJw2Tox0QxOL1tiCVShg+HZcBhVpOOdZ+6z+r7xAI5PL5apWKl2tOqly17dvjpwssuf0Qf7ONX
h6/wc08DFR5klETXcCVkHs7pa5O4YkaE1wwQbNg4foKgXEleGqhUzg2hgkLlfWVMkA/gp4soqjXT
SYLHTdFBhh6hnTR6xX3wksma9xl+uIBCeV5lbOCmPZFCVj5APxRhqJR3y8gm4wpv9Z7V+XMjFBeQ
nULUJ19WugyFkDQv75dr3NC05LWp6twPa4+tYjUixfG4E9BBo2bRbeKC1FRXk8oDlGG9gLrTXKGU
5v3ZgHLeUrtyV8j938wzAH2u5Pnk9NXF8yUeGUogeQwsiFSOrTwGHvJAGeNSkul7FSKoVIAReR6I
HqhsMkhPB/iUoyzjGw98nqkKBpJOHiZBeQVCBydbQKKCb1ASxC628LsBAIa4n1YA9A/YS16yXynd
geDahzGYAPdZDcEhv+Hq8pmFKqo2DzSJX0xGU99VnYjyTJlaDLcFOMoSKKBnlHRTBYsvxAFTKjo3
+ZTrEg0lxwL30FiTwa5eccnwNHppfD/rTxbXet+8NvvG9/r3LiZZ5BB28KkTB73w3lyTPltejSe7
MnOUx3/NBoB0BRiKMMIQwzKfoc47qNfZMvnZvCItvXdZ9aTVuSG5JsADkc2hU92sFNigPHQEo5Ep
8pMj8km0FI1vISkosVCfKm5ABpSvNhLJmD7hysQ1eMhMFYzOJZYcGRVHIBHbh2R/KxNDGof80hvH
gYw3D8jSKgcvZUFUQIZTFbG9fk/g06eZr96fOqDPANRffrMd9QWvCoJHyvjVuBYsDt+7cR7hO7EN
qPq8dA0o0qB5jQ6nee35QS5aiFdh6zt0+Eni5rUPe3bTBODn5ZrXoS0PyJuwTH31rglLnDbbr4Wn
2hqtmRRFsjYIsp6wCTk/e9miYJv9EdDX89QvVt3K40sRQbLQ4njL6fEIQz3m/cFP5POEE3rS+IP8
8lg1Gi6vw7ZMY6TG0DRT1w18Buvs8FWLUzd+T5R0gQDy2+oAnxBlWWvguY+7/t1Ji8UOBXCJ9Xmb
LQBe4auHLWDjG3P4qrSOn0cEgtdt46pj93tKzZrf7yMjWMnv+iks+EgsoSwfLiWv5drlN+TQDtNt
ksfqU0k4fuXeUJnf0jLJxmyCoDgsKAKv5COhFTm/YAb36oz6SvWEP//8H1dND8I=
===END CRASH DUMP===
