[1625751527] NAME=Viethung9204 DETECTION=FastBreakA MSG=Try to break Dirt with tool= Airdiff=-1.00000
[1625751606] NAME=BuzzingAsh80644 DETECTION=FastBreakA MSG=Try to break Dirt with tool= Airdiff=-1.00000
[1625751702] NAME=Viethung9204 DETECTION=FastBreakA MSG=Try to break Dirt with tool= Airdiff=-2.00000
[1625751708] NAME=VinhA6NTT DETECTION=FastBreakA MSG=Try to break Dirt with tool= Diamond Pickaxediff=-1.00000
[1625751862] NAME=BuzzingAsh80644 DETECTION=FastBreakA MSG=Try to break Dirt with tool= Dirtdiff=-2.00000
[1625751871] NAME=ZxKillerxZ1753 DETECTION=FastBreakA MSG=Try to break Dirt with tool= Airdiff=-2.00000
[1625751950] NAME=Viethung9204 DETECTION=FastBreakA MSG=Try to break Dirt with tool= Diamond Pickaxediff=-1.00000
[1625752166] NAME=ZxKillerxZ1753 DETECTION=FastBreakA MSG=Try to break Dirt with tool= Airdiff=-1.00000
[1625752224] NAME=BuzzingAsh80644 DETECTION=FastBreakA MSG=Try to break Dirt with tool= Diamond Pickaxediff=-1.00000
[1625752243] NAME=Hreinas DETECTION=FastBreakA MSG=Try to break Dirt with tool= Diamond Pickaxediff=-1.00000
[1625752314] NAME=ZxKillerxZ1753 DETECTION=FastBreakA MSG=Try to break Dirt with tool= Dirtdiff=-1.00000
[1625752367] NAME=BuzzingAsh80644 DETECTION=FastBreakA MSG=Try to break Dirt with tool= Diamond Pickaxediff=-1.00000
[1625752371] NAME=Hreinas DETECTION=FastBreakA MSG=Try to break Dirt with tool= Airdiff=-1.00000
[1625752411] NAME=Viethung9204 DETECTION=FastBreakA MSG=Try to break Dirt with tool= Dirtdiff=-1.00000
[1625752454] NAME=khoikage1 DETECTION=FastBreakA MSG=Try to break Dirt with tool= Diamond Pickaxediff=-6.00000
[1625752496] NAME=ZxKillerxZ1753 DETECTION=FastBreakA MSG=Try to break Dirt with tool= Diamond Pickaxediff=-2.00000
[1625752532] NAME=BuzzingAsh80644 DETECTION=FastBreakA MSG=Try to break Dirt with tool= Diamond Pickaxediff=-1.00000
[1625752540] NAME=Viethung9204 DETECTION=FastBreakA MSG=Try to break Dirt with tool= Dirtdiff=-2.00000
[1625752540] NAME=khoikage1 DETECTION=FastBreakA MSG=Try to break Dirt with tool= Diamond Pickaxediff=-1.00000
[1625752575] NAME=ZxKillerxZ1753 DETECTION=FastBreakA MSG=Try to break Dirt with tool= Diamond Pickaxediff=-3.00000
[1625752611] NAME=BuzzingAsh80644 DETECTION=FastBreakA MSG=Try to break Dirt with tool= Dirtdiff=-1.00000
[1625752652] NAME=Hreinas DETECTION=FastBreakA MSG=Try to break Dirt with tool= Airdiff=-2.00000
[1625752701] NAME=khoikage1 DETECTION=FastBreakA MSG=Try to break Dirt with tool= Airdiff=-4.00000
[1625752736] NAME=ZxKillerxZ1753 DETECTION=FastBreakA MSG=Try to break Dirt with tool= Diamond Pickaxediff=-1.00000
[1625752742] NAME=VinhA6NTT DETECTION=FastBreakA MSG=Try to break Dirt with tool= Airdiff=-1.00000
[1625752770] NAME=khoikage1 DETECTION=FastBreakA MSG=Try to break Dirt with tool= Airdiff=-1.00000
[1625752803] NAME=BuzzingAsh80644 DETECTION=FastBreakA MSG=Try to break Dirt with tool= Dirtdiff=-3.00000
[1625752808] NAME=ZxKillerxZ1753 DETECTION=FastBreakA MSG=Try to break Dirt with tool= Diamond Pickaxediff=-2.00000
[1625752866] NAME=khoikage1 DETECTION=FastBreakA MSG=Try to break Dirt with tool= Airdiff=-2.00000
[1625752876] NAME=ZxKillerxZ1753 DETECTION=FastBreakA MSG=Try to break Dirt with tool= Diamond Pickaxediff=-3.00000
[1625752877] NAME=Viethung9204 DETECTION=FastBreakA MSG=Try to break Dirt with tool= Airdiff=-3.00000
[1625752959] NAME=BuzzingAsh80644 DETECTION=FastBreakA MSG=Try to break Dirt with tool= Dirtdiff=-1.00000
[1625752973] NAME=Hreinas DETECTION=FastBreakA MSG=Try to break Dirt with tool= Wooden Shoveldiff=-2.00000
[1625752988] NAME=KingOfLmao2380 DETECTION=FastBreakA MSG=Try to break Dirt with tool= Airdiff=-3.00000
[1625753022] NAME=ZxKillerxZ1753 DETECTION=FastBreakA MSG=Try to break Dirt with tool= Wooden Shoveldiff=-3.00000
[1625753027] NAME=VinhA6NTT DETECTION=FastBreakA MSG=Try to break Dirt with tool= Airdiff=-1.00000
[1625753027] NAME=Hreinas DETECTION=FastBreakA MSG=Try to break Dirt with tool= Wooden Shoveldiff=-1.00000
[1625753064] NAME=Viethung9204 DETECTION=FastBreakA MSG=Try to break Dirt with tool= Airdiff=-3.00000
[1625753065] NAME=BuzzingAsh80644 DETECTION=FastBreakA MSG=Try to break Dirt with tool= Oak Wood Planksdiff=-3.00000
[1625753094] NAME=ZxKillerxZ1753 DETECTION=FastBreakA MSG=Try to break Dirt with tool= Wooden Shoveldiff=-3.00000
[1625753147] NAME=Hreinas DETECTION=FastBreakA MSG=Try to break Dirt with tool= Wooden Shoveldiff=-3.00000
[1625753169] NAME=ZxKillerxZ1753 DETECTION=FastBreakA MSG=Try to break Dirt with tool= Dirtdiff=-8.00000
[1625753169] NAME=Viethung9204 DETECTION=FastBreakA MSG=Try to break Dirt with tool= Airdiff=-8.00000
[1625753172] NAME=KingOfLmao2380 DETECTION=FastBreakA MSG=Try to break Dirt with tool= Airdiff=-1.00000
[1625753175] NAME=Hreinas DETECTION=FastBreakA MSG=Try to break Dirt with tool= Wooden Shoveldiff=-3.00000
[1625753177] NAME=BuzzingAsh80644 DETECTION=FastBreakA MSG=Try to break Dirt with tool= Oak Wood Planksdiff=-2.00000
[1625753192] NAME=khoikage1 DETECTION=FastBreakA MSG=Try to break Dirt with tool= Airdiff=-1.00000
[1625753211] NAME=Hreinas DETECTION=FastBreakA MSG=Try to break Dirt with tool= Wooden Shoveldiff=-1.00000
[1625753219] NAME=ZxKillerxZ1753 DETECTION=FastBreakA MSG=Try to break Dirt with tool= Dirtdiff=-6.00000
[1625753238] NAME=KingOfLmao2380 DETECTION=FastBreakA MSG=Try to break Dirt with tool= Wooden Shoveldiff=-5.00000
[1625753239] NAME=Viethung9204 DETECTION=FastBreakA MSG=Try to break Dirt with tool= Airdiff=-4.00000
[1625753245] NAME=BuzzingAsh80644 DETECTION=FastBreakA MSG=Try to break Dirt with tool= Wooden Shoveldiff=-2.00000
[1625753262] NAME=Hreinas DETECTION=FastBreakA MSG=Try to break Dirt with tool= Wooden Shoveldiff=-2.00000
[1625753266] NAME=KingOfLmao2380 DETECTION=FastBreakA MSG=Try to break Dirt with tool= Wooden Shoveldiff=-2.00000
[1625753273] NAME=BuzzingAsh80644 DETECTION=FastBreakA MSG=Try to break Dirt with tool= Wooden Shoveldiff=-2.00000
[1625753283] NAME=Viethung9204 DETECTION=FastBreakA MSG=Try to break Dirt with tool= Airdiff=-4.00000
[1625753287] NAME=khoikage1 DETECTION=FastBreakA MSG=Try to break Dirt with tool= Airdiff=-8.00000
[1625753289] NAME=ZxKillerxZ1753 DETECTION=FastBreakA MSG=Try to break Oak Wood Planks with tool= Dirtdiff=-2.00000
[1625753304] NAME=BuzzingAsh80644 DETECTION=FastBreakA MSG=Try to break Dirt with tool= Wooden Shoveldiff=-2.00000
[1625753318] NAME=KingOfLmao2380 DETECTION=FastBreakA MSG=Try to break Dirt with tool= Wooden Shoveldiff=-2.00000
[1625753332] NAME=Hreinas DETECTION=FastBreakA MSG=Try to break Dirt with tool= Wooden Shoveldiff=-1.00000
[1625753607] NAME=khoikage1 DETECTION=FastBreakA MSG=Try to break Dirt with tool= Wooden Shoveldiff=-3.00000
[1625753639] NAME=khoikage1 DETECTION=FastBreakA MSG=Try to break Dirt with tool= Wooden Shoveldiff=-1.00000
[1625753658] NAME=Viethung9204 DETECTION=FastBreakA MSG=Try to break Dirt with tool= Wooden Shoveldiff=-2.00000
[1625753789] NAME=ditconmemay0411 DETECTION=FastBreakA MSG=Try to break Dirt with tool= Airdiff=-3.00000
[1625753792] NAME=Viethung9204 DETECTION=FastBreakA MSG=Try to break Dirt with tool= Airdiff=-4.00000
[1625753817] NAME=BuzzingAsh80644 DETECTION=FastBreakA MSG=Try to break Dirt with tool= Wooden Shoveldiff=-2.00000
[1625753845] NAME=BuzzingAsh80644 DETECTION=FastBreakA MSG=Try to break Dirt with tool= Wooden Shoveldiff=-2.00000
[1625753849] NAME=khoikage1 DETECTION=FastBreakA MSG=Try to break Dirt with tool= Wooden Shoveldiff=-3.00000
[1625753854] NAME=TungVnNoob DETECTION=FastBreakA MSG=Try to break Dirt with tool= Dirtdiff=-5.00000
[1625753855] NAME=KingOfLmao2380 DETECTION=FastBreakA MSG=Try to break Dirt with tool= Wooden Shoveldiff=-2.00000
[1625753883] NAME=BuzzingAsh80644 DETECTION=FastBreakA MSG=Try to break Dirt with tool= Wooden Shoveldiff=-1.00000
[1625753886] NAME=Viethung9204 DETECTION=FastBreakA MSG=Try to break Dirt with tool= Airdiff=-1.00000
[1625753890] NAME=khoikage1 DETECTION=FastBreakA MSG=Try to break Dirt with tool= Wooden Shoveldiff=-2.00000
[1625753904] NAME=TungVnNoob DETECTION=FastBreakA MSG=Try to break Dirt with tool= Airdiff=-6.00000
[1625753907] NAME=BuzzingAsh80644 DETECTION=FastBreakA MSG=Try to break Dirt with tool= Wooden Shoveldiff=-5.00000
[1625753921] NAME=BuzzingAsh80644 DETECTION=FastBreakA MSG=Try to break Dirt with tool= Wooden Shoveldiff=-2.00000
[1625753934] NAME=KingOfLmao2380 DETECTION=FastBreakA MSG=Try to break Dirt with tool= Wooden Shoveldiff=-3.00000
[1625753946] NAME=BuzzingAsh80644 DETECTION=FastBreakA MSG=Try to break Dirt with tool= Wooden Shoveldiff=-2.00000
[1625753964] NAME=BuzzingAsh80644 DETECTION=FastBreakA MSG=Try to break Dirt with tool= Wooden Shoveldiff=-3.00000
[1625753965] NAME=khoikage1 DETECTION=FastBreakA MSG=Try to break Dirt with tool= Wooden Shoveldiff=-3.00000
[1625753967] NAME=ditconmemay0411 DETECTION=FastBreakA MSG=Try to break Dirt with tool= Wooden Shoveldiff=-5.00000
[1625753988] NAME=KingOfLmao2380 DETECTION=FastBreakA MSG=Try to break Dirt with tool= Wooden Shoveldiff=-3.00000
[1625753994] NAME=BuzzingAsh80644 DETECTION=FastBreakA MSG=Try to break Dirt with tool= Wooden Shoveldiff=-1.00000
[1625754005] NAME=khoikage1 DETECTION=FastBreakA MSG=Try to break Dirt with tool= Wooden Shoveldiff=-2.00000
[1625754009] NAME=ditconmemay0411 DETECTION=FastBreakA MSG=Try to break Dirt with tool= Wooden Shoveldiff=-3.00000
[1625754042] NAME=khoikage1 DETECTION=FastBreakA MSG=Try to break Dirt with tool= Wooden Shoveldiff=-4.00000
[1625754052] NAME=TungVnNoob DETECTION=FastBreakA MSG=Try to break Dirt with tool= Airdiff=-4.00000
[1625754055] NAME=ditconmemay0411 DETECTION=FastBreakA MSG=Try to break Dirt with tool= Wooden Shoveldiff=-3.00000
[1625754065] NAME=BuzzingAsh80644 DETECTION=FastBreakA MSG=Try to break Dirt with tool= Airdiff=-1.00000
[1625754077] NAME=khoikage1 DETECTION=FastBreakA MSG=Try to break Dirt with tool= Wooden Shoveldiff=-2.00000
[1625754104] NAME=KingOfLmao2380 DETECTION=FastBreakA MSG=Try to break Dirt with tool= Wooden Shoveldiff=-2.00000
[1625754115] NAME=khoikage1 DETECTION=FastBreakA MSG=Try to break Dirt with tool= Wooden Shoveldiff=-2.00000
[1625754143] NAME=TalkierCamp6803 DETECTION=FastBreakA MSG=Try to break Dirt with tool= Wooden Shoveldiff=-3.00000
[1625754149] NAME=KingOfLmao2380 DETECTION=FastBreakA MSG=Try to break Dirt with tool= Wooden Shoveldiff=-1.00000
[1625754161] NAME=ZxKillerxZ1753 DETECTION=FastBreakA MSG=Try to break Grass with tool= Wooden Shoveldiff=-3.00000
[1625754197] NAME=TalkierCamp6803 DETECTION=FastBreakA MSG=Try to break Dirt with tool= Wooden Shoveldiff=-6.00000
[1625754197] NAME=TalkierCamp6803 DETECTION=FastBreakA MSG=Try to break Dirt with tool= Wooden Shoveldiff=-6.00000
[1625754238] NAME=BuzzingAsh80644 DETECTION=FastBreakA MSG=Try to break Dirt with tool= Airdiff=-2.00000
[1625754253] NAME=TungVnNoob DETECTION=FastBreakA MSG=Try to break Dirt with tool= Airdiff=-4.00000
[1625754265] NAME=khoikage1 DETECTION=FastBreakA MSG=Try to break Dirt with tool= Wooden Shoveldiff=-1.00000
[1625754278] NAME=ZxKillerxZ1753 DETECTION=FastBreakA MSG=Try to break Lily Pad with tool= Wooden Shoveldiff=-16.00000
[1625754315] NAME=BuzzingAsh80644 DETECTION=FastBreakA MSG=Try to break Dirt with tool= Airdiff=-1.00000
[1625754319] NAME=khoikage1 DETECTION=FastBreakA MSG=Try to break Dirt with tool= Wooden Shoveldiff=-1.00000
[1625754338] NAME=KingOfLmao2380 DETECTION=FastBreakA MSG=Try to break Dirt with tool= Airdiff=-2.00000
[1625754356] NAME=ZxKillerxZ1753 DETECTION=FastBreakA MSG=Try to break Dirt with tool= Wooden Shoveldiff=-4.00000
[1625754385] NAME=khoikage1 DETECTION=FastBreakA MSG=Try to break Dirt with tool= Wooden Shoveldiff=-2.00000
[1625754401] NAME=ZxKillerxZ1753 DETECTION=FastBreakA MSG=Try to break Dirt with tool= Wooden Shoveldiff=-1.00000
[1625754415] NAME=TungVnNoob DETECTION=FastBreakA MSG=Try to break Dirt with tool= Airdiff=-3.00000
[1625754416] NAME=KingOfLmao2380 DETECTION=FastBreakA MSG=Try to break Dirt with tool= Wooden Shoveldiff=-1.00000
[1625754432] NAME=BuzzingAsh80644 DETECTION=FastBreakA MSG=Try to break Dirt with tool= Airdiff=-4.00000
[1625754436] NAME=khoikage1 DETECTION=FastBreakA MSG=Try to break Dirt with tool= Wooden Shoveldiff=-2.00000
[1625754447] NAME=ZxKillerxZ1753 DETECTION=FastBreakA MSG=Try to break Dirt with tool= Wooden Shoveldiff=-2.00000
[1625754488] NAME=KingOfLmao2380 DETECTION=FastBreakA MSG=Try to break Dirt with tool= Wooden Shoveldiff=-2.00000
[1625754493] NAME=khoikage1 DETECTION=FastBreakA MSG=Try to break Dirt with tool= Wooden Shoveldiff=-1.00000
[1625754517] NAME=BuzzingAsh80644 DETECTION=FastBreakA MSG=Try to break Dirt with tool= Airdiff=-1.00000
[1625754545] NAME=KingOfLmao2380 DETECTION=FastBreakA MSG=Try to break Dirt with tool= Wooden Shoveldiff=-3.00000
[1625754545] NAME=khoikage1 DETECTION=FastBreakA MSG=Try to break Dirt with tool= Wooden Shoveldiff=-1.00000
[1625754552] NAME=ZxKillerxZ1753 DETECTION=FastBreakA MSG=Try to break Dirt with tool= Dirtdiff=-1.00000
[1625754561] NAME=MinhTrnggem DETECTION=FastBreakA MSG=Try to break Dirt with tool= Dirtdiff=-4.00000
[1625754579] NAME=khoikage1 DETECTION=FastBreakA MSG=Try to break Dirt with tool= Wooden Shoveldiff=-2.00000
[1625754621] NAME=khoikage1 DETECTION=FastBreakA MSG=Try to break Dirt with tool= Wooden Shoveldiff=-5.00000
[1625754623] NAME=BuzzingAsh80644 DETECTION=FastBreakA MSG=Try to break Dirt with tool= Airdiff=-4.00000
[1625754643] NAME=Oniichan244 DETECTION=FastBreakA MSG=Try to break Dirt with tool= Dirtdiff=-1.00000
[1625754649] NAME=khoikage1 DETECTION=FastBreakA MSG=Try to break Dirt with tool= Wooden Shoveldiff=-2.00000
[1625754660] NAME=KingOfLmao2380 DETECTION=FastBreakA MSG=Try to break Dirt with tool= Airdiff=-1.00000
[1625754663] NAME=MinhTrnggem DETECTION=FastBreakA MSG=Try to break Dirt with tool= Dirtdiff=-3.00000
[1625754664] NAME=BuzzingAsh80644 DETECTION=FastBreakA MSG=Try to break Dirt with tool= Airdiff=-3.00000
[1625754697] NAME=ZxKillerxZ1753 DETECTION=FastBreakA MSG=Try to break Dirt with tool= Oak Wood Planksdiff=-5.00000
[1625754731] NAME=BuzzingAsh80644 DETECTION=FastBreakA MSG=Try to break Dirt with tool= Dirtdiff=-8.00000
[1625754767] NAME=KingOfLmao2380 DETECTION=FastBreakA MSG=Try to break Dirt with tool= Dirtdiff=-4.00000
[1625754773] NAME=ZxKillerxZ1753 DETECTION=FastBreakA MSG=Try to break Dirt with tool= Airdiff=-1.00000
[1625754808] NAME=MinhTrnggem DETECTION=FastBreakA MSG=Try to break Dirt with tool= Dirtdiff=-5.00000
[1625754808] NAME=Oniichan244 DETECTION=FastBreakA MSG=Try to break Dirt with tool= Dirtdiff=-3.00000
[1625754827] NAME=BuzzingAsh80644 DETECTION=FastBreakA MSG=Try to break Dirt with tool= Dirtdiff=-2.00000
[1625754858] NAME=ZxKillerxZ1753 DETECTION=FastBreakA MSG=Try to break Dirt with tool= Airdiff=-11.00000
[1625754864] NAME=khoikage1 DETECTION=FastBreakA MSG=Try to break Dirt with tool= Airdiff=-1.00000
[1625754889] NAME=KingOfLmao2380 DETECTION=FastBreakA MSG=Try to break Dirt with tool= Airdiff=-5.00000
[1625754913] NAME=MinhTrnggem DETECTION=FastBreakA MSG=Try to break Dirt with tool= Dirtdiff=-4.00000
[1625754939] NAME=BuzzingAsh80644 DETECTION=FastBreakA MSG=Try to break Dirt with tool= Dirtdiff=-3.00000
[1625754964] NAME=khoikage1 DETECTION=FastBreakA MSG=Try to break Dirt with tool= Airdiff=-1.00000
[1625754984] NAME=BuzzingAsh80644 DETECTION=FastBreakA MSG=Try to break Dirt with tool= Dirtdiff=-2.00000
[1625754990] NAME=ZxKillerxZ1753 DETECTION=FastBreakA MSG=Try to break Dirt with tool= Airdiff=-4.00000
[1625755003] NAME=KingOfLmao2380 DETECTION=FastBreakA MSG=Try to break Dirt with tool= Airdiff=-2.00000
[1625755078] NAME=Oniichan244 DETECTION=FastBreakA MSG=Try to break Dirt with tool= Oak Wood Planksdiff=-2.00000
[1625755081] NAME=ZxKillerxZ1753 DETECTION=FastBreakA MSG=Try to break Dirt with tool= Airdiff=-3.00000
[1625755081] NAME=BuzzingAsh80644 DETECTION=FastBreakA MSG=Try to break Dirt with tool= Dirtdiff=-2.00000
[1625755105] NAME=khoikage1 DETECTION=FastBreakA MSG=Try to break Dirt with tool= Airdiff=-3.00000
[1625755117] NAME=MinhTrnggem DETECTION=FastBreakA MSG=Try to break White Stained Glass with tool= Dirtdiff=-6.00000
[1625755127] NAME=BuzzingAsh80644 DETECTION=FastBreakA MSG=Try to break Dirt with tool= Dirtdiff=-5.00000
[1625755141] NAME=ZxKillerxZ1753 DETECTION=FastBreakA MSG=Try to break Dirt with tool= Airdiff=-1.00000
[1625755197] NAME=KingOfLmao2380 DETECTION=FastBreakA MSG=Try to break Dirt with tool= Airdiff=-5.00000
[1625755202] NAME=BuzzingAsh80644 DETECTION=FastBreakA MSG=Try to break Dirt with tool= Dirtdiff=-4.00000
[1625755210] NAME=ZxKillerxZ1753 DETECTION=FastBreakA MSG=Try to break Dirt with tool= Airdiff=-3.00000
[1625755216] NAME=MinhTrnggem DETECTION=FastBreakA MSG=Try to break Dirt with tool= Dirtdiff=-4.00000
[1625755278] NAME=ZxKillerxZ1753 DETECTION=FastBreakA MSG=Try to break Dirt with tool= Dirtdiff=-3.00000
[1625755301] NAME=MinhTrnggem DETECTION=FastBreakA MSG=Try to break Dirt with tool= Dirtdiff=-2.00000
[1625755315] NAME=ZxKillerxZ1753 DETECTION=FastBreakA MSG=Try to break Dirt with tool= Dirtdiff=-3.00000
[1625755322] NAME=BuzzingAsh80644 DETECTION=FastBreakA MSG=Try to break Dirt with tool= Dirtdiff=-7.00000
[1625755389] NAME=MinhTrnggem DETECTION=FastBreakA MSG=Try to break Dirt with tool= Dirtdiff=-4.00000
[1625755432] NAME=ZxKillerxZ1753 DETECTION=FastBreakA MSG=Try to break Dirt with tool= Dirtdiff=-3.00000
[1625755435] NAME=BuzzingAsh80644 DETECTION=FastBreakA MSG=Try to break Dirt with tool= Dirtdiff=-1.00000
[1625755436] NAME=MinhTrnggem DETECTION=FastBreakA MSG=Try to break Dirt with tool= Dirtdiff=-3.00000
[1625755440] NAME=KingOfLmao2380 DETECTION=FastBreakA MSG=Try to break Dirt with tool= Airdiff=-4.00000
[1625755509] NAME=Oniichan244 DETECTION=FastBreakA MSG=Try to break Dirt with tool= Dirtdiff=-3.00000
[1625755519] NAME=MinhTrnggem DETECTION=FastBreakA MSG=Try to break Dirt with tool= Dirtdiff=-1.00000
[1625755541] NAME=ZxKillerxZ1753 DETECTION=FastBreakA MSG=Try to break Dirt with tool= Dirtdiff=-3.00000
[1625755569] NAME=BuzzingAsh80644 DETECTION=FastBreakA MSG=Try to break Dirt with tool= Dirtdiff=-12.00000
[1625755575] NAME=MinhTrnggem DETECTION=FastBreakA MSG=Try to break Dirt with tool= Dirtdiff=-5.00000
[1625755596] NAME=KingOfLmao2380 DETECTION=FastBreakA MSG=Try to break Dirt with tool= Airdiff=-6.00000
[1625755606] NAME=ZxKillerxZ1753 DETECTION=FastBreakA MSG=Try to break Dirt with tool= Dirtdiff=-5.00000
[1625755628] NAME=BuzzingAsh80644 DETECTION=FastBreakA MSG=Try to break Dirt with tool= Dirtdiff=-4.00000
[1625755654] NAME=MinhTrnggem DETECTION=FastBreakA MSG=Try to break Dirt with tool= Dirtdiff=-5.00000
[1625755666] NAME=ZxKillerxZ1753 DETECTION=FastBreakA MSG=Try to break Dirt with tool= Dirtdiff=-10.00000
[1625755666] NAME=Oniichan244 DETECTION=FastBreakA MSG=Try to break Dirt with tool= Dirtdiff=-11.00000
[1625755681] NAME=KingOfLmao2380 DETECTION=FastBreakA MSG=Try to break Dirt with tool= Airdiff=-6.00000
[1625755688] NAME=BuzzingAsh80644 DETECTION=FastBreakA MSG=Try to break Dirt with tool= Dirtdiff=-7.00000
[1625755711] NAME=KingOfLmao2380 DETECTION=FastBreakA MSG=Try to break Dirt with tool= Airdiff=-11.00000
[1625755711] NAME=BuzzingAsh80644 DETECTION=FastBreakA MSG=Try to break Dirt with tool= Dirtdiff=-12.00000
[1625755712] NAME=MinhTrnggem DETECTION=FastBreakA MSG=Try to break Dirt with tool= Dirtdiff=-7.00000
[1625755763] NAME=ZxKillerxZ1753 DETECTION=FastBreakA MSG=Try to break Dirt with tool= Dirtdiff=-5.00000
[1625755774] NAME=BuzzingAsh80644 DETECTION=FastBreakA MSG=Try to break Dirt with tool= Dirtdiff=-7.00000
[1625755784] NAME=Oniichan244 DETECTION=FastBreakA MSG=Try to break Dirt with tool= Airdiff=-12.00000
[1625755805] NAME=MinhTrnggem DETECTION=FastBreakA MSG=Try to break Dirt with tool= Dirtdiff=-5.00000
[1625755853] NAME=zZzNVKzZz DETECTION=SpeedC MSG=A=0.79364799502046 E=0.4
[1625755865] NAME=BuzzingAsh80644 DETECTION=FastBreakA MSG=Try to break Dirt with tool= Dirtdiff=-6.00000
[1625755867] NAME=KingOfLmao2380 DETECTION=FastBreakA MSG=Try to break Dirt with tool= Airdiff=-4.00000
[1625755892] NAME=MinhTrnggem DETECTION=FastBreakA MSG=Try to break Dirt with tool= Dirtdiff=-5.00000
[1625755903] NAME=ZxKillerxZ1753 DETECTION=FastBreakA MSG=Try to break Dirt with tool= Dirtdiff=-3.00000
[1625755928] NAME=KingOfLmao2380 DETECTION=FastBreakA MSG=Try to break Dirt with tool= Airdiff=-6.00000
[1625755941] NAME=Oniichan244 DETECTION=FastBreakA MSG=Try to break Dirt with tool= Airdiff=-6.00000
[1625755952] NAME=ZxKillerxZ1753 DETECTION=FastBreakA MSG=Try to break Dirt with tool= Dirtdiff=-2.00000
[1625755956] NAME=BuzzingAsh80644 DETECTION=FastBreakA MSG=Try to break Dirt with tool= Dirtdiff=-2.00000
[1625756009] NAME=BuzzingAsh80644 DETECTION=FastBreakA MSG=Try to break Dirt with tool= Dirtdiff=-3.00000
[1625756111] NAME=BuzzingAsh80644 DETECTION=FastBreakA MSG=Try to break Dirt with tool= Airdiff=-3.00000
[1625756115] NAME=KingOfLmao2380 DETECTION=FastBreakA MSG=Try to break Dirt with tool= Airdiff=-4.00000
[1625756239] NAME=Monnkhon1294 DETECTION=FastBreakA MSG=Try to break Dirt with tool= Dirtdiff=-1.00000
[1625756240] NAME=KingOfLmao2380 DETECTION=FastBreakA MSG=Try to break Dirt with tool= Airdiff=-3.00000
[1625756268] NAME=ZxKillerxZ1753 DETECTION=FastBreakA MSG=Try to break Dirt with tool= Dirtdiff=-1.00000
[1625756272] NAME=baochanelgamerr DETECTION=FastBreakA MSG=Try to break Dirt with tool= Airdiff=-4.00000
[1625756295] NAME=KingOfLmao2380 DETECTION=FastBreakA MSG=Try to break Dirt with tool= Airdiff=-4.00000
[1625756310] NAME=Monnkhon1294 DETECTION=FastBreakA MSG=Try to break Dirt with tool= Dirtdiff=-2.00000
[1625756364] NAME=KingOfLmao2380 DETECTION=FastBreakA MSG=Try to break Dirt with tool= Airdiff=-3.00000
[1625756384] NAME=ZxKillerxZ1753 DETECTION=FastBreakA MSG=Try to break Cobblestone with tool= Diamond Pickaxediff=-5.00000
[1625756403] NAME=baochanelgamerr DETECTION=FastBreakA MSG=Try to break Dirt with tool= Airdiff=-2.00000
[1625756412] NAME=BuzzingAsh80644 DETECTION=FastBreakA MSG=Try to break Cobblestone with tool= Diamond Pickaxediff=-1.00000
[1625756424] NAME=ShaNon3336 DETECTION=FastBreakA MSG=Try to break Dirt with tool= Airdiff=-6.00000
[1625756427] NAME=Viethung9204 DETECTION=FastBreakA MSG=Try to break Cobblestone with tool= Diamond Pickaxediff=-5.00000
[1625756437] NAME=ZxKillerxZ1753 DETECTION=FastBreakA MSG=Try to break Cobblestone with tool= Diamond Pickaxediff=-1.00000
[1625756451] NAME=BuzzingAsh80644 DETECTION=FastBreakA MSG=Try to break Cobblestone with tool= Diamond Pickaxediff=-2.00000
[1625756459] NAME=KanTv5504 DETECTION=FastBreakA MSG=Try to break Dirt with tool= Airdiff=-2.00000
[1625756467] NAME=ZxKillerxZ1753 DETECTION=FastBreakA MSG=Try to break Emerald Ore with tool= Diamond Pickaxediff=-3.00000
[1625756476] NAME=baochanelgamerr DETECTION=FastBreakA MSG=Try to break Dirt with tool= Airdiff=-5.00000
[1625756480] NAME=Viethung9204 DETECTION=FastBreakA MSG=Try to break Cobblestone with tool= Diamond Pickaxediff=-3.00000
[1625756480] NAME=BuzzingAsh80644 DETECTION=FastBreakA MSG=Try to break Cobblestone with tool= Diamond Pickaxediff=-2.00000
[1625756492] NAME=ZxKillerxZ1753 DETECTION=FastBreakA MSG=Try to break Cobblestone with tool= Diamond Pickaxediff=-4.00000
[1625756494] NAME=BuzzingAsh80644 DETECTION=FastBreakA MSG=Try to break Cobblestone with tool= Diamond Pickaxediff=-3.00000
[1625756505] NAME=Viethung9204 DETECTION=FastBreakA MSG=Try to break Cobblestone with tool= Diamond Pickaxediff=-4.00000
[1625756525] NAME=KingOfLmao2380 DETECTION=FastBreakA MSG=Try to break Cobblestone with tool= Wooden Pickaxediff=-4.00000
[1625756539] NAME=ZxKillerxZ1753 DETECTION=FastBreakA MSG=Try to break Cobblestone with tool= Diamond Pickaxediff=-1.00000
[1625756540] NAME=Viethung9204 DETECTION=FastBreakA MSG=Try to break Cobblestone with tool= Diamond Pickaxediff=-5.00000
[1625756549] NAME=baochanelgamerr DETECTION=FastBreakA MSG=Try to break Dirt with tool= Airdiff=-6.00000
[1625756557] NAME=Viethung9204 DETECTION=FastBreakA MSG=Try to break Cobblestone with tool= Diamond Pickaxediff=-4.00000
[1625756561] NAME=ZxKillerxZ1753 DETECTION=FastBreakA MSG=Try to break Cobblestone with tool= Diamond Pickaxediff=-2.00000
[1625756563] NAME=ShaNon3336 DETECTION=FastBreakA MSG=Try to break Dirt with tool= Airdiff=-5.00000
[1625756567] NAME=Monnkhon1294 DETECTION=FastBreakA MSG=Try to break Dirt with tool= Airdiff=-7.00000
[1625756581] NAME=ZxKillerxZ1753 DETECTION=FastBreakA MSG=Try to break Cobblestone with tool= Diamond Pickaxediff=-3.00000
[1625756583] NAME=BuzzingAsh80644 DETECTION=FastBreakA MSG=Try to break Cobblestone with tool= Diamond Pickaxediff=-2.00000
[1625756591] NAME=Viethung9204 DETECTION=FastBreakA MSG=Try to break Cobblestone with tool= Diamond Pickaxediff=-5.00000
[1625756606] NAME=BuzzingAsh80644 DETECTION=FastBreakA MSG=Try to break Cobblestone with tool= Diamond Pickaxediff=-4.00000
[1625756613] NAME=baochanelgamerr DETECTION=FastBreakA MSG=Try to break Dirt with tool= Airdiff=-5.00000
[1625756617] NAME=Monnkhon1294 DETECTION=FastBreakA MSG=Try to break Dirt with tool= Airdiff=-3.00000
[1625756621] NAME=BuzzingAsh80644 DETECTION=FastBreakA MSG=Try to break Cobblestone with tool= Diamond Pickaxediff=-1.00000
[1625756637] NAME=ZxKillerxZ1753 DETECTION=FastBreakA MSG=Try to break Cobblestone with tool= Diamond Pickaxediff=-3.00000
[1625756639] NAME=BuzzingAsh80644 DETECTION=FastBreakA MSG=Try to break Cobblestone with tool= Diamond Pickaxediff=-1.00000
[1625756652] NAME=ZxKillerxZ1753 DETECTION=FastBreakA MSG=Try to break Cobblestone with tool= Diamond Pickaxediff=-4.00000
[1625756662] NAME=BuzzingAsh80644 DETECTION=FastBreakA MSG=Try to break Emerald Ore with tool= Diamond Pickaxediff=-5.00000
[1625756666] NAME=Viethung9204 DETECTION=FastBreakA MSG=Try to break Cobblestone with tool= Diamond Pickaxediff=-4.00000
[1625756678] NAME=BuzzingAsh80644 DETECTION=FastBreakA MSG=Try to break Cobblestone with tool= Diamond Pickaxediff=-2.00000
[1625756687] NAME=Monnkhon1294 DETECTION=FastBreakA MSG=Try to break Dirt with tool= Airdiff=-7.00000
[1625756699] NAME=BuzzingAsh80644 DETECTION=FastBreakA MSG=Try to break Cobblestone with tool= Diamond Pickaxediff=-1.00000
[1625756702] NAME=ZxKillerxZ1753 DETECTION=FastBreakA MSG=Try to break Cobblestone with tool= Diamond Pickaxediff=-1.00000
[1625756711] NAME=Viethung9204 DETECTION=FastBreakA MSG=Try to break Cobblestone with tool= Diamond Pickaxediff=-1.00000
[1625756713] NAME=BuzzingAsh80644 DETECTION=FastBreakA MSG=Try to break Cobblestone with tool= Diamond Pickaxediff=-3.00000
[1625756734] NAME=ZxKillerxZ1753 DETECTION=FastBreakA MSG=Try to break Cobblestone with tool= Diamond Pickaxediff=-3.00000
[1625756742] NAME=BuzzingAsh80644 DETECTION=FastBreakA MSG=Try to break Cobblestone with tool= Diamond Pickaxediff=-2.00000
[1625756742] NAME=Monnkhon1294 DETECTION=FastBreakA MSG=Try to break Dirt with tool= Airdiff=-7.00000
[1625756808] NAME=Monnkhon1294 DETECTION=FastBreakA MSG=Try to break Cobblestone with tool= Wooden Pickaxediff=-1.00000
[1625756821] NAME=BuzzingAsh80644 DETECTION=FastBreakA MSG=Try to break Cobblestone with tool= Diamond Pickaxediff=-1.00000
[1625756822] NAME=Viethung9204 DETECTION=FastBreakA MSG=Try to break Emerald Ore with tool= Diamond Pickaxediff=-1.00000
[1625756846] NAME=BuzzingAsh80644 DETECTION=FastBreakA MSG=Try to break Cobblestone with tool= Diamond Pickaxediff=-2.00000
[1625756870] NAME=BuzzingAsh80644 DETECTION=FastBreakA MSG=Try to break Cobblestone with tool= Diamond Pickaxediff=-5.00000
[1625756909] NAME=Monnkhon1294 DETECTION=FastBreakA MSG=Try to break Cobblestone with tool= Wooden Pickaxediff=-1.00000
[1625756920] NAME=Viethung9204 DETECTION=FastBreakA MSG=Try to break Cobblestone with tool= Diamond Pickaxediff=-4.00000
[1625756946] NAME=ShaNon3336 DETECTION=FastBreakA MSG=Try to break Cobblestone with tool= Diamond Pickaxediff=-2.00000
[1625756958] NAME=baochanelgamerr DETECTION=FastBreakA MSG=Try to break Dirt with tool= Wooden Shoveldiff=-2.00000
[1625756962] NAME=khoikage1 DETECTION=FastBreakA MSG=Try to break Cobblestone with tool= Diamond Pickaxediff=-2.00000
[1625756965] NAME=ShaNon3336 DETECTION=FastBreakA MSG=Try to break Cobblestone with tool= Diamond Pickaxediff=-2.00000
[1625756987] NAME=baochanelgamerr DETECTION=FastBreakA MSG=Try to break Dirt with tool= Wooden Shoveldiff=-3.00000
[1625756998] NAME=ShaNon3336 DETECTION=FastBreakA MSG=Try to break Cobblestone with tool= Diamond Pickaxediff=-5.00000
[1625757002] NAME=khoikage1 DETECTION=FastBreakA MSG=Try to break Cobblestone with tool= Diamond Pickaxediff=-1.00000
[1625757005] NAME=Viethung9204 DETECTION=FastBreakA MSG=Try to break Cobblestone with tool= Diamond Pickaxediff=-3.00000
[1625757024] NAME=baochanelgamerr DETECTION=FastBreakA MSG=Try to break Dirt with tool= Wooden Shoveldiff=-4.00000
[1625757024] NAME=ShaNon3336 DETECTION=FastBreakA MSG=Try to break Cobblestone with tool= Diamond Pickaxediff=-1.00000
[1625757026] NAME=khoikage1 DETECTION=FastBreakA MSG=Try to break Cobblestone with tool= Diamond Pickaxediff=-5.00000
[1625757054] NAME=khoikage1 DETECTION=FastBreakA MSG=Try to break Cobblestone with tool= Diamond Pickaxediff=-3.00000
[1625757056] NAME=ShaNon3336 DETECTION=FastBreakA MSG=Try to break Cobblestone with tool= Diamond Pickaxediff=-4.00000
[1625757070] NAME=Viethung9204 DETECTION=FastBreakA MSG=Try to break Cobblestone with tool= Diamond Pickaxediff=-3.00000
[1625757079] NAME=BuzzingAsh80644 DETECTION=FastBreakA MSG=Try to break Cobblestone with tool= Diamond Pickaxediff=-3.00000
[1625757087] NAME=dbgamingvn2 DETECTION=FastBreakA MSG=Try to break Cobblestone with tool= Diamond Pickaxediff=-2.00000
[1625757099] NAME=khoikage1 DETECTION=FastBreakA MSG=Try to break Cobblestone with tool= Diamond Pickaxediff=-1.00000
[1625757099] NAME=Viethung9204 DETECTION=FastBreakA MSG=Try to break Cobblestone with tool= Diamond Pickaxediff=-5.00000
[1625757100] NAME=BuzzingAsh80644 DETECTION=FastBreakA MSG=Try to break Cobblestone with tool= Diamond Pickaxediff=-4.00000
[1625757104] NAME=ShaNon3336 DETECTION=FastBreakA MSG=Try to break Cobblestone with tool= Diamond Pickaxediff=-3.00000
[1625757117] NAME=Viethung9204 DETECTION=FastBreakA MSG=Try to break Cobblestone with tool= Diamond Pickaxediff=-2.00000
[1625757121] NAME=KanTv5504 DETECTION=FastBreakA MSG=Try to break Dirt with tool= Airdiff=-3.00000
[1625757130] NAME=ZxKillerxZ1753 DETECTION=FastBreakA MSG=Try to break Cobblestone with tool= Diamond Pickaxediff=-3.00000
[1625757133] NAME=Monnkhon1294 DETECTION=FastBreakA MSG=Try to break Dirt with tool= Dirtdiff=-6.00000
[1625757140] NAME=baochanelgamerr DETECTION=FastBreakA MSG=Try to break Dirt with tool= Airdiff=-5.00000
[1625757151] NAME=khoikage1 DETECTION=FastBreakA MSG=Try to break Cobblestone with tool= Diamond Pickaxediff=-3.00000
[1625757157] NAME=Viethung9204 DETECTION=FastBreakA MSG=Try to break Cobblestone with tool= Diamond Pickaxediff=-1.00000
[1625757159] NAME=ZxKillerxZ1753 DETECTION=FastBreakA MSG=Try to break Cobblestone with tool= Diamond Pickaxediff=-1.00000
[1625757160] NAME=ShaNon3336 DETECTION=FastBreakA MSG=Try to break Emerald Ore with tool= Diamond Pickaxediff=-4.00000
[1625757186] NAME=ZxKillerxZ1753 DETECTION=FastBreakA MSG=Try to break Cobblestone with tool= Diamond Pickaxediff=-2.00000
[1625757188] NAME=baochanelgamerr DETECTION=FastBreakA MSG=Try to break Dirt with tool= Airdiff=-3.00000
[1625757193] NAME=Viethung9204 DETECTION=FastBreakA MSG=Try to break Cobblestone with tool= Diamond Pickaxediff=-1.00000
[1625757197] NAME=ShaNon3336 DETECTION=FastBreakA MSG=Try to break Cobblestone with tool= Diamond Pickaxediff=-4.00000
[1625757198] NAME=khoikage1 DETECTION=FastBreakA MSG=Try to break Cobblestone with tool= Diamond Pickaxediff=-2.00000
[1625757207] NAME=KanTv5504 DETECTION=FastBreakA MSG=Try to break Dirt with tool= Airdiff=-4.00000
[1625757214] NAME=khoikage1 DETECTION=FastBreakA MSG=Try to break Cobblestone with tool= Diamond Pickaxediff=-3.00000
[1625757215] NAME=BuzzingAsh80644 DETECTION=FastBreakA MSG=Try to break Cobblestone with tool= Diamond Pickaxediff=-2.00000
[1625757216] NAME=dbgamingvn2 DETECTION=FastBreakA MSG=Try to break Cobblestone with tool= Diamond Pickaxediff=-2.00000
[1625757226] NAME=ShaNon3336 DETECTION=FastBreakA MSG=Try to break Cobblestone with tool= Diamond Pickaxediff=-5.00000
[1625757238] NAME=SonHauVa DETECTION=FastBreakA MSG=Try to break Cobblestone with tool= Diamond Pickaxediff=-1.00000
[1625757253] NAME=khoikage1 DETECTION=FastBreakA MSG=Try to break Cobblestone with tool= Diamond Pickaxediff=-3.00000
[1625757259] NAME=baochanelgamerr DETECTION=FastBreakA MSG=Try to break Dirt with tool= Airdiff=-2.00000
[1625757280] NAME=khoikage1 DETECTION=FastBreakA MSG=Try to break Cobblestone with tool= Diamond Pickaxediff=-2.00000
[1625757315] NAME=Viethung9204 DETECTION=FastBreakA MSG=Try to break Cobblestone with tool= Diamond Pickaxediff=-3.00000
[1625757332] NAME=ZxKillerxZ1753 DETECTION=FastBreakA MSG=Try to break Cobblestone with tool= Diamond Pickaxediff=-3.00000
[1625757343] NAME=baochanelgamerr DETECTION=FastBreakA MSG=Try to break Dirt with tool= Airdiff=-6.00000
[1625757346] NAME=khoikage1 DETECTION=FastBreakA MSG=Try to break Stone Brick Stairs with tool= Diamond Pickaxediff=-2.00000
[1625757358] NAME=ZxKillerxZ1753 DETECTION=FastBreakA MSG=Try to break Cobblestone with tool= Diamond Pickaxediff=-5.00000
[1625757368] NAME=KanTv5504 DETECTION=FastBreakA MSG=Try to break Dirt with tool= Airdiff=-3.00000
[1625757382] NAME=ZxKillerxZ1753 DETECTION=FastBreakA MSG=Try to break Cobblestone with tool= Diamond Pickaxediff=-4.00000
[1625757391] NAME=BuzzingAsh80644 DETECTION=FastBreakA MSG=Try to break Cobblestone with tool= Diamond Pickaxediff=-2.00000
[1625757414] NAME=khoikage1 DETECTION=FastBreakA MSG=Try to break Cobblestone with tool= Diamond Pickaxediff=-1.00000
[1625757416] NAME=BuzzingAsh80644 DETECTION=FastBreakA MSG=Try to break Cobblestone with tool= Diamond Pickaxediff=-2.00000
[1625757417] NAME=ZxKillerxZ1753 DETECTION=FastBreakA MSG=Try to break Cobblestone with tool= Diamond Pickaxediff=-1.00000
[1625757436] NAME=Viethung9204 DETECTION=FastBreakA MSG=Try to break Cobblestone with tool= Diamond Pickaxediff=-4.00000
[1625757442] NAME=BuzzingAsh80644 DETECTION=FastBreakA MSG=Try to break Cobblestone with tool= Diamond Pickaxediff=-1.00000
[1625757443] NAME=ZxKillerxZ1753 DETECTION=FastBreakA MSG=Try to break Cobblestone with tool= Diamond Pickaxediff=-1.00000
[1625757450] NAME=ShaNon3336 DETECTION=FastBreakA MSG=Try to break Cobblestone with tool= Diamond Pickaxediff=-3.00000
[1625757453] NAME=khoikage1 DETECTION=FastBreakA MSG=Try to break Cobblestone with tool= Diamond Pickaxediff=-6.00000
[1625757458] NAME=BuzzingAsh80644 DETECTION=FastBreakA MSG=Try to break Cobblestone with tool= Diamond Pickaxediff=-1.00000
[1625757462] NAME=ZxKillerxZ1753 DETECTION=FastBreakA MSG=Try to break Cobblestone with tool= Diamond Pickaxediff=-5.00000
[1625757486] NAME=BuzzingAsh80644 DETECTION=FastBreakA MSG=Try to break Cobblestone with tool= Diamond Pickaxediff=-3.00000
[1625757488] NAME=ZxKillerxZ1753 DETECTION=FastBreakA MSG=Try to break Cobblestone with tool= Diamond Pickaxediff=-1.00000
[1625757488] NAME=khoikage1 DETECTION=FastBreakA MSG=Try to break Cobblestone with tool= Diamond Pickaxediff=-1.00000
[1625757504] NAME=BuzzingAsh80644 DETECTION=FastBreakA MSG=Try to break Cobblestone with tool= Diamond Pickaxediff=-3.00000
[1625757511] NAME=baochanelgamerr DETECTION=FastBreakA MSG=Try to break Dirt with tool= Diamond Pickaxediff=-1.00000
[1625757519] NAME=ZxKillerxZ1753 DETECTION=FastBreakA MSG=Try to break Cobblestone with tool= Diamond Pickaxediff=-3.00000
[1625757522] NAME=BuzzingAsh80644 DETECTION=FastBreakA MSG=Try to break Cobblestone with tool= Diamond Pickaxediff=-2.00000
[1625757530] NAME=minhdeptrai3576 DETECTION=FastBreakA MSG=Try to break Oak Wood Planks with tool= Dirtdiff=-6.00000
[1625757535] NAME=BuzzingAsh80644 DETECTION=FastBreakA MSG=Try to break Cobblestone with tool= Diamond Pickaxediff=-1.00000
[1625757550] NAME=khoikage1 DETECTION=FastBreakA MSG=Try to break Cobblestone with tool= Diamond Pickaxediff=-3.00000
[1625757552] NAME=BuzzingAsh80644 DETECTION=FastBreakA MSG=Try to break Cobblestone with tool= Diamond Pickaxediff=-5.00000
[1625757557] NAME=KanTv5504 DETECTION=FastBreakA MSG=Try to break Cobblestone with tool= Wooden Pickaxediff=-4.00000
[1625757567] NAME=khoikage1 DETECTION=FastBreakA MSG=Try to break Cobblestone with tool= Diamond Pickaxediff=-1.00000
[1625757571] NAME=ZxKillerxZ1753 DETECTION=FastBreakA MSG=Try to break Cobblestone with tool= Diamond Pickaxediff=-4.00000
[1625757573] NAME=BuzzingAsh80644 DETECTION=FastBreakA MSG=Try to break Cobblestone with tool= Diamond Pickaxediff=-3.00000
[1625757587] NAME=ZxKillerxZ1753 DETECTION=FastBreakA MSG=Try to break Cobblestone with tool= Diamond Pickaxediff=-5.00000
[1625757593] NAME=BuzzingAsh80644 DETECTION=FastBreakA MSG=Try to break Cobblestone with tool= Diamond Pickaxediff=-4.00000
[1625757596] NAME=khoikage1 DETECTION=FastBreakA MSG=Try to break Cobblestone with tool= Diamond Pickaxediff=-1.00000
[1625757610] NAME=ZxKillerxZ1753 DETECTION=FastBreakA MSG=Try to break Cobblestone with tool= Diamond Pickaxediff=-5.00000
[1625757612] NAME=BuzzingAsh80644 DETECTION=FastBreakA MSG=Try to break Cobblestone with tool= Diamond Pickaxediff=-4.00000
[1625757615] NAME=baochanelgamerr DETECTION=FastBreakA MSG=Try to break Dirt with tool= Diamond Pickaxediff=-4.00000
[1625757630] NAME=BuzzingAsh80644 DETECTION=FastBreakA MSG=Try to break Cobblestone with tool= Diamond Pickaxediff=-1.00000
[1625757635] NAME=khoikage1 DETECTION=FastBreakA MSG=Try to break Cobblestone with tool= Diamond Pickaxediff=-3.00000
[1625757655] NAME=BuzzingAsh80644 DETECTION=FastBreakA MSG=Try to break Cobblestone with tool= Diamond Pickaxediff=-1.00000
[1625757661] NAME=minhdeptrai3576 DETECTION=FastBreakA MSG=Try to break Oak Leaves with tool= Airdiff=-2.00000
[1625757673] NAME=BuzzingAsh80644 DETECTION=FastBreakA MSG=Try to break Cobblestone with tool= Diamond Pickaxediff=-2.00000
[1625757687] NAME=baochanelgamerr DETECTION=FastBreakA MSG=Try to break Dirt with tool= Diamond Pickaxediff=-4.00000
[1625757698] NAME=BuzzingAsh80644 DETECTION=FastBreakA MSG=Try to break Cobblestone with tool= Diamond Pickaxediff=-2.00000
[1625757700] NAME=khoikage1 DETECTION=FastBreakA MSG=Try to break Cobblestone with tool= Diamond Pickaxediff=-1.00000
[1625757722] NAME=minhdeptrai3576 DETECTION=FastBreakA MSG=Try to break Dirt with tool= Airdiff=-1.00000
[1625757722] NAME=BuzzingAsh80644 DETECTION=FastBreakA MSG=Try to break Cobblestone with tool= Diamond Pickaxediff=-4.00000
[1625757748] NAME=khoikage1 DETECTION=FastBreakA MSG=Try to break Cobblestone with tool= Diamond Pickaxediff=-1.00000
[1625757751] NAME=BuzzingAsh80644 DETECTION=FastBreakA MSG=Try to break Cobblestone with tool= Diamond Pickaxediff=-4.00000
[1625757784] NAME=baochanelgamerr DETECTION=FastBreakA MSG=Try to break Dirt with tool= Diamond Pickaxediff=-5.00000
[1625757787] NAME=BuzzingAsh80644 DETECTION=FastBreakA MSG=Try to break Cobblestone with tool= Diamond Pickaxediff=-2.00000
[1625757806] NAME=BuzzingAsh80644 DETECTION=FastBreakA MSG=Try to break Cobblestone with tool= Diamond Pickaxediff=-1.00000
[1625757813] NAME=khoikage1 DETECTION=FastBreakA MSG=Try to break Cobblestone with tool= Diamond Pickaxediff=-1.00000
[1625757823] NAME=minhdeptrai3576 DETECTION=FastBreakA MSG=Try to break White Stained Glass with tool= Airdiff=-1.00000
[1625757823] NAME=BuzzingAsh80644 DETECTION=FastBreakA MSG=Try to break Cobblestone with tool= Diamond Pickaxediff=-5.00000
[1625757845] NAME=BuzzingAsh80644 DETECTION=FastBreakA MSG=Try to break Cobblestone with tool= Diamond Pickaxediff=-1.00000
[1625757862] NAME=baochanelgamerr DETECTION=FastBreakA MSG=Try to break Dirt with tool= Diamond Pickaxediff=-2.00000
[1625757877] NAME=khoikage1 DETECTION=FastBreakA MSG=Try to break Cobblestone with tool= Diamond Pickaxediff=-2.00000
[1625757895] NAME=BuzzingAsh80644 DETECTION=FastBreakA MSG=Try to break Cobblestone with tool= Diamond Pickaxediff=-4.00000
[1625757900] NAME=minhdeptrai3576 DETECTION=FastBreakA MSG=Try to break Dirt with tool= Airdiff=-3.00000
[1625757919] NAME=baochanelgamerr DETECTION=FastBreakA MSG=Try to break Dirt with tool= Diamond Pickaxediff=-1.00000
[1625757920] NAME=khoikage1 DETECTION=FastBreakA MSG=Try to break Cobblestone with tool= Diamond Pickaxediff=-2.00000
[1625757929] NAME=BuzzingAsh80644 DETECTION=FastBreakA MSG=Try to break Cobblestone with tool= Diamond Pickaxediff=-2.00000
[1625757962] NAME=khoikage1 DETECTION=FastBreakA MSG=Try to break Stone Bricks with tool= Diamond Pickaxediff=-3.00000
[1625757969] NAME=BuzzingAsh80644 DETECTION=FastBreakA MSG=Try to break Cobblestone with tool= Diamond Pickaxediff=-3.00000
[1625757990] NAME=khoikage1 DETECTION=FastBreakA MSG=Try to break Cobblestone with tool= Diamond Pickaxediff=-1.00000
[1625757998] NAME=ShaNon3336 DETECTION=FastBreakA MSG=Try to break Cobblestone with tool= Diamond Pickaxediff=-3.00000
[1625758025] NAME=baochanelgamerr DETECTION=FastBreakA MSG=Try to break Dirt with tool= Diamond Pickaxediff=-5.00000
[1625758026] NAME=BuzzingAsh80644 DETECTION=FastBreakA MSG=Try to break Cobblestone with tool= Diamond Pickaxediff=-3.00000
[1625758046] NAME=BuzzingAsh80644 DETECTION=FastBreakA MSG=Try to break Cobblestone with tool= Diamond Pickaxediff=-4.00000
[1625758050] NAME=khoikage1 DETECTION=FastBreakA MSG=Try to break Cobblestone with tool= Diamond Pickaxediff=-5.00000
[1625758068] NAME=BuzzingAsh80644 DETECTION=FastBreakA MSG=Try to break Cobblestone with tool= Diamond Pickaxediff=-2.00000
[1625758075] NAME=khoikage1 DETECTION=FastBreakA MSG=Try to break Cobblestone with tool= Diamond Pickaxediff=-5.00000
[1625758085] NAME=BuzzingAsh80644 DETECTION=FastBreakA MSG=Try to break Cobblestone with tool= Diamond Pickaxediff=-3.00000
[1625758086] NAME=ShaNon3336 DETECTION=FastBreakA MSG=Try to break Cobblestone with tool= Diamond Pickaxediff=-3.00000
[1625758088] NAME=baochanelgamerr DETECTION=FastBreakA MSG=Try to break Dirt with tool= Diamond Pickaxediff=-3.00000
[1625758104] NAME=ditconmemay0411 DETECTION=FastBreakA MSG=Try to break Dirt with tool= Wooden Shoveldiff=-4.00000
[1625758105] NAME=BuzzingAsh80644 DETECTION=FastBreakA MSG=Try to break Cobblestone with tool= Diamond Pickaxediff=-5.00000
[1625758107] NAME=ZxKillerxZ1753 DETECTION=FastBreakA MSG=Try to break Cobblestone with tool= Diamond Pickaxediff=-2.00000
[1625758107] NAME=minhdeptrai3576 DETECTION=FastBreakA MSG=Try to break Dirt with tool= Wooden Axediff=-5.00000
[1625758121] NAME=khoikage1 DETECTION=FastBreakA MSG=Try to break Cobblestone with tool= Diamond Pickaxediff=-1.00000
[1625758130] NAME=ZxKillerxZ1753 DETECTION=FastBreakA MSG=Try to break Cobblestone with tool= Diamond Pickaxediff=-2.00000
[1625758133] NAME=BuzzingAsh80644 DETECTION=FastBreakA MSG=Try to break Cobblestone with tool= Diamond Pickaxediff=-2.00000
[1625758145] NAME=ditconmemay0411 DETECTION=FastBreakA MSG=Try to break Dirt with tool= Wooden Shoveldiff=-2.00000
[1625758146] NAME=baochanelgamerr DETECTION=FastBreakA MSG=Try to break Dirt with tool= Diamond Pickaxediff=-5.00000
[1625758149] NAME=BuzzingAsh80644 DETECTION=FastBreakA MSG=Try to break Cobblestone with tool= Diamond Pickaxediff=-2.00000
[1625758155] NAME=Monnkhon1294 DETECTION=FastBreakA MSG=Try to break Cobblestone with tool= Diamond Pickaxediff=-4.00000
[1625758159] NAME=khoikage1 DETECTION=FastBreakA MSG=Try to break Cobblestone with tool= Diamond Pickaxediff=-4.00000
[1625758166] NAME=minhdeptrai3576 DETECTION=FastBreakA MSG=Try to break Dirt with tool= Wooden Axediff=-4.00000
[1625758176] NAME=ditconmemay0411 DETECTION=FastBreakA MSG=Try to break Dirt with tool= Wooden Shoveldiff=-1.00000
[1625758180] NAME=khoikage1 DETECTION=FastBreakA MSG=Try to break Cobblestone with tool= Diamond Pickaxediff=-3.00000
[1625758189] NAME=Monnkhon1294 DETECTION=FastBreakA MSG=Try to break Cobblestone with tool= Diamond Pickaxediff=-3.00000
[1625758202] NAME=ShaNon3336 DETECTION=FastBreakA MSG=Try to break Cobblestone with tool= Diamond Pickaxediff=-3.00000
[1625758204] NAME=khoikage1 DETECTION=FastBreakA MSG=Try to break Cobblestone with tool= Diamond Pickaxediff=-1.00000
[1625758204] NAME=ditconmemay0411 DETECTION=FastBreakA MSG=Try to break Dirt with tool= Wooden Shoveldiff=-3.00000
[1625758218] NAME=baochanelgamerr DETECTION=FastBreakA MSG=Try to break Dirt with tool= Diamond Pickaxediff=-10.00000
[1625758224] NAME=BuzzingAsh80644 DETECTION=FastBreakA MSG=Try to break Cobblestone with tool= Diamond Pickaxediff=-2.00000
[1625758227] NAME=Monnkhon1294 DETECTION=FastBreakA MSG=Try to break Cobblestone with tool= Diamond Pickaxediff=-2.00000
[1625758251] NAME=ZxKillerxZ1753 DETECTION=FastBreakA MSG=Try to break Cobblestone with tool= Diamond Pickaxediff=-2.00000
[1625758251] NAME=khoikage1 DETECTION=FastBreakA MSG=Try to break Cobblestone with tool= Diamond Pickaxediff=-4.00000
[1625758253] NAME=Monnkhon1294 DETECTION=FastBreakA MSG=Try to break Cobblestone with tool= Diamond Pickaxediff=-1.00000
[1625758253] NAME=ditconmemay0411 DETECTION=FastBreakA MSG=Try to break Dirt with tool= Wooden Shoveldiff=-4.00000
[1625758254] NAME=BuzzingAsh80644 DETECTION=FastBreakA MSG=Try to break Cobblestone with tool= Diamond Pickaxediff=-4.00000
[1625758290] NAME=Monnkhon1294 DETECTION=FastBreakA MSG=Try to break Cobblestone with tool= Diamond Pickaxediff=-1.00000
[1625758302] NAME=minhdeptrai3576 DETECTION=FastBreakA MSG=Try to break Dirt with tool= Dirtdiff=-2.00000
[1625758316] NAME=baochanelgamerr DETECTION=FastBreakA MSG=Try to break Dirt with tool= Diamond Pickaxediff=-1.00000
[1625758317] NAME=BuzzingAsh80644 DETECTION=FastBreakA MSG=Try to break Cobblestone with tool= Diamond Pickaxediff=-5.00000
[1625758318] NAME=ShaNon3336 DETECTION=FastBreakA MSG=Try to break Cobblestone with tool= Diamond Pickaxediff=-2.00000
[1625758324] NAME=Monnkhon1294 DETECTION=FastBreakA MSG=Try to break Cobblestone with tool= Diamond Pickaxediff=-3.00000
[1625758350] NAME=Monnkhon1294 DETECTION=FastBreakA MSG=Try to break Cobblestone with tool= Diamond Pickaxediff=-3.00000
[1625758381] NAME=ZxKillerxZ1753 DETECTION=FastBreakA MSG=Try to break Cobblestone with tool= Diamond Pickaxediff=-4.00000
[1625758381] NAME=BuzzingAsh80644 DETECTION=FastBreakA MSG=Try to break Cobblestone with tool= Diamond Pickaxediff=-2.00000
[1625758393] NAME=Monnkhon1294 DETECTION=FastBreakA MSG=Try to break Cobblestone with tool= Diamond Pickaxediff=-3.00000
[1625758414] NAME=BuzzingAsh80644 DETECTION=FastBreakA MSG=Try to break Cobblestone with tool= Diamond Pickaxediff=-1.00000
[1625758416] NAME=baochanelgamerr DETECTION=FastBreakA MSG=Try to break Dirt with tool= Diamond Pickaxediff=-4.00000
[1625758421] NAME=Monnkhon1294 DETECTION=FastBreakA MSG=Try to break Cobblestone with tool= Diamond Pickaxediff=-1.00000
[1625758440] NAME=BuzzingAsh80644 DETECTION=FastBreakA MSG=Try to break Cobblestone with tool= Diamond Pickaxediff=-2.00000
[1625758463] NAME=ZxKillerxZ1753 DETECTION=FastBreakA MSG=Try to break Cobblestone with tool= Diamond Pickaxediff=-4.00000
[1625758472] NAME=BuzzingAsh80644 DETECTION=FastBreakA MSG=Try to break Cobblestone with tool= Diamond Pickaxediff=-4.00000
[1625758480] NAME=Monnkhon1294 DETECTION=FastBreakA MSG=Try to break Cobblestone with tool= Diamond Pickaxediff=-1.00000
[1625758480] NAME=baochanelgamerr DETECTION=FastBreakA MSG=Try to break Dirt with tool= Diamond Pickaxediff=-6.00000
[1625758515] NAME=ditconmemay0411 DETECTION=FastBreakA MSG=Try to break Cobblestone with tool= Diamond Pickaxediff=-1.00000
[1625758521] NAME=VinhA6NTT DETECTION=FastBreakA MSG=Try to break Cobblestone with tool= Diamond Pickaxediff=-6.00000
[1625758521] NAME=VinhA6NTT DETECTION=FastBreakA MSG=Try to break Cobblestone with tool= Diamond Pickaxediff=-6.00000
[1625758543] NAME=khoikage1 DETECTION=FastBreakA MSG=Try to break Cobblestone with tool= Diamond Pickaxediff=-2.00000
[1625758552] NAME=BuzzingAsh80644 DETECTION=FastBreakA MSG=Try to break Cobblestone with tool= Diamond Pickaxediff=-1.00000
[1625758571] NAME=baochanelgamerr DETECTION=FastBreakA MSG=Try to break Dirt with tool= Diamond Pickaxediff=-6.00000
[1625758580] NAME=minhdeptrai3576 DETECTION=FastBreakA MSG=Try to break Cobblestone with tool= Wooden Pickaxediff=-2.00000
[1625758580] NAME=Monnkhon1294 DETECTION=FastBreakA MSG=Try to break Cobblestone with tool= Diamond Pickaxediff=-4.00000
[1625758584] NAME=khoikage1 DETECTION=FastBreakA MSG=Try to break Cobblestone with tool= Diamond Pickaxediff=-2.00000
[1625758671] NAME=ZxKillerxZ1753 DETECTION=FastBreakA MSG=Try to break Dirt with tool= Airdiff=-2.00000
[1625758675] NAME=baochanelgamerr DETECTION=FastBreakA MSG=Try to break Dirt with tool= Diamond Pickaxediff=-7.00000
[1625758681] NAME=VinhA6NTT DETECTION=FastBreakA MSG=Try to break Cobblestone with tool= Diamond Pickaxediff=-1.00000
[1625758684] NAME=khoikage1 DETECTION=FastBreakA MSG=Try to break Cobblestone with tool= Diamond Pickaxediff=-1.00000
[1625758704] NAME=VinhA6NTT DETECTION=FastBreakA MSG=Try to break Cobblestone with tool= Diamond Pickaxediff=-5.00000
[1625758724] NAME=khoikage1 DETECTION=FastBreakA MSG=Try to break Cobblestone with tool= Diamond Pickaxediff=-3.00000
[1625758728] NAME=baochanelgamerr DETECTION=FastBreakA MSG=Try to break Dirt with tool= Diamond Pickaxediff=-4.00000
[1625758759] NAME=VinhA6NTT DETECTION=FastBreakA MSG=Try to break Cobblestone with tool= Diamond Pickaxediff=-1.00000
[1625758769] NAME=ZxKillerxZ1753 DETECTION=FastBreakA MSG=Try to break Dirt with tool= Airdiff=-2.00000
[1625758798] NAME=VinhA6NTT DETECTION=FastBreakA MSG=Try to break Cobblestone with tool= Diamond Pickaxediff=-2.00000
[1625758820] NAME=ShaNon3336 DETECTION=FastBreakA MSG=Try to break Cobblestone with tool= Diamond Pickaxediff=-1.00000
[1625758827] NAME=baochanelgamerr DETECTION=FastBreakA MSG=Try to break Dirt with tool= Diamond Pickaxediff=-7.00000
[1625758828] NAME=VinhA6NTT DETECTION=FastBreakA MSG=Try to break Cobblestone with tool= Diamond Pickaxediff=-3.00000
[1625758842] NAME=BuzzingAsh80644 DETECTION=FastBreakA MSG=Try to break Cobblestone with tool= Diamond Pickaxediff=-5.00000
[1625758847] NAME=khoikage1 DETECTION=FastBreakA MSG=Try to break Cobblestone with tool= Diamond Pickaxediff=-3.00000
[1625758868] NAME=Monnkhon1294 DETECTION=FastBreakA MSG=Try to break Cobblestone with tool= Diamond Pickaxediff=-3.00000
[1625758874] NAME=khoikage1 DETECTION=FastBreakA MSG=Try to break Stone Brick Stairs with tool= Diamond Pickaxediff=-1.00000
[1625758898] NAME=VinhA6NTT DETECTION=FastBreakA MSG=Try to break Cobblestone with tool= Diamond Pickaxediff=-1.00000
[1625758899] NAME=ZxKillerxZ1753 DETECTION=FastBreakA MSG=Try to break Dirt with tool= Airdiff=-4.00000
[1625758899] NAME=BuzzingAsh80644 DETECTION=FastBreakA MSG=Try to break Cobblestone with tool= Diamond Pickaxediff=-1.00000
[1625758901] NAME=Monnkhon1294 DETECTION=FastBreakA MSG=Try to break Cobblestone with tool= Diamond Pickaxediff=-1.00000
[1625758901] NAME=khoikage1 DETECTION=FastBreakA MSG=Try to break Cobblestone with tool= Diamond Pickaxediff=-3.00000
[1625758904] NAME=baochanelgamerr DETECTION=FastBreakA MSG=Try to break Dirt with tool= Diamond Pickaxediff=-5.00000
[1625758917] NAME=Thaiday123 DETECTION=FastBreakA MSG=Try to break Dirt with tool= Airdiff=-5.00000
[1625758917] NAME=BuzzingAsh80644 DETECTION=FastBreakA MSG=Try to break Cobblestone with tool= Diamond Pickaxediff=-1.00000
[1625758934] NAME=VinhA6NTT DETECTION=FastBreakA MSG=Try to break Cobblestone with tool= Diamond Pickaxediff=-1.00000
[1625758939] NAME=khoikage1 DETECTION=FastBreakA MSG=Try to break Cobblestone with tool= Diamond Pickaxediff=-3.00000
[1625758940] NAME=BuzzingAsh80644 DETECTION=FastBreakA MSG=Try to break Cobblestone with tool= Diamond Pickaxediff=-2.00000
[1625758955] NAME=VinhA6NTT DETECTION=FastBreakA MSG=Try to break Cobblestone with tool= Diamond Pickaxediff=-1.00000
[1625758958] NAME=khoikage1 DETECTION=FastBreakA MSG=Try to break Cobblestone with tool= Diamond Pickaxediff=-2.00000
[1625758968] NAME=Monnkhon1294 DETECTION=FastBreakA MSG=Try to break Cobblestone with tool= Diamond Pickaxediff=-3.00000
[1625758969] NAME=BuzzingAsh80644 DETECTION=FastBreakA MSG=Try to break Cobblestone with tool= Diamond Pickaxediff=-4.00000
[1625758982] NAME=khoikage1 DETECTION=FastBreakA MSG=Try to break Cobblestone with tool= Diamond Pickaxediff=-2.00000
[1625758990] NAME=BuzzingAsh80644 DETECTION=FastBreakA MSG=Try to break Cobblestone with tool= Diamond Pickaxediff=-3.00000
[1625759007] NAME=baochanelgamerr DETECTION=FastBreakA MSG=Try to break Dirt with tool= Diamond Pickaxediff=-4.00000
[1625759008] NAME=khoikage1 DETECTION=FastBreakA MSG=Try to break Cobblestone with tool= Diamond Pickaxediff=-2.00000
[1625759055] NAME=khoikage1 DETECTION=FastBreakA MSG=Try to break Cobblestone with tool= Diamond Pickaxediff=-1.00000
[1625759084] NAME=khoikage1 DETECTION=FastBreakA MSG=Try to break Cobblestone with tool= Diamond Pickaxediff=-2.00000
[1625759110] NAME=baochanelgamerr DETECTION=FastBreakA MSG=Try to break Dirt with tool= Diamond Pickaxediff=-2.00000
[1625759119] NAME=BuzzingAsh80644 DETECTION=FastBreakA MSG=Try to break Emerald Ore with tool= Diamond Pickaxediff=-2.00000
[1625759137] NAME=ditconmemay0411 DETECTION=FastBreakA MSG=Try to break Cobblestone with tool= Diamond Pickaxediff=-3.00000
[1625759149] NAME=khoikage1 DETECTION=FastBreakA MSG=Try to break Cobblestone with tool= Diamond Pickaxediff=-3.00000
[1625759162] NAME=Hreinas DETECTION=FastBreakA MSG=Try to break Dirt with tool= Wooden Shoveldiff=-2.00000
[1625759186] NAME=khoikage1 DETECTION=FastBreakA MSG=Try to break Cobblestone with tool= Diamond Pickaxediff=-1.00000
[1625759191] NAME=ditconmemay0411 DETECTION=FastBreakA MSG=Try to break Oak Leaves with tool= Diamond Pickaxediff=-3.00000
[1625759218] NAME=Thaiday123 DETECTION=FastBreakA MSG=Try to break Dirt with tool= Airdiff=-3.00000
[1625759237] NAME=khoikage1 DETECTION=FastBreakA MSG=Try to break Cobblestone with tool= Diamond Pickaxediff=-1.00000
[1625759244] NAME=baochanelgamerr DETECTION=FastBreakA MSG=Try to break Dirt with tool= Diamond Pickaxediff=-12.00000
[1625759245] NAME=Hreinas DETECTION=FastBreakA MSG=Try to break Dirt with tool= Wooden Shoveldiff=-3.00000
[1625759294] NAME=khoikage1 DETECTION=FastBreakA MSG=Try to break Cobblestone with tool= Diamond Pickaxediff=-1.00000
[1625759359] NAME=khoikage1 DETECTION=FastBreakA MSG=Try to break Cobblestone with tool= Diamond Pickaxediff=-4.00000
[1625759359] NAME=Hreinas DETECTION=FastBreakA MSG=Try to break Dirt with tool= Wooden Shoveldiff=-1.00000
[1625759410] NAME=baochanelgamerr DETECTION=FastBreakA MSG=Try to break Dirt with tool= Diamond Pickaxediff=-3.00000
[1625759455] NAME=khoikage1 DETECTION=FastBreakA MSG=Try to break Cobblestone with tool= Diamond Pickaxediff=-2.00000
[1625759463] NAME=Monnkhon1294 DETECTION=FastBreakA MSG=Try to break Cobblestone with tool= Diamond Pickaxediff=-3.00000
[1625759469] NAME=ShaNon3336 DETECTION=FastBreakA MSG=Try to break Cobblestone with tool= Diamond Pickaxediff=-3.00000
[1625759496] NAME=khoikage1 DETECTION=FastBreakA MSG=Try to break Cobblestone with tool= Diamond Pickaxediff=-3.00000
[1625759499] NAME=Monnkhon1294 DETECTION=FastBreakA MSG=Try to break Cobblestone with tool= Diamond Pickaxediff=-3.00000
[1625759504] NAME=baochanelgamerr DETECTION=FastBreakA MSG=Try to break Dirt with tool= Airdiff=-4.00000
[1625759537] NAME=khoikage1 DETECTION=FastBreakA MSG=Try to break Cobblestone with tool= Diamond Pickaxediff=-1.00000
[1625759565] NAME=Monnkhon1294 DETECTION=FastBreakA MSG=Try to break Cobblestone with tool= Diamond Pickaxediff=-2.00000
[1625759574] NAME=khoikage1 DETECTION=FastBreakA MSG=Try to break Cobblestone with tool= Diamond Pickaxediff=-5.00000
[1625759604] NAME=ShaNon3336 DETECTION=FastBreakA MSG=Try to break Cobblestone with tool= Diamond Pickaxediff=-4.00000
[1625759647] NAME=Monnkhon1294 DETECTION=FastBreakA MSG=Try to break Cobblestone with tool= Diamond Pickaxediff=-1.00000
[1625759659] NAME=baochanelgamerr DETECTION=FastBreakA MSG=Try to break Cobblestone with tool= Diamond Pickaxediff=-2.00000
[1625759686] NAME=ditconmemay0411 DETECTION=FastBreakA MSG=Try to break Cobblestone with tool= Diamond Pickaxediff=-1.00000
[1625759716] NAME=ditconmemay0411 DETECTION=FastBreakA MSG=Try to break Cobblestone with tool= Diamond Pickaxediff=-2.00000
[1625759723] NAME=baochanelgamerr DETECTION=FastBreakA MSG=Try to break Cobblestone with tool= Diamond Pickaxediff=-2.00000
[1625759732] NAME=ditconmemay0411 DETECTION=FastBreakA MSG=Try to break Cobblestone with tool= Diamond Pickaxediff=-2.00000
[1625759738] NAME=baochanelgamerr DETECTION=FastBreakA MSG=Try to break Cobblestone with tool= Diamond Pickaxediff=-5.00000
[1625759761] NAME=ditconmemay0411 DETECTION=FastBreakA MSG=Try to break Cobblestone with tool= Diamond Pickaxediff=-4.00000
[1625759765] NAME=baochanelgamerr DETECTION=FastBreakA MSG=Try to break Cobblestone with tool= Diamond Pickaxediff=-4.00000
[1625759817] NAME=baochanelgamerr DETECTION=FastBreakA MSG=Try to break Cobblestone with tool= Diamond Pickaxediff=-5.00000
[1625759854] NAME=baochanelgamerr DETECTION=FastBreakA MSG=Try to break Cobblestone with tool= Diamond Pickaxediff=-5.00000
[1625759859] NAME=Monnkhon1294 DETECTION=FastBreakA MSG=Try to break Cobblestone with tool= Diamond Pickaxediff=-2.00000
[1625759872] NAME=Hreinas DETECTION=FastBreakA MSG=Try to break Cobblestone with tool= Diamond Pickaxediff=-5.00000
[1625759899] NAME=ditconmemay0411 DETECTION=FastBreakA MSG=Try to break Cobblestone with tool= Diamond Pickaxediff=-1.00000
[1625759907] NAME=baochanelgamerr DETECTION=FastBreakA MSG=Try to break Cobblestone with tool= Diamond Pickaxediff=-2.00000
[1625759929] NAME=ditconmemay0411 DETECTION=FastBreakA MSG=Try to break Cobblestone with tool= Diamond Pickaxediff=-1.00000
[1625759958] NAME=Hreinas DETECTION=FastBreakA MSG=Try to break Cobblestone with tool= Diamond Pickaxediff=-2.00000
[1625759972] NAME=ditconmemay0411 DETECTION=FastBreakA MSG=Try to break Cobblestone with tool= Diamond Pickaxediff=-4.00000
[1625760014] NAME=ShaNon3336 DETECTION=FastBreakA MSG=Try to break Dirt with tool= Dirtdiff=-4.00000
[1625760054] NAME=ditconmemay0411 DETECTION=FastBreakA MSG=Try to break Cobblestone with tool= Diamond Pickaxediff=-3.00000
[1625760075] NAME=baochanelgamerr DETECTION=FastBreakA MSG=Try to break Cobblestone with tool= Diamond Pickaxediff=-6.00000
[1625760099] NAME=baochanelgamerr DETECTION=FastBreakA MSG=Try to break Cobblestone with tool= Diamond Pickaxediff=-4.00000
[1625760117] NAME=ShaNon3336 DETECTION=FastBreakA MSG=Try to break Dirt with tool= Airdiff=-4.00000
[1625760131] NAME=baochanelgamerr DETECTION=FastBreakA MSG=Try to break Cobblestone with tool= Diamond Pickaxediff=-4.00000
[1625760158] NAME=ShaNon3336 DETECTION=KillAuraB MSG=last=0.44909501075745
[1625760172] NAME=BuzzingAsh80644 DETECTION=FastBreakA MSG=Try to break Cobblestone with tool= Diamond Pickaxediff=-3.00000
[1625760173] NAME=baochanelgamerr DETECTION=FastBreakA MSG=Try to break Cobblestone with tool= Diamond Pickaxediff=-3.00000
[1625760205] NAME=BuzzingAsh80644 DETECTION=FastBreakA MSG=Try to break Cobblestone with tool= Diamond Pickaxediff=-2.00000
[1625760223] NAME=ditconmemay0411 DETECTION=FastBreakA MSG=Try to break Cobblestone with tool= Diamond Pickaxediff=-2.00000
[1625760230] NAME=baochanelgamerr DETECTION=FastBreakA MSG=Try to break Cobblestone with tool= Diamond Pickaxediff=-4.00000
[1625760237] NAME=BuzzingAsh80644 DETECTION=FastBreakA MSG=Try to break Cobblestone with tool= Diamond Pickaxediff=-1.00000
[1625760266] NAME=ditconmemay0411 DETECTION=FastBreakA MSG=Try to break Cobblestone with tool= Diamond Pickaxediff=-3.00000
[1625760269] NAME=BuzzingAsh80644 DETECTION=FastBreakA MSG=Try to break Cobblestone with tool= Diamond Pickaxediff=-1.00000
[1625760271] NAME=baochanelgamerr DETECTION=FastBreakA MSG=Try to break Cobblestone with tool= Diamond Pickaxediff=-1.00000
[1625760292] NAME=BuzzingAsh80644 DETECTION=FastBreakA MSG=Try to break Cobblestone with tool= Diamond Pickaxediff=-3.00000
[1625760312] NAME=baochanelgamerr DETECTION=FastBreakA MSG=Try to break Cobblestone with tool= Diamond Pickaxediff=-1.00000
[1625760315] NAME=BuzzingAsh80644 DETECTION=FastBreakA MSG=Try to break Cobblestone with tool= Diamond Pickaxediff=-4.00000
[1625760318] NAME=Monnkhon1294 DETECTION=KillAuraB MSG=last=0.39629197120667
[1625760346] NAME=BuzzingAsh80644 DETECTION=FastBreakA MSG=Try to break Cobblestone with tool= Diamond Pickaxediff=-3.00000
[1625760349] NAME=baochanelgamerr DETECTION=FastBreakA MSG=Try to break Cobblestone with tool= Diamond Pickaxediff=-2.00000
[1625760353] NAME=ZxKillerxZ1753 DETECTION=FastBreakA MSG=Try to break Cobblestone with tool= Diamond Pickaxediff=-4.00000
[1625760356] NAME=ditconmemay0411 DETECTION=FastBreakA MSG=Try to break Cobblestone with tool= Diamond Pickaxediff=-1.00000
[1625760374] NAME=BuzzingAsh80644 DETECTION=FastBreakA MSG=Try to break Cobblestone with tool= Diamond Pickaxediff=-4.00000
[1625760377] NAME=baochanelgamerr DETECTION=FastBreakA MSG=Try to break Cobblestone with tool= Diamond Pickaxediff=-2.00000
[1625760411] NAME=BuzzingAsh80644 DETECTION=FastBreakA MSG=Try to break Cobblestone with tool= Diamond Pickaxediff=-1.00000
[1625760434] NAME=BuzzingAsh80644 DETECTION=FastBreakA MSG=Try to break Cobblestone with tool= Diamond Pickaxediff=-5.00000
[1625760453] NAME=BuzzingAsh80644 DETECTION=FastBreakA MSG=Try to break Cobblestone with tool= Diamond Pickaxediff=-5.00000
[1625760453] NAME=BuzzingAsh80644 DETECTION=FastBreakA MSG=Try to break Cobblestone with tool= Diamond Pickaxediff=-5.00000
[1625760461] NAME=baochanelgamerr DETECTION=FastBreakA MSG=Try to break Cobblestone with tool= Diamond Pickaxediff=-1.00000
[1625760485] NAME=BuzzingAsh80644 DETECTION=FastBreakA MSG=Try to break Cobblestone with tool= Diamond Pickaxediff=-3.00000
[1625760507] NAME=BuzzingAsh80644 DETECTION=FastBreakA MSG=Try to break Cobblestone with tool= Diamond Pickaxediff=-2.00000
[1625760530] NAME=BuzzingAsh80644 DETECTION=FastBreakA MSG=Try to break Cobblestone with tool= Diamond Pickaxediff=-5.00000
[1625760532] NAME=baochanelgamerr DETECTION=FastBreakA MSG=Try to break Cobblestone with tool= Diamond Pickaxediff=-3.00000
[1625760555] NAME=BuzzingAsh80644 DETECTION=FastBreakA MSG=Try to break Cobblestone with tool= Diamond Pickaxediff=-4.00000
[1625760555] NAME=Xinloima DETECTION=FastBreakA MSG=Try to break Dirt with tool= Airdiff=-5.00000
[1625760571] NAME=ditconmemay0411 DETECTION=FastBreakA MSG=Try to break Cobblestone with tool= Diamond Pickaxediff=-2.00000
[1625760586] NAME=Hreinas DETECTION=FastBreakA MSG=Try to break Cobblestone with tool= Diamond Pickaxediff=-4.00000
[1625760590] NAME=BuzzingAsh80644 DETECTION=FastBreakA MSG=Try to break Cobblestone with tool= Diamond Pickaxediff=-5.00000
[1625760616] NAME=ditconmemay0411 DETECTION=FastBreakA MSG=Try to break Cobblestone with tool= Diamond Pickaxediff=-2.00000
[1625760628] NAME=Hreinas DETECTION=FastBreakA MSG=Try to break Cobblestone with tool= Diamond Pickaxediff=-2.00000
[1625760647] NAME=ditconmemay0411 DETECTION=FastBreakA MSG=Try to break Cobblestone with tool= Diamond Pickaxediff=-4.00000
[1625760647] NAME=Hreinas DETECTION=FastBreakA MSG=Try to break Cobblestone with tool= Diamond Pickaxediff=-5.00000
[1625760647] NAME=Hreinas DETECTION=FastBreakA MSG=Try to break Cobblestone with tool= Diamond Pickaxediff=-4.00000
[1625760647] NAME=ditconmemay0411 DETECTION=FastBreakA MSG=Try to break Cobblestone with tool= Diamond Pickaxediff=-5.00000
[1625760647] NAME=ditconmemay0411 DETECTION=FastBreakA MSG=Try to break Cobblestone with tool= Diamond Pickaxediff=-4.00000
[1625760647] NAME=Xinloima DETECTION=FastBreakA MSG=Try to break Dirt with tool= Airdiff=-9.00000
[1625760647] NAME=Xinloima DETECTION=FastBreakA MSG=Try to break Dirt with tool= Airdiff=-10.00000
[1625760654] NAME=BuzzingAsh80644 DETECTION=FastBreakA MSG=Try to break Cobblestone with tool= Diamond Pickaxediff=-2.00000
[1625760682] NAME=BuzzingAsh80644 DETECTION=FastBreakA MSG=Try to break Cobblestone with tool= Diamond Pickaxediff=-2.00000
[1625760708] NAME=BuzzingAsh80644 DETECTION=FastBreakA MSG=Try to break Cobblestone with tool= Diamond Pickaxediff=-1.00000
[1625760724] NAME=BuzzingAsh80644 DETECTION=FastBreakA MSG=Try to break Emerald Ore with tool= Diamond Pickaxediff=-3.00000
[1625760732] NAME=Hreinas DETECTION=FastBreakA MSG=Try to break Cobblestone with tool= Diamond Pickaxediff=-3.00000
[1625760747] NAME=BuzzingAsh80644 DETECTION=FastBreakA MSG=Try to break Cobblestone with tool= Diamond Pickaxediff=-2.00000
[1625760770] NAME=Hreinas DETECTION=FastBreakA MSG=Try to break Cobblestone with tool= Diamond Pickaxediff=-2.00000
[1625760782] NAME=BuzzingAsh80644 DETECTION=FastBreakA MSG=Try to break Cobblestone with tool= Diamond Pickaxediff=-3.00000
[1625760787] NAME=Hreinas DETECTION=FastBreakA MSG=Try to break Cobblestone with tool= Diamond Pickaxediff=-3.00000
[1625760814] NAME=Xinloima DETECTION=FastBreakA MSG=Try to break Dirt with tool= Airdiff=-4.00000
[1625760835] NAME=BuzzingAsh80644 DETECTION=FastBreakA MSG=Try to break Cobblestone with tool= Diamond Pickaxediff=-1.00000
[1625760836] NAME=Monnkhon1294 DETECTION=FastBreakA MSG=Try to break Cobblestone with tool= Diamond Pickaxediff=-1.00000
[1625760848] NAME=baochanelgamerr DETECTION=FastBreakA MSG=Try to break Cobblestone with tool= Iron Pickaxediff=-8.00000
[1625760848] NAME=baochanelgamerr DETECTION=FastBreakA MSG=Try to break Cobblestone with tool= Iron Pickaxediff=-8.00000
[1625760853] NAME=Monnkhon1294 DETECTION=FastBreakA MSG=Try to break Cobblestone with tool= Diamond Pickaxediff=-4.00000
[1625760882] NAME=baochanelgamerr DETECTION=FastBreakA MSG=Try to break Cobblestone with tool= Iron Pickaxediff=-7.00000
[1625760882] NAME=baochanelgamerr DETECTION=FastBreakA MSG=Try to break Cobblestone with tool= Iron Pickaxediff=-8.00000
[1625760882] NAME=baochanelgamerr DETECTION=FastBreakA MSG=Try to break Cobblestone with tool= Iron Pickaxediff=-7.00000
[1625760882] NAME=Monnkhon1294 DETECTION=FastBreakA MSG=Try to break Cobblestone with tool= Diamond Pickaxediff=-5.00000
[1625760882] NAME=baochanelgamerr DETECTION=FastBreakA MSG=Try to break Cobblestone with tool= Iron Pickaxediff=-7.00000
[1625760926] NAME=Monnkhon1294 DETECTION=FastBreakA MSG=Try to break Cobblestone with tool= Diamond Pickaxediff=-3.00000
[1625760937] NAME=Xinloima DETECTION=FastBreakA MSG=Try to break Dirt with tool= Airdiff=-2.00000
[1625760945] NAME=baochanelgamerr DETECTION=NukerA MSG=COUNT=4
[1625760945] NAME=baochanelgamerr DETECTION=NukerA MSG=COUNT=5
[1625760945] NAME=baochanelgamerr DETECTION=FastBreakA MSG=Try to break Cobblestone with tool= Iron Pickaxediff=-7.00000
[1625760956] NAME=ShaNon3336 DETECTION=FastBreakA MSG=Try to break Cobblestone with tool= Diamond Pickaxediff=-1.00000
[1625761004] NAME=Hreinas DETECTION=FastBreakA MSG=Try to break Cobblestone with tool= Diamond Pickaxediff=-5.00000
[1625761004] NAME=ShaNon3336 DETECTION=FastBreakA MSG=Try to break Cobblestone with tool= Diamond Pickaxediff=-5.00000
[1625761012] NAME=Monnkhon1294 DETECTION=FastBreakA MSG=Try to break Cobblestone with tool= Diamond Pickaxediff=-3.00000
[1625761029] NAME=Xinloima DETECTION=FastBreakA MSG=Try to break Dirt with tool= Airdiff=-12.00000
[1625761029] NAME=Monnkhon1294 DETECTION=NukerA MSG=COUNT=3
[1625761029] NAME=Monnkhon1294 DETECTION=NukerA MSG=COUNT=5
[1625761029] NAME=Xinloima DETECTION=FastBreakA MSG=Try to break Dirt with tool= Airdiff=-11.00000
[1625761029] NAME=Monnkhon1294 DETECTION=NukerA MSG=COUNT=4
[1625761029] NAME=Monnkhon1294 DETECTION=NukerA MSG=COUNT=6
[1625761029] NAME=Xinloima DETECTION=FastBreakA MSG=Try to break Dirt with tool= Airdiff=-13.00000
[1625761146] NAME=Hreinas DETECTION=FastBreakA MSG=Try to break Cobblestone with tool= Diamond Pickaxediff=-2.00000
[1625761291] NAME=Hreinas DETECTION=FastBreakA MSG=Try to break Cobblestone with tool= Diamond Pickaxediff=-1.00000
[1625761341] NAME=Xinloima DETECTION=FastBreakA MSG=Try to break Dirt with tool= Airdiff=-3.00000
[1625761355] NAME=BuzzingAsh80644 DETECTION=FastBreakA MSG=Try to break Cobblestone with tool= Diamond Pickaxediff=-2.00000
[1625761418] NAME=Hreinas DETECTION=FastBreakA MSG=Try to break Cobblestone with tool= Diamond Pickaxediff=-1.00000
[1625761460] NAME=BuzzingAsh80644 DETECTION=FastBreakA MSG=Try to break Cobblestone with tool= Diamond Pickaxediff=-2.00000
[1625761542] NAME=Hreinas DETECTION=FastBreakA MSG=Try to break Cobblestone with tool= Diamond Pickaxediff=-1.00000
[1625761549] NAME=BuzzingAsh80644 DETECTION=FastBreakA MSG=Try to break Cobblestone with tool= Diamond Pickaxediff=-3.00000
[1625761580] NAME=ZxKillerxZ1753 DETECTION=FastBreakA MSG=Try to break Cobblestone with tool= Diamond Pickaxediff=-1.00000
[1625761592] NAME=ShaNon3336 DETECTION=FastBreakA MSG=Try to break Cobblestone with tool= Diamond Pickaxediff=-1.00000
[1625761599] NAME=BuzzingAsh80644 DETECTION=FastBreakA MSG=Try to break Cobblestone with tool= Diamond Pickaxediff=-3.00000
[1625761686] NAME=Monnkhon1294 DETECTION=FastBreakA MSG=Try to break Cobblestone with tool= Diamond Pickaxediff=-1.00000
[1625761697] NAME=ShaNon3336 DETECTION=FastBreakA MSG=Try to break Cobblestone with tool= Diamond Pickaxediff=-2.00000
[1625761756] NAME=Monnkhon1294 DETECTION=FastBreakA MSG=Try to break Cobblestone with tool= Diamond Pickaxediff=-1.00000
[1625761775] NAME=ShaNon3336 DETECTION=KillAuraB MSG=last=0.42505192756653
[1625761794] NAME=ZxKillerxZ1753 DETECTION=FastBreakA MSG=Try to break Cobblestone with tool= Diamond Pickaxediff=-2.00000
[1625761828] NAME=ZxKillerxZ1753 DETECTION=FastBreakA MSG=Try to break Cobblestone with tool= Diamond Pickaxediff=-3.00000
[1625761893] NAME=Monnkhon1294 DETECTION=FastBreakA MSG=Try to break Cobblestone with tool= Diamond Pickaxediff=-2.00000
[1625761905] NAME=ZxKillerxZ1753 DETECTION=FastBreakA MSG=Try to break Cobblestone with tool= Diamond Pickaxediff=-4.00000
[1625761962] NAME=Monnkhon1294 DETECTION=FastBreakA MSG=Try to break Cobblestone with tool= Diamond Pickaxediff=-1.00000
[1625761999] NAME=ZxKillerxZ1753 DETECTION=FastBreakA MSG=Try to break Cobblestone with tool= Diamond Pickaxediff=-3.00000
[1625761999] NAME=Monnkhon1294 DETECTION=FastBreakA MSG=Try to break Cobblestone with tool= Diamond Pickaxediff=-2.00000
[1625762074] NAME=Monnkhon1294 DETECTION=FastBreakA MSG=Try to break Cobblestone with tool= Diamond Pickaxediff=-1.00000
[1625762212] NAME=Monnkhon1294 DETECTION=FastBreakA MSG=Try to break Cobblestone with tool= Diamond Pickaxediff=-1.00000
[1625762221] NAME=Tumina123 DETECTION=FastBreakA MSG=Try to break Dirt with tool= Airdiff=-2.00000
[1625762232] NAME=ZxKillerxZ1753 DETECTION=FastBreakA MSG=Try to break Cobblestone with tool= Diamond Pickaxediff=-4.00000
[1625762273] NAME=Monnkhon1294 DETECTION=FastBreakA MSG=Try to break Cobblestone with tool= Diamond Pickaxediff=-5.00000
[1625762278] NAME=ShaNon3336 DETECTION=FastBreakA MSG=Try to break Cobblestone with tool= Diamond Pickaxediff=-4.00000
[1625762306] NAME=Monnkhon1294 DETECTION=FastBreakA MSG=Try to break Cobblestone with tool= Diamond Pickaxediff=-2.00000
[1625762309] NAME=Hreinas DETECTION=FastBreakA MSG=Try to break Andesite with tool= Diamond Pickaxediff=-4.00000
[1625762312] NAME=Tumina123 DETECTION=FastBreakA MSG=Try to break Dirt with tool= Airdiff=-4.00000
[1625762336] NAME=ShaNon3336 DETECTION=FastBreakA MSG=Try to break Cobblestone with tool= Diamond Pickaxediff=-3.00000
[1625762393] NAME=ZxKillerxZ1753 DETECTION=FastBreakA MSG=Try to break Cobblestone with tool= Iron Pickaxediff=-5.00000
[1625762470] NAME=Monnkhon1294 DETECTION=FastBreakA MSG=Try to break Cobblestone with tool= Iron Pickaxediff=-3.00000
[1625762476] NAME=ZxKillerxZ1753 DETECTION=FastBreakA MSG=Try to break Cobblestone with tool= Iron Pickaxediff=-2.00000
[1625762502] NAME=baochanelgamerr DETECTION=FastBreakA MSG=Try to break Cobblestone with tool= Iron Pickaxediff=-2.00000
[1625762514] NAME=Monnkhon1294 DETECTION=FastBreakA MSG=Try to break Cobblestone with tool= Iron Pickaxediff=-1.00000
[1625762527] NAME=ShaNon3336 DETECTION=FastBreakA MSG=Try to break Cobblestone with tool= Diamond Pickaxediff=-4.00000
[1625762534] NAME=Tumina123 DETECTION=FastBreakA MSG=Try to break Cobblestone with tool= Wooden Pickaxediff=-6.00000
[1625762544] NAME=ZxKillerxZ1753 DETECTION=FastBreakA MSG=Try to break Cobblestone with tool= Iron Pickaxediff=-3.00000
[1625762565] NAME=ShaNon3336 DETECTION=FastBreakA MSG=Try to break Cobblestone with tool= Diamond Pickaxediff=-3.00000
[1625762570] NAME=baochanelgamerr DETECTION=FastBreakA MSG=Try to break Cobblestone with tool= Iron Pickaxediff=-1.00000
[1625762592] NAME=ZxKillerxZ1753 DETECTION=FastBreakA MSG=Try to break Cobblestone with tool= Iron Pickaxediff=-1.00000
[1625762601] NAME=Monnkhon1294 DETECTION=FastBreakA MSG=Try to break Cobblestone with tool= Iron Pickaxediff=-2.00000
[1625762620] NAME=ShaNon3336 DETECTION=FastBreakA MSG=Try to break Cobblestone with tool= Diamond Pickaxediff=-5.00000
[1625762622] NAME=ZxKillerxZ1753 DETECTION=FastBreakA MSG=Try to break Cobblestone with tool= Iron Pickaxediff=-2.00000
[1625762625] NAME=Monnkhon1294 DETECTION=FastBreakA MSG=Try to break Cobblestone with tool= Iron Pickaxediff=-5.00000
[1625762638] NAME=baochanelgamerr DETECTION=FastBreakA MSG=Try to break Cobblestone with tool= Iron Pickaxediff=-1.00000
[1625762658] NAME=ZxKillerxZ1753 DETECTION=FastBreakA MSG=Try to break Cobblestone with tool= Iron Pickaxediff=-1.00000
[1625762672] NAME=Tumina123 DETECTION=FastBreakA MSG=Try to break Cobblestone with tool= Wooden Pickaxediff=-2.00000
[1625762673] NAME=Monnkhon1294 DETECTION=FastBreakA MSG=Try to break Cobblestone with tool= Iron Pickaxediff=-3.00000
[1625762685] NAME=ANHTHODIEN DETECTION=FastBreakA MSG=Try to break White Stained Glass with tool= Airdiff=-7.00000
[1625762691] NAME=baochanelgamerr DETECTION=FastBreakA MSG=Try to break Cobblestone with tool= Diamond Pickaxediff=-4.00000
[1625762698] NAME=ZxKillerxZ1753 DETECTION=FastBreakA MSG=Try to break Cobblestone with tool= Iron Pickaxediff=-2.00000
[1625762699] NAME=Monnkhon1294 DETECTION=FastBreakA MSG=Try to break Cobblestone with tool= Iron Pickaxediff=-3.00000
[1625762721] NAME=baochanelgamerr DETECTION=FastBreakA MSG=Try to break Cobblestone with tool= Diamond Pickaxediff=-2.00000
[1625762750] NAME=Monnkhon1294 DETECTION=FastBreakA MSG=Try to break Cobblestone with tool= Iron Pickaxediff=-4.00000
[1625762751] NAME=baochanelgamerr DETECTION=FastBreakA MSG=Try to break Cobblestone with tool= Diamond Pickaxediff=-1.00000
[1625762779] NAME=baochanelgamerr DETECTION=FastBreakA MSG=Try to break Cobblestone with tool= Diamond Pickaxediff=-4.00000
[1625762779] NAME=Monnkhon1294 DETECTION=FastBreakA MSG=Try to break Cobblestone with tool= Iron Pickaxediff=-2.00000
[1625762790] NAME=ANHTHODIEN DETECTION=FlyE MSG=diff=9.9999999989109E-5
[1625762794] NAME=ShaNon3336 DETECTION=FastBreakA MSG=Try to break Cobblestone with tool= Stone Pickaxediff=-4.00000
[1625762826] NAME=baochanelgamerr DETECTION=FastBreakA MSG=Try to break Cobblestone with tool= Diamond Pickaxediff=-3.00000
[1625762836] NAME=Monnkhon1294 DETECTION=FastBreakA MSG=Try to break Cobblestone with tool= Iron Pickaxediff=-4.00000
[1625762860] NAME=baochanelgamerr DETECTION=FastBreakA MSG=Try to break Cobblestone with tool= Diamond Pickaxediff=-1.00000
[1625762901] NAME=Monnkhon1294 DETECTION=FastBreakA MSG=Try to break Cobblestone with tool= Iron Pickaxediff=-3.00000
[1625762917] NAME=baochanelgamerr DETECTION=FastBreakA MSG=Try to break Cobblestone with tool= Diamond Pickaxediff=-2.00000
[1625762939] NAME=Tumina123 DETECTION=FastBreakA MSG=Try to break Dirt with tool= Airdiff=-3.00000
[1625762944] NAME=baochanelgamerr DETECTION=FastBreakA MSG=Try to break Cobblestone with tool= Diamond Pickaxediff=-6.00000
[1625762991] NAME=baochanelgamerr DETECTION=FastBreakA MSG=Try to break Cobblestone with tool= Diamond Pickaxediff=-2.00000
[1625763036] NAME=ZxKillerxZ1753 DETECTION=FastBreakA MSG=Try to break Dirt with tool= Airdiff=-4.00000
[1625763083] NAME=baochanelgamerr DETECTION=FastBreakA MSG=Try to break Cobblestone with tool= Diamond Pickaxediff=-3.00000
[1625763109] NAME=Tumina123 DETECTION=FastBreakA MSG=Try to break Dirt with tool= Airdiff=-3.00000
[1625763125] NAME=DinhBap DETECTION=NukerA MSG=COUNT=3
[1625763144] NAME=baochanelgamerr DETECTION=FastBreakA MSG=Try to break Cobblestone with tool= Diamond Pickaxediff=-6.00000
[1625763145] NAME=ZxKillerxZ1753 DETECTION=FastBreakA MSG=Try to break Dirt with tool= Airdiff=-3.00000
[1625763189] NAME=baochanelgamerr DETECTION=FastBreakA MSG=Try to break Cobblestone with tool= Diamond Pickaxediff=-3.00000
[1625763234] NAME=Hreinas DETECTION=FastBreakA MSG=Try to break Cobblestone with tool= Diamond Pickaxediff=-3.00000
[1625763243] NAME=baochanelgamerr DETECTION=FastBreakA MSG=Try to break Cobblestone with tool= Diamond Pickaxediff=-1.00000
[1625763248] NAME=Monnkhon1294 DETECTION=FastBreakA MSG=Try to break Cobblestone with tool= Stone Pickaxediff=-2.00000
[1625763253] NAME=ShaNon3336 DETECTION=FastBreakA MSG=Try to break Cobblestone with tool= Stone Pickaxediff=-1.00000
[1625763253] NAME=Tumina123 DETECTION=FastBreakA MSG=Try to break Dirt with tool= Airdiff=-4.00000
[1625763289] NAME=baochanelgamerr DETECTION=FastBreakA MSG=Try to break Emerald Ore with tool= Diamond Pickaxediff=-1.00000
[1625763292] NAME=ZxKillerxZ1753 DETECTION=FastBreakA MSG=Try to break Dirt with tool= Dirtdiff=-1.00000
[1625763324] NAME=Hreinas DETECTION=FastBreakA MSG=Try to break Cobblestone with tool= Diamond Pickaxediff=-3.00000
[1625763365] NAME=baochanelgamerr DETECTION=FastBreakA MSG=Try to break Cobblestone with tool= Diamond Pickaxediff=-5.00000
[1625763431] NAME=baochanelgamerr DETECTION=FastBreakA MSG=Try to break Cobblestone with tool= Diamond Pickaxediff=-3.00000
[1625763440] NAME=Hreinas DETECTION=FastBreakA MSG=Try to break Cobblestone with tool= Diamond Pickaxediff=-2.00000
[1625763457] NAME=Monnkhon1294 DETECTION=FastBreakA MSG=Try to break Cobblestone with tool= Stone Pickaxediff=-3.00000
[1625763527] NAME=baochanelgamerr DETECTION=FastBreakA MSG=Try to break Cobblestone with tool= Diamond Pickaxediff=-3.00000
[1625763531] NAME=Hreinas DETECTION=FastBreakA MSG=Try to break Cobblestone with tool= Diamond Pickaxediff=-2.00000
[1625763542] NAME=ZxKillerxZ1753 DETECTION=FastBreakA MSG=Try to break Dirt with tool= Dirtdiff=-1.00000
[1625763578] NAME=ditconmemay0411 DETECTION=FastBreakA MSG=Try to break Cobblestone with tool= Diamond Pickaxediff=-1.00000
[1625763588] NAME=baochanelgamerr DETECTION=FastBreakA MSG=Try to break Cobblestone with tool= Diamond Pickaxediff=-2.00000
[1625763609] NAME=ShaNon3336 DETECTION=FastBreakA MSG=Try to break Dirt with tool= Dirtdiff=-2.00000
[1625763621] NAME=Tumina123 DETECTION=FastBreakA MSG=Try to break Dirt with tool= Airdiff=-1.00000
[1625763658] NAME=ditconmemay0411 DETECTION=FastBreakA MSG=Try to break Cobblestone with tool= Diamond Pickaxediff=-2.00000
[1625763687] NAME=baochanelgamerr DETECTION=FastBreakA MSG=Try to break Cobblestone with tool= Diamond Pickaxediff=-2.00000
[1625763689] NAME=Tumina123 DETECTION=FastBreakA MSG=Try to break Dirt with tool= Airdiff=-1.00000
[1625763704] NAME=Hreinas DETECTION=FastBreakA MSG=Try to break Cobblestone with tool= Diamond Pickaxediff=-1.00000
[1625763711] NAME=ZxKillerxZ1753 DETECTION=FastBreakA MSG=Try to break Dirt with tool= Dirtdiff=-4.00000
[1625763732] NAME=ditconmemay0411 DETECTION=FastBreakA MSG=Try to break Cobblestone with tool= Diamond Pickaxediff=-4.00000
[1625763749] NAME=ShaNon3336 DETECTION=FastBreakA MSG=Try to break Dirt with tool= Dirtdiff=-2.00000
[1625763758] NAME=Tumina123 DETECTION=FastBreakA MSG=Try to break Dirt with tool= Oak Wood Planksdiff=-2.00000
[1625763778] NAME=ZxKillerxZ1753 DETECTION=FastBreakA MSG=Try to break Dirt with tool= Dirtdiff=-2.00000
[1625763807] NAME=baochanelgamerr DETECTION=FastBreakA MSG=Try to break Cobblestone with tool= Diamond Pickaxediff=-1.00000
[1625763824] NAME=ditconmemay0411 DETECTION=FastBreakA MSG=Try to break Cobblestone with tool= Diamond Pickaxediff=-2.00000
[1625763869] NAME=baochanelgamerr DETECTION=FastBreakA MSG=Try to break Cobblestone with tool= Diamond Pickaxediff=-1.00000
[1625763876] NAME=ZxKillerxZ1753 DETECTION=FastBreakA MSG=Try to break Dirt with tool= Dirtdiff=-2.00000
[1625763915] NAME=ditconmemay0411 DETECTION=FastBreakA MSG=Try to break Cobblestone with tool= Diamond Pickaxediff=-1.00000
[1625763946] NAME=ZxKillerxZ1753 DETECTION=FastBreakA MSG=Try to break Dirt with tool= Dirtdiff=-2.00000
[1625764083] NAME=ditconmemay0411 DETECTION=FastBreakA MSG=Try to break Cobblestone with tool= Diamond Pickaxediff=-1.00000
[1625764087] NAME=Hreinas DETECTION=FastBreakA MSG=Try to break Cobblestone with tool= Diamond Pickaxediff=-1.00000
[1625764113] NAME=ZxKillerxZ1753 DETECTION=FastBreakA MSG=Try to break Dirt with tool= Dirtdiff=-3.00000
[1625764198] NAME=Viethung9204 DETECTION=FastBreakA MSG=Try to break Cobblestone with tool= Diamond Pickaxediff=-6.00000
[1625764233] NAME=ShaNon3336 DETECTION=FastBreakA MSG=Try to break Cobblestone with tool= Diamond Pickaxediff=-1.00000
[1625764252] NAME=baochanelgamerr DETECTION=FastBreakA MSG=Try to break Cobblestone with tool= Diamond Pickaxediff=-3.00000
[1625764258] NAME=Tumina123 DETECTION=FastBreakA MSG=Try to break Dirt with tool= Airdiff=-3.00000
[1625764266] NAME=Viethung9204 DETECTION=FastBreakA MSG=Try to break Cobblestone with tool= Diamond Pickaxediff=-1.00000
[1625764320] NAME=Hreinas DETECTION=FastBreakA MSG=Try to break Cobblestone with tool= Diamond Pickaxediff=-2.00000
[1625764338] NAME=ZxKillerxZ1753 DETECTION=FastBreakA MSG=Try to break Dirt with tool= Dirtdiff=-2.00000
[1625764342] NAME=baochanelgamerr DETECTION=FastBreakA MSG=Try to break Cobblestone with tool= Diamond Pickaxediff=-1.00000
[1625764350] NAME=Viethung9204 DETECTION=FastBreakA MSG=Try to break Cobblestone with tool= Diamond Pickaxediff=-2.00000
[1625764366] NAME=Tumina123 DETECTION=NukerA MSG=COUNT=4
[1625764366] NAME=Tumina123 DETECTION=NukerA MSG=COUNT=5
[1625764366] NAME=Tumina123 DETECTION=NukerA MSG=COUNT=6
[1625764472] NAME=Hreinas DETECTION=FastBreakA MSG=Try to break Cobblestone with tool= Diamond Pickaxediff=-1.00000
[1625764519] NAME=Viethung9204 DETECTION=FastBreakA MSG=Try to break Cobblestone with tool= Diamond Pickaxediff=-5.00000
[1625764561] NAME=Hreinas DETECTION=FastBreakA MSG=Try to break Cobblestone with tool= Diamond Pickaxediff=-1.00000
[1625764703] NAME=Oniichan244 DETECTION=FastBreakA MSG=Try to break Dirt with tool= Dirtdiff=-1.00000
[1625764722] NAME=Viethung9204 DETECTION=FastBreakA MSG=Try to break Emerald Ore with tool= Diamond Pickaxediff=-2.00000
[1625764789] NAME=Monnkhon1294 DETECTION=FastBreakA MSG=Try to break Cobblestone with tool= Diamond Pickaxediff=-2.00000
[1625764917] NAME=baochanelgamerr DETECTION=FastBreakA MSG=Try to break Cobblestone with tool= Diamond Pickaxediff=-4.00000
[1625765018] NAME=Viethung9204 DETECTION=FastBreakA MSG=Try to break Cobblestone with tool= Diamond Pickaxediff=-1.00000
[1625765030] NAME=Hreinas DETECTION=FastBreakA MSG=Try to break Cobblestone with tool= Diamond Pickaxediff=-1.00000
[1625765253] NAME=Viethung9204 DETECTION=FastBreakA MSG=Try to break Cobblestone with tool= Diamond Pickaxediff=-1.00000
[1625765286] NAME=baochanelgamerr DETECTION=FastBreakA MSG=Try to break Cobblestone with tool= Diamond Pickaxediff=-3.00000
[1625765532] NAME=Monnkhon1294 DETECTION=FastBreakA MSG=Try to break Cobblestone with tool= Diamond Pickaxediff=-1.00000
[1625765568] NAME=ditconmemay0411 DETECTION=FastBreakA MSG=Try to break Cobblestone with tool= Diamond Pickaxediff=-1.00000
[1625765692] NAME=baochanelgamerr DETECTION=FastBreakA MSG=Try to break Cobblestone with tool= Diamond Pickaxediff=-3.00000
[1625765770] NAME=ditconmemay0411 DETECTION=FastBreakA MSG=Try to break Rail with tool= Diamond Pickaxediff=-16.00000
[1625765890] NAME=Hreinas DETECTION=FastBreakA MSG=Try to break Emerald Ore with tool= Diamond Pickaxediff=-1.00000
[1625766195] NAME=baochanelgamerr DETECTION=FastBreakA MSG=Try to break Cobblestone with tool= Diamond Pickaxediff=-3.00000
[1625766219] NAME=Monnkhon1294 DETECTION=FastBreakA MSG=Try to break Cobblestone with tool= Diamond Pickaxediff=-1.00000
[1625766275] NAME=ShaNon3336 DETECTION=FastBreakA MSG=Try to break Cobblestone with tool= Diamond Pickaxediff=-1.00000
[1625766323] NAME=Viethung9204 DETECTION=FastBreakA MSG=Try to break Cobblestone with tool= Diamond Pickaxediff=-3.00000
[1625766497] NAME=baochanelgamerr DETECTION=FastBreakA MSG=Try to break Cobblestone with tool= Diamond Pickaxediff=-1.00000
[1625766671] NAME=Viethung9204 DETECTION=FastBreakA MSG=Try to break Cobblestone with tool= Diamond Pickaxediff=-1.00000
[1625766769] NAME=baochanelgamerr DETECTION=FastBreakA MSG=Try to break Cobblestone with tool= Diamond Pickaxediff=-4.00000
[1625767100] NAME=baochanelgamerr DETECTION=FastBreakA MSG=Try to break Cobblestone with tool= Diamond Pickaxediff=-1.00000
[1625767230] NAME=baochanelgamerr DETECTION=FastBreakA MSG=Try to break Cobblestone with tool= Diamond Pickaxediff=-3.00000
[1625767232] NAME=Monnkhon1294 DETECTION=FastBreakA MSG=Try to break Cobblestone with tool= Diamond Pickaxediff=-1.00000
[1625767433] NAME=baochanelgamerr DETECTION=FastBreakA MSG=Try to break Cobblestone with tool= Diamond Pickaxediff=-1.00000
[1625767865] NAME=baochanelgamerr DETECTION=FastBreakA MSG=Try to break Cobblestone with tool= Diamond Pickaxediff=-6.00000
[1625768159] NAME=baochanelgamerr DETECTION=FastBreakA MSG=Try to break Cobblestone with tool= Diamond Pickaxediff=-1.00000
[1625768502] NAME=baochanelgamerr DETECTION=FastBreakA MSG=Try to break Cobblestone with tool= Diamond Pickaxediff=-1.00000
[1625768637] NAME=baochanelgamerr DETECTION=FastBreakA MSG=Try to break Cobblestone with tool= Diamond Pickaxediff=-1.00000
[1625768828] NAME=baochanelgamerr DETECTION=FastBreakA MSG=Try to break Cobblestone with tool= Diamond Pickaxediff=-4.00000
[1625769110] NAME=baochanelgamerr DETECTION=FastBreakA MSG=Try to break Cobblestone with tool= Diamond Pickaxediff=-6.00000
[1625769264] NAME=baochanelgamerr DETECTION=FastBreakA MSG=Try to break Cobblestone with tool= Diamond Pickaxediff=-1.00000
[1625769526] NAME=baochanelgamerr DETECTION=FastBreakA MSG=Try to break Cobblestone with tool= Diamond Pickaxediff=-3.00000
[1625769600] NAME=baochanelgamerr DETECTION=FastBreakA MSG=Try to break Cobblestone with tool= Diamond Pickaxediff=-1.00000
[1625769879] NAME=baochanelgamerr DETECTION=FastBreakA MSG=Try to break Cobblestone with tool= Diamond Pickaxediff=-1.00000
[1625775317] NAME=kotorireal DETECTION=FastBreakA MSG=Try to break Dirt with tool= Airdiff=-9.00000
[1625790809] NAME=ShaNon3336 DETECTION=FastBreakA MSG=Try to break Cobblestone with tool= Diamond Pickaxediff=-1.00000
